do run
loading script "felix_analysis400_120_no_save_center.py"
loading script "felix_pump_ms.py"
loading script "felix_furnace.py"
loading script "felix_pump_extraction_line.py"
testing...
no interpolation path defined
executed snippet estimated_duration=559.2304, duration=0.000280141830444
script duration name:analysis400_120_no_save_center seconds:559.0
loading script "felix_analysis400_120_no_save_center.py"
loading script "felix_pump_ms.py"
loading script "felix_furnace.py"
loading script "felix_pump_extraction_line.py"
testing...
no interpolation path defined
executed snippet estimated_duration=0, duration=2.50339508057e-05
loading script "felix_analysis400_120_no_save_center.py"
loading script "felix_pump_ms.py"
loading script "felix_furnace.py"
loading script "felix_pump_extraction_line.py"
testing...
no interpolation path defined
executed snippet estimated_duration=184.0, duration=0.000359058380127
script duration name:furnace seconds:184.0
loading script "felix_analysis400_120_no_save_center.py"
loading script "felix_pump_ms.py"
loading script "felix_furnace.py"
loading script "felix_pump_extraction_line.py"
testing...
no interpolation path defined
calculate duration
testing...
no interpolation path defined
executed snippet estimated_duration=4.0, duration=0.000204086303711
executed snippet estimated_duration=4.0, duration=0.001384973526
Script duration 743.0
Run total estimated duration= 744.000
run duration: 0:12:24
doing event level: 2
14:50:15 -- Setting default integration. t=1.048576
setting integration time = 1.048576
SetIntegrationTime 1.048576 ===>> OK
----------------- start -----------------
**************** Experiment Type: Ar/Ar, Ar/Ar
create new session 4748572336
close session 4748572336
$$$$$ Clearing conditionals
adding conditionals 
Add queue conditionals
add default conditionals
adding default conditionals from /Users/obama/PychronDev/setupfiles/spectrometer/default_conditionals.yaml
Start automated run 65786-02AJ
loading script "felix_analysis400_120_no_save_center.py"
loading script "felix_pump_ms.py"
loading script "felix_furnace.py"
loading script "felix_pump_extraction_line.py"
%%%%%%%%%%%%%%%%%% setting automated run 65786-02AJ
No value "sensitivity_multiplier" in metadata
$$$$$$$$$$$$$$$ auto_save_detector_ic=False
============================= Pre Extraction Check =============================
loading queue conditionals pre_run_terminations
queue conditionals path /Users/obama/PychronDev/queue_conditionals/normal.yaml
loading conditionals from /Users/obama/PychronDev/queue_conditionals/normal.yaml
loading system conditionals pre_run_terminations
loading conditionals from /Users/obama/PychronDev/setupfiles/spectrometer/default_conditionals.yaml
14:50:15 -- ******* Pre Extraction Check *******
Get a measurement from the spectrometer
Pre Extraction Termination data. keys=L2(CDD),H2,H1,AX,L1,L2, signals=0.00513,-0.05902,0.14035,0.11002,-0.60124,0.00114
14:50:15 -- testing system defined conditionals
Checking default pre extraction terminations n=2
testing L2_CDD_
evaluate ot="L2(CDD).inactive" t="L2_CDD_", ctx="{'L2_CDD_': False}"
GetDeflection L2 (CDD) ===>> 0
testing L2_CDD_==3250
evaluate ot="L2(CDD).deflection==3250" t="L2_CDD_==3250", ctx="{'L2_CDD_': 0.0}"
14:50:15 -- ******* Pre Extraction Check Passed *******
=================================================================================
14:50:15 -- stopping status monitor
stop 4720710960
Status monitor stopped
Status monitor finished
14:50:20 -- starting status monitor
start 4720710960
StatusMonitor period=3. Frequencies(state=1, checksum=3, lock=5, owner=5)
start extraction
do extraction
Analysis started at 14:50:24.584723
Extraction Started felix_furnace.py
14:50:24 -- ******* Extraction Started felix_furnace.py *******
state changed from not run to extraction
DO EXTRACTION <pychron.extraction_line.pyscript_runner.RemotePyScriptRunner object at 0x11fa2c3b0>
testing...
no interpolation path defined
executed snippet estimated_duration=606.0, duration=0.000584125518799
start_response_recorder () {}
start response recorder
Felix unknown furnace analysis
close ('F',) {}
close name=F desc=---
checking ownership. requestor=129.138.12.137
check software interlocks F
interlocks []
actuate state mode=None-script, software_lock=True
VALVE-F(CO2 Laser to Bone) software locked
change switch state (True, False)
-------------------------- close F () result=[(True, False)]
action=close, ok=True, locked=[True]
open ('D',) {}
open name=D desc=---
checking ownership. requestor=129.138.12.137
check software interlocks D
interlocks []
actuate state mode=None-script, software_lock=False
doing actuation None-script open_channel False
Open D ===>> OK
GetPercentOutput ===>> 0.0
GetSetpoint ===>> 0.0
GetIndicatorState D ===>> OK
change switch state (True, True)
update switch state D True args=() kw={} ncanvase=4
GetProcessValue ===>> 241.0
response t=0.00092887878418, out=0, setpoint=0, response=241.0
14:50:24 -- OPEN   VALVE-D (Bone to CO2 Laser)
-------------------------- open D () result=[(True, True)]
action=open, ok=True, locked=[False]
close ('J',) {}
close name=J desc=---
checking ownership. requestor=129.138.12.137
check software interlocks J
interlocks []
actuate state mode=None-script, software_lock=False
doing actuation None-script close_channel False
Close J ===>> OK
GetIndicatorState J ===>> False
change switch state (True, True)
update switch state J False args=() kw={} ncanvase=4
14:50:25 -- CLOSE  VALVE-J (Bone to APIS)
-------------------------- close J () result=[(True, True)]
action=close, ok=True, locked=[False]
close ('FC',) {}
close name=FC desc=---
checking ownership. requestor=129.138.12.137
check software interlocks FC
interlocks []
actuate state mode=None-script, software_lock=False
doing actuation None-script close_channel True
Close FC ===>> OK
GetPercentOutput ===>> 0.0
GetSetpoint ===>> 0.0
GetProcessValue ===>> 240.0
response t=2.00057387352, out=0, setpoint=0, response=240.0
GetIndicatorState FC ===>> False
change switch state (True, True)
update switch state FC False args=() kw={} ncanvase=4
14:50:26 -- CLOSE  VALVE-FC (Furnace Turbo)
-------------------------- close FC () result=[(True, True)]
action=close, ok=True, locked=[False]
open ('FH',) {}
open name=FH desc=---
checking ownership. requestor=129.138.12.137
check software interlocks FH
interlocks []
actuate state mode=None-script, software_lock=False
doing actuation None-script open_channel False
Open FH ===>> OK
set states for children of O. state=True
handle state [('O', True)]
update switch state O True args=() kw={'refresh': False} ncanvase=4
refresh_canvas_needed fired
GetIndicatorState FH ===>> OK
change switch state (True, True)
update switch state FH True args=() kw={} ncanvase=4
14:50:28 -- OPEN   VALVE-FH (Furnace Isolation)
-------------------------- open FH () result=[(True, True)]
action=open, ok=True, locked=[False]
Furnace enabled. Heating sample.
enable () {}
set extraction state NMGRLFurnace Enabled (False, 'red', 1.5)
could not find manager name="NMGRLFurnace" func="enable_device"
set_pid_parameters (1600.0,) {}
setting pid parameters for 1600.0
{"pid": "HO,100;XP,100;TI,15;TD,3", "command": "SetPID"} ===>> OK
BEGIN INTERVAL Interval 1 waiting for 360.0
block started
set extract to 1600.0 (temp)
WaitControl setup for 360.0  
extract () {}
set extraction state NMGRLFurnace ON! 1600.0(temp) (0.75, 'red', 1.5)
extract sample to 1600.0 (temp)
extract
set setpoint to 1600.0
set setpoint=1600.0
setting pid parameters for 1600.0
GetPercentOutput ===>> 0.0
{"pid": "HO,100;XP,100;TI,15;TD,3", "command": "SetPID"} ===>> OK
GetSetpoint ===>> 0.0
{"setpoint": 1600.0, "command": "SetSetpoint"} ===>> OK
sleep (2,) {}
SLEEP 2.0
block started
WaitControl setup for 2.0  
GetProcessValue ===>> 240.0
response t=4.00195789337, out=0, setpoint=0, response=240.0
GetPercentOutput ===>> 100.0
GetSetpoint ===>> 1600.0
GetProcessValue ===>> 239.0
response t=6.00893092155, out=100.0, setpoint=1600.0, response=239.0
Join finished
block finished. duration 2.02088999748
COMPLETE INTERVAL waiting for Interval 1 to complete
GetPercentOutput ===>> 100.0
GetSetpoint ===>> 1600.0
GetProcessValue ===>> 239.0
response t=8.01428103447, out=100.0, setpoint=1600.0, response=239.0
GetPercentOutput ===>> 100.0
GetSetpoint ===>> 1600.0
GetProcessValue ===>> 241.0
response t=10.0196418762, out=100.0, setpoint=1600.0, response=241.0
GetPercentOutput ===>> 100.0
GetSetpoint ===>> 1600.0
GetProcessValue ===>> 251.0
response t=12.0208120346, out=100.0, setpoint=1600.0, response=251.0
GetPercentOutput ===>> 100.0
GetSetpoint ===>> 1600.0
GetProcessValue ===>> 297.0
response t=14.0294668674, out=100.0, setpoint=1600.0, response=297.0
GetPercentOutput ===>> 100.0
GetSetpoint ===>> 1600.0
GetProcessValue ===>> 444.0
response t=16.0314910412, out=100.0, setpoint=1600.0, response=444.0
GetPercentOutput ===>> 100.0
GetSetpoint ===>> 1600.0
GetProcessValue ===>> 645.0
response t=18.0335268974, out=100.0, setpoint=1600.0, response=645.0
GetPercentOutput ===>> 100.0
GetSetpoint ===>> 1600.0
GetProcessValue ===>> 707.0
response t=20.0355570316, out=100.0, setpoint=1600.0, response=707.0
GetPercentOutput ===>> 100.0
GetSetpoint ===>> 1600.0
GetProcessValue ===>> 791.0
response t=22.0352299213, out=100.0, setpoint=1600.0, response=791.0
GetPercentOutput ===>> 100.0
GetSetpoint ===>> 1600.0
GetProcessValue ===>> 890.0
response t=24.0396158695, out=100.0, setpoint=1600.0, response=890.0
GetPercentOutput ===>> 100.0
GetSetpoint ===>> 1600.0
GetProcessValue ===>> 999.0
response t=26.0416529179, out=100.0, setpoint=1600.0, response=999.0
GetPercentOutput ===>> 100.0
GetSetpoint ===>> 1600.0
GetProcessValue ===>> 1113.0
response t=28.0436758995, out=100.0, setpoint=1600.0, response=1113.0
GetPercentOutput ===>> 100.0
GetSetpoint ===>> 1600.0
GetProcessValue ===>> 1233.0
response t=30.0430150032, out=100.0, setpoint=1600.0, response=1233.0
GetPercentOutput ===>> 97.0
GetSetpoint ===>> 1600.0
GetProcessValue ===>> 1339.0
response t=32.0454900265, out=97.0, setpoint=1600.0, response=1339.0
GetPercentOutput ===>> 42.0
GetSetpoint ===>> 1600.0
GetProcessValue ===>> 1429.0
response t=34.0489840508, out=42.0, setpoint=1600.0, response=1429.0
GetPercentOutput ===>> 38.9
GetSetpoint ===>> 1600.0
GetProcessValue ===>> 1491.0
response t=36.0494718552, out=38.9, setpoint=1600.0, response=1491.0
GetPercentOutput ===>> 72.7
GetSetpoint ===>> 1600.0
GetProcessValue ===>> 1516.0
response t=38.053855896, out=72.7, setpoint=1600.0, response=1516.0
GetPercentOutput ===>> 51.3
GetSetpoint ===>> 1600.0
GetProcessValue ===>> 1545.0
response t=40.0558719635, out=51.3, setpoint=1600.0, response=1545.0
GetPercentOutput ===>> 52.4
GetSetpoint ===>> 1600.0
GetProcessValue ===>> 1565.0
response t=42.055729866, out=52.4, setpoint=1600.0, response=1565.0
GetPercentOutput ===>> 65.9
GetSetpoint ===>> 1600.0
GetProcessValue ===>> 1572.0
response t=44.060035944, out=65.9, setpoint=1600.0, response=1572.0
GetPercentOutput ===>> 49.0
GetSetpoint ===>> 1600.0
GetProcessValue ===>> 1584.0
response t=46.0619678497, out=49.0, setpoint=1600.0, response=1584.0
GetPercentOutput ===>> 53.0
GetSetpoint ===>> 1600.0
GetProcessValue ===>> 1591.0
response t=48.0640180111, out=53.0, setpoint=1600.0, response=1591.0
GetPercentOutput ===>> 57.0
GetSetpoint ===>> 1600.0
GetProcessValue ===>> 1593.0
response t=50.0660078526, out=57.0, setpoint=1600.0, response=1593.0
GetPercentOutput ===>> 49.8
GetSetpoint ===>> 1600.0
GetProcessValue ===>> 1598.0
response t=52.0658409595, out=49.8, setpoint=1600.0, response=1598.0
GetPercentOutput ===>> 51.9
GetSetpoint ===>> 1600.0
GetProcessValue ===>> 1600.0
response t=54.0712828636, out=51.9, setpoint=1600.0, response=1600.0
GetPercentOutput ===>> 53.5
GetSetpoint ===>> 1600.0
GetProcessValue ===>> 1601.0
response t=56.0750348568, out=53.5, setpoint=1600.0, response=1601.0
GetPercentOutput ===>> 49.0
GetSetpoint ===>> 1600.0
GetProcessValue ===>> 1603.0
response t=58.0745370388, out=49.0, setpoint=1600.0, response=1603.0
GetPercentOutput ===>> 50.0
GetSetpoint ===>> 1600.0
GetProcessValue ===>> 1604.0
response t=60.0820448399, out=50.0, setpoint=1600.0, response=1604.0
GetPercentOutput ===>> 51.2
GetSetpoint ===>> 1600.0
GetProcessValue ===>> 1603.0
response t=62.090929985, out=51.2, setpoint=1600.0, response=1603.0
GetPercentOutput ===>> 48.0
GetSetpoint ===>> 1600.0
GetProcessValue ===>> 1604.0
response t=64.0969648361, out=48.0, setpoint=1600.0, response=1604.0
GetPercentOutput ===>> 48.0
GetSetpoint ===>> 1600.0
GetProcessValue ===>> 1604.0
response t=66.1010439396, out=48.0, setpoint=1600.0, response=1604.0
GetPercentOutput ===>> 48.0
GetSetpoint ===>> 1600.0
GetProcessValue ===>> 1604.0
response t=68.101017952, out=48.0, setpoint=1600.0, response=1604.0
GetPercentOutput ===>> 48.0
GetSetpoint ===>> 1600.0
GetProcessValue ===>> 1604.0
response t=70.1029479504, out=48.0, setpoint=1600.0, response=1604.0
GetPercentOutput ===>> 47.7
GetSetpoint ===>> 1600.0
GetProcessValue ===>> 1604.0
response t=72.1029589176, out=47.7, setpoint=1600.0, response=1604.0
set states for children of U. state=False
handle state [('U', False)]
update switch state U False args=() kw={'refresh': False} ncanvase=4
refresh_canvas_needed fired
GetPercentOutput ===>> 47.7
GetSetpoint ===>> 1600.0
GetProcessValue ===>> 1604.0
response t=74.1071100235, out=47.7, setpoint=1600.0, response=1604.0
GetPercentOutput ===>> 46.0
GetSetpoint ===>> 1600.0
GetProcessValue ===>> 1604.0
response t=76.1091458797, out=46.0, setpoint=1600.0, response=1604.0
GetPercentOutput ===>> 47.4
GetSetpoint ===>> 1600.0
GetProcessValue ===>> 1603.0
response t=78.1111650467, out=47.4, setpoint=1600.0, response=1603.0
GetPercentOutput ===>> 47.0
GetSetpoint ===>> 1600.0
GetProcessValue ===>> 1603.0
response t=80.1132068634, out=47.0, setpoint=1600.0, response=1603.0
GetPercentOutput ===>> 46.8
GetSetpoint ===>> 1600.0
GetProcessValue ===>> 1603.0
response t=82.1131548882, out=46.8, setpoint=1600.0, response=1603.0
GetPercentOutput ===>> 46.4
GetSetpoint ===>> 1600.0
GetProcessValue ===>> 1603.0
response t=84.1206610203, out=46.4, setpoint=1600.0, response=1603.0
GetPercentOutput ===>> 47.1
GetSetpoint ===>> 1600.0
GetProcessValue ===>> 1602.0
response t=86.1239199638, out=47.1, setpoint=1600.0, response=1602.0
GetPercentOutput ===>> 46.5
GetSetpoint ===>> 1600.0
GetProcessValue ===>> 1602.0
response t=88.129406929, out=46.5, setpoint=1600.0, response=1602.0
GetPercentOutput ===>> 46.4
GetSetpoint ===>> 1600.0
GetProcessValue ===>> 1602.0
response t=90.1372840405, out=46.4, setpoint=1600.0, response=1602.0
GetPercentOutput ===>> 46.7
GetSetpoint ===>> 1600.0
GetProcessValue ===>> 1601.0
response t=92.1421370506, out=46.7, setpoint=1600.0, response=1601.0
GetPercentOutput ===>> 46.3
GetSetpoint ===>> 1600.0
GetProcessValue ===>> 1601.0
response t=94.1441569328, out=46.3, setpoint=1600.0, response=1601.0
GetPercentOutput ===>> 46.6
GetSetpoint ===>> 1600.0
GetProcessValue ===>> 1601.0
response t=96.1461849213, out=46.6, setpoint=1600.0, response=1601.0
GetPercentOutput ===>> 46.5
GetSetpoint ===>> 1600.0
GetProcessValue ===>> 1601.0
response t=98.1482009888, out=46.5, setpoint=1600.0, response=1601.0
GetPercentOutput ===>> 46.7
GetSetpoint ===>> 1600.0
GetProcessValue ===>> 1601.0
response t=100.150249958, out=46.7, setpoint=1600.0, response=1601.0
GetPercentOutput ===>> 46.2
GetSetpoint ===>> 1600.0
GetProcessValue ===>> 1601.0
response t=102.152395964, out=46.2, setpoint=1600.0, response=1601.0
GetPercentOutput ===>> 46.6
GetSetpoint ===>> 1600.0
GetProcessValue ===>> 1601.0
response t=104.154336929, out=46.6, setpoint=1600.0, response=1601.0
GetPercentOutput ===>> 46.5
GetSetpoint ===>> 1600.0
GetProcessValue ===>> 1601.0
response t=106.154933929, out=46.5, setpoint=1600.0, response=1601.0
GetPercentOutput ===>> 46.4
GetSetpoint ===>> 1600.0
GetProcessValue ===>> 1600.0
response t=108.158350945, out=46.4, setpoint=1600.0, response=1600.0
GetPercentOutput ===>> 46.1
GetSetpoint ===>> 1600.0
GetProcessValue ===>> 1601.0
response t=110.167253971, out=46.1, setpoint=1600.0, response=1601.0
GetPercentOutput ===>> 46.5
GetSetpoint ===>> 1600.0
GetProcessValue ===>> 1600.0
response t=112.174154043, out=46.5, setpoint=1600.0, response=1600.0
GetPercentOutput ===>> 46.6
GetSetpoint ===>> 1600.0
GetProcessValue ===>> 1600.0
response t=114.180883884, out=46.6, setpoint=1600.0, response=1600.0
GetPercentOutput ===>> 46.4
GetSetpoint ===>> 1600.0
GetProcessValue ===>> 1600.0
response t=116.18321085, out=46.4, setpoint=1600.0, response=1600.0
GetPercentOutput ===>> 46.6
GetSetpoint ===>> 1600.0
GetProcessValue ===>> 1600.0
response t=118.185231924, out=46.6, setpoint=1600.0, response=1600.0
GetPercentOutput ===>> 46.3
GetSetpoint ===>> 1600.0
GetProcessValue ===>> 1600.0
response t=120.187269926, out=46.3, setpoint=1600.0, response=1600.0
GetPercentOutput ===>> 46.5
GetSetpoint ===>> 1600.0
GetProcessValue ===>> 1600.0
response t=122.186491013, out=46.5, setpoint=1600.0, response=1600.0
GetPercentOutput ===>> 46.3
GetSetpoint ===>> 1600.0
GetProcessValue ===>> 1600.0
response t=124.188741922, out=46.3, setpoint=1600.0, response=1600.0
GetPercentOutput ===>> 46.1
GetSetpoint ===>> 1600.0
GetProcessValue ===>> 1600.0
response t=126.193356037, out=46.1, setpoint=1600.0, response=1600.0
GetPercentOutput ===>> 46.4
GetSetpoint ===>> 1600.0
GetProcessValue ===>> 1600.0
response t=128.195359945, out=46.4, setpoint=1600.0, response=1600.0
GetPercentOutput ===>> 46.3
GetSetpoint ===>> 1600.0
GetProcessValue ===>> 1600.0
response t=130.19737792, out=46.3, setpoint=1600.0, response=1600.0
GetPercentOutput ===>> 46.2
GetSetpoint ===>> 1600.0
GetProcessValue ===>> 1600.0
response t=132.19756794, out=46.2, setpoint=1600.0, response=1600.0
GetPercentOutput ===>> 46.3
GetSetpoint ===>> 1600.0
GetProcessValue ===>> 1600.0
response t=134.199487925, out=46.3, setpoint=1600.0, response=1600.0
GetPercentOutput ===>> 46.3
GetSetpoint ===>> 1600.0
GetProcessValue ===>> 1600.0
response t=136.203513861, out=46.3, setpoint=1600.0, response=1600.0
GetPercentOutput ===>> 46.3
GetSetpoint ===>> 1600.0
GetProcessValue ===>> 1600.0
response t=138.205606937, out=46.3, setpoint=1600.0, response=1600.0
GetPercentOutput ===>> 46.1
GetSetpoint ===>> 1600.0
GetProcessValue ===>> 1600.0
response t=140.206738949, out=46.1, setpoint=1600.0, response=1600.0
GetPercentOutput ===>> 46.4
GetSetpoint ===>> 1600.0
GetProcessValue ===>> 1600.0
response t=142.207898855, out=46.4, setpoint=1600.0, response=1600.0
GetPercentOutput ===>> 45.0
GetSetpoint ===>> 1600.0
GetProcessValue ===>> 1600.0
response t=144.20943594, out=45.0, setpoint=1600.0, response=1600.0
GetPercentOutput ===>> 46.1
GetSetpoint ===>> 1600.0
GetProcessValue ===>> 1600.0
response t=146.213649988, out=46.1, setpoint=1600.0, response=1600.0
GetPercentOutput ===>> 46.5
GetSetpoint ===>> 1600.0
GetProcessValue ===>> 1600.0
response t=148.215117931, out=46.5, setpoint=1600.0, response=1600.0
set states for children of O. state=False
handle state [('O', False)]
update switch state O False args=() kw={'refresh': False} ncanvase=4
refresh_canvas_needed fired
GetPercentOutput ===>> 46.4
GetSetpoint ===>> 1600.0
GetProcessValue ===>> 1600.0
response t=150.217721939, out=46.4, setpoint=1600.0, response=1600.0
set states for children of R. state=True
handle state [('R', True)]
update switch state R True args=() kw={'refresh': False} ncanvase=4
refresh_canvas_needed fired
GetPercentOutput ===>> 46.3
GetSetpoint ===>> 1600.0
GetProcessValue ===>> 1600.0
response t=152.225589037, out=46.3, setpoint=1600.0, response=1600.0
GetPercentOutput ===>> 46.0
GetSetpoint ===>> 1600.0
GetProcessValue ===>> 1600.0
response t=154.234580994, out=46.0, setpoint=1600.0, response=1600.0
GetPercentOutput ===>> 46.4
GetSetpoint ===>> 1600.0
GetProcessValue ===>> 1600.0
response t=156.235692024, out=46.4, setpoint=1600.0, response=1600.0
GetPercentOutput ===>> 46.2
GetSetpoint ===>> 1600.0
GetProcessValue ===>> 1600.0
response t=158.241519928, out=46.2, setpoint=1600.0, response=1600.0
GetPercentOutput ===>> 46.0
GetSetpoint ===>> 1600.0
GetProcessValue ===>> 1600.0
response t=160.244667053, out=46.0, setpoint=1600.0, response=1600.0
GetPercentOutput ===>> 46.3
GetSetpoint ===>> 1600.0
GetProcessValue ===>> 1600.0
response t=162.250617981, out=46.3, setpoint=1600.0, response=1600.0
set states for children of R. state=False
handle state [('R', False)]
update switch state R False args=() kw={'refresh': False} ncanvase=4
refresh_canvas_needed fired
GetPercentOutput ===>> 46.1
GetSetpoint ===>> 1600.0
GetProcessValue ===>> 1600.0
response t=164.25757885, out=46.1, setpoint=1600.0, response=1600.0
GetPercentOutput ===>> 46.1
GetSetpoint ===>> 1600.0
GetProcessValue ===>> 1600.0
response t=166.261569023, out=46.1, setpoint=1600.0, response=1600.0
set states for children of U. state=True
handle state [('U', True)]
update switch state U True args=() kw={'refresh': False} ncanvase=4
refresh_canvas_needed fired
GetPercentOutput ===>> 45.0
GetSetpoint ===>> 1600.0
GetProcessValue ===>> 1600.0
response t=168.261090994, out=45.0, setpoint=1600.0, response=1600.0
GetPercentOutput ===>> 46.3
GetSetpoint ===>> 1600.0
GetProcessValue ===>> 1600.0
response t=170.260867834, out=46.3, setpoint=1600.0, response=1600.0
GetPercentOutput ===>> 46.4
GetSetpoint ===>> 1600.0
GetProcessValue ===>> 1600.0
response t=172.269906998, out=46.4, setpoint=1600.0, response=1600.0
GetPercentOutput ===>> 46.2
GetSetpoint ===>> 1600.0
GetProcessValue ===>> 1600.0
response t=174.273205042, out=46.2, setpoint=1600.0, response=1600.0
GetPercentOutput ===>> 46.3
GetSetpoint ===>> 1600.0
GetProcessValue ===>> 1600.0
response t=176.277509928, out=46.3, setpoint=1600.0, response=1600.0
GetPercentOutput ===>> 45.7
GetSetpoint ===>> 1600.0
GetProcessValue ===>> 1600.0
response t=178.279535055, out=45.7, setpoint=1600.0, response=1600.0
GetPercentOutput ===>> 46.6
GetSetpoint ===>> 1600.0
GetProcessValue ===>> 1600.0
response t=180.281193972, out=46.6, setpoint=1600.0, response=1600.0
GetPercentOutput ===>> 46.1
GetSetpoint ===>> 1600.0
GetProcessValue ===>> 1600.0
response t=182.282042027, out=46.1, setpoint=1600.0, response=1600.0
GetPercentOutput ===>> 45.6
GetSetpoint ===>> 1600.0
GetProcessValue ===>> 1600.0
response t=184.287467957, out=45.6, setpoint=1600.0, response=1600.0
GetPercentOutput ===>> 46.3
GetSetpoint ===>> 1600.0
GetProcessValue ===>> 1600.0
response t=186.292376995, out=46.3, setpoint=1600.0, response=1600.0
GetPercentOutput ===>> 45.0
GetSetpoint ===>> 1600.0
GetProcessValue ===>> 1600.0
response t=188.301099062, out=45.0, setpoint=1600.0, response=1600.0
GetPercentOutput ===>> 46.3
GetSetpoint ===>> 1600.0
GetProcessValue ===>> 1600.0
response t=190.302787066, out=46.3, setpoint=1600.0, response=1600.0
GetPercentOutput ===>> 46.2
GetSetpoint ===>> 1600.0
GetProcessValue ===>> 1600.0
response t=192.308246851, out=46.2, setpoint=1600.0, response=1600.0
GetPercentOutput ===>> 46.0
GetSetpoint ===>> 1600.0
GetProcessValue ===>> 1600.0
response t=194.308261871, out=46.0, setpoint=1600.0, response=1600.0
GetPercentOutput ===>> 46.2
GetSetpoint ===>> 1600.0
GetProcessValue ===>> 1600.0
response t=196.314512968, out=46.2, setpoint=1600.0, response=1600.0
GetPercentOutput ===>> 46.0
GetSetpoint ===>> 1600.0
GetProcessValue ===>> 1600.0
response t=198.316542864, out=46.0, setpoint=1600.0, response=1600.0
GetPercentOutput ===>> 45.0
GetSetpoint ===>> 1600.0
GetProcessValue ===>> 1600.0
response t=200.318588972, out=45.0, setpoint=1600.0, response=1600.0
GetPercentOutput ===>> 46.0
GetSetpoint ===>> 1600.0
GetProcessValue ===>> 1600.0
response t=202.318851948, out=46.0, setpoint=1600.0, response=1600.0
GetPercentOutput ===>> 46.1
GetSetpoint ===>> 1600.0
GetProcessValue ===>> 1600.0
response t=204.321641922, out=46.1, setpoint=1600.0, response=1600.0
GetPercentOutput ===>> 46.0
GetSetpoint ===>> 1600.0
GetProcessValue ===>> 1600.0
response t=206.327535868, out=46.0, setpoint=1600.0, response=1600.0
GetPercentOutput ===>> 46.0
GetSetpoint ===>> 1600.0
GetProcessValue ===>> 1600.0
response t=208.335407019, out=46.0, setpoint=1600.0, response=1600.0
GetPercentOutput ===>> 46.2
GetSetpoint ===>> 1600.0
GetProcessValue ===>> 1600.0
response t=210.334722042, out=46.2, setpoint=1600.0, response=1600.0
GetPercentOutput ===>> 46.0
GetSetpoint ===>> 1600.0
GetProcessValue ===>> 1600.0
response t=212.34126997, out=46.0, setpoint=1600.0, response=1600.0
GetPercentOutput ===>> 45.0
GetSetpoint ===>> 1600.0
GetProcessValue ===>> 1600.0
response t=214.349495888, out=45.0, setpoint=1600.0, response=1600.0
GetPercentOutput ===>> 46.3
GetSetpoint ===>> 1600.0
GetProcessValue ===>> 1600.0
response t=216.349660873, out=46.3, setpoint=1600.0, response=1600.0
GetPercentOutput ===>> 45.0
GetSetpoint ===>> 1600.0
GetProcessValue ===>> 1600.0
response t=218.353850842, out=45.0, setpoint=1600.0, response=1600.0
GetPercentOutput ===>> 45.0
GetSetpoint ===>> 1600.0
GetProcessValue ===>> 1600.0
response t=220.355636835, out=45.0, setpoint=1600.0, response=1600.0
GetPercentOutput ===>> 45.0
GetSetpoint ===>> 1600.0
GetProcessValue ===>> 1600.0
response t=222.356153965, out=45.0, setpoint=1600.0, response=1600.0
GetPercentOutput ===>> 46.0
GetSetpoint ===>> 1600.0
GetProcessValue ===>> 1600.0
response t=224.355785847, out=46.0, setpoint=1600.0, response=1600.0
GetPercentOutput ===>> 46.0
GetSetpoint ===>> 1600.0
GetProcessValue ===>> 1600.0
response t=226.358772039, out=46.0, setpoint=1600.0, response=1600.0
GetPercentOutput ===>> 45.0
GetSetpoint ===>> 1600.0
GetProcessValue ===>> 1600.0
response t=228.363790989, out=45.0, setpoint=1600.0, response=1600.0
GetPercentOutput ===>> 46.4
GetSetpoint ===>> 1600.0
GetProcessValue ===>> 1600.0
response t=230.371427059, out=46.4, setpoint=1600.0, response=1600.0
GetPercentOutput ===>> 45.0
GetSetpoint ===>> 1600.0
GetProcessValue ===>> 1600.0
response t=232.376499891, out=45.0, setpoint=1600.0, response=1600.0
GetPercentOutput ===>> 45.0
GetSetpoint ===>> 1600.0
GetProcessValue ===>> 1600.0
response t=234.378913879, out=45.0, setpoint=1600.0, response=1600.0
GetPercentOutput ===>> 46.0
GetSetpoint ===>> 1600.0
GetProcessValue ===>> 1600.0
response t=236.388820887, out=46.0, setpoint=1600.0, response=1600.0
GetPercentOutput ===>> 46.0
GetSetpoint ===>> 1600.0
GetProcessValue ===>> 1600.0
response t=238.390980005, out=46.0, setpoint=1600.0, response=1600.0
GetPercentOutput ===>> 45.0
GetSetpoint ===>> 1600.0
GetProcessValue ===>> 1600.0
response t=240.392564058, out=45.0, setpoint=1600.0, response=1600.0
GetPercentOutput ===>> 46.2
GetSetpoint ===>> 1600.0
GetProcessValue ===>> 1600.0
response t=242.394644022, out=46.2, setpoint=1600.0, response=1600.0
GetPercentOutput ===>> 46.1
GetSetpoint ===>> 1600.0
GetProcessValue ===>> 1600.0
response t=244.395604849, out=46.1, setpoint=1600.0, response=1600.0
GetPercentOutput ===>> 45.0
GetSetpoint ===>> 1600.0
GetProcessValue ===>> 1600.0
response t=246.399947882, out=45.0, setpoint=1600.0, response=1600.0
GetPercentOutput ===>> 46.1
GetSetpoint ===>> 1600.0
GetProcessValue ===>> 1600.0
response t=248.402014971, out=46.1, setpoint=1600.0, response=1600.0
GetPercentOutput ===>> 46.1
GetSetpoint ===>> 1600.0
GetProcessValue ===>> 1600.0
response t=250.410709858, out=46.1, setpoint=1600.0, response=1600.0
GetPercentOutput ===>> 45.0
GetSetpoint ===>> 1600.0
GetProcessValue ===>> 1600.0
response t=252.415752888, out=45.0, setpoint=1600.0, response=1600.0
GetPercentOutput ===>> 46.0
GetSetpoint ===>> 1600.0
GetProcessValue ===>> 1600.0
response t=254.421857834, out=46.0, setpoint=1600.0, response=1600.0
GetPercentOutput ===>> 46.1
GetSetpoint ===>> 1600.0
GetProcessValue ===>> 1600.0
response t=256.425560951, out=46.1, setpoint=1600.0, response=1600.0
GetPercentOutput ===>> 46.1
GetSetpoint ===>> 1600.0
GetProcessValue ===>> 1600.0
response t=258.427609921, out=46.1, setpoint=1600.0, response=1600.0
GetPercentOutput ===>> 45.0
GetSetpoint ===>> 1600.0
GetProcessValue ===>> 1600.0
response t=260.429688931, out=45.0, setpoint=1600.0, response=1600.0
GetPercentOutput ===>> 46.3
GetSetpoint ===>> 1600.0
GetProcessValue ===>> 1600.0
response t=262.430471897, out=46.3, setpoint=1600.0, response=1600.0
GetPercentOutput ===>> 45.0
GetSetpoint ===>> 1600.0
GetProcessValue ===>> 1600.0
response t=264.433681011, out=45.0, setpoint=1600.0, response=1600.0
GetPercentOutput ===>> 46.0
GetSetpoint ===>> 1600.0
GetProcessValue ===>> 1600.0
response t=266.43596983, out=46.0, setpoint=1600.0, response=1600.0
GetPercentOutput ===>> 46.1
GetSetpoint ===>> 1600.0
GetProcessValue ===>> 1600.0
response t=268.436270952, out=46.1, setpoint=1600.0, response=1600.0
GetPercentOutput ===>> 45.0
GetSetpoint ===>> 1600.0
GetProcessValue ===>> 1600.0
response t=270.435319901, out=45.0, setpoint=1600.0, response=1600.0
GetPercentOutput ===>> 45.0
GetSetpoint ===>> 1600.0
GetProcessValue ===>> 1600.0
response t=272.440753937, out=45.0, setpoint=1600.0, response=1600.0
GetPercentOutput ===>> 46.1
GetSetpoint ===>> 1600.0
GetProcessValue ===>> 1600.0
response t=274.44391489, out=46.1, setpoint=1600.0, response=1600.0
GetPercentOutput ===>> 46.0
GetSetpoint ===>> 1600.0
GetProcessValue ===>> 1600.0
response t=276.445874929, out=46.0, setpoint=1600.0, response=1600.0
GetPercentOutput ===>> 45.0
GetSetpoint ===>> 1600.0
GetProcessValue ===>> 1600.0
response t=278.447897911, out=45.0, setpoint=1600.0, response=1600.0
GetPercentOutput ===>> 46.2
GetSetpoint ===>> 1600.0
GetProcessValue ===>> 1600.0
response t=280.44993186, out=46.2, setpoint=1600.0, response=1600.0
GetPercentOutput ===>> 45.0
GetSetpoint ===>> 1600.0
GetProcessValue ===>> 1600.0
response t=282.455457926, out=45.0, setpoint=1600.0, response=1600.0
GetPercentOutput ===>> 45.0
GetSetpoint ===>> 1600.0
GetProcessValue ===>> 1600.0
response t=284.456331968, out=45.0, setpoint=1600.0, response=1600.0
GetPercentOutput ===>> 46.1
GetSetpoint ===>> 1600.0
GetProcessValue ===>> 1600.0
response t=286.461709023, out=46.1, setpoint=1600.0, response=1600.0
GetPercentOutput ===>> 45.0
GetSetpoint ===>> 1600.0
GetProcessValue ===>> 1600.0
response t=288.463768959, out=45.0, setpoint=1600.0, response=1600.0
GetPercentOutput ===>> 46.0
GetSetpoint ===>> 1600.0
GetProcessValue ===>> 1600.0
response t=290.469501972, out=46.0, setpoint=1600.0, response=1600.0
GetPercentOutput ===>> 46.1
GetSetpoint ===>> 1600.0
GetProcessValue ===>> 1600.0
response t=292.477822065, out=46.1, setpoint=1600.0, response=1600.0
GetPercentOutput ===>> 45.7
GetSetpoint ===>> 1600.0
GetProcessValue ===>> 1600.0
response t=294.483222008, out=45.7, setpoint=1600.0, response=1600.0
GetPercentOutput ===>> 46.1
GetSetpoint ===>> 1600.0
GetProcessValue ===>> 1600.0
response t=296.485254049, out=46.1, setpoint=1600.0, response=1600.0
GetPercentOutput ===>> 45.0
GetSetpoint ===>> 1600.0
GetProcessValue ===>> 1600.0
response t=298.484958887, out=45.0, setpoint=1600.0, response=1600.0
GetPercentOutput ===>> 45.0
GetSetpoint ===>> 1600.0
GetProcessValue ===>> 1600.0
response t=300.487254858, out=45.0, setpoint=1600.0, response=1600.0
GetPercentOutput ===>> 46.0
GetSetpoint ===>> 1600.0
GetProcessValue ===>> 1600.0
response t=302.486938953, out=46.0, setpoint=1600.0, response=1600.0
GetPercentOutput ===>> 46.0
GetSetpoint ===>> 1600.0
GetProcessValue ===>> 1600.0
response t=304.491005898, out=46.0, setpoint=1600.0, response=1600.0
GetPercentOutput ===>> 45.7
GetSetpoint ===>> 1600.0
GetProcessValue ===>> 1600.0
response t=306.498932838, out=45.7, setpoint=1600.0, response=1600.0
GetPercentOutput ===>> 46.0
GetSetpoint ===>> 1600.0
GetProcessValue ===>> 1600.0
response t=308.504168987, out=46.0, setpoint=1600.0, response=1600.0
GetPercentOutput ===>> 46.3
GetSetpoint ===>> 1600.0
GetProcessValue ===>> 1600.0
response t=310.509557009, out=46.3, setpoint=1600.0, response=1600.0
GetPercentOutput ===>> 45.6
GetSetpoint ===>> 1600.0
GetProcessValue ===>> 1600.0
response t=312.514963865, out=45.6, setpoint=1600.0, response=1600.0
GetPercentOutput ===>> 46.1
GetSetpoint ===>> 1600.0
GetProcessValue ===>> 1600.0
response t=314.517179966, out=46.1, setpoint=1600.0, response=1600.0
GetPercentOutput ===>> 46.3
GetSetpoint ===>> 1600.0
GetProcessValue ===>> 1600.0
response t=316.519953012, out=46.3, setpoint=1600.0, response=1600.0
GetPercentOutput ===>> 45.0
GetSetpoint ===>> 1600.0
GetProcessValue ===>> 1600.0
response t=318.525920868, out=45.0, setpoint=1600.0, response=1600.0
GetPercentOutput ===>> 46.2
GetSetpoint ===>> 1600.0
GetProcessValue ===>> 1600.0
response t=320.532938957, out=46.2, setpoint=1600.0, response=1600.0
GetPercentOutput ===>> 45.0
GetSetpoint ===>> 1600.0
GetProcessValue ===>> 1600.0
response t=322.537333012, out=45.0, setpoint=1600.0, response=1600.0
GetPercentOutput ===>> 46.0
GetSetpoint ===>> 1600.0
GetProcessValue ===>> 1600.0
response t=324.54054904, out=46.0, setpoint=1600.0, response=1600.0
GetPercentOutput ===>> 45.0
GetSetpoint ===>> 1600.0
GetProcessValue ===>> 1600.0
response t=326.546773911, out=45.0, setpoint=1600.0, response=1600.0
GetPercentOutput ===>> 46.1
GetSetpoint ===>> 1600.0
GetProcessValue ===>> 1600.0
response t=328.548744917, out=46.1, setpoint=1600.0, response=1600.0
GetPercentOutput ===>> 45.7
GetSetpoint ===>> 1600.0
GetProcessValue ===>> 1600.0
response t=330.550807953, out=45.7, setpoint=1600.0, response=1600.0
GetPercentOutput ===>> 46.3
GetSetpoint ===>> 1600.0
GetProcessValue ===>> 1600.0
response t=332.557791948, out=46.3, setpoint=1600.0, response=1600.0
GetPercentOutput ===>> 45.6
GetSetpoint ===>> 1600.0
GetProcessValue ===>> 1600.0
response t=334.56379199, out=45.6, setpoint=1600.0, response=1600.0
GetPercentOutput ===>> 45.0
GetSetpoint ===>> 1600.0
GetProcessValue ===>> 1600.0
response t=336.570240021, out=45.0, setpoint=1600.0, response=1600.0
GetPercentOutput ===>> 46.0
GetSetpoint ===>> 1600.0
GetProcessValue ===>> 1600.0
response t=338.570080996, out=46.0, setpoint=1600.0, response=1600.0
GetPercentOutput ===>> 45.0
GetSetpoint ===>> 1600.0
GetProcessValue ===>> 1600.0
response t=340.57359004, out=45.0, setpoint=1600.0, response=1600.0
GetPercentOutput ===>> 46.1
GetSetpoint ===>> 1600.0
GetProcessValue ===>> 1600.0
response t=342.579102039, out=46.1, setpoint=1600.0, response=1600.0
GetPercentOutput ===>> 45.0
GetSetpoint ===>> 1600.0
GetProcessValue ===>> 1600.0
response t=344.58431983, out=45.0, setpoint=1600.0, response=1600.0
GetPercentOutput ===>> 45.0
GetSetpoint ===>> 1600.0
GetProcessValue ===>> 1600.0
response t=346.583710909, out=45.0, setpoint=1600.0, response=1600.0
GetPercentOutput ===>> 46.2
GetSetpoint ===>> 1600.0
GetProcessValue ===>> 1600.0
response t=348.585772038, out=46.2, setpoint=1600.0, response=1600.0
GetPercentOutput ===>> 46.0
GetSetpoint ===>> 1600.0
GetProcessValue ===>> 1600.0
response t=350.593720913, out=46.0, setpoint=1600.0, response=1600.0
GetPercentOutput ===>> 45.0
GetSetpoint ===>> 1600.0
GetProcessValue ===>> 1600.0
response t=352.602141857, out=45.0, setpoint=1600.0, response=1600.0
GetPercentOutput ===>> 46.2
GetSetpoint ===>> 1600.0
GetProcessValue ===>> 1600.0
response t=354.605556011, out=46.2, setpoint=1600.0, response=1600.0
GetPercentOutput ===>> 46.1
GetSetpoint ===>> 1600.0
GetProcessValue ===>> 1600.0
response t=356.610050917, out=46.1, setpoint=1600.0, response=1600.0
GetPercentOutput ===>> 45.0
GetSetpoint ===>> 1600.0
GetProcessValue ===>> 1600.0
response t=358.611264944, out=45.0, setpoint=1600.0, response=1600.0
GetPercentOutput ===>> 45.0
GetSetpoint ===>> 1600.0
GetProcessValue ===>> 1600.0
response t=360.614734888, out=45.0, setpoint=1600.0, response=1600.0
GetPercentOutput ===>> 46.0
GetSetpoint ===>> 1600.0
GetProcessValue ===>> 1600.0
response t=362.613865852, out=46.0, setpoint=1600.0, response=1600.0
GetPercentOutput ===>> 45.0
GetSetpoint ===>> 1600.0
GetProcessValue ===>> 1600.0
response t=364.618725061, out=45.0, setpoint=1600.0, response=1600.0
Join finished
block finished. duration 361.133266926
Interval 1 finished
disable () {}
%%%%%%%%%%%%%%%%%%%%%%%%%%%%%%%%%%% disable
set extraction state False (0.75, 'red', 1.5)
disable
set setpoint=0.0
setting pid parameters for 0.0
{"pid": "HO,10;XP,10;TI,48;TD,8", "command": "SetPID"} ===>> OK
{"setpoint": 0.0, "command": "SetSetpoint"} ===>> OK
Furnace disabled.
sleep (60,) {}
SLEEP 60.0
block started
WaitControl setup for 60.0  
GetPercentOutput ===>> 0.0
GetSetpoint ===>> 0.0
GetProcessValue ===>> 1599.0
response t=366.620744944, out=0, setpoint=0, response=1599.0
GetPercentOutput ===>> 0.0
GetSetpoint ===>> 0.0
GetProcessValue ===>> 1582.0
response t=368.622777939, out=0, setpoint=0, response=1582.0
GetPercentOutput ===>> 0.0
GetSetpoint ===>> 0.0
GetProcessValue ===>> 1550.0
response t=370.62481904, out=0, setpoint=0, response=1550.0
GetPercentOutput ===>> 0.0
GetSetpoint ===>> 0.0
GetProcessValue ===>> 1515.0
response t=372.626323938, out=0, setpoint=0, response=1515.0
GetPercentOutput ===>> 0.0
GetSetpoint ===>> 0.0
GetProcessValue ===>> 1480.0
response t=374.628591061, out=0, setpoint=0, response=1480.0
GetPercentOutput ===>> 0.0
GetSetpoint ===>> 0.0
GetProcessValue ===>> 1447.0
response t=376.630895853, out=0, setpoint=0, response=1447.0
GetPercentOutput ===>> 0.0
GetSetpoint ===>> 0.0
GetProcessValue ===>> 1417.0
response t=378.632952929, out=0, setpoint=0, response=1417.0
GetPercentOutput ===>> 0.0
GetSetpoint ===>> 0.0
GetProcessValue ===>> 1386.0
response t=380.634979963, out=0, setpoint=0, response=1386.0
GetPercentOutput ===>> 0.0
GetSetpoint ===>> 0.0
GetProcessValue ===>> 1359.0
response t=382.634873867, out=0, setpoint=0, response=1359.0
GetPercentOutput ===>> 0.0
GetSetpoint ===>> 0.0
GetProcessValue ===>> 1333.0
response t=384.639040947, out=0, setpoint=0, response=1333.0
GetPercentOutput ===>> 0.0
GetSetpoint ===>> 0.0
GetProcessValue ===>> 1309.0
response t=386.641141891, out=0, setpoint=0, response=1309.0
GetPercentOutput ===>> 0.0
GetSetpoint ===>> 0.0
GetProcessValue ===>> 1284.0
response t=388.643079042, out=0, setpoint=0, response=1284.0
GetPercentOutput ===>> 0.0
GetSetpoint ===>> 0.0
GetProcessValue ===>> 1264.0
response t=390.645136833, out=0, setpoint=0, response=1264.0
GetPercentOutput ===>> 0.0
GetSetpoint ===>> 0.0
GetProcessValue ===>> 1246.0
response t=392.646751881, out=0, setpoint=0, response=1246.0
GetPercentOutput ===>> 0.0
GetSetpoint ===>> 0.0
GetProcessValue ===>> 1228.0
response t=394.649220943, out=0, setpoint=0, response=1228.0
GetPercentOutput ===>> 0.0
GetSetpoint ===>> 0.0
GetProcessValue ===>> 1211.0
response t=396.651255846, out=0, setpoint=0, response=1211.0
GetPercentOutput ===>> 0.0
GetSetpoint ===>> 0.0
GetProcessValue ===>> 1196.0
response t=398.658190966, out=0, setpoint=0, response=1196.0
GetPercentOutput ===>> 0.0
GetSetpoint ===>> 0.0
GetProcessValue ===>> 1179.0
response t=400.667171955, out=0, setpoint=0, response=1179.0
GetPercentOutput ===>> 0.0
GetSetpoint ===>> 0.0
GetProcessValue ===>> 1165.0
response t=402.667666912, out=0, setpoint=0, response=1165.0
GetPercentOutput ===>> 0.0
GetSetpoint ===>> 0.0
GetProcessValue ===>> 1149.0
response t=404.669745922, out=0, setpoint=0, response=1149.0
GetPercentOutput ===>> 0.0
GetSetpoint ===>> 0.0
GetProcessValue ===>> 1135.0
response t=406.669734955, out=0, setpoint=0, response=1135.0
GetPercentOutput ===>> 0.0
GetSetpoint ===>> 0.0
GetProcessValue ===>> 1122.0
response t=408.673017979, out=0, setpoint=0, response=1122.0
GetPercentOutput ===>> 0.0
GetSetpoint ===>> 0.0
GetProcessValue ===>> 1110.0
response t=410.678428888, out=0, setpoint=0, response=1110.0
GetPercentOutput ===>> 0.0
GetSetpoint ===>> 0.0
GetProcessValue ===>> 1097.0
response t=412.683861017, out=0, setpoint=0, response=1097.0
GetPercentOutput ===>> 0.0
GetSetpoint ===>> 0.0
GetProcessValue ===>> 1086.0
response t=414.68520093, out=0, setpoint=0, response=1086.0
GetPercentOutput ===>> 0.0
GetSetpoint ===>> 0.0
GetProcessValue ===>> 1076.0
response t=416.688246012, out=0, setpoint=0, response=1076.0
GetPercentOutput ===>> 0.0
GetSetpoint ===>> 0.0
GetProcessValue ===>> 1066.0
response t=418.690268993, out=0, setpoint=0, response=1066.0
GetPercentOutput ===>> 0.0
GetSetpoint ===>> 0.0
GetProcessValue ===>> 1056.0
response t=420.692318916, out=0, setpoint=0, response=1056.0
GetPercentOutput ===>> 0.0
GetSetpoint ===>> 0.0
GetProcessValue ===>> 1047.0
response t=422.694144011, out=0, setpoint=0, response=1047.0
GetPercentOutput ===>> 0.0
GetSetpoint ===>> 0.0
GetProcessValue ===>> 1037.0
response t=424.696460962, out=0, setpoint=0, response=1037.0
Join finished
block finished. duration 60.2187969685
close ('B',) {}
close name=B desc=---
checking ownership. requestor=129.138.12.137
check software interlocks B
interlocks []
actuate state mode=None-script, software_lock=False
doing actuation None-script close_channel True
Close B ===>> OK
GetIndicatorState B ===>> False
change switch state (True, True)
update switch state B False args=() kw={} ncanvase=4
14:57:30 -- CLOSE  VALVE-B (Bone to Diode Laser)
-------------------------- close B () result=[(True, True)]
action=close, ok=True, locked=[False]
close ('E',) {}
close name=E desc=---
checking ownership. requestor=129.138.12.137
check software interlocks E
interlocks []
actuate state mode=None-script, software_lock=False
doing actuation None-script close_channel False
Close E ===>> OK
GetPercentOutput ===>> 0.0
GetIndicatorState E ===>> False
change switch state (True, True)
update switch state E False args=() kw={} ncanvase=4
GetSetpoint ===>> 0.0
GetProcessValue ===>> 1028.0
response t=426.698026896, out=0, setpoint=0, response=1028.0
14:57:31 -- CLOSE  VALVE-E (Bone to Minibone)
-------------------------- close E () result=[(True, True)]
action=close, ok=True, locked=[False]
close ('C',) {}
close name=C desc=---
checking ownership. requestor=129.138.12.137
check software interlocks C
interlocks []
actuate state mode=None-script, software_lock=False
doing actuation None-script close_channel True
Close C ===>> OK
GetIndicatorState C ===>> False
change switch state (True, True)
update switch state C False args=() kw={} ncanvase=4
14:57:31 -- CLOSE  VALVE-C (Bone to Turbo)
-------------------------- close C () result=[(True, True)]
action=close, ok=True, locked=[False]
sleep (2,) {}
SLEEP 2.0
block started
WaitControl setup for 2.0  
GetPercentOutput ===>> 0.0
GetSetpoint ===>> 0.0
GetProcessValue ===>> 1019.0
response t=428.7005229, out=0, setpoint=0, response=1019.0
Join finished
block finished. duration 2.02336597443
open ('J',) {}
open name=J desc=---
checking ownership. requestor=129.138.12.137
check software interlocks J
interlocks []
actuate state mode=None-script, software_lock=False
doing actuation None-script open_channel True
Open J ===>> OK
GetIndicatorState J ===>> OK
change switch state (True, True)
update switch state J True args=() kw={} ncanvase=4
14:57:34 -- OPEN   VALVE-J (Bone to APIS)
-------------------------- open J () result=[(True, True)]
action=open, ok=True, locked=[False]
sleep (30,) {}
SLEEP 30.0
block started
WaitControl setup for 30.0  
GetPercentOutput ===>> 0.0
GetSetpoint ===>> 0.0
GetProcessValue ===>> 1010.0
response t=430.701638937, out=0, setpoint=0, response=1010.0
GetPercentOutput ===>> 0.0
GetSetpoint ===>> 0.0
GetProcessValue ===>> 1002.0
response t=432.702626944, out=0, setpoint=0, response=1002.0
GetPercentOutput ===>> 0.0
GetSetpoint ===>> 0.0
GetProcessValue ===>> 994.0
response t=434.706547976, out=0, setpoint=0, response=994.0
GetPercentOutput ===>> 0.0
GetSetpoint ===>> 0.0
GetProcessValue ===>> 987.0
response t=436.708608866, out=0, setpoint=0, response=987.0
GetPercentOutput ===>> 0.0
GetSetpoint ===>> 0.0
GetProcessValue ===>> 980.0
response t=438.715294838, out=0, setpoint=0, response=980.0
GetPercentOutput ===>> 0.0
GetSetpoint ===>> 0.0
GetProcessValue ===>> 973.0
response t=440.720809937, out=0, setpoint=0, response=973.0
GetPercentOutput ===>> 0.0
GetSetpoint ===>> 0.0
GetProcessValue ===>> 966.0
response t=442.722362995, out=0, setpoint=0, response=966.0
GetPercentOutput ===>> 0.0
GetSetpoint ===>> 0.0
GetProcessValue ===>> 959.0
response t=444.721421957, out=0, setpoint=0, response=959.0
GetPercentOutput ===>> 0.0
GetSetpoint ===>> 0.0
GetProcessValue ===>> 952.0
response t=446.721343994, out=0, setpoint=0, response=952.0
GetPercentOutput ===>> 0.0
GetSetpoint ===>> 0.0
GetProcessValue ===>> 945.0
response t=448.722244024, out=0, setpoint=0, response=945.0
GetPercentOutput ===>> 0.0
GetSetpoint ===>> 0.0
GetProcessValue ===>> 939.0
response t=450.721904993, out=0, setpoint=0, response=939.0
GetPercentOutput ===>> 0.0
GetSetpoint ===>> 0.0
GetProcessValue ===>> 932.0
response t=452.723217964, out=0, setpoint=0, response=932.0
GetPercentOutput ===>> 0.0
GetSetpoint ===>> 0.0
GetProcessValue ===>> 926.0
response t=454.725147963, out=0, setpoint=0, response=926.0
GetPercentOutput ===>> 0.0
GetSetpoint ===>> 0.0
GetProcessValue ===>> 919.0
response t=456.731818914, out=0, setpoint=0, response=919.0
GetPercentOutput ===>> 0.0
GetSetpoint ===>> 0.0
GetProcessValue ===>> 913.0
response t=458.730973005, out=0, setpoint=0, response=913.0
Join finished
block finished. duration 30.1193449497
close ('J',) {}
close name=J desc=---
checking ownership. requestor=129.138.12.137
check software interlocks J
interlocks []
actuate state mode=None-script, software_lock=False
doing actuation None-script close_channel True
Close J ===>> OK
GetIndicatorState J ===>> False
change switch state (True, True)
update switch state J False args=() kw={} ncanvase=4
14:58:04 -- CLOSE  VALVE-J (Bone to APIS)
-------------------------- close J () result=[(True, True)]
action=close, ok=True, locked=[False]
open ('FC',) {}
open name=FC desc=---
checking ownership. requestor=129.138.12.137
check software interlocks FC
interlocks []
actuate state mode=None-script, software_lock=False
doing actuation None-script open_channel True
GetPercentOutput ===>> 0.0
GetSetpoint ===>> 0.0
GetProcessValue ===>> 907.0
response t=460.732969046, out=0, setpoint=0, response=907.0
Open FC ===>> OK
GetIndicatorState FC ===>> OK
change switch state (True, True)
update switch state FC True args=() kw={} ncanvase=4
14:58:06 -- OPEN   VALVE-FC (Furnace Turbo)
-------------------------- open FC () result=[(True, True)]
action=open, ok=True, locked=[False]
sleep (30.0,) {}
SLEEP 30.0
block started
WaitControl setup for 30.0  
GetPercentOutput ===>> 0.0
GetSetpoint ===>> 0.0
GetProcessValue ===>> 901.0
response t=462.734884977, out=0, setpoint=0, response=901.0
GetPercentOutput ===>> 0.0
GetSetpoint ===>> 0.0
GetProcessValue ===>> 895.0
response t=464.73703289, out=0, setpoint=0, response=895.0
GetPercentOutput ===>> 0.0
GetSetpoint ===>> 0.0
GetProcessValue ===>> 889.0
response t=466.739138842, out=0, setpoint=0, response=889.0
GetPercentOutput ===>> 0.0
GetSetpoint ===>> 0.0
GetProcessValue ===>> 883.0
response t=468.747230053, out=0, setpoint=0, response=883.0
GetPercentOutput ===>> 0.0
GetSetpoint ===>> 0.0
GetProcessValue ===>> 878.0
response t=470.750334024, out=0, setpoint=0, response=878.0
GetPercentOutput ===>> 0.0
GetSetpoint ===>> 0.0
GetProcessValue ===>> 872.0
response t=472.756145, out=0, setpoint=0, response=872.0
GetPercentOutput ===>> 0.0
GetSetpoint ===>> 0.0
GetProcessValue ===>> 867.0
response t=474.75651598, out=0, setpoint=0, response=867.0
GetPercentOutput ===>> 0.0
GetSetpoint ===>> 0.0
GetProcessValue ===>> 862.0
response t=476.761885881, out=0, setpoint=0, response=862.0
GetPercentOutput ===>> 0.0
GetSetpoint ===>> 0.0
GetProcessValue ===>> 856.0
response t=478.768019915, out=0, setpoint=0, response=856.0
GetPercentOutput ===>> 0.0
GetSetpoint ===>> 0.0
GetProcessValue ===>> 851.0
response t=480.769979, out=0, setpoint=0, response=851.0
GetPercentOutput ===>> 0.0
GetSetpoint ===>> 0.0
GetProcessValue ===>> 845.0
response t=482.771996975, out=0, setpoint=0, response=845.0
GetPercentOutput ===>> 0.0
GetSetpoint ===>> 0.0
GetProcessValue ===>> 841.0
response t=484.77403903, out=0, setpoint=0, response=841.0
GetPercentOutput ===>> 0.0
GetSetpoint ===>> 0.0
GetProcessValue ===>> 836.0
response t=486.782266855, out=0, setpoint=0, response=836.0
GetPercentOutput ===>> 0.0
GetSetpoint ===>> 0.0
GetProcessValue ===>> 831.0
response t=488.788074017, out=0, setpoint=0, response=831.0
GetPercentOutput ===>> 0.0
GetSetpoint ===>> 0.0
GetProcessValue ===>> 826.0
response t=490.787293911, out=0, setpoint=0, response=826.0
Join finished
block finished. duration 30.0818629265
stop_response_recorder () {}
stop response recorder
executed snippet estimated_duration=1446.5, duration=492.116994143
felix_furnace.py completed successfully
get achieved output
Requested Output= 0.000
Achieved Output=  0.000
get response blob
get output blob
active pid =HO,10;XP,10;TI,48;TD,8
persistence save...
persistence save - db
AutomatedRunPersister post_extraction_save deprecated
persistence save - dvc
no extraction position for 
not connected to db mysql://felixexp@129.138.12.160/labspy
Enviromentals: {'lab_humiditys': [{'device': 'EnvironmentalMonitor',
                    'name': 'Lab Hum.',
                    'pub_date': '2017-08-21T14:46:59',
                    'title': 'iServer Hum.',
                    'value': 55.6}],
 'lab_pneumatics': [{'device': 'AirPressure',
                     'name': 'Pressure',
                     'pub_date': '2017-08-21T14:57:41',
                     'title': None,
                     'value': 86.55},
                    {'device': 'AirPressure2',
                     'name': 'Pressure2',
                     'pub_date': '2017-08-21T14:57:43',
                     'title': None,
                     'value': 87.2677}],
 'lab_temperatures': [{'device': 'EnvironmentalMonitor',
                       'name': 'Lab Temp.',
                       'pub_date': '2017-08-21T14:58:15',
                       'title': 'iServer Temp.',
                       'value': 73.2},
                      {'device': 'Chiller',
                       'name': 'Coolant Temp.',
                       'pub_date': '2017-08-21T14:58:14',
                       'title': None,
                       'value': 18.0}]}
Extraction Finished
14:58:39 -- ******* Extraction Finished *******
no overlap. not waiting for min ms pumptime
14:58:39 -- Sending spectrometer configuration
======== Sending configuration ========
SetZFocus 1.65 ===>> OK
SetHV 9900.0 ===>> OK
SetZSymmetry 3.35 ===>> OK
SetExtractionLens 63.57 ===>> OK
SetIonRepeller -5.15 ===>> OK
SetElectronEnergy 125.02 ===>> OK
SetYSymmetry 38.07 ===>> OK
send trap current 250.0
GetParameter Trap Current Readback ===>> 248.942501373375
SetParameter Trap Current Set,250.0 ===>> OK
updating mftable name argon
Using mftable located at /Users/obama/PychronDev/setupfiles/spectrometer/mftables/argon.csv
============ MFtable ===========
Isotope  H2     H1     AX     L1     L2     L2(CDD)
Ar40     3.7662 3.8414 3.9195 4.0010 4.1086 4.0942
Ar39     3.6918 3.7662 3.8426 3.9255 4.0280 4.0132
Ar36     3.4654 3.4179 3.6071 3.6829 3.7916 3.7661
================================
get initial guess parabolic
get initial guess parabolic
get initial guess parabolic
get initial guess parabolic
get initial guess parabolic
get initial guess parabolic
======== Configuration Finished ========
GetYSymmetry ===>> 38.07
GetZSymmetry ===>> 3.35
GetParameter Trap Current Readback ===>> 247.935542940853
GetHighVoltage ===>> 9900
start measurement
do measurement
L#=65786 analysis type=unknown
Measurement Started felix_analysis400_120_no_save_center.py
14:58:39 -- ******* Measurement Started felix_analysis400_120_no_save_center.py *******
state changed from extraction to measurement
setting trap, emission, spec, defl, and gains
GetExtractionLens ===>> 63.57
GetYSymmetry ===>> 38.07
GetZSymmetry ===>> 3.35
GetZFocus ===>> 1.65
GetDeflection H2 (CDD) ===>> 3250
GetDeflection H1 (CDD) ===>> 3250
GetDeflection AX (CDD) ===>> 3250
GetDeflection L1 (CDD) ===>> 3250
GetDeflection L2 (CDD) ===>> 0
GetGain H2 ===>> 0.9809305
GetGain H1 ===>> 0.9706
GetGain AX ===>> 0.96269
GetGain L1 ===>> 0.970094835296087
GetGain L2 ===>> 0.967359864778375
GetGain H2(CDD) ===>> 0
GetGain H1(CDD) ===>> 0
GetGain AX(CDD) ===>> 0
GetGain L1(CDD) ===>> 0
GetGain L2(CDD) ===>> 0
GetParameter Trap Current Readback ===>> 247.711774400293
GetParameter Source Current Readback ===>> 889.751693828969
pre measurement save
New frame /Users/obama/PychronDev/data/isotopes/b3/1754d3-36a6-4aaf-95ba-8ea2842b1f79.h5
flush and close file /Users/obama/PychronDev/data/isotopes/b3/1754d3-36a6-4aaf-95ba-8ea2842b1f79.h5
testing...
no interpolation path defined
executed snippet estimated_duration=590.4304, duration=0.000212907791138
unknown measurement script
activate_detectors ('H2', 'H1', 'AX', 'L1', 'L2(CDD)') {}
activate detectors
*************** Set Analysis View Ar/Ar
create graphs
clearing graphs
clear isotope group
setting isotope det=H2, iso=Ar40
setting isotope det=H1, iso=Ar39
setting isotope det=AX, iso=Ar38
setting isotope det=L1, iso=Ar37
setting isotope det=L2(CDD), iso=Ar36
setting previous blanks
 - setting Ar40 blank 152.546+/-0.031
 - setting Ar36 blank 0.5049+/-0.0016
 - setting Ar37 blank 0.018+/-0.012
 - setting Ar38 blank 0.096+/-0.013
 - setting Ar39 blank 0.074+/-0.023
load analysis view
position_magnet ('Ar40',) {'detector': 'H2'}
detector Detector(H2)
POSITION Ar40 H2
setting detector H2 to Ar40 (39.9624)
setting detector H1 to Ar39 (38.8624)
setting detector AX to Ar38 (37.9624)
setting detector L1 to Ar37 (36.9624)
setting detector L2 to Ar36 (35.8624)
setting detector H2(CDD) to Ar40 (39.8624)
setting detector H1(CDD) to Ar39 (38.8624)
setting detector AX(CDD) to Ar38 (37.8624)
setting detector L1(CDD) to Ar37 (36.8624)
setting detector L2(CDD) to Ar36 (35.9624)
Mapping mass to dac mass func: "parabolic"
H2 map mass coeffs = [ -2.56720193e-04   9.47812314e-02   3.88504975e-01]
H2 map mass to dac 39.9624 >> 3.76621
GetHighVoltage ===>> 9900
positioning Ar40 (3.76621) on H2
setting magnet DAC
current  : 3.768210
requested: 3.766210
Delta Dac: 0.002000
Checking detector protection. dv=0.00200
SetMagnetDAC 3.76621 ===>> OK
Magnet settling time: 0.500 0.500
Magnet settling complete
set_dac. change=True
update labels <pychron.experiment.plot_panel.PlotPanel object at 0x1513cf8f0>
update labels "<pychron.graph.stacked_regression_graph.StackedRegressionGraph object at 0x11dfa29b0>"
setting label 0 H2 Ar40
setting label 1 H1 Ar39
setting label 2 AX Ar38
equilibrate () {'delay': 3, 'inlet': 'H', 'outlet': 'V', 'eqtime': 30.0}
setting label 3 L1 Ar37
Equilibration Started
setting label 4 L2(CDD) Ar36
14:58:40 -- ******* Equilibration Started *******
update labels "<pychron.graph.stacked_graph.StackedGraph object at 0x11dfa20b0>"
setting label 0 H2 Ar40
setting label 1 H1 Ar39
checking ownership. requestor=129.138.12.137
setting label 2 AX Ar38
check software interlocks V
setting label 3 L1 Ar37
interlocks []
setting label 4 L2(CDD) Ar36
actuate state mode=None-script, software_lock=False
doing actuation None-script close_channel True
Close V ===>> OK
GetIndicatorState V ===>> False
change switch state (True, True)
update switch state V False args=() kw={} ncanvase=4
14:58:40 -- CLOSE  VALVE-V (Felix Ion Pump)
waiting 3s before opening inlet value ('H',)
checking ownership. requestor=129.138.12.137
check software interlocks H
interlocks []
actuate state mode=None-script, software_lock=False
doing actuation None-script open_channel True
Open H ===>> OK
GetIndicatorState H ===>> OK
change switch state (True, True)
update switch state H True args=() kw={} ncanvase=4
14:58:43 -- OPEN   VALVE-H (Felix Inlet)
set_time_zero () {}
equilibrating for 30.0sec
sniff (30.0,) {}
py_sniff
build tables- sniff [Detector(H2), Detector(H1), Detector(AX), Detector(L1), Detector(L2(CDD))]
add group /sniff/Ar40 (Group) u'' table H2
add group /sniff/Ar39 (Group) u'' table H1
add group /sniff/Ar38 (Group) u'' table AX
add group /sniff/Ar37 (Group) u'' table L1
add group /sniff/Ar36 (Group) u'' table L2(CDD)
flush and close file /Users/obama/PychronDev/data/isotopes/b3/1754d3-36a6-4aaf-95ba-8ea2842b1f79.h5
measuring sniff. ncounts=30.0
"sniff" increment series count="1" fit count="0" regressing="False"
starting measurement
14:59:09 -- collecting point 25
Equilibration Finished
14:59:13 -- ******* Equilibration Finished *******
checking ownership. requestor=129.138.12.137
check software interlocks H
interlocks []
actuate state mode=None-script, software_lock=False
doing actuation None-script close_channel True
Close H ===>> OK
GetIndicatorState H ===>> False
change switch state (True, True)
update switch state H False args=() kw={} ncanvase=4
14:59:13 -- CLOSE  VALVE-H (Felix Inlet)
Post Equilibration Started felix_pump_extraction_line.py
14:59:13 -- ******* Post Equilibration Started felix_pump_extraction_line.py *******
testing...
no interpolation path defined
calculate duration
testing...
no interpolation path defined
executed snippet estimated_duration=4.0, duration=0.000295162200928
executed snippet estimated_duration=4.0, duration=0.00212693214417
Pump after analysis
doing GOSUB
testing...
no interpolation path defined
executed snippet estimated_duration=4.0, duration=0.000274896621704
Pump Bone
close () {'description': 'Felix Inlet'}
close name=--- desc=Felix Inlet
checking ownership. requestor=129.138.12.137
check software interlocks H
interlocks []
actuate state mode=None-script, software_lock=False
doing actuation None-script close_channel False
Close H ===>> OK
GetIndicatorState H ===>> False
change switch state (True, True)
update switch state H False args=() kw={} ncanvase=4
14:59:14 -- CLOSE  VALVE-H (Felix Inlet)
-------------------------- close None (Felix Inlet) result=[(True, True)]
action=close, ok=True, locked=[False]
is_closed ('A',) {}
is A () closed?
is closed False
close () {'description': 'CO2 Laser to Bone'}
close name=--- desc=CO2 Laser to Bone
checking ownership. requestor=129.138.12.137
check software interlocks F
interlocks []
actuate state mode=None-script, software_lock=True
VALVE-F(CO2 Laser to Bone) software locked
change switch state (True, False)
-------------------------- close None (CO2 Laser to Bone) result=[(True, False)]
action=close, ok=True, locked=[True]
sleep (1,) {}
SLEEP 1.0
close () {'description': 'CO2 Laser to Roughing'}
close name=--- desc=CO2 Laser to Roughing
checking ownership. requestor=129.138.12.137
check software interlocks G
interlocks []
actuate state mode=None-script, software_lock=True
VALVE-G(CO2 Laser to Roughing) software locked
change switch state (True, False)
-------------------------- close None (CO2 Laser to Roughing) result=[(True, False)]
action=close, ok=True, locked=[True]
open () {'description': 'Bone to Turbo'}
open name=--- desc=Bone to Turbo
checking ownership. requestor=129.138.12.137
check software interlocks C
interlocks []
actuate state mode=None-script, software_lock=False
doing actuation None-script open_channel True
Open C ===>> OK
GetIndicatorState C ===>> OK
change switch state (True, True)
update switch state C True args=() kw={} ncanvase=4
14:59:15 -- OPEN   VALVE-C (Bone to Turbo)
-------------------------- open None (Bone to Turbo) result=[(True, True)]
waiting for write to finish
measurement finished
estimated time: 31.457 actual time: :31.643
flush and close file /Users/obama/PychronDev/data/isotopes/b3/1754d3-36a6-4aaf-95ba-8ea2842b1f79.h5
set_fits () {}
using default fits file=/Users/obama/PychronDev/scripts/measurement/fits/nominal.yaml
set "Ar40" to "('Parabolic', 'SEM')"
set "Ar36" to "('Parabolic', 'SEM')"
set "Ar37" to "('linear', 'SEM')"
set "Ar38" to "('linear', 'SEM')"
set "Ar39" to "('Parabolic', 'SEM')"
set_baseline_fits () {}
using default fits file=/Users/obama/PychronDev/scripts/measurement/fits/nominal.yaml
action=open, ok=True, locked=[False]
open () {'description': 'Bone to Getter GP-50'}
set "H2" to "('average', 'SEM')"
open name=--- desc=Bone to Getter GP-50
set "L2(CDD)" to "('average', 'SEM')"
set "L1" to "('average', 'SEM')"
set "AX" to "('average', 'SEM')"
set "H1" to "('average', 'SEM')"
multicollect () {'integration_time': 1.048576, 'ncounts': 400}
checking ownership. requestor=129.138.12.137
build tables- signal [Detector(H2), Detector(H1), Detector(AX), Detector(L1), Detector(L2(CDD))]
check software interlocks N
interlocks []
actuate state mode=None-script, software_lock=False
add group /signal/Ar40 (Group) u'' table H2
doing actuation None-script open_channel False
add group /signal/Ar39 (Group) u'' table H1
add group /signal/Ar38 (Group) u'' table AX
add group /signal/Ar37 (Group) u'' table L1
add group /signal/Ar36 (Group) u'' table L2(CDD)
flush and close file /Users/obama/PychronDev/data/isotopes/b3/1754d3-36a6-4aaf-95ba-8ea2842b1f79.h5
measuring signal. ncounts=400
Open N ===>> OK
GetIndicatorState N ===>> OK
change switch state (True, True)
update switch state N True args=() kw={} ncanvase=4
14:59:15 -- OPEN   VALVE-N (Bone to Getter GP-50)
-------------------------- open None (Bone to Getter GP-50) result=[(True, True)]
"signal" increment series count="2" fit count="1" regressing="True"
action=open, ok=True, locked=[False]
open () {'description': 'Bone to Diode Laser'}
open name=--- desc=Bone to Diode Laser
checking ownership. requestor=129.138.12.137
check software interlocks B
interlocks []
actuate state mode=None-script, software_lock=False
doing actuation None-script open_channel True
Open B ===>> OK
GetIndicatorState B ===>> OK
change switch state (True, True)
update switch state B True args=() kw={} ncanvase=4
starting measurement
14:59:16 -- OPEN   VALVE-B (Bone to Diode Laser)
-------------------------- open None (Bone to Diode Laser) result=[(True, True)]
action=open, ok=True, locked=[False]
open () {'description': 'Bone to CO2 Laser'}
open name=--- desc=Bone to CO2 Laser
checking ownership. requestor=129.138.12.137
check software interlocks D
interlocks []
actuate state mode=None-script, software_lock=False
doing actuation None-script open_channel False
Open D ===>> OK
GetIndicatorState D ===>> OK
change switch state (True, True)
update switch state D True args=() kw={} ncanvase=4
14:59:16 -- OPEN   VALVE-D (Bone to CO2 Laser)
-------------------------- open None (Bone to CO2 Laser) result=[(True, True)]
action=open, ok=True, locked=[False]
sleep (1,) {}
SLEEP 1.0
set_resource () {'name': 'CO2PumpTimeFlag', 'value': 30}
Set CO2PumpTimeFlag 30 ===>> OK
release ('FelixCO2Flag',) {}
release FelixCO2Flag
Set FelixCO2Flag 0 ===>> OK
executed snippet estimated_duration=6.0, duration=4.24424409866
PumpBone.py completed successfully
gosub finished
get_resource_value () {'name': 'FelixMiniboneFlag'}
Read FelixMiniboneFlag ===>> 0
Get Resource Value FelixMiniboneFlag=0.0
executed snippet estimated_duration=4.0, duration=4.25338792801
felix_pump_extraction_line.py completed successfully
Post Equilibration Finished
14:59:18 -- ******* Post Equilibration Finished *******
GetDeflection L2 (CDD) ===>> 0
testing L2_CDD_==3250
evaluate ot="L2(CDD).deflection==3250" t="L2_CDD_==3250", ctx="{'L2_CDD_': 0.0}"
GetDeflection L2 (CDD) ===>> 0
testing L2_CDD_==3250
evaluate ot="L2(CDD).deflection==3250" t="L2_CDD_==3250", ctx="{'L2_CDD_': 0.0}"
14:59:41 -- collecting point 25
GetDeflection L2 (CDD) ===>> 0
testing L2_CDD_==3250
evaluate ot="L2(CDD).deflection==3250" t="L2_CDD_==3250", ctx="{'L2_CDD_': 0.0}"
GetDeflection L2 (CDD) ===>> 0
testing L2_CDD_==3250
evaluate ot="L2(CDD).deflection==3250" t="L2_CDD_==3250", ctx="{'L2_CDD_': 0.0}"
15:00:07 -- collecting point 50
GetDeflection L2 (CDD) ===>> 0
testing L2_CDD_==3250
evaluate ot="L2(CDD).deflection==3250" t="L2_CDD_==3250", ctx="{'L2_CDD_': 0.0}"
GetDeflection L2 (CDD) ===>> 0
testing L2_CDD_==3250
evaluate ot="L2(CDD).deflection==3250" t="L2_CDD_==3250", ctx="{'L2_CDD_': 0.0}"
GetDeflection L2 (CDD) ===>> 0
testing L2_CDD_==3250
evaluate ot="L2(CDD).deflection==3250" t="L2_CDD_==3250", ctx="{'L2_CDD_': 0.0}"
15:00:34 -- collecting point 75
GetDeflection L2 (CDD) ===>> 0
testing L2_CDD_==3250
evaluate ot="L2(CDD).deflection==3250" t="L2_CDD_==3250", ctx="{'L2_CDD_': 0.0}"
GetDeflection L2 (CDD) ===>> 0
testing L2_CDD_==3250
evaluate ot="L2(CDD).deflection==3250" t="L2_CDD_==3250", ctx="{'L2_CDD_': 0.0}"
15:01:00 -- collecting point 100
GetDeflection L2 (CDD) ===>> 0
testing L2_CDD_==3250
evaluate ot="L2(CDD).deflection==3250" t="L2_CDD_==3250", ctx="{'L2_CDD_': 0.0}"
GetDeflection L2 (CDD) ===>> 0
testing L2_CDD_==3250
evaluate ot="L2(CDD).deflection==3250" t="L2_CDD_==3250", ctx="{'L2_CDD_': 0.0}"
GetDeflection L2 (CDD) ===>> 0
testing L2_CDD_==3250
evaluate ot="L2(CDD).deflection==3250" t="L2_CDD_==3250", ctx="{'L2_CDD_': 0.0}"
15:01:26 -- collecting point 125
GetDeflection L2 (CDD) ===>> 0
testing L2_CDD_==3250
evaluate ot="L2(CDD).deflection==3250" t="L2_CDD_==3250", ctx="{'L2_CDD_': 0.0}"
GetDeflection L2 (CDD) ===>> 0
testing L2_CDD_==3250
evaluate ot="L2(CDD).deflection==3250" t="L2_CDD_==3250", ctx="{'L2_CDD_': 0.0}"
15:01:53 -- collecting point 150
GetDeflection L2 (CDD) ===>> 0
testing L2_CDD_==3250
evaluate ot="L2(CDD).deflection==3250" t="L2_CDD_==3250", ctx="{'L2_CDD_': 0.0}"
GetDeflection L2 (CDD) ===>> 0
testing L2_CDD_==3250
evaluate ot="L2(CDD).deflection==3250" t="L2_CDD_==3250", ctx="{'L2_CDD_': 0.0}"
GetDeflection L2 (CDD) ===>> 0
testing L2_CDD_==3250
evaluate ot="L2(CDD).deflection==3250" t="L2_CDD_==3250", ctx="{'L2_CDD_': 0.0}"
15:02:19 -- collecting point 175
GetDeflection L2 (CDD) ===>> 0
testing L2_CDD_==3250
evaluate ot="L2(CDD).deflection==3250" t="L2_CDD_==3250", ctx="{'L2_CDD_': 0.0}"
GetDeflection L2 (CDD) ===>> 0
testing L2_CDD_==3250
evaluate ot="L2(CDD).deflection==3250" t="L2_CDD_==3250", ctx="{'L2_CDD_': 0.0}"
15:02:45 -- collecting point 200
GetDeflection L2 (CDD) ===>> 0
testing L2_CDD_==3250
evaluate ot="L2(CDD).deflection==3250" t="L2_CDD_==3250", ctx="{'L2_CDD_': 0.0}"
GetDeflection L2 (CDD) ===>> 0
testing L2_CDD_==3250
evaluate ot="L2(CDD).deflection==3250" t="L2_CDD_==3250", ctx="{'L2_CDD_': 0.0}"
GetDeflection L2 (CDD) ===>> 0
testing L2_CDD_==3250
evaluate ot="L2(CDD).deflection==3250" t="L2_CDD_==3250", ctx="{'L2_CDD_': 0.0}"
15:03:11 -- collecting point 225
GetDeflection L2 (CDD) ===>> 0
testing L2_CDD_==3250
evaluate ot="L2(CDD).deflection==3250" t="L2_CDD_==3250", ctx="{'L2_CDD_': 0.0}"
set states for children of O. state=True
handle state [('O', True)]
update switch state O True args=() kw={'refresh': False} ncanvase=4
refresh_canvas_needed fired
GetDeflection L2 (CDD) ===>> 0
testing L2_CDD_==3250
evaluate ot="L2(CDD).deflection==3250" t="L2_CDD_==3250", ctx="{'L2_CDD_': 0.0}"
15:03:38 -- collecting point 250
GetDeflection L2 (CDD) ===>> 0
testing L2_CDD_==3250
evaluate ot="L2(CDD).deflection==3250" t="L2_CDD_==3250", ctx="{'L2_CDD_': 0.0}"
GetDeflection L2 (CDD) ===>> 0
testing L2_CDD_==3250
evaluate ot="L2(CDD).deflection==3250" t="L2_CDD_==3250", ctx="{'L2_CDD_': 0.0}"
GetDeflection L2 (CDD) ===>> 0
testing L2_CDD_==3250
evaluate ot="L2(CDD).deflection==3250" t="L2_CDD_==3250", ctx="{'L2_CDD_': 0.0}"
15:04:04 -- collecting point 275
GetDeflection L2 (CDD) ===>> 0
testing L2_CDD_==3250
evaluate ot="L2(CDD).deflection==3250" t="L2_CDD_==3250", ctx="{'L2_CDD_': 0.0}"
GetDeflection L2 (CDD) ===>> 0
testing L2_CDD_==3250
evaluate ot="L2(CDD).deflection==3250" t="L2_CDD_==3250", ctx="{'L2_CDD_': 0.0}"
15:04:30 -- collecting point 300
set states for children of U. state=False
handle state [('U', False)]
update switch state U False args=() kw={'refresh': False} ncanvase=4
refresh_canvas_needed fired
GetDeflection L2 (CDD) ===>> 0
testing L2_CDD_==3250
evaluate ot="L2(CDD).deflection==3250" t="L2_CDD_==3250", ctx="{'L2_CDD_': 0.0}"
GetDeflection L2 (CDD) ===>> 0
testing L2_CDD_==3250
evaluate ot="L2(CDD).deflection==3250" t="L2_CDD_==3250", ctx="{'L2_CDD_': 0.0}"
GetDeflection L2 (CDD) ===>> 0
testing L2_CDD_==3250
evaluate ot="L2(CDD).deflection==3250" t="L2_CDD_==3250", ctx="{'L2_CDD_': 0.0}"
15:04:56 -- collecting point 325
GetDeflection L2 (CDD) ===>> 0
testing L2_CDD_==3250
evaluate ot="L2(CDD).deflection==3250" t="L2_CDD_==3250", ctx="{'L2_CDD_': 0.0}"
GetDeflection L2 (CDD) ===>> 0
testing L2_CDD_==3250
evaluate ot="L2(CDD).deflection==3250" t="L2_CDD_==3250", ctx="{'L2_CDD_': 0.0}"
15:05:23 -- collecting point 350
GetDeflection L2 (CDD) ===>> 0
testing L2_CDD_==3250
evaluate ot="L2(CDD).deflection==3250" t="L2_CDD_==3250", ctx="{'L2_CDD_': 0.0}"
GetDeflection L2 (CDD) ===>> 0
testing L2_CDD_==3250
evaluate ot="L2(CDD).deflection==3250" t="L2_CDD_==3250", ctx="{'L2_CDD_': 0.0}"
set states for children of O. state=False
handle state [('O', False)]
update switch state O False args=() kw={'refresh': False} ncanvase=4
refresh_canvas_needed fired
GetDeflection L2 (CDD) ===>> 0
testing L2_CDD_==3250
evaluate ot="L2(CDD).deflection==3250" t="L2_CDD_==3250", ctx="{'L2_CDD_': 0.0}"
15:05:49 -- collecting point 375
set states for children of R. state=True
handle state [('R', True)]
update switch state R True args=() kw={'refresh': False} ncanvase=4
refresh_canvas_needed fired
GetDeflection L2 (CDD) ===>> 0
testing L2_CDD_==3250
evaluate ot="L2(CDD).deflection==3250" t="L2_CDD_==3250", ctx="{'L2_CDD_': 0.0}"
set states for children of R. state=False
set states for children of U. state=True
handle state [('R', False), ('U', True)]
update switch state R False args=() kw={'refresh': True} ncanvase=4
update switch state U True args=() kw={'refresh': False} ncanvase=4
refresh_canvas_needed fired
GetDeflection L2 (CDD) ===>> 0
testing L2_CDD_==3250
evaluate ot="L2(CDD).deflection==3250" t="L2_CDD_==3250", ctx="{'L2_CDD_': 0.0}"
15:06:15 -- collecting point 400
waiting for write to finish
measurement finished
estimated time: 419.430 actual time: :420.462
flush and close file /Users/obama/PychronDev/data/isotopes/b3/1754d3-36a6-4aaf-95ba-8ea2842b1f79.h5
baselines () {'settling_time': 15.0, 'detector': 'H2', 'mass': 39.862, 'ncounts': 120}
%%%%%%%%%%%%%%%%%%%%%%%%%%%%%%%% Baseline
build tables- baseline [Detector(H2), Detector(H1), Detector(AX), Detector(L1), Detector(L2(CDD))]
add group baseline table H2
add group baseline table H1
add group baseline table AX
add group baseline table L1
add group baseline table L2(CDD)
flush and close file /Users/obama/PychronDev/data/isotopes/b3/1754d3-36a6-4aaf-95ba-8ea2842b1f79.h5
detector Detector(H2)
POSITION 39.862 H2
Mapping mass to dac mass func: "parabolic"
H2 map mass coeffs = [ -2.56720193e-04   9.47812314e-02   3.88504975e-01]
H2 map mass to dac 39.862 >> 3.75875141492
GetHighVoltage ===>> 9900
positioning 39.862 (3.75875141492) on H2
setting magnet DAC
current  : 3.766210
requested: 3.758751
Delta Dac: 0.007459
Checking detector protection. dv=0.00746
SetMagnetDAC 3.75875141492 ===>> OK
Magnet settling time: 0.500 0.500
Magnet settling complete
set_dac. change=True
Delaying 15.0s for detectors to settle
Join finished
measuring baseline. ncounts=120
"baseline" increment series count="2" fit count="1" regressing="True"
starting measurement
GetDeflection L2 (CDD) ===>> 0
testing L2_CDD_==3250
evaluate ot="L2(CDD).deflection==3250" t="L2_CDD_==3250", ctx="{'L2_CDD_': 0.0}"
GetDeflection L2 (CDD) ===>> 0
testing L2_CDD_==3250
evaluate ot="L2(CDD).deflection==3250" t="L2_CDD_==3250", ctx="{'L2_CDD_': 0.0}"
15:06:58 -- collecting point 25
GetDeflection L2 (CDD) ===>> 0
testing L2_CDD_==3250
evaluate ot="L2(CDD).deflection==3250" t="L2_CDD_==3250", ctx="{'L2_CDD_': 0.0}"
GetDeflection L2 (CDD) ===>> 0
testing L2_CDD_==3250
evaluate ot="L2(CDD).deflection==3250" t="L2_CDD_==3250", ctx="{'L2_CDD_': 0.0}"
15:07:25 -- collecting point 50
GetDeflection L2 (CDD) ===>> 0
testing L2_CDD_==3250
evaluate ot="L2(CDD).deflection==3250" t="L2_CDD_==3250", ctx="{'L2_CDD_': 0.0}"
GetDeflection L2 (CDD) ===>> 0
testing L2_CDD_==3250
evaluate ot="L2(CDD).deflection==3250" t="L2_CDD_==3250", ctx="{'L2_CDD_': 0.0}"
GetDeflection L2 (CDD) ===>> 0
testing L2_CDD_==3250
evaluate ot="L2(CDD).deflection==3250" t="L2_CDD_==3250", ctx="{'L2_CDD_': 0.0}"
15:07:51 -- collecting point 75
GetDeflection L2 (CDD) ===>> 0
testing L2_CDD_==3250
evaluate ot="L2(CDD).deflection==3250" t="L2_CDD_==3250", ctx="{'L2_CDD_': 0.0}"
GetDeflection L2 (CDD) ===>> 0
testing L2_CDD_==3250
evaluate ot="L2(CDD).deflection==3250" t="L2_CDD_==3250", ctx="{'L2_CDD_': 0.0}"
15:08:17 -- collecting point 100
GetDeflection L2 (CDD) ===>> 0
testing L2_CDD_==3250
evaluate ot="L2(CDD).deflection==3250" t="L2_CDD_==3250", ctx="{'L2_CDD_': 0.0}"
GetDeflection L2 (CDD) ===>> 0
testing L2_CDD_==3250
evaluate ot="L2(CDD).deflection==3250" t="L2_CDD_==3250", ctx="{'L2_CDD_': 0.0}"
State checksums do not match. Local:524719284 Remote:-2065068333
State checksum failed
set states for children of O. state=True
handle state [('O', True)]
update switch state O True args=() kw={'refresh': False} ncanvase=4
refresh_canvas_needed fired
waiting for write to finish
measurement finished
estimated time: 125.829 actual time: :126.928
flush and close file /Users/obama/PychronDev/data/isotopes/b3/1754d3-36a6-4aaf-95ba-8ea2842b1f79.h5
activate_detectors ('H1', 'L2(CDD)') {'peak_center': True}
peak_center () {'detector': 'H2', 'save': False, 'integration_time': 1.048576, 'isotope': 'Ar40'}
peak center: mean=805.820518358 threshold=1.0
peak center started
setup peak center. detector=['H2', 'H1', 'L2(CDD)'], isotope=Ar40
VersionedUnpickler [<apptools.sweet_pickle.versioned_unpickler.VersionedUnpickler object at 0x14b7607d0>] using Updater [<apptools.sweet_pickle.updater.Updater object at 0x120213830>]
VersionedUnpickler [<apptools.sweet_pickle.versioned_unpickler.VersionedUnpickler object at 0x14b7607d0>] using Updater [<apptools.sweet_pickle.updater.Updater object at 0x120213830>]
VersionedUnpickler [<apptools.sweet_pickle.versioned_unpickler.VersionedUnpickler object at 0x14b7607d0>] using Updater [<apptools.sweet_pickle.updater.Updater object at 0x120213830>]
setting integration time = 0.524288
SetIntegrationTime 0.524288 ===>> OK
Mapping mass to dac mass func: "parabolic"
H2 map mass coeffs = [ -2.56720193e-04   9.47812314e-02   3.88504975e-01]
H2 map mass to dac 39.9624 >> 3.76621
GetHighVoltage ===>> 9900
do peak center. <pychron.spectrometer.jobs.peak_center.PeakCenter object at 0x12fbac890>
doing pc
starting peak center. center dac= 3.76621 step_width=0.0001
width = 0.0001
get scan parameters. half-width=0.002,window=0.002, i=0, scalar=1
Scan parameters center=3.76621 width=0.00400 (3.76421 - 3.76821)
Moving to starting dac 3.76421
setting magnet DAC
current  : 3.758751
requested: 3.764210
Delta Dac: 0.005459
Checking detector protection. dv=0.00546
SetMagnetDAC 3.76421 ===>> OK
Magnet settling time: 0.500 0.500
Magnet settling complete
set_dac. change=True
Wait until signal near baseline. tol= 0.0941067995509. timeout= 10
refresh_lock_state fired. ('H', True)
refresh_lock_state fired. ('V', True)
refresh_canvas_needed fired
Peak center failed to move to a baseline position
_do_sweep sm= 3.76421, em= 3.76821, stm= 0.0001
calculated step values: start=3.76421, end=3.76821, width=0.0001, nsteps=41.0
setting magnet DAC
current  : 3.764210
requested: 3.764210
Delta Dac: 0.000000
Checking detector protection. dv=0.00000
set_dac. change=False
setting magnet DAC
current  : 3.764210
requested: 3.764313
Delta Dac: 0.000103
Checking detector protection. dv=0.00010
Magnet settling time: 1.049 0.500
Magnet settling complete
set_dac. change=True
setting magnet DAC
current  : 3.764313
requested: 3.764415
Delta Dac: 0.000103
Checking detector protection. dv=0.00010
Magnet settling time: 1.049 0.500
Magnet settling complete
set_dac. change=True
setting magnet DAC
current  : 3.764415
requested: 3.764518
Delta Dac: 0.000103
Checking detector protection. dv=0.00010
Magnet settling time: 1.049 0.500
Magnet settling complete
set_dac. change=True
setting magnet DAC
current  : 3.764518
requested: 3.764620
Delta Dac: 0.000103
Checking detector protection. dv=0.00010
Magnet settling time: 1.049 0.500
Magnet settling complete
set_dac. change=True
setting magnet DAC
current  : 3.764620
requested: 3.764723
Delta Dac: 0.000103
Checking detector protection. dv=0.00010
Magnet settling time: 1.049 0.500
Magnet settling complete
set_dac. change=True
setting magnet DAC
current  : 3.764723
requested: 3.764825
Delta Dac: 0.000103
Checking detector protection. dv=0.00010
Magnet settling time: 1.049 0.500
Magnet settling complete
set_dac. change=True
setting magnet DAC
current  : 3.764825
requested: 3.764928
Delta Dac: 0.000103
Checking detector protection. dv=0.00010
Magnet settling time: 1.049 0.500
Magnet settling complete
set_dac. change=True
setting magnet DAC
current  : 3.764928
requested: 3.765031
Delta Dac: 0.000103
Checking detector protection. dv=0.00010
Magnet settling time: 1.049 0.500
Magnet settling complete
set_dac. change=True
setting magnet DAC
current  : 3.765031
requested: 3.765133
Delta Dac: 0.000103
Checking detector protection. dv=0.00010
Magnet settling time: 1.049 0.500
Magnet settling complete
set_dac. change=True
setting magnet DAC
current  : 3.765133
requested: 3.765236
Delta Dac: 0.000103
Checking detector protection. dv=0.00010
Magnet settling time: 1.049 0.500
Magnet settling complete
set_dac. change=True
setting magnet DAC
current  : 3.765236
requested: 3.765338
Delta Dac: 0.000103
Checking detector protection. dv=0.00010
Magnet settling time: 1.049 0.500
Magnet settling complete
set_dac. change=True
setting magnet DAC
current  : 3.765338
requested: 3.765441
Delta Dac: 0.000103
Checking detector protection. dv=0.00010
Magnet settling time: 1.049 0.500
Magnet settling complete
set_dac. change=True
setting magnet DAC
current  : 3.765441
requested: 3.765543
Delta Dac: 0.000103
Checking detector protection. dv=0.00010
Magnet settling time: 1.049 0.500
Magnet settling complete
set_dac. change=True
setting magnet DAC
current  : 3.765543
requested: 3.765646
Delta Dac: 0.000103
Checking detector protection. dv=0.00010
Magnet settling time: 1.049 0.500
Magnet settling complete
set_dac. change=True
setting magnet DAC
current  : 3.765646
requested: 3.765748
Delta Dac: 0.000103
Checking detector protection. dv=0.00010
Magnet settling time: 1.049 0.500
Magnet settling complete
set_dac. change=True
setting magnet DAC
current  : 3.765748
requested: 3.765851
Delta Dac: 0.000103
Checking detector protection. dv=0.00010
Magnet settling time: 1.049 0.500
Magnet settling complete
set_dac. change=True
setting magnet DAC
current  : 3.765851
requested: 3.765954
Delta Dac: 0.000103
Checking detector protection. dv=0.00010
Magnet settling time: 1.049 0.500
Magnet settling complete
set_dac. change=True
setting magnet DAC
current  : 3.765954
requested: 3.766056
Delta Dac: 0.000103
Checking detector protection. dv=0.00010
Magnet settling time: 1.049 0.500
Magnet settling complete
set_dac. change=True
setting magnet DAC
current  : 3.766056
requested: 3.766159
Delta Dac: 0.000103
Checking detector protection. dv=0.00010
Magnet settling time: 1.049 0.500
Magnet settling complete
set_dac. change=True
setting magnet DAC
current  : 3.766159
requested: 3.766261
Delta Dac: 0.000103
Checking detector protection. dv=0.00010
Magnet settling time: 1.049 0.500
Magnet settling complete
set_dac. change=True
setting magnet DAC
current  : 3.766261
requested: 3.766364
Delta Dac: 0.000103
Checking detector protection. dv=0.00010
Magnet settling time: 1.049 0.500
Magnet settling complete
set_dac. change=True
setting magnet DAC
current  : 3.766364
requested: 3.766466
Delta Dac: 0.000103
Checking detector protection. dv=0.00010
Magnet settling time: 1.049 0.500
Magnet settling complete
set_dac. change=True
setting magnet DAC
current  : 3.766466
requested: 3.766569
Delta Dac: 0.000103
Checking detector protection. dv=0.00010
Magnet settling time: 1.049 0.500
Magnet settling complete
set_dac. change=True
setting magnet DAC
current  : 3.766569
requested: 3.766672
Delta Dac: 0.000103
Checking detector protection. dv=0.00010
Magnet settling time: 1.049 0.500
Magnet settling complete
set_dac. change=True
setting magnet DAC
current  : 3.766672
requested: 3.766774
Delta Dac: 0.000103
Checking detector protection. dv=0.00010
Magnet settling time: 1.049 0.500
Magnet settling complete
set_dac. change=True
setting magnet DAC
current  : 3.766774
requested: 3.766877
Delta Dac: 0.000103
Checking detector protection. dv=0.00010
Magnet settling time: 1.049 0.500
Magnet settling complete
set_dac. change=True
setting magnet DAC
current  : 3.766877
requested: 3.766979
Delta Dac: 0.000103
Checking detector protection. dv=0.00010
Magnet settling time: 1.049 0.500
Magnet settling complete
set_dac. change=True
setting magnet DAC
current  : 3.766979
requested: 3.767082
Delta Dac: 0.000103
Checking detector protection. dv=0.00010
Magnet settling time: 1.049 0.500
Magnet settling complete
set_dac. change=True
setting magnet DAC
current  : 3.767082
requested: 3.767184
Delta Dac: 0.000103
Checking detector protection. dv=0.00010
Magnet settling time: 1.049 0.500
Magnet settling complete
set_dac. change=True
setting magnet DAC
current  : 3.767184
requested: 3.767287
Delta Dac: 0.000103
Checking detector protection. dv=0.00010
Magnet settling time: 1.049 0.500
Magnet settling complete
set_dac. change=True
setting magnet DAC
current  : 3.767287
requested: 3.767389
Delta Dac: 0.000103
Checking detector protection. dv=0.00010
Magnet settling time: 1.049 0.500
Magnet settling complete
set_dac. change=True
setting magnet DAC
current  : 3.767389
requested: 3.767492
Delta Dac: 0.000103
Checking detector protection. dv=0.00010
Magnet settling time: 1.049 0.500
Magnet settling complete
set_dac. change=True
setting magnet DAC
current  : 3.767492
requested: 3.767595
Delta Dac: 0.000103
Checking detector protection. dv=0.00010
Magnet settling time: 1.049 0.500
Magnet settling complete
set_dac. change=True
setting magnet DAC
current  : 3.767595
requested: 3.767697
Delta Dac: 0.000103
Checking detector protection. dv=0.00010
Magnet settling time: 1.049 0.500
Magnet settling complete
set_dac. change=True
setting magnet DAC
current  : 3.767697
requested: 3.767800
Delta Dac: 0.000103
Checking detector protection. dv=0.00010
Magnet settling time: 1.049 0.500
Magnet settling complete
set_dac. change=True
setting magnet DAC
current  : 3.767800
requested: 3.767902
Delta Dac: 0.000103
Checking detector protection. dv=0.00010
Magnet settling time: 1.049 0.500
Magnet settling complete
set_dac. change=True
setting magnet DAC
current  : 3.767902
requested: 3.768005
Delta Dac: 0.000103
Checking detector protection. dv=0.00010
Magnet settling time: 1.049 0.500
Magnet settling complete
set_dac. change=True
setting magnet DAC
current  : 3.768005
requested: 3.768107
Delta Dac: 0.000103
Checking detector protection. dv=0.00010
Magnet settling time: 1.049 0.500
Magnet settling complete
set_dac. change=True
setting magnet DAC
current  : 3.768107
requested: 3.768210
Delta Dac: 0.000103
Checking detector protection. dv=0.00010
Magnet settling time: 1.049 0.500
Magnet settling complete
set_dac. change=True
result of _do_sweep=True
result of _calculate_peak_center=([3.7649114028056108, 3.7660737274549092, 3.7672360521042076], [586.70529616474619, 790.08411511812358, 585.6269010741936], 3.766053687374749, 790.08411511812358)
new center pos Detector(H2) (Ar40) @ 3.76607372745
GetHighVoltage ===>> 9900
dac uncorrected for HV and deflection 3.76607372745
setting integration time = 1.048576
sweep finished
SetIntegrationTime 1.048576 ===>> OK
flush and close file /Users/obama/PychronDev/data/isotopes/b3/1754d3-36a6-4aaf-95ba-8ea2842b1f79.h5
finished measure script
executed snippet estimated_duration=590.4304, duration=654.396853209
felix_analysis400_120_no_save_center.py completed successfully
Measurement Finished
15:09:33 -- ******* Measurement Finished *******
Post Measurement Started felix_pump_ms.py
15:09:33 -- ******* Post Measurement Started felix_pump_ms.py *******
testing...
no interpolation path defined
executed snippet estimated_duration=0, duration=4.48226928711e-05
Pumping spectrometer
open () {'name': 'V'}
open name=V desc=---
checking ownership. requestor=129.138.12.137
check software interlocks V
interlocks []
actuate state mode=None-script, software_lock=True
VALVE-V(Felix Ion Pump) software locked
change switch state (True, False)
-------------------------- open V () result=[(True, False)]
action=open, ok=True, locked=[True]
executed snippet estimated_duration=0, duration=0.00493788719177
felix_pump_ms.py completed successfully
setting _ms_pumptime
Post Measurement Finished
15:09:33 -- ******* Post Measurement Finished *******
$$$$$$$$$$$$$$$$$$$$ state at run end measurement
state changed from measurement to success
post measurement save measured=True aborted=False
Set filtering
setting fod for Ar40= {'filter_outliers': True, 'std_devs': 2, 'iterations': 2}
setting fod for H2= {'filter_outliers': True, 'std_devs': 2, 'iterations': 1}
setting fod for Ar36= {'filter_outliers': True, 'std_devs': 2, 'iterations': 2}
setting fod for L2(CDD)= {'filter_outliers': True, 'std_devs': 2, 'iterations': 1}
setting fod for Ar37= {'filter_outliers': True, 'std_devs': 2, 'iterations': 2}
setting fod for L1= {'filter_outliers': True, 'std_devs': 2, 'iterations': 1}
setting fod for Ar38= {'filter_outliers': True, 'std_devs': 2, 'iterations': 2}
setting fod for AX= {'filter_outliers': True, 'std_devs': 2, 'iterations': 1}
setting fod for Ar39= {'filter_outliers': True, 'std_devs': 2, 'iterations': 2}
setting fod for H1= {'filter_outliers': True, 'std_devs': 2, 'iterations': 1}
not connected to db mysql://felixexp@129.138.12.160/labspy
Enviromentals: {'lab_humiditys': [{'device': 'EnvironmentalMonitor',
                    'name': 'Lab Hum.',
                    'pub_date': '2017-08-21T15:05:24',
                    'title': 'iServer Hum.',
                    'value': 55.5}],
 'lab_pneumatics': [{'device': 'AirPressure',
                     'name': 'Pressure',
                     'pub_date': '2017-08-21T15:07:45',
                     'title': None,
                     'value': 103.875},
                    {'device': 'AirPressure2',
                     'name': 'Pressure2',
                     'pub_date': '2017-08-21T15:07:47',
                     'title': None,
                     'value': 105.94324}],
 'lab_temperatures': [{'device': 'EnvironmentalMonitor',
                       'name': 'Lab Temp.',
                       'pub_date': '2017-08-21T14:58:15',
                       'title': 'iServer Temp.',
                       'value': 73.2},
                      {'device': 'Chiller',
                       'name': 'Coolant Temp.',
                       'pub_date': '2017-08-21T15:08:16',
                       'title': None,
                       'value': 18.0}]}
persistence save...
persistence save - db
post measurement save
5065932336 connecting to database sqlite://@/
connected to db sqlite://@/
create new session 5065932336
close session 5065932336
No database instance. Not saving post measurement to isotopedb database
$$$$$$$$$$$$$$$ auto_save_detector_ic=False
massspec enabled True
create new session 4784494736
MassSpec Database Version: 16.0
close session 4784494736
saving post measurement to secondary database
saving to massspec database 129.138.12.160/massspecdata
setting labnumber to 65786
setting aliquot to 2
setting step to AJ
setting uuid to b31754d3-36a6-4aaf-95ba-8ea2842b1f79
setting irradpos to 65786
setting extract_device to NMGRL Furnace
setting tray to 
setting position to 
setting power_requested to 1600.0
setting extract_value to 1600.0
setting duration to 360.0
setting duration_at_request to 360.0
setting first_stage_delay to 360.0
setting cleanup to 30.0
setting comment to A:5 and A:6 12.83 mg
setting irradiation to NM-291
setting level to C
setting irradiation_level to C
setting sample to 418
setting material to Feldspar
setting project to IR1013
setting mass_spectrometer to Felix
no attribute chron_dosages
no attribute production_ratios
no attribute interference_corrections
no attribute production_name
no attribute j
Reference Isotope=Ar40
Reference Detector=H2
%%%%%%%%%%%%%%%%%%%% Comment: A:5 and A:6 12.83 mg %%%%%%%%%%%%%%%%%%%
adding isotope Ar40 H2
add baseline dbdet= Ar40. original det= H2
get baseline data Ar40 H2
Get data baseline <pychron.processing.isotope.Baseline object at 0x166976690> len t=120
baseline Ar40. v=0.0448300245057, e=0.00869631168461
get signal data Ar40 H2
Get data signal Ar40 852.69+/-0.07 len t=400
adding isotope Ar39 H1
add baseline dbdet= Ar39. original det= H1
get baseline data Ar39 H1
Get data baseline <pychron.processing.isotope.Baseline object at 0x166976050> len t=120
baseline Ar39. v=-0.0455636410131, e=0.0109007740146
get signal data Ar39 H1
Get data signal Ar39 34.602+/-0.025 len t=400
adding isotope Ar38 AX
add baseline dbdet= Ar38. original det= AX
get baseline data Ar38 AX
Get data baseline <pychron.processing.isotope.Baseline object at 0x166976f10> len t=120
baseline Ar38. v=-0.133699787845, e=0.010341815834
get signal data Ar38 AX
Get data signal Ar38 1.500+/-0.013 len t=400
adding isotope Ar37 L1
add baseline dbdet= Ar37. original det= L1
get baseline data Ar37 L1
Get data baseline <pychron.processing.isotope.Baseline object at 0x14c23af90> len t=120
baseline Ar37. v=-0.614183559449, e=0.0103382843679
get signal data Ar37 L1
Get data signal Ar37 0.927+/-0.011 len t=400
adding isotope Ar36 L2(CDD)
add baseline dbdet= Ar36. original det= L2(CDD)
get baseline data Ar36 L2(CDD)
Get data baseline <pychron.processing.isotope.Baseline object at 0x14c23add0> len t=120
baseline Ar36. v=0.0, e=0.0
get signal data Ar36 L2(CDD)
Get data signal Ar36 1.6699+/-0.0031 len t=400
65786-02AJ added analysis time 0.557981014252s
analysis added to mass spec database
mass spec save time= 0.570
persistence save - dvc
================= post measurement started
create new session 4719173072
close session 4719173072
---------------- Experiment Queue saving disabled
DVC saving peakcenter
Smart pull ahead: 0 behind: 0
Up-to-date with origin
add to repo msg=modified - 44c6f8761147de90179e8a3952e48831c78a9a46.json
add to repo msg=modified - 86-02AJ.json
add to repo msg=modified - 86-02AJ.dat.json
add to repo msg=modified - 86-02AJ.blan.json
add to repo msg=modified - 86-02AJ.inte.json
add to repo msg=modified - 86-02AJ.icfa.json
add to repo msg=modified - 86-02AJ.base.json
not at valid file /Users/obama/PychronDev/data/.dvc/repositories/IR1013/657/tags/86-02AJ.tags.json
add to repo msg=modified - 86-02AJ.peak.json
add to repo msg=modified - 86-02AJ.extr.json
not at valid file /Users/obama/PychronDev/data/.dvc/repositories/IR1013/657/monitor/86-02AJ.moni.json
commit message=<COLLECTION>
add to repo msg=modified - 86-02AJ.inte.json
add to repo msg=modified - 86-02AJ.base.json
commit message=<ISOEVO> default collection fits
add to repo msg=modified - 86-02AJ.blan.json
commit message=<BLANKS> preceding bu-NF-F-190
add to repo msg=modified - 86-02AJ.icfa.json
commit message=<ICFactor> default
push repository <pychron.git_archive.repo_manager.GitRepoManager object at 0x150033a10>
pushing to remote=origin, url=https://github.com
no changes to meta repo
set states for children of U. state=False
handle state [('U', False)]
update switch state U False args=() kw={'refresh': False} ncanvase=4
refresh_canvas_needed fired
create new session 4719173072
add association IR1013
get identifier "65786"
setting analysis irradiation position=<pychron.dvc.dvc_orm.IrradiationPositionTbl object at 0x128c34990>
close session 4719173072
================= post measurement finished
15:09:47 -- ******* Post Run Check *******
loading queue conditionals post_run_actions
queue conditionals path /Users/obama/PychronDev/queue_conditionals/normal.yaml
loading conditionals from /Users/obama/PychronDev/queue_conditionals/normal.yaml
loading system conditionals post_run_actions
loading conditionals from /Users/obama/PychronDev/setupfiles/spectrometer/default_conditionals.yaml
loading queue conditionals post_run_terminations
queue conditionals path /Users/obama/PychronDev/queue_conditionals/normal.yaml
loading conditionals from /Users/obama/PychronDev/queue_conditionals/normal.yaml
loading system conditionals post_run_terminations
loading conditionals from /Users/obama/PychronDev/setupfiles/spectrometer/default_conditionals.yaml
Checking default post run terminations n=1
GetDeflection L2 (CDD) ===>> 0
testing L2_CDD_==3250
evaluate ot="L2(CDD).deflection==3250" t="L2_CDD_==3250", ctx="{'L2_CDD_': 0.0}"
15:09:47 -- ******* Post Run Check Passed *******
15:09:47 -- Automated run 65786-02AJ success duration: 1172.276 s
----------------- finish -----------------
----------------- stop -----------------
retroactive repository identifiers disabled
finish run. runs completed=41
update duration runid=65786-02AJ, duration=1172.27563715, md5=7c2b1763
write rem/ex queues
/Users/obama/PychronDev/experiments/rem/Load_furnace_418_kspar.rem.txt
/Users/obama/PychronDev/experiments/rem/Load_furnace_418_kspar.ex.txt
doing event level: 3
add run
