do run
loading script "felix_analysis400_120_no_save_center.py"
loading script "felix_pump_ms.py"
loading script "felix_furnace.py"
loading script "felix_pump_extraction_line.py"
testing...
no interpolation path defined
executed snippet estimated_duration=559.2304, duration=0.000252962112427
script duration name:analysis400_120_no_save_center seconds:559.0
loading script "felix_analysis400_120_no_save_center.py"
loading script "felix_pump_ms.py"
loading script "felix_furnace.py"
loading script "felix_pump_extraction_line.py"
testing...
no interpolation path defined
executed snippet estimated_duration=0, duration=2.38418579102e-05
loading script "felix_analysis400_120_no_save_center.py"
loading script "felix_pump_ms.py"
loading script "felix_furnace.py"
loading script "felix_pump_extraction_line.py"
testing...
no interpolation path defined
executed snippet estimated_duration=184.0, duration=0.000359058380127
script duration name:furnace seconds:184.0
loading script "felix_analysis400_120_no_save_center.py"
loading script "felix_pump_ms.py"
loading script "felix_furnace.py"
loading script "felix_pump_extraction_line.py"
testing...
no interpolation path defined
calculate duration
testing...
no interpolation path defined
executed snippet estimated_duration=4.0, duration=0.000195980072021
executed snippet estimated_duration=4.0, duration=0.00138688087463
Script duration 743.0
Run total estimated duration= 744.000
run duration: 0:12:24
doing event level: 2
14:30:05 -- Setting default integration. t=1.048576
setting integration time = 1.048576
SetIntegrationTime 1.048576 ===>> OK
----------------- start -----------------
**************** Experiment Type: Ar/Ar, Ar/Ar
create new session 4748572336
close session 4748572336
$$$$$ Clearing conditionals
adding conditionals 
Add queue conditionals
add default conditionals
adding default conditionals from /Users/obama/PychronDev/setupfiles/spectrometer/default_conditionals.yaml
Start automated run 65786-02AI
loading script "felix_analysis400_120_no_save_center.py"
loading script "felix_pump_ms.py"
loading script "felix_furnace.py"
loading script "felix_pump_extraction_line.py"
%%%%%%%%%%%%%%%%%% setting automated run 65786-02AI
No value "sensitivity_multiplier" in metadata
$$$$$$$$$$$$$$$ auto_save_detector_ic=False
============================= Pre Extraction Check =============================
loading queue conditionals pre_run_terminations
queue conditionals path /Users/obama/PychronDev/queue_conditionals/normal.yaml
loading conditionals from /Users/obama/PychronDev/queue_conditionals/normal.yaml
loading system conditionals pre_run_terminations
loading conditionals from /Users/obama/PychronDev/setupfiles/spectrometer/default_conditionals.yaml
14:30:06 -- ******* Pre Extraction Check *******
Get a measurement from the spectrometer
Pre Extraction Termination data. keys=L2(CDD),H2,H1,AX,L1,L2, signals=0.00369,0.40258,-0.06508,-0.17348,-0.72311,0.07467
14:30:06 -- testing system defined conditionals
Checking default pre extraction terminations n=2
testing L2_CDD_
evaluate ot="L2(CDD).inactive" t="L2_CDD_", ctx="{'L2_CDD_': False}"
GetDeflection L2 (CDD) ===>> 0
testing L2_CDD_==3250
evaluate ot="L2(CDD).deflection==3250" t="L2_CDD_==3250", ctx="{'L2_CDD_': 0.0}"
14:30:06 -- ******* Pre Extraction Check Passed *******
=================================================================================
14:30:06 -- stopping status monitor
stop 4720710960
Status monitor stopped
Status monitor finished
14:30:10 -- starting status monitor
start 4720710960
StatusMonitor period=3. Frequencies(state=1, checksum=3, lock=5, owner=5)
start extraction
do extraction
Analysis started at 14:30:15.083567
Extraction Started felix_furnace.py
14:30:15 -- ******* Extraction Started felix_furnace.py *******
state changed from not run to extraction
DO EXTRACTION <pychron.extraction_line.pyscript_runner.RemotePyScriptRunner object at 0x11fa2c3b0>
testing...
no interpolation path defined
executed snippet estimated_duration=606.0, duration=0.000532865524292
start_response_recorder () {}
start response recorder
Felix unknown furnace analysis
close ('F',) {}
close name=F desc=---
checking ownership. requestor=129.138.12.137
check software interlocks F
interlocks []
actuate state mode=None-script, software_lock=True
VALVE-F(CO2 Laser to Bone) software locked
change switch state (True, False)
-------------------------- close F () result=[(True, False)]
action=close, ok=True, locked=[True]
open ('D',) {}
open name=D desc=---
checking ownership. requestor=129.138.12.137
check software interlocks D
interlocks []
actuate state mode=None-script, software_lock=False
doing actuation None-script open_channel False
Open D ===>> OK
GetPercentOutput ===>> 0.0
GetSetpoint ===>> 0.0
GetIndicatorState D ===>> OK
change switch state (True, True)
update switch state D True args=() kw={} ncanvase=4
GetProcessValue ===>> 237.0
response t=0.000874996185303, out=0, setpoint=0, response=237.0
14:30:15 -- OPEN   VALVE-D (Bone to CO2 Laser)
-------------------------- open D () result=[(True, True)]
action=open, ok=True, locked=[False]
close ('J',) {}
close name=J desc=---
checking ownership. requestor=129.138.12.137
check software interlocks J
interlocks []
actuate state mode=None-script, software_lock=False
doing actuation None-script close_channel False
Close J ===>> OK
GetIndicatorState J ===>> False
change switch state (True, True)
update switch state J False args=() kw={} ncanvase=4
14:30:15 -- CLOSE  VALVE-J (Bone to APIS)
-------------------------- close J () result=[(True, True)]
action=close, ok=True, locked=[False]
close ('FC',) {}
close name=FC desc=---
checking ownership. requestor=129.138.12.137
check software interlocks FC
interlocks []
actuate state mode=None-script, software_lock=False
doing actuation None-script close_channel True
Close FC ===>> OK
GetPercentOutput ===>> 0.0
GetSetpoint ===>> 0.0
GetIndicatorState FC ===>> False
change switch state (True, True)
update switch state FC False args=() kw={} ncanvase=4
14:30:17 -- CLOSE  VALVE-FC (Furnace Turbo)
-------------------------- close FC () result=[(True, True)]
GetProcessValue ===>> 237.0
response t=2.00256896019, out=0, setpoint=0, response=237.0
action=close, ok=True, locked=[False]
open ('FH',) {}
open name=FH desc=---
checking ownership. requestor=129.138.12.137
check software interlocks FH
interlocks []
actuate state mode=None-script, software_lock=False
doing actuation None-script open_channel False
Open FH ===>> OK
GetIndicatorState FH ===>> OK
change switch state (True, True)
update switch state FH True args=() kw={} ncanvase=4
14:30:18 -- OPEN   VALVE-FH (Furnace Isolation)
-------------------------- open FH () result=[(True, True)]
action=open, ok=True, locked=[False]
Furnace enabled. Heating sample.
enable () {}
set extraction state NMGRLFurnace Enabled (False, 'red', 1.5)
could not find manager name="NMGRLFurnace" func="enable_device"
set_pid_parameters (1300.0,) {}
setting pid parameters for 1300.0
{"pid": "HO,50;XP,100;TI,15;TD,3", "command": "SetPID"} ===>> OK
BEGIN INTERVAL Interval 1 waiting for 360.0
block started
set extract to 1300.0 (temp)
WaitControl setup for 360.0  
extract () {}
set extraction state NMGRLFurnace ON! 1300.0(temp) (0.75, 'red', 1.5)
extract sample to 1300.0 (temp)
extract
set setpoint to 1300.0
set setpoint=1300.0
setting pid parameters for 1300.0
GetPercentOutput ===>> 0.0
{"pid": "HO,50;XP,100;TI,15;TD,3", "command": "SetPID"} ===>> OK
GetSetpoint ===>> 0.0
{"setpoint": 1300.0, "command": "SetSetpoint"} ===>> OK
sleep (2,) {}
SLEEP 2.0
block started
WaitControl setup for 2.0  
GetProcessValue ===>> 236.0
response t=4.00794696808, out=0, setpoint=0, response=236.0
GetPercentOutput ===>> 50.0
GetSetpoint ===>> 1300.0
GetProcessValue ===>> 236.0
response t=6.01067495346, out=50.0, setpoint=1300.0, response=236.0
Join finished
block finished. duration 2.05012488365
COMPLETE INTERVAL waiting for Interval 1 to complete
GetPercentOutput ===>> 50.0
GetSetpoint ===>> 1300.0
GetProcessValue ===>> 235.0
response t=8.01311612129, out=50.0, setpoint=1300.0, response=235.0
GetPercentOutput ===>> 50.0
GetSetpoint ===>> 1300.0
GetProcessValue ===>> 235.0
response t=10.0151700974, out=50.0, setpoint=1300.0, response=235.0
GetPercentOutput ===>> 50.0
GetSetpoint ===>> 1300.0
GetProcessValue ===>> 235.0
response t=12.0171780586, out=50.0, setpoint=1300.0, response=235.0
GetPercentOutput ===>> 50.0
GetSetpoint ===>> 1300.0
GetProcessValue ===>> 236.0
response t=14.0181491375, out=50.0, setpoint=1300.0, response=236.0
GetPercentOutput ===>> 50.0
GetSetpoint ===>> 1300.0
GetProcessValue ===>> 239.0
response t=16.0212881565, out=50.0, setpoint=1300.0, response=239.0
GetPercentOutput ===>> 50.0
GetSetpoint ===>> 1300.0
GetProcessValue ===>> 244.0
response t=18.0233030319, out=50.0, setpoint=1300.0, response=244.0
GetPercentOutput ===>> 50.0
GetSetpoint ===>> 1300.0
GetProcessValue ===>> 255.0
response t=20.0252950191, out=50.0, setpoint=1300.0, response=255.0
GetPercentOutput ===>> 50.0
GetSetpoint ===>> 1300.0
GetProcessValue ===>> 276.0
response t=22.0270140171, out=50.0, setpoint=1300.0, response=276.0
GetPercentOutput ===>> 50.0
GetSetpoint ===>> 1300.0
GetProcessValue ===>> 317.0
response t=24.0283639431, out=50.0, setpoint=1300.0, response=317.0
GetPercentOutput ===>> 50.0
GetSetpoint ===>> 1300.0
GetProcessValue ===>> 381.0
response t=26.0337941647, out=50.0, setpoint=1300.0, response=381.0
GetPercentOutput ===>> 50.0
GetSetpoint ===>> 1300.0
GetProcessValue ===>> 480.0
response t=28.0334701538, out=50.0, setpoint=1300.0, response=480.0
GetPercentOutput ===>> 50.0
GetSetpoint ===>> 1300.0
GetProcessValue ===>> 611.0
response t=30.0408439636, out=50.0, setpoint=1300.0, response=611.0
GetPercentOutput ===>> 50.0
GetSetpoint ===>> 1300.0
GetProcessValue ===>> 604.0
response t=32.0498249531, out=50.0, setpoint=1300.0, response=604.0
GetPercentOutput ===>> 50.0
GetSetpoint ===>> 1300.0
GetProcessValue ===>> 584.0
response t=34.0495941639, out=50.0, setpoint=1300.0, response=584.0
GetPercentOutput ===>> 50.0
GetSetpoint ===>> 1300.0
GetProcessValue ===>> 605.0
response t=36.0573670864, out=50.0, setpoint=1300.0, response=605.0
GetPercentOutput ===>> 50.0
GetSetpoint ===>> 1300.0
GetProcessValue ===>> 647.0
response t=38.0603060722, out=50.0, setpoint=1300.0, response=647.0
GetPercentOutput ===>> 50.0
GetSetpoint ===>> 1300.0
GetProcessValue ===>> 698.0
response t=40.0623509884, out=50.0, setpoint=1300.0, response=698.0
GetPercentOutput ===>> 50.0
GetSetpoint ===>> 1300.0
GetProcessValue ===>> 754.0
response t=42.0644190311, out=50.0, setpoint=1300.0, response=754.0
GetPercentOutput ===>> 50.0
GetSetpoint ===>> 1300.0
GetProcessValue ===>> 818.0
response t=44.0654931068, out=50.0, setpoint=1300.0, response=818.0
GetPercentOutput ===>> 50.0
GetSetpoint ===>> 1300.0
GetProcessValue ===>> 882.0
response t=46.0684981346, out=50.0, setpoint=1300.0, response=882.0
GetPercentOutput ===>> 50.0
GetSetpoint ===>> 1300.0
GetProcessValue ===>> 946.0
response t=48.0741159916, out=50.0, setpoint=1300.0, response=946.0
GetPercentOutput ===>> 38.1
GetSetpoint ===>> 1300.0
GetProcessValue ===>> 1010.0
response t=50.0816090107, out=38.1, setpoint=1300.0, response=1010.0
GetPercentOutput ===>> 8.7
GetSetpoint ===>> 1300.0
GetProcessValue ===>> 1066.0
response t=52.0869989395, out=8.7, setpoint=1300.0, response=1066.0
GetPercentOutput ===>> 20.8
GetSetpoint ===>> 1300.0
GetProcessValue ===>> 1101.0
response t=54.0910420418, out=20.8, setpoint=1300.0, response=1101.0
GetPercentOutput ===>> 33.0
GetSetpoint ===>> 1300.0
GetProcessValue ===>> 1120.0
response t=56.0928411484, out=33.0, setpoint=1300.0, response=1120.0
GetPercentOutput ===>> 33.3
GetSetpoint ===>> 1300.0
GetProcessValue ===>> 1136.0
response t=58.0942480564, out=33.3, setpoint=1300.0, response=1136.0
GetPercentOutput ===>> 31.1
GetSetpoint ===>> 1300.0
GetProcessValue ===>> 1153.0
response t=60.099339962, out=31.1, setpoint=1300.0, response=1153.0
GetPercentOutput ===>> 36.7
GetSetpoint ===>> 1300.0
GetProcessValue ===>> 1166.0
response t=62.1013841629, out=36.7, setpoint=1300.0, response=1166.0
GetPercentOutput ===>> 37.2
GetSetpoint ===>> 1300.0
GetProcessValue ===>> 1179.0
response t=64.1026630402, out=37.2, setpoint=1300.0, response=1179.0
GetPercentOutput ===>> 35.4
GetSetpoint ===>> 1300.0
GetProcessValue ===>> 1193.0
response t=66.1078591347, out=35.4, setpoint=1300.0, response=1193.0
GetPercentOutput ===>> 36.5
GetSetpoint ===>> 1300.0
GetProcessValue ===>> 1206.0
response t=68.1074659824, out=36.5, setpoint=1300.0, response=1206.0
GetPercentOutput ===>> 38.0
GetSetpoint ===>> 1300.0
GetProcessValue ===>> 1218.0
response t=70.1095221043, out=38.0, setpoint=1300.0, response=1218.0
GetPercentOutput ===>> 35.0
GetSetpoint ===>> 1300.0
GetProcessValue ===>> 1230.0
response t=72.1115410328, out=35.0, setpoint=1300.0, response=1230.0
GetPercentOutput ===>> 33.0
GetSetpoint ===>> 1300.0
GetProcessValue ===>> 1242.0
response t=74.1128251553, out=33.0, setpoint=1300.0, response=1242.0
GetPercentOutput ===>> 34.3
GetSetpoint ===>> 1300.0
GetProcessValue ===>> 1252.0
response t=76.1155979633, out=34.3, setpoint=1300.0, response=1252.0
GetPercentOutput ===>> 33.0
GetSetpoint ===>> 1300.0
GetProcessValue ===>> 1260.0
response t=78.1217520237, out=33.0, setpoint=1300.0, response=1260.0
GetPercentOutput ===>> 35.6
GetSetpoint ===>> 1300.0
GetProcessValue ===>> 1266.0
response t=80.1227800846, out=35.6, setpoint=1300.0, response=1266.0
GetPercentOutput ===>> 36.6
GetSetpoint ===>> 1300.0
GetProcessValue ===>> 1271.0
response t=82.1289689541, out=36.6, setpoint=1300.0, response=1271.0
GetPercentOutput ===>> 33.0
GetSetpoint ===>> 1300.0
GetProcessValue ===>> 1277.0
response t=84.1379060745, out=33.0, setpoint=1300.0, response=1277.0
GetPercentOutput ===>> 33.1
GetSetpoint ===>> 1300.0
GetProcessValue ===>> 1282.0
response t=86.1424479485, out=33.1, setpoint=1300.0, response=1282.0
GetPercentOutput ===>> 34.0
GetSetpoint ===>> 1300.0
GetProcessValue ===>> 1285.0
response t=88.1504919529, out=34.0, setpoint=1300.0, response=1285.0
GetPercentOutput ===>> 32.2
GetSetpoint ===>> 1300.0
GetProcessValue ===>> 1288.0
response t=90.1559071541, out=32.2, setpoint=1300.0, response=1288.0
GetPercentOutput ===>> 32.3
GetSetpoint ===>> 1300.0
GetProcessValue ===>> 1291.0
response t=92.161247015, out=32.3, setpoint=1300.0, response=1291.0
GetPercentOutput ===>> 34.5
GetSetpoint ===>> 1300.0
GetProcessValue ===>> 1292.0
response t=94.1666970253, out=34.5, setpoint=1300.0, response=1292.0
GetPercentOutput ===>> 32.7
GetSetpoint ===>> 1300.0
GetProcessValue ===>> 1294.0
response t=96.1674289703, out=32.7, setpoint=1300.0, response=1294.0
GetPercentOutput ===>> 32.2
GetSetpoint ===>> 1300.0
GetProcessValue ===>> 1295.0
response t=98.1713731289, out=32.2, setpoint=1300.0, response=1295.0
GetPercentOutput ===>> 32.3
GetSetpoint ===>> 1300.0
GetProcessValue ===>> 1296.0
response t=100.178071022, out=32.3, setpoint=1300.0, response=1296.0
GetPercentOutput ===>> 31.0
GetSetpoint ===>> 1300.0
GetProcessValue ===>> 1298.0
response t=102.187009096, out=31.0, setpoint=1300.0, response=1298.0
GetPercentOutput ===>> 31.1
GetSetpoint ===>> 1300.0
GetProcessValue ===>> 1299.0
response t=104.193618059, out=31.1, setpoint=1300.0, response=1299.0
GetPercentOutput ===>> 32.0
GetSetpoint ===>> 1300.0
GetProcessValue ===>> 1299.0
response t=106.196160078, out=32.0, setpoint=1300.0, response=1299.0
GetPercentOutput ===>> 31.4
GetSetpoint ===>> 1300.0
GetProcessValue ===>> 1299.0
response t=108.197214127, out=31.4, setpoint=1300.0, response=1299.0
GetPercentOutput ===>> 31.7
GetSetpoint ===>> 1300.0
GetProcessValue ===>> 1299.0
response t=110.200282097, out=31.7, setpoint=1300.0, response=1299.0
GetPercentOutput ===>> 31.7
GetSetpoint ===>> 1300.0
GetProcessValue ===>> 1300.0
response t=112.209038019, out=31.7, setpoint=1300.0, response=1300.0
GetPercentOutput ===>> 30.9
GetSetpoint ===>> 1300.0
GetProcessValue ===>> 1300.0
response t=114.217977047, out=30.9, setpoint=1300.0, response=1300.0
GetPercentOutput ===>> 31.1
GetSetpoint ===>> 1300.0
GetProcessValue ===>> 1300.0
response t=116.221426964, out=31.1, setpoint=1300.0, response=1300.0
GetPercentOutput ===>> 31.3
GetSetpoint ===>> 1300.0
GetProcessValue ===>> 1300.0
response t=118.225096941, out=31.3, setpoint=1300.0, response=1300.0
GetPercentOutput ===>> 30.7
GetSetpoint ===>> 1300.0
GetProcessValue ===>> 1300.0
response t=120.227092981, out=30.7, setpoint=1300.0, response=1300.0
GetPercentOutput ===>> 30.7
GetSetpoint ===>> 1300.0
GetProcessValue ===>> 1301.0
response t=122.229112148, out=30.7, setpoint=1300.0, response=1301.0
GetPercentOutput ===>> 31.0
GetSetpoint ===>> 1300.0
GetProcessValue ===>> 1300.0
response t=124.230735064, out=31.0, setpoint=1300.0, response=1300.0
GetPercentOutput ===>> 30.0
GetSetpoint ===>> 1300.0
GetProcessValue ===>> 1300.0
response t=126.233206987, out=30.0, setpoint=1300.0, response=1300.0
GetPercentOutput ===>> 30.4
GetSetpoint ===>> 1300.0
GetProcessValue ===>> 1301.0
response t=128.235229969, out=30.4, setpoint=1300.0, response=1301.0
GetPercentOutput ===>> 30.5
GetSetpoint ===>> 1300.0
GetProcessValue ===>> 1301.0
response t=130.239190102, out=30.5, setpoint=1300.0, response=1301.0
GetPercentOutput ===>> 30.4
GetSetpoint ===>> 1300.0
GetProcessValue ===>> 1301.0
response t=132.244704008, out=30.4, setpoint=1300.0, response=1301.0
set states for children of O. state=True
handle state [('O', True)]
update switch state O True args=() kw={'refresh': False} ncanvase=4
refresh_canvas_needed fired
GetPercentOutput ===>> 30.5
GetSetpoint ===>> 1300.0
GetProcessValue ===>> 1301.0
response t=134.246397018, out=30.5, setpoint=1300.0, response=1301.0
GetPercentOutput ===>> 30.5
GetSetpoint ===>> 1300.0
GetProcessValue ===>> 1300.0
response t=136.24622798, out=30.5, setpoint=1300.0, response=1300.0
GetPercentOutput ===>> 30.3
GetSetpoint ===>> 1300.0
GetProcessValue ===>> 1300.0
response t=138.249418974, out=30.3, setpoint=1300.0, response=1300.0
GetPercentOutput ===>> 30.2
GetSetpoint ===>> 1300.0
GetProcessValue ===>> 1300.0
response t=140.257090092, out=30.2, setpoint=1300.0, response=1300.0
GetPercentOutput ===>> 30.2
GetSetpoint ===>> 1300.0
GetProcessValue ===>> 1301.0
response t=142.262283087, out=30.2, setpoint=1300.0, response=1301.0
GetPercentOutput ===>> 30.2
GetSetpoint ===>> 1300.0
GetProcessValue ===>> 1300.0
response t=144.267038107, out=30.2, setpoint=1300.0, response=1300.0
GetPercentOutput ===>> 30.3
GetSetpoint ===>> 1300.0
GetProcessValue ===>> 1300.0
response t=146.270226955, out=30.3, setpoint=1300.0, response=1300.0
GetPercentOutput ===>> 30.3
GetSetpoint ===>> 1300.0
GetProcessValue ===>> 1300.0
response t=148.272330999, out=30.3, setpoint=1300.0, response=1300.0
GetPercentOutput ===>> 30.2
GetSetpoint ===>> 1300.0
GetProcessValue ===>> 1300.0
response t=150.274266005, out=30.2, setpoint=1300.0, response=1300.0
GetPercentOutput ===>> 29.8
GetSetpoint ===>> 1300.0
GetProcessValue ===>> 1300.0
response t=152.27632308, out=29.8, setpoint=1300.0, response=1300.0
GetPercentOutput ===>> 30.2
GetSetpoint ===>> 1300.0
GetProcessValue ===>> 1300.0
response t=154.278040171, out=30.2, setpoint=1300.0, response=1300.0
GetPercentOutput ===>> 30.2
GetSetpoint ===>> 1300.0
GetProcessValue ===>> 1300.0
response t=156.285917997, out=30.2, setpoint=1300.0, response=1300.0
GetPercentOutput ===>> 30.1
GetSetpoint ===>> 1300.0
GetProcessValue ===>> 1300.0
response t=158.292832136, out=30.1, setpoint=1300.0, response=1300.0
GetPercentOutput ===>> 30.0
GetSetpoint ===>> 1300.0
GetProcessValue ===>> 1300.0
response t=160.294183969, out=30.0, setpoint=1300.0, response=1300.0
GetPercentOutput ===>> 30.0
GetSetpoint ===>> 1300.0
GetProcessValue ===>> 1300.0
response t=162.299566031, out=30.0, setpoint=1300.0, response=1300.0
GetPercentOutput ===>> 29.9
GetSetpoint ===>> 1300.0
GetProcessValue ===>> 1300.0
response t=164.304919958, out=29.9, setpoint=1300.0, response=1300.0
GetPercentOutput ===>> 29.7
GetSetpoint ===>> 1300.0
GetProcessValue ===>> 1300.0
response t=166.310366154, out=29.7, setpoint=1300.0, response=1300.0
GetPercentOutput ===>> 30.2
GetSetpoint ===>> 1300.0
GetProcessValue ===>> 1300.0
response t=168.315739155, out=30.2, setpoint=1300.0, response=1300.0
GetPercentOutput ===>> 30.0
GetSetpoint ===>> 1300.0
GetProcessValue ===>> 1300.0
response t=170.321079969, out=30.0, setpoint=1300.0, response=1300.0
GetPercentOutput ===>> 29.6
GetSetpoint ===>> 1300.0
GetProcessValue ===>> 1300.0
response t=172.323569059, out=29.6, setpoint=1300.0, response=1300.0
GetPercentOutput ===>> 29.9
GetSetpoint ===>> 1300.0
GetProcessValue ===>> 1300.0
response t=174.331879139, out=29.9, setpoint=1300.0, response=1300.0
GetPercentOutput ===>> 30.2
GetSetpoint ===>> 1300.0
GetProcessValue ===>> 1300.0
response t=176.333655119, out=30.2, setpoint=1300.0, response=1300.0
GetPercentOutput ===>> 29.6
GetSetpoint ===>> 1300.0
GetProcessValue ===>> 1300.0
response t=178.33613801, out=29.6, setpoint=1300.0, response=1300.0
GetPercentOutput ===>> 30.0
GetSetpoint ===>> 1300.0
GetProcessValue ===>> 1300.0
response t=180.338135958, out=30.0, setpoint=1300.0, response=1300.0
GetPercentOutput ===>> 29.7
GetSetpoint ===>> 1300.0
GetProcessValue ===>> 1300.0
response t=182.337515116, out=29.7, setpoint=1300.0, response=1300.0
GetPercentOutput ===>> 29.8
GetSetpoint ===>> 1300.0
GetProcessValue ===>> 1300.0
response t=184.339389086, out=29.8, setpoint=1300.0, response=1300.0
GetPercentOutput ===>> 30.0
GetSetpoint ===>> 1300.0
GetProcessValue ===>> 1300.0
response t=186.344272137, out=30.0, setpoint=1300.0, response=1300.0
GetPercentOutput ===>> 29.9
GetSetpoint ===>> 1300.0
GetProcessValue ===>> 1300.0
response t=188.346313, out=29.9, setpoint=1300.0, response=1300.0
GetPercentOutput ===>> 29.7
GetSetpoint ===>> 1300.0
GetProcessValue ===>> 1300.0
response t=190.348304987, out=29.7, setpoint=1300.0, response=1300.0
GetPercentOutput ===>> 29.8
GetSetpoint ===>> 1300.0
GetProcessValue ===>> 1300.0
response t=192.350352049, out=29.8, setpoint=1300.0, response=1300.0
set states for children of U. state=False
handle state [('U', False)]
update switch state U False args=() kw={'refresh': False} ncanvase=4
refresh_canvas_needed fired
GetPercentOutput ===>> 29.8
GetSetpoint ===>> 1300.0
GetProcessValue ===>> 1300.0
response t=194.352293015, out=29.8, setpoint=1300.0, response=1300.0
GetPercentOutput ===>> 30.0
GetSetpoint ===>> 1300.0
GetProcessValue ===>> 1300.0
response t=196.354400158, out=30.0, setpoint=1300.0, response=1300.0
GetPercentOutput ===>> 29.0
GetSetpoint ===>> 1300.0
GetProcessValue ===>> 1300.0
response t=198.355332136, out=29.0, setpoint=1300.0, response=1300.0
GetPercentOutput ===>> 29.9
GetSetpoint ===>> 1300.0
GetProcessValue ===>> 1300.0
response t=200.358485937, out=29.9, setpoint=1300.0, response=1300.0
GetPercentOutput ===>> 30.0
GetSetpoint ===>> 1300.0
GetProcessValue ===>> 1300.0
response t=202.360485077, out=30.0, setpoint=1300.0, response=1300.0
GetPercentOutput ===>> 29.8
GetSetpoint ===>> 1300.0
GetProcessValue ===>> 1300.0
response t=204.360116005, out=29.8, setpoint=1300.0, response=1300.0
GetPercentOutput ===>> 29.7
GetSetpoint ===>> 1300.0
GetProcessValue ===>> 1300.0
response t=206.361390114, out=29.7, setpoint=1300.0, response=1300.0
GetPercentOutput ===>> 29.6
GetSetpoint ===>> 1300.0
GetProcessValue ===>> 1300.0
response t=208.366618156, out=29.6, setpoint=1300.0, response=1300.0
GetPercentOutput ===>> 29.9
GetSetpoint ===>> 1300.0
GetProcessValue ===>> 1300.0
response t=210.368045092, out=29.9, setpoint=1300.0, response=1300.0
GetPercentOutput ===>> 29.8
GetSetpoint ===>> 1300.0
GetProcessValue ===>> 1300.0
response t=212.373409033, out=29.8, setpoint=1300.0, response=1300.0
GetPercentOutput ===>> 29.8
GetSetpoint ===>> 1300.0
GetProcessValue ===>> 1300.0
response t=214.37272501, out=29.8, setpoint=1300.0, response=1300.0
GetPercentOutput ===>> 29.0
GetSetpoint ===>> 1300.0
GetProcessValue ===>> 1300.0
response t=216.374815941, out=29.0, setpoint=1300.0, response=1300.0
GetPercentOutput ===>> 29.9
GetSetpoint ===>> 1300.0
GetProcessValue ===>> 1300.0
response t=218.376405001, out=29.9, setpoint=1300.0, response=1300.0
GetPercentOutput ===>> 29.9
GetSetpoint ===>> 1300.0
GetProcessValue ===>> 1300.0
response t=220.378849983, out=29.9, setpoint=1300.0, response=1300.0
GetPercentOutput ===>> 29.6
GetSetpoint ===>> 1300.0
GetProcessValue ===>> 1300.0
response t=222.38084197, out=29.6, setpoint=1300.0, response=1300.0
GetPercentOutput ===>> 29.8
GetSetpoint ===>> 1300.0
GetProcessValue ===>> 1300.0
response t=224.389837027, out=29.8, setpoint=1300.0, response=1300.0
GetPercentOutput ===>> 29.9
GetSetpoint ===>> 1300.0
GetProcessValue ===>> 1300.0
response t=226.39180994, out=29.9, setpoint=1300.0, response=1300.0
GetPercentOutput ===>> 29.9
GetSetpoint ===>> 1300.0
GetProcessValue ===>> 1300.0
response t=228.391885042, out=29.9, setpoint=1300.0, response=1300.0
GetPercentOutput ===>> 29.0
GetSetpoint ===>> 1300.0
GetProcessValue ===>> 1300.0
response t=230.39904809, out=29.0, setpoint=1300.0, response=1300.0
GetPercentOutput ===>> 29.7
GetSetpoint ===>> 1300.0
GetProcessValue ===>> 1300.0
response t=232.402773142, out=29.7, setpoint=1300.0, response=1300.0
GetPercentOutput ===>> 29.9
GetSetpoint ===>> 1300.0
GetProcessValue ===>> 1300.0
response t=234.411335945, out=29.9, setpoint=1300.0, response=1300.0
GetPercentOutput ===>> 29.9
GetSetpoint ===>> 1300.0
GetProcessValue ===>> 1300.0
response t=236.41181016, out=29.9, setpoint=1300.0, response=1300.0
GetPercentOutput ===>> 29.0
GetSetpoint ===>> 1300.0
GetProcessValue ===>> 1300.0
response t=238.424911976, out=29.0, setpoint=1300.0, response=1300.0
GetPercentOutput ===>> 29.0
GetSetpoint ===>> 1300.0
GetProcessValue ===>> 1300.0
response t=240.426010132, out=29.0, setpoint=1300.0, response=1300.0
GetPercentOutput ===>> 30.2
GetSetpoint ===>> 1300.0
GetProcessValue ===>> 1300.0
response t=242.432222128, out=30.2, setpoint=1300.0, response=1300.0
GetPercentOutput ===>> 29.8
GetSetpoint ===>> 1300.0
GetProcessValue ===>> 1300.0
response t=244.436625004, out=29.8, setpoint=1300.0, response=1300.0
GetPercentOutput ===>> 29.0
GetSetpoint ===>> 1300.0
GetProcessValue ===>> 1300.0
response t=246.439579964, out=29.0, setpoint=1300.0, response=1300.0
GetPercentOutput ===>> 29.6
GetSetpoint ===>> 1300.0
GetProcessValue ===>> 1300.0
response t=248.442979097, out=29.6, setpoint=1300.0, response=1300.0
GetPercentOutput ===>> 29.8
GetSetpoint ===>> 1300.0
GetProcessValue ===>> 1300.0
response t=250.44909215, out=29.8, setpoint=1300.0, response=1300.0
GetPercentOutput ===>> 29.9
GetSetpoint ===>> 1300.0
GetProcessValue ===>> 1300.0
response t=252.453081131, out=29.9, setpoint=1300.0, response=1300.0
GetPercentOutput ===>> 29.6
GetSetpoint ===>> 1300.0
GetProcessValue ===>> 1300.0
response t=254.462002039, out=29.6, setpoint=1300.0, response=1300.0
GetPercentOutput ===>> 29.8
GetSetpoint ===>> 1300.0
GetProcessValue ===>> 1300.0
response t=256.46462512, out=29.8, setpoint=1300.0, response=1300.0
GetPercentOutput ===>> 29.9
GetSetpoint ===>> 1300.0
GetProcessValue ===>> 1300.0
response t=258.467445135, out=29.9, setpoint=1300.0, response=1300.0
GetPercentOutput ===>> 29.0
GetSetpoint ===>> 1300.0
GetProcessValue ===>> 1300.0
response t=260.471748114, out=29.0, setpoint=1300.0, response=1300.0
GetPercentOutput ===>> 29.7
GetSetpoint ===>> 1300.0
GetProcessValue ===>> 1300.0
response t=262.472054005, out=29.7, setpoint=1300.0, response=1300.0
GetPercentOutput ===>> 29.6
GetSetpoint ===>> 1300.0
GetProcessValue ===>> 1300.0
response t=264.473648071, out=29.6, setpoint=1300.0, response=1300.0
set states for children of O. state=False
handle state [('O', False)]
update switch state O False args=() kw={'refresh': False} ncanvase=4
refresh_canvas_needed fired
GetPercentOutput ===>> 29.7
GetSetpoint ===>> 1300.0
GetProcessValue ===>> 1300.0
response t=266.475634098, out=29.7, setpoint=1300.0, response=1300.0
GetPercentOutput ===>> 29.8
GetSetpoint ===>> 1300.0
GetProcessValue ===>> 1300.0
response t=268.476948023, out=29.8, setpoint=1300.0, response=1300.0
set states for children of R. state=True
handle state [('R', True)]
update switch state R True args=() kw={'refresh': False} ncanvase=4
refresh_canvas_needed fired
GetPercentOutput ===>> 29.0
GetSetpoint ===>> 1300.0
GetProcessValue ===>> 1300.0
response t=270.479681015, out=29.0, setpoint=1300.0, response=1300.0
GetPercentOutput ===>> 29.7
GetSetpoint ===>> 1300.0
GetProcessValue ===>> 1300.0
response t=272.481045961, out=29.7, setpoint=1300.0, response=1300.0
GetPercentOutput ===>> 29.6
GetSetpoint ===>> 1300.0
GetProcessValue ===>> 1300.0
response t=274.48389101, out=29.6, setpoint=1300.0, response=1300.0
GetPercentOutput ===>> 29.0
GetSetpoint ===>> 1300.0
GetProcessValue ===>> 1300.0
response t=276.48756814, out=29.0, setpoint=1300.0, response=1300.0
GetPercentOutput ===>> 29.7
GetSetpoint ===>> 1300.0
GetProcessValue ===>> 1300.0
response t=278.489336967, out=29.7, setpoint=1300.0, response=1300.0
GetPercentOutput ===>> 29.7
GetSetpoint ===>> 1300.0
GetProcessValue ===>> 1300.0
response t=280.489850998, out=29.7, setpoint=1300.0, response=1300.0
State checksums do not match. Local:-619800169 Remote:-62174419
State checksum failed
GetPercentOutput ===>> 29.7
GetSetpoint ===>> 1300.0
GetProcessValue ===>> 1300.0
response t=282.494508028, out=29.7, setpoint=1300.0, response=1300.0
GetPercentOutput ===>> 29.6
GetSetpoint ===>> 1300.0
GetProcessValue ===>> 1300.0
response t=284.49395299, out=29.6, setpoint=1300.0, response=1300.0
set states for children of R. state=False
set states for children of U. state=True
handle state [('R', False), ('U', True)]
update switch state R False args=() kw={'refresh': True} ncanvase=4
update switch state U True args=() kw={'refresh': False} ncanvase=4
refresh_canvas_needed fired
GetPercentOutput ===>> 29.6
GetSetpoint ===>> 1300.0
GetProcessValue ===>> 1300.0
response t=286.49595809, out=29.6, setpoint=1300.0, response=1300.0
GetPercentOutput ===>> 29.7
GetSetpoint ===>> 1300.0
GetProcessValue ===>> 1300.0
response t=288.497967958, out=29.7, setpoint=1300.0, response=1300.0
GetPercentOutput ===>> 29.8
GetSetpoint ===>> 1300.0
GetProcessValue ===>> 1300.0
response t=290.504515171, out=29.8, setpoint=1300.0, response=1300.0
GetPercentOutput ===>> 29.6
GetSetpoint ===>> 1300.0
GetProcessValue ===>> 1300.0
response t=292.513442039, out=29.6, setpoint=1300.0, response=1300.0
GetPercentOutput ===>> 29.6
GetSetpoint ===>> 1300.0
GetProcessValue ===>> 1300.0
response t=294.520821095, out=29.6, setpoint=1300.0, response=1300.0
GetPercentOutput ===>> 29.8
GetSetpoint ===>> 1300.0
GetProcessValue ===>> 1300.0
response t=296.522807121, out=29.8, setpoint=1300.0, response=1300.0
GetPercentOutput ===>> 29.0
GetSetpoint ===>> 1300.0
GetProcessValue ===>> 1300.0
response t=298.524817944, out=29.0, setpoint=1300.0, response=1300.0
GetPercentOutput ===>> 29.0
GetSetpoint ===>> 1300.0
GetProcessValue ===>> 1300.0
response t=300.525825977, out=29.0, setpoint=1300.0, response=1300.0
GetPercentOutput ===>> 29.6
GetSetpoint ===>> 1300.0
GetProcessValue ===>> 1300.0
response t=302.526006937, out=29.6, setpoint=1300.0, response=1300.0
GetPercentOutput ===>> 29.8
GetSetpoint ===>> 1300.0
GetProcessValue ===>> 1300.0
response t=304.525683165, out=29.8, setpoint=1300.0, response=1300.0
GetPercentOutput ===>> 29.7
GetSetpoint ===>> 1300.0
GetProcessValue ===>> 1300.0
response t=306.525788069, out=29.7, setpoint=1300.0, response=1300.0
GetPercentOutput ===>> 29.7
GetSetpoint ===>> 1300.0
GetProcessValue ===>> 1300.0
response t=308.525527954, out=29.7, setpoint=1300.0, response=1300.0
GetPercentOutput ===>> 29.6
GetSetpoint ===>> 1300.0
GetProcessValue ===>> 1300.0
response t=310.530142069, out=29.6, setpoint=1300.0, response=1300.0
GetPercentOutput ===>> 29.0
GetSetpoint ===>> 1300.0
GetProcessValue ===>> 1300.0
response t=312.531656027, out=29.0, setpoint=1300.0, response=1300.0
GetPercentOutput ===>> 29.8
GetSetpoint ===>> 1300.0
GetProcessValue ===>> 1300.0
response t=314.540598154, out=29.8, setpoint=1300.0, response=1300.0
GetPercentOutput ===>> 29.0
GetSetpoint ===>> 1300.0
GetProcessValue ===>> 1300.0
response t=316.540809155, out=29.0, setpoint=1300.0, response=1300.0
GetPercentOutput ===>> 29.6
GetSetpoint ===>> 1300.0
GetProcessValue ===>> 1300.0
response t=318.540488005, out=29.6, setpoint=1300.0, response=1300.0
GetPercentOutput ===>> 29.6
GetSetpoint ===>> 1300.0
GetProcessValue ===>> 1300.0
response t=320.541038036, out=29.6, setpoint=1300.0, response=1300.0
GetPercentOutput ===>> 29.0
GetSetpoint ===>> 1300.0
GetProcessValue ===>> 1300.0
response t=322.546679974, out=29.0, setpoint=1300.0, response=1300.0
GetPercentOutput ===>> 29.7
GetSetpoint ===>> 1300.0
GetProcessValue ===>> 1300.0
response t=324.546535969, out=29.7, setpoint=1300.0, response=1300.0
GetPercentOutput ===>> 29.7
GetSetpoint ===>> 1300.0
GetProcessValue ===>> 1300.0
response t=326.553293943, out=29.7, setpoint=1300.0, response=1300.0
GetPercentOutput ===>> 29.0
GetSetpoint ===>> 1300.0
GetProcessValue ===>> 1300.0
response t=328.555341005, out=29.0, setpoint=1300.0, response=1300.0
GetPercentOutput ===>> 29.9
GetSetpoint ===>> 1300.0
GetProcessValue ===>> 1300.0
response t=330.557343006, out=29.9, setpoint=1300.0, response=1300.0
GetPercentOutput ===>> 29.8
GetSetpoint ===>> 1300.0
GetProcessValue ===>> 1300.0
response t=332.556651115, out=29.8, setpoint=1300.0, response=1300.0
GetPercentOutput ===>> 29.7
GetSetpoint ===>> 1300.0
GetProcessValue ===>> 1300.0
response t=334.558500051, out=29.7, setpoint=1300.0, response=1300.0
GetPercentOutput ===>> 29.0
GetSetpoint ===>> 1300.0
GetProcessValue ===>> 1300.0
response t=336.563472033, out=29.0, setpoint=1300.0, response=1300.0
GetPercentOutput ===>> 29.9
GetSetpoint ===>> 1300.0
GetProcessValue ===>> 1300.0
response t=338.571948051, out=29.9, setpoint=1300.0, response=1300.0
GetPercentOutput ===>> 29.0
GetSetpoint ===>> 1300.0
GetProcessValue ===>> 1300.0
response t=340.572087049, out=29.0, setpoint=1300.0, response=1300.0
GetPercentOutput ===>> 29.6
GetSetpoint ===>> 1300.0
GetProcessValue ===>> 1300.0
response t=342.571386099, out=29.6, setpoint=1300.0, response=1300.0
GetPercentOutput ===>> 29.6
GetSetpoint ===>> 1300.0
GetProcessValue ===>> 1300.0
response t=344.571650028, out=29.6, setpoint=1300.0, response=1300.0
GetPercentOutput ===>> 29.6
GetSetpoint ===>> 1300.0
GetProcessValue ===>> 1300.0
response t=346.573613167, out=29.6, setpoint=1300.0, response=1300.0
GetPercentOutput ===>> 29.0
GetSetpoint ===>> 1300.0
GetProcessValue ===>> 1300.0
response t=348.575662136, out=29.0, setpoint=1300.0, response=1300.0
GetPercentOutput ===>> 29.7
GetSetpoint ===>> 1300.0
GetProcessValue ===>> 1300.0
response t=350.577707052, out=29.7, setpoint=1300.0, response=1300.0
GetPercentOutput ===>> 29.7
GetSetpoint ===>> 1300.0
GetProcessValue ===>> 1300.0
response t=352.585505962, out=29.7, setpoint=1300.0, response=1300.0
GetPercentOutput ===>> 29.6
GetSetpoint ===>> 1300.0
GetProcessValue ===>> 1300.0
response t=354.587640047, out=29.6, setpoint=1300.0, response=1300.0
GetPercentOutput ===>> 29.0
GetSetpoint ===>> 1300.0
GetProcessValue ===>> 1300.0
response t=356.590018034, out=29.0, setpoint=1300.0, response=1300.0
GetPercentOutput ===>> 29.7
GetSetpoint ===>> 1300.0
GetProcessValue ===>> 1300.0
response t=358.589900017, out=29.7, setpoint=1300.0, response=1300.0
GetPercentOutput ===>> 29.0
GetSetpoint ===>> 1300.0
GetProcessValue ===>> 1300.0
response t=360.598585129, out=29.0, setpoint=1300.0, response=1300.0
GetPercentOutput ===>> 29.6
GetSetpoint ===>> 1300.0
GetProcessValue ===>> 1300.0
response t=362.603965998, out=29.6, setpoint=1300.0, response=1300.0
GetPercentOutput ===>> 29.0
GetSetpoint ===>> 1300.0
GetProcessValue ===>> 1300.0
response t=364.604283094, out=29.0, setpoint=1300.0, response=1300.0
Join finished
block finished. duration 361.135709047
Interval 1 finished
disable () {}
%%%%%%%%%%%%%%%%%%%%%%%%%%%%%%%%%%% disable
set extraction state False (0.75, 'red', 1.5)
disable
set setpoint=0.0
setting pid parameters for 0.0
{"pid": "HO,10;XP,10;TI,48;TD,8", "command": "SetPID"} ===>> OK
{"setpoint": 0.0, "command": "SetSetpoint"} ===>> OK
Furnace disabled.
sleep (60,) {}
SLEEP 60.0
block started
WaitControl setup for 60.0  
GetPercentOutput ===>> 0.0
GetSetpoint ===>> 0.0
GetProcessValue ===>> 1299.0
response t=366.605384111, out=0, setpoint=0, response=1299.0
GetPercentOutput ===>> 0.0
GetSetpoint ===>> 0.0
GetProcessValue ===>> 1291.0
response t=368.612676144, out=0, setpoint=0, response=1291.0
GetPercentOutput ===>> 0.0
GetSetpoint ===>> 0.0
GetProcessValue ===>> 1274.0
response t=370.617766142, out=0, setpoint=0, response=1274.0
GetPercentOutput ===>> 0.0
GetSetpoint ===>> 0.0
GetProcessValue ===>> 1255.0
response t=372.626600027, out=0, setpoint=0, response=1255.0
GetPercentOutput ===>> 0.0
GetSetpoint ===>> 0.0
GetProcessValue ===>> 1236.0
response t=374.635463953, out=0, setpoint=0, response=1236.0
GetPercentOutput ===>> 0.0
GetSetpoint ===>> 0.0
GetProcessValue ===>> 1216.0
response t=376.644374132, out=0, setpoint=0, response=1216.0
GetPercentOutput ===>> 0.0
GetSetpoint ===>> 0.0
GetProcessValue ===>> 1198.0
response t=378.652372122, out=0, setpoint=0, response=1198.0
GetPercentOutput ===>> 0.0
GetSetpoint ===>> 0.0
GetProcessValue ===>> 1181.0
response t=380.658239126, out=0, setpoint=0, response=1181.0
GetPercentOutput ===>> 0.0
GetSetpoint ===>> 0.0
GetProcessValue ===>> 1163.0
response t=382.657793999, out=0, setpoint=0, response=1163.0
GetPercentOutput ===>> 0.0
GetSetpoint ===>> 0.0
GetProcessValue ===>> 1148.0
response t=384.662304163, out=0, setpoint=0, response=1148.0
GetPercentOutput ===>> 0.0
GetSetpoint ===>> 0.0
GetProcessValue ===>> 1133.0
response t=386.664360046, out=0, setpoint=0, response=1133.0
GetPercentOutput ===>> 0.0
GetSetpoint ===>> 0.0
GetProcessValue ===>> 1118.0
response t=388.666397095, out=0, setpoint=0, response=1118.0
GetPercentOutput ===>> 0.0
GetSetpoint ===>> 0.0
GetProcessValue ===>> 1103.0
response t=390.670531988, out=0, setpoint=0, response=1103.0
GetPercentOutput ===>> 0.0
GetSetpoint ===>> 0.0
GetProcessValue ===>> 1087.0
response t=392.670460939, out=0, setpoint=0, response=1087.0
GetPercentOutput ===>> 0.0
GetSetpoint ===>> 0.0
GetProcessValue ===>> 1071.0
response t=394.672572136, out=0, setpoint=0, response=1071.0
GetPercentOutput ===>> 0.0
GetSetpoint ===>> 0.0
GetProcessValue ===>> 1057.0
response t=396.678779125, out=0, setpoint=0, response=1057.0
GetPercentOutput ===>> 0.0
GetSetpoint ===>> 0.0
GetProcessValue ===>> 1044.0
response t=398.684167147, out=0, setpoint=0, response=1044.0
GetPercentOutput ===>> 0.0
GetSetpoint ===>> 0.0
GetProcessValue ===>> 1030.0
response t=400.689404964, out=0, setpoint=0, response=1030.0
GetPercentOutput ===>> 0.0
GetSetpoint ===>> 0.0
GetProcessValue ===>> 1017.0
response t=402.694921017, out=0, setpoint=0, response=1017.0
GetPercentOutput ===>> 0.0
GetSetpoint ===>> 0.0
GetProcessValue ===>> 1007.0
response t=404.699280024, out=0, setpoint=0, response=1007.0
GetPercentOutput ===>> 0.0
GetSetpoint ===>> 0.0
GetProcessValue ===>> 996.0
response t=406.701379061, out=0, setpoint=0, response=996.0
GetPercentOutput ===>> 0.0
GetSetpoint ===>> 0.0
GetProcessValue ===>> 985.0
response t=408.702911139, out=0, setpoint=0, response=985.0
GetPercentOutput ===>> 0.0
GetSetpoint ===>> 0.0
GetProcessValue ===>> 977.0
response t=410.705392122, out=0, setpoint=0, response=977.0
GetPercentOutput ===>> 0.0
GetSetpoint ===>> 0.0
GetProcessValue ===>> 968.0
response t=412.705132008, out=0, setpoint=0, response=968.0
GetPercentOutput ===>> 0.0
GetSetpoint ===>> 0.0
GetProcessValue ===>> 958.0
response t=414.70946908, out=0, setpoint=0, response=958.0
GetPercentOutput ===>> 0.0
GetSetpoint ===>> 0.0
GetProcessValue ===>> 949.0
response t=416.711526155, out=0, setpoint=0, response=949.0
GetPercentOutput ===>> 0.0
GetSetpoint ===>> 0.0
GetProcessValue ===>> 940.0
response t=418.713526011, out=0, setpoint=0, response=940.0
GetPercentOutput ===>> 0.0
GetSetpoint ===>> 0.0
GetProcessValue ===>> 932.0
response t=420.715600014, out=0, setpoint=0, response=932.0
GetPercentOutput ===>> 0.0
GetSetpoint ===>> 0.0
GetProcessValue ===>> 923.0
response t=422.715360165, out=0, setpoint=0, response=923.0
GetPercentOutput ===>> 0.0
GetSetpoint ===>> 0.0
GetProcessValue ===>> 915.0
response t=424.723885059, out=0, setpoint=0, response=915.0
Join finished
block finished. duration 60.2480788231
close ('B',) {}
close name=B desc=---
checking ownership. requestor=129.138.12.137
check software interlocks B
interlocks []
actuate state mode=None-script, software_lock=False
doing actuation None-script close_channel True
Close B ===>> OK
GetIndicatorState B ===>> False
change switch state (True, True)
update switch state B False args=() kw={} ncanvase=4
14:37:21 -- CLOSE  VALVE-B (Bone to Diode Laser)
-------------------------- close B () result=[(True, True)]
action=close, ok=True, locked=[False]
close ('E',) {}
close name=E desc=---
checking ownership. requestor=129.138.12.137
check software interlocks E
interlocks []
actuate state mode=None-script, software_lock=False
doing actuation None-script close_channel False
Close E ===>> OK
GetPercentOutput ===>> 0.0
GetIndicatorState E ===>> False
change switch state (True, True)
update switch state E False args=() kw={} ncanvase=4
GetSetpoint ===>> 0.0
GetProcessValue ===>> 908.0
response t=426.72499609, out=0, setpoint=0, response=908.0
14:37:21 -- CLOSE  VALVE-E (Bone to Minibone)
-------------------------- close E () result=[(True, True)]
action=close, ok=True, locked=[False]
close ('C',) {}
close name=C desc=---
checking ownership. requestor=129.138.12.137
check software interlocks C
interlocks []
actuate state mode=None-script, software_lock=False
doing actuation None-script close_channel True
Close C ===>> OK
set states for children of C. state=False
handle state [('C', False)]
update switch state C False args=() kw={'refresh': False} ncanvase=4
GetIndicatorState C ===>> False
change switch state (True, True)
refresh_canvas_needed fired
update switch state C False args=() kw={} ncanvase=4
14:37:22 -- CLOSE  VALVE-C (Bone to Turbo)
-------------------------- close C () result=[(True, True)]
action=close, ok=True, locked=[False]
sleep (2,) {}
SLEEP 2.0
block started
WaitControl setup for 2.0  
GetPercentOutput ===>> 0.0
GetSetpoint ===>> 0.0
GetProcessValue ===>> 900.0
response t=428.731488943, out=0, setpoint=0, response=900.0
Join finished
block finished. duration 2.01309895515
open ('J',) {}
open name=J desc=---
checking ownership. requestor=129.138.12.137
check software interlocks J
interlocks []
actuate state mode=None-script, software_lock=False
doing actuation None-script open_channel True
Open J ===>> OK
GetIndicatorState J ===>> OK
change switch state (True, True)
update switch state J True args=() kw={} ncanvase=4
14:37:24 -- OPEN   VALVE-J (Bone to APIS)
-------------------------- open J () result=[(True, True)]
action=open, ok=True, locked=[False]
sleep (30,) {}
SLEEP 30.0
block started
WaitControl setup for 30.0  
GetPercentOutput ===>> 0.0
GetSetpoint ===>> 0.0
GetProcessValue ===>> 892.0
response t=430.73686409, out=0, setpoint=0, response=892.0
GetPercentOutput ===>> 0.0
GetSetpoint ===>> 0.0
GetProcessValue ===>> 884.0
response t=432.742259026, out=0, setpoint=0, response=884.0
GetPercentOutput ===>> 0.0
GetSetpoint ===>> 0.0
GetProcessValue ===>> 878.0
response t=434.74653101, out=0, setpoint=0, response=878.0
GetPercentOutput ===>> 0.0
GetSetpoint ===>> 0.0
GetProcessValue ===>> 871.0
response t=436.753021002, out=0, setpoint=0, response=871.0
GetPercentOutput ===>> 0.0
GetSetpoint ===>> 0.0
GetProcessValue ===>> 864.0
response t=438.75841713, out=0, setpoint=0, response=864.0
GetPercentOutput ===>> 0.0
GetSetpoint ===>> 0.0
GetProcessValue ===>> 858.0
response t=440.763782978, out=0, setpoint=0, response=858.0
GetPercentOutput ===>> 0.0
GetSetpoint ===>> 0.0
GetProcessValue ===>> 853.0
response t=442.769211054, out=0, setpoint=0, response=853.0
GetPercentOutput ===>> 0.0
GetSetpoint ===>> 0.0
GetProcessValue ===>> 848.0
response t=444.773360968, out=0, setpoint=0, response=848.0
GetPercentOutput ===>> 0.0
GetSetpoint ===>> 0.0
GetProcessValue ===>> 844.0
response t=446.773983002, out=0, setpoint=0, response=844.0
GetPercentOutput ===>> 0.0
GetSetpoint ===>> 0.0
GetProcessValue ===>> 841.0
response t=448.777441978, out=0, setpoint=0, response=841.0
GetPercentOutput ===>> 0.0
GetSetpoint ===>> 0.0
GetProcessValue ===>> 837.0
response t=450.779493093, out=0, setpoint=0, response=837.0
GetPercentOutput ===>> 0.0
GetSetpoint ===>> 0.0
GetProcessValue ===>> 834.0
response t=452.788352013, out=0, setpoint=0, response=834.0
GetPercentOutput ===>> 0.0
GetSetpoint ===>> 0.0
GetProcessValue ===>> 829.0
response t=454.796710968, out=0, setpoint=0, response=829.0
GetPercentOutput ===>> 0.0
GetSetpoint ===>> 0.0
GetProcessValue ===>> 823.0
response t=456.80224514, out=0, setpoint=0, response=823.0
GetPercentOutput ===>> 0.0
GetSetpoint ===>> 0.0
GetProcessValue ===>> 815.0
response t=458.804280043, out=0, setpoint=0, response=815.0
Join finished
block finished. duration 30.1138210297
close ('J',) {}
close name=J desc=---
checking ownership. requestor=129.138.12.137
check software interlocks J
interlocks []
actuate state mode=None-script, software_lock=False
doing actuation None-script close_channel True
Close J ===>> OK
GetIndicatorState J ===>> False
change switch state (True, True)
update switch state J False args=() kw={} ncanvase=4
14:37:55 -- CLOSE  VALVE-J (Bone to APIS)
-------------------------- close J () result=[(True, True)]
action=close, ok=True, locked=[False]
open ('FC',) {}
open name=FC desc=---
checking ownership. requestor=129.138.12.137
check software interlocks FC
interlocks []
actuate state mode=None-script, software_lock=False
doing actuation None-script open_channel True
GetPercentOutput ===>> 0.0
GetSetpoint ===>> 0.0
GetProcessValue ===>> 801.0
response t=460.803858042, out=0, setpoint=0, response=801.0
Open FC ===>> OK
GetIndicatorState FC ===>> OK
change switch state (True, True)
update switch state FC True args=() kw={} ncanvase=4
14:37:56 -- OPEN   VALVE-FC (Furnace Turbo)
-------------------------- open FC () result=[(True, True)]
action=open, ok=True, locked=[False]
sleep (30.0,) {}
SLEEP 30.0
block started
WaitControl setup for 30.0  
GetPercentOutput ===>> 0.0
GetSetpoint ===>> 0.0
GetProcessValue ===>> 781.0
response t=462.810557127, out=0, setpoint=0, response=781.0
GetPercentOutput ===>> 0.0
GetSetpoint ===>> 0.0
GetProcessValue ===>> 767.0
response t=464.81566906, out=0, setpoint=0, response=767.0
GetPercentOutput ===>> 0.0
GetSetpoint ===>> 0.0
GetProcessValue ===>> 755.0
response t=466.817064047, out=0, setpoint=0, response=755.0
GetPercentOutput ===>> 0.0
GetSetpoint ===>> 0.0
GetProcessValue ===>> 747.0
response t=468.822417021, out=0, setpoint=0, response=747.0
GetPercentOutput ===>> 0.0
GetSetpoint ===>> 0.0
GetProcessValue ===>> 739.0
response t=470.82780695, out=0, setpoint=0, response=739.0
GetPercentOutput ===>> 0.0
GetSetpoint ===>> 0.0
GetProcessValue ===>> 733.0
response t=472.833274126, out=0, setpoint=0, response=733.0
GetPercentOutput ===>> 0.0
GetSetpoint ===>> 0.0
GetProcessValue ===>> 727.0
response t=474.837213993, out=0, setpoint=0, response=727.0
GetPercentOutput ===>> 0.0
GetSetpoint ===>> 0.0
GetProcessValue ===>> 723.0
response t=476.84296298, out=0, setpoint=0, response=723.0
GetPercentOutput ===>> 0.0
GetSetpoint ===>> 0.0
GetProcessValue ===>> 718.0
response t=478.84939003, out=0, setpoint=0, response=718.0
GetPercentOutput ===>> 0.0
GetSetpoint ===>> 0.0
GetProcessValue ===>> 713.0
response t=480.848669052, out=0, setpoint=0, response=713.0
GetPercentOutput ===>> 0.0
GetSetpoint ===>> 0.0
GetProcessValue ===>> 708.0
response t=482.857560158, out=0, setpoint=0, response=708.0
GetPercentOutput ===>> 0.0
GetSetpoint ===>> 0.0
GetProcessValue ===>> 704.0
response t=484.864068031, out=0, setpoint=0, response=704.0
GetPercentOutput ===>> 0.0
GetSetpoint ===>> 0.0
GetProcessValue ===>> 699.0
response t=486.86608696, out=0, setpoint=0, response=699.0
GetPercentOutput ===>> 0.0
GetSetpoint ===>> 0.0
GetProcessValue ===>> 695.0
response t=488.868137121, out=0, setpoint=0, response=695.0
GetPercentOutput ===>> 0.0
GetSetpoint ===>> 0.0
GetProcessValue ===>> 691.0
response t=490.870198965, out=0, setpoint=0, response=691.0
Join finished
block finished. duration 30.1093280315
stop_response_recorder () {}
stop response recorder
executed snippet estimated_duration=1446.5, duration=492.170835972
felix_furnace.py completed successfully
get achieved output
Requested Output= 0.000
Achieved Output=  0.000
get response blob
get output blob
active pid =HO,10;XP,10;TI,48;TD,8
persistence save...
persistence save - db
AutomatedRunPersister post_extraction_save deprecated
persistence save - dvc
no extraction position for 
not connected to db mysql://felixexp@129.138.12.160/labspy
Enviromentals: {'lab_humiditys': [{'device': 'EnvironmentalMonitor',
                    'name': 'Lab Hum.',
                    'pub_date': '2017-08-21T14:21:25',
                    'title': 'iServer Hum.',
                    'value': 55.9}],
 'lab_pneumatics': [{'device': 'AirPressure',
                     'name': 'Pressure',
                     'pub_date': '2017-08-21T14:37:34',
                     'title': None,
                     'value': 108.675},
                    {'device': 'AirPressure2',
                     'name': 'Pressure2',
                     'pub_date': '2017-08-21T14:37:36',
                     'title': None,
                     'value': 111.16378}],
 'lab_temperatures': [{'device': 'EnvironmentalMonitor',
                       'name': 'Lab Temp.',
                       'pub_date': '2017-08-21T13:33:25',
                       'title': 'iServer Temp.',
                       'value': 72.8},
                      {'device': 'Chiller',
                       'name': 'Coolant Temp.',
                       'pub_date': '2017-08-21T14:23:09',
                       'title': None,
                       'value': 18.0}]}
Extraction Finished
14:38:29 -- ******* Extraction Finished *******
no overlap. not waiting for min ms pumptime
14:38:29 -- Sending spectrometer configuration
======== Sending configuration ========
SetZFocus 1.65 ===>> OK
SetHV 9900.0 ===>> OK
SetZSymmetry 3.35 ===>> OK
SetExtractionLens 63.57 ===>> OK
SetIonRepeller -5.15 ===>> OK
SetElectronEnergy 125.02 ===>> OK
SetYSymmetry 38.07 ===>> OK
send trap current 250.0
GetParameter Trap Current Readback ===>> 248.830617103095
SetParameter Trap Current Set,250.0 ===>> OK
updating mftable name argon
Using mftable located at /Users/obama/PychronDev/setupfiles/spectrometer/mftables/argon.csv
============ MFtable ===========
Isotope  H2     H1     AX     L1     L2     L2(CDD)
Ar40     3.7662 3.8414 3.9195 4.0010 4.1086 4.0942
Ar39     3.6918 3.7662 3.8426 3.9255 4.0280 4.0132
Ar36     3.4654 3.4179 3.6071 3.6829 3.7916 3.7661
================================
get initial guess parabolic
get initial guess parabolic
get initial guess parabolic
get initial guess parabolic
get initial guess parabolic
get initial guess parabolic
======== Configuration Finished ========
GetYSymmetry ===>> 38.07
GetZSymmetry ===>> 3.35
GetParameter Trap Current Readback ===>> 247.823658670573
GetHighVoltage ===>> 9900
start measurement
do measurement
L#=65786 analysis type=unknown
Measurement Started felix_analysis400_120_no_save_center.py
14:38:29 -- ******* Measurement Started felix_analysis400_120_no_save_center.py *******
state changed from extraction to measurement
setting trap, emission, spec, defl, and gains
GetExtractionLens ===>> 63.57
GetYSymmetry ===>> 38.07
GetZSymmetry ===>> 3.35
GetZFocus ===>> 1.65
GetDeflection H2 (CDD) ===>> 3250
GetDeflection H1 (CDD) ===>> 3250
GetDeflection AX (CDD) ===>> 3250
GetDeflection L1 (CDD) ===>> 3250
GetDeflection L2 (CDD) ===>> 0
GetGain H2 ===>> 0.9809305
GetGain H1 ===>> 0.9706
GetGain AX ===>> 0.96269
GetGain L1 ===>> 0.970094835296087
GetGain L2 ===>> 0.967359864778375
GetGain H2(CDD) ===>> 0
GetGain H1(CDD) ===>> 0
GetGain AX(CDD) ===>> 0
GetGain L1(CDD) ===>> 0
GetGain L2(CDD) ===>> 0
GetParameter Trap Current Readback ===>> 248.159311481414
GetParameter Source Current Readback ===>> 889.265091863517
pre measurement save
New frame /Users/obama/PychronDev/data/isotopes/8c/242a4d-d6fc-4865-98a0-071e1c348fac.h5
flush and close file /Users/obama/PychronDev/data/isotopes/8c/242a4d-d6fc-4865-98a0-071e1c348fac.h5
testing...
no interpolation path defined
executed snippet estimated_duration=590.4304, duration=0.000211954116821
unknown measurement script
activate_detectors ('H2', 'H1', 'AX', 'L1', 'L2(CDD)') {}
activate detectors
*************** Set Analysis View Ar/Ar
create graphs
clearing graphs
clear isotope group
setting isotope det=H2, iso=Ar40
setting isotope det=H1, iso=Ar39
setting isotope det=AX, iso=Ar38
setting isotope det=L1, iso=Ar37
setting isotope det=L2(CDD), iso=Ar36
setting previous blanks
 - setting Ar40 blank 152.546+/-0.031
 - setting Ar36 blank 0.5049+/-0.0016
 - setting Ar37 blank 0.018+/-0.012
 - setting Ar38 blank 0.096+/-0.013
 - setting Ar39 blank 0.074+/-0.023
load analysis view
position_magnet ('Ar40',) {'detector': 'H2'}
detector Detector(H2)
POSITION Ar40 H2
setting detector H2 to Ar40 (39.9624)
setting detector H1 to Ar39 (38.8624)
setting detector AX to Ar38 (37.9624)
setting detector L1 to Ar37 (36.9624)
setting detector L2 to Ar36 (35.8624)
setting detector H2(CDD) to Ar40 (39.8624)
setting detector H1(CDD) to Ar39 (38.8624)
setting detector AX(CDD) to Ar38 (37.8624)
setting detector L1(CDD) to Ar37 (36.8624)
setting detector L2(CDD) to Ar36 (35.9624)
Mapping mass to dac mass func: "parabolic"
H2 map mass coeffs = [ -2.56720193e-04   9.47812314e-02   3.88504975e-01]
H2 map mass to dac 39.9624 >> 3.76621
GetHighVoltage ===>> 9900
positioning Ar40 (3.76621) on H2
setting magnet DAC
current  : 3.768210
requested: 3.766210
Delta Dac: 0.002000
Checking detector protection. dv=0.00200
SetMagnetDAC 3.76621 ===>> OK
Magnet settling time: 0.500 0.500
Magnet settling complete
set_dac. change=True
equilibrate () {'delay': 3, 'inlet': 'H', 'outlet': 'V', 'eqtime': 30.0}
Equilibration Started
14:38:30 -- ******* Equilibration Started *******
checking ownership. requestor=129.138.12.137
check software interlocks V
interlocks []
actuate state mode=None-script, software_lock=False
doing actuation None-script close_channel True
update labels <pychron.experiment.plot_panel.PlotPanel object at 0x17d6d13b0>
update labels "<pychron.graph.stacked_regression_graph.StackedRegressionGraph object at 0x150687110>"
setting label 0 H2 Ar40
setting label 1 H1 Ar39
setting label 2 AX Ar38
setting label 3 L1 Ar37
setting label 4 L2(CDD) Ar36
update labels "<pychron.graph.stacked_graph.StackedGraph object at 0x1564457d0>"
setting label 0 H2 Ar40
setting label 1 H1 Ar39
setting label 2 AX Ar38
setting label 3 L1 Ar37
setting label 4 L2(CDD) Ar36
Close V ===>> OK
GetIndicatorState V ===>> False
change switch state (True, True)
update switch state V False args=() kw={} ncanvase=4
14:38:30 -- CLOSE  VALVE-V (Felix Ion Pump)
waiting 3s before opening inlet value ('H',)
checking ownership. requestor=129.138.12.137
check software interlocks H
interlocks []
actuate state mode=None-script, software_lock=False
doing actuation None-script open_channel True
Open H ===>> OK
GetIndicatorState H ===>> OK
change switch state (True, True)
update switch state H True args=() kw={} ncanvase=4
14:38:33 -- OPEN   VALVE-H (Felix Inlet)
set_time_zero () {}
equilibrating for 30.0sec
sniff (30.0,) {}
py_sniff
build tables- sniff [Detector(H2), Detector(H1), Detector(AX), Detector(L1), Detector(L2(CDD))]
add group /sniff/Ar40 (Group) u'' table H2
add group /sniff/Ar39 (Group) u'' table H1
add group /sniff/Ar38 (Group) u'' table AX
add group /sniff/Ar37 (Group) u'' table L1
add group /sniff/Ar36 (Group) u'' table L2(CDD)
flush and close file /Users/obama/PychronDev/data/isotopes/8c/242a4d-d6fc-4865-98a0-071e1c348fac.h5
measuring sniff. ncounts=30.0
"sniff" increment series count="1" fit count="0" regressing="False"
starting measurement
14:38:59 -- collecting point 25
Equilibration Finished
14:39:04 -- ******* Equilibration Finished *******
checking ownership. requestor=129.138.12.137
check software interlocks H
interlocks []
actuate state mode=None-script, software_lock=False
doing actuation None-script close_channel True
Close H ===>> OK
GetIndicatorState H ===>> False
change switch state (True, True)
update switch state H False args=() kw={} ncanvase=4
14:39:04 -- CLOSE  VALVE-H (Felix Inlet)
Post Equilibration Started felix_pump_extraction_line.py
14:39:04 -- ******* Post Equilibration Started felix_pump_extraction_line.py *******
testing...
no interpolation path defined
calculate duration
testing...
no interpolation path defined
executed snippet estimated_duration=4.0, duration=0.00029993057251
executed snippet estimated_duration=4.0, duration=0.00225901603699
Pump after analysis
doing GOSUB
testing...
no interpolation path defined
executed snippet estimated_duration=4.0, duration=0.000291109085083
Pump Bone
close () {'description': 'Felix Inlet'}
close name=--- desc=Felix Inlet
checking ownership. requestor=129.138.12.137
check software interlocks H
interlocks []
actuate state mode=None-script, software_lock=False
doing actuation None-script close_channel False
Close H ===>> OK
GetIndicatorState H ===>> False
change switch state (True, True)
update switch state H False args=() kw={} ncanvase=4
14:39:04 -- CLOSE  VALVE-H (Felix Inlet)
-------------------------- close None (Felix Inlet) result=[(True, True)]
action=close, ok=True, locked=[False]
is_closed ('A',) {}
is A () closed?
is closed False
close () {'description': 'CO2 Laser to Bone'}
close name=--- desc=CO2 Laser to Bone
checking ownership. requestor=129.138.12.137
check software interlocks F
interlocks []
actuate state mode=None-script, software_lock=True
VALVE-F(CO2 Laser to Bone) software locked
change switch state (True, False)
-------------------------- close None (CO2 Laser to Bone) result=[(True, False)]
action=close, ok=True, locked=[True]
sleep (1,) {}
SLEEP 1.0
close () {'description': 'CO2 Laser to Roughing'}
close name=--- desc=CO2 Laser to Roughing
checking ownership. requestor=129.138.12.137
check software interlocks G
interlocks []
actuate state mode=None-script, software_lock=True
VALVE-G(CO2 Laser to Roughing) software locked
change switch state (True, False)
-------------------------- close None (CO2 Laser to Roughing) result=[(True, False)]
action=close, ok=True, locked=[True]
open () {'description': 'Bone to Turbo'}
open name=--- desc=Bone to Turbo
checking ownership. requestor=129.138.12.137
check software interlocks C
interlocks []
actuate state mode=None-script, software_lock=False
doing actuation None-script open_channel True
Open C ===>> OK
GetIndicatorState C ===>> OK
change switch state (True, True)
update switch state C True args=() kw={} ncanvase=4
14:39:06 -- OPEN   VALVE-C (Bone to Turbo)
-------------------------- open None (Bone to Turbo) result=[(True, True)]
waiting for write to finish
measurement finished
estimated time: 31.457 actual time: :31.645
flush and close file /Users/obama/PychronDev/data/isotopes/8c/242a4d-d6fc-4865-98a0-071e1c348fac.h5
set_fits () {}
using default fits file=/Users/obama/PychronDev/scripts/measurement/fits/nominal.yaml
set "Ar40" to "('Parabolic', 'SEM')"
set "Ar36" to "('Parabolic', 'SEM')"
set "Ar37" to "('linear', 'SEM')"
set "Ar38" to "('linear', 'SEM')"
set "Ar39" to "('Parabolic', 'SEM')"
set_baseline_fits () {}
using default fits file=/Users/obama/PychronDev/scripts/measurement/fits/nominal.yaml
set "H2" to "('average', 'SEM')"
set "L2(CDD)" to "('average', 'SEM')"
set "L1" to "('average', 'SEM')"
set "AX" to "('average', 'SEM')"
set "H1" to "('average', 'SEM')"
multicollect () {'integration_time': 1.048576, 'ncounts': 400}
build tables- signal [Detector(H2), Detector(H1), Detector(AX), Detector(L1), Detector(L2(CDD))]
add group /signal/Ar40 (Group) u'' table H2
add group /signal/Ar39 (Group) u'' table H1
add group /signal/Ar38 (Group) u'' table AX
add group /signal/Ar37 (Group) u'' table L1
add group /signal/Ar36 (Group) u'' table L2(CDD)
flush and close file /Users/obama/PychronDev/data/isotopes/8c/242a4d-d6fc-4865-98a0-071e1c348fac.h5
action=open, ok=True, locked=[False]
open () {'description': 'Bone to Getter GP-50'}
open name=--- desc=Bone to Getter GP-50
measuring signal. ncounts=400
checking ownership. requestor=129.138.12.137
check software interlocks N
interlocks []
actuate state mode=None-script, software_lock=False
doing actuation None-script open_channel False
Open N ===>> OK
GetIndicatorState N ===>> OK
change switch state (True, True)
update switch state N True args=() kw={} ncanvase=4
14:39:06 -- OPEN   VALVE-N (Bone to Getter GP-50)
-------------------------- open None (Bone to Getter GP-50) result=[(True, True)]
"signal" increment series count="2" fit count="1" regressing="True"
action=open, ok=True, locked=[False]
open () {'description': 'Bone to Diode Laser'}
open name=--- desc=Bone to Diode Laser
checking ownership. requestor=129.138.12.137
check software interlocks B
interlocks []
actuate state mode=None-script, software_lock=False
doing actuation None-script open_channel True
Open B ===>> OK
GetIndicatorState B ===>> OK
change switch state (True, True)
update switch state B True args=() kw={} ncanvase=4
starting measurement
14:39:06 -- OPEN   VALVE-B (Bone to Diode Laser)
-------------------------- open None (Bone to Diode Laser) result=[(True, True)]
action=open, ok=True, locked=[False]
open () {'description': 'Bone to CO2 Laser'}
open name=--- desc=Bone to CO2 Laser
checking ownership. requestor=129.138.12.137
check software interlocks D
interlocks []
actuate state mode=None-script, software_lock=False
doing actuation None-script open_channel False
Open D ===>> OK
GetIndicatorState D ===>> OK
change switch state (True, True)
update switch state D True args=() kw={} ncanvase=4
14:39:07 -- OPEN   VALVE-D (Bone to CO2 Laser)
-------------------------- open None (Bone to CO2 Laser) result=[(True, True)]
action=open, ok=True, locked=[False]
sleep (1,) {}
SLEEP 1.0
set_resource () {'name': 'CO2PumpTimeFlag', 'value': 30}
Set CO2PumpTimeFlag 30 ===>> OK
release ('FelixCO2Flag',) {}
release FelixCO2Flag
Set FelixCO2Flag 0 ===>> OK
executed snippet estimated_duration=6.0, duration=4.20509886742
PumpBone.py completed successfully
gosub finished
get_resource_value () {'name': 'FelixMiniboneFlag'}
Read FelixMiniboneFlag ===>> 0
Get Resource Value FelixMiniboneFlag=0.0
executed snippet estimated_duration=4.0, duration=4.21400499344
felix_pump_extraction_line.py completed successfully
Post Equilibration Finished
14:39:08 -- ******* Post Equilibration Finished *******
GetDeflection L2 (CDD) ===>> 0
testing L2_CDD_==3250
evaluate ot="L2(CDD).deflection==3250" t="L2_CDD_==3250", ctx="{'L2_CDD_': 0.0}"
GetDeflection L2 (CDD) ===>> 0
testing L2_CDD_==3250
evaluate ot="L2(CDD).deflection==3250" t="L2_CDD_==3250", ctx="{'L2_CDD_': 0.0}"
14:39:32 -- collecting point 25
GetDeflection L2 (CDD) ===>> 0
testing L2_CDD_==3250
evaluate ot="L2(CDD).deflection==3250" t="L2_CDD_==3250", ctx="{'L2_CDD_': 0.0}"
GetDeflection L2 (CDD) ===>> 0
testing L2_CDD_==3250
evaluate ot="L2(CDD).deflection==3250" t="L2_CDD_==3250", ctx="{'L2_CDD_': 0.0}"
14:39:58 -- collecting point 50
GetDeflection L2 (CDD) ===>> 0
testing L2_CDD_==3250
evaluate ot="L2(CDD).deflection==3250" t="L2_CDD_==3250", ctx="{'L2_CDD_': 0.0}"
GetDeflection L2 (CDD) ===>> 0
testing L2_CDD_==3250
evaluate ot="L2(CDD).deflection==3250" t="L2_CDD_==3250", ctx="{'L2_CDD_': 0.0}"
GetDeflection L2 (CDD) ===>> 0
testing L2_CDD_==3250
evaluate ot="L2(CDD).deflection==3250" t="L2_CDD_==3250", ctx="{'L2_CDD_': 0.0}"
14:40:24 -- collecting point 75
GetDeflection L2 (CDD) ===>> 0
testing L2_CDD_==3250
evaluate ot="L2(CDD).deflection==3250" t="L2_CDD_==3250", ctx="{'L2_CDD_': 0.0}"
GetDeflection L2 (CDD) ===>> 0
testing L2_CDD_==3250
evaluate ot="L2(CDD).deflection==3250" t="L2_CDD_==3250", ctx="{'L2_CDD_': 0.0}"
14:40:51 -- collecting point 100
GetDeflection L2 (CDD) ===>> 0
testing L2_CDD_==3250
evaluate ot="L2(CDD).deflection==3250" t="L2_CDD_==3250", ctx="{'L2_CDD_': 0.0}"
GetDeflection L2 (CDD) ===>> 0
testing L2_CDD_==3250
evaluate ot="L2(CDD).deflection==3250" t="L2_CDD_==3250", ctx="{'L2_CDD_': 0.0}"
GetDeflection L2 (CDD) ===>> 0
testing L2_CDD_==3250
evaluate ot="L2(CDD).deflection==3250" t="L2_CDD_==3250", ctx="{'L2_CDD_': 0.0}"
14:41:17 -- collecting point 125
GetDeflection L2 (CDD) ===>> 0
testing L2_CDD_==3250
evaluate ot="L2(CDD).deflection==3250" t="L2_CDD_==3250", ctx="{'L2_CDD_': 0.0}"
GetDeflection L2 (CDD) ===>> 0
testing L2_CDD_==3250
evaluate ot="L2(CDD).deflection==3250" t="L2_CDD_==3250", ctx="{'L2_CDD_': 0.0}"
14:41:43 -- collecting point 150
GetDeflection L2 (CDD) ===>> 0
testing L2_CDD_==3250
evaluate ot="L2(CDD).deflection==3250" t="L2_CDD_==3250", ctx="{'L2_CDD_': 0.0}"
GetDeflection L2 (CDD) ===>> 0
testing L2_CDD_==3250
evaluate ot="L2(CDD).deflection==3250" t="L2_CDD_==3250", ctx="{'L2_CDD_': 0.0}"
GetDeflection L2 (CDD) ===>> 0
testing L2_CDD_==3250
evaluate ot="L2(CDD).deflection==3250" t="L2_CDD_==3250", ctx="{'L2_CDD_': 0.0}"
14:42:09 -- collecting point 175
GetDeflection L2 (CDD) ===>> 0
testing L2_CDD_==3250
evaluate ot="L2(CDD).deflection==3250" t="L2_CDD_==3250", ctx="{'L2_CDD_': 0.0}"
GetDeflection L2 (CDD) ===>> 0
testing L2_CDD_==3250
evaluate ot="L2(CDD).deflection==3250" t="L2_CDD_==3250", ctx="{'L2_CDD_': 0.0}"
14:42:36 -- collecting point 200
GetDeflection L2 (CDD) ===>> 0
testing L2_CDD_==3250
evaluate ot="L2(CDD).deflection==3250" t="L2_CDD_==3250", ctx="{'L2_CDD_': 0.0}"
GetDeflection L2 (CDD) ===>> 0
testing L2_CDD_==3250
evaluate ot="L2(CDD).deflection==3250" t="L2_CDD_==3250", ctx="{'L2_CDD_': 0.0}"
GetDeflection L2 (CDD) ===>> 0
testing L2_CDD_==3250
evaluate ot="L2(CDD).deflection==3250" t="L2_CDD_==3250", ctx="{'L2_CDD_': 0.0}"
14:43:02 -- collecting point 225
GetDeflection L2 (CDD) ===>> 0
testing L2_CDD_==3250
evaluate ot="L2(CDD).deflection==3250" t="L2_CDD_==3250", ctx="{'L2_CDD_': 0.0}"
GetDeflection L2 (CDD) ===>> 0
testing L2_CDD_==3250
evaluate ot="L2(CDD).deflection==3250" t="L2_CDD_==3250", ctx="{'L2_CDD_': 0.0}"
14:43:28 -- collecting point 250
GetDeflection L2 (CDD) ===>> 0
testing L2_CDD_==3250
evaluate ot="L2(CDD).deflection==3250" t="L2_CDD_==3250", ctx="{'L2_CDD_': 0.0}"
GetDeflection L2 (CDD) ===>> 0
testing L2_CDD_==3250
evaluate ot="L2(CDD).deflection==3250" t="L2_CDD_==3250", ctx="{'L2_CDD_': 0.0}"
GetDeflection L2 (CDD) ===>> 0
testing L2_CDD_==3250
evaluate ot="L2(CDD).deflection==3250" t="L2_CDD_==3250", ctx="{'L2_CDD_': 0.0}"
14:43:55 -- collecting point 275
GetDeflection L2 (CDD) ===>> 0
testing L2_CDD_==3250
evaluate ot="L2(CDD).deflection==3250" t="L2_CDD_==3250", ctx="{'L2_CDD_': 0.0}"
GetDeflection L2 (CDD) ===>> 0
testing L2_CDD_==3250
evaluate ot="L2(CDD).deflection==3250" t="L2_CDD_==3250", ctx="{'L2_CDD_': 0.0}"
14:44:21 -- collecting point 300
GetDeflection L2 (CDD) ===>> 0
testing L2_CDD_==3250
evaluate ot="L2(CDD).deflection==3250" t="L2_CDD_==3250", ctx="{'L2_CDD_': 0.0}"
GetDeflection L2 (CDD) ===>> 0
testing L2_CDD_==3250
evaluate ot="L2(CDD).deflection==3250" t="L2_CDD_==3250", ctx="{'L2_CDD_': 0.0}"
GetDeflection L2 (CDD) ===>> 0
testing L2_CDD_==3250
evaluate ot="L2(CDD).deflection==3250" t="L2_CDD_==3250", ctx="{'L2_CDD_': 0.0}"
14:44:47 -- collecting point 325
GetDeflection L2 (CDD) ===>> 0
testing L2_CDD_==3250
evaluate ot="L2(CDD).deflection==3250" t="L2_CDD_==3250", ctx="{'L2_CDD_': 0.0}"
set states for children of O. state=True
handle state [('O', True)]
update switch state O True args=() kw={'refresh': False} ncanvase=4
refresh_canvas_needed fired
GetDeflection L2 (CDD) ===>> 0
testing L2_CDD_==3250
evaluate ot="L2(CDD).deflection==3250" t="L2_CDD_==3250", ctx="{'L2_CDD_': 0.0}"
14:45:14 -- collecting point 350
GetDeflection L2 (CDD) ===>> 0
testing L2_CDD_==3250
evaluate ot="L2(CDD).deflection==3250" t="L2_CDD_==3250", ctx="{'L2_CDD_': 0.0}"
GetDeflection L2 (CDD) ===>> 0
testing L2_CDD_==3250
evaluate ot="L2(CDD).deflection==3250" t="L2_CDD_==3250", ctx="{'L2_CDD_': 0.0}"
GetDeflection L2 (CDD) ===>> 0
testing L2_CDD_==3250
evaluate ot="L2(CDD).deflection==3250" t="L2_CDD_==3250", ctx="{'L2_CDD_': 0.0}"
14:45:40 -- collecting point 375
GetDeflection L2 (CDD) ===>> 0
testing L2_CDD_==3250
evaluate ot="L2(CDD).deflection==3250" t="L2_CDD_==3250", ctx="{'L2_CDD_': 0.0}"
GetDeflection L2 (CDD) ===>> 0
testing L2_CDD_==3250
evaluate ot="L2(CDD).deflection==3250" t="L2_CDD_==3250", ctx="{'L2_CDD_': 0.0}"
14:46:06 -- collecting point 400
waiting for write to finish
measurement finished
estimated time: 419.430 actual time: :421.063
flush and close file /Users/obama/PychronDev/data/isotopes/8c/242a4d-d6fc-4865-98a0-071e1c348fac.h5
baselines () {'settling_time': 15.0, 'detector': 'H2', 'mass': 39.862, 'ncounts': 120}
%%%%%%%%%%%%%%%%%%%%%%%%%%%%%%%% Baseline
build tables- baseline [Detector(H2), Detector(H1), Detector(AX), Detector(L1), Detector(L2(CDD))]
add group baseline table H2
add group baseline table H1
add group baseline table AX
add group baseline table L1
add group baseline table L2(CDD)
flush and close file /Users/obama/PychronDev/data/isotopes/8c/242a4d-d6fc-4865-98a0-071e1c348fac.h5
detector Detector(H2)
POSITION 39.862 H2
Mapping mass to dac mass func: "parabolic"
H2 map mass coeffs = [ -2.56720193e-04   9.47812314e-02   3.88504975e-01]
H2 map mass to dac 39.862 >> 3.75875141492
GetHighVoltage ===>> 9900
positioning 39.862 (3.75875141492) on H2
setting magnet DAC
current  : 3.766210
requested: 3.758751
Delta Dac: 0.007459
Checking detector protection. dv=0.00746
SetMagnetDAC 3.75875141492 ===>> OK
Magnet settling time: 0.500 0.500
Magnet settling complete
set_dac. change=True
Delaying 15.0s for detectors to settle
set states for children of U. state=False
handle state [('U', False)]
update switch state U False args=() kw={'refresh': False} ncanvase=4
refresh_canvas_needed fired
Join finished
measuring baseline. ncounts=120
"baseline" increment series count="2" fit count="1" regressing="True"
starting measurement
GetDeflection L2 (CDD) ===>> 0
testing L2_CDD_==3250
evaluate ot="L2(CDD).deflection==3250" t="L2_CDD_==3250", ctx="{'L2_CDD_': 0.0}"
GetDeflection L2 (CDD) ===>> 0
testing L2_CDD_==3250
evaluate ot="L2(CDD).deflection==3250" t="L2_CDD_==3250", ctx="{'L2_CDD_': 0.0}"
14:46:49 -- collecting point 25
GetDeflection L2 (CDD) ===>> 0
testing L2_CDD_==3250
evaluate ot="L2(CDD).deflection==3250" t="L2_CDD_==3250", ctx="{'L2_CDD_': 0.0}"
GetDeflection L2 (CDD) ===>> 0
testing L2_CDD_==3250
evaluate ot="L2(CDD).deflection==3250" t="L2_CDD_==3250", ctx="{'L2_CDD_': 0.0}"
14:47:15 -- collecting point 50
GetDeflection L2 (CDD) ===>> 0
testing L2_CDD_==3250
evaluate ot="L2(CDD).deflection==3250" t="L2_CDD_==3250", ctx="{'L2_CDD_': 0.0}"
set states for children of O. state=False
handle state [('O', False)]
update switch state O False args=() kw={'refresh': False} ncanvase=4
refresh_canvas_needed fired
set states for children of R. state=True
handle state [('R', True)]
update switch state R True args=() kw={'refresh': False} ncanvase=4
refresh_canvas_needed fired
GetDeflection L2 (CDD) ===>> 0
testing L2_CDD_==3250
evaluate ot="L2(CDD).deflection==3250" t="L2_CDD_==3250", ctx="{'L2_CDD_': 0.0}"
GetDeflection L2 (CDD) ===>> 0
testing L2_CDD_==3250
evaluate ot="L2(CDD).deflection==3250" t="L2_CDD_==3250", ctx="{'L2_CDD_': 0.0}"
14:47:41 -- collecting point 75
set states for children of R. state=False
handle state [('R', False)]
update switch state R False args=() kw={'refresh': False} ncanvase=4
refresh_canvas_needed fired
set states for children of U. state=True
handle state [('U', True)]
update switch state U True args=() kw={'refresh': False} ncanvase=4
refresh_canvas_needed fired
GetDeflection L2 (CDD) ===>> 0
testing L2_CDD_==3250
evaluate ot="L2(CDD).deflection==3250" t="L2_CDD_==3250", ctx="{'L2_CDD_': 0.0}"
GetDeflection L2 (CDD) ===>> 0
testing L2_CDD_==3250
evaluate ot="L2(CDD).deflection==3250" t="L2_CDD_==3250", ctx="{'L2_CDD_': 0.0}"
14:48:08 -- collecting point 100
GetDeflection L2 (CDD) ===>> 0
testing L2_CDD_==3250
evaluate ot="L2(CDD).deflection==3250" t="L2_CDD_==3250", ctx="{'L2_CDD_': 0.0}"
GetDeflection L2 (CDD) ===>> 0
testing L2_CDD_==3250
evaluate ot="L2(CDD).deflection==3250" t="L2_CDD_==3250", ctx="{'L2_CDD_': 0.0}"
waiting for write to finish
measurement finished
estimated time: 125.829 actual time: :126.397
flush and close file /Users/obama/PychronDev/data/isotopes/8c/242a4d-d6fc-4865-98a0-071e1c348fac.h5
activate_detectors ('H1', 'L2(CDD)') {'peak_center': True}
peak_center () {'detector': 'H2', 'save': False, 'integration_time': 1.048576, 'isotope': 'Ar40'}
peak center: mean=245.46997978 threshold=1.0
peak center started
setup peak center. detector=['H2', 'H1', 'L2(CDD)'], isotope=Ar40
VersionedUnpickler [<apptools.sweet_pickle.versioned_unpickler.VersionedUnpickler object at 0x1250ed1d0>] using Updater [<apptools.sweet_pickle.updater.Updater object at 0x120213830>]
VersionedUnpickler [<apptools.sweet_pickle.versioned_unpickler.VersionedUnpickler object at 0x1250ed1d0>] using Updater [<apptools.sweet_pickle.updater.Updater object at 0x120213830>]
VersionedUnpickler [<apptools.sweet_pickle.versioned_unpickler.VersionedUnpickler object at 0x1250ed1d0>] using Updater [<apptools.sweet_pickle.updater.Updater object at 0x120213830>]
setting integration time = 0.524288
SetIntegrationTime 0.524288 ===>> OK
Mapping mass to dac mass func: "parabolic"
H2 map mass coeffs = [ -2.56720193e-04   9.47812314e-02   3.88504975e-01]
H2 map mass to dac 39.9624 >> 3.76621
GetHighVoltage ===>> 9900
do peak center. <pychron.spectrometer.jobs.peak_center.PeakCenter object at 0x12fbac890>
doing pc
starting peak center. center dac= 3.76621 step_width=0.0001
width = 0.0001
get scan parameters. half-width=0.002,window=0.002, i=0, scalar=1
Scan parameters center=3.76621 width=0.00400 (3.76421 - 3.76821)
Moving to starting dac 3.76421
setting magnet DAC
current  : 3.758751
requested: 3.764210
Delta Dac: 0.005459
Checking detector protection. dv=0.00546
SetMagnetDAC 3.76421 ===>> OK
Magnet settling time: 0.500 0.500
Magnet settling complete
set_dac. change=True
Wait until signal near baseline. tol= -0.113486407234. timeout= 10
Peak center failed to move to a baseline position
_do_sweep sm= 3.76421, em= 3.76821, stm= 0.0001
calculated step values: start=3.76421, end=3.76821, width=0.0001, nsteps=41.0
setting magnet DAC
current  : 3.764210
requested: 3.764210
Delta Dac: 0.000000
Checking detector protection. dv=0.00000
set_dac. change=False
setting magnet DAC
current  : 3.764210
requested: 3.764313
Delta Dac: 0.000103
Checking detector protection. dv=0.00010
Magnet settling time: 1.049 0.500
Magnet settling complete
set_dac. change=True
setting magnet DAC
current  : 3.764313
requested: 3.764415
Delta Dac: 0.000103
Checking detector protection. dv=0.00010
Magnet settling time: 1.049 0.500
Magnet settling complete
set_dac. change=True
setting magnet DAC
current  : 3.764415
requested: 3.764518
Delta Dac: 0.000103
Checking detector protection. dv=0.00010
Magnet settling time: 1.049 0.500
Magnet settling complete
set_dac. change=True
setting magnet DAC
current  : 3.764518
requested: 3.764620
Delta Dac: 0.000103
Checking detector protection. dv=0.00010
Magnet settling time: 1.049 0.500
Magnet settling complete
set_dac. change=True
setting magnet DAC
current  : 3.764620
requested: 3.764723
Delta Dac: 0.000103
Checking detector protection. dv=0.00010
Magnet settling time: 1.049 0.500
Magnet settling complete
set_dac. change=True
setting magnet DAC
current  : 3.764723
requested: 3.764825
Delta Dac: 0.000103
Checking detector protection. dv=0.00010
Magnet settling time: 1.049 0.500
Magnet settling complete
set_dac. change=True
setting magnet DAC
current  : 3.764825
requested: 3.764928
Delta Dac: 0.000103
Checking detector protection. dv=0.00010
Magnet settling time: 1.049 0.500
Magnet settling complete
set_dac. change=True
setting magnet DAC
current  : 3.764928
requested: 3.765031
Delta Dac: 0.000103
Checking detector protection. dv=0.00010
Magnet settling time: 1.049 0.500
Magnet settling complete
set_dac. change=True
setting magnet DAC
current  : 3.765031
requested: 3.765133
Delta Dac: 0.000103
Checking detector protection. dv=0.00010
Magnet settling time: 1.049 0.500
Magnet settling complete
set_dac. change=True
setting magnet DAC
current  : 3.765133
requested: 3.765236
Delta Dac: 0.000103
Checking detector protection. dv=0.00010
Magnet settling time: 1.049 0.500
Magnet settling complete
set_dac. change=True
setting magnet DAC
current  : 3.765236
requested: 3.765338
Delta Dac: 0.000103
Checking detector protection. dv=0.00010
Magnet settling time: 1.049 0.500
Magnet settling complete
set_dac. change=True
setting magnet DAC
current  : 3.765338
requested: 3.765441
Delta Dac: 0.000103
Checking detector protection. dv=0.00010
Magnet settling time: 1.049 0.500
Magnet settling complete
set_dac. change=True
setting magnet DAC
current  : 3.765441
requested: 3.765543
Delta Dac: 0.000103
Checking detector protection. dv=0.00010
Magnet settling time: 1.049 0.500
Magnet settling complete
set_dac. change=True
setting magnet DAC
current  : 3.765543
requested: 3.765646
Delta Dac: 0.000103
Checking detector protection. dv=0.00010
Magnet settling time: 1.049 0.500
Magnet settling complete
set_dac. change=True
setting magnet DAC
current  : 3.765646
requested: 3.765748
Delta Dac: 0.000103
Checking detector protection. dv=0.00010
Magnet settling time: 1.049 0.500
Magnet settling complete
set_dac. change=True
setting magnet DAC
current  : 3.765748
requested: 3.765851
Delta Dac: 0.000103
Checking detector protection. dv=0.00010
Magnet settling time: 1.049 0.500
Magnet settling complete
set_dac. change=True
setting magnet DAC
current  : 3.765851
requested: 3.765954
Delta Dac: 0.000103
Checking detector protection. dv=0.00010
Magnet settling time: 1.049 0.500
Magnet settling complete
set_dac. change=True
setting magnet DAC
current  : 3.765954
requested: 3.766056
Delta Dac: 0.000103
Checking detector protection. dv=0.00010
Magnet settling time: 1.049 0.500
Magnet settling complete
set_dac. change=True
setting magnet DAC
current  : 3.766056
requested: 3.766159
Delta Dac: 0.000103
Checking detector protection. dv=0.00010
Magnet settling time: 1.049 0.500
Magnet settling complete
set_dac. change=True
setting magnet DAC
current  : 3.766159
requested: 3.766261
Delta Dac: 0.000103
Checking detector protection. dv=0.00010
Magnet settling time: 1.049 0.500
Magnet settling complete
set_dac. change=True
setting magnet DAC
current  : 3.766261
requested: 3.766364
Delta Dac: 0.000103
Checking detector protection. dv=0.00010
Magnet settling time: 1.049 0.500
Magnet settling complete
set_dac. change=True
setting magnet DAC
current  : 3.766364
requested: 3.766466
Delta Dac: 0.000103
Checking detector protection. dv=0.00010
Magnet settling time: 1.049 0.500
Magnet settling complete
set_dac. change=True
setting magnet DAC
current  : 3.766466
requested: 3.766569
Delta Dac: 0.000103
Checking detector protection. dv=0.00010
Magnet settling time: 1.049 0.500
Magnet settling complete
set_dac. change=True
setting magnet DAC
current  : 3.766569
requested: 3.766672
Delta Dac: 0.000103
Checking detector protection. dv=0.00010
Magnet settling time: 1.049 0.500
Magnet settling complete
set_dac. change=True
setting magnet DAC
current  : 3.766672
requested: 3.766774
Delta Dac: 0.000103
Checking detector protection. dv=0.00010
Magnet settling time: 1.049 0.500
Magnet settling complete
set_dac. change=True
setting magnet DAC
current  : 3.766774
requested: 3.766877
Delta Dac: 0.000103
Checking detector protection. dv=0.00010
Magnet settling time: 1.049 0.500
Magnet settling complete
set_dac. change=True
setting magnet DAC
current  : 3.766877
requested: 3.766979
Delta Dac: 0.000103
Checking detector protection. dv=0.00010
Magnet settling time: 1.049 0.500
Magnet settling complete
set_dac. change=True
setting magnet DAC
current  : 3.766979
requested: 3.767082
Delta Dac: 0.000103
Checking detector protection. dv=0.00010
Magnet settling time: 1.049 0.500
Magnet settling complete
set_dac. change=True
setting magnet DAC
current  : 3.767082
requested: 3.767184
Delta Dac: 0.000103
Checking detector protection. dv=0.00010
Magnet settling time: 1.049 0.500
Magnet settling complete
set_dac. change=True
setting magnet DAC
current  : 3.767184
requested: 3.767287
Delta Dac: 0.000103
Checking detector protection. dv=0.00010
Magnet settling time: 1.049 0.500
Magnet settling complete
set_dac. change=True
setting magnet DAC
current  : 3.767287
requested: 3.767389
Delta Dac: 0.000103
Checking detector protection. dv=0.00010
Magnet settling time: 1.049 0.500
Magnet settling complete
set_dac. change=True
setting magnet DAC
current  : 3.767389
requested: 3.767492
Delta Dac: 0.000103
Checking detector protection. dv=0.00010
Magnet settling time: 1.049 0.500
Magnet settling complete
set_dac. change=True
setting magnet DAC
current  : 3.767492
requested: 3.767595
Delta Dac: 0.000103
Checking detector protection. dv=0.00010
Magnet settling time: 1.049 0.500
Magnet settling complete
set_dac. change=True
setting magnet DAC
current  : 3.767595
requested: 3.767697
Delta Dac: 0.000103
Checking detector protection. dv=0.00010
Magnet settling time: 1.049 0.500
Magnet settling complete
set_dac. change=True
setting magnet DAC
current  : 3.767697
requested: 3.767800
Delta Dac: 0.000103
Checking detector protection. dv=0.00010
Magnet settling time: 1.049 0.500
Magnet settling complete
set_dac. change=True
setting magnet DAC
current  : 3.767800
requested: 3.767902
Delta Dac: 0.000103
Checking detector protection. dv=0.00010
Magnet settling time: 1.049 0.500
Magnet settling complete
set_dac. change=True
setting magnet DAC
current  : 3.767902
requested: 3.768005
Delta Dac: 0.000103
Checking detector protection. dv=0.00010
Magnet settling time: 1.049 0.500
Magnet settling complete
set_dac. change=True
setting magnet DAC
current  : 3.768005
requested: 3.768107
Delta Dac: 0.000103
Checking detector protection. dv=0.00010
Magnet settling time: 1.049 0.500
Magnet settling complete
set_dac. change=True
setting magnet DAC
current  : 3.768107
requested: 3.768210
Delta Dac: 0.000103
Checking detector protection. dv=0.00010
Magnet settling time: 1.049 0.500
Magnet settling complete
set_dac. change=True
result of _do_sweep=True
result of _calculate_peak_center=([3.7648873547094186, 3.7660416633266527, 3.7671959719438872], [178.08025925464852, 241.60870769355338, 178.60229727472972], 3.7660456713426851, 241.60870769355338)
Failed to find a valid peak. No peak greater than 1.0. max = 0.500448394834
new center pos Detector(H2) (Ar40) @ 3.76604166333
GetHighVoltage ===>> 9900
dac uncorrected for HV and deflection 3.76604166333
setting integration time = 1.048576
SetIntegrationTime 1.048576 ===>> OK
Failed to find a valid peak. No peak greater than 1.0. max = 0.500448394834
flush and close file /Users/obama/PychronDev/data/isotopes/8c/242a4d-d6fc-4865-98a0-071e1c348fac.h5
sweep finished
finished measure script
executed snippet estimated_duration=590.4304, duration=654.695709229
felix_analysis400_120_no_save_center.py completed successfully
Measurement Finished
14:49:24 -- ******* Measurement Finished *******
Post Measurement Started felix_pump_ms.py
14:49:24 -- ******* Post Measurement Started felix_pump_ms.py *******
testing...
no interpolation path defined
executed snippet estimated_duration=0, duration=4.10079956055e-05
Pumping spectrometer
open () {'name': 'V'}
open name=V desc=---
checking ownership. requestor=129.138.12.137
check software interlocks V
interlocks []
actuate state mode=None-script, software_lock=False
doing actuation None-script open_channel True
Open V ===>> OK
GetIndicatorState V ===>> OK
change switch state (True, True)
update switch state V True args=() kw={} ncanvase=4
14:49:24 -- OPEN   VALVE-V (Felix Ion Pump)
-------------------------- open V () result=[(True, True)]
action=open, ok=True, locked=[False]
executed snippet estimated_duration=0, duration=0.375952005386
felix_pump_ms.py completed successfully
setting _ms_pumptime
Post Measurement Finished
14:49:24 -- ******* Post Measurement Finished *******
$$$$$$$$$$$$$$$$$$$$ state at run end measurement
state changed from measurement to success
post measurement save measured=True aborted=False
Set filtering
setting fod for Ar40= {'filter_outliers': True, 'std_devs': 2, 'iterations': 2}
setting fod for H2= {'filter_outliers': True, 'std_devs': 2, 'iterations': 1}
setting fod for Ar36= {'filter_outliers': True, 'std_devs': 2, 'iterations': 2}
setting fod for L2(CDD)= {'filter_outliers': True, 'std_devs': 2, 'iterations': 1}
setting fod for Ar37= {'filter_outliers': True, 'std_devs': 2, 'iterations': 2}
setting fod for L1= {'filter_outliers': True, 'std_devs': 2, 'iterations': 1}
setting fod for Ar38= {'filter_outliers': True, 'std_devs': 2, 'iterations': 2}
setting fod for AX= {'filter_outliers': True, 'std_devs': 2, 'iterations': 1}
setting fod for Ar39= {'filter_outliers': True, 'std_devs': 2, 'iterations': 2}
setting fod for H1= {'filter_outliers': True, 'std_devs': 2, 'iterations': 1}
not connected to db mysql://felixexp@129.138.12.160/labspy
Enviromentals: {'lab_humiditys': [{'device': 'EnvironmentalMonitor',
                    'name': 'Lab Hum.',
                    'pub_date': '2017-08-21T14:46:59',
                    'title': 'iServer Hum.',
                    'value': 55.6}],
 'lab_pneumatics': [{'device': 'AirPressure',
                     'name': 'Pressure',
                     'pub_date': '2017-08-21T14:47:37',
                     'title': None,
                     'value': 96.45},
                    {'device': 'AirPressure2',
                     'name': 'Pressure2',
                     'pub_date': '2017-08-21T14:47:39',
                     'title': None,
                     'value': 97.97788}],
 'lab_temperatures': [{'device': 'EnvironmentalMonitor',
                       'name': 'Lab Temp.',
                       'pub_date': '2017-08-21T13:33:25',
                       'title': 'iServer Temp.',
                       'value': 72.8},
                      {'device': 'Chiller',
                       'name': 'Coolant Temp.',
                       'pub_date': '2017-08-21T14:48:12',
                       'title': None,
                       'value': 18.0555555555556}]}
persistence save...
persistence save - db
post measurement save
6399225488 connecting to database sqlite://@/
connected to db sqlite://@/
create new session 6399225488
close session 6399225488
No database instance. Not saving post measurement to isotopedb database
$$$$$$$$$$$$$$$ auto_save_detector_ic=False
massspec enabled True
create new session 4784494736
MassSpec Database Version: 16.0
close session 4784494736
saving post measurement to secondary database
saving to massspec database 129.138.12.160/massspecdata
setting labnumber to 65786
setting aliquot to 2
setting step to AI
setting uuid to 8c242a4d-d6fc-4865-98a0-071e1c348fac
setting irradpos to 65786
setting extract_device to NMGRL Furnace
setting tray to 
setting position to 
setting power_requested to 1300.0
setting extract_value to 1300.0
setting duration to 360.0
setting duration_at_request to 360.0
setting first_stage_delay to 360.0
setting cleanup to 30.0
setting comment to A:5 and A:6 12.83 mg
setting irradiation to NM-291
setting level to C
setting irradiation_level to C
setting sample to 418
setting material to Feldspar
setting project to IR1013
setting mass_spectrometer to Felix
no attribute chron_dosages
no attribute production_ratios
no attribute interference_corrections
no attribute production_name
no attribute j
Reference Isotope=Ar40
Reference Detector=H2
%%%%%%%%%%%%%%%%%%%% Comment: A:5 and A:6 12.83 mg %%%%%%%%%%%%%%%%%%%
adding isotope Ar40 H2
add baseline dbdet= Ar40. original det= H2
get baseline data Ar40 H2
Get data baseline <pychron.processing.isotope.Baseline object at 0x120d850d0> len t=120
baseline Ar40. v=0.0284510145234, e=0.0089843810015
get signal data Ar40 H2
Get data signal Ar40 257.26+/-0.04 len t=400
adding isotope Ar39 H1
add baseline dbdet= Ar39. original det= H1
get baseline data Ar39 H1
Get data baseline <pychron.processing.isotope.Baseline object at 0x13e402b50> len t=120
baseline Ar39. v=-0.0378421886321, e=0.0106332490018
get signal data Ar39 H1
Get data signal Ar39 35.699+/-0.024 len t=400
adding isotope Ar38 AX
add baseline dbdet= Ar38. original det= AX
get baseline data Ar38 AX
Get data baseline <pychron.processing.isotope.Baseline object at 0x138167ed0> len t=120
baseline Ar38. v=-0.109757121196, e=0.0109203022431
get signal data Ar38 AX
Get data signal Ar38 0.751+/-0.014 len t=400
adding isotope Ar37 L1
add baseline dbdet= Ar37. original det= L1
get baseline data Ar37 L1
Get data baseline <pychron.processing.isotope.Baseline object at 0x138167610> len t=120
baseline Ar37. v=-0.634078263206, e=0.0102405984633
get signal data Ar37 L1
Get data signal Ar37 0.396+/-0.013 len t=400
adding isotope Ar36 L2(CDD)
add baseline dbdet= Ar36. original det= L2(CDD)
get baseline data Ar36 L2(CDD)
Get data baseline <pychron.processing.isotope.Baseline object at 0x138167cd0> len t=120
baseline Ar36. v=0.0, e=0.0
get signal data Ar36 L2(CDD)
Get data signal Ar36 0.5146+/-0.0016 len t=400
65786-02AI added analysis time 0.562995910645s
analysis added to mass spec database
mass spec save time= 0.574
persistence save - dvc
================= post measurement started
create new session 4719173072
close session 4719173072
---------------- Experiment Queue saving disabled
DVC saving peakcenter
Failed to find a valid peak. No peak greater than 1.0. max = 0.500448394834
Smart pull ahead: 0 behind: 0
Up-to-date with origin
add to repo msg=modified - 44c6f8761147de90179e8a3952e48831c78a9a46.json
add to repo msg=modified - 86-02AI.json
add to repo msg=modified - 86-02AI.dat.json
add to repo msg=modified - 86-02AI.blan.json
add to repo msg=modified - 86-02AI.inte.json
add to repo msg=modified - 86-02AI.icfa.json
add to repo msg=modified - 86-02AI.base.json
not at valid file /Users/obama/PychronDev/data/.dvc/repositories/IR1013/657/tags/86-02AI.tags.json
add to repo msg=modified - 86-02AI.peak.json
add to repo msg=modified - 86-02AI.extr.json
not at valid file /Users/obama/PychronDev/data/.dvc/repositories/IR1013/657/monitor/86-02AI.moni.json
commit message=<COLLECTION>
add to repo msg=modified - 86-02AI.inte.json
add to repo msg=modified - 86-02AI.base.json
commit message=<ISOEVO> default collection fits
add to repo msg=modified - 86-02AI.blan.json
commit message=<BLANKS> preceding bu-NF-F-190
add to repo msg=modified - 86-02AI.icfa.json
commit message=<ICFactor> default
push repository <pychron.git_archive.repo_manager.GitRepoManager object at 0x136370050>
pushing to remote=origin, url=https://github.com
no changes to meta repo
create new session 4719173072
add association IR1013
get identifier "65786"
setting analysis irradiation position=<pychron.dvc.dvc_orm.IrradiationPositionTbl object at 0x14322fc50>
close session 4719173072
================= post measurement finished
14:49:39 -- ******* Post Run Check *******
loading queue conditionals post_run_actions
queue conditionals path /Users/obama/PychronDev/queue_conditionals/normal.yaml
loading conditionals from /Users/obama/PychronDev/queue_conditionals/normal.yaml
loading system conditionals post_run_actions
loading conditionals from /Users/obama/PychronDev/setupfiles/spectrometer/default_conditionals.yaml
loading queue conditionals post_run_terminations
queue conditionals path /Users/obama/PychronDev/queue_conditionals/normal.yaml
loading conditionals from /Users/obama/PychronDev/queue_conditionals/normal.yaml
loading system conditionals post_run_terminations
loading conditionals from /Users/obama/PychronDev/setupfiles/spectrometer/default_conditionals.yaml
Checking default post run terminations n=1
GetDeflection L2 (CDD) ===>> 0
testing L2_CDD_==3250
evaluate ot="L2(CDD).deflection==3250" t="L2_CDD_==3250", ctx="{'L2_CDD_': 0.0}"
14:49:39 -- ******* Post Run Check Passed *******
14:49:39 -- Automated run 65786-02AI success duration: 1173.510 s
----------------- finish -----------------
----------------- stop -----------------
retroactive repository identifiers disabled
finish run. runs completed=40
update duration runid=65786-02AI, duration=1173.51038504, md5=7c2b1763
loading script "felix_analysis400_120_no_save_center.py"
loading script "felix_pump_ms.py"
loading script "felix_furnace.py"
loading script "felix_pump_extraction_line.py"
testing...
no interpolation path defined
executed snippet estimated_duration=559.2304, duration=0.00030779838562
script duration name:analysis400_120_no_save_center seconds:559.0
loading script "felix_analysis400_120_no_save_center.py"
loading script "felix_pump_ms.py"
loading script "felix_furnace.py"
loading script "felix_pump_extraction_line.py"
testing...
no interpolation path defined
executed snippet estimated_duration=0, duration=3.50475311279e-05
loading script "felix_analysis400_120_no_save_center.py"
loading script "felix_pump_ms.py"
loading script "felix_furnace.py"
loading script "felix_pump_extraction_line.py"
testing...
no interpolation path defined
executed snippet estimated_duration=184.0, duration=0.000507831573486
script duration name:furnace seconds:184.0
loading script "felix_analysis400_120_no_save_center.py"
loading script "felix_pump_ms.py"
loading script "felix_furnace.py"
loading script "felix_pump_extraction_line.py"
testing...
no interpolation path defined
calculate duration
testing...
no interpolation path defined
executed snippet estimated_duration=4.0, duration=0.000283002853394
executed snippet estimated_duration=4.0, duration=0.00251889228821
Script duration 743.0
Run total estimated duration= 744.000
nruns=1 before=5.0, run_dur=744.0, btw=0.0
write rem/ex queues
/Users/obama/PychronDev/experiments/rem/Load_furnace_418_kspar.rem.txt
/Users/obama/PychronDev/experiments/rem/Load_furnace_418_kspar.ex.txt
doing event level: 3
add run
