do run
loading script "felix_analysis400_120_no_save_center.py"
loading script "felix_pump_ms.py"
loading script "felix_furnace.py"
loading script "felix_pump_extraction_line.py"
testing...
no interpolation path defined
executed snippet estimated_duration=559.2304, duration=0.000241994857788
script duration name:analysis400_120_no_save_center seconds:559.0
loading script "felix_analysis400_120_no_save_center.py"
loading script "felix_pump_ms.py"
loading script "felix_furnace.py"
loading script "felix_pump_extraction_line.py"
testing...
no interpolation path defined
executed snippet estimated_duration=0, duration=2.40802764893e-05
loading script "felix_analysis400_120_no_save_center.py"
loading script "felix_pump_ms.py"
loading script "felix_furnace.py"
loading script "felix_pump_extraction_line.py"
testing...
no interpolation path defined
executed snippet estimated_duration=184.0, duration=0.000355005264282
script duration name:furnace seconds:184.0
loading script "felix_analysis400_120_no_save_center.py"
loading script "felix_pump_ms.py"
loading script "felix_furnace.py"
loading script "felix_pump_extraction_line.py"
testing...
no interpolation path defined
calculate duration
testing...
no interpolation path defined
executed snippet estimated_duration=4.0, duration=0.000196933746338
executed snippet estimated_duration=4.0, duration=0.00134801864624
Script duration 743.0
Run total estimated duration= 744.000
run duration: 0:12:24
doing event level: 2
14:09:54 -- Setting default integration. t=1.048576
setting integration time = 1.048576
SetIntegrationTime 1.048576 ===>> OK
----------------- start -----------------
**************** Experiment Type: Ar/Ar, Ar/Ar
create new session 4748572336
close session 4748572336
$$$$$ Clearing conditionals
adding conditionals 
Add queue conditionals
add default conditionals
adding default conditionals from /Users/obama/PychronDev/setupfiles/spectrometer/default_conditionals.yaml
Start automated run 65786-02AH
loading script "felix_analysis400_120_no_save_center.py"
loading script "felix_pump_ms.py"
loading script "felix_furnace.py"
loading script "felix_pump_extraction_line.py"
%%%%%%%%%%%%%%%%%% setting automated run 65786-02AH
No value "sensitivity_multiplier" in metadata
$$$$$$$$$$$$$$$ auto_save_detector_ic=False
============================= Pre Extraction Check =============================
loading queue conditionals pre_run_terminations
queue conditionals path /Users/obama/PychronDev/queue_conditionals/normal.yaml
loading conditionals from /Users/obama/PychronDev/queue_conditionals/normal.yaml
loading system conditionals pre_run_terminations
loading conditionals from /Users/obama/PychronDev/setupfiles/spectrometer/default_conditionals.yaml
14:09:54 -- ******* Pre Extraction Check *******
Get a measurement from the spectrometer
Pre Extraction Termination data. keys=L2(CDD),H2,H1,AX,L1,L2, signals=0.00208,0.32726,-0.08230,-0.22003,-0.52444,-0.09697
14:09:54 -- testing system defined conditionals
Checking default pre extraction terminations n=2
testing L2_CDD_
evaluate ot="L2(CDD).inactive" t="L2_CDD_", ctx="{'L2_CDD_': False}"
GetDeflection L2 (CDD) ===>> 0
testing L2_CDD_==3250
evaluate ot="L2(CDD).deflection==3250" t="L2_CDD_==3250", ctx="{'L2_CDD_': 0.0}"
14:09:54 -- ******* Pre Extraction Check Passed *******
=================================================================================
14:09:54 -- stopping status monitor
stop 4720710960
Status monitor stopped
Status monitor finished
14:09:59 -- starting status monitor
start 4720710960
StatusMonitor period=3. Frequencies(state=1, checksum=3, lock=5, owner=5)
start extraction
do extraction
Analysis started at 14:10:03.656058
Extraction Started felix_furnace.py
14:10:03 -- ******* Extraction Started felix_furnace.py *******
state changed from not run to extraction
DO EXTRACTION <pychron.extraction_line.pyscript_runner.RemotePyScriptRunner object at 0x11fa2c3b0>
testing...
no interpolation path defined
executed snippet estimated_duration=606.0, duration=0.000574827194214
start_response_recorder () {}
start response recorder
Felix unknown furnace analysis
close ('F',) {}
close name=F desc=---
checking ownership. requestor=129.138.12.137
check software interlocks F
interlocks []
actuate state mode=None-script, software_lock=True
VALVE-F(CO2 Laser to Bone) software locked
change switch state (True, False)
-------------------------- close F () result=[(True, False)]
action=close, ok=True, locked=[True]
open ('D',) {}
open name=D desc=---
checking ownership. requestor=129.138.12.137
check software interlocks D
interlocks []
actuate state mode=None-script, software_lock=False
doing actuation None-script open_channel False
Open D ===>> OK
GetPercentOutput ===>> 0.0
GetSetpoint ===>> 0.0
GetIndicatorState D ===>> OK
change switch state (True, True)
update switch state D True args=() kw={} ncanvase=4
14:10:03 -- OPEN   VALVE-D (Bone to CO2 Laser)
-------------------------- open D () result=[(True, True)]
GetProcessValue ===>> 239.0
response t=0.00110292434692, out=0, setpoint=0, response=239.0
action=open, ok=True, locked=[False]
close ('J',) {}
close name=J desc=---
checking ownership. requestor=129.138.12.137
check software interlocks J
interlocks []
actuate state mode=None-script, software_lock=False
doing actuation None-script close_channel False
Close J ===>> OK
GetIndicatorState J ===>> False
change switch state (True, True)
update switch state J False args=() kw={} ncanvase=4
14:10:04 -- CLOSE  VALVE-J (Bone to APIS)
-------------------------- close J () result=[(True, True)]
action=close, ok=True, locked=[False]
close ('FC',) {}
close name=FC desc=---
checking ownership. requestor=129.138.12.137
check software interlocks FC
interlocks []
actuate state mode=None-script, software_lock=False
doing actuation None-script close_channel True
GetPercentOutput ===>> 0.0
GetSetpoint ===>> 0.0
Close FC ===>> OK
GetProcessValue ===>> 238.0
response t=2.00442290306, out=0, setpoint=0, response=238.0
GetIndicatorState FC ===>> False
change switch state (True, True)
update switch state FC False args=() kw={} ncanvase=4
14:10:05 -- CLOSE  VALVE-FC (Furnace Turbo)
-------------------------- close FC () result=[(True, True)]
action=close, ok=True, locked=[False]
open ('FH',) {}
open name=FH desc=---
checking ownership. requestor=129.138.12.137
check software interlocks FH
interlocks []
actuate state mode=None-script, software_lock=False
doing actuation None-script open_channel False
Open FH ===>> OK
GetIndicatorState FH ===>> OK
change switch state (True, True)
update switch state FH True args=() kw={} ncanvase=4
14:10:07 -- OPEN   VALVE-FH (Furnace Isolation)
-------------------------- open FH () result=[(True, True)]
action=open, ok=True, locked=[False]
Furnace enabled. Heating sample.
enable () {}
set extraction state NMGRLFurnace Enabled (False, 'red', 1.5)
could not find manager name="NMGRLFurnace" func="enable_device"
set_pid_parameters (1250.0,) {}
setting pid parameters for 1250.0
GetPercentOutput ===>> 0.0
{"pid": "HO,45;XP,100;TI,15;TD,3", "command": "SetPID"} ===>> OK
BEGIN INTERVAL Interval 1 waiting for 360.0
block started
set extract to 1250.0 (temp)
WaitControl setup for 360.0  
extract () {}
set extraction state NMGRLFurnace ON! 1250.0(temp) (0.75, 'red', 1.5)
extract sample to 1250.0 (temp)
extract
set setpoint to 1250.0
set setpoint=1250.0
setting pid parameters for 1250.0
GetSetpoint ===>> 0.0
{"pid": "HO,45;XP,100;TI,15;TD,3", "command": "SetPID"} ===>> OK
GetProcessValue ===>> 238.0
response t=4.00384783745, out=0, setpoint=0, response=238.0
{"setpoint": 1250.0, "command": "SetSetpoint"} ===>> OK
sleep (2,) {}
SLEEP 2.0
block started
WaitControl setup for 2.0  
GetPercentOutput ===>> 45.0
GetSetpoint ===>> 1250.0
GetProcessValue ===>> 237.0
response t=6.00548791885, out=45.0, setpoint=1250.0, response=237.0
Join finished
block finished. duration 2.0302169323
COMPLETE INTERVAL waiting for Interval 1 to complete
GetPercentOutput ===>> 45.0
GetSetpoint ===>> 1250.0
GetProcessValue ===>> 237.0
response t=8.00487685204, out=45.0, setpoint=1250.0, response=237.0
GetPercentOutput ===>> 45.0
GetSetpoint ===>> 1250.0
GetProcessValue ===>> 237.0
response t=10.0125968456, out=45.0, setpoint=1250.0, response=237.0
GetPercentOutput ===>> 45.0
GetSetpoint ===>> 1250.0
GetProcessValue ===>> 236.0
response t=12.0146148205, out=45.0, setpoint=1250.0, response=236.0
GetPercentOutput ===>> 45.0
GetSetpoint ===>> 1250.0
GetProcessValue ===>> 237.0
response t=14.0166218281, out=45.0, setpoint=1250.0, response=237.0
GetPercentOutput ===>> 45.0
GetSetpoint ===>> 1250.0
GetProcessValue ===>> 238.0
response t=16.0157179832, out=45.0, setpoint=1250.0, response=238.0
GetPercentOutput ===>> 45.0
GetSetpoint ===>> 1250.0
GetProcessValue ===>> 240.0
response t=18.0207178593, out=45.0, setpoint=1250.0, response=240.0
GetPercentOutput ===>> 45.0
GetSetpoint ===>> 1250.0
GetProcessValue ===>> 246.0
response t=20.0226898193, out=45.0, setpoint=1250.0, response=246.0
GetPercentOutput ===>> 45.0
GetSetpoint ===>> 1250.0
GetProcessValue ===>> 256.0
response t=22.0247499943, out=45.0, setpoint=1250.0, response=256.0
GetPercentOutput ===>> 45.0
GetSetpoint ===>> 1250.0
GetProcessValue ===>> 275.0
response t=24.0267658234, out=45.0, setpoint=1250.0, response=275.0
GetPercentOutput ===>> 45.0
GetSetpoint ===>> 1250.0
GetProcessValue ===>> 308.0
response t=26.0287969112, out=45.0, setpoint=1250.0, response=308.0
GetPercentOutput ===>> 45.0
GetSetpoint ===>> 1250.0
GetProcessValue ===>> 359.0
response t=28.0308618546, out=45.0, setpoint=1250.0, response=359.0
GetPercentOutput ===>> 45.0
GetSetpoint ===>> 1250.0
GetProcessValue ===>> 434.0
response t=30.0369439125, out=45.0, setpoint=1250.0, response=434.0
GetPercentOutput ===>> 45.0
GetSetpoint ===>> 1250.0
GetProcessValue ===>> 536.0
response t=32.0402457714, out=45.0, setpoint=1250.0, response=536.0
GetPercentOutput ===>> 45.0
GetSetpoint ===>> 1250.0
GetProcessValue ===>> 639.0
response t=34.0401668549, out=45.0, setpoint=1250.0, response=639.0
GetPercentOutput ===>> 45.0
GetSetpoint ===>> 1250.0
GetProcessValue ===>> 601.0
response t=36.0490977764, out=45.0, setpoint=1250.0, response=601.0
GetPercentOutput ===>> 45.0
GetSetpoint ===>> 1250.0
GetProcessValue ===>> 588.0
response t=38.05022192, out=45.0, setpoint=1250.0, response=588.0
GetPercentOutput ===>> 45.0
GetSetpoint ===>> 1250.0
GetProcessValue ===>> 605.0
response t=40.0592107773, out=45.0, setpoint=1250.0, response=605.0
GetPercentOutput ===>> 45.0
GetSetpoint ===>> 1250.0
GetProcessValue ===>> 636.0
response t=42.061745882, out=45.0, setpoint=1250.0, response=636.0
GetPercentOutput ===>> 45.0
GetSetpoint ===>> 1250.0
GetProcessValue ===>> 677.0
response t=44.0638067722, out=45.0, setpoint=1250.0, response=677.0
GetPercentOutput ===>> 45.0
GetSetpoint ===>> 1250.0
GetProcessValue ===>> 726.0
response t=46.0681669712, out=45.0, setpoint=1250.0, response=726.0
GetPercentOutput ===>> 45.0
GetSetpoint ===>> 1250.0
GetProcessValue ===>> 774.0
response t=48.0678777695, out=45.0, setpoint=1250.0, response=774.0
GetPercentOutput ===>> 45.0
GetSetpoint ===>> 1250.0
GetProcessValue ===>> 825.0
response t=50.0699257851, out=45.0, setpoint=1250.0, response=825.0
GetPercentOutput ===>> 45.0
GetSetpoint ===>> 1250.0
GetProcessValue ===>> 881.0
response t=52.0719459057, out=45.0, setpoint=1250.0, response=881.0
GetPercentOutput ===>> 45.0
GetSetpoint ===>> 1250.0
GetProcessValue ===>> 933.0
response t=54.0739738941, out=45.0, setpoint=1250.0, response=933.0
GetPercentOutput ===>> 14.8
GetSetpoint ===>> 1250.0
GetProcessValue ===>> 988.0
response t=56.0818037987, out=14.8, setpoint=1250.0, response=988.0
GetPercentOutput ===>> 12.2
GetSetpoint ===>> 1250.0
GetProcessValue ===>> 1026.0
response t=58.0908048153, out=12.2, setpoint=1250.0, response=1026.0
GetPercentOutput ===>> 23.1
GetSetpoint ===>> 1250.0
GetProcessValue ===>> 1050.0
response t=60.0967619419, out=23.1, setpoint=1250.0, response=1050.0
GetPercentOutput ===>> 29.9
GetSetpoint ===>> 1250.0
GetProcessValue ===>> 1065.0
response t=62.0987989902, out=29.9, setpoint=1250.0, response=1065.0
GetPercentOutput ===>> 25.6
GetSetpoint ===>> 1250.0
GetProcessValue ===>> 1082.0
response t=64.1005318165, out=25.6, setpoint=1250.0, response=1082.0
GetPercentOutput ===>> 32.0
GetSetpoint ===>> 1250.0
GetProcessValue ===>> 1095.0
response t=66.1029098034, out=32.0, setpoint=1250.0, response=1095.0
GetPercentOutput ===>> 37.3
GetSetpoint ===>> 1250.0
GetProcessValue ===>> 1105.0
response t=68.1048629284, out=37.3, setpoint=1250.0, response=1105.0
GetPercentOutput ===>> 32.0
GetSetpoint ===>> 1250.0
GetProcessValue ===>> 1119.0
response t=70.1069219112, out=32.0, setpoint=1250.0, response=1119.0
GetPercentOutput ===>> 29.8
GetSetpoint ===>> 1250.0
GetProcessValue ===>> 1134.0
response t=72.1083967686, out=29.8, setpoint=1250.0, response=1134.0
GetPercentOutput ===>> 34.0
GetSetpoint ===>> 1250.0
GetProcessValue ===>> 1146.0
response t=74.1109809875, out=34.0, setpoint=1250.0, response=1146.0
GetPercentOutput ===>> 37.9
GetSetpoint ===>> 1250.0
GetProcessValue ===>> 1158.0
response t=76.1104068756, out=37.9, setpoint=1250.0, response=1158.0
GetPercentOutput ===>> 32.6
GetSetpoint ===>> 1250.0
GetProcessValue ===>> 1171.0
response t=78.1192398071, out=32.6, setpoint=1250.0, response=1171.0
GetPercentOutput ===>> 29.0
GetSetpoint ===>> 1250.0
GetProcessValue ===>> 1185.0
response t=80.126955986, out=29.0, setpoint=1250.0, response=1185.0
GetPercentOutput ===>> 32.0
GetSetpoint ===>> 1250.0
GetProcessValue ===>> 1195.0
response t=82.1265428066, out=32.0, setpoint=1250.0, response=1195.0
GetPercentOutput ===>> 32.5
GetSetpoint ===>> 1250.0
GetProcessValue ===>> 1203.0
response t=84.1319139004, out=32.5, setpoint=1250.0, response=1203.0
GetPercentOutput ===>> 33.1
GetSetpoint ===>> 1250.0
GetProcessValue ===>> 1211.0
response t=86.1325538158, out=33.1, setpoint=1250.0, response=1211.0
set states for children of O. state=True
handle state [('O', True)]
update switch state O True args=() kw={'refresh': False} ncanvase=4
refresh_canvas_needed fired
GetPercentOutput ===>> 33.0
GetSetpoint ===>> 1250.0
GetProcessValue ===>> 1216.0
response t=88.1385648251, out=33.0, setpoint=1250.0, response=1216.0
GetPercentOutput ===>> 29.0
GetSetpoint ===>> 1250.0
GetProcessValue ===>> 1223.0
response t=90.1377849579, out=29.0, setpoint=1250.0, response=1223.0
GetPercentOutput ===>> 33.3
GetSetpoint ===>> 1250.0
GetProcessValue ===>> 1228.0
response t=92.1387529373, out=33.3, setpoint=1250.0, response=1228.0
GetPercentOutput ===>> 36.7
GetSetpoint ===>> 1250.0
GetProcessValue ===>> 1230.0
response t=94.139485836, out=36.7, setpoint=1250.0, response=1230.0
GetPercentOutput ===>> 28.0
GetSetpoint ===>> 1250.0
GetProcessValue ===>> 1235.0
response t=96.1474897861, out=28.0, setpoint=1250.0, response=1235.0
GetPercentOutput ===>> 27.7
GetSetpoint ===>> 1250.0
GetProcessValue ===>> 1240.0
response t=98.1510159969, out=27.7, setpoint=1250.0, response=1240.0
GetPercentOutput ===>> 34.4
GetSetpoint ===>> 1250.0
GetProcessValue ===>> 1240.0
response t=100.154118776, out=34.4, setpoint=1250.0, response=1240.0
GetPercentOutput ===>> 30.4
GetSetpoint ===>> 1250.0
GetProcessValue ===>> 1242.0
response t=102.156147957, out=30.4, setpoint=1250.0, response=1242.0
GetPercentOutput ===>> 28.0
GetSetpoint ===>> 1250.0
GetProcessValue ===>> 1245.0
response t=104.158269882, out=28.0, setpoint=1250.0, response=1245.0
GetPercentOutput ===>> 31.8
GetSetpoint ===>> 1250.0
GetProcessValue ===>> 1245.0
response t=106.157735825, out=31.8, setpoint=1250.0, response=1245.0
GetPercentOutput ===>> 31.0
GetSetpoint ===>> 1250.0
GetProcessValue ===>> 1246.0
response t=108.162241936, out=31.0, setpoint=1250.0, response=1246.0
GetPercentOutput ===>> 27.9
GetSetpoint ===>> 1250.0
GetProcessValue ===>> 1248.0
response t=110.16848588, out=27.9, setpoint=1250.0, response=1248.0
GetPercentOutput ===>> 31.0
GetSetpoint ===>> 1250.0
GetProcessValue ===>> 1248.0
response t=112.167957783, out=31.0, setpoint=1250.0, response=1248.0
GetPercentOutput ===>> 31.6
GetSetpoint ===>> 1250.0
GetProcessValue ===>> 1248.0
response t=114.168341875, out=31.6, setpoint=1250.0, response=1248.0
GetPercentOutput ===>> 26.8
GetSetpoint ===>> 1250.0
GetProcessValue ===>> 1250.0
response t=116.167938948, out=26.8, setpoint=1250.0, response=1250.0
GetPercentOutput ===>> 28.7
GetSetpoint ===>> 1250.0
GetProcessValue ===>> 1250.0
response t=118.172535896, out=28.7, setpoint=1250.0, response=1250.0
GetPercentOutput ===>> 31.5
GetSetpoint ===>> 1250.0
GetProcessValue ===>> 1249.0
response t=120.174439907, out=31.5, setpoint=1250.0, response=1249.0
GetPercentOutput ===>> 27.2
GetSetpoint ===>> 1250.0
GetProcessValue ===>> 1250.0
response t=122.176509857, out=27.2, setpoint=1250.0, response=1250.0
GetPercentOutput ===>> 28.7
GetSetpoint ===>> 1250.0
GetProcessValue ===>> 1251.0
response t=124.180298805, out=28.7, setpoint=1250.0, response=1251.0
GetPercentOutput ===>> 32.7
GetSetpoint ===>> 1250.0
GetProcessValue ===>> 1249.0
response t=126.180579901, out=32.7, setpoint=1250.0, response=1249.0
GetPercentOutput ===>> 27.6
GetSetpoint ===>> 1250.0
GetProcessValue ===>> 1250.0
response t=128.182666779, out=27.6, setpoint=1250.0, response=1250.0
GetPercentOutput ===>> 26.4
GetSetpoint ===>> 1250.0
GetProcessValue ===>> 1252.0
response t=130.184655905, out=26.4, setpoint=1250.0, response=1252.0
GetPercentOutput ===>> 31.2
GetSetpoint ===>> 1250.0
GetProcessValue ===>> 1250.0
response t=132.193040848, out=31.2, setpoint=1250.0, response=1250.0
GetPercentOutput ===>> 29.7
GetSetpoint ===>> 1250.0
GetProcessValue ===>> 1250.0
response t=134.199663877, out=29.7, setpoint=1250.0, response=1250.0
GetPercentOutput ===>> 26.3
GetSetpoint ===>> 1250.0
GetProcessValue ===>> 1251.0
response t=136.205031872, out=26.3, setpoint=1250.0, response=1251.0
GetPercentOutput ===>> 29.0
GetSetpoint ===>> 1250.0
GetProcessValue ===>> 1251.0
response t=138.209473848, out=29.0, setpoint=1250.0, response=1251.0
GetPercentOutput ===>> 29.9
GetSetpoint ===>> 1250.0
GetProcessValue ===>> 1250.0
response t=140.21149087, out=29.9, setpoint=1250.0, response=1250.0
GetPercentOutput ===>> 27.4
GetSetpoint ===>> 1250.0
GetProcessValue ===>> 1251.0
response t=142.211558819, out=27.4, setpoint=1250.0, response=1251.0
GetPercentOutput ===>> 28.0
GetSetpoint ===>> 1250.0
GetProcessValue ===>> 1251.0
response t=144.215534925, out=28.0, setpoint=1250.0, response=1251.0
GetPercentOutput ===>> 29.0
GetSetpoint ===>> 1250.0
GetProcessValue ===>> 1250.0
response t=146.215241909, out=29.0, setpoint=1250.0, response=1250.0
GetPercentOutput ===>> 27.9
GetSetpoint ===>> 1250.0
GetProcessValue ===>> 1250.0
response t=148.219595909, out=27.9, setpoint=1250.0, response=1250.0
GetPercentOutput ===>> 27.8
GetSetpoint ===>> 1250.0
GetProcessValue ===>> 1251.0
response t=150.220406771, out=27.8, setpoint=1250.0, response=1251.0
GetPercentOutput ===>> 28.6
GetSetpoint ===>> 1250.0
GetProcessValue ===>> 1250.0
response t=152.223672867, out=28.6, setpoint=1250.0, response=1250.0
GetPercentOutput ===>> 28.0
GetSetpoint ===>> 1250.0
GetProcessValue ===>> 1250.0
response t=154.225691795, out=28.0, setpoint=1250.0, response=1250.0
GetPercentOutput ===>> 27.8
GetSetpoint ===>> 1250.0
GetProcessValue ===>> 1250.0
response t=156.22553277, out=27.8, setpoint=1250.0, response=1250.0
set states for children of U. state=False
handle state [('U', False)]
update switch state U False args=() kw={'refresh': False} ncanvase=4
refresh_canvas_needed fired
GetPercentOutput ===>> 28.0
GetSetpoint ===>> 1250.0
GetProcessValue ===>> 1250.0
response t=158.229644775, out=28.0, setpoint=1250.0, response=1250.0
GetPercentOutput ===>> 28.0
GetSetpoint ===>> 1250.0
GetProcessValue ===>> 1250.0
response t=160.236305952, out=28.0, setpoint=1250.0, response=1250.0
GetPercentOutput ===>> 28.0
GetSetpoint ===>> 1250.0
GetProcessValue ===>> 1250.0
response t=162.243003845, out=28.0, setpoint=1250.0, response=1250.0
GetPercentOutput ===>> 28.0
GetSetpoint ===>> 1250.0
GetProcessValue ===>> 1250.0
response t=164.246985912, out=28.0, setpoint=1250.0, response=1250.0
GetPercentOutput ===>> 28.0
GetSetpoint ===>> 1250.0
GetProcessValue ===>> 1250.0
response t=166.252549887, out=28.0, setpoint=1250.0, response=1250.0
GetPercentOutput ===>> 27.8
GetSetpoint ===>> 1250.0
GetProcessValue ===>> 1250.0
response t=168.256629944, out=27.8, setpoint=1250.0, response=1250.0
GetPercentOutput ===>> 28.0
GetSetpoint ===>> 1250.0
GetProcessValue ===>> 1250.0
response t=170.257653952, out=28.0, setpoint=1250.0, response=1250.0
GetPercentOutput ===>> 28.0
GetSetpoint ===>> 1250.0
GetProcessValue ===>> 1250.0
response t=172.26294899, out=28.0, setpoint=1250.0, response=1250.0
GetPercentOutput ===>> 27.8
GetSetpoint ===>> 1250.0
GetProcessValue ===>> 1250.0
response t=174.271733999, out=27.8, setpoint=1250.0, response=1250.0
GetPercentOutput ===>> 28.0
GetSetpoint ===>> 1250.0
GetProcessValue ===>> 1250.0
response t=176.278828859, out=28.0, setpoint=1250.0, response=1250.0
GetPercentOutput ===>> 27.8
GetSetpoint ===>> 1250.0
GetProcessValue ===>> 1250.0
response t=178.28350997, out=27.8, setpoint=1250.0, response=1250.0
GetPercentOutput ===>> 27.8
GetSetpoint ===>> 1250.0
GetProcessValue ===>> 1250.0
response t=180.285536766, out=27.8, setpoint=1250.0, response=1250.0
GetPercentOutput ===>> 28.0
GetSetpoint ===>> 1250.0
GetProcessValue ===>> 1250.0
response t=182.292873859, out=28.0, setpoint=1250.0, response=1250.0
GetPercentOutput ===>> 28.0
GetSetpoint ===>> 1250.0
GetProcessValue ===>> 1250.0
response t=184.299226999, out=28.0, setpoint=1250.0, response=1250.0
GetPercentOutput ===>> 27.7
GetSetpoint ===>> 1250.0
GetProcessValue ===>> 1250.0
response t=186.306211948, out=27.7, setpoint=1250.0, response=1250.0
GetPercentOutput ===>> 28.0
GetSetpoint ===>> 1250.0
GetProcessValue ===>> 1250.0
response t=188.30597496, out=28.0, setpoint=1250.0, response=1250.0
GetPercentOutput ===>> 28.0
GetSetpoint ===>> 1250.0
GetProcessValue ===>> 1250.0
response t=190.309292793, out=28.0, setpoint=1250.0, response=1250.0
GetPercentOutput ===>> 27.7
GetSetpoint ===>> 1250.0
GetProcessValue ===>> 1250.0
response t=192.314405918, out=27.7, setpoint=1250.0, response=1250.0
GetPercentOutput ===>> 27.6
GetSetpoint ===>> 1250.0
GetProcessValue ===>> 1250.0
response t=194.316417933, out=27.6, setpoint=1250.0, response=1250.0
GetPercentOutput ===>> 28.0
GetSetpoint ===>> 1250.0
GetProcessValue ===>> 1250.0
response t=196.316473961, out=28.0, setpoint=1250.0, response=1250.0
GetPercentOutput ===>> 27.8
GetSetpoint ===>> 1250.0
GetProcessValue ===>> 1250.0
response t=198.321392775, out=27.8, setpoint=1250.0, response=1250.0
GetPercentOutput ===>> 27.6
GetSetpoint ===>> 1250.0
GetProcessValue ===>> 1250.0
response t=200.325006962, out=27.6, setpoint=1250.0, response=1250.0
GetPercentOutput ===>> 27.8
GetSetpoint ===>> 1250.0
GetProcessValue ===>> 1250.0
response t=202.326259851, out=27.8, setpoint=1250.0, response=1250.0
GetPercentOutput ===>> 27.7
GetSetpoint ===>> 1250.0
GetProcessValue ===>> 1250.0
response t=204.331634998, out=27.7, setpoint=1250.0, response=1250.0
GetPercentOutput ===>> 27.9
GetSetpoint ===>> 1250.0
GetProcessValue ===>> 1250.0
response t=206.330999851, out=27.9, setpoint=1250.0, response=1250.0
GetPercentOutput ===>> 27.8
GetSetpoint ===>> 1250.0
GetProcessValue ===>> 1250.0
response t=208.330617905, out=27.8, setpoint=1250.0, response=1250.0
GetPercentOutput ===>> 27.5
GetSetpoint ===>> 1250.0
GetProcessValue ===>> 1250.0
response t=210.331028938, out=27.5, setpoint=1250.0, response=1250.0
GetPercentOutput ===>> 27.6
GetSetpoint ===>> 1250.0
GetProcessValue ===>> 1250.0
response t=212.339117765, out=27.6, setpoint=1250.0, response=1250.0
GetPercentOutput ===>> 27.7
GetSetpoint ===>> 1250.0
GetProcessValue ===>> 1250.0
response t=214.339348793, out=27.7, setpoint=1250.0, response=1250.0
GetPercentOutput ===>> 27.8
GetSetpoint ===>> 1250.0
GetProcessValue ===>> 1250.0
response t=216.338748932, out=27.8, setpoint=1250.0, response=1250.0
GetPercentOutput ===>> 27.4
GetSetpoint ===>> 1250.0
GetProcessValue ===>> 1250.0
response t=218.343336821, out=27.4, setpoint=1250.0, response=1250.0
GetPercentOutput ===>> 27.8
GetSetpoint ===>> 1250.0
GetProcessValue ===>> 1250.0
response t=220.347001791, out=27.8, setpoint=1250.0, response=1250.0
GetPercentOutput ===>> 27.9
GetSetpoint ===>> 1250.0
GetProcessValue ===>> 1250.0
response t=222.350813866, out=27.9, setpoint=1250.0, response=1250.0
GetPercentOutput ===>> 27.5
GetSetpoint ===>> 1250.0
GetProcessValue ===>> 1250.0
response t=224.354406834, out=27.5, setpoint=1250.0, response=1250.0
GetPercentOutput ===>> 27.9
GetSetpoint ===>> 1250.0
GetProcessValue ===>> 1250.0
response t=226.363637924, out=27.9, setpoint=1250.0, response=1250.0
GetPercentOutput ===>> 27.8
GetSetpoint ===>> 1250.0
GetProcessValue ===>> 1250.0
response t=228.365467787, out=27.8, setpoint=1250.0, response=1250.0
GetPercentOutput ===>> 27.7
GetSetpoint ===>> 1250.0
GetProcessValue ===>> 1250.0
response t=230.372432947, out=27.7, setpoint=1250.0, response=1250.0
GetPercentOutput ===>> 27.5
GetSetpoint ===>> 1250.0
GetProcessValue ===>> 1250.0
response t=232.378338814, out=27.5, setpoint=1250.0, response=1250.0
set states for children of O. state=False
handle state [('O', False)]
update switch state O False args=() kw={'refresh': False} ncanvase=4
refresh_canvas_needed fired
GetPercentOutput ===>> 27.7
GetSetpoint ===>> 1250.0
GetProcessValue ===>> 1250.0
response t=234.381038904, out=27.7, setpoint=1250.0, response=1250.0
set states for children of R. state=True
handle state [('R', True)]
update switch state R True args=() kw={'refresh': False} ncanvase=4
refresh_canvas_needed fired
GetPercentOutput ===>> 27.5
GetSetpoint ===>> 1250.0
GetProcessValue ===>> 1250.0
response t=236.390055895, out=27.5, setpoint=1250.0, response=1250.0
GetPercentOutput ===>> 27.9
GetSetpoint ===>> 1250.0
GetProcessValue ===>> 1250.0
response t=238.396069765, out=27.9, setpoint=1250.0, response=1250.0
GetPercentOutput ===>> 27.7
GetSetpoint ===>> 1250.0
GetProcessValue ===>> 1250.0
response t=240.396546841, out=27.7, setpoint=1250.0, response=1250.0
GetPercentOutput ===>> 27.6
GetSetpoint ===>> 1250.0
GetProcessValue ===>> 1250.0
response t=242.395781994, out=27.6, setpoint=1250.0, response=1250.0
GetPercentOutput ===>> 27.8
GetSetpoint ===>> 1250.0
GetProcessValue ===>> 1250.0
response t=244.3955369, out=27.8, setpoint=1250.0, response=1250.0
GetPercentOutput ===>> 27.6
GetSetpoint ===>> 1250.0
GetProcessValue ===>> 1250.0
response t=246.399838924, out=27.6, setpoint=1250.0, response=1250.0
set states for children of R. state=False
handle state [('R', False)]
update switch state R False args=() kw={'refresh': False} ncanvase=4
refresh_canvas_needed fired
GetPercentOutput ===>> 27.8
GetSetpoint ===>> 1250.0
GetProcessValue ===>> 1250.0
response t=248.404698849, out=27.8, setpoint=1250.0, response=1250.0
GetPercentOutput ===>> 28.0
GetSetpoint ===>> 1250.0
GetProcessValue ===>> 1250.0
response t=250.40670085, out=28.0, setpoint=1250.0, response=1250.0
set states for children of U. state=True
handle state [('U', True)]
update switch state U True args=() kw={'refresh': False} ncanvase=4
refresh_canvas_needed fired
GetPercentOutput ===>> 27.5
GetSetpoint ===>> 1250.0
GetProcessValue ===>> 1250.0
response t=252.408736944, out=27.5, setpoint=1250.0, response=1250.0
GetPercentOutput ===>> 27.6
GetSetpoint ===>> 1250.0
GetProcessValue ===>> 1250.0
response t=254.410777807, out=27.6, setpoint=1250.0, response=1250.0
GetPercentOutput ===>> 28.0
GetSetpoint ===>> 1250.0
GetProcessValue ===>> 1250.0
response t=256.410604, out=28.0, setpoint=1250.0, response=1250.0
GetPercentOutput ===>> 27.3
GetSetpoint ===>> 1250.0
GetProcessValue ===>> 1250.0
response t=258.410313845, out=27.3, setpoint=1250.0, response=1250.0
GetPercentOutput ===>> 27.6
GetSetpoint ===>> 1250.0
GetProcessValue ===>> 1250.0
response t=260.416871786, out=27.6, setpoint=1250.0, response=1250.0
GetPercentOutput ===>> 28.0
GetSetpoint ===>> 1250.0
GetProcessValue ===>> 1250.0
response t=262.416315794, out=28.0, setpoint=1250.0, response=1250.0
GetPercentOutput ===>> 27.5
GetSetpoint ===>> 1250.0
GetProcessValue ===>> 1250.0
response t=264.41604495, out=27.5, setpoint=1250.0, response=1250.0
GetPercentOutput ===>> 27.3
GetSetpoint ===>> 1250.0
GetProcessValue ===>> 1250.0
response t=266.418139935, out=27.3, setpoint=1250.0, response=1250.0
GetPercentOutput ===>> 27.8
GetSetpoint ===>> 1250.0
GetProcessValue ===>> 1250.0
response t=268.425000906, out=27.8, setpoint=1250.0, response=1250.0
GetPercentOutput ===>> 27.9
GetSetpoint ===>> 1250.0
GetProcessValue ===>> 1250.0
response t=270.425532818, out=27.9, setpoint=1250.0, response=1250.0
GetPercentOutput ===>> 27.4
GetSetpoint ===>> 1250.0
GetProcessValue ===>> 1250.0
response t=272.42578578, out=27.4, setpoint=1250.0, response=1250.0
GetPercentOutput ===>> 27.5
GetSetpoint ===>> 1250.0
GetProcessValue ===>> 1250.0
response t=274.428082943, out=27.5, setpoint=1250.0, response=1250.0
GetPercentOutput ===>> 27.6
GetSetpoint ===>> 1250.0
GetProcessValue ===>> 1250.0
response t=276.43659687, out=27.6, setpoint=1250.0, response=1250.0
GetPercentOutput ===>> 27.8
GetSetpoint ===>> 1250.0
GetProcessValue ===>> 1250.0
response t=278.435655832, out=27.8, setpoint=1250.0, response=1250.0
GetPercentOutput ===>> 27.8
GetSetpoint ===>> 1250.0
GetProcessValue ===>> 1250.0
response t=280.436650991, out=27.8, setpoint=1250.0, response=1250.0
GetPercentOutput ===>> 27.3
GetSetpoint ===>> 1250.0
GetProcessValue ===>> 1250.0
response t=282.436988831, out=27.3, setpoint=1250.0, response=1250.0
GetPercentOutput ===>> 27.6
GetSetpoint ===>> 1250.0
GetProcessValue ===>> 1250.0
response t=284.436309814, out=27.6, setpoint=1250.0, response=1250.0
GetPercentOutput ===>> 27.8
GetSetpoint ===>> 1250.0
GetProcessValue ===>> 1250.0
response t=286.43655777, out=27.8, setpoint=1250.0, response=1250.0
GetPercentOutput ===>> 27.6
GetSetpoint ===>> 1250.0
GetProcessValue ===>> 1250.0
response t=288.436481953, out=27.6, setpoint=1250.0, response=1250.0
GetPercentOutput ===>> 27.3
GetSetpoint ===>> 1250.0
GetProcessValue ===>> 1250.0
response t=290.444103956, out=27.3, setpoint=1250.0, response=1250.0
GetPercentOutput ===>> 27.4
GetSetpoint ===>> 1250.0
GetProcessValue ===>> 1250.0
response t=292.449443817, out=27.4, setpoint=1250.0, response=1250.0
GetPercentOutput ===>> 28.0
GetSetpoint ===>> 1250.0
GetProcessValue ===>> 1250.0
response t=294.451471806, out=28.0, setpoint=1250.0, response=1250.0
GetPercentOutput ===>> 27.6
GetSetpoint ===>> 1250.0
GetProcessValue ===>> 1250.0
response t=296.451905966, out=27.6, setpoint=1250.0, response=1250.0
GetPercentOutput ===>> 27.2
GetSetpoint ===>> 1250.0
GetProcessValue ===>> 1250.0
response t=298.452574968, out=27.2, setpoint=1250.0, response=1250.0
GetPercentOutput ===>> 27.8
GetSetpoint ===>> 1250.0
GetProcessValue ===>> 1250.0
response t=300.457575798, out=27.8, setpoint=1250.0, response=1250.0
GetPercentOutput ===>> 27.8
GetSetpoint ===>> 1250.0
GetProcessValue ===>> 1250.0
response t=302.459581852, out=27.8, setpoint=1250.0, response=1250.0
GetPercentOutput ===>> 27.5
GetSetpoint ===>> 1250.0
GetProcessValue ===>> 1250.0
response t=304.461595774, out=27.5, setpoint=1250.0, response=1250.0
GetPercentOutput ===>> 27.5
GetSetpoint ===>> 1250.0
GetProcessValue ===>> 1250.0
response t=306.463708878, out=27.5, setpoint=1250.0, response=1250.0
GetPercentOutput ===>> 27.5
GetSetpoint ===>> 1250.0
GetProcessValue ===>> 1250.0
response t=308.46566987, out=27.5, setpoint=1250.0, response=1250.0
GetPercentOutput ===>> 27.7
GetSetpoint ===>> 1250.0
GetProcessValue ===>> 1250.0
response t=310.467685938, out=27.7, setpoint=1250.0, response=1250.0
GetPercentOutput ===>> 27.5
GetSetpoint ===>> 1250.0
GetProcessValue ===>> 1250.0
response t=312.467435837, out=27.5, setpoint=1250.0, response=1250.0
GetPercentOutput ===>> 27.5
GetSetpoint ===>> 1250.0
GetProcessValue ===>> 1250.0
response t=314.471774817, out=27.5, setpoint=1250.0, response=1250.0
GetPercentOutput ===>> 27.5
GetSetpoint ===>> 1250.0
GetProcessValue ===>> 1250.0
response t=316.473858833, out=27.5, setpoint=1250.0, response=1250.0
GetPercentOutput ===>> 27.6
GetSetpoint ===>> 1250.0
GetProcessValue ===>> 1250.0
response t=318.475837946, out=27.6, setpoint=1250.0, response=1250.0
GetPercentOutput ===>> 27.5
GetSetpoint ===>> 1250.0
GetProcessValue ===>> 1250.0
response t=320.475076914, out=27.5, setpoint=1250.0, response=1250.0
GetPercentOutput ===>> 27.5
GetSetpoint ===>> 1250.0
GetProcessValue ===>> 1250.0
response t=322.480143785, out=27.5, setpoint=1250.0, response=1250.0
GetPercentOutput ===>> 27.6
GetSetpoint ===>> 1250.0
GetProcessValue ===>> 1250.0
response t=324.481973886, out=27.6, setpoint=1250.0, response=1250.0
GetPercentOutput ===>> 27.6
GetSetpoint ===>> 1250.0
GetProcessValue ===>> 1250.0
response t=326.482631922, out=27.6, setpoint=1250.0, response=1250.0
GetPercentOutput ===>> 27.3
GetSetpoint ===>> 1250.0
GetProcessValue ===>> 1250.0
response t=328.485998869, out=27.3, setpoint=1250.0, response=1250.0
GetPercentOutput ===>> 27.6
GetSetpoint ===>> 1250.0
GetProcessValue ===>> 1250.0
response t=330.49075079, out=27.6, setpoint=1250.0, response=1250.0
GetPercentOutput ===>> 27.6
GetSetpoint ===>> 1250.0
GetProcessValue ===>> 1250.0
response t=332.498696804, out=27.6, setpoint=1250.0, response=1250.0
GetPercentOutput ===>> 27.5
GetSetpoint ===>> 1250.0
GetProcessValue ===>> 1250.0
response t=334.499146938, out=27.5, setpoint=1250.0, response=1250.0
GetPercentOutput ===>> 27.7
GetSetpoint ===>> 1250.0
GetProcessValue ===>> 1250.0
response t=336.500543833, out=27.7, setpoint=1250.0, response=1250.0
GetPercentOutput ===>> 27.6
GetSetpoint ===>> 1250.0
GetProcessValue ===>> 1250.0
response t=338.509569883, out=27.6, setpoint=1250.0, response=1250.0
GetPercentOutput ===>> 27.1
GetSetpoint ===>> 1250.0
GetProcessValue ===>> 1250.0
response t=340.514522791, out=27.1, setpoint=1250.0, response=1250.0
GetPercentOutput ===>> 27.4
GetSetpoint ===>> 1250.0
GetProcessValue ===>> 1250.0
response t=342.516837835, out=27.4, setpoint=1250.0, response=1250.0
GetPercentOutput ===>> 28.0
GetSetpoint ===>> 1250.0
GetProcessValue ===>> 1250.0
response t=344.5189538, out=28.0, setpoint=1250.0, response=1250.0
GetPercentOutput ===>> 27.4
GetSetpoint ===>> 1250.0
GetProcessValue ===>> 1250.0
response t=346.518573999, out=27.4, setpoint=1250.0, response=1250.0
GetPercentOutput ===>> 27.2
GetSetpoint ===>> 1250.0
GetProcessValue ===>> 1250.0
response t=348.522653818, out=27.2, setpoint=1250.0, response=1250.0
GetPercentOutput ===>> 27.9
GetSetpoint ===>> 1250.0
GetProcessValue ===>> 1250.0
response t=350.525002956, out=27.9, setpoint=1250.0, response=1250.0
GetPercentOutput ===>> 27.6
GetSetpoint ===>> 1250.0
GetProcessValue ===>> 1250.0
response t=352.527143955, out=27.6, setpoint=1250.0, response=1250.0
GetPercentOutput ===>> 27.3
GetSetpoint ===>> 1250.0
GetProcessValue ===>> 1250.0
response t=354.535192966, out=27.3, setpoint=1250.0, response=1250.0
GetPercentOutput ===>> 27.8
GetSetpoint ===>> 1250.0
GetProcessValue ===>> 1250.0
response t=356.543825865, out=27.8, setpoint=1250.0, response=1250.0
GetPercentOutput ===>> 28.0
GetSetpoint ===>> 1250.0
GetProcessValue ===>> 1250.0
response t=358.542882919, out=28.0, setpoint=1250.0, response=1250.0
GetPercentOutput ===>> 27.3
GetSetpoint ===>> 1250.0
GetProcessValue ===>> 1250.0
response t=360.542042971, out=27.3, setpoint=1250.0, response=1250.0
GetPercentOutput ===>> 27.5
GetSetpoint ===>> 1250.0
GetProcessValue ===>> 1250.0
response t=362.549059868, out=27.5, setpoint=1250.0, response=1250.0
GetPercentOutput ===>> 27.6
GetSetpoint ===>> 1250.0
GetProcessValue ===>> 1250.0
response t=364.551450968, out=27.6, setpoint=1250.0, response=1250.0
Join finished
block finished. duration 361.323590994
Interval 1 finished
disable () {}
%%%%%%%%%%%%%%%%%%%%%%%%%%%%%%%%%%% disable
set extraction state False (0.75, 'red', 1.5)
disable
set setpoint=0.0
setting pid parameters for 0.0
{"pid": "HO,10;XP,10;TI,48;TD,8", "command": "SetPID"} ===>> OK
{"setpoint": 0.0, "command": "SetSetpoint"} ===>> OK
Furnace disabled.
sleep (60,) {}
SLEEP 60.0
block started
WaitControl setup for 60.0  
GetPercentOutput ===>> 0.0
GetSetpoint ===>> 0.0
GetProcessValue ===>> 1250.0
response t=366.555532932, out=0, setpoint=0, response=1250.0
GetPercentOutput ===>> 0.0
GetSetpoint ===>> 0.0
GetProcessValue ===>> 1245.0
response t=368.55535984, out=0, setpoint=0, response=1245.0
GetPercentOutput ===>> 0.0
GetSetpoint ===>> 0.0
GetProcessValue ===>> 1231.0
response t=370.562068939, out=0, setpoint=0, response=1231.0
GetPercentOutput ===>> 0.0
GetSetpoint ===>> 0.0
GetProcessValue ===>> 1214.0
response t=372.570356846, out=0, setpoint=0, response=1214.0
GetPercentOutput ===>> 0.0
GetSetpoint ===>> 0.0
GetProcessValue ===>> 1199.0
response t=374.56957984, out=0, setpoint=0, response=1199.0
GetPercentOutput ===>> 0.0
GetSetpoint ===>> 0.0
GetProcessValue ===>> 1184.0
response t=376.578364849, out=0, setpoint=0, response=1184.0
GetPercentOutput ===>> 0.0
GetSetpoint ===>> 0.0
GetProcessValue ===>> 1169.0
response t=378.586555958, out=0, setpoint=0, response=1169.0
GetPercentOutput ===>> 0.0
GetSetpoint ===>> 0.0
GetProcessValue ===>> 1154.0
response t=380.588489771, out=0, setpoint=0, response=1154.0
GetPercentOutput ===>> 0.0
GetSetpoint ===>> 0.0
GetProcessValue ===>> 1139.0
response t=382.590138912, out=0, setpoint=0, response=1139.0
GetPercentOutput ===>> 0.0
GetSetpoint ===>> 0.0
GetProcessValue ===>> 1125.0
response t=384.592989922, out=0, setpoint=0, response=1125.0
GetPercentOutput ===>> 0.0
GetSetpoint ===>> 0.0
GetProcessValue ===>> 1112.0
response t=386.595063925, out=0, setpoint=0, response=1112.0
GetPercentOutput ===>> 0.0
GetSetpoint ===>> 0.0
GetProcessValue ===>> 1099.0
response t=388.597071886, out=0, setpoint=0, response=1099.0
GetPercentOutput ===>> 0.0
GetSetpoint ===>> 0.0
GetProcessValue ===>> 1085.0
response t=390.599093914, out=0, setpoint=0, response=1085.0
GetPercentOutput ===>> 0.0
GetSetpoint ===>> 0.0
GetProcessValue ===>> 1073.0
response t=392.601107836, out=0, setpoint=0, response=1073.0
GetPercentOutput ===>> 0.0
GetSetpoint ===>> 0.0
GetProcessValue ===>> 1057.0
response t=394.603156805, out=0, setpoint=0, response=1057.0
GetPercentOutput ===>> 0.0
GetSetpoint ===>> 0.0
GetProcessValue ===>> 1040.0
response t=396.605242968, out=0, setpoint=0, response=1040.0
GetPercentOutput ===>> 0.0
GetSetpoint ===>> 0.0
GetProcessValue ===>> 1026.0
response t=398.607251883, out=0, setpoint=0, response=1026.0
GetPercentOutput ===>> 0.0
GetSetpoint ===>> 0.0
GetProcessValue ===>> 1012.0
response t=400.609262943, out=0, setpoint=0, response=1012.0
GetPercentOutput ===>> 0.0
GetSetpoint ===>> 0.0
GetProcessValue ===>> 1000.0
response t=402.611283779, out=0, setpoint=0, response=1000.0
GetPercentOutput ===>> 0.0
GetSetpoint ===>> 0.0
GetProcessValue ===>> 989.0
response t=404.612953901, out=0, setpoint=0, response=989.0
GetPercentOutput ===>> 0.0
GetSetpoint ===>> 0.0
GetProcessValue ===>> 979.0
response t=406.615389824, out=0, setpoint=0, response=979.0
GetPercentOutput ===>> 0.0
GetSetpoint ===>> 0.0
GetProcessValue ===>> 969.0
response t=408.618957996, out=0, setpoint=0, response=969.0
GetPercentOutput ===>> 0.0
GetSetpoint ===>> 0.0
GetProcessValue ===>> 960.0
response t=410.619459867, out=0, setpoint=0, response=960.0
GetPercentOutput ===>> 0.0
GetSetpoint ===>> 0.0
GetProcessValue ===>> 951.0
response t=412.621603966, out=0, setpoint=0, response=951.0
GetPercentOutput ===>> 0.0
GetSetpoint ===>> 0.0
GetProcessValue ===>> 943.0
response t=414.623523951, out=0, setpoint=0, response=943.0
GetPercentOutput ===>> 0.0
GetSetpoint ===>> 0.0
GetProcessValue ===>> 935.0
response t=416.625519991, out=0, setpoint=0, response=935.0
GetPercentOutput ===>> 0.0
GetSetpoint ===>> 0.0
GetProcessValue ===>> 926.0
response t=418.633564949, out=0, setpoint=0, response=926.0
GetPercentOutput ===>> 0.0
GetSetpoint ===>> 0.0
GetProcessValue ===>> 919.0
response t=420.632858992, out=0, setpoint=0, response=919.0
GetPercentOutput ===>> 0.0
GetSetpoint ===>> 0.0
GetProcessValue ===>> 910.0
response t=422.634522915, out=0, setpoint=0, response=910.0
GetPercentOutput ===>> 0.0
GetSetpoint ===>> 0.0
GetProcessValue ===>> 903.0
response t=424.633632898, out=0, setpoint=0, response=903.0
Join finished
block finished. duration 60.1768379211
close ('B',) {}
close name=B desc=---
checking ownership. requestor=129.138.12.137
check software interlocks B
interlocks []
actuate state mode=None-script, software_lock=False
doing actuation None-script close_channel True
Close B ===>> OK
GetIndicatorState B ===>> False
change switch state (True, True)
update switch state B False args=() kw={} ncanvase=4
GetPercentOutput ===>> 0.0
GetSetpoint ===>> 0.0
14:17:10 -- CLOSE  VALVE-B (Bone to Diode Laser)
-------------------------- close B () result=[(True, True)]
GetProcessValue ===>> 896.0
response t=426.635691881, out=0, setpoint=0, response=896.0
action=close, ok=True, locked=[False]
close ('E',) {}
close name=E desc=---
checking ownership. requestor=129.138.12.137
check software interlocks E
interlocks []
actuate state mode=None-script, software_lock=False
doing actuation None-script close_channel False
Close E ===>> OK
GetIndicatorState E ===>> False
change switch state (True, True)
update switch state E False args=() kw={} ncanvase=4
14:17:10 -- CLOSE  VALVE-E (Bone to Minibone)
-------------------------- close E () result=[(True, True)]
action=close, ok=True, locked=[False]
close ('C',) {}
close name=C desc=---
checking ownership. requestor=129.138.12.137
check software interlocks C
interlocks []
actuate state mode=None-script, software_lock=False
doing actuation None-script close_channel True
Close C ===>> OK
GetIndicatorState C ===>> False
change switch state (True, True)
update switch state C False args=() kw={} ncanvase=4
14:17:11 -- CLOSE  VALVE-C (Bone to Turbo)
-------------------------- close C () result=[(True, True)]
action=close, ok=True, locked=[False]
sleep (2,) {}
SLEEP 2.0
block started
WaitControl setup for 2.0  
GetPercentOutput ===>> 0.0
GetSetpoint ===>> 0.0
GetProcessValue ===>> 890.0
response t=428.637801886, out=0, setpoint=0, response=890.0
Join finished
block finished. duration 2.00800299644
open ('J',) {}
open name=J desc=---
checking ownership. requestor=129.138.12.137
check software interlocks J
interlocks []
actuate state mode=None-script, software_lock=False
doing actuation None-script open_channel True
Open J ===>> OK
GetIndicatorState J ===>> OK
change switch state (True, True)
update switch state J True args=() kw={} ncanvase=4
14:17:13 -- OPEN   VALVE-J (Bone to APIS)
-------------------------- open J () result=[(True, True)]
action=open, ok=True, locked=[False]
sleep (30,) {}
SLEEP 30.0
block started
WaitControl setup for 30.0  
GetPercentOutput ===>> 0.0
GetSetpoint ===>> 0.0
GetProcessValue ===>> 883.0
response t=430.63929987, out=0, setpoint=0, response=883.0
GetPercentOutput ===>> 0.0
GetSetpoint ===>> 0.0
GetProcessValue ===>> 877.0
response t=432.645676851, out=0, setpoint=0, response=877.0
GetPercentOutput ===>> 0.0
GetSetpoint ===>> 0.0
GetProcessValue ===>> 870.0
response t=434.646644831, out=0, setpoint=0, response=870.0
GetPercentOutput ===>> 0.0
GetSetpoint ===>> 0.0
GetProcessValue ===>> 864.0
response t=436.649939775, out=0, setpoint=0, response=864.0
set states for children of O. state=True
handle state [('O', True)]
update switch state O True args=() kw={'refresh': False} ncanvase=4
refresh_canvas_needed fired
GetPercentOutput ===>> 0.0
GetSetpoint ===>> 0.0
GetProcessValue ===>> 859.0
response t=438.651669979, out=0, setpoint=0, response=859.0
GetPercentOutput ===>> 0.0
GetSetpoint ===>> 0.0
GetProcessValue ===>> 853.0
response t=440.651446819, out=0, setpoint=0, response=853.0
GetPercentOutput ===>> 0.0
GetSetpoint ===>> 0.0
GetProcessValue ===>> 847.0
response t=442.651264906, out=0, setpoint=0, response=847.0
GetPercentOutput ===>> 0.0
GetSetpoint ===>> 0.0
GetProcessValue ===>> 842.0
response t=444.654073, out=0, setpoint=0, response=842.0
GetPercentOutput ===>> 0.0
GetSetpoint ===>> 0.0
GetProcessValue ===>> 838.0
response t=446.656154871, out=0, setpoint=0, response=838.0
GetPercentOutput ===>> 0.0
GetSetpoint ===>> 0.0
GetProcessValue ===>> 834.0
response t=448.660556793, out=0, setpoint=0, response=834.0
GetPercentOutput ===>> 0.0
GetSetpoint ===>> 0.0
GetProcessValue ===>> 829.0
response t=450.661863804, out=0, setpoint=0, response=829.0
GetPercentOutput ===>> 0.0
GetSetpoint ===>> 0.0
GetProcessValue ===>> 825.0
response t=452.662135839, out=0, setpoint=0, response=825.0
GetPercentOutput ===>> 0.0
GetSetpoint ===>> 0.0
GetProcessValue ===>> 820.0
response t=454.671051979, out=0, setpoint=0, response=820.0
GetPercentOutput ===>> 0.0
GetSetpoint ===>> 0.0
GetProcessValue ===>> 816.0
response t=456.670641899, out=0, setpoint=0, response=816.0
GetPercentOutput ===>> 0.0
GetSetpoint ===>> 0.0
GetProcessValue ===>> 812.0
response t=458.670722961, out=0, setpoint=0, response=812.0
Join finished
block finished. duration 30.094522953
close ('J',) {}
close name=J desc=---
checking ownership. requestor=129.138.12.137
check software interlocks J
interlocks []
actuate state mode=None-script, software_lock=False
doing actuation None-script close_channel True
Close J ===>> OK
GetIndicatorState J ===>> False
change switch state (True, True)
update switch state J False args=() kw={} ncanvase=4
14:17:44 -- CLOSE  VALVE-J (Bone to APIS)
-------------------------- close J () result=[(True, True)]
GetPercentOutput ===>> 0.0
GetSetpoint ===>> 0.0
GetProcessValue ===>> 808.0
response t=460.670268774, out=0, setpoint=0, response=808.0
action=close, ok=True, locked=[False]
open ('FC',) {}
open name=FC desc=---
checking ownership. requestor=129.138.12.137
check software interlocks FC
interlocks []
actuate state mode=None-script, software_lock=False
doing actuation None-script open_channel True
Open FC ===>> OK
set states for children of FC. state=True
handle state [('FC', True)]
update switch state FC True args=() kw={'refresh': False} ncanvase=4
refresh_canvas_needed fired
GetIndicatorState FC ===>> OK
change switch state (True, True)
update switch state FC True args=() kw={} ncanvase=4
14:17:45 -- OPEN   VALVE-FC (Furnace Turbo)
-------------------------- open FC () result=[(True, True)]
action=open, ok=True, locked=[False]
sleep (30.0,) {}
SLEEP 30.0
block started
WaitControl setup for 30.0  
GetPercentOutput ===>> 0.0
GetSetpoint ===>> 0.0
GetProcessValue ===>> 804.0
response t=462.672261953, out=0, setpoint=0, response=804.0
GetPercentOutput ===>> 0.0
GetSetpoint ===>> 0.0
GetProcessValue ===>> 799.0
response t=464.674346924, out=0, setpoint=0, response=799.0
GetPercentOutput ===>> 0.0
GetSetpoint ===>> 0.0
GetProcessValue ===>> 793.0
response t=466.681222916, out=0, setpoint=0, response=793.0
GetPercentOutput ===>> 0.0
GetSetpoint ===>> 0.0
GetProcessValue ===>> 788.0
response t=468.685326815, out=0, setpoint=0, response=788.0
GetPercentOutput ===>> 0.0
GetSetpoint ===>> 0.0
GetProcessValue ===>> 782.0
response t=470.685981989, out=0, setpoint=0, response=782.0
GetPercentOutput ===>> 0.0
GetSetpoint ===>> 0.0
GetProcessValue ===>> 776.0
response t=472.687093973, out=0, setpoint=0, response=776.0
GetPercentOutput ===>> 0.0
GetSetpoint ===>> 0.0
GetProcessValue ===>> 769.0
response t=474.687363863, out=0, setpoint=0, response=769.0
GetPercentOutput ===>> 0.0
GetSetpoint ===>> 0.0
GetProcessValue ===>> 762.0
response t=476.686422825, out=0, setpoint=0, response=762.0
GetPercentOutput ===>> 0.0
GetSetpoint ===>> 0.0
GetProcessValue ===>> 756.0
response t=478.690229893, out=0, setpoint=0, response=756.0
GetPercentOutput ===>> 0.0
GetSetpoint ===>> 0.0
GetProcessValue ===>> 748.0
response t=480.696438789, out=0, setpoint=0, response=748.0
GetPercentOutput ===>> 0.0
GetSetpoint ===>> 0.0
GetProcessValue ===>> 727.0
response t=482.699867964, out=0, setpoint=0, response=727.0
GetPercentOutput ===>> 0.0
GetSetpoint ===>> 0.0
GetProcessValue ===>> 710.0
response t=484.704418898, out=0, setpoint=0, response=710.0
GetPercentOutput ===>> 0.0
GetSetpoint ===>> 0.0
GetProcessValue ===>> 698.0
response t=486.712697983, out=0, setpoint=0, response=698.0
GetPercentOutput ===>> 0.0
GetSetpoint ===>> 0.0
GetProcessValue ===>> 689.0
response t=488.713750839, out=0, setpoint=0, response=689.0
GetPercentOutput ===>> 0.0
GetSetpoint ===>> 0.0
GetProcessValue ===>> 682.0
response t=490.717399836, out=0, setpoint=0, response=682.0
Join finished
block finished. duration 30.0969450474
stop_response_recorder () {}
stop response recorder
executed snippet estimated_duration=1446.5, duration=492.505359888
felix_furnace.py completed successfully
get achieved output
Requested Output= 0.000
Achieved Output=  0.000
get response blob
get output blob
active pid =HO,10;XP,10;TI,48;TD,8
persistence save...
persistence save - db
AutomatedRunPersister post_extraction_save deprecated
persistence save - dvc
no extraction position for 
not connected to db mysql://felixexp@129.138.12.160/labspy
Enviromentals: {'lab_humiditys': [{'device': 'EnvironmentalMonitor',
                    'name': 'Lab Hum.',
                    'pub_date': '2017-08-21T14:09:10',
                    'title': 'iServer Hum.',
                    'value': 56.2}],
 'lab_pneumatics': [{'device': 'AirPressure',
                     'name': 'Pressure',
                     'pub_date': '2017-08-21T14:17:27',
                     'title': None,
                     'value': 88.65},
                    {'device': 'AirPressure2',
                     'name': 'Pressure2',
                     'pub_date': '2017-08-21T14:17:29',
                     'title': None,
                     'value': 88.82848}],
 'lab_temperatures': [{'device': 'EnvironmentalMonitor',
                       'name': 'Lab Temp.',
                       'pub_date': '2017-08-21T13:33:25',
                       'title': 'iServer Temp.',
                       'value': 72.8},
                      {'device': 'Chiller',
                       'name': 'Coolant Temp.',
                       'pub_date': '2017-08-21T14:18:09',
                       'title': None,
                       'value': 17.9444444444444}]}
Extraction Finished
14:18:18 -- ******* Extraction Finished *******
no overlap. not waiting for min ms pumptime
14:18:18 -- Sending spectrometer configuration
======== Sending configuration ========
SetZFocus 1.65 ===>> OK
SetHV 9900.0 ===>> OK
SetZSymmetry 3.35 ===>> OK
SetExtractionLens 63.57 ===>> OK
SetIonRepeller -5.15 ===>> OK
SetElectronEnergy 125.02 ===>> OK
SetYSymmetry 38.07 ===>> OK
send trap current 250.0
GetParameter Trap Current Readback ===>> 249.054385643655
SetParameter Trap Current Set,250.0 ===>> OK
updating mftable name argon
Using mftable located at /Users/obama/PychronDev/setupfiles/spectrometer/mftables/argon.csv
============ MFtable ===========
Isotope  H2     H1     AX     L1     L2     L2(CDD)
Ar40     3.7662 3.8414 3.9195 4.0010 4.1086 4.0942
Ar39     3.6918 3.7662 3.8426 3.9255 4.0280 4.0132
Ar36     3.4654 3.4179 3.6071 3.6829 3.7916 3.7661
================================
get initial guess parabolic
get initial guess parabolic
get initial guess parabolic
get initial guess parabolic
get initial guess parabolic
get initial guess parabolic
======== Configuration Finished ========
GetYSymmetry ===>> 38.07
GetZSymmetry ===>> 3.35
GetParameter Trap Current Readback ===>> 248.271195751694
GetHighVoltage ===>> 9900
start measurement
do measurement
L#=65786 analysis type=unknown
Measurement Started felix_analysis400_120_no_save_center.py
14:18:18 -- ******* Measurement Started felix_analysis400_120_no_save_center.py *******
state changed from extraction to measurement
setting trap, emission, spec, defl, and gains
GetExtractionLens ===>> 63.57
GetYSymmetry ===>> 38.07
GetZSymmetry ===>> 3.35
GetZFocus ===>> 1.65
GetDeflection H2 (CDD) ===>> 3250
GetDeflection H1 (CDD) ===>> 3250
GetDeflection AX (CDD) ===>> 3250
GetDeflection L1 (CDD) ===>> 3250
GetDeflection L2 (CDD) ===>> 0
GetGain H2 ===>> 0.9809305
GetGain H1 ===>> 0.9706
GetGain AX ===>> 0.96269
GetGain L1 ===>> 0.970094835296087
GetGain L2 ===>> 0.967359864778375
GetGain H2(CDD) ===>> 0
GetGain H1(CDD) ===>> 0
GetGain AX(CDD) ===>> 0
GetGain L1(CDD) ===>> 0
GetGain L2(CDD) ===>> 0
GetParameter Trap Current Readback ===>> 248.047427211133
GetParameter Source Current Readback ===>> 889.630043337606
pre measurement save
New frame /Users/obama/PychronDev/data/isotopes/40/0f60f1-ac9c-48c2-8c3b-18916d884b9b.h5
flush and close file /Users/obama/PychronDev/data/isotopes/40/0f60f1-ac9c-48c2-8c3b-18916d884b9b.h5
testing...
no interpolation path defined
executed snippet estimated_duration=590.4304, duration=0.000249147415161
unknown measurement script
activate_detectors ('H2', 'H1', 'AX', 'L1', 'L2(CDD)') {}
activate detectors
*************** Set Analysis View Ar/Ar
create graphs
clearing graphs
clear isotope group
setting isotope det=H2, iso=Ar40
setting isotope det=H1, iso=Ar39
setting isotope det=AX, iso=Ar38
setting isotope det=L1, iso=Ar37
setting isotope det=L2(CDD), iso=Ar36
setting previous blanks
 - setting Ar40 blank 152.546+/-0.031
 - setting Ar36 blank 0.5049+/-0.0016
 - setting Ar37 blank 0.018+/-0.012
 - setting Ar38 blank 0.096+/-0.013
 - setting Ar39 blank 0.074+/-0.023
load analysis view
position_magnet ('Ar40',) {'detector': 'H2'}
detector Detector(H2)
POSITION Ar40 H2
setting detector H2 to Ar40 (39.9624)
setting detector H1 to Ar39 (38.8624)
setting detector AX to Ar38 (37.9624)
setting detector L1 to Ar37 (36.9624)
setting detector L2 to Ar36 (35.8624)
setting detector H2(CDD) to Ar40 (39.8624)
setting detector H1(CDD) to Ar39 (38.8624)
setting detector AX(CDD) to Ar38 (37.8624)
setting detector L1(CDD) to Ar37 (36.8624)
setting detector L2(CDD) to Ar36 (35.9624)
Mapping mass to dac mass func: "parabolic"
H2 map mass coeffs = [ -2.56720193e-04   9.47812314e-02   3.88504975e-01]
H2 map mass to dac 39.9624 >> 3.76621
GetHighVoltage ===>> 9900
positioning Ar40 (3.76621) on H2
setting magnet DAC
current  : 3.768210
requested: 3.766210
Delta Dac: 0.002000
Checking detector protection. dv=0.00200
SetMagnetDAC 3.76621 ===>> OK
Magnet settling time: 0.500 0.500
Magnet settling complete
set_dac. change=True
equilibrate () {'delay': 3, 'inlet': 'H', 'outlet': 'V', 'eqtime': 30.0}
Equilibration Started
14:18:19 -- ******* Equilibration Started *******
checking ownership. requestor=129.138.12.137
check software interlocks V
interlocks []
actuate state mode=None-script, software_lock=False
doing actuation None-script close_channel True
update labels <pychron.experiment.plot_panel.PlotPanel object at 0x14c70b890>
update labels "<pychron.graph.stacked_regression_graph.StackedRegressionGraph object at 0x1563a99b0>"
setting label 0 H2 Ar40
setting label 1 H1 Ar39
setting label 2 AX Ar38
setting label 3 L1 Ar37
setting label 4 L2(CDD) Ar36
update labels "<pychron.graph.stacked_graph.StackedGraph object at 0x1563a9050>"
setting label 0 H2 Ar40
setting label 1 H1 Ar39
setting label 2 AX Ar38
setting label 3 L1 Ar37
setting label 4 L2(CDD) Ar36
Close V ===>> OK
GetIndicatorState V ===>> False
change switch state (True, True)
update switch state V False args=() kw={} ncanvase=4
14:18:19 -- CLOSE  VALVE-V (Felix Ion Pump)
waiting 3s before opening inlet value ('H',)
checking ownership. requestor=129.138.12.137
check software interlocks H
interlocks []
actuate state mode=None-script, software_lock=False
doing actuation None-script open_channel True
Open H ===>> OK
GetIndicatorState H ===>> OK
change switch state (True, True)
update switch state H True args=() kw={} ncanvase=4
14:18:22 -- OPEN   VALVE-H (Felix Inlet)
equilibrating for 30.0sec
set_time_zero () {}
sniff (30.0,) {}
py_sniff
build tables- sniff [Detector(H2), Detector(H1), Detector(AX), Detector(L1), Detector(L2(CDD))]
add group /sniff/Ar40 (Group) u'' table H2
add group /sniff/Ar39 (Group) u'' table H1
add group /sniff/Ar38 (Group) u'' table AX
add group /sniff/Ar37 (Group) u'' table L1
add group /sniff/Ar36 (Group) u'' table L2(CDD)
flush and close file /Users/obama/PychronDev/data/isotopes/40/0f60f1-ac9c-48c2-8c3b-18916d884b9b.h5
measuring sniff. ncounts=30.0
"sniff" increment series count="1" fit count="0" regressing="False"
starting measurement
set states for children of U. state=False
handle state [('U', False)]
update switch state U False args=() kw={'refresh': False} ncanvase=4
refresh_canvas_needed fired
14:18:48 -- collecting point 25
Equilibration Finished
14:18:53 -- ******* Equilibration Finished *******
checking ownership. requestor=129.138.12.137
check software interlocks H
interlocks []
actuate state mode=None-script, software_lock=False
doing actuation None-script close_channel True
Close H ===>> OK
GetIndicatorState H ===>> False
change switch state (True, True)
update switch state H False args=() kw={} ncanvase=4
14:18:53 -- CLOSE  VALVE-H (Felix Inlet)
Post Equilibration Started felix_pump_extraction_line.py
14:18:53 -- ******* Post Equilibration Started felix_pump_extraction_line.py *******
testing...
no interpolation path defined
calculate duration
testing...
no interpolation path defined
executed snippet estimated_duration=4.0, duration=0.000266075134277
executed snippet estimated_duration=4.0, duration=0.00216007232666
Pump after analysis
doing GOSUB
testing...
no interpolation path defined
executed snippet estimated_duration=4.0, duration=0.000236988067627
Pump Bone
close () {'description': 'Felix Inlet'}
close name=--- desc=Felix Inlet
checking ownership. requestor=129.138.12.137
check software interlocks H
interlocks []
actuate state mode=None-script, software_lock=False
doing actuation None-script close_channel False
Close H ===>> OK
GetIndicatorState H ===>> False
change switch state (True, True)
update switch state H False args=() kw={} ncanvase=4
14:18:53 -- CLOSE  VALVE-H (Felix Inlet)
-------------------------- close None (Felix Inlet) result=[(True, True)]
action=close, ok=True, locked=[False]
is_closed ('A',) {}
is A () closed?
is closed False
close () {'description': 'CO2 Laser to Bone'}
close name=--- desc=CO2 Laser to Bone
checking ownership. requestor=129.138.12.137
check software interlocks F
interlocks []
actuate state mode=None-script, software_lock=True
VALVE-F(CO2 Laser to Bone) software locked
change switch state (True, False)
-------------------------- close None (CO2 Laser to Bone) result=[(True, False)]
action=close, ok=True, locked=[True]
sleep (1,) {}
SLEEP 1.0
close () {'description': 'CO2 Laser to Roughing'}
close name=--- desc=CO2 Laser to Roughing
checking ownership. requestor=129.138.12.137
check software interlocks G
interlocks []
actuate state mode=None-script, software_lock=True
VALVE-G(CO2 Laser to Roughing) software locked
change switch state (True, False)
-------------------------- close None (CO2 Laser to Roughing) result=[(True, False)]
action=close, ok=True, locked=[True]
open () {'description': 'Bone to Turbo'}
open name=--- desc=Bone to Turbo
checking ownership. requestor=129.138.12.137
check software interlocks C
interlocks []
actuate state mode=None-script, software_lock=False
doing actuation None-script open_channel True
Open C ===>> OK
GetIndicatorState C ===>> OK
change switch state (True, True)
update switch state C True args=() kw={} ncanvase=4
14:18:55 -- OPEN   VALVE-C (Bone to Turbo)
-------------------------- open None (Bone to Turbo) result=[(True, True)]
waiting for write to finish
measurement finished
estimated time: 31.457 actual time: :31.644
flush and close file /Users/obama/PychronDev/data/isotopes/40/0f60f1-ac9c-48c2-8c3b-18916d884b9b.h5
set_fits () {}
using default fits file=/Users/obama/PychronDev/scripts/measurement/fits/nominal.yaml
set "Ar40" to "('Parabolic', 'SEM')"
set "Ar36" to "('Parabolic', 'SEM')"
set "Ar37" to "('linear', 'SEM')"
set "Ar38" to "('linear', 'SEM')"
set "Ar39" to "('Parabolic', 'SEM')"
set_baseline_fits () {}
using default fits file=/Users/obama/PychronDev/scripts/measurement/fits/nominal.yaml
set "H2" to "('average', 'SEM')"
set "L2(CDD)" to "('average', 'SEM')"
set "L1" to "('average', 'SEM')"
set "AX" to "('average', 'SEM')"
set "H1" to "('average', 'SEM')"
multicollect () {'integration_time': 1.048576, 'ncounts': 400}
build tables- signal [Detector(H2), Detector(H1), Detector(AX), Detector(L1), Detector(L2(CDD))]
add group /signal/Ar40 (Group) u'' table H2
add group /signal/Ar39 (Group) u'' table H1
add group /signal/Ar38 (Group) u'' table AX
add group /signal/Ar37 (Group) u'' table L1
add group /signal/Ar36 (Group) u'' table L2(CDD)
flush and close file /Users/obama/PychronDev/data/isotopes/40/0f60f1-ac9c-48c2-8c3b-18916d884b9b.h5
measuring signal. ncounts=400
action=open, ok=True, locked=[False]
open () {'description': 'Bone to Getter GP-50'}
open name=--- desc=Bone to Getter GP-50
checking ownership. requestor=129.138.12.137
check software interlocks N
interlocks []
actuate state mode=None-script, software_lock=False
doing actuation None-script open_channel False
"signal" increment series count="2" fit count="1" regressing="True"
Open N ===>> OK
GetIndicatorState N ===>> OK
change switch state (True, True)
update switch state N True args=() kw={} ncanvase=4
14:18:55 -- OPEN   VALVE-N (Bone to Getter GP-50)
-------------------------- open None (Bone to Getter GP-50) result=[(True, True)]
action=open, ok=True, locked=[False]
open () {'description': 'Bone to Diode Laser'}
open name=--- desc=Bone to Diode Laser
checking ownership. requestor=129.138.12.137
check software interlocks B
interlocks []
actuate state mode=None-script, software_lock=False
doing actuation None-script open_channel True
Open B ===>> OK
starting measurement
GetIndicatorState B ===>> OK
change switch state (True, True)
update switch state B True args=() kw={} ncanvase=4
14:18:55 -- OPEN   VALVE-B (Bone to Diode Laser)
-------------------------- open None (Bone to Diode Laser) result=[(True, True)]
action=open, ok=True, locked=[False]
open () {'description': 'Bone to CO2 Laser'}
open name=--- desc=Bone to CO2 Laser
checking ownership. requestor=129.138.12.137
check software interlocks D
interlocks []
actuate state mode=None-script, software_lock=False
doing actuation None-script open_channel False
Open D ===>> OK
GetIndicatorState D ===>> OK
change switch state (True, True)
update switch state D True args=() kw={} ncanvase=4
14:18:56 -- OPEN   VALVE-D (Bone to CO2 Laser)
-------------------------- open None (Bone to CO2 Laser) result=[(True, True)]
action=open, ok=True, locked=[False]
sleep (1,) {}
SLEEP 1.0
set_resource () {'name': 'CO2PumpTimeFlag', 'value': 30}
Set CO2PumpTimeFlag 30 ===>> OK
release ('FelixCO2Flag',) {}
release FelixCO2Flag
Set FelixCO2Flag 0 ===>> OK
executed snippet estimated_duration=6.0, duration=4.26407599449
PumpBone.py completed successfully
gosub finished
get_resource_value () {'name': 'FelixMiniboneFlag'}
Read FelixMiniboneFlag ===>> 0
Get Resource Value FelixMiniboneFlag=0.0
executed snippet estimated_duration=4.0, duration=4.27267694473
felix_pump_extraction_line.py completed successfully
Post Equilibration Finished
14:18:57 -- ******* Post Equilibration Finished *******
GetDeflection L2 (CDD) ===>> 0
testing L2_CDD_==3250
evaluate ot="L2(CDD).deflection==3250" t="L2_CDD_==3250", ctx="{'L2_CDD_': 0.0}"
GetDeflection L2 (CDD) ===>> 0
testing L2_CDD_==3250
evaluate ot="L2(CDD).deflection==3250" t="L2_CDD_==3250", ctx="{'L2_CDD_': 0.0}"
14:19:21 -- collecting point 25
GetDeflection L2 (CDD) ===>> 0
testing L2_CDD_==3250
evaluate ot="L2(CDD).deflection==3250" t="L2_CDD_==3250", ctx="{'L2_CDD_': 0.0}"
GetDeflection L2 (CDD) ===>> 0
testing L2_CDD_==3250
evaluate ot="L2(CDD).deflection==3250" t="L2_CDD_==3250", ctx="{'L2_CDD_': 0.0}"
set states for children of O. state=False
handle state [('O', False)]
update switch state O False args=() kw={'refresh': False} ncanvase=4
refresh_canvas_needed fired
14:19:47 -- collecting point 50
set states for children of R. state=True
handle state [('R', True)]
update switch state R True args=() kw={'refresh': False} ncanvase=4
refresh_canvas_needed fired
GetDeflection L2 (CDD) ===>> 0
testing L2_CDD_==3250
evaluate ot="L2(CDD).deflection==3250" t="L2_CDD_==3250", ctx="{'L2_CDD_': 0.0}"
set states for children of R. state=False
handle state [('R', False)]
update switch state R False args=() kw={'refresh': False} ncanvase=4
refresh_canvas_needed fired
GetDeflection L2 (CDD) ===>> 0
testing L2_CDD_==3250
evaluate ot="L2(CDD).deflection==3250" t="L2_CDD_==3250", ctx="{'L2_CDD_': 0.0}"
set states for children of U. state=True
handle state [('U', True)]
update switch state U True args=() kw={'refresh': False} ncanvase=4
refresh_canvas_needed fired
GetDeflection L2 (CDD) ===>> 0
testing L2_CDD_==3250
evaluate ot="L2(CDD).deflection==3250" t="L2_CDD_==3250", ctx="{'L2_CDD_': 0.0}"
14:20:13 -- collecting point 75
GetDeflection L2 (CDD) ===>> 0
testing L2_CDD_==3250
evaluate ot="L2(CDD).deflection==3250" t="L2_CDD_==3250", ctx="{'L2_CDD_': 0.0}"
GetDeflection L2 (CDD) ===>> 0
testing L2_CDD_==3250
evaluate ot="L2(CDD).deflection==3250" t="L2_CDD_==3250", ctx="{'L2_CDD_': 0.0}"
14:20:39 -- collecting point 100
GetDeflection L2 (CDD) ===>> 0
testing L2_CDD_==3250
evaluate ot="L2(CDD).deflection==3250" t="L2_CDD_==3250", ctx="{'L2_CDD_': 0.0}"
GetDeflection L2 (CDD) ===>> 0
testing L2_CDD_==3250
evaluate ot="L2(CDD).deflection==3250" t="L2_CDD_==3250", ctx="{'L2_CDD_': 0.0}"
GetDeflection L2 (CDD) ===>> 0
testing L2_CDD_==3250
evaluate ot="L2(CDD).deflection==3250" t="L2_CDD_==3250", ctx="{'L2_CDD_': 0.0}"
14:21:06 -- collecting point 125
GetDeflection L2 (CDD) ===>> 0
testing L2_CDD_==3250
evaluate ot="L2(CDD).deflection==3250" t="L2_CDD_==3250", ctx="{'L2_CDD_': 0.0}"
GetDeflection L2 (CDD) ===>> 0
testing L2_CDD_==3250
evaluate ot="L2(CDD).deflection==3250" t="L2_CDD_==3250", ctx="{'L2_CDD_': 0.0}"
14:21:32 -- collecting point 150
GetDeflection L2 (CDD) ===>> 0
testing L2_CDD_==3250
evaluate ot="L2(CDD).deflection==3250" t="L2_CDD_==3250", ctx="{'L2_CDD_': 0.0}"
GetDeflection L2 (CDD) ===>> 0
testing L2_CDD_==3250
evaluate ot="L2(CDD).deflection==3250" t="L2_CDD_==3250", ctx="{'L2_CDD_': 0.0}"
GetDeflection L2 (CDD) ===>> 0
testing L2_CDD_==3250
evaluate ot="L2(CDD).deflection==3250" t="L2_CDD_==3250", ctx="{'L2_CDD_': 0.0}"
14:21:58 -- collecting point 175
GetDeflection L2 (CDD) ===>> 0
testing L2_CDD_==3250
evaluate ot="L2(CDD).deflection==3250" t="L2_CDD_==3250", ctx="{'L2_CDD_': 0.0}"
GetDeflection L2 (CDD) ===>> 0
testing L2_CDD_==3250
evaluate ot="L2(CDD).deflection==3250" t="L2_CDD_==3250", ctx="{'L2_CDD_': 0.0}"
14:22:25 -- collecting point 200
GetDeflection L2 (CDD) ===>> 0
testing L2_CDD_==3250
evaluate ot="L2(CDD).deflection==3250" t="L2_CDD_==3250", ctx="{'L2_CDD_': 0.0}"
set states for children of O. state=True
handle state [('O', True)]
update switch state O True args=() kw={'refresh': False} ncanvase=4
refresh_canvas_needed fired
GetDeflection L2 (CDD) ===>> 0
testing L2_CDD_==3250
evaluate ot="L2(CDD).deflection==3250" t="L2_CDD_==3250", ctx="{'L2_CDD_': 0.0}"
GetDeflection L2 (CDD) ===>> 0
testing L2_CDD_==3250
evaluate ot="L2(CDD).deflection==3250" t="L2_CDD_==3250", ctx="{'L2_CDD_': 0.0}"
14:22:51 -- collecting point 225
GetDeflection L2 (CDD) ===>> 0
testing L2_CDD_==3250
evaluate ot="L2(CDD).deflection==3250" t="L2_CDD_==3250", ctx="{'L2_CDD_': 0.0}"
GetDeflection L2 (CDD) ===>> 0
testing L2_CDD_==3250
evaluate ot="L2(CDD).deflection==3250" t="L2_CDD_==3250", ctx="{'L2_CDD_': 0.0}"
14:23:17 -- collecting point 250
GetDeflection L2 (CDD) ===>> 0
testing L2_CDD_==3250
evaluate ot="L2(CDD).deflection==3250" t="L2_CDD_==3250", ctx="{'L2_CDD_': 0.0}"
GetDeflection L2 (CDD) ===>> 0
testing L2_CDD_==3250
evaluate ot="L2(CDD).deflection==3250" t="L2_CDD_==3250", ctx="{'L2_CDD_': 0.0}"
GetDeflection L2 (CDD) ===>> 0
testing L2_CDD_==3250
evaluate ot="L2(CDD).deflection==3250" t="L2_CDD_==3250", ctx="{'L2_CDD_': 0.0}"
14:23:43 -- collecting point 275
set states for children of U. state=False
handle state [('U', False)]
update switch state U False args=() kw={'refresh': False} ncanvase=4
refresh_canvas_needed fired
GetDeflection L2 (CDD) ===>> 0
testing L2_CDD_==3250
evaluate ot="L2(CDD).deflection==3250" t="L2_CDD_==3250", ctx="{'L2_CDD_': 0.0}"
GetDeflection L2 (CDD) ===>> 0
testing L2_CDD_==3250
evaluate ot="L2(CDD).deflection==3250" t="L2_CDD_==3250", ctx="{'L2_CDD_': 0.0}"
14:24:10 -- collecting point 300
GetDeflection L2 (CDD) ===>> 0
testing L2_CDD_==3250
evaluate ot="L2(CDD).deflection==3250" t="L2_CDD_==3250", ctx="{'L2_CDD_': 0.0}"
GetDeflection L2 (CDD) ===>> 0
testing L2_CDD_==3250
evaluate ot="L2(CDD).deflection==3250" t="L2_CDD_==3250", ctx="{'L2_CDD_': 0.0}"
GetDeflection L2 (CDD) ===>> 0
testing L2_CDD_==3250
evaluate ot="L2(CDD).deflection==3250" t="L2_CDD_==3250", ctx="{'L2_CDD_': 0.0}"
14:24:36 -- collecting point 325
GetDeflection L2 (CDD) ===>> 0
testing L2_CDD_==3250
evaluate ot="L2(CDD).deflection==3250" t="L2_CDD_==3250", ctx="{'L2_CDD_': 0.0}"
GetDeflection L2 (CDD) ===>> 0
testing L2_CDD_==3250
evaluate ot="L2(CDD).deflection==3250" t="L2_CDD_==3250", ctx="{'L2_CDD_': 0.0}"
set states for children of O. state=False
handle state [('O', False)]
update switch state O False args=() kw={'refresh': False} ncanvase=4
refresh_canvas_needed fired
14:25:02 -- collecting point 350
set states for children of R. state=True
handle state [('R', True)]
update switch state R True args=() kw={'refresh': False} ncanvase=4
refresh_canvas_needed fired
GetDeflection L2 (CDD) ===>> 0
testing L2_CDD_==3250
evaluate ot="L2(CDD).deflection==3250" t="L2_CDD_==3250", ctx="{'L2_CDD_': 0.0}"
set states for children of R. state=False
handle state [('R', False)]
update switch state R False args=() kw={'refresh': False} ncanvase=4
refresh_canvas_needed fired
set states for children of U. state=True
handle state [('U', True)]
update switch state U True args=() kw={'refresh': False} ncanvase=4
refresh_canvas_needed fired
GetDeflection L2 (CDD) ===>> 0
testing L2_CDD_==3250
evaluate ot="L2(CDD).deflection==3250" t="L2_CDD_==3250", ctx="{'L2_CDD_': 0.0}"
GetDeflection L2 (CDD) ===>> 0
testing L2_CDD_==3250
evaluate ot="L2(CDD).deflection==3250" t="L2_CDD_==3250", ctx="{'L2_CDD_': 0.0}"
14:25:29 -- collecting point 375
GetDeflection L2 (CDD) ===>> 0
testing L2_CDD_==3250
evaluate ot="L2(CDD).deflection==3250" t="L2_CDD_==3250", ctx="{'L2_CDD_': 0.0}"
GetDeflection L2 (CDD) ===>> 0
testing L2_CDD_==3250
evaluate ot="L2(CDD).deflection==3250" t="L2_CDD_==3250", ctx="{'L2_CDD_': 0.0}"
14:25:55 -- collecting point 400
waiting for write to finish
measurement finished
estimated time: 419.430 actual time: :420.754
flush and close file /Users/obama/PychronDev/data/isotopes/40/0f60f1-ac9c-48c2-8c3b-18916d884b9b.h5
baselines () {'settling_time': 15.0, 'detector': 'H2', 'mass': 39.862, 'ncounts': 120}
%%%%%%%%%%%%%%%%%%%%%%%%%%%%%%%% Baseline
build tables- baseline [Detector(H2), Detector(H1), Detector(AX), Detector(L1), Detector(L2(CDD))]
add group baseline table H2
add group baseline table H1
add group baseline table AX
add group baseline table L1
add group baseline table L2(CDD)
flush and close file /Users/obama/PychronDev/data/isotopes/40/0f60f1-ac9c-48c2-8c3b-18916d884b9b.h5
detector Detector(H2)
POSITION 39.862 H2
Mapping mass to dac mass func: "parabolic"
H2 map mass coeffs = [ -2.56720193e-04   9.47812314e-02   3.88504975e-01]
H2 map mass to dac 39.862 >> 3.75875141492
GetHighVoltage ===>> 9900
positioning 39.862 (3.75875141492) on H2
setting magnet DAC
current  : 3.766210
requested: 3.758751
Delta Dac: 0.007459
Checking detector protection. dv=0.00746
SetMagnetDAC 3.75875141492 ===>> OK
Magnet settling time: 0.500 0.500
Magnet settling complete
set_dac. change=True
Delaying 15.0s for detectors to settle
Join finished
measuring baseline. ncounts=120
"baseline" increment series count="2" fit count="1" regressing="True"
starting measurement
GetDeflection L2 (CDD) ===>> 0
testing L2_CDD_==3250
evaluate ot="L2(CDD).deflection==3250" t="L2_CDD_==3250", ctx="{'L2_CDD_': 0.0}"
GetDeflection L2 (CDD) ===>> 0
testing L2_CDD_==3250
evaluate ot="L2(CDD).deflection==3250" t="L2_CDD_==3250", ctx="{'L2_CDD_': 0.0}"
14:26:37 -- collecting point 25
GetDeflection L2 (CDD) ===>> 0
testing L2_CDD_==3250
evaluate ot="L2(CDD).deflection==3250" t="L2_CDD_==3250", ctx="{'L2_CDD_': 0.0}"
GetDeflection L2 (CDD) ===>> 0
testing L2_CDD_==3250
evaluate ot="L2(CDD).deflection==3250" t="L2_CDD_==3250", ctx="{'L2_CDD_': 0.0}"
14:27:04 -- collecting point 50
set states for children of O. state=True
handle state [('O', True)]
update switch state O True args=() kw={'refresh': False} ncanvase=4
refresh_canvas_needed fired
GetDeflection L2 (CDD) ===>> 0
testing L2_CDD_==3250
evaluate ot="L2(CDD).deflection==3250" t="L2_CDD_==3250", ctx="{'L2_CDD_': 0.0}"
GetDeflection L2 (CDD) ===>> 0
testing L2_CDD_==3250
evaluate ot="L2(CDD).deflection==3250" t="L2_CDD_==3250", ctx="{'L2_CDD_': 0.0}"
GetDeflection L2 (CDD) ===>> 0
testing L2_CDD_==3250
evaluate ot="L2(CDD).deflection==3250" t="L2_CDD_==3250", ctx="{'L2_CDD_': 0.0}"
14:27:30 -- collecting point 75
GetDeflection L2 (CDD) ===>> 0
testing L2_CDD_==3250
evaluate ot="L2(CDD).deflection==3250" t="L2_CDD_==3250", ctx="{'L2_CDD_': 0.0}"
GetDeflection L2 (CDD) ===>> 0
testing L2_CDD_==3250
evaluate ot="L2(CDD).deflection==3250" t="L2_CDD_==3250", ctx="{'L2_CDD_': 0.0}"
14:27:56 -- collecting point 100
GetDeflection L2 (CDD) ===>> 0
testing L2_CDD_==3250
evaluate ot="L2(CDD).deflection==3250" t="L2_CDD_==3250", ctx="{'L2_CDD_': 0.0}"
GetDeflection L2 (CDD) ===>> 0
testing L2_CDD_==3250
evaluate ot="L2(CDD).deflection==3250" t="L2_CDD_==3250", ctx="{'L2_CDD_': 0.0}"
set states for children of U. state=False
handle state [('U', False)]
update switch state U False args=() kw={'refresh': False} ncanvase=4
refresh_canvas_needed fired
waiting for write to finish
measurement finished
estimated time: 125.829 actual time: :126.338
flush and close file /Users/obama/PychronDev/data/isotopes/40/0f60f1-ac9c-48c2-8c3b-18916d884b9b.h5
activate_detectors ('H1', 'L2(CDD)') {'peak_center': True}
peak_center () {'detector': 'H2', 'save': False, 'integration_time': 1.048576, 'isotope': 'Ar40'}
peak center: mean=308.548949516 threshold=1.0
peak center started
setup peak center. detector=['H2', 'H1', 'L2(CDD)'], isotope=Ar40
VersionedUnpickler [<apptools.sweet_pickle.versioned_unpickler.VersionedUnpickler object at 0x14bb38410>] using Updater [<apptools.sweet_pickle.updater.Updater object at 0x120213830>]
VersionedUnpickler [<apptools.sweet_pickle.versioned_unpickler.VersionedUnpickler object at 0x14bb38410>] using Updater [<apptools.sweet_pickle.updater.Updater object at 0x120213830>]
VersionedUnpickler [<apptools.sweet_pickle.versioned_unpickler.VersionedUnpickler object at 0x13e3a3830>] using Updater [<apptools.sweet_pickle.updater.Updater object at 0x120213830>]
setting integration time = 0.524288
SetIntegrationTime 0.524288 ===>> OK
Mapping mass to dac mass func: "parabolic"
H2 map mass coeffs = [ -2.56720193e-04   9.47812314e-02   3.88504975e-01]
H2 map mass to dac 39.9624 >> 3.76621
GetHighVoltage ===>> 9900
do peak center. <pychron.spectrometer.jobs.peak_center.PeakCenter object at 0x12fbac890>
doing pc
starting peak center. center dac= 3.76621 step_width=0.0001
width = 0.0001
get scan parameters. half-width=0.002,window=0.002, i=0, scalar=1
Scan parameters center=3.76621 width=0.00400 (3.76421 - 3.76821)
Moving to starting dac 3.76421
setting magnet DAC
current  : 3.758751
requested: 3.764210
Delta Dac: 0.005459
Checking detector protection. dv=0.00546
SetMagnetDAC 3.76421 ===>> OK
Magnet settling time: 0.500 0.500
Magnet settling complete
set_dac. change=True
Wait until signal near baseline. tol= 0.0861516195141. timeout= 10
Peak center failed to move to a baseline position
_do_sweep sm= 3.76421, em= 3.76821, stm= 0.0001
calculated step values: start=3.76421, end=3.76821, width=0.0001, nsteps=41.0
setting magnet DAC
current  : 3.764210
requested: 3.764210
Delta Dac: 0.000000
Checking detector protection. dv=0.00000
set_dac. change=False
setting magnet DAC
current  : 3.764210
requested: 3.764313
Delta Dac: 0.000103
Checking detector protection. dv=0.00010
Magnet settling time: 1.049 0.500
Magnet settling complete
set_dac. change=True
setting magnet DAC
current  : 3.764313
requested: 3.764415
Delta Dac: 0.000103
Checking detector protection. dv=0.00010
Magnet settling time: 1.049 0.500
Magnet settling complete
set_dac. change=True
setting magnet DAC
current  : 3.764415
requested: 3.764518
Delta Dac: 0.000103
Checking detector protection. dv=0.00010
Magnet settling time: 1.049 0.500
Magnet settling complete
set_dac. change=True
setting magnet DAC
current  : 3.764518
requested: 3.764620
Delta Dac: 0.000103
Checking detector protection. dv=0.00010
Magnet settling time: 1.049 0.500
Magnet settling complete
set_dac. change=True
setting magnet DAC
current  : 3.764620
requested: 3.764723
Delta Dac: 0.000103
Checking detector protection. dv=0.00010
Magnet settling time: 1.049 0.500
Magnet settling complete
set_dac. change=True
setting magnet DAC
current  : 3.764723
requested: 3.764825
Delta Dac: 0.000103
Checking detector protection. dv=0.00010
Magnet settling time: 1.049 0.500
Magnet settling complete
set_dac. change=True
setting magnet DAC
current  : 3.764825
requested: 3.764928
Delta Dac: 0.000103
Checking detector protection. dv=0.00010
Magnet settling time: 1.049 0.500
Magnet settling complete
set_dac. change=True
setting magnet DAC
current  : 3.764928
requested: 3.765031
Delta Dac: 0.000103
Checking detector protection. dv=0.00010
Magnet settling time: 1.049 0.500
Magnet settling complete
set_dac. change=True
setting magnet DAC
current  : 3.765031
requested: 3.765133
Delta Dac: 0.000103
Checking detector protection. dv=0.00010
Magnet settling time: 1.049 0.500
Magnet settling complete
set_dac. change=True
setting magnet DAC
current  : 3.765133
requested: 3.765236
Delta Dac: 0.000103
Checking detector protection. dv=0.00010
Magnet settling time: 1.049 0.500
Magnet settling complete
set_dac. change=True
setting magnet DAC
current  : 3.765236
requested: 3.765338
Delta Dac: 0.000103
Checking detector protection. dv=0.00010
Magnet settling time: 1.049 0.500
Magnet settling complete
set_dac. change=True
setting magnet DAC
current  : 3.765338
requested: 3.765441
Delta Dac: 0.000103
Checking detector protection. dv=0.00010
Magnet settling time: 1.049 0.500
Magnet settling complete
set_dac. change=True
setting magnet DAC
current  : 3.765441
requested: 3.765543
Delta Dac: 0.000103
Checking detector protection. dv=0.00010
Magnet settling time: 1.049 0.500
Magnet settling complete
set_dac. change=True
setting magnet DAC
current  : 3.765543
requested: 3.765646
Delta Dac: 0.000103
Checking detector protection. dv=0.00010
Magnet settling time: 1.049 0.500
Magnet settling complete
set_dac. change=True
setting magnet DAC
current  : 3.765646
requested: 3.765748
Delta Dac: 0.000103
Checking detector protection. dv=0.00010
Magnet settling time: 1.049 0.500
Magnet settling complete
set_dac. change=True
setting magnet DAC
current  : 3.765748
requested: 3.765851
Delta Dac: 0.000103
Checking detector protection. dv=0.00010
Magnet settling time: 1.049 0.500
Magnet settling complete
set_dac. change=True
setting magnet DAC
current  : 3.765851
requested: 3.765954
Delta Dac: 0.000103
Checking detector protection. dv=0.00010
Magnet settling time: 1.049 0.500
Magnet settling complete
set_dac. change=True
setting magnet DAC
current  : 3.765954
requested: 3.766056
Delta Dac: 0.000103
Checking detector protection. dv=0.00010
Magnet settling time: 1.049 0.500
Magnet settling complete
set_dac. change=True
setting magnet DAC
current  : 3.766056
requested: 3.766159
Delta Dac: 0.000103
Checking detector protection. dv=0.00010
Magnet settling time: 1.049 0.500
Magnet settling complete
set_dac. change=True
setting magnet DAC
current  : 3.766159
requested: 3.766261
Delta Dac: 0.000103
Checking detector protection. dv=0.00010
Magnet settling time: 1.049 0.500
Magnet settling complete
set_dac. change=True
setting magnet DAC
current  : 3.766261
requested: 3.766364
Delta Dac: 0.000103
Checking detector protection. dv=0.00010
Magnet settling time: 1.049 0.500
Magnet settling complete
set_dac. change=True
setting magnet DAC
current  : 3.766364
requested: 3.766466
Delta Dac: 0.000103
Checking detector protection. dv=0.00010
Magnet settling time: 1.049 0.500
Magnet settling complete
set_dac. change=True
setting magnet DAC
current  : 3.766466
requested: 3.766569
Delta Dac: 0.000103
Checking detector protection. dv=0.00010
Magnet settling time: 1.049 0.500
Magnet settling complete
set_dac. change=True
setting magnet DAC
current  : 3.766569
requested: 3.766672
Delta Dac: 0.000103
Checking detector protection. dv=0.00010
Magnet settling time: 1.049 0.500
Magnet settling complete
set_dac. change=True
setting magnet DAC
current  : 3.766672
requested: 3.766774
Delta Dac: 0.000103
Checking detector protection. dv=0.00010
Magnet settling time: 1.049 0.500
Magnet settling complete
set_dac. change=True
setting magnet DAC
current  : 3.766774
requested: 3.766877
Delta Dac: 0.000103
Checking detector protection. dv=0.00010
Magnet settling time: 1.049 0.500
Magnet settling complete
set_dac. change=True
setting magnet DAC
current  : 3.766877
requested: 3.766979
Delta Dac: 0.000103
Checking detector protection. dv=0.00010
Magnet settling time: 1.049 0.500
Magnet settling complete
set_dac. change=True
setting magnet DAC
current  : 3.766979
requested: 3.767082
Delta Dac: 0.000103
Checking detector protection. dv=0.00010
Magnet settling time: 1.049 0.500
Magnet settling complete
set_dac. change=True
setting magnet DAC
current  : 3.767082
requested: 3.767184
Delta Dac: 0.000103
Checking detector protection. dv=0.00010
Magnet settling time: 1.049 0.500
Magnet settling complete
set_dac. change=True
setting magnet DAC
current  : 3.767184
requested: 3.767287
Delta Dac: 0.000103
Checking detector protection. dv=0.00010
Magnet settling time: 1.049 0.500
Magnet settling complete
set_dac. change=True
setting magnet DAC
current  : 3.767287
requested: 3.767389
Delta Dac: 0.000103
Checking detector protection. dv=0.00010
Magnet settling time: 1.049 0.500
Magnet settling complete
set_dac. change=True
setting magnet DAC
current  : 3.767389
requested: 3.767492
Delta Dac: 0.000103
Checking detector protection. dv=0.00010
Magnet settling time: 1.049 0.500
Magnet settling complete
set_dac. change=True
setting magnet DAC
current  : 3.767492
requested: 3.767595
Delta Dac: 0.000103
Checking detector protection. dv=0.00010
Magnet settling time: 1.049 0.500
Magnet settling complete
set_dac. change=True
setting magnet DAC
current  : 3.767595
requested: 3.767697
Delta Dac: 0.000103
Checking detector protection. dv=0.00010
Magnet settling time: 1.049 0.500
Magnet settling complete
set_dac. change=True
setting magnet DAC
current  : 3.767697
requested: 3.767800
Delta Dac: 0.000103
Checking detector protection. dv=0.00010
Magnet settling time: 1.049 0.500
Magnet settling complete
set_dac. change=True
setting magnet DAC
current  : 3.767800
requested: 3.767902
Delta Dac: 0.000103
Checking detector protection. dv=0.00010
Magnet settling time: 1.049 0.500
Magnet settling complete
set_dac. change=True
setting magnet DAC
current  : 3.767902
requested: 3.768005
Delta Dac: 0.000103
Checking detector protection. dv=0.00010
Magnet settling time: 1.049 0.500
Magnet settling complete
set_dac. change=True
setting magnet DAC
current  : 3.768005
requested: 3.768107
Delta Dac: 0.000103
Checking detector protection. dv=0.00010
Magnet settling time: 1.049 0.500
Magnet settling complete
set_dac. change=True
setting magnet DAC
current  : 3.768107
requested: 3.768210
Delta Dac: 0.000103
Checking detector protection. dv=0.00010
Magnet settling time: 1.049 0.500
Magnet settling complete
set_dac. change=True
result of _do_sweep=True
result of _calculate_peak_center=([3.7648873547094186, 3.7660456713426851, 3.7672039879759516], [225.15392493167764, 302.94862278694575, 224.19683138666221], 3.7660296392785568, 302.94862278694575)
Failed to find a valid peak. No peak greater than 1.0. max = 0.749455340784
new center pos Detector(H2) (Ar40) @ 3.76604567134
GetHighVoltage ===>> 9900
dac uncorrected for HV and deflection 3.76604567134
setting integration time = 1.048576
SetIntegrationTime 1.048576 ===>> OK
Failed to find a valid peak. No peak greater than 1.0. max = 0.749455340784
flush and close file /Users/obama/PychronDev/data/isotopes/40/0f60f1-ac9c-48c2-8c3b-18916d884b9b.h5
sweep finished
finished measure script
executed snippet estimated_duration=590.4304, duration=654.922298908
felix_analysis400_120_no_save_center.py completed successfully
Measurement Finished
14:29:13 -- ******* Measurement Finished *******
Post Measurement Started felix_pump_ms.py
14:29:13 -- ******* Post Measurement Started felix_pump_ms.py *******
testing...
no interpolation path defined
executed snippet estimated_duration=0, duration=4.31537628174e-05
Pumping spectrometer
open () {'name': 'V'}
open name=V desc=---
checking ownership. requestor=129.138.12.137
check software interlocks V
interlocks []
actuate state mode=None-script, software_lock=False
doing actuation None-script open_channel True
Open V ===>> OK
GetIndicatorState V ===>> OK
change switch state (True, True)
update switch state V True args=() kw={} ncanvase=4
14:29:13 -- OPEN   VALVE-V (Felix Ion Pump)
-------------------------- open V () result=[(True, True)]
action=open, ok=True, locked=[False]
executed snippet estimated_duration=0, duration=0.362554073334
felix_pump_ms.py completed successfully
setting _ms_pumptime
Post Measurement Finished
14:29:14 -- ******* Post Measurement Finished *******
$$$$$$$$$$$$$$$$$$$$ state at run end measurement
state changed from measurement to success
post measurement save measured=True aborted=False
Set filtering
setting fod for Ar40= {'filter_outliers': True, 'std_devs': 2, 'iterations': 2}
setting fod for H2= {'filter_outliers': True, 'std_devs': 2, 'iterations': 1}
setting fod for Ar36= {'filter_outliers': True, 'std_devs': 2, 'iterations': 2}
setting fod for L2(CDD)= {'filter_outliers': True, 'std_devs': 2, 'iterations': 1}
setting fod for Ar37= {'filter_outliers': True, 'std_devs': 2, 'iterations': 2}
setting fod for L1= {'filter_outliers': True, 'std_devs': 2, 'iterations': 1}
setting fod for Ar38= {'filter_outliers': True, 'std_devs': 2, 'iterations': 2}
setting fod for AX= {'filter_outliers': True, 'std_devs': 2, 'iterations': 1}
setting fod for Ar39= {'filter_outliers': True, 'std_devs': 2, 'iterations': 2}
setting fod for H1= {'filter_outliers': True, 'std_devs': 2, 'iterations': 1}
not connected to db mysql://felixexp@129.138.12.160/labspy
Enviromentals: {'lab_humiditys': [{'device': 'EnvironmentalMonitor',
                    'name': 'Lab Hum.',
                    'pub_date': '2017-08-21T14:21:25',
                    'title': 'iServer Hum.',
                    'value': 55.9}],
 'lab_pneumatics': [{'device': 'AirPressure',
                     'name': 'Pressure',
                     'pub_date': '2017-08-21T14:27:31',
                     'title': None,
                     'value': 100.575},
                    {'device': 'AirPressure2',
                     'name': 'Pressure2',
                     'pub_date': '2017-08-21T14:27:33',
                     'title': None,
                     'value': 102.6064}],
 'lab_temperatures': [{'device': 'EnvironmentalMonitor',
                       'name': 'Lab Temp.',
                       'pub_date': '2017-08-21T13:33:25',
                       'title': 'iServer Temp.',
                       'value': 72.8},
                      {'device': 'Chiller',
                       'name': 'Coolant Temp.',
                       'pub_date': '2017-08-21T14:23:09',
                       'title': None,
                       'value': 18.0}]}
persistence save...
persistence save - db
post measurement save
5618767536 connecting to database sqlite://@/
connected to db sqlite://@/
create new session 5618767536
close session 5618767536
No database instance. Not saving post measurement to isotopedb database
$$$$$$$$$$$$$$$ auto_save_detector_ic=False
massspec enabled True
create new session 4784494736
MassSpec Database Version: 16.0
close session 4784494736
saving post measurement to secondary database
saving to massspec database 129.138.12.160/massspecdata
setting labnumber to 65786
setting aliquot to 2
setting step to AH
setting uuid to 400f60f1-ac9c-48c2-8c3b-18916d884b9b
setting irradpos to 65786
setting extract_device to NMGRL Furnace
setting tray to 
setting position to 
setting power_requested to 1250.0
setting extract_value to 1250.0
setting duration to 360.0
setting duration_at_request to 360.0
setting first_stage_delay to 360.0
setting cleanup to 30.0
setting comment to A:5 and A:6 12.83 mg
setting irradiation to NM-291
setting level to C
setting irradiation_level to C
setting sample to 418
setting material to Feldspar
setting project to IR1013
setting mass_spectrometer to Felix
no attribute chron_dosages
no attribute production_ratios
no attribute interference_corrections
no attribute production_name
no attribute j
Reference Isotope=Ar40
Reference Detector=H2
%%%%%%%%%%%%%%%%%%%% Comment: A:5 and A:6 12.83 mg %%%%%%%%%%%%%%%%%%%
adding isotope Ar40 H2
add baseline dbdet= Ar40. original det= H2
get baseline data Ar40 H2
Get data baseline <pychron.processing.isotope.Baseline object at 0x12fb57890> len t=120
baseline Ar40. v=0.0107407970008, e=0.00886805054666
get signal data Ar40 H2
Get data signal Ar40 324.79+/-0.04 len t=400
adding isotope Ar39 H1
add baseline dbdet= Ar39. original det= H1
get baseline data Ar39 H1
Get data baseline <pychron.processing.isotope.Baseline object at 0x12fb576d0> len t=120
baseline Ar39. v=-0.0562501516364, e=0.0119403688362
get signal data Ar39 H1
Get data signal Ar39 32.895+/-0.028 len t=400
adding isotope Ar38 AX
add baseline dbdet= Ar38. original det= AX
get baseline data Ar38 AX
Get data baseline <pychron.processing.isotope.Baseline object at 0x12fb57dd0> len t=120
baseline Ar38. v=-0.102431075117, e=0.011055475614
get signal data Ar38 AX
Get data signal Ar38 0.953+/-0.013 len t=400
adding isotope Ar37 L1
add baseline dbdet= Ar37. original det= L1
get baseline data Ar37 L1
Get data baseline <pychron.processing.isotope.Baseline object at 0x12fb57910> len t=120
baseline Ar37. v=-0.606804811621, e=0.0104761015641
get signal data Ar37 L1
Get data signal Ar37 0.409+/-0.013 len t=400
adding isotope Ar36 L2(CDD)
add baseline dbdet= Ar36. original det= L2(CDD)
get baseline data Ar36 L2(CDD)
Get data baseline <pychron.processing.isotope.Baseline object at 0x12fb57e10> len t=120
baseline Ar36. v=0.0, e=0.0
get signal data Ar36 L2(CDD)
Get data signal Ar36 0.7590+/-0.0019 len t=400
65786-02AH added analysis time 0.521425962448s
analysis added to mass spec database
mass spec save time= 0.533
persistence save - dvc
================= post measurement started
create new session 4719173072
close session 4719173072
---------------- Experiment Queue saving disabled
DVC saving peakcenter
Failed to find a valid peak. No peak greater than 1.0. max = 0.749455340784
Smart pull ahead: 0 behind: 0
Up-to-date with origin
add to repo msg=modified - 44c6f8761147de90179e8a3952e48831c78a9a46.json
add to repo msg=modified - 86-02AH.json
add to repo msg=modified - 86-02AH.dat.json
add to repo msg=modified - 86-02AH.blan.json
add to repo msg=modified - 86-02AH.inte.json
add to repo msg=modified - 86-02AH.icfa.json
add to repo msg=modified - 86-02AH.base.json
not at valid file /Users/obama/PychronDev/data/.dvc/repositories/IR1013/657/tags/86-02AH.tags.json
add to repo msg=modified - 86-02AH.peak.json
add to repo msg=modified - 86-02AH.extr.json
not at valid file /Users/obama/PychronDev/data/.dvc/repositories/IR1013/657/monitor/86-02AH.moni.json
commit message=<COLLECTION>
add to repo msg=modified - 86-02AH.inte.json
add to repo msg=modified - 86-02AH.base.json
commit message=<ISOEVO> default collection fits
add to repo msg=modified - 86-02AH.blan.json
commit message=<BLANKS> preceding bu-NF-F-190
add to repo msg=modified - 86-02AH.icfa.json
commit message=<ICFactor> default
push repository <pychron.git_archive.repo_manager.GitRepoManager object at 0x158e10b30>
pushing to remote=origin, url=https://github.com
no changes to meta repo
create new session 4719173072
add association IR1013
get identifier "65786"
setting analysis irradiation position=<pychron.dvc.dvc_orm.IrradiationPositionTbl object at 0x1263eeb90>
close session 4719173072
================= post measurement finished
14:29:28 -- ******* Post Run Check *******
loading queue conditionals post_run_actions
queue conditionals path /Users/obama/PychronDev/queue_conditionals/normal.yaml
loading conditionals from /Users/obama/PychronDev/queue_conditionals/normal.yaml
loading system conditionals post_run_actions
loading conditionals from /Users/obama/PychronDev/setupfiles/spectrometer/default_conditionals.yaml
loading queue conditionals post_run_terminations
queue conditionals path /Users/obama/PychronDev/queue_conditionals/normal.yaml
loading conditionals from /Users/obama/PychronDev/queue_conditionals/normal.yaml
loading system conditionals post_run_terminations
loading conditionals from /Users/obama/PychronDev/setupfiles/spectrometer/default_conditionals.yaml
Checking default post run terminations n=1
GetDeflection L2 (CDD) ===>> 0
testing L2_CDD_==3250
evaluate ot="L2(CDD).deflection==3250" t="L2_CDD_==3250", ctx="{'L2_CDD_': 0.0}"
14:29:28 -- ******* Post Run Check Passed *******
14:29:28 -- Automated run 65786-02AH success duration: 1174.243 s
----------------- finish -----------------
----------------- stop -----------------
retroactive repository identifiers disabled
finish run. runs completed=39
update duration runid=65786-02AH, duration=1174.24286699, md5=7c2b1763
loading script "felix_analysis400_120_no_save_center.py"
loading script "felix_pump_ms.py"
loading script "felix_furnace.py"
loading script "felix_pump_extraction_line.py"
testing...
no interpolation path defined
executed snippet estimated_duration=559.2304, duration=0.000298976898193
script duration name:analysis400_120_no_save_center seconds:559.0
loading script "felix_analysis400_120_no_save_center.py"
loading script "felix_pump_ms.py"
loading script "felix_furnace.py"
loading script "felix_pump_extraction_line.py"
testing...
no interpolation path defined
executed snippet estimated_duration=0, duration=3.19480895996e-05
loading script "felix_analysis400_120_no_save_center.py"
loading script "felix_pump_ms.py"
loading script "felix_furnace.py"
loading script "felix_pump_extraction_line.py"
testing...
no interpolation path defined
executed snippet estimated_duration=184.0, duration=0.000444889068604
script duration name:furnace seconds:184.0
loading script "felix_analysis400_120_no_save_center.py"
loading script "felix_pump_ms.py"
loading script "felix_furnace.py"
loading script "felix_pump_extraction_line.py"
testing...
no interpolation path defined
calculate duration
testing...
no interpolation path defined
executed snippet estimated_duration=4.0, duration=0.00025486946106
executed snippet estimated_duration=4.0, duration=0.0058171749115
Script duration 743.0
Run total estimated duration= 744.000
analysis400_120_no_save_center in script context. using previous estimated duration
script duration name:analysis400_120_no_save_center seconds:559.0
pump_ms in script context. using previous estimated duration
furnace in script context. using previous estimated duration
script duration name:furnace seconds:184.0
pump_extraction_line in script context. using previous estimated duration
Script duration 743.0
Run total estimated duration= 744.000
nruns=2 before=5.0, run_dur=1488.0, btw=30.0
write rem/ex queues
/Users/obama/PychronDev/experiments/rem/Load_furnace_418_kspar.rem.txt
/Users/obama/PychronDev/experiments/rem/Load_furnace_418_kspar.ex.txt
doing event level: 3
add run
