do run
loading script "felix_analysis400_120_no_save_center.py"
loading script "felix_pump_ms.py"
loading script "felix_furnace.py"
loading script "felix_pump_extraction_line.py"
testing...
no interpolation path defined
executed snippet estimated_duration=559.2304, duration=0.000298976898193
script duration name:analysis400_120_no_save_center seconds:559.0
loading script "felix_analysis400_120_no_save_center.py"
loading script "felix_pump_ms.py"
loading script "felix_furnace.py"
loading script "felix_pump_extraction_line.py"
testing...
no interpolation path defined
executed snippet estimated_duration=0, duration=2.78949737549e-05
loading script "felix_analysis400_120_no_save_center.py"
loading script "felix_pump_ms.py"
loading script "felix_furnace.py"
loading script "felix_pump_extraction_line.py"
testing...
no interpolation path defined
executed snippet estimated_duration=184.0, duration=0.000458002090454
script duration name:furnace seconds:184.0
loading script "felix_analysis400_120_no_save_center.py"
loading script "felix_pump_ms.py"
loading script "felix_furnace.py"
loading script "felix_pump_extraction_line.py"
testing...
no interpolation path defined
calculate duration
testing...
no interpolation path defined
executed snippet estimated_duration=4.0, duration=0.000375986099243
executed snippet estimated_duration=4.0, duration=0.00324511528015
Script duration 743.0
Run total estimated duration= 744.000
run duration: 0:12:24
doing event level: 2
11:16:27 -- Setting default integration. t=1.048576
setting integration time = 1.048576
SetIntegrationTime 1.048576 ===>> OK
----------------- start -----------------
**************** Experiment Type: Ar/Ar, Ar/Ar
create new session 4748572336
close session 4748572336
$$$$$ Clearing conditionals
adding conditionals 
Add queue conditionals
add default conditionals
adding default conditionals from /Users/obama/PychronDev/setupfiles/spectrometer/default_conditionals.yaml
Start automated run 65788-01AI
loading script "felix_analysis400_120_no_save_center.py"
loading script "felix_pump_ms.py"
loading script "felix_furnace.py"
loading script "felix_pump_extraction_line.py"
%%%%%%%%%%%%%%%%%% setting automated run 65788-01AI
No value "sensitivity_multiplier" in metadata
$$$$$$$$$$$$$$$ auto_save_detector_ic=False
============================= Pre Extraction Check =============================
loading queue conditionals pre_run_terminations
queue conditionals path /Users/obama/PychronDev/queue_conditionals/normal.yaml
loading conditionals from /Users/obama/PychronDev/queue_conditionals/normal.yaml
loading system conditionals pre_run_terminations
loading conditionals from /Users/obama/PychronDev/setupfiles/spectrometer/default_conditionals.yaml
11:16:27 -- ******* Pre Extraction Check *******
Get a measurement from the spectrometer
Pre Extraction Termination data. keys=L2(CDD),H2,H1,AX,L1,L2, signals=0.00593,0.20381,-0.09016,-0.13048,-0.45202,-0.02103
11:16:27 -- testing system defined conditionals
Checking default pre extraction terminations n=2
testing L2_CDD_
evaluate ot="L2(CDD).inactive" t="L2_CDD_", ctx="{'L2_CDD_': False}"
GetDeflection L2 (CDD) ===>> 0
testing L2_CDD_==3250
evaluate ot="L2(CDD).deflection==3250" t="L2_CDD_==3250", ctx="{'L2_CDD_': 0.0}"
11:16:27 -- ******* Pre Extraction Check Passed *******
=================================================================================
11:16:27 -- stopping status monitor
stop 4720710960
Status monitor stopped
Status monitor finished
11:16:32 -- starting status monitor
start 4720710960
StatusMonitor period=3. Frequencies(state=1, checksum=3, lock=5, owner=5)
start extraction
do extraction
Analysis started at 11:16:36.858314
Extraction Started felix_furnace.py
11:16:36 -- ******* Extraction Started felix_furnace.py *******
state changed from not run to extraction
DO EXTRACTION <pychron.extraction_line.pyscript_runner.RemotePyScriptRunner object at 0x11fa2c3b0>
testing...
no interpolation path defined
executed snippet estimated_duration=606.0, duration=0.000613927841187
start_response_recorder () {}
start response recorder
Felix unknown furnace analysis
close ('F',) {}
close name=F desc=---
checking ownership. requestor=129.138.12.137
check software interlocks F
interlocks []
actuate state mode=None-script, software_lock=True
VALVE-F(CO2 Laser to Bone) software locked
change switch state (True, False)
-------------------------- close F () result=[(True, False)]
action=close, ok=True, locked=[True]
open ('D',) {}
open name=D desc=---
checking ownership. requestor=129.138.12.137
check software interlocks D
interlocks []
actuate state mode=None-script, software_lock=False
doing actuation None-script open_channel False
Open D ===>> OK
GetPercentOutput ===>> 0.0
GetSetpoint ===>> 0.0
GetIndicatorState D ===>> OK
change switch state (True, True)
update switch state D True args=() kw={} ncanvase=5
GetProcessValue ===>> 240.0
response t=0.00128102302551, out=0, setpoint=0, response=240.0
11:16:37 -- OPEN   VALVE-D (Bone to CO2 Laser)
-------------------------- open D () result=[(True, True)]
action=open, ok=True, locked=[False]
close ('J',) {}
close name=J desc=---
checking ownership. requestor=129.138.12.137
check software interlocks J
interlocks []
actuate state mode=None-script, software_lock=False
doing actuation None-script close_channel False
Close J ===>> OK
GetIndicatorState J ===>> False
change switch state (True, True)
update switch state J False args=() kw={} ncanvase=5
11:16:37 -- CLOSE  VALVE-J (Bone to APIS)
-------------------------- close J () result=[(True, True)]
action=close, ok=True, locked=[False]
close ('FC',) {}
close name=FC desc=---
checking ownership. requestor=129.138.12.137
check software interlocks FC
interlocks []
actuate state mode=None-script, software_lock=False
doing actuation None-script close_channel True
GetPercentOutput ===>> 0.0
Close FC ===>> OK
GetSetpoint ===>> 0.0
GetProcessValue ===>> 240.0
response t=2.01078915596, out=0, setpoint=0, response=240.0
GetIndicatorState FC ===>> False
change switch state (True, True)
update switch state FC False args=() kw={} ncanvase=5
11:16:39 -- CLOSE  VALVE-FC (Furnace Turbo)
-------------------------- close FC () result=[(True, True)]
action=close, ok=True, locked=[False]
open ('FH',) {}
open name=FH desc=---
checking ownership. requestor=129.138.12.137
check software interlocks FH
interlocks []
actuate state mode=None-script, software_lock=False
doing actuation None-script open_channel False
Open FH ===>> OK
GetIndicatorState FH ===>> OK
change switch state (True, True)
update switch state FH True args=() kw={} ncanvase=5
11:16:40 -- OPEN   VALVE-FH (Furnace Isolation)
-------------------------- open FH () result=[(True, True)]
action=open, ok=True, locked=[False]
Furnace enabled. Heating sample.
enable () {}
set extraction state NMGRLFurnace Enabled (False, 'red', 1.5)
could not find manager name="NMGRLFurnace" func="enable_device"
set_pid_parameters (1600.0,) {}
setting pid parameters for 1600.0
{"pid": "HO,100;XP,100;TI,15;TD,3", "command": "SetPID"} ===>> OK
BEGIN INTERVAL Interval 1 waiting for 360.0
block started
WaitControl setup for 360.0  
set extract to 1600.0 (temp)
extract () {}
set extraction state NMGRLFurnace ON! 1600.0(temp) (0.75, 'red', 1.5)
extract sample to 1600.0 (temp)
extract
set setpoint to 1600.0
set setpoint=1600.0
setting pid parameters for 1600.0
GetPercentOutput ===>> 0.0
{"pid": "HO,100;XP,100;TI,15;TD,3", "command": "SetPID"} ===>> OK
GetSetpoint ===>> 0.0
{"setpoint": 1600.0, "command": "SetSetpoint"} ===>> OK
sleep (2,) {}
SLEEP 2.0
block started
WaitControl setup for 2.0  
GetProcessValue ===>> 240.0
response t=4.01228809357, out=0, setpoint=0, response=240.0
GetPercentOutput ===>> 100.0
GetSetpoint ===>> 1600.0
GetProcessValue ===>> 240.0
response t=6.01408100128, out=100.0, setpoint=1600.0, response=240.0
Join finished
block finished. duration 2.02135300636
COMPLETE INTERVAL waiting for Interval 1 to complete
GetPercentOutput ===>> 100.0
GetSetpoint ===>> 1600.0
GetProcessValue ===>> 240.0
response t=8.01708698273, out=100.0, setpoint=1600.0, response=240.0
GetPercentOutput ===>> 100.0
GetSetpoint ===>> 1600.0
GetProcessValue ===>> 241.0
response t=10.0210139751, out=100.0, setpoint=1600.0, response=241.0
GetPercentOutput ===>> 100.0
GetSetpoint ===>> 1600.0
GetProcessValue ===>> 252.0
response t=12.0250971317, out=100.0, setpoint=1600.0, response=252.0
GetPercentOutput ===>> 100.0
GetSetpoint ===>> 1600.0
GetProcessValue ===>> 298.0
response t=14.0253911018, out=100.0, setpoint=1600.0, response=298.0
GetPercentOutput ===>> 100.0
GetSetpoint ===>> 1600.0
GetProcessValue ===>> 458.0
response t=16.0268380642, out=100.0, setpoint=1600.0, response=458.0
GetPercentOutput ===>> 100.0
GetSetpoint ===>> 1600.0
GetProcessValue ===>> 653.0
response t=18.0308480263, out=100.0, setpoint=1600.0, response=653.0
GetPercentOutput ===>> 100.0
GetSetpoint ===>> 1600.0
GetProcessValue ===>> 702.0
response t=20.0341041088, out=100.0, setpoint=1600.0, response=702.0
GetPercentOutput ===>> 100.0
GetSetpoint ===>> 1600.0
GetProcessValue ===>> 786.0
response t=22.0362370014, out=100.0, setpoint=1600.0, response=786.0
GetPercentOutput ===>> 100.0
GetSetpoint ===>> 1600.0
GetProcessValue ===>> 887.0
response t=24.0382611752, out=100.0, setpoint=1600.0, response=887.0
GetPercentOutput ===>> 100.0
GetSetpoint ===>> 1600.0
GetProcessValue ===>> 1003.0
response t=26.0435211658, out=100.0, setpoint=1600.0, response=1003.0
GetPercentOutput ===>> 100.0
GetSetpoint ===>> 1600.0
GetProcessValue ===>> 1116.0
response t=28.0463809967, out=100.0, setpoint=1600.0, response=1116.0
GetPercentOutput ===>> 100.0
GetSetpoint ===>> 1600.0
GetProcessValue ===>> 1227.0
response t=30.0479590893, out=100.0, setpoint=1600.0, response=1227.0
GetPercentOutput ===>> 94.7
GetSetpoint ===>> 1600.0
GetProcessValue ===>> 1336.0
response t=32.04819417, out=94.7, setpoint=1600.0, response=1336.0
GetPercentOutput ===>> 39.0
GetSetpoint ===>> 1600.0
GetProcessValue ===>> 1433.0
response t=34.0502450466, out=39.0, setpoint=1600.0, response=1433.0
GetPercentOutput ===>> 45.6
GetSetpoint ===>> 1600.0
GetProcessValue ===>> 1488.0
response t=36.0504779816, out=45.6, setpoint=1600.0, response=1488.0
GetPercentOutput ===>> 74.3
GetSetpoint ===>> 1600.0
GetProcessValue ===>> 1515.0
response t=38.0517380238, out=74.3, setpoint=1600.0, response=1515.0
GetPercentOutput ===>> 47.9
GetSetpoint ===>> 1600.0
GetProcessValue ===>> 1545.0
response t=40.051169157, out=47.9, setpoint=1600.0, response=1545.0
GetPercentOutput ===>> 52.0
GetSetpoint ===>> 1600.0
GetProcessValue ===>> 1565.0
response t=42.0536811352, out=52.0, setpoint=1600.0, response=1565.0
GetPercentOutput ===>> 66.4
GetSetpoint ===>> 1600.0
GetProcessValue ===>> 1571.0
response t=44.0561890602, out=66.4, setpoint=1600.0, response=1571.0
GetPercentOutput ===>> 46.6
GetSetpoint ===>> 1600.0
GetProcessValue ===>> 1585.0
response t=46.0564689636, out=46.6, setpoint=1600.0, response=1585.0
GetPercentOutput ===>> 54.0
GetSetpoint ===>> 1600.0
GetProcessValue ===>> 1591.0
response t=48.0562260151, out=54.0, setpoint=1600.0, response=1591.0
GetPercentOutput ===>> 59.1
GetSetpoint ===>> 1600.0
GetProcessValue ===>> 1592.0
response t=50.0577740669, out=59.1, setpoint=1600.0, response=1592.0
GetPercentOutput ===>> 48.0
GetSetpoint ===>> 1600.0
GetProcessValue ===>> 1598.0
response t=52.0570201874, out=48.0, setpoint=1600.0, response=1598.0
GetPercentOutput ===>> 51.7
GetSetpoint ===>> 1600.0
GetProcessValue ===>> 1600.0
response t=54.056125164, out=51.7, setpoint=1600.0, response=1600.0
GetPercentOutput ===>> 53.3
GetSetpoint ===>> 1600.0
GetProcessValue ===>> 1601.0
response t=56.0552110672, out=53.3, setpoint=1600.0, response=1601.0
GetPercentOutput ===>> 48.0
GetSetpoint ===>> 1600.0
GetProcessValue ===>> 1603.0
response t=58.063876152, out=48.0, setpoint=1600.0, response=1603.0
GetPercentOutput ===>> 50.1
GetSetpoint ===>> 1600.0
GetProcessValue ===>> 1604.0
response t=60.0662441254, out=50.1, setpoint=1600.0, response=1604.0
GetPercentOutput ===>> 50.1
GetSetpoint ===>> 1600.0
GetProcessValue ===>> 1604.0
response t=62.066327095, out=50.1, setpoint=1600.0, response=1604.0
GetPercentOutput ===>> 48.8
GetSetpoint ===>> 1600.0
GetProcessValue ===>> 1604.0
response t=64.066188097, out=48.8, setpoint=1600.0, response=1604.0
GetPercentOutput ===>> 48.6
GetSetpoint ===>> 1600.0
GetProcessValue ===>> 1604.0
response t=66.0654850006, out=48.6, setpoint=1600.0, response=1604.0
GetPercentOutput ===>> 48.0
GetSetpoint ===>> 1600.0
GetProcessValue ===>> 1604.0
response t=68.0747280121, out=48.0, setpoint=1600.0, response=1604.0
GetPercentOutput ===>> 48.1
GetSetpoint ===>> 1600.0
GetProcessValue ===>> 1604.0
response t=70.0740561485, out=48.1, setpoint=1600.0, response=1604.0
GetPercentOutput ===>> 47.4
GetSetpoint ===>> 1600.0
GetProcessValue ===>> 1604.0
response t=72.0774760246, out=47.4, setpoint=1600.0, response=1604.0
GetPercentOutput ===>> 47.3
GetSetpoint ===>> 1600.0
GetProcessValue ===>> 1604.0
response t=74.0765731335, out=47.3, setpoint=1600.0, response=1604.0
GetPercentOutput ===>> 47.3
GetSetpoint ===>> 1600.0
GetProcessValue ===>> 1603.0
response t=76.0792841911, out=47.3, setpoint=1600.0, response=1603.0
GetPercentOutput ===>> 46.8
GetSetpoint ===>> 1600.0
GetProcessValue ===>> 1603.0
response t=78.0786449909, out=46.8, setpoint=1600.0, response=1603.0
GetPercentOutput ===>> 46.6
GetSetpoint ===>> 1600.0
GetProcessValue ===>> 1603.0
response t=80.0785410404, out=46.6, setpoint=1600.0, response=1603.0
GetPercentOutput ===>> 46.8
GetSetpoint ===>> 1600.0
GetProcessValue ===>> 1603.0
response t=82.0838391781, out=46.8, setpoint=1600.0, response=1603.0
GetPercentOutput ===>> 46.5
GetSetpoint ===>> 1600.0
GetProcessValue ===>> 1602.0
response t=84.0844941139, out=46.5, setpoint=1600.0, response=1602.0
GetPercentOutput ===>> 46.6
GetSetpoint ===>> 1600.0
GetProcessValue ===>> 1602.0
response t=86.0835800171, out=46.6, setpoint=1600.0, response=1602.0
GetPercentOutput ===>> 46.6
GetSetpoint ===>> 1600.0
GetProcessValue ===>> 1602.0
response t=88.0894930363, out=46.6, setpoint=1600.0, response=1602.0
GetPercentOutput ===>> 46.8
GetSetpoint ===>> 1600.0
GetProcessValue ===>> 1602.0
response t=90.0897910595, out=46.8, setpoint=1600.0, response=1602.0
GetPercentOutput ===>> 46.4
GetSetpoint ===>> 1600.0
GetProcessValue ===>> 1602.0
response t=92.0888881683, out=46.4, setpoint=1600.0, response=1602.0
GetPercentOutput ===>> 46.3
GetSetpoint ===>> 1600.0
GetProcessValue ===>> 1601.0
response t=94.0894231796, out=46.3, setpoint=1600.0, response=1601.0
GetPercentOutput ===>> 46.3
GetSetpoint ===>> 1600.0
GetProcessValue ===>> 1601.0
response t=96.0885939598, out=46.3, setpoint=1600.0, response=1601.0
GetPercentOutput ===>> 46.3
GetSetpoint ===>> 1600.0
GetProcessValue ===>> 1601.0
response t=98.0885810852, out=46.3, setpoint=1600.0, response=1601.0
GetPercentOutput ===>> 46.2
GetSetpoint ===>> 1600.0
GetProcessValue ===>> 1601.0
response t=100.091042995, out=46.2, setpoint=1600.0, response=1601.0
GetPercentOutput ===>> 46.3
GetSetpoint ===>> 1600.0
GetProcessValue ===>> 1601.0
response t=102.090187073, out=46.3, setpoint=1600.0, response=1601.0
GetPercentOutput ===>> 46.2
GetSetpoint ===>> 1600.0
GetProcessValue ===>> 1601.0
response t=104.089306116, out=46.2, setpoint=1600.0, response=1601.0
GetPercentOutput ===>> 46.1
GetSetpoint ===>> 1600.0
GetProcessValue ===>> 1601.0
response t=106.088366985, out=46.1, setpoint=1600.0, response=1601.0
GetPercentOutput ===>> 46.3
GetSetpoint ===>> 1600.0
GetProcessValue ===>> 1600.0
response t=108.088654995, out=46.3, setpoint=1600.0, response=1600.0
GetPercentOutput ===>> 46.1
GetSetpoint ===>> 1600.0
GetProcessValue ===>> 1600.0
response t=110.089375019, out=46.1, setpoint=1600.0, response=1600.0
GetPercentOutput ===>> 46.0
GetSetpoint ===>> 1600.0
GetProcessValue ===>> 1600.0
response t=112.091346025, out=46.0, setpoint=1600.0, response=1600.0
GetPercentOutput ===>> 46.2
GetSetpoint ===>> 1600.0
GetProcessValue ===>> 1600.0
response t=114.094104052, out=46.2, setpoint=1600.0, response=1600.0
GetPercentOutput ===>> 45.7
GetSetpoint ===>> 1600.0
GetProcessValue ===>> 1601.0
response t=116.095611095, out=45.7, setpoint=1600.0, response=1601.0
GetPercentOutput ===>> 46.2
GetSetpoint ===>> 1600.0
GetProcessValue ===>> 1600.0
response t=118.097164154, out=46.2, setpoint=1600.0, response=1600.0
GetPercentOutput ===>> 45.0
GetSetpoint ===>> 1600.0
GetProcessValue ===>> 1600.0
response t=120.09636116, out=45.0, setpoint=1600.0, response=1600.0
GetPercentOutput ===>> 45.0
GetSetpoint ===>> 1600.0
GetProcessValue ===>> 1600.0
response t=122.096788168, out=45.0, setpoint=1600.0, response=1600.0
GetPercentOutput ===>> 46.2
GetSetpoint ===>> 1600.0
GetProcessValue ===>> 1600.0
response t=124.097100973, out=46.2, setpoint=1600.0, response=1600.0
GetPercentOutput ===>> 46.1
GetSetpoint ===>> 1600.0
GetProcessValue ===>> 1600.0
response t=126.096837997, out=46.1, setpoint=1600.0, response=1600.0
GetPercentOutput ===>> 46.1
GetSetpoint ===>> 1600.0
GetProcessValue ===>> 1600.0
response t=128.09910512, out=46.1, setpoint=1600.0, response=1600.0
GetPercentOutput ===>> 45.0
GetSetpoint ===>> 1600.0
GetProcessValue ===>> 1600.0
response t=130.099871159, out=45.0, setpoint=1600.0, response=1600.0
GetPercentOutput ===>> 46.1
GetSetpoint ===>> 1600.0
GetProcessValue ===>> 1600.0
response t=132.103155136, out=46.1, setpoint=1600.0, response=1600.0
GetPercentOutput ===>> 46.0
GetSetpoint ===>> 1600.0
GetProcessValue ===>> 1600.0
response t=134.107053041, out=46.0, setpoint=1600.0, response=1600.0
GetPercentOutput ===>> 46.1
GetSetpoint ===>> 1600.0
GetProcessValue ===>> 1600.0
response t=136.110747099, out=46.1, setpoint=1600.0, response=1600.0
GetPercentOutput ===>> 46.3
GetSetpoint ===>> 1600.0
GetProcessValue ===>> 1600.0
response t=138.113531113, out=46.3, setpoint=1600.0, response=1600.0
GetPercentOutput ===>> 45.7
GetSetpoint ===>> 1600.0
GetProcessValue ===>> 1600.0
response t=140.117004156, out=45.7, setpoint=1600.0, response=1600.0
GetPercentOutput ===>> 46.2
GetSetpoint ===>> 1600.0
GetProcessValue ===>> 1600.0
response t=142.116789103, out=46.2, setpoint=1600.0, response=1600.0
GetPercentOutput ===>> 45.7
GetSetpoint ===>> 1600.0
GetProcessValue ===>> 1600.0
response t=144.116564035, out=45.7, setpoint=1600.0, response=1600.0
GetPercentOutput ===>> 46.0
GetSetpoint ===>> 1600.0
GetProcessValue ===>> 1600.0
response t=146.118537188, out=46.0, setpoint=1600.0, response=1600.0
GetPercentOutput ===>> 46.3
GetSetpoint ===>> 1600.0
GetProcessValue ===>> 1600.0
response t=148.121479988, out=46.3, setpoint=1600.0, response=1600.0
GetPercentOutput ===>> 45.0
GetSetpoint ===>> 1600.0
GetProcessValue ===>> 1600.0
response t=150.125394106, out=45.0, setpoint=1600.0, response=1600.0
GetPercentOutput ===>> 46.2
GetSetpoint ===>> 1600.0
GetProcessValue ===>> 1600.0
response t=152.128338099, out=46.2, setpoint=1600.0, response=1600.0
GetPercentOutput ===>> 45.0
GetSetpoint ===>> 1600.0
GetProcessValue ===>> 1600.0
response t=154.131070137, out=45.0, setpoint=1600.0, response=1600.0
GetPercentOutput ===>> 45.0
GetSetpoint ===>> 1600.0
GetProcessValue ===>> 1600.0
response t=156.132969141, out=45.0, setpoint=1600.0, response=1600.0
GetPercentOutput ===>> 45.7
GetSetpoint ===>> 1600.0
GetProcessValue ===>> 1600.0
response t=158.136068106, out=45.7, setpoint=1600.0, response=1600.0
GetPercentOutput ===>> 46.5
GetSetpoint ===>> 1600.0
GetProcessValue ===>> 1600.0
response t=160.139369965, out=46.5, setpoint=1600.0, response=1600.0
GetPercentOutput ===>> 45.7
GetSetpoint ===>> 1600.0
GetProcessValue ===>> 1600.0
response t=162.138894081, out=45.7, setpoint=1600.0, response=1600.0
GetPercentOutput ===>> 45.7
GetSetpoint ===>> 1600.0
GetProcessValue ===>> 1600.0
response t=164.141267061, out=45.7, setpoint=1600.0, response=1600.0
GetPercentOutput ===>> 46.2
GetSetpoint ===>> 1600.0
GetProcessValue ===>> 1600.0
response t=166.145281076, out=46.2, setpoint=1600.0, response=1600.0
GetPercentOutput ===>> 46.1
GetSetpoint ===>> 1600.0
GetProcessValue ===>> 1600.0
response t=168.147186041, out=46.1, setpoint=1600.0, response=1600.0
GetPercentOutput ===>> 45.5
GetSetpoint ===>> 1600.0
GetProcessValue ===>> 1600.0
response t=170.146959066, out=45.5, setpoint=1600.0, response=1600.0
GetPercentOutput ===>> 46.0
GetSetpoint ===>> 1600.0
GetProcessValue ===>> 1600.0
response t=172.146999121, out=46.0, setpoint=1600.0, response=1600.0
GetPercentOutput ===>> 45.7
GetSetpoint ===>> 1600.0
GetProcessValue ===>> 1600.0
response t=174.147706985, out=45.7, setpoint=1600.0, response=1600.0
GetPercentOutput ===>> 45.7
GetSetpoint ===>> 1600.0
GetProcessValue ===>> 1600.0
response t=176.151735067, out=45.7, setpoint=1600.0, response=1600.0
GetPercentOutput ===>> 45.0
GetSetpoint ===>> 1600.0
GetProcessValue ===>> 1600.0
response t=178.155734062, out=45.0, setpoint=1600.0, response=1600.0
GetPercentOutput ===>> 46.0
GetSetpoint ===>> 1600.0
GetProcessValue ===>> 1600.0
response t=180.159757137, out=46.0, setpoint=1600.0, response=1600.0
GetPercentOutput ===>> 45.0
GetSetpoint ===>> 1600.0
GetProcessValue ===>> 1600.0
response t=182.163764, out=45.0, setpoint=1600.0, response=1600.0
GetPercentOutput ===>> 45.7
GetSetpoint ===>> 1600.0
GetProcessValue ===>> 1600.0
response t=184.16704607, out=45.7, setpoint=1600.0, response=1600.0
GetPercentOutput ===>> 46.0
GetSetpoint ===>> 1600.0
GetProcessValue ===>> 1600.0
response t=186.167059183, out=46.0, setpoint=1600.0, response=1600.0
GetPercentOutput ===>> 45.0
GetSetpoint ===>> 1600.0
GetProcessValue ===>> 1600.0
response t=188.168366194, out=45.0, setpoint=1600.0, response=1600.0
GetPercentOutput ===>> 45.0
GetSetpoint ===>> 1600.0
GetProcessValue ===>> 1600.0
response t=190.172362089, out=45.0, setpoint=1600.0, response=1600.0
GetPercentOutput ===>> 45.0
GetSetpoint ===>> 1600.0
GetProcessValue ===>> 1600.0
response t=192.175714016, out=45.0, setpoint=1600.0, response=1600.0
GetPercentOutput ===>> 45.6
GetSetpoint ===>> 1600.0
GetProcessValue ===>> 1600.0
response t=194.177469015, out=45.6, setpoint=1600.0, response=1600.0
GetPercentOutput ===>> 45.0
GetSetpoint ===>> 1600.0
GetProcessValue ===>> 1600.0
response t=196.178536177, out=45.0, setpoint=1600.0, response=1600.0
GetPercentOutput ===>> 45.0
GetSetpoint ===>> 1600.0
GetProcessValue ===>> 1600.0
response t=198.181852102, out=45.0, setpoint=1600.0, response=1600.0
GetPercentOutput ===>> 45.5
GetSetpoint ===>> 1600.0
GetProcessValue ===>> 1600.0
response t=200.181964159, out=45.5, setpoint=1600.0, response=1600.0
GetPercentOutput ===>> 46.0
GetSetpoint ===>> 1600.0
GetProcessValue ===>> 1600.0
response t=202.18591404, out=46.0, setpoint=1600.0, response=1600.0
GetPercentOutput ===>> 45.0
GetSetpoint ===>> 1600.0
GetProcessValue ===>> 1600.0
response t=204.187911034, out=45.0, setpoint=1600.0, response=1600.0
GetPercentOutput ===>> 45.0
GetSetpoint ===>> 1600.0
GetProcessValue ===>> 1600.0
response t=206.187525988, out=45.0, setpoint=1600.0, response=1600.0
GetPercentOutput ===>> 46.3
GetSetpoint ===>> 1600.0
GetProcessValue ===>> 1600.0
response t=208.190924168, out=46.3, setpoint=1600.0, response=1600.0
GetPercentOutput ===>> 45.0
GetSetpoint ===>> 1600.0
GetProcessValue ===>> 1600.0
response t=210.194046021, out=45.0, setpoint=1600.0, response=1600.0
GetPercentOutput ===>> 45.0
GetSetpoint ===>> 1600.0
GetProcessValue ===>> 1600.0
response t=212.197014093, out=45.0, setpoint=1600.0, response=1600.0
GetPercentOutput ===>> 46.3
GetSetpoint ===>> 1600.0
GetProcessValue ===>> 1600.0
response t=214.198163033, out=46.3, setpoint=1600.0, response=1600.0
GetPercentOutput ===>> 45.7
GetSetpoint ===>> 1600.0
GetProcessValue ===>> 1600.0
response t=216.197728157, out=45.7, setpoint=1600.0, response=1600.0
GetPercentOutput ===>> 46.0
GetSetpoint ===>> 1600.0
GetProcessValue ===>> 1600.0
response t=218.201208115, out=46.0, setpoint=1600.0, response=1600.0
GetPercentOutput ===>> 46.0
GetSetpoint ===>> 1600.0
GetProcessValue ===>> 1600.0
response t=220.204266071, out=46.0, setpoint=1600.0, response=1600.0
GetPercentOutput ===>> 45.7
GetSetpoint ===>> 1600.0
GetProcessValue ===>> 1600.0
response t=222.207535982, out=45.7, setpoint=1600.0, response=1600.0
GetPercentOutput ===>> 46.2
GetSetpoint ===>> 1600.0
GetProcessValue ===>> 1600.0
response t=224.210438013, out=46.2, setpoint=1600.0, response=1600.0
GetPercentOutput ===>> 45.6
GetSetpoint ===>> 1600.0
set states for children of O. state=True
handle state [('O', True)]
update switch state O True args=() kw={'refresh': False} ncanvase=5
refresh_canvas_needed fired
GetProcessValue ===>> 1600.0
response t=226.21013999, out=45.6, setpoint=1600.0, response=1600.0
GetPercentOutput ===>> 46.0
GetSetpoint ===>> 1600.0
GetProcessValue ===>> 1600.0
response t=228.212342024, out=46.0, setpoint=1600.0, response=1600.0
GetPercentOutput ===>> 46.0
GetSetpoint ===>> 1600.0
GetProcessValue ===>> 1600.0
response t=230.214425087, out=46.0, setpoint=1600.0, response=1600.0
GetPercentOutput ===>> 45.6
GetSetpoint ===>> 1600.0
GetProcessValue ===>> 1600.0
response t=232.214460135, out=45.6, setpoint=1600.0, response=1600.0
GetPercentOutput ===>> 45.0
GetSetpoint ===>> 1600.0
GetProcessValue ===>> 1600.0
response t=234.218446016, out=45.0, setpoint=1600.0, response=1600.0
GetPercentOutput ===>> 46.0
GetSetpoint ===>> 1600.0
GetProcessValue ===>> 1600.0
response t=236.218170166, out=46.0, setpoint=1600.0, response=1600.0
GetPercentOutput ===>> 46.0
GetSetpoint ===>> 1600.0
GetProcessValue ===>> 1600.0
response t=238.221384048, out=46.0, setpoint=1600.0, response=1600.0
GetPercentOutput ===>> 45.0
GetSetpoint ===>> 1600.0
GetProcessValue ===>> 1600.0
response t=240.224467039, out=45.0, setpoint=1600.0, response=1600.0
GetPercentOutput ===>> 46.2
GetSetpoint ===>> 1600.0
GetProcessValue ===>> 1600.0
response t=242.226596117, out=46.2, setpoint=1600.0, response=1600.0
GetPercentOutput ===>> 45.0
GetSetpoint ===>> 1600.0
GetProcessValue ===>> 1600.0
response t=244.228630066, out=45.0, setpoint=1600.0, response=1600.0
GetPercentOutput ===>> 45.7
GetSetpoint ===>> 1600.0
GetProcessValue ===>> 1600.0
response t=246.232321024, out=45.7, setpoint=1600.0, response=1600.0
GetPercentOutput ===>> 46.3
GetSetpoint ===>> 1600.0
GetProcessValue ===>> 1600.0
response t=248.231498003, out=46.3, setpoint=1600.0, response=1600.0
GetPercentOutput ===>> 46.0
GetSetpoint ===>> 1600.0
GetProcessValue ===>> 1600.0
response t=250.232357025, out=46.0, setpoint=1600.0, response=1600.0
GetPercentOutput ===>> 46.0
GetSetpoint ===>> 1600.0
GetProcessValue ===>> 1600.0
response t=252.232282162, out=46.0, setpoint=1600.0, response=1600.0
GetPercentOutput ===>> 45.0
GetSetpoint ===>> 1600.0
GetProcessValue ===>> 1600.0
response t=254.231404066, out=45.0, setpoint=1600.0, response=1600.0
GetPercentOutput ===>> 45.0
GetSetpoint ===>> 1600.0
GetProcessValue ===>> 1600.0
response t=256.232210159, out=45.0, setpoint=1600.0, response=1600.0
GetPercentOutput ===>> 46.0
GetSetpoint ===>> 1600.0
GetProcessValue ===>> 1600.0
response t=258.232460022, out=46.0, setpoint=1600.0, response=1600.0
GetPercentOutput ===>> 45.4
GetSetpoint ===>> 1600.0
GetProcessValue ===>> 1600.0
response t=260.236099005, out=45.4, setpoint=1600.0, response=1600.0
GetPercentOutput ===>> 46.0
GetSetpoint ===>> 1600.0
GetProcessValue ===>> 1600.0
response t=262.238089085, out=46.0, setpoint=1600.0, response=1600.0
GetPercentOutput ===>> 45.7
GetSetpoint ===>> 1600.0
GetProcessValue ===>> 1600.0
response t=264.237322092, out=45.7, setpoint=1600.0, response=1600.0
GetPercentOutput ===>> 46.0
GetSetpoint ===>> 1600.0
GetProcessValue ===>> 1600.0
response t=266.241333008, out=46.0, setpoint=1600.0, response=1600.0
GetPercentOutput ===>> 45.0
GetSetpoint ===>> 1600.0
GetProcessValue ===>> 1600.0
response t=268.245289087, out=45.0, setpoint=1600.0, response=1600.0
GetPercentOutput ===>> 45.0
GetSetpoint ===>> 1600.0
GetProcessValue ===>> 1600.0
response t=270.249068975, out=45.0, setpoint=1600.0, response=1600.0
GetPercentOutput ===>> 45.7
GetSetpoint ===>> 1600.0
GetProcessValue ===>> 1600.0
response t=272.248273134, out=45.7, setpoint=1600.0, response=1600.0
GetPercentOutput ===>> 46.1
GetSetpoint ===>> 1600.0
GetProcessValue ===>> 1600.0
response t=274.252281189, out=46.1, setpoint=1600.0, response=1600.0
GetPercentOutput ===>> 45.5
GetSetpoint ===>> 1600.0
GetProcessValue ===>> 1600.0
response t=276.255115986, out=45.5, setpoint=1600.0, response=1600.0
GetPercentOutput ===>> 45.7
GetSetpoint ===>> 1600.0
GetProcessValue ===>> 1600.0
response t=278.255519152, out=45.7, setpoint=1600.0, response=1600.0
GetPercentOutput ===>> 46.0
GetSetpoint ===>> 1600.0
GetProcessValue ===>> 1600.0
response t=280.259509087, out=46.0, setpoint=1600.0, response=1600.0
GetPercentOutput ===>> 45.0
GetSetpoint ===>> 1600.0
GetProcessValue ===>> 1600.0
response t=282.260063171, out=45.0, setpoint=1600.0, response=1600.0
GetPercentOutput ===>> 46.0
GetSetpoint ===>> 1600.0
GetProcessValue ===>> 1600.0
response t=284.263823986, out=46.0, setpoint=1600.0, response=1600.0
GetPercentOutput ===>> 45.7
GetSetpoint ===>> 1600.0
GetProcessValue ===>> 1600.0
response t=286.266880035, out=45.7, setpoint=1600.0, response=1600.0
GetPercentOutput ===>> 46.0
GetSetpoint ===>> 1600.0
GetProcessValue ===>> 1600.0
response t=288.266685963, out=46.0, setpoint=1600.0, response=1600.0
GetPercentOutput ===>> 46.3
GetSetpoint ===>> 1600.0
GetProcessValue ===>> 1600.0
response t=290.266419172, out=46.3, setpoint=1600.0, response=1600.0
GetPercentOutput ===>> 45.2
GetSetpoint ===>> 1600.0
GetProcessValue ===>> 1600.0
response t=292.265973091, out=45.2, setpoint=1600.0, response=1600.0
GetPercentOutput ===>> 46.1
GetSetpoint ===>> 1600.0
GetProcessValue ===>> 1600.0
response t=294.265958071, out=46.1, setpoint=1600.0, response=1600.0
GetPercentOutput ===>> 46.1
GetSetpoint ===>> 1600.0
GetProcessValue ===>> 1600.0
response t=296.265944004, out=46.1, setpoint=1600.0, response=1600.0
GetPercentOutput ===>> 45.3
GetSetpoint ===>> 1600.0
GetProcessValue ===>> 1600.0
response t=298.266930103, out=45.3, setpoint=1600.0, response=1600.0
GetPercentOutput ===>> 45.0
GetSetpoint ===>> 1600.0
GetProcessValue ===>> 1600.0
response t=300.268932104, out=45.0, setpoint=1600.0, response=1600.0
GetPercentOutput ===>> 45.0
GetSetpoint ===>> 1600.0
GetProcessValue ===>> 1600.0
response t=302.270958185, out=45.0, setpoint=1600.0, response=1600.0
GetPercentOutput ===>> 45.0
GetSetpoint ===>> 1600.0
GetProcessValue ===>> 1600.0
response t=304.27297616, out=45.0, setpoint=1600.0, response=1600.0
GetPercentOutput ===>> 45.7
GetSetpoint ===>> 1600.0
GetProcessValue ===>> 1600.0
response t=306.272901058, out=45.7, setpoint=1600.0, response=1600.0
GetPercentOutput ===>> 46.4
GetSetpoint ===>> 1600.0
GetProcessValue ===>> 1600.0
response t=308.275298119, out=46.4, setpoint=1600.0, response=1600.0
GetPercentOutput ===>> 45.5
GetSetpoint ===>> 1600.0
GetProcessValue ===>> 1600.0
response t=310.279071093, out=45.5, setpoint=1600.0, response=1600.0
GetPercentOutput ===>> 46.0
GetSetpoint ===>> 1600.0
GetProcessValue ===>> 1600.0
response t=312.282997131, out=46.0, setpoint=1600.0, response=1600.0
GetPercentOutput ===>> 45.0
GetSetpoint ===>> 1600.0
GetProcessValue ===>> 1600.0
response t=314.28295517, out=45.0, setpoint=1600.0, response=1600.0
GetPercentOutput ===>> 46.4
GetSetpoint ===>> 1600.0
GetProcessValue ===>> 1600.0
response t=316.286743164, out=46.4, setpoint=1600.0, response=1600.0
GetPercentOutput ===>> 45.0
GetSetpoint ===>> 1600.0
GetProcessValue ===>> 1600.0
response t=318.286864996, out=45.0, setpoint=1600.0, response=1600.0
GetPercentOutput ===>> 45.6
GetSetpoint ===>> 1600.0
GetProcessValue ===>> 1600.0
response t=320.288689137, out=45.6, setpoint=1600.0, response=1600.0
GetPercentOutput ===>> 45.0
GetSetpoint ===>> 1600.0
GetProcessValue ===>> 1600.0
response t=322.290912151, out=45.0, setpoint=1600.0, response=1600.0
GetPercentOutput ===>> 46.1
GetSetpoint ===>> 1600.0
GetProcessValue ===>> 1600.0
response t=324.291891098, out=46.1, setpoint=1600.0, response=1600.0
set states for children of U. state=False
handle state [('U', False)]
update switch state U False args=() kw={'refresh': False} ncanvase=5
refresh_canvas_needed fired
GetPercentOutput ===>> 45.0
GetSetpoint ===>> 1600.0
GetProcessValue ===>> 1600.0
response t=326.295382977, out=45.0, setpoint=1600.0, response=1600.0
GetPercentOutput ===>> 45.0
GetSetpoint ===>> 1600.0
GetProcessValue ===>> 1600.0
response t=328.297455072, out=45.0, setpoint=1600.0, response=1600.0
GetPercentOutput ===>> 46.1
GetSetpoint ===>> 1600.0
GetProcessValue ===>> 1600.0
response t=330.299481153, out=46.1, setpoint=1600.0, response=1600.0
GetPercentOutput ===>> 45.5
GetSetpoint ===>> 1600.0
GetProcessValue ===>> 1600.0
response t=332.30153513, out=45.5, setpoint=1600.0, response=1600.0
GetPercentOutput ===>> 45.0
GetSetpoint ===>> 1600.0
GetProcessValue ===>> 1600.0
response t=334.303492069, out=45.0, setpoint=1600.0, response=1600.0
GetPercentOutput ===>> 46.2
GetSetpoint ===>> 1600.0
GetProcessValue ===>> 1600.0
response t=336.305572987, out=46.2, setpoint=1600.0, response=1600.0
GetPercentOutput ===>> 45.6
GetSetpoint ===>> 1600.0
GetProcessValue ===>> 1600.0
response t=338.306226015, out=45.6, setpoint=1600.0, response=1600.0
GetPercentOutput ===>> 46.1
GetSetpoint ===>> 1600.0
GetProcessValue ===>> 1600.0
response t=340.309617996, out=46.1, setpoint=1600.0, response=1600.0
GetPercentOutput ===>> 45.7
GetSetpoint ===>> 1600.0
GetProcessValue ===>> 1600.0
response t=342.311645985, out=45.7, setpoint=1600.0, response=1600.0
GetPercentOutput ===>> 46.0
GetSetpoint ===>> 1600.0
GetProcessValue ===>> 1600.0
response t=344.313685179, out=46.0, setpoint=1600.0, response=1600.0
GetPercentOutput ===>> 45.0
GetSetpoint ===>> 1600.0
GetProcessValue ===>> 1600.0
response t=346.313812017, out=45.0, setpoint=1600.0, response=1600.0
GetPercentOutput ===>> 45.5
GetSetpoint ===>> 1600.0
GetProcessValue ===>> 1600.0
response t=348.313354969, out=45.5, setpoint=1600.0, response=1600.0
GetPercentOutput ===>> 46.4
GetSetpoint ===>> 1600.0
GetProcessValue ===>> 1600.0
response t=350.317368031, out=46.4, setpoint=1600.0, response=1600.0
GetPercentOutput ===>> 45.6
GetSetpoint ===>> 1600.0
GetProcessValue ===>> 1600.0
response t=352.31746316, out=45.6, setpoint=1600.0, response=1600.0
GetPercentOutput ===>> 45.0
GetSetpoint ===>> 1600.0
GetProcessValue ===>> 1600.0
response t=354.319813013, out=45.0, setpoint=1600.0, response=1600.0
GetPercentOutput ===>> 46.1
GetSetpoint ===>> 1600.0
GetProcessValue ===>> 1600.0
response t=356.319158077, out=46.1, setpoint=1600.0, response=1600.0
GetPercentOutput ===>> 45.0
GetSetpoint ===>> 1600.0
GetProcessValue ===>> 1600.0
response t=358.321537971, out=45.0, setpoint=1600.0, response=1600.0
GetPercentOutput ===>> 45.0
GetSetpoint ===>> 1600.0
GetProcessValue ===>> 1600.0
response t=360.325040102, out=45.0, setpoint=1600.0, response=1600.0
GetPercentOutput ===>> 46.0
GetSetpoint ===>> 1600.0
GetProcessValue ===>> 1600.0
response t=362.32732296, out=46.0, setpoint=1600.0, response=1600.0
GetPercentOutput ===>> 45.7
GetSetpoint ===>> 1600.0
GetProcessValue ===>> 1600.0
response t=364.330322027, out=45.7, setpoint=1600.0, response=1600.0
Join finished
block finished. duration 360.841438055
Interval 1 finished
disable () {}
%%%%%%%%%%%%%%%%%%%%%%%%%%%%%%%%%%% disable
set extraction state False (0.75, 'red', 1.5)
disable
set setpoint=0.0
setting pid parameters for 0.0
{"pid": "HO,10;XP,10;TI,48;TD,8", "command": "SetPID"} ===>> OK
{"setpoint": 0.0, "command": "SetSetpoint"} ===>> OK
Furnace disabled.
sleep (60,) {}
SLEEP 60.0
block started
WaitControl setup for 60.0  
GetPercentOutput ===>> 0.0
GetSetpoint ===>> 0.0
GetProcessValue ===>> 1598.0
response t=366.330609083, out=0, setpoint=0, response=1598.0
GetPercentOutput ===>> 0.0
GetSetpoint ===>> 0.0
GetProcessValue ===>> 1578.0
response t=368.329814196, out=0, setpoint=0, response=1578.0
GetPercentOutput ===>> 0.0
GetSetpoint ===>> 0.0
GetProcessValue ===>> 1546.0
response t=370.330392122, out=0, setpoint=0, response=1546.0
GetPercentOutput ===>> 0.0
GetSetpoint ===>> 0.0
GetProcessValue ===>> 1512.0
response t=372.329946995, out=0, setpoint=0, response=1512.0
GetPercentOutput ===>> 0.0
GetSetpoint ===>> 0.0
GetProcessValue ===>> 1479.0
response t=374.329082012, out=0, setpoint=0, response=1479.0
GetPercentOutput ===>> 0.0
GetSetpoint ===>> 0.0
GetProcessValue ===>> 1445.0
response t=376.329614162, out=0, setpoint=0, response=1445.0
GetPercentOutput ===>> 0.0
GetSetpoint ===>> 0.0
GetProcessValue ===>> 1415.0
response t=378.330438137, out=0, setpoint=0, response=1415.0
GetPercentOutput ===>> 0.0
GetSetpoint ===>> 0.0
GetProcessValue ===>> 1386.0
response t=380.329588175, out=0, setpoint=0, response=1386.0
GetPercentOutput ===>> 0.0
GetSetpoint ===>> 0.0
GetProcessValue ===>> 1358.0
response t=382.330164194, out=0, setpoint=0, response=1358.0
GetPercentOutput ===>> 0.0
GetSetpoint ===>> 0.0
GetProcessValue ===>> 1332.0
response t=384.330361128, out=0, setpoint=0, response=1332.0
GetPercentOutput ===>> 0.0
GetSetpoint ===>> 0.0
GetProcessValue ===>> 1306.0
response t=386.329540014, out=0, setpoint=0, response=1306.0
GetPercentOutput ===>> 0.0
GetSetpoint ===>> 0.0
GetProcessValue ===>> 1283.0
response t=388.329941034, out=0, setpoint=0, response=1283.0
GetPercentOutput ===>> 0.0
GetSetpoint ===>> 0.0
GetProcessValue ===>> 1261.0
response t=390.332012177, out=0, setpoint=0, response=1261.0
GetPercentOutput ===>> 0.0
GetSetpoint ===>> 0.0
GetProcessValue ===>> 1241.0
response t=392.336022139, out=0, setpoint=0, response=1241.0
GetPercentOutput ===>> 0.0
GetSetpoint ===>> 0.0
GetProcessValue ===>> 1223.0
response t=394.340010166, out=0, setpoint=0, response=1223.0
GetPercentOutput ===>> 0.0
GetSetpoint ===>> 0.0
GetProcessValue ===>> 1203.0
response t=396.339640141, out=0, setpoint=0, response=1203.0
GetPercentOutput ===>> 0.0
GetSetpoint ===>> 0.0
GetProcessValue ===>> 1186.0
response t=398.343680143, out=0, setpoint=0, response=1186.0
GetPercentOutput ===>> 0.0
GetSetpoint ===>> 0.0
GetProcessValue ===>> 1170.0
response t=400.347690105, out=0, setpoint=0, response=1170.0
set states for children of O. state=False
handle state [('O', False)]
update switch state O False args=() kw={'refresh': False} ncanvase=5
refresh_canvas_needed fired
GetPercentOutput ===>> 0.0
GetSetpoint ===>> 0.0
GetProcessValue ===>> 1155.0
response t=402.347645044, out=0, setpoint=0, response=1155.0
set states for children of R. state=True
handle state [('R', True)]
update switch state R True args=() kw={'refresh': False} ncanvase=5
refresh_canvas_needed fired
GetPercentOutput ===>> 0.0
GetSetpoint ===>> 0.0
GetProcessValue ===>> 1142.0
response t=404.349527121, out=0, setpoint=0, response=1142.0
GetPercentOutput ===>> 0.0
GetSetpoint ===>> 0.0
GetProcessValue ===>> 1130.0
response t=406.352240086, out=0, setpoint=0, response=1130.0
GetPercentOutput ===>> 0.0
GetSetpoint ===>> 0.0
GetProcessValue ===>> 1121.0
response t=408.352857113, out=0, setpoint=0, response=1121.0
GetPercentOutput ===>> 0.0
GetSetpoint ===>> 0.0
GetProcessValue ===>> 1113.0
response t=410.352434158, out=0, setpoint=0, response=1113.0
GetPercentOutput ===>> 0.0
GetSetpoint ===>> 0.0
GetProcessValue ===>> 1103.0
response t=412.352416039, out=0, setpoint=0, response=1103.0
GetPercentOutput ===>> 0.0
GetSetpoint ===>> 0.0
GetProcessValue ===>> 1091.0
response t=414.351556063, out=0, setpoint=0, response=1091.0
set states for children of R. state=False
handle state [('R', False)]
update switch state R False args=() kw={'refresh': False} ncanvase=5
refresh_canvas_needed fired
GetPercentOutput ===>> 0.0
GetSetpoint ===>> 0.0
GetProcessValue ===>> 1080.0
response t=416.35357213, out=0, setpoint=0, response=1080.0
GetPercentOutput ===>> 0.0
GetSetpoint ===>> 0.0
GetProcessValue ===>> 1070.0
response t=418.355602026, out=0, setpoint=0, response=1070.0
set states for children of U. state=True
handle state [('U', True)]
update switch state U True args=() kw={'refresh': False} ncanvase=5
refresh_canvas_needed fired
GetPercentOutput ===>> 0.0
GetSetpoint ===>> 0.0
GetProcessValue ===>> 1060.0
response t=420.35950613, out=0, setpoint=0, response=1060.0
GetPercentOutput ===>> 0.0
GetSetpoint ===>> 0.0
GetProcessValue ===>> 1051.0
response t=422.359662056, out=0, setpoint=0, response=1051.0
GetPercentOutput ===>> 0.0
GetSetpoint ===>> 0.0
GetProcessValue ===>> 1042.0
response t=424.361723185, out=0, setpoint=0, response=1042.0
Join finished
block finished. duration 60.1841790676
close ('B',) {}
close name=B desc=---
checking ownership. requestor=129.138.12.137
check software interlocks B
interlocks []
actuate state mode=None-script, software_lock=False
doing actuation None-script close_channel True
Close B ===>> OK
GetIndicatorState B ===>> False
change switch state (True, True)
update switch state B False args=() kw={} ncanvase=5
11:23:42 -- CLOSE  VALVE-B (Bone to Diode Laser)
-------------------------- close B () result=[(True, True)]
action=close, ok=True, locked=[False]
close ('E',) {}
close name=E desc=---
checking ownership. requestor=129.138.12.137
check software interlocks E
interlocks []
actuate state mode=None-script, software_lock=False
doing actuation None-script close_channel False
Close E ===>> OK
GetIndicatorState E ===>> False
change switch state (True, True)
update switch state E False args=() kw={} ncanvase=5
GetPercentOutput ===>> 0.0
GetSetpoint ===>> 0.0
11:23:43 -- CLOSE  VALVE-E (Bone to Minibone)
-------------------------- close E () result=[(True, True)]
GetProcessValue ===>> 1032.0
response t=426.37065506, out=0, setpoint=0, response=1032.0
action=close, ok=True, locked=[False]
close ('C',) {}
close name=C desc=---
checking ownership. requestor=129.138.12.137
check software interlocks C
interlocks []
actuate state mode=None-script, software_lock=False
doing actuation None-script close_channel True
Close C ===>> OK
GetIndicatorState C ===>> False
change switch state (True, True)
update switch state C False args=() kw={} ncanvase=5
11:23:43 -- CLOSE  VALVE-C (Bone to Turbo)
-------------------------- close C () result=[(True, True)]
action=close, ok=True, locked=[False]
sleep (2,) {}
SLEEP 2.0
block started
WaitControl setup for 2.0  
GetPercentOutput ===>> 0.0
GetSetpoint ===>> 0.0
GetProcessValue ===>> 1023.0
response t=428.374482155, out=0, setpoint=0, response=1023.0
Join finished
block finished. duration 2.01213502884
open ('J',) {}
open name=J desc=---
checking ownership. requestor=129.138.12.137
check software interlocks J
interlocks []
actuate state mode=None-script, software_lock=False
doing actuation None-script open_channel True
Open J ===>> OK
GetIndicatorState J ===>> OK
change switch state (True, True)
update switch state J True args=() kw={} ncanvase=5
11:23:46 -- OPEN   VALVE-J (Bone to APIS)
-------------------------- open J () result=[(True, True)]
action=open, ok=True, locked=[False]
sleep (30,) {}
SLEEP 30.0
block started
WaitControl setup for 30.0  
GetPercentOutput ===>> 0.0
GetSetpoint ===>> 0.0
GetProcessValue ===>> 1014.0
response t=430.37847805, out=0, setpoint=0, response=1014.0
GetPercentOutput ===>> 0.0
GetSetpoint ===>> 0.0
GetProcessValue ===>> 1005.0
response t=432.378231049, out=0, setpoint=0, response=1005.0
GetPercentOutput ===>> 0.0
GetSetpoint ===>> 0.0
GetProcessValue ===>> 997.0
response t=434.380135059, out=0, setpoint=0, response=997.0
GetPercentOutput ===>> 0.0
GetSetpoint ===>> 0.0
GetProcessValue ===>> 988.0
response t=436.382925034, out=0, setpoint=0, response=988.0
GetPercentOutput ===>> 0.0
GetSetpoint ===>> 0.0
GetProcessValue ===>> 980.0
response t=438.382771015, out=0, setpoint=0, response=980.0
GetPercentOutput ===>> 0.0
GetSetpoint ===>> 0.0
GetProcessValue ===>> 972.0
response t=440.383080006, out=0, setpoint=0, response=972.0
GetPercentOutput ===>> 0.0
GetSetpoint ===>> 0.0
GetProcessValue ===>> 964.0
response t=442.382277966, out=0, setpoint=0, response=964.0
GetPercentOutput ===>> 0.0
GetSetpoint ===>> 0.0
GetProcessValue ===>> 957.0
response t=444.38329196, out=0, setpoint=0, response=957.0
GetPercentOutput ===>> 0.0
GetSetpoint ===>> 0.0
GetProcessValue ===>> 949.0
response t=446.382514, out=0, setpoint=0, response=949.0
GetPercentOutput ===>> 0.0
GetSetpoint ===>> 0.0
GetProcessValue ===>> 942.0
response t=448.381860971, out=0, setpoint=0, response=942.0
GetPercentOutput ===>> 0.0
GetSetpoint ===>> 0.0
GetProcessValue ===>> 935.0
response t=450.381292105, out=0, setpoint=0, response=935.0
GetPercentOutput ===>> 0.0
GetSetpoint ===>> 0.0
GetProcessValue ===>> 928.0
response t=452.381093025, out=0, setpoint=0, response=928.0
GetPercentOutput ===>> 0.0
GetSetpoint ===>> 0.0
GetProcessValue ===>> 921.0
response t=454.380901098, out=0, setpoint=0, response=921.0
GetPercentOutput ===>> 0.0
GetSetpoint ===>> 0.0
GetProcessValue ===>> 914.0
response t=456.38263607, out=0, setpoint=0, response=914.0
GetPercentOutput ===>> 0.0
GetSetpoint ===>> 0.0
GetProcessValue ===>> 908.0
response t=458.381684065, out=0, setpoint=0, response=908.0
Join finished
block finished. duration 30.1034970284
close ('J',) {}
close name=J desc=---
checking ownership. requestor=129.138.12.137
check software interlocks J
interlocks []
actuate state mode=None-script, software_lock=False
doing actuation None-script close_channel True
Close J ===>> OK
GetIndicatorState J ===>> False
change switch state (True, True)
update switch state J False args=() kw={} ncanvase=5
11:24:16 -- CLOSE  VALVE-J (Bone to APIS)
-------------------------- close J () result=[(True, True)]
action=close, ok=True, locked=[False]
open ('FC',) {}
open name=FC desc=---
checking ownership. requestor=129.138.12.137
check software interlocks FC
interlocks []
actuate state mode=None-script, software_lock=False
doing actuation None-script open_channel True
GetPercentOutput ===>> 0.0
GetSetpoint ===>> 0.0
GetProcessValue ===>> 901.0
response t=460.381649017, out=0, setpoint=0, response=901.0
Open FC ===>> OK
GetIndicatorState FC ===>> OK
change switch state (True, True)
update switch state FC True args=() kw={} ncanvase=5
11:24:18 -- OPEN   VALVE-FC (Furnace Turbo)
-------------------------- open FC () result=[(True, True)]
action=open, ok=True, locked=[False]
sleep (30.0,) {}
SLEEP 30.0
block started
WaitControl setup for 30.0  
GetPercentOutput ===>> 0.0
GetSetpoint ===>> 0.0
GetProcessValue ===>> 895.0
response t=462.383687019, out=0, setpoint=0, response=895.0
GetPercentOutput ===>> 0.0
GetSetpoint ===>> 0.0
GetProcessValue ===>> 888.0
response t=464.38570714, out=0, setpoint=0, response=888.0
GetPercentOutput ===>> 0.0
GetSetpoint ===>> 0.0
GetProcessValue ===>> 882.0
response t=466.384782076, out=0, setpoint=0, response=882.0
GetPercentOutput ===>> 0.0
GetSetpoint ===>> 0.0
GetProcessValue ===>> 876.0
response t=468.388254166, out=0, setpoint=0, response=876.0
GetPercentOutput ===>> 0.0
GetSetpoint ===>> 0.0
GetProcessValue ===>> 870.0
response t=470.391827106, out=0, setpoint=0, response=870.0
GetPercentOutput ===>> 0.0
GetSetpoint ===>> 0.0
GetProcessValue ===>> 865.0
response t=472.393849134, out=0, setpoint=0, response=865.0
GetPercentOutput ===>> 0.0
GetSetpoint ===>> 0.0
GetProcessValue ===>> 859.0
response t=474.397413015, out=0, setpoint=0, response=859.0
GetPercentOutput ===>> 0.0
GetSetpoint ===>> 0.0
GetProcessValue ===>> 854.0
response t=476.396471024, out=0, setpoint=0, response=854.0
GetPercentOutput ===>> 0.0
GetSetpoint ===>> 0.0
GetProcessValue ===>> 849.0
response t=478.396922112, out=0, setpoint=0, response=849.0
GetPercentOutput ===>> 0.0
GetSetpoint ===>> 0.0
GetProcessValue ===>> 844.0
response t=480.397288084, out=0, setpoint=0, response=844.0
GetPercentOutput ===>> 0.0
GetSetpoint ===>> 0.0
GetProcessValue ===>> 839.0
response t=482.401316166, out=0, setpoint=0, response=839.0
GetPercentOutput ===>> 0.0
GetSetpoint ===>> 0.0
GetProcessValue ===>> 834.0
response t=484.403604031, out=0, setpoint=0, response=834.0
GetPercentOutput ===>> 0.0
GetSetpoint ===>> 0.0
GetProcessValue ===>> 830.0
response t=486.406663179, out=0, setpoint=0, response=830.0
GetPercentOutput ===>> 0.0
GetSetpoint ===>> 0.0
GetProcessValue ===>> 826.0
response t=488.410197973, out=0, setpoint=0, response=826.0
GetPercentOutput ===>> 0.0
GetSetpoint ===>> 0.0
GetProcessValue ===>> 822.0
response t=490.41009903, out=0, setpoint=0, response=822.0
Join finished
block finished. duration 30.1003830433
stop_response_recorder () {}
stop response recorder
executed snippet estimated_duration=1447.0, duration=491.754565001
felix_furnace.py completed successfully
get achieved output
Requested Output= 0.000
Achieved Output=  0.000
get response blob
get output blob
active pid =HO,10;XP,10;TI,48;TD,8
persistence save...
persistence save - db
AutomatedRunPersister post_extraction_save deprecated
persistence save - dvc
no extraction position for 
not connected to db mysql://felixexp@129.138.12.160/labspy
Enviromentals: {'lab_humiditys': [{'device': 'EnvironmentalMonitor',
                    'name': 'Lab Hum.',
                    'pub_date': '2017-08-22T11:20:24',
                    'title': 'iServer Hum.',
                    'value': 57.3}],
 'lab_pneumatics': [{'device': 'AirPressure',
                     'name': 'Pressure',
                     'pub_date': '2017-08-22T11:24:42',
                     'title': None,
                     'value': 103.575},
                    {'device': 'AirPressure2',
                     'name': 'Pressure2',
                     'pub_date': '2017-08-22T11:24:42',
                     'title': None,
                     'value': 105.13594}],
 'lab_temperatures': [{'device': 'EnvironmentalMonitor',
                       'name': 'Lab Temp.',
                       'pub_date': '2017-08-22T11:19:23',
                       'title': 'iServer Temp.',
                       'value': 72.8},
                      {'device': 'Chiller',
                       'name': 'Coolant Temp.',
                       'pub_date': '2017-08-22T11:10:19',
                       'title': None,
                       'value': 18.0}]}
Extraction Finished
11:24:51 -- ******* Extraction Finished *******
no overlap. not waiting for min ms pumptime
11:24:51 -- Sending spectrometer configuration
======== Sending configuration ========
SetZFocus 1.65 ===>> OK
SetHV 9900.0 ===>> OK
SetZSymmetry 3.35 ===>> OK
SetExtractionLens 63.57 ===>> OK
SetIonRepeller -5.15 ===>> OK
SetElectronEnergy 125.02 ===>> OK
SetYSymmetry 38.07 ===>> OK
send trap current 250.0
GetParameter Trap Current Readback ===>> 248.271195751694
SetParameter Trap Current Set,250.0 ===>> OK
updating mftable name argon
Using mftable located at /Users/obama/PychronDev/setupfiles/spectrometer/mftables/argon.csv
============ MFtable ===========
Isotope  H2     H1     AX     L1     L2     L2(CDD)
Ar40     3.7661 3.8413 3.9194 4.0008 4.1085 4.0941
Ar39     3.6917 3.7661 3.8425 3.9253 4.0278 4.0130
Ar36     3.4653 3.4178 3.6069 3.6828 3.7914 3.7660
================================
get initial guess parabolic
get initial guess parabolic
get initial guess parabolic
get initial guess parabolic
get initial guess parabolic
get initial guess parabolic
======== Configuration Finished ========
GetYSymmetry ===>> 38.07
GetZSymmetry ===>> 3.35
GetParameter Trap Current Readback ===>> 247.599890130013
GetHighVoltage ===>> 9900
start measurement
do measurement
L#=65788 analysis type=unknown
Measurement Started felix_analysis400_120_no_save_center.py
11:24:51 -- ******* Measurement Started felix_analysis400_120_no_save_center.py *******
state changed from extraction to measurement
setting trap, emission, spec, defl, and gains
GetExtractionLens ===>> 63.57
GetYSymmetry ===>> 38.07
GetZSymmetry ===>> 3.35
GetZFocus ===>> 1.65
GetDeflection H2 (CDD) ===>> 3250
GetDeflection H1 (CDD) ===>> 3250
GetDeflection AX (CDD) ===>> 3250
GetDeflection L1 (CDD) ===>> 3250
GetDeflection L2 (CDD) ===>> 0
GetGain H2 ===>> 0.9809305
GetGain H1 ===>> 0.9706
GetGain AX ===>> 0.96269
GetGain L1 ===>> 0.970094835296087
GetGain L2 ===>> 0.967359864778375
GetGain H2(CDD) ===>> 0
GetGain H1(CDD) ===>> 0
GetGain AX(CDD) ===>> 0
GetGain L1(CDD) ===>> 0
GetGain L2(CDD) ===>> 0
GetParameter Trap Current Readback ===>> 247.711774400293
GetParameter Source Current Readback ===>> 889.630043337606
pre measurement save
New frame /Users/obama/PychronDev/data/isotopes/1c/ff471c-2ded-4ae2-a8de-6cc65996f2b6.h5
flush and close file /Users/obama/PychronDev/data/isotopes/1c/ff471c-2ded-4ae2-a8de-6cc65996f2b6.h5
testing...
no interpolation path defined
executed snippet estimated_duration=590.4304, duration=0.000250101089478
unknown measurement script
activate_detectors ('H2', 'H1', 'AX', 'L1', 'L2(CDD)') {}
activate detectors
*************** Set Analysis View Ar/Ar
create graphs
clearing graphs
clear isotope group
setting isotope det=H2, iso=Ar40
setting isotope det=H1, iso=Ar39
setting isotope det=AX, iso=Ar38
setting isotope det=L1, iso=Ar37
setting isotope det=L2(CDD), iso=Ar36
setting previous blanks
 - setting Ar40 blank 2.772+/-0.022
 - setting Ar36 blank 0.01022+/-0.00026
 - setting Ar37 blank 0.000+/-0.012
 - setting Ar38 blank 0.018+/-0.012
 - setting Ar39 blank 0.049+/-0.022
load analysis view
position_magnet ('Ar40',) {'detector': 'H2'}
detector Detector(H2)
POSITION Ar40 H2
setting detector H2 to Ar40 (39.9624)
setting detector H1 to Ar39 (38.8624)
setting detector AX to Ar38 (37.9624)
setting detector L1 to Ar37 (36.9624)
setting detector L2 to Ar36 (35.8624)
setting detector H2(CDD) to Ar40 (39.8624)
setting detector H1(CDD) to Ar39 (38.8624)
setting detector AX(CDD) to Ar38 (37.8624)
setting detector L1(CDD) to Ar37 (36.8624)
setting detector L2(CDD) to Ar36 (35.9624)
Mapping mass to dac mass func: "parabolic"
H2 map mass coeffs = [ -2.56720193e-04   9.47812314e-02   3.88374975e-01]
H2 map mass to dac 39.9624 >> 3.76608
GetHighVoltage ===>> 9900
positioning Ar40 (3.76608) on H2
setting magnet DAC
current  : 3.768080
requested: 3.766080
Delta Dac: 0.002000
Checking detector protection. dv=0.00200
SetMagnetDAC 3.76608 ===>> OK
Magnet settling time: 0.500 0.500
Magnet settling complete
set_dac. change=True
equilibrate () {'delay': 3, 'inlet': 'H', 'outlet': 'V', 'eqtime': 30.0}
Equilibration Started
11:24:52 -- ******* Equilibration Started *******
checking ownership. requestor=129.138.12.137
check software interlocks V
interlocks []
actuate state mode=None-script, software_lock=False
doing actuation None-script close_channel True
Close V ===>> OK
update labels <pychron.experiment.plot_panel.PlotPanel object at 0x180595e90>
update labels "<pychron.graph.stacked_regression_graph.StackedRegressionGraph object at 0x17f900830>"
setting label 0 H2 Ar40
setting label 1 H1 Ar39
setting label 2 AX Ar38
setting label 3 L1 Ar37
setting label 4 L2(CDD) Ar36
update labels "<pychron.graph.stacked_graph.StackedGraph object at 0x184ebee30>"
setting label 0 H2 Ar40
setting label 1 H1 Ar39
setting label 2 AX Ar38
setting label 3 L1 Ar37
setting label 4 L2(CDD) Ar36
GetIndicatorState V ===>> False
change switch state (True, True)
update switch state V False args=() kw={} ncanvase=5
11:24:52 -- CLOSE  VALVE-V (Felix Ion Pump)
waiting 3s before opening inlet value ('H',)
checking ownership. requestor=129.138.12.137
check software interlocks H
interlocks []
actuate state mode=None-script, software_lock=False
doing actuation None-script open_channel True
Open H ===>> OK
GetIndicatorState H ===>> OK
change switch state (True, True)
update switch state H True args=() kw={} ncanvase=5
11:24:55 -- OPEN   VALVE-H (Felix Inlet)
set_time_zero () {}
equilibrating for 30.0sec
sniff (30.0,) {}
py_sniff
build tables- sniff [Detector(H2), Detector(H1), Detector(AX), Detector(L1), Detector(L2(CDD))]
add group /sniff/Ar40 (Group) u'' table H2
add group /sniff/Ar39 (Group) u'' table H1
add group /sniff/Ar38 (Group) u'' table AX
add group /sniff/Ar37 (Group) u'' table L1
add group /sniff/Ar36 (Group) u'' table L2(CDD)
flush and close file /Users/obama/PychronDev/data/isotopes/1c/ff471c-2ded-4ae2-a8de-6cc65996f2b6.h5
measuring sniff. ncounts=30.0
"sniff" increment series count="1" fit count="0" regressing="False"
starting measurement
11:25:21 -- collecting point 25
Equilibration Finished
11:25:25 -- ******* Equilibration Finished *******
checking ownership. requestor=129.138.12.137
check software interlocks H
interlocks []
actuate state mode=None-script, software_lock=False
doing actuation None-script close_channel True
Close H ===>> OK
GetIndicatorState H ===>> False
change switch state (True, True)
update switch state H False args=() kw={} ncanvase=5
11:25:25 -- CLOSE  VALVE-H (Felix Inlet)
Post Equilibration Started felix_pump_extraction_line.py
11:25:25 -- ******* Post Equilibration Started felix_pump_extraction_line.py *******
testing...
no interpolation path defined
calculate duration
testing...
no interpolation path defined
executed snippet estimated_duration=4.0, duration=0.000296115875244
executed snippet estimated_duration=4.0, duration=0.00218200683594
Pump after analysis
doing GOSUB
testing...
no interpolation path defined
executed snippet estimated_duration=4.0, duration=0.000246047973633
Pump Bone
close () {'description': 'Felix Inlet'}
close name=--- desc=Felix Inlet
checking ownership. requestor=129.138.12.137
check software interlocks H
interlocks []
actuate state mode=None-script, software_lock=False
doing actuation None-script close_channel False
Close H ===>> OK
GetIndicatorState H ===>> False
change switch state (True, True)
update switch state H False args=() kw={} ncanvase=5
11:25:26 -- CLOSE  VALVE-H (Felix Inlet)
-------------------------- close None (Felix Inlet) result=[(True, True)]
action=close, ok=True, locked=[False]
is_closed ('A',) {}
is A () closed?
is closed False
close () {'description': 'CO2 Laser to Bone'}
close name=--- desc=CO2 Laser to Bone
checking ownership. requestor=129.138.12.137
check software interlocks F
interlocks []
actuate state mode=None-script, software_lock=True
VALVE-F(CO2 Laser to Bone) software locked
change switch state (True, False)
-------------------------- close None (CO2 Laser to Bone) result=[(True, False)]
action=close, ok=True, locked=[True]
sleep (1,) {}
SLEEP 1.0
close () {'description': 'CO2 Laser to Roughing'}
close name=--- desc=CO2 Laser to Roughing
checking ownership. requestor=129.138.12.137
check software interlocks G
interlocks []
actuate state mode=None-script, software_lock=True
VALVE-G(CO2 Laser to Roughing) software locked
change switch state (True, False)
-------------------------- close None (CO2 Laser to Roughing) result=[(True, False)]
action=close, ok=True, locked=[True]
open () {'description': 'Bone to Turbo'}
open name=--- desc=Bone to Turbo
checking ownership. requestor=129.138.12.137
check software interlocks C
interlocks []
actuate state mode=None-script, software_lock=False
doing actuation None-script open_channel True
Open C ===>> OK
GetIndicatorState C ===>> OK
change switch state (True, True)
update switch state C True args=() kw={} ncanvase=5
11:25:27 -- OPEN   VALVE-C (Bone to Turbo)
-------------------------- open None (Bone to Turbo) result=[(True, True)]
waiting for write to finish
measurement finished
estimated time: 31.457 actual time: :31.624
flush and close file /Users/obama/PychronDev/data/isotopes/1c/ff471c-2ded-4ae2-a8de-6cc65996f2b6.h5
set_fits () {}
using default fits file=/Users/obama/PychronDev/scripts/measurement/fits/nominal.yaml
set "Ar40" to "('Parabolic', 'SEM')"
set "Ar36" to "('Parabolic', 'SEM')"
set "Ar37" to "('linear', 'SEM')"
set "Ar38" to "('linear', 'SEM')"
set "Ar39" to "('Parabolic', 'SEM')"
set_baseline_fits () {}
using default fits file=/Users/obama/PychronDev/scripts/measurement/fits/nominal.yaml
set "H2" to "('average', 'SEM')"
set "L2(CDD)" to "('average', 'SEM')"
set "L1" to "('average', 'SEM')"
set "AX" to "('average', 'SEM')"
set "H1" to "('average', 'SEM')"
multicollect () {'integration_time': 1.048576, 'ncounts': 400}
build tables- signal [Detector(H2), Detector(H1), Detector(AX), Detector(L1), Detector(L2(CDD))]
add group /signal/Ar40 (Group) u'' table H2
add group /signal/Ar39 (Group) u'' table H1
add group /signal/Ar38 (Group) u'' table AX
add group /signal/Ar37 (Group) u'' table L1
add group /signal/Ar36 (Group) u'' table L2(CDD)
flush and close file /Users/obama/PychronDev/data/isotopes/1c/ff471c-2ded-4ae2-a8de-6cc65996f2b6.h5
measuring signal. ncounts=400
action=open, ok=True, locked=[False]
open () {'description': 'Bone to Getter GP-50'}
open name=--- desc=Bone to Getter GP-50
checking ownership. requestor=129.138.12.137
check software interlocks N
interlocks []
actuate state mode=None-script, software_lock=False
doing actuation None-script open_channel False
Open N ===>> OK
"signal" increment series count="2" fit count="1" regressing="True"
GetIndicatorState N ===>> OK
change switch state (True, True)
update switch state N True args=() kw={} ncanvase=5
11:25:27 -- OPEN   VALVE-N (Bone to Getter GP-50)
-------------------------- open None (Bone to Getter GP-50) result=[(True, True)]
action=open, ok=True, locked=[False]
open () {'description': 'Bone to Diode Laser'}
open name=--- desc=Bone to Diode Laser
checking ownership. requestor=129.138.12.137
check software interlocks B
interlocks []
actuate state mode=None-script, software_lock=False
doing actuation None-script open_channel True
Open B ===>> OK
starting measurement
GetIndicatorState B ===>> OK
change switch state (True, True)
update switch state B True args=() kw={} ncanvase=5
11:25:28 -- OPEN   VALVE-B (Bone to Diode Laser)
-------------------------- open None (Bone to Diode Laser) result=[(True, True)]
action=open, ok=True, locked=[False]
open () {'description': 'Bone to CO2 Laser'}
open name=--- desc=Bone to CO2 Laser
checking ownership. requestor=129.138.12.137
check software interlocks D
interlocks []
actuate state mode=None-script, software_lock=False
doing actuation None-script open_channel False
Open D ===>> OK
GetIndicatorState D ===>> OK
change switch state (True, True)
update switch state D True args=() kw={} ncanvase=5
11:25:28 -- OPEN   VALVE-D (Bone to CO2 Laser)
-------------------------- open None (Bone to CO2 Laser) result=[(True, True)]
action=open, ok=True, locked=[False]
sleep (1,) {}
SLEEP 1.0
set_resource () {'name': 'CO2PumpTimeFlag', 'value': 30}
Set CO2PumpTimeFlag 30 ===>> OK
release ('FelixCO2Flag',) {}
release FelixCO2Flag
Set FelixCO2Flag 0 ===>> OK
executed snippet estimated_duration=6.0, duration=4.29700183868
PumpBone.py completed successfully
gosub finished
get_resource_value () {'name': 'FelixMiniboneFlag'}
Read FelixMiniboneFlag ===>> 0
Get Resource Value FelixMiniboneFlag=0.0
executed snippet estimated_duration=4.0, duration=4.30575895309
felix_pump_extraction_line.py completed successfully
Post Equilibration Finished
11:25:30 -- ******* Post Equilibration Finished *******
GetDeflection L2 (CDD) ===>> 0
testing L2_CDD_==3250
evaluate ot="L2(CDD).deflection==3250" t="L2_CDD_==3250", ctx="{'L2_CDD_': 0.0}"
GetDeflection L2 (CDD) ===>> 0
testing L2_CDD_==3250
evaluate ot="L2(CDD).deflection==3250" t="L2_CDD_==3250", ctx="{'L2_CDD_': 0.0}"
11:25:53 -- collecting point 25
GetDeflection L2 (CDD) ===>> 0
testing L2_CDD_==3250
evaluate ot="L2(CDD).deflection==3250" t="L2_CDD_==3250", ctx="{'L2_CDD_': 0.0}"
GetDeflection L2 (CDD) ===>> 0
testing L2_CDD_==3250
evaluate ot="L2(CDD).deflection==3250" t="L2_CDD_==3250", ctx="{'L2_CDD_': 0.0}"
11:26:19 -- collecting point 50
GetDeflection L2 (CDD) ===>> 0
testing L2_CDD_==3250
evaluate ot="L2(CDD).deflection==3250" t="L2_CDD_==3250", ctx="{'L2_CDD_': 0.0}"
GetDeflection L2 (CDD) ===>> 0
testing L2_CDD_==3250
evaluate ot="L2(CDD).deflection==3250" t="L2_CDD_==3250", ctx="{'L2_CDD_': 0.0}"
GetDeflection L2 (CDD) ===>> 0
testing L2_CDD_==3250
evaluate ot="L2(CDD).deflection==3250" t="L2_CDD_==3250", ctx="{'L2_CDD_': 0.0}"
11:26:46 -- collecting point 75
GetDeflection L2 (CDD) ===>> 0
testing L2_CDD_==3250
evaluate ot="L2(CDD).deflection==3250" t="L2_CDD_==3250", ctx="{'L2_CDD_': 0.0}"
GetDeflection L2 (CDD) ===>> 0
testing L2_CDD_==3250
evaluate ot="L2(CDD).deflection==3250" t="L2_CDD_==3250", ctx="{'L2_CDD_': 0.0}"
11:27:12 -- collecting point 100
GetDeflection L2 (CDD) ===>> 0
testing L2_CDD_==3250
evaluate ot="L2(CDD).deflection==3250" t="L2_CDD_==3250", ctx="{'L2_CDD_': 0.0}"
GetDeflection L2 (CDD) ===>> 0
testing L2_CDD_==3250
evaluate ot="L2(CDD).deflection==3250" t="L2_CDD_==3250", ctx="{'L2_CDD_': 0.0}"
GetDeflection L2 (CDD) ===>> 0
testing L2_CDD_==3250
evaluate ot="L2(CDD).deflection==3250" t="L2_CDD_==3250", ctx="{'L2_CDD_': 0.0}"
11:27:38 -- collecting point 125
GetDeflection L2 (CDD) ===>> 0
testing L2_CDD_==3250
evaluate ot="L2(CDD).deflection==3250" t="L2_CDD_==3250", ctx="{'L2_CDD_': 0.0}"
GetDeflection L2 (CDD) ===>> 0
testing L2_CDD_==3250
evaluate ot="L2(CDD).deflection==3250" t="L2_CDD_==3250", ctx="{'L2_CDD_': 0.0}"
11:28:04 -- collecting point 150
GetDeflection L2 (CDD) ===>> 0
testing L2_CDD_==3250
evaluate ot="L2(CDD).deflection==3250" t="L2_CDD_==3250", ctx="{'L2_CDD_': 0.0}"
GetDeflection L2 (CDD) ===>> 0
testing L2_CDD_==3250
evaluate ot="L2(CDD).deflection==3250" t="L2_CDD_==3250", ctx="{'L2_CDD_': 0.0}"
GetDeflection L2 (CDD) ===>> 0
testing L2_CDD_==3250
evaluate ot="L2(CDD).deflection==3250" t="L2_CDD_==3250", ctx="{'L2_CDD_': 0.0}"
11:28:31 -- collecting point 175
GetDeflection L2 (CDD) ===>> 0
testing L2_CDD_==3250
evaluate ot="L2(CDD).deflection==3250" t="L2_CDD_==3250", ctx="{'L2_CDD_': 0.0}"
GetDeflection L2 (CDD) ===>> 0
testing L2_CDD_==3250
evaluate ot="L2(CDD).deflection==3250" t="L2_CDD_==3250", ctx="{'L2_CDD_': 0.0}"
11:28:57 -- collecting point 200
GetDeflection L2 (CDD) ===>> 0
testing L2_CDD_==3250
evaluate ot="L2(CDD).deflection==3250" t="L2_CDD_==3250", ctx="{'L2_CDD_': 0.0}"
GetDeflection L2 (CDD) ===>> 0
testing L2_CDD_==3250
evaluate ot="L2(CDD).deflection==3250" t="L2_CDD_==3250", ctx="{'L2_CDD_': 0.0}"
GetDeflection L2 (CDD) ===>> 0
testing L2_CDD_==3250
evaluate ot="L2(CDD).deflection==3250" t="L2_CDD_==3250", ctx="{'L2_CDD_': 0.0}"
11:29:23 -- collecting point 225
GetDeflection L2 (CDD) ===>> 0
testing L2_CDD_==3250
evaluate ot="L2(CDD).deflection==3250" t="L2_CDD_==3250", ctx="{'L2_CDD_': 0.0}"
GetDeflection L2 (CDD) ===>> 0
testing L2_CDD_==3250
evaluate ot="L2(CDD).deflection==3250" t="L2_CDD_==3250", ctx="{'L2_CDD_': 0.0}"
11:29:49 -- collecting point 250
GetDeflection L2 (CDD) ===>> 0
testing L2_CDD_==3250
evaluate ot="L2(CDD).deflection==3250" t="L2_CDD_==3250", ctx="{'L2_CDD_': 0.0}"
GetDeflection L2 (CDD) ===>> 0
testing L2_CDD_==3250
evaluate ot="L2(CDD).deflection==3250" t="L2_CDD_==3250", ctx="{'L2_CDD_': 0.0}"
GetDeflection L2 (CDD) ===>> 0
testing L2_CDD_==3250
evaluate ot="L2(CDD).deflection==3250" t="L2_CDD_==3250", ctx="{'L2_CDD_': 0.0}"
11:30:16 -- collecting point 275
GetDeflection L2 (CDD) ===>> 0
testing L2_CDD_==3250
evaluate ot="L2(CDD).deflection==3250" t="L2_CDD_==3250", ctx="{'L2_CDD_': 0.0}"
GetDeflection L2 (CDD) ===>> 0
testing L2_CDD_==3250
evaluate ot="L2(CDD).deflection==3250" t="L2_CDD_==3250", ctx="{'L2_CDD_': 0.0}"
11:30:42 -- collecting point 300
GetDeflection L2 (CDD) ===>> 0
testing L2_CDD_==3250
evaluate ot="L2(CDD).deflection==3250" t="L2_CDD_==3250", ctx="{'L2_CDD_': 0.0}"
GetDeflection L2 (CDD) ===>> 0
testing L2_CDD_==3250
evaluate ot="L2(CDD).deflection==3250" t="L2_CDD_==3250", ctx="{'L2_CDD_': 0.0}"
GetDeflection L2 (CDD) ===>> 0
testing L2_CDD_==3250
evaluate ot="L2(CDD).deflection==3250" t="L2_CDD_==3250", ctx="{'L2_CDD_': 0.0}"
11:31:08 -- collecting point 325
GetDeflection L2 (CDD) ===>> 0
testing L2_CDD_==3250
evaluate ot="L2(CDD).deflection==3250" t="L2_CDD_==3250", ctx="{'L2_CDD_': 0.0}"
GetDeflection L2 (CDD) ===>> 0
testing L2_CDD_==3250
evaluate ot="L2(CDD).deflection==3250" t="L2_CDD_==3250", ctx="{'L2_CDD_': 0.0}"
11:31:35 -- collecting point 350
GetDeflection L2 (CDD) ===>> 0
testing L2_CDD_==3250
evaluate ot="L2(CDD).deflection==3250" t="L2_CDD_==3250", ctx="{'L2_CDD_': 0.0}"
GetDeflection L2 (CDD) ===>> 0
testing L2_CDD_==3250
evaluate ot="L2(CDD).deflection==3250" t="L2_CDD_==3250", ctx="{'L2_CDD_': 0.0}"
GetDeflection L2 (CDD) ===>> 0
testing L2_CDD_==3250
evaluate ot="L2(CDD).deflection==3250" t="L2_CDD_==3250", ctx="{'L2_CDD_': 0.0}"
11:32:01 -- collecting point 375
GetDeflection L2 (CDD) ===>> 0
testing L2_CDD_==3250
evaluate ot="L2(CDD).deflection==3250" t="L2_CDD_==3250", ctx="{'L2_CDD_': 0.0}"
GetDeflection L2 (CDD) ===>> 0
testing L2_CDD_==3250
evaluate ot="L2(CDD).deflection==3250" t="L2_CDD_==3250", ctx="{'L2_CDD_': 0.0}"
11:32:27 -- collecting point 400
waiting for write to finish
measurement finished
estimated time: 419.430 actual time: :420.556
flush and close file /Users/obama/PychronDev/data/isotopes/1c/ff471c-2ded-4ae2-a8de-6cc65996f2b6.h5
baselines () {'settling_time': 15.0, 'detector': 'H2', 'mass': 39.862, 'ncounts': 120}
%%%%%%%%%%%%%%%%%%%%%%%%%%%%%%%% Baseline
build tables- baseline [Detector(H2), Detector(H1), Detector(AX), Detector(L1), Detector(L2(CDD))]
add group baseline table H2
add group baseline table H1
add group baseline table AX
add group baseline table L1
add group baseline table L2(CDD)
flush and close file /Users/obama/PychronDev/data/isotopes/1c/ff471c-2ded-4ae2-a8de-6cc65996f2b6.h5
detector Detector(H2)
POSITION 39.862 H2
Mapping mass to dac mass func: "parabolic"
H2 map mass coeffs = [ -2.56720193e-04   9.47812314e-02   3.88374975e-01]
H2 map mass to dac 39.862 >> 3.75862141492
GetHighVoltage ===>> 9900
positioning 39.862 (3.75862141492) on H2
setting magnet DAC
current  : 3.766080
requested: 3.758621
Delta Dac: 0.007459
Checking detector protection. dv=0.00746
SetMagnetDAC 3.75862141492 ===>> OK
Magnet settling time: 0.500 0.500
Magnet settling complete
set_dac. change=True
Delaying 15.0s for detectors to settle
Join finished
measuring baseline. ncounts=120
"baseline" increment series count="2" fit count="1" regressing="True"
starting measurement
GetDeflection L2 (CDD) ===>> 0
testing L2_CDD_==3250
evaluate ot="L2(CDD).deflection==3250" t="L2_CDD_==3250", ctx="{'L2_CDD_': 0.0}"
GetDeflection L2 (CDD) ===>> 0
testing L2_CDD_==3250
evaluate ot="L2(CDD).deflection==3250" t="L2_CDD_==3250", ctx="{'L2_CDD_': 0.0}"
11:33:10 -- collecting point 25
GetDeflection L2 (CDD) ===>> 0
testing L2_CDD_==3250
evaluate ot="L2(CDD).deflection==3250" t="L2_CDD_==3250", ctx="{'L2_CDD_': 0.0}"
GetDeflection L2 (CDD) ===>> 0
testing L2_CDD_==3250
evaluate ot="L2(CDD).deflection==3250" t="L2_CDD_==3250", ctx="{'L2_CDD_': 0.0}"
11:33:36 -- collecting point 50
GetDeflection L2 (CDD) ===>> 0
testing L2_CDD_==3250
evaluate ot="L2(CDD).deflection==3250" t="L2_CDD_==3250", ctx="{'L2_CDD_': 0.0}"
set states for children of O. state=True
handle state [('O', True)]
update switch state O True args=() kw={'refresh': False} ncanvase=5
refresh_canvas_needed fired
GetDeflection L2 (CDD) ===>> 0
testing L2_CDD_==3250
evaluate ot="L2(CDD).deflection==3250" t="L2_CDD_==3250", ctx="{'L2_CDD_': 0.0}"
GetDeflection L2 (CDD) ===>> 0
testing L2_CDD_==3250
evaluate ot="L2(CDD).deflection==3250" t="L2_CDD_==3250", ctx="{'L2_CDD_': 0.0}"
11:34:02 -- collecting point 75
GetDeflection L2 (CDD) ===>> 0
testing L2_CDD_==3250
evaluate ot="L2(CDD).deflection==3250" t="L2_CDD_==3250", ctx="{'L2_CDD_': 0.0}"
GetDeflection L2 (CDD) ===>> 0
testing L2_CDD_==3250
evaluate ot="L2(CDD).deflection==3250" t="L2_CDD_==3250", ctx="{'L2_CDD_': 0.0}"
11:34:29 -- collecting point 100
GetDeflection L2 (CDD) ===>> 0
testing L2_CDD_==3250
evaluate ot="L2(CDD).deflection==3250" t="L2_CDD_==3250", ctx="{'L2_CDD_': 0.0}"
GetDeflection L2 (CDD) ===>> 0
testing L2_CDD_==3250
evaluate ot="L2(CDD).deflection==3250" t="L2_CDD_==3250", ctx="{'L2_CDD_': 0.0}"
waiting for write to finish
measurement finished
estimated time: 125.829 actual time: :126.217
flush and close file /Users/obama/PychronDev/data/isotopes/1c/ff471c-2ded-4ae2-a8de-6cc65996f2b6.h5
activate_detectors ('H1', 'L2(CDD)') {'peak_center': True}
peak_center () {'detector': 'H2', 'save': False, 'integration_time': 1.048576, 'isotope': 'Ar40'}
peak center: mean=702.796429554 threshold=1.0
peak center started
setup peak center. detector=['H2', 'H1', 'L2(CDD)'], isotope=Ar40
VersionedUnpickler [<apptools.sweet_pickle.versioned_unpickler.VersionedUnpickler object at 0x19dd6f590>] using Updater [<apptools.sweet_pickle.updater.Updater object at 0x120213830>]
VersionedUnpickler [<apptools.sweet_pickle.versioned_unpickler.VersionedUnpickler object at 0x19dd6f590>] using Updater [<apptools.sweet_pickle.updater.Updater object at 0x120213830>]
VersionedUnpickler [<apptools.sweet_pickle.versioned_unpickler.VersionedUnpickler object at 0x19dd768f0>] using Updater [<apptools.sweet_pickle.updater.Updater object at 0x120213830>]
setting integration time = 0.524288
SetIntegrationTime 0.524288 ===>> OK
Mapping mass to dac mass func: "parabolic"
H2 map mass coeffs = [ -2.56720193e-04   9.47812314e-02   3.88374975e-01]
H2 map mass to dac 39.9624 >> 3.76608
GetHighVoltage ===>> 9900
do peak center. <pychron.spectrometer.jobs.peak_center.PeakCenter object at 0x14f4da5f0>
doing pc
starting peak center. center dac= 3.76608 step_width=0.0001
width = 0.0001
get scan parameters. half-width=0.002,window=0.002, i=0, scalar=1
Scan parameters center=3.76608 width=0.00400 (3.76408 - 3.76808)
Moving to starting dac 3.76408
setting magnet DAC
current  : 3.758621
requested: 3.764080
Delta Dac: 0.005459
Checking detector protection. dv=0.00546
SetMagnetDAC 3.76408 ===>> OK
Magnet settling time: 0.500 0.500
Magnet settling complete
set_dac. change=True
Wait until signal near baseline. tol= -0.0240755673763. timeout= 10
Peak center failed to move to a baseline position
_do_sweep sm= 3.76408, em= 3.76808, stm= 0.0001
calculated step values: start=3.76408, end=3.76808, width=0.0001, nsteps=41.0
setting magnet DAC
current  : 3.764080
requested: 3.764080
Delta Dac: 0.000000
Checking detector protection. dv=0.00000
set_dac. change=False
setting magnet DAC
current  : 3.764080
requested: 3.764183
Delta Dac: 0.000103
Checking detector protection. dv=0.00010
Magnet settling time: 1.049 0.500
Magnet settling complete
set_dac. change=True
setting magnet DAC
current  : 3.764183
requested: 3.764285
Delta Dac: 0.000103
Checking detector protection. dv=0.00010
Magnet settling time: 1.049 0.500
Magnet settling complete
set_dac. change=True
setting magnet DAC
current  : 3.764285
requested: 3.764388
Delta Dac: 0.000103
Checking detector protection. dv=0.00010
Magnet settling time: 1.049 0.500
Magnet settling complete
set_dac. change=True
setting magnet DAC
current  : 3.764388
requested: 3.764490
Delta Dac: 0.000103
Checking detector protection. dv=0.00010
Magnet settling time: 1.049 0.500
Magnet settling complete
set_dac. change=True
setting magnet DAC
current  : 3.764490
requested: 3.764593
Delta Dac: 0.000103
Checking detector protection. dv=0.00010
Magnet settling time: 1.049 0.500
Magnet settling complete
set_dac. change=True
setting magnet DAC
current  : 3.764593
requested: 3.764695
Delta Dac: 0.000103
Checking detector protection. dv=0.00010
Magnet settling time: 1.049 0.500
Magnet settling complete
set_dac. change=True
setting magnet DAC
current  : 3.764695
requested: 3.764798
Delta Dac: 0.000103
Checking detector protection. dv=0.00010
Magnet settling time: 1.049 0.500
set states for children of U. state=False
handle state [('U', False)]
update switch state U False args=() kw={'refresh': False} ncanvase=5
refresh_canvas_needed fired
Magnet settling complete
set_dac. change=True
setting magnet DAC
current  : 3.764798
requested: 3.764901
Delta Dac: 0.000103
Checking detector protection. dv=0.00010
Magnet settling time: 1.049 0.500
Magnet settling complete
set_dac. change=True
setting magnet DAC
current  : 3.764901
requested: 3.765003
Delta Dac: 0.000103
Checking detector protection. dv=0.00010
Magnet settling time: 1.049 0.500
Magnet settling complete
set_dac. change=True
setting magnet DAC
current  : 3.765003
requested: 3.765106
Delta Dac: 0.000103
Checking detector protection. dv=0.00010
Magnet settling time: 1.049 0.500
Magnet settling complete
set_dac. change=True
setting magnet DAC
current  : 3.765106
requested: 3.765208
Delta Dac: 0.000103
Checking detector protection. dv=0.00010
Magnet settling time: 1.049 0.500
Magnet settling complete
set_dac. change=True
setting magnet DAC
current  : 3.765208
requested: 3.765311
Delta Dac: 0.000103
Checking detector protection. dv=0.00010
Magnet settling time: 1.049 0.500
Magnet settling complete
set_dac. change=True
setting magnet DAC
current  : 3.765311
requested: 3.765413
Delta Dac: 0.000103
Checking detector protection. dv=0.00010
Magnet settling time: 1.049 0.500
Magnet settling complete
set_dac. change=True
setting magnet DAC
current  : 3.765413
requested: 3.765516
Delta Dac: 0.000103
Checking detector protection. dv=0.00010
Magnet settling time: 1.049 0.500
Magnet settling complete
set_dac. change=True
setting magnet DAC
current  : 3.765516
requested: 3.765618
Delta Dac: 0.000103
Checking detector protection. dv=0.00010
Magnet settling time: 1.049 0.500
Magnet settling complete
set_dac. change=True
setting magnet DAC
current  : 3.765618
requested: 3.765721
Delta Dac: 0.000103
Checking detector protection. dv=0.00010
Magnet settling time: 1.049 0.500
Magnet settling complete
set_dac. change=True
setting magnet DAC
current  : 3.765721
requested: 3.765824
Delta Dac: 0.000103
Checking detector protection. dv=0.00010
Magnet settling time: 1.049 0.500
Magnet settling complete
set_dac. change=True
setting magnet DAC
current  : 3.765824
requested: 3.765926
Delta Dac: 0.000103
Checking detector protection. dv=0.00010
Magnet settling time: 1.049 0.500
Magnet settling complete
set_dac. change=True
setting magnet DAC
current  : 3.765926
requested: 3.766029
Delta Dac: 0.000103
Checking detector protection. dv=0.00010
Magnet settling time: 1.049 0.500
Magnet settling complete
set_dac. change=True
setting magnet DAC
current  : 3.766029
requested: 3.766131
Delta Dac: 0.000103
Checking detector protection. dv=0.00010
Magnet settling time: 1.049 0.500
Magnet settling complete
set_dac. change=True
setting magnet DAC
current  : 3.766131
requested: 3.766234
Delta Dac: 0.000103
Checking detector protection. dv=0.00010
Magnet settling time: 1.049 0.500
Magnet settling complete
set_dac. change=True
setting magnet DAC
current  : 3.766234
requested: 3.766336
Delta Dac: 0.000103
Checking detector protection. dv=0.00010
Magnet settling time: 1.049 0.500
Magnet settling complete
set_dac. change=True
setting magnet DAC
current  : 3.766336
requested: 3.766439
Delta Dac: 0.000103
Checking detector protection. dv=0.00010
Magnet settling time: 1.049 0.500
Magnet settling complete
set_dac. change=True
setting magnet DAC
current  : 3.766439
requested: 3.766542
Delta Dac: 0.000103
Checking detector protection. dv=0.00010
Magnet settling time: 1.049 0.500
Magnet settling complete
set_dac. change=True
setting magnet DAC
current  : 3.766542
requested: 3.766644
Delta Dac: 0.000103
Checking detector protection. dv=0.00010
Magnet settling time: 1.049 0.500
Magnet settling complete
set_dac. change=True
setting magnet DAC
current  : 3.766644
requested: 3.766747
Delta Dac: 0.000103
Checking detector protection. dv=0.00010
Magnet settling time: 1.049 0.500
Magnet settling complete
set_dac. change=True
setting magnet DAC
current  : 3.766747
requested: 3.766849
Delta Dac: 0.000103
Checking detector protection. dv=0.00010
Magnet settling time: 1.049 0.500
Magnet settling complete
set_dac. change=True
setting magnet DAC
current  : 3.766849
requested: 3.766952
Delta Dac: 0.000103
Checking detector protection. dv=0.00010
Magnet settling time: 1.049 0.500
Magnet settling complete
set_dac. change=True
setting magnet DAC
current  : 3.766952
requested: 3.767054
Delta Dac: 0.000103
Checking detector protection. dv=0.00010
Magnet settling time: 1.049 0.500
Magnet settling complete
set_dac. change=True
setting magnet DAC
current  : 3.767054
requested: 3.767157
Delta Dac: 0.000103
Checking detector protection. dv=0.00010
Magnet settling time: 1.049 0.500
Magnet settling complete
set_dac. change=True
setting magnet DAC
current  : 3.767157
requested: 3.767259
Delta Dac: 0.000103
Checking detector protection. dv=0.00010
Magnet settling time: 1.049 0.500
Magnet settling complete
set_dac. change=True
setting magnet DAC
current  : 3.767259
requested: 3.767362
Delta Dac: 0.000103
Checking detector protection. dv=0.00010
Magnet settling time: 1.049 0.500
Magnet settling complete
set_dac. change=True
setting magnet DAC
current  : 3.767362
requested: 3.767465
Delta Dac: 0.000103
Checking detector protection. dv=0.00010
Magnet settling time: 1.049 0.500
Magnet settling complete
set_dac. change=True
setting magnet DAC
current  : 3.767465
requested: 3.767567
Delta Dac: 0.000103
Checking detector protection. dv=0.00010
Magnet settling time: 1.049 0.500
Magnet settling complete
set_dac. change=True
setting magnet DAC
current  : 3.767567
requested: 3.767670
Delta Dac: 0.000103
Checking detector protection. dv=0.00010
Magnet settling time: 1.049 0.500
Magnet settling complete
set_dac. change=True
setting magnet DAC
current  : 3.767670
requested: 3.767772
Delta Dac: 0.000103
Checking detector protection. dv=0.00010
Magnet settling time: 1.049 0.500
Magnet settling complete
set_dac. change=True
setting magnet DAC
current  : 3.767772
requested: 3.767875
Delta Dac: 0.000103
Checking detector protection. dv=0.00010
Magnet settling time: 1.049 0.500
Magnet settling complete
set_dac. change=True
setting magnet DAC
current  : 3.767875
requested: 3.767977
Delta Dac: 0.000103
Checking detector protection. dv=0.00010
Magnet settling time: 1.049 0.500
Magnet settling complete
set_dac. change=True
setting magnet DAC
current  : 3.767977
requested: 3.768080
Delta Dac: 0.000103
Checking detector protection. dv=0.00010
Magnet settling time: 1.049 0.500
Magnet settling complete
set_dac. change=True
result of _do_sweep=True
result of _calculate_peak_center=([3.7648535470941891, 3.7660158717434875, 3.7671781963927859], [511.94734717225538, 689.0766182611269, 510.16542937059154], 3.766116072144289, 689.0766182611269)
Failed to find a valid peak. No peak greater than 1.0. max = 0.708889883233
new center pos Detector(H2) (Ar40) @ 3.76601587174
GetHighVoltage ===>> 9900
dac uncorrected for HV and deflection 3.76601587174
setting integration time = 1.048576
sweep finished
SetIntegrationTime 1.048576 ===>> OK
Failed to find a valid peak. No peak greater than 1.0. max = 0.708889883233
flush and close file /Users/obama/PychronDev/data/isotopes/1c/ff471c-2ded-4ae2-a8de-6cc65996f2b6.h5
finished measure script
executed snippet estimated_duration=590.4304, duration=653.76352787
felix_analysis400_120_no_save_center.py completed successfully
Measurement Finished
11:35:45 -- ******* Measurement Finished *******
Post Measurement Started felix_pump_ms.py
11:35:45 -- ******* Post Measurement Started felix_pump_ms.py *******
testing...
no interpolation path defined
executed snippet estimated_duration=0, duration=4.79221343994e-05
Pumping spectrometer
open () {'name': 'V'}
open name=V desc=---
checking ownership. requestor=129.138.12.137
check software interlocks V
interlocks []
actuate state mode=None-script, software_lock=False
doing actuation None-script open_channel True
Open V ===>> OK
GetIndicatorState V ===>> OK
change switch state (True, True)
update switch state V True args=() kw={} ncanvase=5
11:35:45 -- OPEN   VALVE-V (Felix Ion Pump)
-------------------------- open V () result=[(True, True)]
action=open, ok=True, locked=[False]
executed snippet estimated_duration=0, duration=0.363283872604
felix_pump_ms.py completed successfully
setting _ms_pumptime
Post Measurement Finished
11:35:45 -- ******* Post Measurement Finished *******
$$$$$$$$$$$$$$$$$$$$ state at run end measurement
state changed from measurement to success
post measurement save measured=True aborted=False
Set filtering
setting fod for Ar40= {'filter_outliers': True, 'std_devs': 2, 'iterations': 2}
setting fod for H2= {'filter_outliers': True, 'std_devs': 2, 'iterations': 1}
setting fod for Ar36= {'filter_outliers': True, 'std_devs': 2, 'iterations': 2}
setting fod for L2(CDD)= {'filter_outliers': True, 'std_devs': 2, 'iterations': 1}
setting fod for Ar37= {'filter_outliers': True, 'std_devs': 2, 'iterations': 2}
setting fod for L1= {'filter_outliers': True, 'std_devs': 2, 'iterations': 1}
setting fod for Ar38= {'filter_outliers': True, 'std_devs': 2, 'iterations': 2}
setting fod for AX= {'filter_outliers': True, 'std_devs': 2, 'iterations': 1}
setting fod for Ar39= {'filter_outliers': True, 'std_devs': 2, 'iterations': 2}
setting fod for H1= {'filter_outliers': True, 'std_devs': 2, 'iterations': 1}
not connected to db mysql://felixexp@129.138.12.160/labspy
Enviromentals: {'lab_humiditys': [{'device': 'EnvironmentalMonitor',
                    'name': 'Lab Hum.',
                    'pub_date': '2017-08-22T11:35:40',
                    'title': 'iServer Hum.',
                    'value': 56.7}],
 'lab_pneumatics': [{'device': 'AirPressure',
                     'name': 'Pressure',
                     'pub_date': '2017-08-22T11:34:44',
                     'title': None,
                     'value': 93.225},
                    {'device': 'AirPressure2',
                     'name': 'Pressure2',
                     'pub_date': '2017-08-22T11:34:44',
                     'title': None,
                     'value': 94.37194}],
 'lab_temperatures': [{'device': 'EnvironmentalMonitor',
                       'name': 'Lab Temp.',
                       'pub_date': '2017-08-22T11:32:38',
                       'title': 'iServer Temp.',
                       'value': 73.2},
                      {'device': 'Chiller',
                       'name': 'Coolant Temp.',
                       'pub_date': '2017-08-22T11:10:19',
                       'title': None,
                       'value': 18.0}]}
persistence save...
persistence save - db
post measurement save
6491415088 connecting to database sqlite://@/
connected to db sqlite://@/
create new session 6491415088
close session 6491415088
No database instance. Not saving post measurement to isotopedb database
$$$$$$$$$$$$$$$ auto_save_detector_ic=False
massspec enabled True
create new session 4784494736
MassSpec Database Version: 16.0
close session 4784494736
saving post measurement to secondary database
saving to massspec database 129.138.12.160/massspecdata
setting labnumber to 65788
setting aliquot to 1
setting step to AI
setting uuid to 1cff471c-2ded-4ae2-a8de-6cc65996f2b6
setting irradpos to 65788
setting extract_device to NMGRL Furnace
setting tray to 
setting position to 
setting power_requested to 1600.0
setting extract_value to 1600.0
setting duration to 360.0
setting duration_at_request to 360.0
setting first_stage_delay to 360.0
setting cleanup to 30.0
setting comment to C:8 & C:9 11.51 mg
setting irradiation to NM-291
setting level to C
setting irradiation_level to C
setting sample to 971
setting material to Feldspar
setting project to IR1013
setting mass_spectrometer to Felix
no attribute chron_dosages
no attribute production_ratios
no attribute interference_corrections
no attribute production_name
no attribute j
Reference Isotope=Ar40
Reference Detector=H2
%%%%%%%%%%%%%%%%%%%% Comment: C:8 & C:9 11.51 mg %%%%%%%%%%%%%%%%%%%
adding isotope Ar40 H2
add baseline dbdet= Ar40. original det= H2
get baseline data Ar40 H2
Get data baseline <pychron.processing.isotope.Baseline object at 0x19b5f1490> len t=120
baseline Ar40. v=0.0455375768727, e=0.00894286665964
get signal data Ar40 H2
Get data signal Ar40 741.79+/-0.10 len t=400
adding isotope Ar39 H1
add baseline dbdet= Ar39. original det= H1
get baseline data Ar39 H1
Get data baseline <pychron.processing.isotope.Baseline object at 0x19b5f1850> len t=120
baseline Ar39. v=-0.0605129544591, e=0.00970735138479
get signal data Ar39 H1
Get data signal Ar39 144.90+/-0.04 len t=400
adding isotope Ar38 AX
add baseline dbdet= Ar38. original det= AX
get baseline data Ar38 AX
Get data baseline <pychron.processing.isotope.Baseline object at 0x19b5f1350> len t=120
baseline Ar38. v=-0.104071532775, e=0.0108413638367
get signal data Ar38 AX
Get data signal Ar38 2.195+/-0.013 len t=400
adding isotope Ar37 L1
add baseline dbdet= Ar37. original det= L1
get baseline data Ar37 L1
Get data baseline <pychron.processing.isotope.Baseline object at 0x19b5f1810> len t=120
baseline Ar37. v=-0.611862499426, e=0.00933761820848
get signal data Ar37 L1
Get data signal Ar37 1.030+/-0.011 len t=400
adding isotope Ar36 L2(CDD)
add baseline dbdet= Ar36. original det= L2(CDD)
get baseline data Ar36 L2(CDD)
Get data baseline <pychron.processing.isotope.Baseline object at 0x19b5f1190> len t=120
baseline Ar36. v=2.71747486998e-05, e=5.5612272963e-06
get signal data Ar36 L2(CDD)
Get data signal Ar36 0.7354+/-0.0019 len t=400
65788-01AI added analysis time 0.500874996185s
analysis added to mass spec database
mass spec save time= 0.513
persistence save - dvc
================= post measurement started
create new session 4719173072
close session 4719173072
---------------- Experiment Queue saving disabled
DVC saving peakcenter
Failed to find a valid peak. No peak greater than 1.0. max = 0.708889883233
Smart pull ahead: 0 behind: 0
Up-to-date with origin
add to repo msg=modified - 44c6f8761147de90179e8a3952e48831c78a9a46.json
add to repo msg=modified - 88-01AI.json
add to repo msg=modified - 88-01AI.dat.json
add to repo msg=modified - 88-01AI.blan.json
add to repo msg=modified - 88-01AI.inte.json
add to repo msg=modified - 88-01AI.icfa.json
add to repo msg=modified - 88-01AI.base.json
not at valid file /Users/obama/PychronDev/data/.dvc/repositories/IR1013/657/tags/88-01AI.tags.json
add to repo msg=modified - 88-01AI.peak.json
add to repo msg=modified - 88-01AI.extr.json
not at valid file /Users/obama/PychronDev/data/.dvc/repositories/IR1013/657/monitor/88-01AI.moni.json
commit message=<COLLECTION>
add to repo msg=modified - 88-01AI.inte.json
add to repo msg=modified - 88-01AI.base.json
commit message=<ISOEVO> default collection fits
add to repo msg=modified - 88-01AI.blan.json
commit message=<BLANKS> preceding bu-NF-F-191
add to repo msg=modified - 88-01AI.icfa.json
commit message=<ICFactor> default
push repository <pychron.git_archive.repo_manager.GitRepoManager object at 0x14ee79950>
pushing to remote=origin, url=https://github.com
no changes to meta repo
create new session 4719173072
add association IR1013
get identifier "65788"
setting analysis irradiation position=<pychron.dvc.dvc_orm.IrradiationPositionTbl object at 0x19b6a0b50>
close session 4719173072
================= post measurement finished
11:35:58 -- ******* Post Run Check *******
loading queue conditionals post_run_actions
queue conditionals path /Users/obama/PychronDev/queue_conditionals/normal.yaml
loading conditionals from /Users/obama/PychronDev/queue_conditionals/normal.yaml
loading system conditionals post_run_actions
loading conditionals from /Users/obama/PychronDev/setupfiles/spectrometer/default_conditionals.yaml
loading queue conditionals post_run_terminations
queue conditionals path /Users/obama/PychronDev/queue_conditionals/normal.yaml
loading conditionals from /Users/obama/PychronDev/queue_conditionals/normal.yaml
loading system conditionals post_run_terminations
loading conditionals from /Users/obama/PychronDev/setupfiles/spectrometer/default_conditionals.yaml
Checking default post run terminations n=1
GetDeflection L2 (CDD) ===>> 0
testing L2_CDD_==3250
evaluate ot="L2(CDD).deflection==3250" t="L2_CDD_==3250", ctx="{'L2_CDD_': 0.0}"
11:35:59 -- ******* Post Run Check Passed *******
11:35:59 -- Automated run 65788-01AI success duration: 1171.516 s
----------------- finish -----------------
----------------- stop -----------------
retroactive repository identifiers disabled
finish run. runs completed=6
update duration runid=65788-01AI, duration=1171.51617503, md5=7c2b1763
loading script "felix_analysis400_120_no_save_center.py"
loading script "felix_pump_ms.py"
loading script "felix_air_x2.py"
loading script "felix_pump_extraction_line.py"
testing...
no interpolation path defined
executed snippet estimated_duration=559.2304, duration=0.000397205352783
script duration name:analysis400_120_no_save_center seconds:559.0
loading script "felix_analysis400_120_no_save_center.py"
loading script "felix_pump_ms.py"
loading script "felix_air_x2.py"
loading script "felix_pump_extraction_line.py"
testing...
no interpolation path defined
executed snippet estimated_duration=0, duration=3.81469726562e-05
loading script "felix_analysis400_120_no_save_center.py"
loading script "felix_pump_ms.py"
loading script "felix_air_x2.py"
loading script "felix_pump_extraction_line.py"
testing...
no interpolation path defined
calculate duration
testing...
no interpolation path defined
executed snippet estimated_duration=0, duration=7.41481781006e-05
calculate duration
testing...
no interpolation path defined
executed snippet estimated_duration=0, duration=0.000203132629395
calculate duration
testing...
no interpolation path defined
executed snippet estimated_duration=32.0, duration=0.000154972076416
calculate duration
testing...
no interpolation path defined
executed snippet estimated_duration=34.0, duration=0.000182867050171
calculate duration
testing...
no interpolation path defined
executed snippet estimated_duration=2.0, duration=0.000111818313599
calculate duration
testing...
no interpolation path defined
executed snippet estimated_duration=34.0, duration=0.0001060962677
calculate duration
testing...
no interpolation path defined
executed snippet estimated_duration=34.0, duration=0.000163793563843
calculate duration
testing...
no interpolation path defined
executed snippet estimated_duration=34.0, duration=0.000113010406494
executed snippet estimated_duration=174.0, duration=0.0299170017242
script duration name:air_x2 seconds:174.0
loading script "felix_analysis400_120_no_save_center.py"
loading script "felix_pump_ms.py"
loading script "felix_air_x2.py"
loading script "felix_pump_extraction_line.py"
testing...
no interpolation path defined
calculate duration
testing...
no interpolation path defined
executed snippet estimated_duration=4.0, duration=0.0002601146698
executed snippet estimated_duration=4.0, duration=0.00547003746033
Script duration 733.0
Run total estimated duration= 734.000
loading script "felix_analysis400_120_CDD_center.py"
loading script "felix_pump_ms.py"
loading script "felix_air_x2.py"
loading script "felix_pump_extraction_line.py"
testing...
no interpolation path defined
executed snippet estimated_duration=559.2304, duration=0.000286102294922
script duration name:analysis400_120_CDD_center seconds:559.0
pump_ms in script context. using previous estimated duration
air_x2 in script context. using previous estimated duration
script duration name:air_x2 seconds:174.0
pump_extraction_line in script context. using previous estimated duration
Script duration 733.0
Run total estimated duration= 734.000
analysis400_120_CDD_center in script context. using previous estimated duration
script duration name:analysis400_120_CDD_center seconds:559.0
script duration name:air_x2 seconds:174.0
Script duration 733.0
Run total estimated duration= 734.000
loading script "felix_analysis400_120 no center.py"
loading script "felix_pump_ms.py"
loading script "felix_cocktail_x3.py"
loading script "felix_pump_extraction_line.py"
testing...
no interpolation path defined
executed snippet estimated_duration=559.2304, duration=0.000200986862183
script duration name:analysis400_120 no center seconds:559.0
loading script "felix_analysis400_120 no center.py"
loading script "felix_pump_ms.py"
loading script "felix_cocktail_x3.py"
loading script "felix_pump_extraction_line.py"
testing...
no interpolation path defined
calculate duration
testing...
no interpolation path defined
executed snippet estimated_duration=0, duration=8.20159912109e-05
calculate duration
testing...
no interpolation path defined
executed snippet estimated_duration=0, duration=0.000200986862183
calculate duration
testing...
no interpolation path defined
executed snippet estimated_duration=32.0, duration=0.000152826309204
calculate duration
testing...
no interpolation path defined
executed snippet estimated_duration=34.0, duration=0.000168085098267
calculate duration
testing...
no interpolation path defined
executed snippet estimated_duration=2.0, duration=0.00010085105896
calculate duration
testing...
no interpolation path defined
executed snippet estimated_duration=34.0, duration=0.000116109848022
calculate duration
testing...
no interpolation path defined
executed snippet estimated_duration=34.0, duration=0.000165939331055
calculate duration
testing...
no interpolation path defined
executed snippet estimated_duration=34.0, duration=0.000118017196655
calculate duration
testing...
no interpolation path defined
executed snippet estimated_duration=34.0, duration=0.000186920166016
calculate duration
testing...
no interpolation path defined
executed snippet estimated_duration=34.0, duration=0.000141859054565
executed snippet estimated_duration=244.0, duration=0.044627904892
script duration name:cocktail_x3 seconds:244.0
Script duration 803.0
Run total estimated duration= 804.000
analysis400_120_no_save_center in script context. using previous estimated duration
script duration name:analysis400_120_no_save_center seconds:559.0
cocktail_x3 in script context. using previous estimated duration
script duration name:cocktail_x3 seconds:244.0
Script duration 803.0
Run total estimated duration= 804.000
script duration name:analysis400_120_no_save_center seconds:559.0
script duration name:cocktail_x3 seconds:244.0
Script duration 803.0
Run total estimated duration= 804.000
analysis400_120 no center in script context. using previous estimated duration
script duration name:analysis400_120 no center seconds:559.0
loading script "felix_analysis400_120 no center.py"
loading script "felix_pump_ms.py"
loading script "felix_furnace.py"
loading script "felix_pump_extraction_line.py"
testing...
no interpolation path defined
executed snippet estimated_duration=184.0, duration=0.000416040420532
script duration name:furnace seconds:184.0
Script duration 743.0
Run total estimated duration= 744.000
nruns=7 before=5.0, run_dur=5358.0, btw=110.0
write rem/ex queues
/Users/obama/PychronDev/experiments/rem/Load_furnace_971_kspar.rem.txt
/Users/obama/PychronDev/experiments/rem/Load_furnace_971_kspar.ex.txt
doing event level: 3
add run
