do run
loading script "felix_analysis400_120_no_save_center.py"
loading script "felix_pump_ms.py"
loading script "felix_furnace.py"
loading script "felix_pump_extraction_line.py"
testing...
no interpolation path defined
executed snippet estimated_duration=559.2304, duration=0.000348091125488
script duration name:analysis400_120_no_save_center seconds:559.0
loading script "felix_analysis400_120_no_save_center.py"
loading script "felix_pump_ms.py"
loading script "felix_furnace.py"
loading script "felix_pump_extraction_line.py"
testing...
no interpolation path defined
executed snippet estimated_duration=0, duration=2.78949737549e-05
loading script "felix_analysis400_120_no_save_center.py"
loading script "felix_pump_ms.py"
loading script "felix_furnace.py"
loading script "felix_pump_extraction_line.py"
testing...
no interpolation path defined
executed snippet estimated_duration=184.0, duration=0.000371932983398
script duration name:furnace seconds:184.0
loading script "felix_analysis400_120_no_save_center.py"
loading script "felix_pump_ms.py"
loading script "felix_furnace.py"
loading script "felix_pump_extraction_line.py"
testing...
no interpolation path defined
calculate duration
testing...
no interpolation path defined
executed snippet estimated_duration=4.0, duration=0.000204801559448
executed snippet estimated_duration=4.0, duration=0.00139999389648
Script duration 743.0
Run total estimated duration= 744.000
run duration: 0:12:24
doing event level: 2
10:36:11 -- Setting default integration. t=1.048576
setting integration time = 1.048576
SetIntegrationTime 1.048576 ===>> OK
----------------- start -----------------
**************** Experiment Type: Ar/Ar, Ar/Ar
create new session 4748572336
close session 4748572336
$$$$$ Clearing conditionals
adding conditionals 
Add queue conditionals
add default conditionals
adding default conditionals from /Users/obama/PychronDev/setupfiles/spectrometer/default_conditionals.yaml
Start automated run 65788-01AG
loading script "felix_analysis400_120_no_save_center.py"
loading script "felix_pump_ms.py"
loading script "felix_furnace.py"
loading script "felix_pump_extraction_line.py"
%%%%%%%%%%%%%%%%%% setting automated run 65788-01AG
No value "sensitivity_multiplier" in metadata
$$$$$$$$$$$$$$$ auto_save_detector_ic=False
============================= Pre Extraction Check =============================
loading queue conditionals pre_run_terminations
queue conditionals path /Users/obama/PychronDev/queue_conditionals/normal.yaml
loading conditionals from /Users/obama/PychronDev/queue_conditionals/normal.yaml
loading system conditionals pre_run_terminations
loading conditionals from /Users/obama/PychronDev/setupfiles/spectrometer/default_conditionals.yaml
10:36:11 -- ******* Pre Extraction Check *******
Get a measurement from the spectrometer
Pre Extraction Termination data. keys=L2(CDD),H2,H1,AX,L1,L2, signals=0.00305,-0.16903,-0.29520,-0.01293,-0.79401,-0.05309
10:36:11 -- testing system defined conditionals
Checking default pre extraction terminations n=2
testing L2_CDD_
evaluate ot="L2(CDD).inactive" t="L2_CDD_", ctx="{'L2_CDD_': False}"
GetDeflection L2 (CDD) ===>> 0
testing L2_CDD_==3250
evaluate ot="L2(CDD).deflection==3250" t="L2_CDD_==3250", ctx="{'L2_CDD_': 0.0}"
10:36:11 -- ******* Pre Extraction Check Passed *******
=================================================================================
10:36:11 -- stopping status monitor
stop 4720710960
Status monitor stopped
Status monitor finished
10:36:16 -- starting status monitor
start 4720710960
StatusMonitor period=3. Frequencies(state=1, checksum=3, lock=5, owner=5)
start extraction
do extraction
Analysis started at 10:36:20.714893
Extraction Started felix_furnace.py
10:36:20 -- ******* Extraction Started felix_furnace.py *******
state changed from not run to extraction
DO EXTRACTION <pychron.extraction_line.pyscript_runner.RemotePyScriptRunner object at 0x11fa2c3b0>
testing...
no interpolation path defined
executed snippet estimated_duration=606.0, duration=0.000619888305664
start_response_recorder () {}
start response recorder
Felix unknown furnace analysis
close ('F',) {}
close name=F desc=---
checking ownership. requestor=129.138.12.137
check software interlocks F
interlocks []
actuate state mode=None-script, software_lock=True
VALVE-F(CO2 Laser to Bone) software locked
change switch state (True, False)
-------------------------- close F () result=[(True, False)]
action=close, ok=True, locked=[True]
open ('D',) {}
open name=D desc=---
checking ownership. requestor=129.138.12.137
check software interlocks D
interlocks []
actuate state mode=None-script, software_lock=False
doing actuation None-script open_channel False
Open D ===>> OK
GetPercentOutput ===>> 0.0
GetSetpoint ===>> 0.0
GetIndicatorState D ===>> OK
change switch state (True, True)
update switch state D True args=() kw={} ncanvase=5
GetProcessValue ===>> 233.0
response t=0.000921010971069, out=0, setpoint=0, response=233.0
10:36:20 -- OPEN   VALVE-D (Bone to CO2 Laser)
-------------------------- open D () result=[(True, True)]
action=open, ok=True, locked=[False]
close ('J',) {}
close name=J desc=---
checking ownership. requestor=129.138.12.137
check software interlocks J
interlocks []
actuate state mode=None-script, software_lock=False
doing actuation None-script close_channel False
Close J ===>> OK
GetIndicatorState J ===>> False
change switch state (True, True)
update switch state J False args=() kw={} ncanvase=5
10:36:21 -- CLOSE  VALVE-J (Bone to APIS)
-------------------------- close J () result=[(True, True)]
action=close, ok=True, locked=[False]
close ('FC',) {}
close name=FC desc=---
checking ownership. requestor=129.138.12.137
check software interlocks FC
interlocks []
actuate state mode=None-script, software_lock=False
doing actuation None-script close_channel True
Close FC ===>> OK
GetPercentOutput ===>> 0.0
GetSetpoint ===>> 0.0
GetIndicatorState FC ===>> False
change switch state (True, True)
update switch state FC False args=() kw={} ncanvase=5
GetProcessValue ===>> 233.0
response t=2.00491499901, out=0, setpoint=0, response=233.0
10:36:22 -- CLOSE  VALVE-FC (Furnace Turbo)
-------------------------- close FC () result=[(True, True)]
action=close, ok=True, locked=[False]
open ('FH',) {}
open name=FH desc=---
checking ownership. requestor=129.138.12.137
check software interlocks FH
interlocks []
actuate state mode=None-script, software_lock=False
doing actuation None-script open_channel False
Open FH ===>> OK
GetIndicatorState FH ===>> OK
change switch state (True, True)
update switch state FH True args=() kw={} ncanvase=5
10:36:24 -- OPEN   VALVE-FH (Furnace Isolation)
-------------------------- open FH () result=[(True, True)]
action=open, ok=True, locked=[False]
Furnace enabled. Heating sample.
enable () {}
set extraction state NMGRLFurnace Enabled (False, 'red', 1.5)
could not find manager name="NMGRLFurnace" func="enable_device"
set_pid_parameters (1250.0,) {}
setting pid parameters for 1250.0
{"pid": "HO,45;XP,100;TI,15;TD,3", "command": "SetPID"} ===>> OK
BEGIN INTERVAL Interval 1 waiting for 360.0
block started
set extract to 1250.0 (temp)
WaitControl setup for 360.0  
extract () {}
set extraction state NMGRLFurnace ON! 1250.0(temp) (0.75, 'red', 1.5)
extract sample to 1250.0 (temp)
extract
set setpoint to 1250.0
set setpoint=1250.0
setting pid parameters for 1250.0
GetPercentOutput ===>> 0.0
{"pid": "HO,45;XP,100;TI,15;TD,3", "command": "SetPID"} ===>> OK
GetSetpoint ===>> 0.0
{"setpoint": 1250.0, "command": "SetSetpoint"} ===>> OK
sleep (2,) {}
SLEEP 2.0
block started
WaitControl setup for 2.0  
GetProcessValue ===>> 232.0
response t=4.00419306755, out=0, setpoint=0, response=232.0
GetPercentOutput ===>> 45.0
GetSetpoint ===>> 1250.0
GetProcessValue ===>> 232.0
response t=6.00611400604, out=45.0, setpoint=1250.0, response=232.0
Join finished
block finished. duration 2.01016688347
COMPLETE INTERVAL waiting for Interval 1 to complete
GetPercentOutput ===>> 45.0
GetSetpoint ===>> 1250.0
GetProcessValue ===>> 232.0
response t=8.00598192215, out=45.0, setpoint=1250.0, response=232.0
GetPercentOutput ===>> 45.0
GetSetpoint ===>> 1250.0
GetProcessValue ===>> 231.0
response t=10.0099589825, out=45.0, setpoint=1250.0, response=231.0
GetPercentOutput ===>> 45.0
GetSetpoint ===>> 1250.0
GetProcessValue ===>> 232.0
response t=12.0101358891, out=45.0, setpoint=1250.0, response=232.0
GetPercentOutput ===>> 45.0
GetSetpoint ===>> 1250.0
GetProcessValue ===>> 232.0
response t=14.0105340481, out=45.0, setpoint=1250.0, response=232.0
GetPercentOutput ===>> 45.0
GetSetpoint ===>> 1250.0
GetProcessValue ===>> 233.0
response t=16.0145430565, out=45.0, setpoint=1250.0, response=233.0
GetPercentOutput ===>> 45.0
GetSetpoint ===>> 1250.0
GetProcessValue ===>> 236.0
response t=18.0165700912, out=45.0, setpoint=1250.0, response=236.0
GetPercentOutput ===>> 45.0
GetSetpoint ===>> 1250.0
GetProcessValue ===>> 242.0
response t=20.0160200596, out=45.0, setpoint=1250.0, response=242.0
GetPercentOutput ===>> 45.0
GetSetpoint ===>> 1250.0
GetProcessValue ===>> 254.0
response t=22.0153949261, out=45.0, setpoint=1250.0, response=254.0
GetPercentOutput ===>> 45.0
GetSetpoint ===>> 1250.0
GetProcessValue ===>> 273.0
response t=24.0156860352, out=45.0, setpoint=1250.0, response=273.0
GetPercentOutput ===>> 45.0
GetSetpoint ===>> 1250.0
GetProcessValue ===>> 305.0
response t=26.0164179802, out=45.0, setpoint=1250.0, response=305.0
GetPercentOutput ===>> 45.0
GetSetpoint ===>> 1250.0
GetProcessValue ===>> 357.0
response t=28.0163719654, out=45.0, setpoint=1250.0, response=357.0
GetPercentOutput ===>> 45.0
GetSetpoint ===>> 1250.0
GetProcessValue ===>> 432.0
response t=30.0171260834, out=45.0, setpoint=1250.0, response=432.0
GetPercentOutput ===>> 45.0
GetSetpoint ===>> 1250.0
GetProcessValue ===>> 541.0
response t=32.0186359882, out=45.0, setpoint=1250.0, response=541.0
GetPercentOutput ===>> 45.0
GetSetpoint ===>> 1250.0
GetProcessValue ===>> 643.0
response t=34.0179400444, out=45.0, setpoint=1250.0, response=643.0
GetPercentOutput ===>> 45.0
GetSetpoint ===>> 1250.0
GetProcessValue ===>> 622.0
response t=36.0208489895, out=45.0, setpoint=1250.0, response=622.0
GetPercentOutput ===>> 45.0
GetSetpoint ===>> 1250.0
GetProcessValue ===>> 608.0
response t=38.0248029232, out=45.0, setpoint=1250.0, response=608.0
GetPercentOutput ===>> 45.0
GetSetpoint ===>> 1250.0
GetProcessValue ===>> 628.0
response t=40.0275990963, out=45.0, setpoint=1250.0, response=628.0
GetPercentOutput ===>> 45.0
GetSetpoint ===>> 1250.0
GetProcessValue ===>> 661.0
response t=42.0280570984, out=45.0, setpoint=1250.0, response=661.0
GetPercentOutput ===>> 45.0
GetSetpoint ===>> 1250.0
GetProcessValue ===>> 701.0
response t=44.0313699245, out=45.0, setpoint=1250.0, response=701.0
GetPercentOutput ===>> 45.0
GetSetpoint ===>> 1250.0
GetProcessValue ===>> 747.0
response t=46.0328578949, out=45.0, setpoint=1250.0, response=747.0
GetPercentOutput ===>> 45.0
GetSetpoint ===>> 1250.0
GetProcessValue ===>> 795.0
response t=48.0350749493, out=45.0, setpoint=1250.0, response=795.0
GetPercentOutput ===>> 45.0
GetSetpoint ===>> 1250.0
GetProcessValue ===>> 848.0
response t=50.0374228954, out=45.0, setpoint=1250.0, response=848.0
GetPercentOutput ===>> 45.0
GetSetpoint ===>> 1250.0
GetProcessValue ===>> 905.0
response t=52.0394940376, out=45.0, setpoint=1250.0, response=905.0
GetPercentOutput ===>> 37.1
GetSetpoint ===>> 1250.0
GetProcessValue ===>> 958.0
response t=54.0414988995, out=37.1, setpoint=1250.0, response=958.0
GetPercentOutput ===>> 16.6
GetSetpoint ===>> 1250.0
GetProcessValue ===>> 1004.0
response t=56.0409369469, out=16.6, setpoint=1250.0, response=1004.0
GetPercentOutput ===>> 28.0
GetSetpoint ===>> 1250.0
GetProcessValue ===>> 1030.0
response t=58.0449340343, out=28.0, setpoint=1250.0, response=1030.0
GetPercentOutput ===>> 29.7
GetSetpoint ===>> 1250.0
GetProcessValue ===>> 1052.0
response t=60.0449450016, out=29.7, setpoint=1250.0, response=1052.0
GetPercentOutput ===>> 26.0
GetSetpoint ===>> 1250.0
GetProcessValue ===>> 1071.0
response t=62.048760891, out=26.0, setpoint=1250.0, response=1071.0
GetPercentOutput ===>> 25.7
GetSetpoint ===>> 1250.0
GetProcessValue ===>> 1088.0
response t=64.0480439663, out=25.7, setpoint=1250.0, response=1088.0
GetPercentOutput ===>> 28.8
GetSetpoint ===>> 1250.0
GetProcessValue ===>> 1102.0
response t=66.0478990078, out=28.8, setpoint=1250.0, response=1102.0
GetPercentOutput ===>> 27.9
GetSetpoint ===>> 1250.0
GetProcessValue ===>> 1116.0
response t=68.048623085, out=27.9, setpoint=1250.0, response=1116.0
GetPercentOutput ===>> 36.3
GetSetpoint ===>> 1250.0
GetProcessValue ===>> 1127.0
response t=70.04774189, out=36.3, setpoint=1250.0, response=1127.0
GetPercentOutput ===>> 37.9
GetSetpoint ===>> 1250.0
GetProcessValue ===>> 1138.0
response t=72.0486819744, out=37.9, setpoint=1250.0, response=1138.0
GetPercentOutput ===>> 33.6
GetSetpoint ===>> 1250.0
GetProcessValue ===>> 1152.0
response t=74.0486578941, out=33.6, setpoint=1250.0, response=1152.0
GetPercentOutput ===>> 32.6
GetSetpoint ===>> 1250.0
GetProcessValue ===>> 1165.0
response t=76.0526609421, out=32.6, setpoint=1250.0, response=1165.0
GetPercentOutput ===>> 35.7
GetSetpoint ===>> 1250.0
GetProcessValue ===>> 1176.0
response t=78.0524799824, out=35.7, setpoint=1250.0, response=1176.0
GetPercentOutput ===>> 32.0
GetSetpoint ===>> 1250.0
GetProcessValue ===>> 1188.0
response t=80.0523369312, out=32.0, setpoint=1250.0, response=1188.0
GetPercentOutput ===>> 28.0
GetSetpoint ===>> 1250.0
GetProcessValue ===>> 1200.0
response t=82.0536870956, out=28.0, setpoint=1250.0, response=1200.0
GetPercentOutput ===>> 30.0
GetSetpoint ===>> 1250.0
GetProcessValue ===>> 1208.0
response t=84.0553510189, out=30.0, setpoint=1250.0, response=1208.0
GetPercentOutput ===>> 33.2
GetSetpoint ===>> 1250.0
GetProcessValue ===>> 1214.0
response t=86.058519125, out=33.2, setpoint=1250.0, response=1214.0
GetPercentOutput ===>> 25.1
GetSetpoint ===>> 1250.0
GetProcessValue ===>> 1223.0
response t=88.061578989, out=25.1, setpoint=1250.0, response=1223.0
GetPercentOutput ===>> 38.0
GetSetpoint ===>> 1250.0
GetProcessValue ===>> 1225.0
response t=90.0614609718, out=38.0, setpoint=1250.0, response=1225.0
GetPercentOutput ===>> 33.0
GetSetpoint ===>> 1250.0
GetProcessValue ===>> 1227.0
response t=92.062568903, out=33.0, setpoint=1250.0, response=1227.0
GetPercentOutput ===>> 19.4
GetSetpoint ===>> 1250.0
GetProcessValue ===>> 1238.0
response t=94.0646140575, out=19.4, setpoint=1250.0, response=1238.0
GetPercentOutput ===>> 40.0
GetSetpoint ===>> 1250.0
GetProcessValue ===>> 1235.0
response t=96.0666100979, out=40.0, setpoint=1250.0, response=1235.0
GetPercentOutput ===>> 36.6
GetSetpoint ===>> 1250.0
GetProcessValue ===>> 1235.0
response t=98.0692980289, out=36.6, setpoint=1250.0, response=1235.0
GetPercentOutput ===>> 12.9
GetSetpoint ===>> 1250.0
GetProcessValue ===>> 1247.0
response t=100.071448088, out=12.9, setpoint=1250.0, response=1247.0
GetPercentOutput ===>> 38.0
GetSetpoint ===>> 1250.0
GetProcessValue ===>> 1243.0
response t=102.073497057, out=38.0, setpoint=1250.0, response=1243.0
GetPercentOutput ===>> 43.1
GetSetpoint ===>> 1250.0
GetProcessValue ===>> 1238.0
response t=104.074280977, out=43.1, setpoint=1250.0, response=1238.0
GetPercentOutput ===>> 11.4
GetSetpoint ===>> 1250.0
GetProcessValue ===>> 1250.0
response t=106.077841997, out=11.4, setpoint=1250.0, response=1250.0
GetPercentOutput ===>> 27.2
GetSetpoint ===>> 1250.0
GetProcessValue ===>> 1251.0
response t=108.078489065, out=27.2, setpoint=1250.0, response=1251.0
GetPercentOutput ===>> 45.0
GetSetpoint ===>> 1250.0
GetProcessValue ===>> 1241.0
response t=110.081267118, out=45.0, setpoint=1250.0, response=1241.0
GetPercentOutput ===>> 17.0
GetSetpoint ===>> 1250.0
GetProcessValue ===>> 1248.0
response t=112.083811045, out=17.0, setpoint=1250.0, response=1248.0
GetPercentOutput ===>> 15.7
GetSetpoint ===>> 1250.0
GetProcessValue ===>> 1255.0
response t=114.085855007, out=15.7, setpoint=1250.0, response=1255.0
GetPercentOutput ===>> 45.0
GetSetpoint ===>> 1250.0
GetProcessValue ===>> 1245.0
response t=116.087877989, out=45.0, setpoint=1250.0, response=1245.0
GetPercentOutput ===>> 32.3
GetSetpoint ===>> 1250.0
GetProcessValue ===>> 1245.0
response t=118.089912891, out=32.3, setpoint=1250.0, response=1245.0
GetPercentOutput ===>> 8.4
GetSetpoint ===>> 1250.0
GetProcessValue ===>> 1256.0
response t=120.091943979, out=8.4, setpoint=1250.0, response=1256.0
GetPercentOutput ===>> 37.8
GetSetpoint ===>> 1250.0
GetProcessValue ===>> 1251.0
response t=122.09397912, out=37.8, setpoint=1250.0, response=1251.0
GetPercentOutput ===>> 41.8
GetSetpoint ===>> 1250.0
GetProcessValue ===>> 1243.0
response t=124.096046925, out=41.8, setpoint=1250.0, response=1243.0
GetPercentOutput ===>> 10.1
GetSetpoint ===>> 1250.0
GetProcessValue ===>> 1254.0
response t=126.097863913, out=10.1, setpoint=1250.0, response=1254.0
GetPercentOutput ===>> 24.0
GetSetpoint ===>> 1250.0
GetProcessValue ===>> 1254.0
response t=128.100106955, out=24.0, setpoint=1250.0, response=1254.0
GetPercentOutput ===>> 45.0
GetSetpoint ===>> 1250.0
GetProcessValue ===>> 1244.0
response t=130.102135897, out=45.0, setpoint=1250.0, response=1244.0
GetPercentOutput ===>> 17.0
GetSetpoint ===>> 1250.0
GetProcessValue ===>> 1250.0
response t=132.104168892, out=17.0, setpoint=1250.0, response=1250.0
GetPercentOutput ===>> 14.6
GetSetpoint ===>> 1250.0
GetProcessValue ===>> 1257.0
response t=134.10584712, out=14.6, setpoint=1250.0, response=1257.0
GetPercentOutput ===>> 44.4
GetSetpoint ===>> 1250.0
GetProcessValue ===>> 1247.0
response t=136.108227968, out=44.4, setpoint=1250.0, response=1247.0
GetPercentOutput ===>> 31.3
GetSetpoint ===>> 1250.0
GetProcessValue ===>> 1246.0
response t=138.110228062, out=31.3, setpoint=1250.0, response=1246.0
GetPercentOutput ===>> 8.3
GetSetpoint ===>> 1250.0
GetProcessValue ===>> 1257.0
response t=140.112287045, out=8.3, setpoint=1250.0, response=1257.0
GetPercentOutput ===>> 35.7
GetSetpoint ===>> 1250.0
GetProcessValue ===>> 1252.0
response t=142.1139431, out=35.7, setpoint=1250.0, response=1252.0
GetPercentOutput ===>> 41.3
GetSetpoint ===>> 1250.0
GetProcessValue ===>> 1244.0
response t=144.116400003, out=41.3, setpoint=1250.0, response=1244.0
GetPercentOutput ===>> 10.4
GetSetpoint ===>> 1250.0
GetProcessValue ===>> 1254.0
response t=146.11809206, out=10.4, setpoint=1250.0, response=1254.0
GetPercentOutput ===>> 26.7
GetSetpoint ===>> 1250.0
GetProcessValue ===>> 1254.0
response t=148.120379925, out=26.7, setpoint=1250.0, response=1254.0
GetPercentOutput ===>> 45.0
GetSetpoint ===>> 1250.0
GetProcessValue ===>> 1245.0
response t=150.122318983, out=45.0, setpoint=1250.0, response=1245.0
GetPercentOutput ===>> 18.0
GetSetpoint ===>> 1250.0
GetProcessValue ===>> 1250.0
response t=152.123991013, out=18.0, setpoint=1250.0, response=1250.0
GetPercentOutput ===>> 13.3
GetSetpoint ===>> 1250.0
GetProcessValue ===>> 1257.0
response t=154.125705004, out=13.3, setpoint=1250.0, response=1257.0
GetPercentOutput ===>> 42.4
GetSetpoint ===>> 1250.0
GetProcessValue ===>> 1248.0
response t=156.128246069, out=42.4, setpoint=1250.0, response=1248.0
GetPercentOutput ===>> 32.0
GetSetpoint ===>> 1250.0
GetProcessValue ===>> 1245.0
response t=158.130208015, out=32.0, setpoint=1250.0, response=1245.0
GetPercentOutput ===>> 8.4
GetSetpoint ===>> 1250.0
GetProcessValue ===>> 1256.0
response t=160.132102966, out=8.4, setpoint=1250.0, response=1256.0
GetPercentOutput ===>> 33.0
GetSetpoint ===>> 1250.0
GetProcessValue ===>> 1251.0
response t=162.134649992, out=33.0, setpoint=1250.0, response=1251.0
GetPercentOutput ===>> 41.8
GetSetpoint ===>> 1250.0
GetProcessValue ===>> 1244.0
response t=164.136729002, out=41.8, setpoint=1250.0, response=1244.0
GetPercentOutput ===>> 12.0
GetSetpoint ===>> 1250.0
GetProcessValue ===>> 1253.0
response t=166.138716936, out=12.0, setpoint=1250.0, response=1253.0
GetPercentOutput ===>> 20.6
GetSetpoint ===>> 1250.0
GetProcessValue ===>> 1255.0
response t=168.140912056, out=20.6, setpoint=1250.0, response=1255.0
GetPercentOutput ===>> 44.2
GetSetpoint ===>> 1250.0
GetProcessValue ===>> 1245.0
response t=170.142767906, out=44.2, setpoint=1250.0, response=1245.0
GetPercentOutput ===>> 21.9
GetSetpoint ===>> 1250.0
GetProcessValue ===>> 1248.0
response t=172.144521952, out=21.9, setpoint=1250.0, response=1248.0
GetPercentOutput ===>> 12.1
GetSetpoint ===>> 1250.0
GetProcessValue ===>> 1256.0
response t=174.146774054, out=12.1, setpoint=1250.0, response=1256.0
GetPercentOutput ===>> 39.0
GetSetpoint ===>> 1250.0
GetProcessValue ===>> 1249.0
response t=176.148886919, out=39.0, setpoint=1250.0, response=1249.0
GetPercentOutput ===>> 35.2
GetSetpoint ===>> 1250.0
GetProcessValue ===>> 1245.0
response t=178.150933027, out=35.2, setpoint=1250.0, response=1245.0
GetPercentOutput ===>> 9.6
GetSetpoint ===>> 1250.0
GetProcessValue ===>> 1255.0
response t=180.152949095, out=9.6, setpoint=1250.0, response=1255.0
GetPercentOutput ===>> 29.0
GetSetpoint ===>> 1250.0
GetProcessValue ===>> 1253.0
response t=182.15506196, out=29.0, setpoint=1250.0, response=1253.0
GetPercentOutput ===>> 42.6
GetSetpoint ===>> 1250.0
GetProcessValue ===>> 1244.0
response t=184.156882048, out=42.6, setpoint=1250.0, response=1244.0
GetPercentOutput ===>> 14.9
GetSetpoint ===>> 1250.0
GetProcessValue ===>> 1251.0
response t=186.159153938, out=14.9, setpoint=1250.0, response=1251.0
GetPercentOutput ===>> 17.0
GetSetpoint ===>> 1250.0
GetProcessValue ===>> 1255.0
response t=188.160937071, out=17.0, setpoint=1250.0, response=1255.0
GetPercentOutput ===>> 42.0
GetSetpoint ===>> 1250.0
GetProcessValue ===>> 1246.0
response t=190.162998915, out=42.0, setpoint=1250.0, response=1246.0
GetPercentOutput ===>> 25.3
GetSetpoint ===>> 1250.0
GetProcessValue ===>> 1247.0
response t=192.165191889, out=25.3, setpoint=1250.0, response=1247.0
GetPercentOutput ===>> 11.0
GetSetpoint ===>> 1250.0
GetProcessValue ===>> 1256.0
response t=194.167154074, out=11.0, setpoint=1250.0, response=1256.0
GetPercentOutput ===>> 36.7
GetSetpoint ===>> 1250.0
GetProcessValue ===>> 1249.0
response t=196.169192076, out=36.7, setpoint=1250.0, response=1249.0
GetPercentOutput ===>> 37.6
GetSetpoint ===>> 1250.0
GetProcessValue ===>> 1244.0
response t=198.17099309, out=37.6, setpoint=1250.0, response=1244.0
GetPercentOutput ===>> 10.7
GetSetpoint ===>> 1250.0
GetProcessValue ===>> 1254.0
response t=200.172956944, out=10.7, setpoint=1250.0, response=1254.0
GetPercentOutput ===>> 26.5
GetSetpoint ===>> 1250.0
GetProcessValue ===>> 1253.0
response t=202.175302029, out=26.5, setpoint=1250.0, response=1253.0
GetPercentOutput ===>> 42.0
GetSetpoint ===>> 1250.0
GetProcessValue ===>> 1245.0
response t=204.177386999, out=42.0, setpoint=1250.0, response=1245.0
GetPercentOutput ===>> 18.0
GetSetpoint ===>> 1250.0
GetProcessValue ===>> 1250.0
response t=206.179403067, out=18.0, setpoint=1250.0, response=1250.0
GetPercentOutput ===>> 15.6
GetSetpoint ===>> 1250.0
GetProcessValue ===>> 1255.0
response t=208.182151079, out=15.6, setpoint=1250.0, response=1255.0
GetPercentOutput ===>> 40.6
GetSetpoint ===>> 1250.0
GetProcessValue ===>> 1247.0
response t=210.183454037, out=40.6, setpoint=1250.0, response=1247.0
GetPercentOutput ===>> 29.0
GetSetpoint ===>> 1250.0
GetProcessValue ===>> 1246.0
response t=212.18503499, out=29.0, setpoint=1250.0, response=1246.0
GetPercentOutput ===>> 11.1
GetSetpoint ===>> 1250.0
GetProcessValue ===>> 1255.0
response t=214.187535048, out=11.1, setpoint=1250.0, response=1255.0
GetPercentOutput ===>> 32.0
GetSetpoint ===>> 1250.0
GetProcessValue ===>> 1251.0
response t=216.18938303, out=32.0, setpoint=1250.0, response=1251.0
GetPercentOutput ===>> 39.0
GetSetpoint ===>> 1250.0
GetProcessValue ===>> 1244.0
response t=218.191600084, out=39.0, setpoint=1250.0, response=1244.0
GetPercentOutput ===>> 13.2
GetSetpoint ===>> 1250.0
GetProcessValue ===>> 1252.0
response t=220.19363308, out=13.2, setpoint=1250.0, response=1252.0
GetPercentOutput ===>> 23.4
GetSetpoint ===>> 1250.0
GetProcessValue ===>> 1254.0
response t=222.195190907, out=23.4, setpoint=1250.0, response=1254.0
GetPercentOutput ===>> 42.0
GetSetpoint ===>> 1250.0
GetProcessValue ===>> 1245.0
response t=224.197719097, out=42.0, setpoint=1250.0, response=1245.0
GetPercentOutput ===>> 21.4
GetSetpoint ===>> 1250.0
GetProcessValue ===>> 1249.0
response t=226.19907093, out=21.4, setpoint=1250.0, response=1249.0
GetPercentOutput ===>> 14.1
GetSetpoint ===>> 1250.0
GetProcessValue ===>> 1255.0
response t=228.201761007, out=14.1, setpoint=1250.0, response=1255.0
GetPercentOutput ===>> 38.7
GetSetpoint ===>> 1250.0
GetProcessValue ===>> 1248.0
response t=230.203413963, out=38.7, setpoint=1250.0, response=1248.0
GetPercentOutput ===>> 32.3
GetSetpoint ===>> 1250.0
GetProcessValue ===>> 1246.0
response t=232.205822945, out=32.3, setpoint=1250.0, response=1246.0
GetPercentOutput ===>> 10.3
GetSetpoint ===>> 1250.0
GetProcessValue ===>> 1255.0
response t=234.207809925, out=10.3, setpoint=1250.0, response=1255.0
GetPercentOutput ===>> 30.1
GetSetpoint ===>> 1250.0
GetProcessValue ===>> 1252.0
response t=236.211153984, out=30.1, setpoint=1250.0, response=1252.0
GetPercentOutput ===>> 41.1
GetSetpoint ===>> 1250.0
GetProcessValue ===>> 1244.0
response t=238.210993052, out=41.1, setpoint=1250.0, response=1244.0
GetPercentOutput ===>> 15.3
GetSetpoint ===>> 1250.0
GetProcessValue ===>> 1251.0
response t=240.213077068, out=15.3, setpoint=1250.0, response=1251.0
GetPercentOutput ===>> 20.5
GetSetpoint ===>> 1250.0
GetProcessValue ===>> 1255.0
response t=242.215974092, out=20.5, setpoint=1250.0, response=1255.0
GetPercentOutput ===>> 42.3
GetSetpoint ===>> 1250.0
GetProcessValue ===>> 1246.0
response t=244.21758604, out=42.3, setpoint=1250.0, response=1246.0
GetPercentOutput ===>> 25.0
GetSetpoint ===>> 1250.0
GetProcessValue ===>> 1248.0
response t=246.220063925, out=25.0, setpoint=1250.0, response=1248.0
GetPercentOutput ===>> 12.3
GetSetpoint ===>> 1250.0
GetProcessValue ===>> 1255.0
response t=248.22211504, out=12.3, setpoint=1250.0, response=1255.0
GetPercentOutput ===>> 35.0
GetSetpoint ===>> 1250.0
GetProcessValue ===>> 1249.0
response t=250.224148989, out=35.0, setpoint=1250.0, response=1249.0
GetPercentOutput ===>> 35.2
GetSetpoint ===>> 1250.0
GetProcessValue ===>> 1245.0
response t=252.225958109, out=35.2, setpoint=1250.0, response=1245.0
GetPercentOutput ===>> 11.4
GetSetpoint ===>> 1250.0
GetProcessValue ===>> 1254.0
response t=254.228243113, out=11.4, setpoint=1250.0, response=1254.0
GetPercentOutput ===>> 27.1
GetSetpoint ===>> 1250.0
GetProcessValue ===>> 1253.0
response t=256.230271101, out=27.1, setpoint=1250.0, response=1253.0
GetPercentOutput ===>> 41.8
GetSetpoint ===>> 1250.0
GetProcessValue ===>> 1245.0
response t=258.232297897, out=41.8, setpoint=1250.0, response=1245.0
GetPercentOutput ===>> 18.0
GetSetpoint ===>> 1250.0
GetProcessValue ===>> 1250.0
response t=260.233957052, out=18.0, setpoint=1250.0, response=1250.0
GetPercentOutput ===>> 18.3
GetSetpoint ===>> 1250.0
GetProcessValue ===>> 1255.0
response t=262.236366987, out=18.3, setpoint=1250.0, response=1255.0
GetPercentOutput ===>> 41.0
GetSetpoint ===>> 1250.0
GetProcessValue ===>> 1247.0
response t=264.236268044, out=41.0, setpoint=1250.0, response=1247.0
GetPercentOutput ===>> 28.0
GetSetpoint ===>> 1250.0
GetProcessValue ===>> 1247.0
response t=266.238430023, out=28.0, setpoint=1250.0, response=1247.0
GetPercentOutput ===>> 11.0
GetSetpoint ===>> 1250.0
GetProcessValue ===>> 1255.0
response t=268.239924908, out=11.0, setpoint=1250.0, response=1255.0
GetPercentOutput ===>> 33.6
GetSetpoint ===>> 1250.0
GetProcessValue ===>> 1250.0
response t=270.242660999, out=33.6, setpoint=1250.0, response=1250.0
GetPercentOutput ===>> 37.2
GetSetpoint ===>> 1250.0
GetProcessValue ===>> 1245.0
response t=272.246320009, out=37.2, setpoint=1250.0, response=1245.0
GetPercentOutput ===>> 12.6
GetSetpoint ===>> 1250.0
GetProcessValue ===>> 1253.0
response t=274.247047901, out=12.6, setpoint=1250.0, response=1253.0
GetPercentOutput ===>> 24.4
GetSetpoint ===>> 1250.0
GetProcessValue ===>> 1253.0
response t=276.249135017, out=24.4, setpoint=1250.0, response=1253.0
GetPercentOutput ===>> 41.9
GetSetpoint ===>> 1250.0
GetProcessValue ===>> 1245.0
response t=278.25041008, out=41.9, setpoint=1250.0, response=1245.0
GetPercentOutput ===>> 21.0
set states for children of O. state=True
handle state [('O', True)]
update switch state O True args=() kw={'refresh': False} ncanvase=5
GetSetpoint ===>> 1250.0
refresh_canvas_needed fired
GetProcessValue ===>> 1250.0
response t=280.252640009, out=21.0, setpoint=1250.0, response=1250.0
GetPercentOutput ===>> 16.2
GetSetpoint ===>> 1250.0
GetProcessValue ===>> 1255.0
response t=282.254067898, out=16.2, setpoint=1250.0, response=1255.0
GetPercentOutput ===>> 39.0
GetSetpoint ===>> 1250.0
GetProcessValue ===>> 1248.0
response t=284.257369041, out=39.0, setpoint=1250.0, response=1248.0
GetPercentOutput ===>> 31.1
GetSetpoint ===>> 1250.0
GetProcessValue ===>> 1246.0
response t=286.260117054, out=31.1, setpoint=1250.0, response=1246.0
GetPercentOutput ===>> 11.7
GetSetpoint ===>> 1250.0
GetProcessValue ===>> 1255.0
response t=288.262335062, out=11.7, setpoint=1250.0, response=1255.0
GetPercentOutput ===>> 30.6
GetSetpoint ===>> 1250.0
GetProcessValue ===>> 1251.0
response t=290.264786005, out=30.6, setpoint=1250.0, response=1251.0
GetPercentOutput ===>> 39.0
GetSetpoint ===>> 1250.0
GetProcessValue ===>> 1245.0
response t=292.2668221, out=39.0, setpoint=1250.0, response=1245.0
GetPercentOutput ===>> 14.6
GetSetpoint ===>> 1250.0
GetProcessValue ===>> 1252.0
response t=294.268220901, out=14.6, setpoint=1250.0, response=1252.0
GetPercentOutput ===>> 21.9
GetSetpoint ===>> 1250.0
GetProcessValue ===>> 1254.0
response t=296.26939106, out=21.9, setpoint=1250.0, response=1254.0
GetPercentOutput ===>> 41.4
GetSetpoint ===>> 1250.0
GetProcessValue ===>> 1246.0
response t=298.270134926, out=41.4, setpoint=1250.0, response=1246.0
GetPercentOutput ===>> 23.0
GetSetpoint ===>> 1250.0
GetProcessValue ===>> 1248.0
response t=300.271927118, out=23.0, setpoint=1250.0, response=1248.0
GetPercentOutput ===>> 15.0
GetSetpoint ===>> 1250.0
GetProcessValue ===>> 1255.0
response t=302.273958921, out=15.0, setpoint=1250.0, response=1255.0
GetPercentOutput ===>> 37.6
GetSetpoint ===>> 1250.0
GetProcessValue ===>> 1249.0
response t=304.276061058, out=37.6, setpoint=1250.0, response=1249.0
GetPercentOutput ===>> 33.1
GetSetpoint ===>> 1250.0
GetProcessValue ===>> 1246.0
response t=306.279541016, out=33.1, setpoint=1250.0, response=1246.0
GetPercentOutput ===>> 12.4
GetSetpoint ===>> 1250.0
GetProcessValue ===>> 1254.0
response t=308.279396057, out=12.4, setpoint=1250.0, response=1254.0
GetPercentOutput ===>> 28.8
GetSetpoint ===>> 1250.0
GetProcessValue ===>> 1252.0
response t=310.280683994, out=28.8, setpoint=1250.0, response=1252.0
GetPercentOutput ===>> 39.8
GetSetpoint ===>> 1250.0
GetProcessValue ===>> 1245.0
response t=312.284461021, out=39.8, setpoint=1250.0, response=1245.0
GetPercentOutput ===>> 15.9
GetSetpoint ===>> 1250.0
GetProcessValue ===>> 1251.0
response t=314.288111925, out=15.9, setpoint=1250.0, response=1251.0
GetPercentOutput ===>> 19.8
GetSetpoint ===>> 1250.0
GetProcessValue ===>> 1254.0
response t=316.291244984, out=19.8, setpoint=1250.0, response=1254.0
GetPercentOutput ===>> 41.2
GetSetpoint ===>> 1250.0
GetProcessValue ===>> 1246.0
response t=318.293163061, out=41.2, setpoint=1250.0, response=1246.0
GetPercentOutput ===>> 26.1
GetSetpoint ===>> 1250.0
GetProcessValue ===>> 1248.0
response t=320.29527092, out=26.1, setpoint=1250.0, response=1248.0
GetPercentOutput ===>> 13.5
GetSetpoint ===>> 1250.0
GetProcessValue ===>> 1255.0
response t=322.297379971, out=13.5, setpoint=1250.0, response=1255.0
GetPercentOutput ===>> 35.0
GetSetpoint ===>> 1250.0
GetProcessValue ===>> 1249.0
response t=324.298474073, out=35.0, setpoint=1250.0, response=1249.0
GetPercentOutput ===>> 35.0
GetSetpoint ===>> 1250.0
GetProcessValue ===>> 1245.0
response t=326.301203966, out=35.0, setpoint=1250.0, response=1245.0
GetPercentOutput ===>> 12.2
GetSetpoint ===>> 1250.0
GetProcessValue ===>> 1254.0
response t=328.304754972, out=12.2, setpoint=1250.0, response=1254.0
GetPercentOutput ===>> 25.0
GetSetpoint ===>> 1250.0
GetProcessValue ===>> 1253.0
response t=330.305582047, out=25.0, setpoint=1250.0, response=1253.0
GetPercentOutput ===>> 41.1
GetSetpoint ===>> 1250.0
GetProcessValue ===>> 1245.0
response t=332.307411909, out=41.1, setpoint=1250.0, response=1245.0
GetPercentOutput ===>> 18.0
GetSetpoint ===>> 1250.0
GetProcessValue ===>> 1250.0
response t=334.309545994, out=18.0, setpoint=1250.0, response=1250.0
GetPercentOutput ===>> 17.7
GetSetpoint ===>> 1250.0
GetProcessValue ===>> 1255.0
response t=336.311588049, out=17.7, setpoint=1250.0, response=1255.0
GetPercentOutput ===>> 39.7
GetSetpoint ===>> 1250.0
GetProcessValue ===>> 1247.0
response t=338.313601971, out=39.7, setpoint=1250.0, response=1247.0
GetPercentOutput ===>> 29.6
GetSetpoint ===>> 1250.0
GetProcessValue ===>> 1247.0
response t=340.31470108, out=29.6, setpoint=1250.0, response=1247.0
GetPercentOutput ===>> 12.0
GetSetpoint ===>> 1250.0
GetProcessValue ===>> 1255.0
response t=342.316745043, out=12.0, setpoint=1250.0, response=1255.0
GetPercentOutput ===>> 33.2
GetSetpoint ===>> 1250.0
GetProcessValue ===>> 1250.0
response t=344.319700956, out=33.2, setpoint=1250.0, response=1250.0
GetPercentOutput ===>> 37.5
GetSetpoint ===>> 1250.0
GetProcessValue ===>> 1245.0
response t=346.321751118, out=37.5, setpoint=1250.0, response=1245.0
GetPercentOutput ===>> 14.4
GetSetpoint ===>> 1250.0
GetProcessValue ===>> 1252.0
response t=348.323573112, out=14.4, setpoint=1250.0, response=1252.0
GetPercentOutput ===>> 23.3
GetSetpoint ===>> 1250.0
GetProcessValue ===>> 1253.0
response t=350.324781895, out=23.3, setpoint=1250.0, response=1253.0
GetPercentOutput ===>> 41.0
GetSetpoint ===>> 1250.0
GetProcessValue ===>> 1245.0
response t=352.327310085, out=41.0, setpoint=1250.0, response=1245.0
GetPercentOutput ===>> 21.0
GetSetpoint ===>> 1250.0
GetProcessValue ===>> 1249.0
response t=354.329250097, out=21.0, setpoint=1250.0, response=1249.0
GetPercentOutput ===>> 15.9
GetSetpoint ===>> 1250.0
GetProcessValue ===>> 1255.0
response t=356.331950903, out=15.9, setpoint=1250.0, response=1255.0
GetPercentOutput ===>> 38.0
GetSetpoint ===>> 1250.0
GetProcessValue ===>> 1248.0
response t=358.333596945, out=38.0, setpoint=1250.0, response=1248.0
set states for children of U. state=False
handle state [('U', False)]
update switch state U False args=() kw={'refresh': False} ncanvase=5
refresh_canvas_needed fired
GetPercentOutput ===>> 31.0
GetSetpoint ===>> 1250.0
GetProcessValue ===>> 1246.0
response t=360.335535049, out=31.0, setpoint=1250.0, response=1246.0
GetPercentOutput ===>> 12.0
GetSetpoint ===>> 1250.0
GetProcessValue ===>> 1254.0
response t=362.337960958, out=12.0, setpoint=1250.0, response=1254.0
GetPercentOutput ===>> 30.7
GetSetpoint ===>> 1250.0
GetProcessValue ===>> 1251.0
response t=364.340056896, out=30.7, setpoint=1250.0, response=1251.0
Join finished
block finished. duration 360.539747953
Interval 1 finished
disable () {}
%%%%%%%%%%%%%%%%%%%%%%%%%%%%%%%%%%% disable
set extraction state False (0.75, 'red', 1.5)
disable
set setpoint=0.0
setting pid parameters for 0.0
{"pid": "HO,10;XP,10;TI,48;TD,8", "command": "SetPID"} ===>> OK
{"setpoint": 0.0, "command": "SetSetpoint"} ===>> OK
Furnace disabled.
sleep (60,) {}
SLEEP 60.0
block started
WaitControl setup for 60.0  
GetPercentOutput ===>> 0.0
GetSetpoint ===>> 0.0
GetProcessValue ===>> 1243.0
response t=366.342032909, out=0, setpoint=0, response=1243.0
GetPercentOutput ===>> 0.0
GetSetpoint ===>> 0.0
GetProcessValue ===>> 1228.0
response t=368.34407711, out=0, setpoint=0, response=1228.0
GetPercentOutput ===>> 0.0
GetSetpoint ===>> 0.0
GetProcessValue ===>> 1207.0
response t=370.346125126, out=0, setpoint=0, response=1207.0
GetPercentOutput ===>> 0.0
GetSetpoint ===>> 0.0
GetProcessValue ===>> 1185.0
response t=372.348253012, out=0, setpoint=0, response=1185.0
GetPercentOutput ===>> 0.0
GetSetpoint ===>> 0.0
GetProcessValue ===>> 1163.0
response t=374.350232124, out=0, setpoint=0, response=1163.0
GetPercentOutput ===>> 0.0
GetSetpoint ===>> 0.0
GetProcessValue ===>> 1143.0
response t=376.352221966, out=0, setpoint=0, response=1143.0
GetPercentOutput ===>> 0.0
GetSetpoint ===>> 0.0
GetProcessValue ===>> 1124.0
response t=378.354259014, out=0, setpoint=0, response=1124.0
GetPercentOutput ===>> 0.0
GetSetpoint ===>> 0.0
GetProcessValue ===>> 1106.0
response t=380.356293917, out=0, setpoint=0, response=1106.0
GetPercentOutput ===>> 0.0
GetSetpoint ===>> 0.0
GetProcessValue ===>> 1090.0
response t=382.358319998, out=0, setpoint=0, response=1090.0
GetPercentOutput ===>> 0.0
GetSetpoint ===>> 0.0
GetProcessValue ===>> 1073.0
response t=384.360345125, out=0, setpoint=0, response=1073.0
GetPercentOutput ===>> 0.0
GetSetpoint ===>> 0.0
GetProcessValue ===>> 1058.0
response t=386.36241889, out=0, setpoint=0, response=1058.0
GetPercentOutput ===>> 0.0
GetSetpoint ===>> 0.0
GetProcessValue ===>> 1043.0
response t=388.364413023, out=0, setpoint=0, response=1043.0
GetPercentOutput ===>> 0.0
GetSetpoint ===>> 0.0
GetProcessValue ===>> 1030.0
response t=390.36649704, out=0, setpoint=0, response=1030.0
GetPercentOutput ===>> 0.0
GetSetpoint ===>> 0.0
GetProcessValue ===>> 1016.0
response t=392.368472099, out=0, setpoint=0, response=1016.0
GetPercentOutput ===>> 0.0
GetSetpoint ===>> 0.0
GetProcessValue ===>> 1003.0
response t=394.370610952, out=0, setpoint=0, response=1003.0
GetPercentOutput ===>> 0.0
GetSetpoint ===>> 0.0
GetProcessValue ===>> 991.0
response t=396.372716904, out=0, setpoint=0, response=991.0
GetPercentOutput ===>> 0.0
GetSetpoint ===>> 0.0
GetProcessValue ===>> 979.0
response t=398.374576092, out=0, setpoint=0, response=979.0
GetPercentOutput ===>> 0.0
GetSetpoint ===>> 0.0
GetProcessValue ===>> 968.0
response t=400.376600027, out=0, setpoint=0, response=968.0
GetPercentOutput ===>> 0.0
GetSetpoint ===>> 0.0
GetProcessValue ===>> 957.0
response t=402.378371, out=0, setpoint=0, response=957.0
GetPercentOutput ===>> 0.0
GetSetpoint ===>> 0.0
GetProcessValue ===>> 947.0
response t=404.379301071, out=0, setpoint=0, response=947.0
GetPercentOutput ===>> 0.0
GetSetpoint ===>> 0.0
GetProcessValue ===>> 937.0
response t=406.380439043, out=0, setpoint=0, response=937.0
GetPercentOutput ===>> 0.0
GetSetpoint ===>> 0.0
GetProcessValue ===>> 927.0
response t=408.38319993, out=0, setpoint=0, response=927.0
GetPercentOutput ===>> 0.0
GetSetpoint ===>> 0.0
GetProcessValue ===>> 918.0
response t=410.384712934, out=0, setpoint=0, response=918.0
GetPercentOutput ===>> 0.0
GetSetpoint ===>> 0.0
GetProcessValue ===>> 908.0
response t=412.388417959, out=0, setpoint=0, response=908.0
GetPercentOutput ===>> 0.0
GetSetpoint ===>> 0.0
GetProcessValue ===>> 900.0
response t=414.390065908, out=0, setpoint=0, response=900.0
GetPercentOutput ===>> 0.0
GetSetpoint ===>> 0.0
GetProcessValue ===>> 891.0
response t=416.393779039, out=0, setpoint=0, response=891.0
GetPercentOutput ===>> 0.0
GetSetpoint ===>> 0.0
GetProcessValue ===>> 883.0
response t=418.394491911, out=0, setpoint=0, response=883.0
GetPercentOutput ===>> 0.0
GetSetpoint ===>> 0.0
GetProcessValue ===>> 875.0
response t=420.397000074, out=0, setpoint=0, response=875.0
GetPercentOutput ===>> 0.0
GetSetpoint ===>> 0.0
GetProcessValue ===>> 867.0
response t=422.398981094, out=0, setpoint=0, response=867.0
GetPercentOutput ===>> 0.0
GetSetpoint ===>> 0.0
GetProcessValue ===>> 859.0
response t=424.400990963, out=0, setpoint=0, response=859.0
Join finished
block finished. duration 60.1147809029
close ('B',) {}
close name=B desc=---
checking ownership. requestor=129.138.12.137
check software interlocks B
interlocks []
actuate state mode=None-script, software_lock=False
doing actuation None-script close_channel True
Close B ===>> OK
GetIndicatorState B ===>> False
change switch state (True, True)
update switch state B False args=() kw={} ncanvase=5
10:43:26 -- CLOSE  VALVE-B (Bone to Diode Laser)
-------------------------- close B () result=[(True, True)]
action=close, ok=True, locked=[False]
close ('E',) {}
close name=E desc=---
checking ownership. requestor=129.138.12.137
check software interlocks E
interlocks []
actuate state mode=None-script, software_lock=False
doing actuation None-script close_channel False
Close E ===>> OK
GetIndicatorState E ===>> False
change switch state (True, True)
update switch state E False args=() kw={} ncanvase=5
10:43:26 -- CLOSE  VALVE-E (Bone to Minibone)
-------------------------- close E () result=[(True, True)]
action=close, ok=True, locked=[False]
close ('C',) {}
close name=C desc=---
checking ownership. requestor=129.138.12.137
check software interlocks C
interlocks []
actuate state mode=None-script, software_lock=False
doing actuation None-script close_channel True
Close C ===>> OK
GetIndicatorState C ===>> False
change switch state (True, True)
update switch state C False args=() kw={} ncanvase=5
10:43:27 -- CLOSE  VALVE-C (Bone to Turbo)
-------------------------- close C () result=[(True, True)]
GetPercentOutput ===>> 0.0
GetSetpoint ===>> 0.0
GetProcessValue ===>> 851.0
response t=426.406284094, out=0, setpoint=0, response=851.0
action=close, ok=True, locked=[False]
sleep (2,) {}
SLEEP 2.0
block started
WaitControl setup for 2.0  
GetPercentOutput ===>> 0.0
GetSetpoint ===>> 0.0
GetProcessValue ===>> 843.0
response t=428.410058975, out=0, setpoint=0, response=843.0
Join finished
block finished. duration 2.00699186325
open ('J',) {}
open name=J desc=---
checking ownership. requestor=129.138.12.137
check software interlocks J
interlocks []
actuate state mode=None-script, software_lock=False
doing actuation None-script open_channel True
Open J ===>> OK
GetIndicatorState J ===>> OK
change switch state (True, True)
update switch state J True args=() kw={} ncanvase=5
10:43:29 -- OPEN   VALVE-J (Bone to APIS)
-------------------------- open J () result=[(True, True)]
action=open, ok=True, locked=[False]
sleep (30,) {}
SLEEP 30.0
block started
WaitControl setup for 30.0  
GetPercentOutput ===>> 0.0
GetSetpoint ===>> 0.0
GetProcessValue ===>> 835.0
response t=430.410140991, out=0, setpoint=0, response=835.0
GetPercentOutput ===>> 0.0
GetSetpoint ===>> 0.0
GetProcessValue ===>> 829.0
response t=432.409303904, out=0, setpoint=0, response=829.0
GetPercentOutput ===>> 0.0
GetSetpoint ===>> 0.0
GetProcessValue ===>> 822.0
response t=434.411170006, out=0, setpoint=0, response=822.0
GetPercentOutput ===>> 0.0
GetSetpoint ===>> 0.0
GetProcessValue ===>> 815.0
response t=436.413173914, out=0, setpoint=0, response=815.0
set states for children of O. state=False
handle state [('O', False)]
update switch state O False args=() kw={'refresh': False} ncanvase=5
refresh_canvas_needed fired
GetPercentOutput ===>> 0.0
GetSetpoint ===>> 0.0
GetProcessValue ===>> 809.0
response t=438.415235043, out=0, setpoint=0, response=809.0
set states for children of R. state=True
handle state [('R', True)]
update switch state R True args=() kw={'refresh': False} ncanvase=5
refresh_canvas_needed fired
GetPercentOutput ===>> 0.0
GetSetpoint ===>> 0.0
GetProcessValue ===>> 803.0
response t=440.417258978, out=0, setpoint=0, response=803.0
GetPercentOutput ===>> 0.0
GetSetpoint ===>> 0.0
GetProcessValue ===>> 797.0
response t=442.418891907, out=0, setpoint=0, response=797.0
GetPercentOutput ===>> 0.0
GetSetpoint ===>> 0.0
GetProcessValue ===>> 792.0
response t=444.421299934, out=0, setpoint=0, response=792.0
GetPercentOutput ===>> 0.0
GetSetpoint ===>> 0.0
GetProcessValue ===>> 786.0
response t=446.422631025, out=0, setpoint=0, response=786.0
GetPercentOutput ===>> 0.0
GetSetpoint ===>> 0.0
GetProcessValue ===>> 780.0
response t=448.42544198, out=0, setpoint=0, response=780.0
GetPercentOutput ===>> 0.0
GetSetpoint ===>> 0.0
GetProcessValue ===>> 774.0
response t=450.425551891, out=0, setpoint=0, response=774.0
set states for children of R. state=False
handle state [('R', False)]
update switch state R False args=() kw={'refresh': False} ncanvase=5
refresh_canvas_needed fired
GetPercentOutput ===>> 0.0
GetSetpoint ===>> 0.0
GetProcessValue ===>> 768.0
response t=452.429470062, out=0, setpoint=0, response=768.0
GetPercentOutput ===>> 0.0
GetSetpoint ===>> 0.0
GetProcessValue ===>> 762.0
response t=454.429596901, out=0, setpoint=0, response=762.0
set states for children of U. state=True
handle state [('U', True)]
update switch state U True args=() kw={'refresh': False} ncanvase=5
refresh_canvas_needed fired
GetPercentOutput ===>> 0.0
GetSetpoint ===>> 0.0
GetProcessValue ===>> 756.0
response t=456.432825089, out=0, setpoint=0, response=756.0
GetPercentOutput ===>> 0.0
GetSetpoint ===>> 0.0
GetProcessValue ===>> 751.0
response t=458.43555212, out=0, setpoint=0, response=751.0
Join finished
block finished. duration 30.0726389885
close ('J',) {}
close name=J desc=---
checking ownership. requestor=129.138.12.137
check software interlocks J
interlocks []
actuate state mode=None-script, software_lock=False
doing actuation None-script close_channel True
Close J ===>> OK
GetIndicatorState J ===>> False
change switch state (True, True)
update switch state J False args=() kw={} ncanvase=5
10:44:00 -- CLOSE  VALVE-J (Bone to APIS)
-------------------------- close J () result=[(True, True)]
action=close, ok=True, locked=[False]
open ('FC',) {}
open name=FC desc=---
checking ownership. requestor=129.138.12.137
check software interlocks FC
interlocks []
actuate state mode=None-script, software_lock=False
doing actuation None-script open_channel True
GetPercentOutput ===>> 0.0
GetSetpoint ===>> 0.0
GetProcessValue ===>> 746.0
response t=460.43761611, out=0, setpoint=0, response=746.0
Open FC ===>> OK
GetIndicatorState FC ===>> OK
change switch state (True, True)
update switch state FC True args=() kw={} ncanvase=5
10:44:01 -- OPEN   VALVE-FC (Furnace Turbo)
-------------------------- open FC () result=[(True, True)]
action=open, ok=True, locked=[False]
sleep (30.0,) {}
SLEEP 30.0
block started
WaitControl setup for 30.0  
GetPercentOutput ===>> 0.0
GetSetpoint ===>> 0.0
GetProcessValue ===>> 741.0
response t=462.439615011, out=0, setpoint=0, response=741.0
GetPercentOutput ===>> 0.0
GetSetpoint ===>> 0.0
GetProcessValue ===>> 736.0
response t=464.441684961, out=0, setpoint=0, response=736.0
GetPercentOutput ===>> 0.0
GetSetpoint ===>> 0.0
GetProcessValue ===>> 730.0
response t=466.443665028, out=0, setpoint=0, response=730.0
GetPercentOutput ===>> 0.0
GetSetpoint ===>> 0.0
GetProcessValue ===>> 726.0
response t=468.445775986, out=0, setpoint=0, response=726.0
GetPercentOutput ===>> 0.0
GetSetpoint ===>> 0.0
GetProcessValue ===>> 721.0
response t=470.447799921, out=0, setpoint=0, response=721.0
GetPercentOutput ===>> 0.0
GetSetpoint ===>> 0.0
GetProcessValue ===>> 716.0
response t=472.449754, out=0, setpoint=0, response=716.0
GetPercentOutput ===>> 0.0
GetSetpoint ===>> 0.0
GetProcessValue ===>> 711.0
response t=474.451644897, out=0, setpoint=0, response=711.0
GetPercentOutput ===>> 0.0
GetSetpoint ===>> 0.0
GetProcessValue ===>> 706.0
response t=476.4541471, out=0, setpoint=0, response=706.0
GetPercentOutput ===>> 0.0
GetSetpoint ===>> 0.0
GetProcessValue ===>> 702.0
response t=478.457436085, out=0, setpoint=0, response=702.0
GetPercentOutput ===>> 0.0
GetSetpoint ===>> 0.0
GetProcessValue ===>> 698.0
response t=480.460607052, out=0, setpoint=0, response=698.0
GetPercentOutput ===>> 0.0
GetSetpoint ===>> 0.0
GetProcessValue ===>> 692.0
response t=482.461843014, out=0, setpoint=0, response=692.0
GetPercentOutput ===>> 0.0
GetSetpoint ===>> 0.0
GetProcessValue ===>> 687.0
response t=484.463408947, out=0, setpoint=0, response=687.0
GetPercentOutput ===>> 0.0
GetSetpoint ===>> 0.0
GetProcessValue ===>> 682.0
response t=486.464400053, out=0, setpoint=0, response=682.0
GetPercentOutput ===>> 0.0
GetSetpoint ===>> 0.0
GetProcessValue ===>> 678.0
response t=488.464219093, out=0, setpoint=0, response=678.0
GetPercentOutput ===>> 0.0
GetSetpoint ===>> 0.0
GetProcessValue ===>> 674.0
response t=490.464622974, out=0, setpoint=0, response=674.0
Join finished
block finished. duration 30.0622680187
stop_response_recorder () {}
stop response recorder
executed snippet estimated_duration=1447.0, duration=491.201536894
felix_furnace.py completed successfully
get achieved output
Requested Output= 0.000
Achieved Output=  0.000
get response blob
get output blob
active pid =HO,10;XP,10;TI,48;TD,8
persistence save...
persistence save - db
AutomatedRunPersister post_extraction_save deprecated
persistence save - dvc
no extraction position for 
not connected to db mysql://felixexp@129.138.12.160/labspy
Enviromentals: {'lab_humiditys': [{'device': 'EnvironmentalMonitor',
                    'name': 'Lab Hum.',
                    'pub_date': '2017-08-22T10:40:30',
                    'title': 'iServer Hum.',
                    'value': 57.3}],
 'lab_pneumatics': [{'device': 'AirPressure',
                     'name': 'Pressure',
                     'pub_date': '2017-08-22T10:44:28',
                     'title': None,
                     'value': 104.7},
                    {'device': 'AirPressure2',
                     'name': 'Pressure2',
                     'pub_date': '2017-08-22T10:44:28',
                     'title': None,
                     'value': 106.48144}],
 'lab_temperatures': [{'device': 'EnvironmentalMonitor',
                       'name': 'Lab Temp.',
                       'pub_date': '2017-08-22T09:43:15',
                       'title': 'iServer Temp.',
                       'value': 72.1},
                      {'device': 'Chiller',
                       'name': 'Coolant Temp.',
                       'pub_date': '2017-08-22T10:35:13',
                       'title': None,
                       'value': 18.0}]}
Extraction Finished
10:44:34 -- ******* Extraction Finished *******
no overlap. not waiting for min ms pumptime
10:44:34 -- Sending spectrometer configuration
======== Sending configuration ========
SetZFocus 1.65 ===>> OK
SetHV 9900.0 ===>> OK
SetZSymmetry 3.35 ===>> OK
SetExtractionLens 63.57 ===>> OK
SetIonRepeller -5.15 ===>> OK
SetElectronEnergy 125.02 ===>> OK
SetYSymmetry 38.07 ===>> OK
send trap current 250.0
GetParameter Trap Current Readback ===>> 248.606848562534
SetParameter Trap Current Set,250.0 ===>> OK
updating mftable name argon
Using mftable located at /Users/obama/PychronDev/setupfiles/spectrometer/mftables/argon.csv
============ MFtable ===========
Isotope  H2     H1     AX     L1     L2     L2(CDD)
Ar40     3.7661 3.8413 3.9194 4.0008 4.1085 4.0941
Ar39     3.6917 3.7661 3.8425 3.9253 4.0278 4.0130
Ar36     3.4653 3.4178 3.6069 3.6828 3.7914 3.7660
================================
get initial guess parabolic
get initial guess parabolic
get initial guess parabolic
get initial guess parabolic
get initial guess parabolic
get initial guess parabolic
======== Configuration Finished ========
GetYSymmetry ===>> 38.07
GetZSymmetry ===>> 3.35
GetParameter Trap Current Readback ===>> 247.711774400293
GetHighVoltage ===>> 9900
start measurement
do measurement
L#=65788 analysis type=unknown
Measurement Started felix_analysis400_120_no_save_center.py
10:44:34 -- ******* Measurement Started felix_analysis400_120_no_save_center.py *******
state changed from extraction to measurement
setting trap, emission, spec, defl, and gains
GetExtractionLens ===>> 63.57
GetYSymmetry ===>> 38.07
GetZSymmetry ===>> 3.35
GetZFocus ===>> 1.65
GetDeflection H2 (CDD) ===>> 3250
GetDeflection H1 (CDD) ===>> 3250
GetDeflection AX (CDD) ===>> 3250
GetDeflection L1 (CDD) ===>> 3250
GetDeflection L2 (CDD) ===>> 0
GetGain H2 ===>> 0.9809305
GetGain H1 ===>> 0.9706
GetGain AX ===>> 0.96269
GetGain L1 ===>> 0.970094835296087
GetGain L2 ===>> 0.967359864778375
GetGain H2(CDD) ===>> 0
GetGain H1(CDD) ===>> 0
GetGain AX(CDD) ===>> 0
GetGain L1(CDD) ===>> 0
GetGain L2(CDD) ===>> 0
GetParameter Trap Current Readback ===>> 248.271195751694
GetParameter Source Current Readback ===>> 888.413538423976
pre measurement save
New frame /Users/obama/PychronDev/data/isotopes/fa/955c4b-b206-4331-8212-62576e5e1501.h5
flush and close file /Users/obama/PychronDev/data/isotopes/fa/955c4b-b206-4331-8212-62576e5e1501.h5
testing...
no interpolation path defined
executed snippet estimated_duration=590.4304, duration=0.000251054763794
unknown measurement script
activate_detectors ('H2', 'H1', 'AX', 'L1', 'L2(CDD)') {}
activate detectors
*************** Set Analysis View Ar/Ar
create graphs
clearing graphs
clear isotope group
setting isotope det=H2, iso=Ar40
setting isotope det=H1, iso=Ar39
setting isotope det=AX, iso=Ar38
setting isotope det=L1, iso=Ar37
setting isotope det=L2(CDD), iso=Ar36
setting previous blanks
 - setting Ar40 blank 2.772+/-0.022
 - setting Ar36 blank 0.01022+/-0.00026
 - setting Ar37 blank 0.000+/-0.012
 - setting Ar38 blank 0.018+/-0.012
 - setting Ar39 blank 0.049+/-0.022
load analysis view
position_magnet ('Ar40',) {'detector': 'H2'}
detector Detector(H2)
POSITION Ar40 H2
setting detector H2 to Ar40 (39.9624)
setting detector H1 to Ar39 (38.8624)
setting detector AX to Ar38 (37.9624)
setting detector L1 to Ar37 (36.9624)
setting detector L2 to Ar36 (35.8624)
setting detector H2(CDD) to Ar40 (39.8624)
setting detector H1(CDD) to Ar39 (38.8624)
setting detector AX(CDD) to Ar38 (37.8624)
setting detector L1(CDD) to Ar37 (36.8624)
setting detector L2(CDD) to Ar36 (35.9624)
Mapping mass to dac mass func: "parabolic"
H2 map mass coeffs = [ -2.56720193e-04   9.47812314e-02   3.88374975e-01]
H2 map mass to dac 39.9624 >> 3.76608
GetHighVoltage ===>> 9900
positioning Ar40 (3.76608) on H2
setting magnet DAC
current  : 3.768080
requested: 3.766080
Delta Dac: 0.002000
Checking detector protection. dv=0.00200
SetMagnetDAC 3.76608 ===>> OK
Magnet settling time: 0.500 0.500
Magnet settling complete
set_dac. change=True
equilibrate () {'delay': 3, 'inlet': 'H', 'outlet': 'V', 'eqtime': 30.0}
Equilibration Started
10:44:35 -- ******* Equilibration Started *******
checking ownership. requestor=129.138.12.137
check software interlocks V
interlocks []
actuate state mode=None-script, software_lock=False
doing actuation None-script close_channel True
Close V ===>> OK
update labels <pychron.experiment.plot_panel.PlotPanel object at 0x19b5d6b90>
update labels "<pychron.graph.stacked_regression_graph.StackedRegressionGraph object at 0x180849b90>"
setting label 0 H2 Ar40
setting label 1 H1 Ar39
setting label 2 AX Ar38
setting label 3 L1 Ar37
setting label 4 L2(CDD) Ar36
update labels "<pychron.graph.stacked_graph.StackedGraph object at 0x180849410>"
setting label 0 H2 Ar40
setting label 1 H1 Ar39
setting label 2 AX Ar38
setting label 3 L1 Ar37
setting label 4 L2(CDD) Ar36
GetIndicatorState V ===>> False
change switch state (True, True)
update switch state V False args=() kw={} ncanvase=5
10:44:35 -- CLOSE  VALVE-V (Felix Ion Pump)
waiting 3s before opening inlet value ('H',)
checking ownership. requestor=129.138.12.137
check software interlocks H
interlocks []
actuate state mode=None-script, software_lock=False
doing actuation None-script open_channel True
Open H ===>> OK
GetIndicatorState H ===>> OK
change switch state (True, True)
update switch state H True args=() kw={} ncanvase=5
10:44:38 -- OPEN   VALVE-H (Felix Inlet)
set_time_zero () {}
equilibrating for 30.0sec
sniff (30.0,) {}
py_sniff
build tables- sniff [Detector(H2), Detector(H1), Detector(AX), Detector(L1), Detector(L2(CDD))]
add group /sniff/Ar40 (Group) u'' table H2
add group /sniff/Ar39 (Group) u'' table H1
add group /sniff/Ar38 (Group) u'' table AX
add group /sniff/Ar37 (Group) u'' table L1
add group /sniff/Ar36 (Group) u'' table L2(CDD)
flush and close file /Users/obama/PychronDev/data/isotopes/fa/955c4b-b206-4331-8212-62576e5e1501.h5
measuring sniff. ncounts=30.0
"sniff" increment series count="1" fit count="0" regressing="False"
starting measurement
10:45:04 -- collecting point 25
Equilibration Finished
10:45:08 -- ******* Equilibration Finished *******
checking ownership. requestor=129.138.12.137
check software interlocks H
interlocks []
actuate state mode=None-script, software_lock=False
doing actuation None-script close_channel True
Close H ===>> OK
GetIndicatorState H ===>> False
change switch state (True, True)
update switch state H False args=() kw={} ncanvase=5
10:45:09 -- CLOSE  VALVE-H (Felix Inlet)
Post Equilibration Started felix_pump_extraction_line.py
10:45:09 -- ******* Post Equilibration Started felix_pump_extraction_line.py *******
testing...
no interpolation path defined
calculate duration
testing...
no interpolation path defined
executed snippet estimated_duration=4.0, duration=0.000302076339722
executed snippet estimated_duration=4.0, duration=0.00244498252869
Pump after analysis
doing GOSUB
testing...
no interpolation path defined
executed snippet estimated_duration=4.0, duration=0.0002760887146
Pump Bone
close () {'description': 'Felix Inlet'}
close name=--- desc=Felix Inlet
checking ownership. requestor=129.138.12.137
check software interlocks H
interlocks []
actuate state mode=None-script, software_lock=False
doing actuation None-script close_channel False
Close H ===>> OK
GetIndicatorState H ===>> False
change switch state (True, True)
update switch state H False args=() kw={} ncanvase=5
10:45:09 -- CLOSE  VALVE-H (Felix Inlet)
-------------------------- close None (Felix Inlet) result=[(True, True)]
action=close, ok=True, locked=[False]
is_closed ('A',) {}
is A () closed?
is closed False
close () {'description': 'CO2 Laser to Bone'}
close name=--- desc=CO2 Laser to Bone
checking ownership. requestor=129.138.12.137
check software interlocks F
interlocks []
actuate state mode=None-script, software_lock=True
VALVE-F(CO2 Laser to Bone) software locked
change switch state (True, False)
-------------------------- close None (CO2 Laser to Bone) result=[(True, False)]
action=close, ok=True, locked=[True]
sleep (1,) {}
SLEEP 1.0
close () {'description': 'CO2 Laser to Roughing'}
close name=--- desc=CO2 Laser to Roughing
checking ownership. requestor=129.138.12.137
check software interlocks G
interlocks []
actuate state mode=None-script, software_lock=True
VALVE-G(CO2 Laser to Roughing) software locked
change switch state (True, False)
-------------------------- close None (CO2 Laser to Roughing) result=[(True, False)]
action=close, ok=True, locked=[True]
open () {'description': 'Bone to Turbo'}
open name=--- desc=Bone to Turbo
checking ownership. requestor=129.138.12.137
check software interlocks C
interlocks []
actuate state mode=None-script, software_lock=False
doing actuation None-script open_channel True
Open C ===>> OK
GetIndicatorState C ===>> OK
change switch state (True, True)
update switch state C True args=() kw={} ncanvase=5
10:45:10 -- OPEN   VALVE-C (Bone to Turbo)
-------------------------- open None (Bone to Turbo) result=[(True, True)]
waiting for write to finish
measurement finished
estimated time: 31.457 actual time: :31.632
flush and close file /Users/obama/PychronDev/data/isotopes/fa/955c4b-b206-4331-8212-62576e5e1501.h5
set_fits () {}
using default fits file=/Users/obama/PychronDev/scripts/measurement/fits/nominal.yaml
set "Ar40" to "('Parabolic', 'SEM')"
set "Ar36" to "('Parabolic', 'SEM')"
set "Ar37" to "('linear', 'SEM')"
set "Ar38" to "('linear', 'SEM')"
set "Ar39" to "('Parabolic', 'SEM')"
set_baseline_fits () {}
using default fits file=/Users/obama/PychronDev/scripts/measurement/fits/nominal.yaml
action=open, ok=True, locked=[False]
set "H2" to "('average', 'SEM')"
open () {'description': 'Bone to Getter GP-50'}
set "L2(CDD)" to "('average', 'SEM')"
open name=--- desc=Bone to Getter GP-50
set "L1" to "('average', 'SEM')"
set "AX" to "('average', 'SEM')"
set "H1" to "('average', 'SEM')"
multicollect () {'integration_time': 1.048576, 'ncounts': 400}
checking ownership. requestor=129.138.12.137
build tables- signal [Detector(H2), Detector(H1), Detector(AX), Detector(L1), Detector(L2(CDD))]
check software interlocks N
interlocks []
actuate state mode=None-script, software_lock=False
add group /signal/Ar40 (Group) u'' table H2
doing actuation None-script open_channel False
add group /signal/Ar39 (Group) u'' table H1
add group /signal/Ar38 (Group) u'' table AX
add group /signal/Ar37 (Group) u'' table L1
add group /signal/Ar36 (Group) u'' table L2(CDD)
flush and close file /Users/obama/PychronDev/data/isotopes/fa/955c4b-b206-4331-8212-62576e5e1501.h5
measuring signal. ncounts=400
Open N ===>> OK
GetIndicatorState N ===>> OK
change switch state (True, True)
update switch state N True args=() kw={} ncanvase=5
10:45:11 -- OPEN   VALVE-N (Bone to Getter GP-50)
-------------------------- open None (Bone to Getter GP-50) result=[(True, True)]
"signal" increment series count="2" fit count="1" regressing="True"
action=open, ok=True, locked=[False]
open () {'description': 'Bone to Diode Laser'}
open name=--- desc=Bone to Diode Laser
checking ownership. requestor=129.138.12.137
check software interlocks B
interlocks []
actuate state mode=None-script, software_lock=False
doing actuation None-script open_channel True
Open B ===>> OK
GetIndicatorState B ===>> OK
starting measurement
change switch state (True, True)
update switch state B True args=() kw={} ncanvase=5
10:45:11 -- OPEN   VALVE-B (Bone to Diode Laser)
-------------------------- open None (Bone to Diode Laser) result=[(True, True)]
action=open, ok=True, locked=[False]
open () {'description': 'Bone to CO2 Laser'}
open name=--- desc=Bone to CO2 Laser
checking ownership. requestor=129.138.12.137
check software interlocks D
interlocks []
actuate state mode=None-script, software_lock=False
doing actuation None-script open_channel False
Open D ===>> OK
GetIndicatorState D ===>> OK
change switch state (True, True)
update switch state D True args=() kw={} ncanvase=5
10:45:12 -- OPEN   VALVE-D (Bone to CO2 Laser)
-------------------------- open None (Bone to CO2 Laser) result=[(True, True)]
action=open, ok=True, locked=[False]
sleep (1,) {}
SLEEP 1.0
set_resource () {'name': 'CO2PumpTimeFlag', 'value': 30}
Set CO2PumpTimeFlag 30 ===>> OK
release ('FelixCO2Flag',) {}
release FelixCO2Flag
Set FelixCO2Flag 0 ===>> OK
executed snippet estimated_duration=6.0, duration=4.28088784218
PumpBone.py completed successfully
gosub finished
get_resource_value () {'name': 'FelixMiniboneFlag'}
Read FelixMiniboneFlag ===>> 0
Get Resource Value FelixMiniboneFlag=0.0
executed snippet estimated_duration=4.0, duration=4.28988099098
felix_pump_extraction_line.py completed successfully
Post Equilibration Finished
10:45:13 -- ******* Post Equilibration Finished *******
GetDeflection L2 (CDD) ===>> 0
testing L2_CDD_==3250
evaluate ot="L2(CDD).deflection==3250" t="L2_CDD_==3250", ctx="{'L2_CDD_': 0.0}"
GetDeflection L2 (CDD) ===>> 0
testing L2_CDD_==3250
evaluate ot="L2(CDD).deflection==3250" t="L2_CDD_==3250", ctx="{'L2_CDD_': 0.0}"
10:45:36 -- collecting point 25
GetDeflection L2 (CDD) ===>> 0
testing L2_CDD_==3250
evaluate ot="L2(CDD).deflection==3250" t="L2_CDD_==3250", ctx="{'L2_CDD_': 0.0}"
GetDeflection L2 (CDD) ===>> 0
testing L2_CDD_==3250
evaluate ot="L2(CDD).deflection==3250" t="L2_CDD_==3250", ctx="{'L2_CDD_': 0.0}"
10:46:03 -- collecting point 50
GetDeflection L2 (CDD) ===>> 0
testing L2_CDD_==3250
evaluate ot="L2(CDD).deflection==3250" t="L2_CDD_==3250", ctx="{'L2_CDD_': 0.0}"
GetDeflection L2 (CDD) ===>> 0
testing L2_CDD_==3250
evaluate ot="L2(CDD).deflection==3250" t="L2_CDD_==3250", ctx="{'L2_CDD_': 0.0}"
GetDeflection L2 (CDD) ===>> 0
testing L2_CDD_==3250
evaluate ot="L2(CDD).deflection==3250" t="L2_CDD_==3250", ctx="{'L2_CDD_': 0.0}"
10:46:29 -- collecting point 75
GetDeflection L2 (CDD) ===>> 0
testing L2_CDD_==3250
evaluate ot="L2(CDD).deflection==3250" t="L2_CDD_==3250", ctx="{'L2_CDD_': 0.0}"
GetDeflection L2 (CDD) ===>> 0
testing L2_CDD_==3250
evaluate ot="L2(CDD).deflection==3250" t="L2_CDD_==3250", ctx="{'L2_CDD_': 0.0}"
10:46:55 -- collecting point 100
GetDeflection L2 (CDD) ===>> 0
testing L2_CDD_==3250
evaluate ot="L2(CDD).deflection==3250" t="L2_CDD_==3250", ctx="{'L2_CDD_': 0.0}"
GetDeflection L2 (CDD) ===>> 0
testing L2_CDD_==3250
evaluate ot="L2(CDD).deflection==3250" t="L2_CDD_==3250", ctx="{'L2_CDD_': 0.0}"
GetDeflection L2 (CDD) ===>> 0
testing L2_CDD_==3250
evaluate ot="L2(CDD).deflection==3250" t="L2_CDD_==3250", ctx="{'L2_CDD_': 0.0}"
10:47:21 -- collecting point 125
GetDeflection L2 (CDD) ===>> 0
testing L2_CDD_==3250
evaluate ot="L2(CDD).deflection==3250" t="L2_CDD_==3250", ctx="{'L2_CDD_': 0.0}"
GetDeflection L2 (CDD) ===>> 0
testing L2_CDD_==3250
evaluate ot="L2(CDD).deflection==3250" t="L2_CDD_==3250", ctx="{'L2_CDD_': 0.0}"
10:47:48 -- collecting point 150
GetDeflection L2 (CDD) ===>> 0
testing L2_CDD_==3250
evaluate ot="L2(CDD).deflection==3250" t="L2_CDD_==3250", ctx="{'L2_CDD_': 0.0}"
GetDeflection L2 (CDD) ===>> 0
testing L2_CDD_==3250
evaluate ot="L2(CDD).deflection==3250" t="L2_CDD_==3250", ctx="{'L2_CDD_': 0.0}"
GetDeflection L2 (CDD) ===>> 0
testing L2_CDD_==3250
evaluate ot="L2(CDD).deflection==3250" t="L2_CDD_==3250", ctx="{'L2_CDD_': 0.0}"
10:48:14 -- collecting point 175
GetDeflection L2 (CDD) ===>> 0
testing L2_CDD_==3250
evaluate ot="L2(CDD).deflection==3250" t="L2_CDD_==3250", ctx="{'L2_CDD_': 0.0}"
GetDeflection L2 (CDD) ===>> 0
testing L2_CDD_==3250
evaluate ot="L2(CDD).deflection==3250" t="L2_CDD_==3250", ctx="{'L2_CDD_': 0.0}"
10:48:40 -- collecting point 200
GetDeflection L2 (CDD) ===>> 0
testing L2_CDD_==3250
evaluate ot="L2(CDD).deflection==3250" t="L2_CDD_==3250", ctx="{'L2_CDD_': 0.0}"
GetDeflection L2 (CDD) ===>> 0
testing L2_CDD_==3250
evaluate ot="L2(CDD).deflection==3250" t="L2_CDD_==3250", ctx="{'L2_CDD_': 0.0}"
GetDeflection L2 (CDD) ===>> 0
testing L2_CDD_==3250
evaluate ot="L2(CDD).deflection==3250" t="L2_CDD_==3250", ctx="{'L2_CDD_': 0.0}"
10:49:07 -- collecting point 225
GetDeflection L2 (CDD) ===>> 0
testing L2_CDD_==3250
evaluate ot="L2(CDD).deflection==3250" t="L2_CDD_==3250", ctx="{'L2_CDD_': 0.0}"
GetDeflection L2 (CDD) ===>> 0
testing L2_CDD_==3250
evaluate ot="L2(CDD).deflection==3250" t="L2_CDD_==3250", ctx="{'L2_CDD_': 0.0}"
10:49:33 -- collecting point 250
GetDeflection L2 (CDD) ===>> 0
testing L2_CDD_==3250
evaluate ot="L2(CDD).deflection==3250" t="L2_CDD_==3250", ctx="{'L2_CDD_': 0.0}"
GetDeflection L2 (CDD) ===>> 0
testing L2_CDD_==3250
evaluate ot="L2(CDD).deflection==3250" t="L2_CDD_==3250", ctx="{'L2_CDD_': 0.0}"
GetDeflection L2 (CDD) ===>> 0
testing L2_CDD_==3250
evaluate ot="L2(CDD).deflection==3250" t="L2_CDD_==3250", ctx="{'L2_CDD_': 0.0}"
10:49:59 -- collecting point 275
GetDeflection L2 (CDD) ===>> 0
testing L2_CDD_==3250
evaluate ot="L2(CDD).deflection==3250" t="L2_CDD_==3250", ctx="{'L2_CDD_': 0.0}"
GetDeflection L2 (CDD) ===>> 0
testing L2_CDD_==3250
evaluate ot="L2(CDD).deflection==3250" t="L2_CDD_==3250", ctx="{'L2_CDD_': 0.0}"
10:50:26 -- collecting point 300
GetDeflection L2 (CDD) ===>> 0
testing L2_CDD_==3250
evaluate ot="L2(CDD).deflection==3250" t="L2_CDD_==3250", ctx="{'L2_CDD_': 0.0}"
GetDeflection L2 (CDD) ===>> 0
testing L2_CDD_==3250
evaluate ot="L2(CDD).deflection==3250" t="L2_CDD_==3250", ctx="{'L2_CDD_': 0.0}"
GetDeflection L2 (CDD) ===>> 0
testing L2_CDD_==3250
evaluate ot="L2(CDD).deflection==3250" t="L2_CDD_==3250", ctx="{'L2_CDD_': 0.0}"
10:50:52 -- collecting point 325
GetDeflection L2 (CDD) ===>> 0
testing L2_CDD_==3250
evaluate ot="L2(CDD).deflection==3250" t="L2_CDD_==3250", ctx="{'L2_CDD_': 0.0}"
GetDeflection L2 (CDD) ===>> 0
testing L2_CDD_==3250
evaluate ot="L2(CDD).deflection==3250" t="L2_CDD_==3250", ctx="{'L2_CDD_': 0.0}"
10:51:18 -- collecting point 350
GetDeflection L2 (CDD) ===>> 0
testing L2_CDD_==3250
evaluate ot="L2(CDD).deflection==3250" t="L2_CDD_==3250", ctx="{'L2_CDD_': 0.0}"
GetDeflection L2 (CDD) ===>> 0
testing L2_CDD_==3250
evaluate ot="L2(CDD).deflection==3250" t="L2_CDD_==3250", ctx="{'L2_CDD_': 0.0}"
GetDeflection L2 (CDD) ===>> 0
testing L2_CDD_==3250
evaluate ot="L2(CDD).deflection==3250" t="L2_CDD_==3250", ctx="{'L2_CDD_': 0.0}"
10:51:44 -- collecting point 375
GetDeflection L2 (CDD) ===>> 0
testing L2_CDD_==3250
evaluate ot="L2(CDD).deflection==3250" t="L2_CDD_==3250", ctx="{'L2_CDD_': 0.0}"
GetDeflection L2 (CDD) ===>> 0
testing L2_CDD_==3250
evaluate ot="L2(CDD).deflection==3250" t="L2_CDD_==3250", ctx="{'L2_CDD_': 0.0}"
10:52:11 -- collecting point 400
waiting for write to finish
measurement finished
estimated time: 419.430 actual time: :420.784
flush and close file /Users/obama/PychronDev/data/isotopes/fa/955c4b-b206-4331-8212-62576e5e1501.h5
baselines () {'settling_time': 15.0, 'detector': 'H2', 'mass': 39.862, 'ncounts': 120}
%%%%%%%%%%%%%%%%%%%%%%%%%%%%%%%% Baseline
build tables- baseline [Detector(H2), Detector(H1), Detector(AX), Detector(L1), Detector(L2(CDD))]
add group baseline table H2
add group baseline table H1
add group baseline table AX
add group baseline table L1
add group baseline table L2(CDD)
flush and close file /Users/obama/PychronDev/data/isotopes/fa/955c4b-b206-4331-8212-62576e5e1501.h5
detector Detector(H2)
POSITION 39.862 H2
Mapping mass to dac mass func: "parabolic"
H2 map mass coeffs = [ -2.56720193e-04   9.47812314e-02   3.88374975e-01]
H2 map mass to dac 39.862 >> 3.75862141492
GetHighVoltage ===>> 9900
positioning 39.862 (3.75862141492) on H2
setting magnet DAC
current  : 3.766080
requested: 3.758621
Delta Dac: 0.007459
Checking detector protection. dv=0.00746
SetMagnetDAC 3.75862141492 ===>> OK
Magnet settling time: 0.500 0.500
Magnet settling complete
set_dac. change=True
Delaying 15.0s for detectors to settle
Join finished
measuring baseline. ncounts=120
"baseline" increment series count="2" fit count="1" regressing="True"
starting measurement
GetDeflection L2 (CDD) ===>> 0
testing L2_CDD_==3250
evaluate ot="L2(CDD).deflection==3250" t="L2_CDD_==3250", ctx="{'L2_CDD_': 0.0}"
GetDeflection L2 (CDD) ===>> 0
testing L2_CDD_==3250
evaluate ot="L2(CDD).deflection==3250" t="L2_CDD_==3250", ctx="{'L2_CDD_': 0.0}"
10:52:53 -- collecting point 25
GetDeflection L2 (CDD) ===>> 0
testing L2_CDD_==3250
evaluate ot="L2(CDD).deflection==3250" t="L2_CDD_==3250", ctx="{'L2_CDD_': 0.0}"
GetDeflection L2 (CDD) ===>> 0
testing L2_CDD_==3250
evaluate ot="L2(CDD).deflection==3250" t="L2_CDD_==3250", ctx="{'L2_CDD_': 0.0}"
10:53:19 -- collecting point 50
GetDeflection L2 (CDD) ===>> 0
testing L2_CDD_==3250
evaluate ot="L2(CDD).deflection==3250" t="L2_CDD_==3250", ctx="{'L2_CDD_': 0.0}"
GetDeflection L2 (CDD) ===>> 0
testing L2_CDD_==3250
evaluate ot="L2(CDD).deflection==3250" t="L2_CDD_==3250", ctx="{'L2_CDD_': 0.0}"
GetDeflection L2 (CDD) ===>> 0
testing L2_CDD_==3250
evaluate ot="L2(CDD).deflection==3250" t="L2_CDD_==3250", ctx="{'L2_CDD_': 0.0}"
10:53:46 -- collecting point 75
GetDeflection L2 (CDD) ===>> 0
testing L2_CDD_==3250
evaluate ot="L2(CDD).deflection==3250" t="L2_CDD_==3250", ctx="{'L2_CDD_': 0.0}"
set states for children of O. state=True
handle state [('O', True)]
update switch state O True args=() kw={'refresh': False} ncanvase=5
refresh_canvas_needed fired
GetDeflection L2 (CDD) ===>> 0
testing L2_CDD_==3250
evaluate ot="L2(CDD).deflection==3250" t="L2_CDD_==3250", ctx="{'L2_CDD_': 0.0}"
10:54:12 -- collecting point 100
GetDeflection L2 (CDD) ===>> 0
testing L2_CDD_==3250
evaluate ot="L2(CDD).deflection==3250" t="L2_CDD_==3250", ctx="{'L2_CDD_': 0.0}"
GetDeflection L2 (CDD) ===>> 0
testing L2_CDD_==3250
evaluate ot="L2(CDD).deflection==3250" t="L2_CDD_==3250", ctx="{'L2_CDD_': 0.0}"
waiting for write to finish
measurement finished
estimated time: 125.829 actual time: :126.229
flush and close file /Users/obama/PychronDev/data/isotopes/fa/955c4b-b206-4331-8212-62576e5e1501.h5
activate_detectors ('H1', 'L2(CDD)') {'peak_center': True}
peak_center () {'detector': 'H2', 'save': False, 'integration_time': 1.048576, 'isotope': 'Ar40'}
peak center: mean=427.392176156 threshold=1.0
peak center started
setup peak center. detector=['H2', 'H1', 'L2(CDD)'], isotope=Ar40
VersionedUnpickler [<apptools.sweet_pickle.versioned_unpickler.VersionedUnpickler object at 0x1809f43b0>] using Updater [<apptools.sweet_pickle.updater.Updater object at 0x120213830>]
VersionedUnpickler [<apptools.sweet_pickle.versioned_unpickler.VersionedUnpickler object at 0x1809f43b0>] using Updater [<apptools.sweet_pickle.updater.Updater object at 0x120213830>]
VersionedUnpickler [<apptools.sweet_pickle.versioned_unpickler.VersionedUnpickler object at 0x1800b7590>] using Updater [<apptools.sweet_pickle.updater.Updater object at 0x120213830>]
setting integration time = 0.524288
SetIntegrationTime 0.524288 ===>> OK
Mapping mass to dac mass func: "parabolic"
H2 map mass coeffs = [ -2.56720193e-04   9.47812314e-02   3.88374975e-01]
H2 map mass to dac 39.9624 >> 3.76608
GetHighVoltage ===>> 9900
do peak center. <pychron.spectrometer.jobs.peak_center.PeakCenter object at 0x14f4da5f0>
doing pc
starting peak center. center dac= 3.76608 step_width=0.0001
width = 0.0001
get scan parameters. half-width=0.002,window=0.002, i=0, scalar=1
Scan parameters center=3.76608 width=0.00400 (3.76408 - 3.76808)
Moving to starting dac 3.76408
setting magnet DAC
current  : 3.758621
requested: 3.764080
Delta Dac: 0.005459
Checking detector protection. dv=0.00546
SetMagnetDAC 3.76408 ===>> OK
Magnet settling time: 0.500 0.500
Magnet settling complete
set_dac. change=True
Wait until signal near baseline. tol= 0.116224401769. timeout= 10
Peak center failed to move to a baseline position
_do_sweep sm= 3.76408, em= 3.76808, stm= 0.0001
calculated step values: start=3.76408, end=3.76808, width=0.0001, nsteps=41.0
setting magnet DAC
current  : 3.764080
requested: 3.764080
Delta Dac: 0.000000
Checking detector protection. dv=0.00000
set_dac. change=False
setting magnet DAC
current  : 3.764080
requested: 3.764183
Delta Dac: 0.000103
Checking detector protection. dv=0.00010
Magnet settling time: 1.049 0.500
Magnet settling complete
set_dac. change=True
setting magnet DAC
current  : 3.764183
requested: 3.764285
Delta Dac: 0.000103
Checking detector protection. dv=0.00010
Magnet settling time: 1.049 0.500
Magnet settling complete
set_dac. change=True
setting magnet DAC
current  : 3.764285
requested: 3.764388
Delta Dac: 0.000103
Checking detector protection. dv=0.00010
Magnet settling time: 1.049 0.500
Magnet settling complete
set_dac. change=True
setting magnet DAC
current  : 3.764388
requested: 3.764490
Delta Dac: 0.000103
Checking detector protection. dv=0.00010
Magnet settling time: 1.049 0.500
Magnet settling complete
set_dac. change=True
setting magnet DAC
current  : 3.764490
requested: 3.764593
Delta Dac: 0.000103
Checking detector protection. dv=0.00010
Magnet settling time: 1.049 0.500
Magnet settling complete
set_dac. change=True
setting magnet DAC
current  : 3.764593
requested: 3.764695
Delta Dac: 0.000103
Checking detector protection. dv=0.00010
Magnet settling time: 1.049 0.500
Magnet settling complete
set_dac. change=True
setting magnet DAC
current  : 3.764695
requested: 3.764798
Delta Dac: 0.000103
Checking detector protection. dv=0.00010
Magnet settling time: 1.049 0.500
Magnet settling complete
set_dac. change=True
setting magnet DAC
current  : 3.764798
requested: 3.764901
Delta Dac: 0.000103
Checking detector protection. dv=0.00010
Magnet settling time: 1.049 0.500
Magnet settling complete
set_dac. change=True
setting magnet DAC
current  : 3.764901
requested: 3.765003
Delta Dac: 0.000103
Checking detector protection. dv=0.00010
Magnet settling time: 1.049 0.500
Magnet settling complete
set_dac. change=True
setting magnet DAC
current  : 3.765003
requested: 3.765106
Delta Dac: 0.000103
Checking detector protection. dv=0.00010
Magnet settling time: 1.049 0.500
Magnet settling complete
set_dac. change=True
setting magnet DAC
current  : 3.765106
requested: 3.765208
Delta Dac: 0.000103
Checking detector protection. dv=0.00010
Magnet settling time: 1.049 0.500
Magnet settling complete
set_dac. change=True
setting magnet DAC
current  : 3.765208
requested: 3.765311
Delta Dac: 0.000103
Checking detector protection. dv=0.00010
Magnet settling time: 1.049 0.500
Magnet settling complete
set_dac. change=True
setting magnet DAC
current  : 3.765311
requested: 3.765413
Delta Dac: 0.000103
Checking detector protection. dv=0.00010
Magnet settling time: 1.049 0.500
Magnet settling complete
set_dac. change=True
setting magnet DAC
current  : 3.765413
requested: 3.765516
Delta Dac: 0.000103
Checking detector protection. dv=0.00010
Magnet settling time: 1.049 0.500
Magnet settling complete
set_dac. change=True
setting magnet DAC
current  : 3.765516
requested: 3.765618
Delta Dac: 0.000103
Checking detector protection. dv=0.00010
Magnet settling time: 1.049 0.500
Magnet settling complete
set_dac. change=True
setting magnet DAC
current  : 3.765618
requested: 3.765721
Delta Dac: 0.000103
Checking detector protection. dv=0.00010
Magnet settling time: 1.049 0.500
Magnet settling complete
set_dac. change=True
setting magnet DAC
current  : 3.765721
requested: 3.765824
Delta Dac: 0.000103
Checking detector protection. dv=0.00010
Magnet settling time: 1.049 0.500
Magnet settling complete
set_dac. change=True
setting magnet DAC
current  : 3.765824
requested: 3.765926
Delta Dac: 0.000103
Checking detector protection. dv=0.00010
Magnet settling time: 1.049 0.500
Magnet settling complete
set_dac. change=True
setting magnet DAC
current  : 3.765926
requested: 3.766029
Delta Dac: 0.000103
Checking detector protection. dv=0.00010
Magnet settling time: 1.049 0.500
Magnet settling complete
set_dac. change=True
setting magnet DAC
current  : 3.766029
requested: 3.766131
Delta Dac: 0.000103
Checking detector protection. dv=0.00010
Magnet settling time: 1.049 0.500
Magnet settling complete
set_dac. change=True
setting magnet DAC
current  : 3.766131
requested: 3.766234
Delta Dac: 0.000103
Checking detector protection. dv=0.00010
Magnet settling time: 1.049 0.500
Magnet settling complete
set_dac. change=True
setting magnet DAC
current  : 3.766234
requested: 3.766336
Delta Dac: 0.000103
Checking detector protection. dv=0.00010
Magnet settling time: 1.049 0.500
Magnet settling complete
set_dac. change=True
setting magnet DAC
current  : 3.766336
requested: 3.766439
Delta Dac: 0.000103
Checking detector protection. dv=0.00010
Magnet settling time: 1.049 0.500
Magnet settling complete
set_dac. change=True
setting magnet DAC
current  : 3.766439
requested: 3.766542
Delta Dac: 0.000103
Checking detector protection. dv=0.00010
Magnet settling time: 1.049 0.500
Magnet settling complete
set_dac. change=True
setting magnet DAC
current  : 3.766542
requested: 3.766644
Delta Dac: 0.000103
Checking detector protection. dv=0.00010
Magnet settling time: 1.049 0.500
Magnet settling complete
set_dac. change=True
setting magnet DAC
current  : 3.766644
requested: 3.766747
Delta Dac: 0.000103
Checking detector protection. dv=0.00010
Magnet settling time: 1.049 0.500
Magnet settling complete
set_dac. change=True
setting magnet DAC
current  : 3.766747
requested: 3.766849
Delta Dac: 0.000103
Checking detector protection. dv=0.00010
Magnet settling time: 1.049 0.500
Magnet settling complete
set_dac. change=True
setting magnet DAC
current  : 3.766849
requested: 3.766952
Delta Dac: 0.000103
Checking detector protection. dv=0.00010
Magnet settling time: 1.049 0.500
Magnet settling complete
set_dac. change=True
setting magnet DAC
current  : 3.766952
requested: 3.767054
Delta Dac: 0.000103
Checking detector protection. dv=0.00010
Magnet settling time: 1.049 0.500
Magnet settling complete
set_dac. change=True
setting magnet DAC
current  : 3.767054
requested: 3.767157
Delta Dac: 0.000103
Checking detector protection. dv=0.00010
Magnet settling time: 1.049 0.500
Magnet settling complete
set_dac. change=True
setting magnet DAC
current  : 3.767157
requested: 3.767259
Delta Dac: 0.000103
Checking detector protection. dv=0.00010
Magnet settling time: 1.049 0.500
Magnet settling complete
set_dac. change=True
setting magnet DAC
current  : 3.767259
requested: 3.767362
Delta Dac: 0.000103
Checking detector protection. dv=0.00010
Magnet settling time: 1.049 0.500
Magnet settling complete
set_dac. change=True
setting magnet DAC
current  : 3.767362
requested: 3.767465
Delta Dac: 0.000103
Checking detector protection. dv=0.00010
Magnet settling time: 1.049 0.500
Magnet settling complete
set_dac. change=True
setting magnet DAC
current  : 3.767465
requested: 3.767567
Delta Dac: 0.000103
Checking detector protection. dv=0.00010
Magnet settling time: 1.049 0.500
Magnet settling complete
set_dac. change=True
setting magnet DAC
current  : 3.767567
requested: 3.767670
Delta Dac: 0.000103
Checking detector protection. dv=0.00010
Magnet settling time: 1.049 0.500
Magnet settling complete
set_dac. change=True
setting magnet DAC
current  : 3.767670
requested: 3.767772
Delta Dac: 0.000103
Checking detector protection. dv=0.00010
Magnet settling time: 1.049 0.500
Magnet settling complete
set_dac. change=True
setting magnet DAC
current  : 3.767772
requested: 3.767875
Delta Dac: 0.000103
Checking detector protection. dv=0.00010
Magnet settling time: 1.049 0.500
Magnet settling complete
set_dac. change=True
setting magnet DAC
current  : 3.767875
requested: 3.767977
Delta Dac: 0.000103
Checking detector protection. dv=0.00010
Magnet settling time: 1.049 0.500
Magnet settling complete
set_dac. change=True
setting magnet DAC
current  : 3.767977
requested: 3.768080
Delta Dac: 0.000103
Checking detector protection. dv=0.00010
Magnet settling time: 1.049 0.500
Magnet settling complete
set_dac. change=True
result of _do_sweep=True
result of _calculate_peak_center=([3.7648134669338686, 3.7659878156312629, 3.7671621643286572], [311.27871976026006, 418.80446311212518, 309.25918831188619], 3.7661561523046099, 418.80446311212518)
Failed to find a valid peak. No peak greater than 1.0. max = 0.648109664913
new center pos Detector(H2) (Ar40) @ 3.76598781563
GetHighVoltage ===>> 9900
dac uncorrected for HV and deflection 3.76598781563
setting integration time = 1.048576
SetIntegrationTime 1.048576 ===>> OK
Failed to find a valid peak. No peak greater than 1.0. max = 0.648109664913
flush and close file /Users/obama/PychronDev/data/isotopes/fa/955c4b-b206-4331-8212-62576e5e1501.h5
sweep finished
finished measure script
executed snippet estimated_duration=590.4304, duration=654.286911011
felix_analysis400_120_no_save_center.py completed successfully
Measurement Finished
10:55:28 -- ******* Measurement Finished *******
Post Measurement Started felix_pump_ms.py
10:55:28 -- ******* Post Measurement Started felix_pump_ms.py *******
testing...
no interpolation path defined
executed snippet estimated_duration=0, duration=4.19616699219e-05
Pumping spectrometer
open () {'name': 'V'}
open name=V desc=---
checking ownership. requestor=129.138.12.137
check software interlocks V
interlocks []
actuate state mode=None-script, software_lock=False
doing actuation None-script open_channel True
Open V ===>> OK
GetIndicatorState V ===>> OK
change switch state (True, True)
update switch state V True args=() kw={} ncanvase=5
10:55:28 -- OPEN   VALVE-V (Felix Ion Pump)
-------------------------- open V () result=[(True, True)]
action=open, ok=True, locked=[False]
executed snippet estimated_duration=0, duration=0.380953073502
felix_pump_ms.py completed successfully
setting _ms_pumptime
Post Measurement Finished
10:55:29 -- ******* Post Measurement Finished *******
$$$$$$$$$$$$$$$$$$$$ state at run end measurement
state changed from measurement to success
post measurement save measured=True aborted=False
Set filtering
setting fod for Ar40= {'filter_outliers': True, 'std_devs': 2, 'iterations': 2}
setting fod for H2= {'filter_outliers': True, 'std_devs': 2, 'iterations': 1}
setting fod for Ar36= {'filter_outliers': True, 'std_devs': 2, 'iterations': 2}
setting fod for L2(CDD)= {'filter_outliers': True, 'std_devs': 2, 'iterations': 1}
setting fod for Ar37= {'filter_outliers': True, 'std_devs': 2, 'iterations': 2}
setting fod for L1= {'filter_outliers': True, 'std_devs': 2, 'iterations': 1}
setting fod for Ar38= {'filter_outliers': True, 'std_devs': 2, 'iterations': 2}
setting fod for AX= {'filter_outliers': True, 'std_devs': 2, 'iterations': 1}
setting fod for Ar39= {'filter_outliers': True, 'std_devs': 2, 'iterations': 2}
setting fod for H1= {'filter_outliers': True, 'std_devs': 2, 'iterations': 1}
not connected to db mysql://felixexp@129.138.12.160/labspy
set states for children of U. state=False
handle state [('U', False)]
update switch state U False args=() kw={'refresh': False} ncanvase=5
Enviromentals: {'lab_humiditys': [{'device': 'EnvironmentalMonitor',
                    'name': 'Lab Hum.',
                    'pub_date': '2017-08-22T10:46:38',
                    'title': 'iServer Hum.',
                    'value': 57.6}],
 'lab_pneumatics': [{'device': 'AirPressure',
                     'name': 'Pressure',
                     'pub_date': '2017-08-22T10:54:31',
                     'title': None,
                     'value': 94.725},
                    {'device': 'AirPressure2',
                     'name': 'Pressure2',
                     'pub_date': '2017-08-22T10:54:31',
                     'title': None,
                     'value': 95.50216}],
 'lab_temperatures': [{'device': 'EnvironmentalMonitor',
                       'name': 'Lab Temp.',
                       'pub_date': '2017-08-22T09:43:15',
                       'title': 'iServer Temp.',
                       'value': 72.1},
                      {'device': 'Chiller',
                       'name': 'Coolant Temp.',
                       'pub_date': '2017-08-22T10:55:16',
                       'title': None,
                       'value': 18.0555555555556}]}
refresh_canvas_needed fired
persistence save...
persistence save - db
post measurement save
5994913136 connecting to database sqlite://@/
connected to db sqlite://@/
create new session 5994913136
close session 5994913136
No database instance. Not saving post measurement to isotopedb database
$$$$$$$$$$$$$$$ auto_save_detector_ic=False
massspec enabled True
create new session 4784494736
MassSpec Database Version: 16.0
close session 4784494736
saving post measurement to secondary database
saving to massspec database 129.138.12.160/massspecdata
setting labnumber to 65788
setting aliquot to 1
setting step to AG
setting uuid to fa955c4b-b206-4331-8212-62576e5e1501
setting irradpos to 65788
setting extract_device to NMGRL Furnace
setting tray to 
setting position to 
setting power_requested to 1250.0
setting extract_value to 1250.0
setting duration to 360.0
setting duration_at_request to 360.0
setting first_stage_delay to 360.0
setting cleanup to 30.0
setting comment to C:8 & C:9 11.51 mg
setting irradiation to NM-291
setting level to C
setting irradiation_level to C
setting sample to 971
setting material to Feldspar
setting project to IR1013
setting mass_spectrometer to Felix
no attribute chron_dosages
no attribute production_ratios
no attribute interference_corrections
no attribute production_name
no attribute j
Reference Isotope=Ar40
Reference Detector=H2
%%%%%%%%%%%%%%%%%%%% Comment: C:8 & C:9 11.51 mg %%%%%%%%%%%%%%%%%%%
adding isotope Ar40 H2
add baseline dbdet= Ar40. original det= H2
get baseline data Ar40 H2
Get data baseline <pychron.processing.isotope.Baseline object at 0x155ea1790> len t=120
baseline Ar40. v=0.0458460173696, e=0.00918914789651
get signal data Ar40 H2
Get data signal Ar40 448.74+/-0.05 len t=400
adding isotope Ar39 H1
add baseline dbdet= Ar39. original det= H1
get baseline data Ar39 H1
Get data baseline <pychron.processing.isotope.Baseline object at 0x155ea1ad0> len t=120
baseline Ar39. v=-0.0523065693698, e=0.0109075837401
get signal data Ar39 H1
Get data signal Ar39 85.037+/-0.032 len t=400
adding isotope Ar38 AX
add baseline dbdet= Ar38. original det= AX
get baseline data Ar38 AX
Get data baseline <pychron.processing.isotope.Baseline object at 0x155ea13d0> len t=120
baseline Ar38. v=-0.110868253761, e=0.0130445273061
get signal data Ar38 AX
Get data signal Ar38 1.412+/-0.013 len t=400
adding isotope Ar37 L1
add baseline dbdet= Ar37. original det= L1
get baseline data Ar37 L1
Get data baseline <pychron.processing.isotope.Baseline object at 0x155ea1e50> len t=120
baseline Ar37. v=-0.60739663255, e=0.00940696212228
get signal data Ar37 L1
Get data signal Ar37 0.494+/-0.011 len t=400
adding isotope Ar36 L2(CDD)
add baseline dbdet= Ar36. original det= L2(CDD)
get baseline data Ar36 L2(CDD)
Get data baseline <pychron.processing.isotope.Baseline object at 0x155ea1450> len t=120
baseline Ar36. v=0.0, e=0.0
get signal data Ar36 L2(CDD)
Get data signal Ar36 0.6754+/-0.0018 len t=400
65788-01AG added analysis time 0.530055999756s
analysis added to mass spec database
mass spec save time= 0.541
persistence save - dvc
================= post measurement started
create new session 4719173072
close session 4719173072
---------------- Experiment Queue saving disabled
DVC saving peakcenter
Failed to find a valid peak. No peak greater than 1.0. max = 0.648109664913
Smart pull ahead: 0 behind: 0
Up-to-date with origin
add to repo msg=modified - 44c6f8761147de90179e8a3952e48831c78a9a46.json
add to repo msg=modified - 88-01AG.json
add to repo msg=modified - 88-01AG.dat.json
add to repo msg=modified - 88-01AG.blan.json
add to repo msg=modified - 88-01AG.inte.json
add to repo msg=modified - 88-01AG.icfa.json
add to repo msg=modified - 88-01AG.base.json
not at valid file /Users/obama/PychronDev/data/.dvc/repositories/IR1013/657/tags/88-01AG.tags.json
add to repo msg=modified - 88-01AG.peak.json
add to repo msg=modified - 88-01AG.extr.json
not at valid file /Users/obama/PychronDev/data/.dvc/repositories/IR1013/657/monitor/88-01AG.moni.json
commit message=<COLLECTION>
add to repo msg=modified - 88-01AG.inte.json
add to repo msg=modified - 88-01AG.base.json
commit message=<ISOEVO> default collection fits
add to repo msg=modified - 88-01AG.blan.json
commit message=<BLANKS> preceding bu-NF-F-191
add to repo msg=modified - 88-01AG.icfa.json
commit message=<ICFactor> default
push repository <pychron.git_archive.repo_manager.GitRepoManager object at 0x15077dd10>
pushing to remote=origin, url=https://github.com
no changes to meta repo
create new session 4719173072
add association IR1013
get identifier "65788"
setting analysis irradiation position=<pychron.dvc.dvc_orm.IrradiationPositionTbl object at 0x19a693ad0>
close session 4719173072
================= post measurement finished
10:55:42 -- ******* Post Run Check *******
loading queue conditionals post_run_actions
queue conditionals path /Users/obama/PychronDev/queue_conditionals/normal.yaml
loading conditionals from /Users/obama/PychronDev/queue_conditionals/normal.yaml
loading system conditionals post_run_actions
loading conditionals from /Users/obama/PychronDev/setupfiles/spectrometer/default_conditionals.yaml
loading queue conditionals post_run_terminations
queue conditionals path /Users/obama/PychronDev/queue_conditionals/normal.yaml
loading conditionals from /Users/obama/PychronDev/queue_conditionals/normal.yaml
loading system conditionals post_run_terminations
loading conditionals from /Users/obama/PychronDev/setupfiles/spectrometer/default_conditionals.yaml
Checking default post run terminations n=1
GetDeflection L2 (CDD) ===>> 0
testing L2_CDD_==3250
evaluate ot="L2(CDD).deflection==3250" t="L2_CDD_==3250", ctx="{'L2_CDD_': 0.0}"
10:55:43 -- ******* Post Run Check Passed *******
10:55:43 -- Automated run 65788-01AG success duration: 1171.584 s
----------------- finish -----------------
----------------- stop -----------------
retroactive repository identifiers disabled
finish run. runs completed=4
update duration runid=65788-01AG, duration=1171.5837152, md5=7c2b1763
loading script "felix_analysis400_120_no_save_center.py"
loading script "felix_pump_ms.py"
loading script "felix_furnace.py"
loading script "felix_pump_extraction_line.py"
testing...
no interpolation path defined
executed snippet estimated_duration=559.2304, duration=0.000314950942993
script duration name:analysis400_120_no_save_center seconds:559.0
loading script "felix_analysis400_120_no_save_center.py"
loading script "felix_pump_ms.py"
loading script "felix_furnace.py"
loading script "felix_pump_extraction_line.py"
testing...
no interpolation path defined
executed snippet estimated_duration=0, duration=3.21865081787e-05
loading script "felix_analysis400_120_no_save_center.py"
loading script "felix_pump_ms.py"
loading script "felix_furnace.py"
loading script "felix_pump_extraction_line.py"
testing...
no interpolation path defined
executed snippet estimated_duration=184.0, duration=0.000452041625977
script duration name:furnace seconds:184.0
loading script "felix_analysis400_120_no_save_center.py"
loading script "felix_pump_ms.py"
loading script "felix_furnace.py"
loading script "felix_pump_extraction_line.py"
testing...
no interpolation path defined
calculate duration
testing...
no interpolation path defined
executed snippet estimated_duration=4.0, duration=0.000585079193115
executed snippet estimated_duration=4.0, duration=0.00466108322144
Script duration 743.0
Run total estimated duration= 744.000
analysis400_120_no_save_center in script context. using previous estimated duration
script duration name:analysis400_120_no_save_center seconds:559.0
pump_ms in script context. using previous estimated duration
furnace in script context. using previous estimated duration
script duration name:furnace seconds:184.0
pump_extraction_line in script context. using previous estimated duration
Script duration 743.0
Run total estimated duration= 744.000
script duration name:analysis400_120_no_save_center seconds:559.0
loading script "felix_analysis400_120_no_save_center.py"
loading script "felix_pump_ms.py"
loading script "felix_air_x2.py"
loading script "felix_pump_extraction_line.py"
testing...
no interpolation path defined
calculate duration
testing...
no interpolation path defined
executed snippet estimated_duration=0, duration=6.79492950439e-05
calculate duration
testing...
no interpolation path defined
executed snippet estimated_duration=0, duration=0.000200986862183
calculate duration
testing...
no interpolation path defined
executed snippet estimated_duration=32.0, duration=0.000146150588989
calculate duration
testing...
no interpolation path defined
executed snippet estimated_duration=34.0, duration=0.000165939331055
calculate duration
testing...
no interpolation path defined
executed snippet estimated_duration=2.0, duration=0.000123023986816
calculate duration
testing...
no interpolation path defined
executed snippet estimated_duration=34.0, duration=0.000142097473145
calculate duration
testing...
no interpolation path defined
executed snippet estimated_duration=34.0, duration=0.000194072723389
calculate duration
testing...
no interpolation path defined
executed snippet estimated_duration=34.0, duration=0.000118017196655
executed snippet estimated_duration=174.0, duration=0.0379118919373
script duration name:air_x2 seconds:174.0
Script duration 733.0
Run total estimated duration= 734.000
loading script "felix_analysis400_120_CDD_center.py"
loading script "felix_pump_ms.py"
loading script "felix_air_x2.py"
loading script "felix_pump_extraction_line.py"
testing...
no interpolation path defined
executed snippet estimated_duration=559.2304, duration=0.000247955322266
script duration name:analysis400_120_CDD_center seconds:559.0
air_x2 in script context. using previous estimated duration
script duration name:air_x2 seconds:174.0
Script duration 733.0
Run total estimated duration= 734.000
analysis400_120_CDD_center in script context. using previous estimated duration
script duration name:analysis400_120_CDD_center seconds:559.0
script duration name:air_x2 seconds:174.0
Script duration 733.0
Run total estimated duration= 734.000
loading script "felix_analysis400_120 no center.py"
loading script "felix_pump_ms.py"
loading script "felix_cocktail_x3.py"
loading script "felix_pump_extraction_line.py"
testing...
no interpolation path defined
executed snippet estimated_duration=559.2304, duration=0.000187158584595
script duration name:analysis400_120 no center seconds:559.0
loading script "felix_analysis400_120 no center.py"
loading script "felix_pump_ms.py"
loading script "felix_cocktail_x3.py"
loading script "felix_pump_extraction_line.py"
testing...
no interpolation path defined
calculate duration
testing...
no interpolation path defined
executed snippet estimated_duration=0, duration=7.39097595215e-05
calculate duration
testing...
no interpolation path defined
executed snippet estimated_duration=0, duration=0.000194072723389
calculate duration
testing...
no interpolation path defined
executed snippet estimated_duration=32.0, duration=0.000112056732178
calculate duration
testing...
no interpolation path defined
executed snippet estimated_duration=34.0, duration=0.000149965286255
calculate duration
testing...
no interpolation path defined
executed snippet estimated_duration=2.0, duration=0.00010085105896
calculate duration
testing...
no interpolation path defined
executed snippet estimated_duration=34.0, duration=0.000112056732178
calculate duration
testing...
no interpolation path defined
executed snippet estimated_duration=34.0, duration=0.000195026397705
calculate duration
testing...
no interpolation path defined
executed snippet estimated_duration=34.0, duration=0.000101804733276
calculate duration
testing...
no interpolation path defined
executed snippet estimated_duration=34.0, duration=0.000168085098267
calculate duration
testing...
no interpolation path defined
executed snippet estimated_duration=34.0, duration=0.000108957290649
executed snippet estimated_duration=244.0, duration=0.0428628921509
script duration name:cocktail_x3 seconds:244.0
Script duration 803.0
Run total estimated duration= 804.000
script duration name:analysis400_120_no_save_center seconds:559.0
cocktail_x3 in script context. using previous estimated duration
script duration name:cocktail_x3 seconds:244.0
Script duration 803.0
Run total estimated duration= 804.000
script duration name:analysis400_120_no_save_center seconds:559.0
script duration name:cocktail_x3 seconds:244.0
Script duration 803.0
Run total estimated duration= 804.000
analysis400_120 no center in script context. using previous estimated duration
script duration name:analysis400_120 no center seconds:559.0
script duration name:furnace seconds:184.0
Script duration 743.0
Run total estimated duration= 744.000
nruns=9 before=5.0, run_dur=6846.0, btw=170.0
write rem/ex queues
/Users/obama/PychronDev/experiments/rem/Load_furnace_971_kspar.rem.txt
/Users/obama/PychronDev/experiments/rem/Load_furnace_971_kspar.ex.txt
doing event level: 3
add run
