do run
loading script "felix_analysis400_120_no_save_center.py"
loading script "felix_pump_ms.py"
loading script "felix_furnace.py"
loading script "felix_pump_extraction_line.py"
testing...
no interpolation path defined
executed snippet estimated_duration=559.2304, duration=0.000244855880737
script duration name:analysis400_120_no_save_center seconds:559.0
loading script "felix_analysis400_120_no_save_center.py"
loading script "felix_pump_ms.py"
loading script "felix_furnace.py"
loading script "felix_pump_extraction_line.py"
testing...
no interpolation path defined
executed snippet estimated_duration=0, duration=3.09944152832e-05
loading script "felix_analysis400_120_no_save_center.py"
loading script "felix_pump_ms.py"
loading script "felix_furnace.py"
loading script "felix_pump_extraction_line.py"
testing...
no interpolation path defined
executed snippet estimated_duration=184.0, duration=0.00036096572876
script duration name:furnace seconds:184.0
loading script "felix_analysis400_120_no_save_center.py"
loading script "felix_pump_ms.py"
loading script "felix_furnace.py"
loading script "felix_pump_extraction_line.py"
testing...
no interpolation path defined
calculate duration
testing...
no interpolation path defined
executed snippet estimated_duration=4.0, duration=0.000197887420654
executed snippet estimated_duration=4.0, duration=0.00135898590088
Script duration 743.0
Run total estimated duration= 744.000
run duration: 0:12:24
doing event level: 2
00:18:40 -- Setting default integration. t=1.048576
setting integration time = 1.048576
SetIntegrationTime 1.048576 ===>> OK
----------------- start -----------------
**************** Experiment Type: Ar/Ar, Ar/Ar
create new session 4748238672
close session 4748238672
$$$$$ Clearing conditionals
adding conditionals 
Add queue conditionals
adding queue conditionals from /Users/obama/PychronDev/queue_conditionals/normal.yaml
add default conditionals
adding default conditionals from /Users/obama/PychronDev/setupfiles/spectrometer/default_conditionals.yaml
Start automated run 65805-01Y
loading script "felix_analysis400_120_no_save_center.py"
loading script "felix_pump_ms.py"
loading script "felix_furnace.py"
loading script "felix_pump_extraction_line.py"
%%%%%%%%%%%%%%%%%% setting automated run 65805-01Y
No value "sensitivity_multiplier" in metadata
$$$$$$$$$$$$$$$ auto_save_detector_ic=False
============================= Pre Extraction Check =============================
loading queue conditionals pre_run_terminations
queue conditionals path /Users/obama/PychronDev/queue_conditionals/normal.yaml
loading conditionals from /Users/obama/PychronDev/queue_conditionals/normal.yaml
loading system conditionals pre_run_terminations
loading conditionals from /Users/obama/PychronDev/setupfiles/spectrometer/default_conditionals.yaml
00:18:40 -- ******* Pre Extraction Check *******
Get a measurement from the spectrometer
Pre Extraction Termination data. keys=L2(CDD),H2,H1,AX,L1,L2, signals=0.00289,-0.01380,-0.25591,0.00679,-0.45317,-0.25203
00:18:40 -- testing system defined conditionals
Checking default pre extraction terminations n=2
testing L2_CDD_
evaluate ot="L2(CDD).inactive" t="L2_CDD_", ctx="{'L2_CDD_': False}"
GetDeflection L2 (CDD) ===>> 0
testing L2_CDD_==3250
evaluate ot="L2(CDD).deflection==3250" t="L2_CDD_==3250", ctx="{'L2_CDD_': 0.0}"
00:18:40 -- ******* Pre Extraction Check Passed *******
=================================================================================
00:18:40 -- stopping status monitor
stop 4712033744
Status monitor stopped
Status monitor finished
00:18:44 -- starting status monitor
start 4712033744
StatusMonitor period=3. Frequencies(state=1, checksum=3, lock=5, owner=5)
start extraction
do extraction
Analysis started at 00:18:49.381951
Extraction Started felix_furnace.py
00:18:49 -- ******* Extraction Started felix_furnace.py *******
state changed from not run to extraction
DO EXTRACTION <pychron.extraction_line.pyscript_runner.RemotePyScriptRunner object at 0x11dbba710>
testing...
no interpolation path defined
executed snippet estimated_duration=546.0, duration=0.00059986114502
start_response_recorder () {}
start response recorder
Felix unknown furnace analysis
close ('F',) {}
close name=F desc=---
checking ownership. requestor=129.138.12.137
check software interlocks F
interlocks []
actuate state mode=None-script, software_lock=True
VALVE-F(CO2 Laser to Bone) software locked
change switch state (True, False)
-------------------------- close F () result=[(True, False)]
action=close, ok=True, locked=[True]
open ('D',) {}
open name=D desc=---
checking ownership. requestor=129.138.12.137
check software interlocks D
interlocks []
actuate state mode=None-script, software_lock=False
doing actuation None-script open_channel False
Open D ===>> OK
GetIndicatorState D ===>> OK
change switch state (True, True)
update switch state D True args=() kw={} ncanvase=3
00:18:49 -- OPEN   VALVE-D (Bone to CO2 Laser)
-------------------------- open D () result=[(True, True)]
GetPercentOutput ===>> 5.6
GetSetpoint ===>> 400.0
GetProcessValue ===>> 403.0
response t=0.00082802772522, out=5.6, setpoint=400.0, response=403.0
action=open, ok=True, locked=[False]
close ('J',) {}
close name=J desc=---
checking ownership. requestor=129.138.12.137
check software interlocks J
interlocks []
actuate state mode=None-script, software_lock=False
doing actuation None-script close_channel False
Close J ===>> OK
GetIndicatorState J ===>> False
change switch state (True, True)
update switch state J False args=() kw={} ncanvase=3
00:18:50 -- CLOSE  VALVE-J (Bone to APIS)
-------------------------- close J () result=[(True, True)]
action=close, ok=True, locked=[False]
close ('FC',) {}
close name=FC desc=---
checking ownership. requestor=129.138.12.137
check software interlocks FC
interlocks []
actuate state mode=None-script, software_lock=False
doing actuation None-script close_channel True
Close FC ===>> OK
GetIndicatorState FC ===>> False
change switch state (True, True)
update switch state FC False args=() kw={} ncanvase=3
00:18:51 -- CLOSE  VALVE-FC (Furnace Turbo)
-------------------------- close FC () result=[(True, True)]
GetPercentOutput ===>> 5.5
GetSetpoint ===>> 400.0
GetProcessValue ===>> 403.0
response t=2.00669908524, out=5.5, setpoint=400.0, response=403.0
action=close, ok=True, locked=[False]
open ('FH',) {}
open name=FH desc=---
checking ownership. requestor=129.138.12.137
check software interlocks FH
interlocks []
actuate state mode=None-script, software_lock=False
doing actuation None-script open_channel False
Open FH ===>> OK
GetIndicatorState FH ===>> OK
change switch state (True, True)
update switch state FH True args=() kw={} ncanvase=3
00:18:52 -- OPEN   VALVE-FH (Furnace Isolation)
-------------------------- open FH () result=[(True, True)]
action=open, ok=True, locked=[False]
Furnace enabled. Heating sample.
enable () {}
set extraction state NMGRLFurnace Enabled (False, 'red', 1.5)
could not find manager name="NMGRLFurnace" func="enable_device"
set_pid_parameters (1200.0,) {}
setting pid parameters for 1200.0
{"pid": "HO,45;XP,100;TI,15;TD,3", "command": "SetPID"} ===>> OK
BEGIN INTERVAL Interval 1 waiting for 300.0
block started
set extract to 1200.0 (watts)
WaitControl setup for 300.0  
extract () {}
set extraction state NMGRLFurnace ON! 1200.0(watts) (0.75, 'red', 1.5)
extract sample to 1200.0 (watts)
extract
set setpoint to 1200.0
set setpoint=1200.0
setting pid parameters for 1200.0
GetPercentOutput ===>> 5.5
{"pid": "HO,45;XP,100;TI,15;TD,3", "command": "SetPID"} ===>> OK
GetSetpoint ===>> 400.0
{"setpoint": 1200.0, "command": "SetSetpoint"} ===>> OK
sleep (2,) {}
SLEEP 2.0
block started
WaitControl setup for 2.0  
GetProcessValue ===>> 403.0
response t=4.01048994064, out=5.5, setpoint=400.0, response=403.0
GetPercentOutput ===>> 45.0
GetSetpoint ===>> 1200.0
GetProcessValue ===>> 403.0
response t=6.01727199554, out=45.0, setpoint=1200.0, response=403.0
Join finished
block finished. duration 2.02419304848
COMPLETE INTERVAL waiting for Interval 1 to complete
GetPercentOutput ===>> 45.0
GetSetpoint ===>> 1200.0
GetProcessValue ===>> 406.0
response t=8.01894211769, out=45.0, setpoint=1200.0, response=406.0
GetPercentOutput ===>> 45.0
GetSetpoint ===>> 1200.0
GetProcessValue ===>> 414.0
response t=10.0189330578, out=45.0, setpoint=1200.0, response=414.0
GetPercentOutput ===>> 45.0
GetSetpoint ===>> 1200.0
GetProcessValue ===>> 428.0
response t=12.0261809826, out=45.0, setpoint=1200.0, response=428.0
GetPercentOutput ===>> 45.0
GetSetpoint ===>> 1200.0
GetProcessValue ===>> 454.0
response t=14.0282120705, out=45.0, setpoint=1200.0, response=454.0
GetPercentOutput ===>> 45.0
GetSetpoint ===>> 1200.0
GetProcessValue ===>> 491.0
response t=16.0302579403, out=45.0, setpoint=1200.0, response=491.0
GetPercentOutput ===>> 45.0
GetSetpoint ===>> 1200.0
GetProcessValue ===>> 546.0
response t=18.0390460491, out=45.0, setpoint=1200.0, response=546.0
GetPercentOutput ===>> 45.0
GetSetpoint ===>> 1200.0
GetProcessValue ===>> 600.0
response t=20.0476961136, out=45.0, setpoint=1200.0, response=600.0
GetPercentOutput ===>> 45.0
GetSetpoint ===>> 1200.0
GetProcessValue ===>> 666.0
response t=22.0498559475, out=45.0, setpoint=1200.0, response=666.0
GetPercentOutput ===>> 45.0
GetSetpoint ===>> 1200.0
GetProcessValue ===>> 735.0
response t=24.0550439358, out=45.0, setpoint=1200.0, response=735.0
GetPercentOutput ===>> 45.0
GetSetpoint ===>> 1200.0
GetProcessValue ===>> 793.0
response t=26.0570750237, out=45.0, setpoint=1200.0, response=793.0
GetPercentOutput ===>> 45.0
GetSetpoint ===>> 1200.0
GetProcessValue ===>> 844.0
response t=28.0590960979, out=45.0, setpoint=1200.0, response=844.0
GetPercentOutput ===>> 45.0
GetSetpoint ===>> 1200.0
GetProcessValue ===>> 888.0
response t=30.0611240864, out=45.0, setpoint=1200.0, response=888.0
GetPercentOutput ===>> 26.8
GetSetpoint ===>> 1200.0
GetProcessValue ===>> 924.0
response t=32.0624110699, out=26.8, setpoint=1200.0, response=924.0
GetPercentOutput ===>> 45.0
GetSetpoint ===>> 1200.0
GetProcessValue ===>> 933.0
response t=34.0651841164, out=45.0, setpoint=1200.0, response=933.0
GetPercentOutput ===>> 45.0
GetSetpoint ===>> 1200.0
GetProcessValue ===>> 936.0
response t=36.067289114, out=45.0, setpoint=1200.0, response=936.0
GetPercentOutput ===>> 45.0
GetSetpoint ===>> 1200.0
GetProcessValue ===>> 952.0
response t=38.0692350864, out=45.0, setpoint=1200.0, response=952.0
GetPercentOutput ===>> 18.0
GetSetpoint ===>> 1200.0
GetProcessValue ===>> 983.0
response t=40.0712840557, out=18.0, setpoint=1200.0, response=983.0
GetPercentOutput ===>> 45.0
GetSetpoint ===>> 1200.0
GetProcessValue ===>> 992.0
response t=42.0734059811, out=45.0, setpoint=1200.0, response=992.0
GetPercentOutput ===>> 45.0
GetSetpoint ===>> 1200.0
GetProcessValue ===>> 1001.0
response t=44.0753309727, out=45.0, setpoint=1200.0, response=1001.0
GetPercentOutput ===>> 33.7
GetSetpoint ===>> 1200.0
GetProcessValue ===>> 1022.0
response t=46.0773839951, out=33.7, setpoint=1200.0, response=1022.0
GetPercentOutput ===>> 42.4
GetSetpoint ===>> 1200.0
GetProcessValue ===>> 1036.0
response t=48.0786371231, out=42.4, setpoint=1200.0, response=1036.0
GetPercentOutput ===>> 45.0
GetSetpoint ===>> 1200.0
GetProcessValue ===>> 1042.0
response t=50.078248024, out=45.0, setpoint=1200.0, response=1042.0
GetPercentOutput ===>> 31.0
GetSetpoint ===>> 1200.0
GetProcessValue ===>> 1063.0
response t=52.0835530758, out=31.0, setpoint=1200.0, response=1063.0
GetPercentOutput ===>> 33.0
GetSetpoint ===>> 1200.0
GetProcessValue ===>> 1080.0
response t=54.0854690075, out=33.0, setpoint=1200.0, response=1080.0
GetPercentOutput ===>> 44.0
GetSetpoint ===>> 1200.0
GetProcessValue ===>> 1088.0
response t=56.0854649544, out=44.0, setpoint=1200.0, response=1088.0
GetPercentOutput ===>> 25.1
GetSetpoint ===>> 1200.0
GetProcessValue ===>> 1108.0
response t=58.0895531178, out=25.1, setpoint=1200.0, response=1108.0
GetPercentOutput ===>> 33.0
GetSetpoint ===>> 1200.0
GetProcessValue ===>> 1122.0
response t=60.0915820599, out=33.0, setpoint=1200.0, response=1122.0
GetPercentOutput ===>> 45.0
GetSetpoint ===>> 1200.0
GetProcessValue ===>> 1128.0
response t=62.0936069489, out=45.0, setpoint=1200.0, response=1128.0
GetPercentOutput ===>> 23.1
GetSetpoint ===>> 1200.0
GetProcessValue ===>> 1146.0
response t=64.0956830978, out=23.1, setpoint=1200.0, response=1146.0
GetPercentOutput ===>> 30.7
GetSetpoint ===>> 1200.0
GetProcessValue ===>> 1155.0
response t=66.0976741314, out=30.7, setpoint=1200.0, response=1155.0
GetPercentOutput ===>> 38.9
GetSetpoint ===>> 1200.0
GetProcessValue ===>> 1159.0
response t=68.0996940136, out=38.9, setpoint=1200.0, response=1159.0
GetPercentOutput ===>> 25.3
GetSetpoint ===>> 1200.0
GetProcessValue ===>> 1170.0
response t=70.098856926, out=25.3, setpoint=1200.0, response=1170.0
GetPercentOutput ===>> 26.3
GetSetpoint ===>> 1200.0
GetProcessValue ===>> 1177.0
response t=72.1037559509, out=26.3, setpoint=1200.0, response=1177.0
GetPercentOutput ===>> 33.0
GetSetpoint ===>> 1200.0
GetProcessValue ===>> 1179.0
response t=74.1057989597, out=33.0, setpoint=1200.0, response=1179.0
GetPercentOutput ===>> 26.6
GetSetpoint ===>> 1200.0
GetProcessValue ===>> 1184.0
response t=76.1078131199, out=26.6, setpoint=1200.0, response=1184.0
GetPercentOutput ===>> 26.2
GetSetpoint ===>> 1200.0
GetProcessValue ===>> 1189.0
response t=78.1098380089, out=26.2, setpoint=1200.0, response=1189.0
GetPercentOutput ===>> 30.1
GetSetpoint ===>> 1200.0
GetProcessValue ===>> 1190.0
response t=80.1118679047, out=30.1, setpoint=1200.0, response=1190.0
GetPercentOutput ===>> 26.8
GetSetpoint ===>> 1200.0
GetProcessValue ===>> 1193.0
response t=82.113904953, out=26.8, setpoint=1200.0, response=1193.0
GetPercentOutput ===>> 26.1
GetSetpoint ===>> 1200.0
GetProcessValue ===>> 1195.0
response t=84.115883112, out=26.1, setpoint=1200.0, response=1195.0
GetPercentOutput ===>> 27.6
GetSetpoint ===>> 1200.0
GetProcessValue ===>> 1196.0
response t=86.1248049736, out=27.6, setpoint=1200.0, response=1196.0
GetPercentOutput ===>> 26.8
GetSetpoint ===>> 1200.0
GetProcessValue ===>> 1197.0
response t=88.1303610802, out=26.8, setpoint=1200.0, response=1197.0
GetPercentOutput ===>> 26.1
GetSetpoint ===>> 1200.0
GetProcessValue ===>> 1198.0
response t=90.1387701035, out=26.1, setpoint=1200.0, response=1198.0
GetPercentOutput ===>> 26.9
GetSetpoint ===>> 1200.0
GetProcessValue ===>> 1198.0
response t=92.1469321251, out=26.9, setpoint=1200.0, response=1198.0
GetPercentOutput ===>> 26.6
GetSetpoint ===>> 1200.0
GetProcessValue ===>> 1199.0
response t=94.1465051174, out=26.6, setpoint=1200.0, response=1199.0
GetPercentOutput ===>> 26.3
GetSetpoint ===>> 1200.0
GetProcessValue ===>> 1199.0
response t=96.1485409737, out=26.3, setpoint=1200.0, response=1199.0
GetPercentOutput ===>> 26.1
GetSetpoint ===>> 1200.0
GetProcessValue ===>> 1200.0
response t=98.1477971077, out=26.1, setpoint=1200.0, response=1200.0
GetPercentOutput ===>> 26.4
GetSetpoint ===>> 1200.0
GetProcessValue ===>> 1200.0
response t=100.148962021, out=26.4, setpoint=1200.0, response=1200.0
GetPercentOutput ===>> 26.6
GetSetpoint ===>> 1200.0
GetProcessValue ===>> 1200.0
response t=102.150259972, out=26.6, setpoint=1200.0, response=1200.0
GetPercentOutput ===>> 26.0
GetSetpoint ===>> 1200.0
GetProcessValue ===>> 1200.0
response t=104.152935028, out=26.0, setpoint=1200.0, response=1200.0
GetPercentOutput ===>> 26.3
GetSetpoint ===>> 1200.0
GetProcessValue ===>> 1200.0
response t=106.155021906, out=26.3, setpoint=1200.0, response=1200.0
GetPercentOutput ===>> 26.4
GetSetpoint ===>> 1200.0
GetProcessValue ===>> 1200.0
response t=108.157063961, out=26.4, setpoint=1200.0, response=1200.0
GetPercentOutput ===>> 26.2
GetSetpoint ===>> 1200.0
GetProcessValue ===>> 1200.0
response t=110.159024, out=26.2, setpoint=1200.0, response=1200.0
GetPercentOutput ===>> 26.3
GetSetpoint ===>> 1200.0
GetProcessValue ===>> 1200.0
response t=112.161075115, out=26.3, setpoint=1200.0, response=1200.0
GetPercentOutput ===>> 26.5
GetSetpoint ===>> 1200.0
GetProcessValue ===>> 1200.0
response t=114.163113117, out=26.5, setpoint=1200.0, response=1200.0
GetPercentOutput ===>> 26.3
GetSetpoint ===>> 1200.0
GetProcessValue ===>> 1200.0
response t=116.165127993, out=26.3, setpoint=1200.0, response=1200.0
GetPercentOutput ===>> 26.4
GetSetpoint ===>> 1200.0
GetProcessValue ===>> 1200.0
response t=118.167187929, out=26.4, setpoint=1200.0, response=1200.0
GetPercentOutput ===>> 26.5
GetSetpoint ===>> 1200.0
GetProcessValue ===>> 1200.0
response t=120.169203043, out=26.5, setpoint=1200.0, response=1200.0
GetPercentOutput ===>> 26.4
GetSetpoint ===>> 1200.0
GetProcessValue ===>> 1200.0
response t=122.170744896, out=26.4, setpoint=1200.0, response=1200.0
GetPercentOutput ===>> 26.4
GetSetpoint ===>> 1200.0
GetProcessValue ===>> 1200.0
response t=124.17326498, out=26.4, setpoint=1200.0, response=1200.0
GetPercentOutput ===>> 26.5
GetSetpoint ===>> 1200.0
GetProcessValue ===>> 1200.0
response t=126.175369978, out=26.5, setpoint=1200.0, response=1200.0
GetPercentOutput ===>> 26.3
GetSetpoint ===>> 1200.0
GetProcessValue ===>> 1200.0
response t=128.176880121, out=26.3, setpoint=1200.0, response=1200.0
GetPercentOutput ===>> 26.4
GetSetpoint ===>> 1200.0
GetProcessValue ===>> 1200.0
response t=130.179323912, out=26.4, setpoint=1200.0, response=1200.0
GetPercentOutput ===>> 26.4
GetSetpoint ===>> 1200.0
GetProcessValue ===>> 1200.0
response t=132.181375027, out=26.4, setpoint=1200.0, response=1200.0
GetPercentOutput ===>> 26.3
GetSetpoint ===>> 1200.0
GetProcessValue ===>> 1200.0
response t=134.183393002, out=26.3, setpoint=1200.0, response=1200.0
GetPercentOutput ===>> 26.5
GetSetpoint ===>> 1200.0
GetProcessValue ===>> 1200.0
response t=136.185461044, out=26.5, setpoint=1200.0, response=1200.0
GetPercentOutput ===>> 26.5
GetSetpoint ===>> 1200.0
GetProcessValue ===>> 1200.0
response t=138.187474966, out=26.5, setpoint=1200.0, response=1200.0
GetPercentOutput ===>> 26.5
GetSetpoint ===>> 1200.0
GetProcessValue ===>> 1200.0
response t=140.195148945, out=26.5, setpoint=1200.0, response=1200.0
GetPercentOutput ===>> 26.6
GetSetpoint ===>> 1200.0
GetProcessValue ===>> 1200.0
response t=142.204108953, out=26.6, setpoint=1200.0, response=1200.0
GetPercentOutput ===>> 26.5
GetSetpoint ===>> 1200.0
GetProcessValue ===>> 1200.0
response t=144.210215092, out=26.5, setpoint=1200.0, response=1200.0
GetPercentOutput ===>> 26.3
GetSetpoint ===>> 1200.0
GetProcessValue ===>> 1200.0
response t=146.212278128, out=26.3, setpoint=1200.0, response=1200.0
GetPercentOutput ===>> 26.6
GetSetpoint ===>> 1200.0
GetProcessValue ===>> 1200.0
response t=148.21430397, out=26.6, setpoint=1200.0, response=1200.0
GetPercentOutput ===>> 26.3
GetSetpoint ===>> 1200.0
GetProcessValue ===>> 1200.0
response t=150.21360898, out=26.3, setpoint=1200.0, response=1200.0
GetPercentOutput ===>> 26.7
GetSetpoint ===>> 1200.0
GetProcessValue ===>> 1200.0
response t=152.218329906, out=26.7, setpoint=1200.0, response=1200.0
GetPercentOutput ===>> 26.4
GetSetpoint ===>> 1200.0
GetProcessValue ===>> 1200.0
response t=154.220360041, out=26.4, setpoint=1200.0, response=1200.0
GetPercentOutput ===>> 26.2
GetSetpoint ===>> 1200.0
GetProcessValue ===>> 1200.0
response t=156.22242403, out=26.2, setpoint=1200.0, response=1200.0
GetPercentOutput ===>> 26.4
GetSetpoint ===>> 1200.0
GetProcessValue ===>> 1200.0
response t=158.221715927, out=26.4, setpoint=1200.0, response=1200.0
GetPercentOutput ===>> 26.7
GetSetpoint ===>> 1200.0
GetProcessValue ===>> 1200.0
response t=160.223833084, out=26.7, setpoint=1200.0, response=1200.0
GetPercentOutput ===>> 26.5
GetSetpoint ===>> 1200.0
GetProcessValue ===>> 1200.0
response t=162.227319956, out=26.5, setpoint=1200.0, response=1200.0
GetPercentOutput ===>> 26.2
GetSetpoint ===>> 1200.0
GetProcessValue ===>> 1200.0
response t=164.23051095, out=26.2, setpoint=1200.0, response=1200.0
GetPercentOutput ===>> 26.5
GetSetpoint ===>> 1200.0
GetProcessValue ===>> 1200.0
response t=166.237955093, out=26.5, setpoint=1200.0, response=1200.0
GetPercentOutput ===>> 26.7
GetSetpoint ===>> 1200.0
GetProcessValue ===>> 1200.0
response t=168.237929106, out=26.7, setpoint=1200.0, response=1200.0
GetPercentOutput ===>> 26.4
GetSetpoint ===>> 1200.0
GetProcessValue ===>> 1200.0
response t=170.246623039, out=26.4, setpoint=1200.0, response=1200.0
GetPercentOutput ===>> 26.4
GetSetpoint ===>> 1200.0
GetProcessValue ===>> 1200.0
response t=172.254560947, out=26.4, setpoint=1200.0, response=1200.0
GetPercentOutput ===>> 26.6
GetSetpoint ===>> 1200.0
GetProcessValue ===>> 1200.0
response t=174.255492926, out=26.6, setpoint=1200.0, response=1200.0
GetPercentOutput ===>> 26.4
GetSetpoint ===>> 1200.0
GetProcessValue ===>> 1200.0
response t=176.259418964, out=26.4, setpoint=1200.0, response=1200.0
GetPercentOutput ===>> 26.6
GetSetpoint ===>> 1200.0
GetProcessValue ===>> 1200.0
response t=178.261404037, out=26.6, setpoint=1200.0, response=1200.0
GetPercentOutput ===>> 26.3
GetSetpoint ===>> 1200.0
GetProcessValue ===>> 1200.0
response t=180.260885, out=26.3, setpoint=1200.0, response=1200.0
GetPercentOutput ===>> 26.4
GetSetpoint ===>> 1200.0
GetProcessValue ===>> 1200.0
response t=182.261621952, out=26.4, setpoint=1200.0, response=1200.0
GetPercentOutput ===>> 26.5
GetSetpoint ===>> 1200.0
GetProcessValue ===>> 1200.0
response t=184.267496109, out=26.5, setpoint=1200.0, response=1200.0
GetPercentOutput ===>> 26.3
GetSetpoint ===>> 1200.0
GetProcessValue ===>> 1200.0
response t=186.269530058, out=26.3, setpoint=1200.0, response=1200.0
GetPercentOutput ===>> 26.6
GetSetpoint ===>> 1200.0
GetProcessValue ===>> 1200.0
response t=188.269922018, out=26.6, setpoint=1200.0, response=1200.0
GetPercentOutput ===>> 26.3
GetSetpoint ===>> 1200.0
GetProcessValue ===>> 1200.0
response t=190.27106905, out=26.3, setpoint=1200.0, response=1200.0
GetPercentOutput ===>> 26.1
GetSetpoint ===>> 1200.0
GetProcessValue ===>> 1200.0
response t=192.272789001, out=26.1, setpoint=1200.0, response=1200.0
GetPercentOutput ===>> 26.6
GetSetpoint ===>> 1200.0
GetProcessValue ===>> 1200.0
response t=194.279563904, out=26.6, setpoint=1200.0, response=1200.0
GetPercentOutput ===>> 26.6
GetSetpoint ===>> 1200.0
GetProcessValue ===>> 1200.0
response t=196.279639006, out=26.6, setpoint=1200.0, response=1200.0
GetPercentOutput ===>> 26.2
GetSetpoint ===>> 1200.0
GetProcessValue ===>> 1200.0
response t=198.281732082, out=26.2, setpoint=1200.0, response=1200.0
GetPercentOutput ===>> 26.2
GetSetpoint ===>> 1200.0
GetProcessValue ===>> 1200.0
response t=200.281377077, out=26.2, setpoint=1200.0, response=1200.0
GetPercentOutput ===>> 26.8
GetSetpoint ===>> 1200.0
GetProcessValue ===>> 1200.0
response t=202.285763025, out=26.8, setpoint=1200.0, response=1200.0
GetPercentOutput ===>> 26.2
GetSetpoint ===>> 1200.0
GetProcessValue ===>> 1200.0
response t=204.291116953, out=26.2, setpoint=1200.0, response=1200.0
GetPercentOutput ===>> 26.5
GetSetpoint ===>> 1200.0
GetProcessValue ===>> 1200.0
response t=206.297399998, out=26.5, setpoint=1200.0, response=1200.0
GetPercentOutput ===>> 26.3
GetSetpoint ===>> 1200.0
GetProcessValue ===>> 1200.0
response t=208.302797079, out=26.3, setpoint=1200.0, response=1200.0
GetPercentOutput ===>> 26.2
GetSetpoint ===>> 1200.0
GetProcessValue ===>> 1200.0
response t=210.308181047, out=26.2, setpoint=1200.0, response=1200.0
GetPercentOutput ===>> 26.4
GetSetpoint ===>> 1200.0
GetProcessValue ===>> 1200.0
response t=212.312601089, out=26.4, setpoint=1200.0, response=1200.0
GetPercentOutput ===>> 26.1
GetSetpoint ===>> 1200.0
GetProcessValue ===>> 1200.0
response t=214.314629078, out=26.1, setpoint=1200.0, response=1200.0
GetPercentOutput ===>> 26.7
GetSetpoint ===>> 1200.0
GetProcessValue ===>> 1200.0
response t=216.316684961, out=26.7, setpoint=1200.0, response=1200.0
GetPercentOutput ===>> 26.3
GetSetpoint ===>> 1200.0
GetProcessValue ===>> 1200.0
response t=218.317614079, out=26.3, setpoint=1200.0, response=1200.0
GetPercentOutput ===>> 26.1
GetSetpoint ===>> 1200.0
GetProcessValue ===>> 1200.0
response t=220.318233967, out=26.1, setpoint=1200.0, response=1200.0
GetPercentOutput ===>> 26.4
GetSetpoint ===>> 1200.0
GetProcessValue ===>> 1200.0
response t=222.318671942, out=26.4, setpoint=1200.0, response=1200.0
GetPercentOutput ===>> 26.7
GetSetpoint ===>> 1200.0
GetProcessValue ===>> 1200.0
response t=224.317934036, out=26.7, setpoint=1200.0, response=1200.0
GetPercentOutput ===>> 26.2
GetSetpoint ===>> 1200.0
GetProcessValue ===>> 1200.0
response t=226.317840099, out=26.2, setpoint=1200.0, response=1200.0
GetPercentOutput ===>> 26.3
GetSetpoint ===>> 1200.0
GetProcessValue ===>> 1200.0
response t=228.3231709, out=26.3, setpoint=1200.0, response=1200.0
GetPercentOutput ===>> 26.2
GetSetpoint ===>> 1200.0
GetProcessValue ===>> 1200.0
response t=230.325942039, out=26.2, setpoint=1200.0, response=1200.0
GetPercentOutput ===>> 26.4
GetSetpoint ===>> 1200.0
GetProcessValue ===>> 1200.0
response t=232.332897902, out=26.4, setpoint=1200.0, response=1200.0
GetPercentOutput ===>> 26.5
GetSetpoint ===>> 1200.0
GetProcessValue ===>> 1200.0
response t=234.334898949, out=26.5, setpoint=1200.0, response=1200.0
GetPercentOutput ===>> 26.1
GetSetpoint ===>> 1200.0
GetProcessValue ===>> 1200.0
response t=236.336863041, out=26.1, setpoint=1200.0, response=1200.0
GetPercentOutput ===>> 26.2
GetSetpoint ===>> 1200.0
GetProcessValue ===>> 1200.0
response t=238.336740971, out=26.2, setpoint=1200.0, response=1200.0
GetPercentOutput ===>> 26.3
GetSetpoint ===>> 1200.0
GetProcessValue ===>> 1200.0
response t=240.338751078, out=26.3, setpoint=1200.0, response=1200.0
GetPercentOutput ===>> 26.2
GetSetpoint ===>> 1200.0
GetProcessValue ===>> 1200.0
response t=242.346733093, out=26.2, setpoint=1200.0, response=1200.0
GetPercentOutput ===>> 26.2
GetSetpoint ===>> 1200.0
GetProcessValue ===>> 1200.0
response t=244.349510908, out=26.2, setpoint=1200.0, response=1200.0
GetPercentOutput ===>> 26.5
GetSetpoint ===>> 1200.0
GetProcessValue ===>> 1200.0
response t=246.354902029, out=26.5, setpoint=1200.0, response=1200.0
GetPercentOutput ===>> 26.2
GetSetpoint ===>> 1200.0
GetProcessValue ===>> 1200.0
response t=248.359182119, out=26.2, setpoint=1200.0, response=1200.0
GetPercentOutput ===>> 26.1
GetSetpoint ===>> 1200.0
GetProcessValue ===>> 1200.0
response t=250.361171007, out=26.1, setpoint=1200.0, response=1200.0
GetPercentOutput ===>> 26.7
GetSetpoint ===>> 1200.0
GetProcessValue ===>> 1200.0
response t=252.369859934, out=26.7, setpoint=1200.0, response=1200.0
GetPercentOutput ===>> 26.3
GetSetpoint ===>> 1200.0
GetProcessValue ===>> 1200.0
response t=254.371999025, out=26.3, setpoint=1200.0, response=1200.0
GetPercentOutput ===>> 26.3
GetSetpoint ===>> 1200.0
GetProcessValue ===>> 1200.0
response t=256.37391305, out=26.3, setpoint=1200.0, response=1200.0
GetPercentOutput ===>> 26.0
GetSetpoint ===>> 1200.0
GetProcessValue ===>> 1200.0
response t=258.375966072, out=26.0, setpoint=1200.0, response=1200.0
GetPercentOutput ===>> 26.3
GetSetpoint ===>> 1200.0
GetProcessValue ===>> 1200.0
response t=260.375842094, out=26.3, setpoint=1200.0, response=1200.0
GetPercentOutput ===>> 26.5
GetSetpoint ===>> 1200.0
GetProcessValue ===>> 1200.0
response t=262.380079985, out=26.5, setpoint=1200.0, response=1200.0
GetPercentOutput ===>> 26.1
GetSetpoint ===>> 1200.0
GetProcessValue ===>> 1200.0
response t=264.382060051, out=26.1, setpoint=1200.0, response=1200.0
GetPercentOutput ===>> 26.2
GetSetpoint ===>> 1200.0
GetProcessValue ===>> 1200.0
response t=266.384085894, out=26.2, setpoint=1200.0, response=1200.0
GetPercentOutput ===>> 26.5
GetSetpoint ===>> 1200.0
GetProcessValue ===>> 1200.0
response t=268.386128902, out=26.5, setpoint=1200.0, response=1200.0
GetPercentOutput ===>> 26.2
GetSetpoint ===>> 1200.0
GetProcessValue ===>> 1200.0
response t=270.39303112, out=26.2, setpoint=1200.0, response=1200.0
GetPercentOutput ===>> 26.4
GetSetpoint ===>> 1200.0
GetProcessValue ===>> 1200.0
response t=272.392772913, out=26.4, setpoint=1200.0, response=1200.0
GetPercentOutput ===>> 26.4
GetSetpoint ===>> 1200.0
GetProcessValue ===>> 1200.0
response t=274.392261982, out=26.4, setpoint=1200.0, response=1200.0
GetPercentOutput ===>> 26.3
GetSetpoint ===>> 1200.0
GetProcessValue ===>> 1200.0
response t=276.394264936, out=26.3, setpoint=1200.0, response=1200.0
GetPercentOutput ===>> 26.4
GetSetpoint ===>> 1200.0
GetProcessValue ===>> 1200.0
response t=278.396286964, out=26.4, setpoint=1200.0, response=1200.0
GetPercentOutput ===>> 26.4
GetSetpoint ===>> 1200.0
GetProcessValue ===>> 1200.0
response t=280.396208048, out=26.4, setpoint=1200.0, response=1200.0
GetPercentOutput ===>> 26.2
GetSetpoint ===>> 1200.0
GetProcessValue ===>> 1200.0
response t=282.400367975, out=26.2, setpoint=1200.0, response=1200.0
GetPercentOutput ===>> 26.1
GetSetpoint ===>> 1200.0
GetProcessValue ===>> 1200.0
response t=284.402326107, out=26.1, setpoint=1200.0, response=1200.0
GetPercentOutput ===>> 26.5
GetSetpoint ===>> 1200.0
GetProcessValue ===>> 1200.0
response t=286.404405117, out=26.5, setpoint=1200.0, response=1200.0
GetPercentOutput ===>> 26.1
GetSetpoint ===>> 1200.0
GetProcessValue ===>> 1200.0
response t=288.406398058, out=26.1, setpoint=1200.0, response=1200.0
GetPercentOutput ===>> 26.4
GetSetpoint ===>> 1200.0
GetProcessValue ===>> 1200.0
response t=290.40645504, out=26.4, setpoint=1200.0, response=1200.0
GetPercentOutput ===>> 26.5
GetSetpoint ===>> 1200.0
GetProcessValue ===>> 1200.0
response t=292.410447121, out=26.5, setpoint=1200.0, response=1200.0
GetPercentOutput ===>> 26.1
GetSetpoint ===>> 1200.0
GetProcessValue ===>> 1200.0
response t=294.412549973, out=26.1, setpoint=1200.0, response=1200.0
GetPercentOutput ===>> 26.3
GetSetpoint ===>> 1200.0
GetProcessValue ===>> 1200.0
response t=296.414544106, out=26.3, setpoint=1200.0, response=1200.0
GetPercentOutput ===>> 26.3
GetSetpoint ===>> 1200.0
GetProcessValue ===>> 1200.0
response t=298.414964914, out=26.3, setpoint=1200.0, response=1200.0
GetPercentOutput ===>> 26.4
GetSetpoint ===>> 1200.0
GetProcessValue ===>> 1200.0
response t=300.416599989, out=26.4, setpoint=1200.0, response=1200.0
GetPercentOutput ===>> 26.0
GetSetpoint ===>> 1200.0
GetProcessValue ===>> 1200.0
response t=302.415761948, out=26.0, setpoint=1200.0, response=1200.0
GetPercentOutput ===>> 26.3
GetSetpoint ===>> 1200.0
GetProcessValue ===>> 1200.0
response t=304.417917967, out=26.3, setpoint=1200.0, response=1200.0
Join finished
block finished. duration 300.913250923
Interval 1 finished
disable () {}
%%%%%%%%%%%%%%%%%%%%%%%%%%%%%%%%%%% disable
set extraction state False (0.75, 'red', 1.5)
disable
set setpoint=0.0
setting pid parameters for 0.0
{"pid": "HO,10;XP,10;TI,48;TD,8", "command": "SetPID"} ===>> OK
{"setpoint": 0.0, "command": "SetSetpoint"} ===>> OK
Furnace disabled.
sleep (60,) {}
SLEEP 60.0
block started
WaitControl setup for 60.0  
GetPercentOutput ===>> 0.0
GetSetpoint ===>> 0.0
GetProcessValue ===>> 1200.0
response t=306.424094915, out=0, setpoint=0, response=1200.0
GetPercentOutput ===>> 0.0
GetSetpoint ===>> 0.0
GetProcessValue ===>> 1193.0
response t=308.426711082, out=0, setpoint=0, response=1193.0
GetPercentOutput ===>> 0.0
GetSetpoint ===>> 0.0
GetProcessValue ===>> 1181.0
response t=310.435584068, out=0, setpoint=0, response=1181.0
GetPercentOutput ===>> 0.0
GetSetpoint ===>> 0.0
GetProcessValue ===>> 1168.0
response t=312.435406923, out=0, setpoint=0, response=1168.0
GetPercentOutput ===>> 0.0
GetSetpoint ===>> 0.0
GetProcessValue ===>> 1155.0
response t=314.435652971, out=0, setpoint=0, response=1155.0
GetPercentOutput ===>> 0.0
GetSetpoint ===>> 0.0
GetProcessValue ===>> 1142.0
response t=316.434861898, out=0, setpoint=0, response=1142.0
GetPercentOutput ===>> 0.0
GetSetpoint ===>> 0.0
GetProcessValue ===>> 1130.0
response t=318.435385942, out=0, setpoint=0, response=1130.0
GetPercentOutput ===>> 0.0
GetSetpoint ===>> 0.0
GetProcessValue ===>> 1117.0
response t=320.435467958, out=0, setpoint=0, response=1117.0
GetPercentOutput ===>> 0.0
GetSetpoint ===>> 0.0
GetProcessValue ===>> 1106.0
response t=322.440952063, out=0, setpoint=0, response=1106.0
GetPercentOutput ===>> 0.0
GetSetpoint ===>> 0.0
GetProcessValue ===>> 1095.0
response t=324.442950964, out=0, setpoint=0, response=1095.0
GetPercentOutput ===>> 0.0
GetSetpoint ===>> 0.0
GetProcessValue ===>> 1084.0
response t=326.44223094, out=0, setpoint=0, response=1084.0
GetPercentOutput ===>> 0.0
GetSetpoint ===>> 0.0
GetProcessValue ===>> 1073.0
response t=328.441406012, out=0, setpoint=0, response=1073.0
GetPercentOutput ===>> 0.0
GetSetpoint ===>> 0.0
GetProcessValue ===>> 1062.0
response t=330.444375992, out=0, setpoint=0, response=1062.0
GetPercentOutput ===>> 0.0
GetSetpoint ===>> 0.0
GetProcessValue ===>> 1052.0
response t=332.447216988, out=0, setpoint=0, response=1052.0
GetPercentOutput ===>> 0.0
GetSetpoint ===>> 0.0
GetProcessValue ===>> 1043.0
response t=334.453114986, out=0, setpoint=0, response=1043.0
GetPercentOutput ===>> 0.0
GetSetpoint ===>> 0.0
GetProcessValue ===>> 1033.0
response t=336.455158949, out=0, setpoint=0, response=1033.0
GetPercentOutput ===>> 0.0
GetSetpoint ===>> 0.0
GetProcessValue ===>> 1024.0
response t=338.457221985, out=0, setpoint=0, response=1024.0
GetPercentOutput ===>> 0.0
GetSetpoint ===>> 0.0
GetProcessValue ===>> 1014.0
response t=340.457392931, out=0, setpoint=0, response=1014.0
GetPercentOutput ===>> 0.0
GetSetpoint ===>> 0.0
GetProcessValue ===>> 1005.0
response t=342.461241007, out=0, setpoint=0, response=1005.0
GetPercentOutput ===>> 0.0
GetSetpoint ===>> 0.0
GetProcessValue ===>> 997.0
response t=344.463253021, out=0, setpoint=0, response=997.0
GetPercentOutput ===>> 0.0
GetSetpoint ===>> 0.0
GetProcessValue ===>> 989.0
response t=346.465310097, out=0, setpoint=0, response=989.0
GetPercentOutput ===>> 0.0
GetSetpoint ===>> 0.0
GetProcessValue ===>> 980.0
response t=348.466727972, out=0, setpoint=0, response=980.0
GetPercentOutput ===>> 0.0
GetSetpoint ===>> 0.0
GetProcessValue ===>> 972.0
response t=350.467559099, out=0, setpoint=0, response=972.0
GetPercentOutput ===>> 0.0
GetSetpoint ===>> 0.0
GetProcessValue ===>> 964.0
response t=352.471414089, out=0, setpoint=0, response=964.0
GetPercentOutput ===>> 0.0
GetSetpoint ===>> 0.0
GetProcessValue ===>> 956.0
response t=354.473428965, out=0, setpoint=0, response=956.0
GetPercentOutput ===>> 0.0
GetSetpoint ===>> 0.0
GetProcessValue ===>> 949.0
response t=356.475425959, out=0, setpoint=0, response=949.0
GetPercentOutput ===>> 0.0
GetSetpoint ===>> 0.0
GetProcessValue ===>> 941.0
response t=358.47748208, out=0, setpoint=0, response=941.0
GetPercentOutput ===>> 0.0
GetSetpoint ===>> 0.0
GetProcessValue ===>> 934.0
response t=360.485316038, out=0, setpoint=0, response=934.0
GetPercentOutput ===>> 0.0
GetSetpoint ===>> 0.0
GetProcessValue ===>> 926.0
response t=362.494287968, out=0, setpoint=0, response=926.0
GetPercentOutput ===>> 0.0
GetSetpoint ===>> 0.0
GetProcessValue ===>> 919.0
response t=364.500262022, out=0, setpoint=0, response=919.0
Join finished
block finished. duration 60.2233169079
close ('B',) {}
close name=B desc=---
checking ownership. requestor=129.138.12.137
check software interlocks B
interlocks []
actuate state mode=None-script, software_lock=False
doing actuation None-script close_channel True
Close B ===>> OK
GetIndicatorState B ===>> False
change switch state (True, True)
update switch state B False args=() kw={} ncanvase=3
00:24:55 -- CLOSE  VALVE-B (Bone to Diode Laser)
-------------------------- close B () result=[(True, True)]
GetPercentOutput ===>> 0.0
GetSetpoint ===>> 0.0
GetProcessValue ===>> 913.0
response t=366.50068903, out=0, setpoint=0, response=913.0
action=close, ok=True, locked=[False]
close ('E',) {}
close name=E desc=---
checking ownership. requestor=129.138.12.137
check software interlocks E
interlocks []
actuate state mode=None-script, software_lock=False
doing actuation None-script close_channel False
Close E ===>> OK
GetIndicatorState E ===>> False
change switch state (True, True)
update switch state E False args=() kw={} ncanvase=3
00:24:56 -- CLOSE  VALVE-E (Bone to Minibone)
-------------------------- close E () result=[(True, True)]
action=close, ok=True, locked=[False]
close ('C',) {}
close name=C desc=---
checking ownership. requestor=129.138.12.137
check software interlocks C
interlocks []
actuate state mode=None-script, software_lock=False
doing actuation None-script close_channel True
Close C ===>> OK
GetIndicatorState C ===>> False
change switch state (True, True)
update switch state C False args=() kw={} ncanvase=3
00:24:56 -- CLOSE  VALVE-C (Bone to Turbo)
-------------------------- close C () result=[(True, True)]
action=close, ok=True, locked=[False]
sleep (2,) {}
SLEEP 2.0
block started
WaitControl setup for 2.0  
GetPercentOutput ===>> 0.0
GetSetpoint ===>> 0.0
GetProcessValue ===>> 906.0
response t=368.504306078, out=0, setpoint=0, response=906.0
Join finished
block finished. duration 2.01733088493
open ('J',) {}
open name=J desc=---
checking ownership. requestor=129.138.12.137
check software interlocks J
interlocks []
actuate state mode=None-script, software_lock=False
doing actuation None-script open_channel True
Open J ===>> OK
GetIndicatorState J ===>> OK
change switch state (True, True)
update switch state J True args=() kw={} ncanvase=3
00:24:59 -- OPEN   VALVE-J (Bone to APIS)
-------------------------- open J () result=[(True, True)]
action=open, ok=True, locked=[False]
sleep (30,) {}
SLEEP 30.0
block started
WaitControl setup for 30.0  
GetPercentOutput ===>> 0.0
GetSetpoint ===>> 0.0
GetProcessValue ===>> 899.0
response t=370.504703999, out=0, setpoint=0, response=899.0
GetPercentOutput ===>> 0.0
GetSetpoint ===>> 0.0
GetProcessValue ===>> 893.0
response t=372.508456945, out=0, setpoint=0, response=893.0
GetPercentOutput ===>> 0.0
GetSetpoint ===>> 0.0
GetProcessValue ===>> 887.0
response t=374.510442019, out=0, setpoint=0, response=887.0
GetPercentOutput ===>> 0.0
GetSetpoint ===>> 0.0
GetProcessValue ===>> 880.0
response t=376.512465954, out=0, setpoint=0, response=880.0
GetPercentOutput ===>> 0.0
GetSetpoint ===>> 0.0
GetProcessValue ===>> 874.0
response t=378.512824059, out=0, setpoint=0, response=874.0
GetPercentOutput ===>> 0.0
GetSetpoint ===>> 0.0
GetProcessValue ===>> 868.0
response t=380.514840126, out=0, setpoint=0, response=868.0
GetPercentOutput ===>> 0.0
GetSetpoint ===>> 0.0
GetProcessValue ===>> 862.0
response t=382.518510103, out=0, setpoint=0, response=862.0
GetPercentOutput ===>> 0.0
GetSetpoint ===>> 0.0
GetProcessValue ===>> 856.0
response t=384.520524025, out=0, setpoint=0, response=856.0
GetPercentOutput ===>> 0.0
GetSetpoint ===>> 0.0
GetProcessValue ===>> 851.0
response t=386.522553921, out=0, setpoint=0, response=851.0
GetPercentOutput ===>> 0.0
GetSetpoint ===>> 0.0
GetProcessValue ===>> 845.0
response t=388.524212122, out=0, setpoint=0, response=845.0
GetPercentOutput ===>> 0.0
GetSetpoint ===>> 0.0
GetProcessValue ===>> 839.0
response t=390.525032997, out=0, setpoint=0, response=839.0
GetPercentOutput ===>> 0.0
GetSetpoint ===>> 0.0
GetProcessValue ===>> 834.0
response t=392.528680086, out=0, setpoint=0, response=834.0
GetPercentOutput ===>> 0.0
GetSetpoint ===>> 0.0
GetProcessValue ===>> 829.0
response t=394.534215927, out=0, setpoint=0, response=829.0
GetPercentOutput ===>> 0.0
GetSetpoint ===>> 0.0
GetProcessValue ===>> 823.0
response t=396.536739111, out=0, setpoint=0, response=823.0
GetPercentOutput ===>> 0.0
GetSetpoint ===>> 0.0
GetProcessValue ===>> 818.0
response t=398.545680046, out=0, setpoint=0, response=818.0
Join finished
block finished. duration 30.1203219891
close ('J',) {}
close name=J desc=---
checking ownership. requestor=129.138.12.137
check software interlocks J
interlocks []
actuate state mode=None-script, software_lock=False
doing actuation None-script close_channel True
Close J ===>> OK
GetIndicatorState J ===>> False
change switch state (True, True)
update switch state J False args=() kw={} ncanvase=3
00:25:29 -- CLOSE  VALVE-J (Bone to APIS)
-------------------------- close J () result=[(True, True)]
GetPercentOutput ===>> 0.0
GetSetpoint ===>> 0.0
GetProcessValue ===>> 813.0
response t=400.551944017, out=0, setpoint=0, response=813.0
action=close, ok=True, locked=[False]
open ('FC',) {}
open name=FC desc=---
checking ownership. requestor=129.138.12.137
check software interlocks FC
interlocks []
actuate state mode=None-script, software_lock=False
doing actuation None-script open_channel True
Open FC ===>> OK
GetIndicatorState FC ===>> OK
change switch state (True, True)
update switch state FC True args=() kw={} ncanvase=3
00:25:31 -- OPEN   VALVE-FC (Furnace Turbo)
-------------------------- open FC () result=[(True, True)]
action=open, ok=True, locked=[False]
sleep (30.0,) {}
SLEEP 30.0
block started
WaitControl setup for 30.0  
GetPercentOutput ===>> 0.0
GetSetpoint ===>> 0.0
GetProcessValue ===>> 808.0
response t=402.555522919, out=0, setpoint=0, response=808.0
GetPercentOutput ===>> 0.0
GetSetpoint ===>> 0.0
GetProcessValue ===>> 803.0
response t=404.557532072, out=0, setpoint=0, response=803.0
GetPercentOutput ===>> 0.0
GetSetpoint ===>> 0.0
GetProcessValue ===>> 798.0
response t=406.561897039, out=0, setpoint=0, response=798.0
GetPercentOutput ===>> 0.0
GetSetpoint ===>> 0.0
GetProcessValue ===>> 793.0
response t=408.561584949, out=0, setpoint=0, response=793.0
GetPercentOutput ===>> 0.0
GetSetpoint ===>> 0.0
GetProcessValue ===>> 788.0
response t=410.562186956, out=0, setpoint=0, response=788.0
GetPercentOutput ===>> 0.0
GetSetpoint ===>> 0.0
GetProcessValue ===>> 783.0
response t=412.565665007, out=0, setpoint=0, response=783.0
GetPercentOutput ===>> 0.0
GetSetpoint ===>> 0.0
GetProcessValue ===>> 779.0
response t=414.567738056, out=0, setpoint=0, response=779.0
GetPercentOutput ===>> 0.0
GetSetpoint ===>> 0.0
GetProcessValue ===>> 774.0
response t=416.569720984, out=0, setpoint=0, response=774.0
GetPercentOutput ===>> 0.0
GetSetpoint ===>> 0.0
GetProcessValue ===>> 770.0
response t=418.571752071, out=0, setpoint=0, response=770.0
GetPercentOutput ===>> 0.0
GetSetpoint ===>> 0.0
GetProcessValue ===>> 765.0
response t=420.579334021, out=0, setpoint=0, response=765.0
GetPercentOutput ===>> 0.0
GetSetpoint ===>> 0.0
GetProcessValue ===>> 761.0
response t=422.58833313, out=0, setpoint=0, response=761.0
GetPercentOutput ===>> 0.0
GetSetpoint ===>> 0.0
GetProcessValue ===>> 757.0
response t=424.589081049, out=0, setpoint=0, response=757.0
GetPercentOutput ===>> 0.0
GetSetpoint ===>> 0.0
GetProcessValue ===>> 753.0
response t=426.588488102, out=0, setpoint=0, response=753.0
GetPercentOutput ===>> 0.0
GetSetpoint ===>> 0.0
GetProcessValue ===>> 748.0
response t=428.592083931, out=0, setpoint=0, response=748.0
GetPercentOutput ===>> 0.0
GetSetpoint ===>> 0.0
GetProcessValue ===>> 744.0
response t=430.599214077, out=0, setpoint=0, response=744.0
Join finished
block finished. duration 30.1029138565
stop_response_recorder () {}
stop response recorder
executed snippet estimated_duration=1267.0, duration=432.363503933
felix_furnace.py completed successfully
get achieved output
Requested Output= 0.000
Achieved Output=  0.000
get response blob
get output blob
active pid =HO,10;XP,10;TI,48;TD,8
persistence save...
persistence save - db
AutomatedRunPersister post_extraction_save deprecated
persistence save - dvc
no extraction position for 
not connected to db mysql://felixexp@129.138.12.160/labspy
Enviromentals: {'lab_humiditys': [{'device': 'EnvironmentalMonitor',
                    'name': 'Lab Hum.',
                    'pub_date': '2017-08-28T23:48:03',
                    'title': 'iServer Hum.',
                    'value': 51.7}],
 'lab_pneumatics': [{'device': 'AirPressure',
                     'name': 'Pressure',
                     'pub_date': '2017-08-29T00:24:10',
                     'title': None,
                     'value': 80.1},
                    {'device': 'AirPressure2',
                     'name': 'Pressure2',
                     'pub_date': '2017-08-29T00:24:10',
                     'title': None,
                     'value': 80.10964}],
 'lab_temperatures': [{'device': 'EnvironmentalMonitor',
                       'name': 'Lab Temp.',
                       'pub_date': '2017-08-29T00:07:20',
                       'title': 'iServer Temp.',
                       'value': 71.7},
                      {'device': 'Chiller',
                       'name': 'Coolant Temp.',
                       'pub_date': '2017-08-28T23:30:30',
                       'title': None,
                       'value': 18.0}]}
Extraction Finished
00:26:04 -- ******* Extraction Finished *******
no overlap. not waiting for min ms pumptime
00:26:04 -- Sending spectrometer configuration
======== Sending configuration ========
SetZFocus 1.65 ===>> OK
SetHV 9900.0 ===>> OK
SetZSymmetry 3.35 ===>> OK
SetExtractionLens 63.57 ===>> OK
SetIonRepeller -5.15 ===>> OK
SetElectronEnergy 125.02 ===>> OK
SetYSymmetry 38.07 ===>> OK
send trap current 250.0
GetParameter Trap Current Readback ===>> 248.606848562534
SetParameter Trap Current Set,250.0 ===>> OK
updating mftable name argon
Using mftable located at /Users/obama/PychronDev/setupfiles/spectrometer/mftables/argon.csv
============ MFtable ===========
Isotope  H2     H1     AX     L1     L2     L2(CDD)
Ar40     3.7664 3.8416 3.9197 4.0011 4.1088 4.0944
Ar39     3.6920 3.7664 3.8428 3.9256 4.0281 4.0133
Ar36     3.4656 3.4181 3.6072 3.6831 3.7917 3.7662
================================
get initial guess parabolic
get initial guess parabolic
get initial guess parabolic
get initial guess parabolic
get initial guess parabolic
get initial guess parabolic
======== Configuration Finished ========
GetYSymmetry ===>> 38.07
GetZSymmetry ===>> 3.35
GetParameter Trap Current Readback ===>> 247.599890130013
GetHighVoltage ===>> 9900
start measurement
do measurement
L#=65805 analysis type=unknown
Measurement Started felix_analysis400_120_no_save_center.py
00:26:04 -- ******* Measurement Started felix_analysis400_120_no_save_center.py *******
state changed from extraction to measurement
setting trap, emission, spec, defl, and gains
GetExtractionLens ===>> 63.57
GetYSymmetry ===>> 38.07
GetZSymmetry ===>> 3.35
GetZFocus ===>> 1.65
GetDeflection H2 (CDD) ===>> 3250
GetDeflection H1 (CDD) ===>> 3250
GetDeflection AX (CDD) ===>> 3250
GetDeflection L1 (CDD) ===>> 3250
GetDeflection L2 (CDD) ===>> 0
GetGain H2 ===>> 0.9809305
GetGain H1 ===>> 0.9706
GetGain AX ===>> 0.96269
GetGain L1 ===>> 0.970094835296087
GetGain L2 ===>> 0.967359864778375
GetGain H2(CDD) ===>> 0
GetGain H1(CDD) ===>> 0
GetGain AX(CDD) ===>> 0
GetGain L1(CDD) ===>> 0
GetGain L2(CDD) ===>> 0
GetParameter Trap Current Readback ===>> 248.159311481414
GetParameter Source Current Readback ===>> 887.318684001709
pre measurement save
New frame /Users/obama/PychronDev/data/isotopes/32/4c156d-53fb-46ab-972f-60c341f406ca.h5
flush and close file /Users/obama/PychronDev/data/isotopes/32/4c156d-53fb-46ab-972f-60c341f406ca.h5
testing...
no interpolation path defined
executed snippet estimated_duration=590.4304, duration=0.000253915786743
unknown measurement script
activate_detectors ('H2', 'H1', 'AX', 'L1', 'L2(CDD)') {}
activate detectors
*************** Set Analysis View Ar/Ar
create graphs
clearing graphs
clear isotope group
setting isotope det=H2, iso=Ar40
setting isotope det=H1, iso=Ar39
setting isotope det=AX, iso=Ar38
setting isotope det=L1, iso=Ar37
setting isotope det=L2(CDD), iso=Ar36
setting previous blanks
 - setting Ar40 blank 3.492+/-0.019
 - setting Ar36 blank 0.01391+/-0.00030
 - setting Ar37 blank -0.011+/-0.012
 - setting Ar38 blank 0.005+/-0.013
 - setting Ar39 blank 0.013+/-0.024
load analysis view
position_magnet ('Ar40',) {'detector': 'H2'}
detector Detector(H2)
POSITION Ar40 H2
setting detector H2 to Ar40 (39.9624)
setting detector H1 to Ar39 (38.8624)
setting detector AX to Ar38 (37.9624)
setting detector L1 to Ar37 (36.9624)
setting detector L2 to Ar36 (35.8624)
setting detector H2(CDD) to Ar40 (39.8624)
setting detector H1(CDD) to Ar39 (38.8624)
setting detector AX(CDD) to Ar38 (37.8624)
setting detector L1(CDD) to Ar37 (36.8624)
setting detector L2(CDD) to Ar36 (35.9624)
Mapping mass to dac mass func: "parabolic"
H2 map mass coeffs = [ -2.56720193e-04   9.47812314e-02   3.88664975e-01]
H2 map mass to dac 39.9624 >> 3.76637
GetHighVoltage ===>> 9900
positioning Ar40 (3.76637) on H2
setting magnet DAC
current  : 3.768370
requested: 3.766370
Delta Dac: 0.002000
Checking detector protection. dv=0.00200
SetMagnetDAC 3.76637 ===>> OK
Magnet settling time: 0.500 0.500
Magnet settling complete
set_dac. change=True
equilibrate () {'delay': 3, 'inlet': 'H', 'outlet': 'V', 'eqtime': 30.0}
Equilibration Started
00:26:05 -- ******* Equilibration Started *******
checking ownership. requestor=129.138.12.137
check software interlocks V
interlocks []
actuate state mode=None-script, software_lock=False
doing actuation None-script close_channel True
Close V ===>> OK
GetIndicatorState V ===>> False
change switch state (True, True)
update switch state V False args=() kw={} ncanvase=3
00:26:05 -- CLOSE  VALVE-V (Felix Ion Pump)
waiting 3s before opening inlet value ('H',)
update labels <pychron.experiment.plot_panel.PlotPanel object at 0x138da7470>
update labels "<pychron.graph.stacked_regression_graph.StackedRegressionGraph object at 0x14cb7cfb0>"
setting label 0 H2 Ar40
setting label 1 H1 Ar39
setting label 2 AX Ar38
setting label 3 L1 Ar37
setting label 4 L2(CDD) Ar36
update labels "<pychron.graph.stacked_graph.StackedGraph object at 0x14cb7c410>"
setting label 0 H2 Ar40
setting label 1 H1 Ar39
setting label 2 AX Ar38
setting label 3 L1 Ar37
setting label 4 L2(CDD) Ar36
checking ownership. requestor=129.138.12.137
check software interlocks H
interlocks []
actuate state mode=None-script, software_lock=False
doing actuation None-script open_channel True
Open H ===>> OK
GetIndicatorState H ===>> OK
change switch state (True, True)
update switch state H True args=() kw={} ncanvase=3
00:26:09 -- OPEN   VALVE-H (Felix Inlet)
set_time_zero () {}
equilibrating for 30.0sec
sniff (30.0,) {}
py_sniff
build tables- sniff [Detector(H2), Detector(H1), Detector(AX), Detector(L1), Detector(L2(CDD))]
add group /sniff/Ar40 (Group) u'' table H2
add group /sniff/Ar39 (Group) u'' table H1
add group /sniff/Ar38 (Group) u'' table AX
add group /sniff/Ar37 (Group) u'' table L1
add group /sniff/Ar36 (Group) u'' table L2(CDD)
flush and close file /Users/obama/PychronDev/data/isotopes/32/4c156d-53fb-46ab-972f-60c341f406ca.h5
measuring sniff. ncounts=30.0
"sniff" increment series count="1" fit count="0" regressing="False"
starting measurement
00:26:35 -- collecting point 25
Equilibration Finished
00:26:39 -- ******* Equilibration Finished *******
checking ownership. requestor=129.138.12.137
check software interlocks H
interlocks []
actuate state mode=None-script, software_lock=False
doing actuation None-script close_channel True
Close H ===>> OK
GetIndicatorState H ===>> False
change switch state (True, True)
update switch state H False args=() kw={} ncanvase=3
00:26:39 -- CLOSE  VALVE-H (Felix Inlet)
Post Equilibration Started felix_pump_extraction_line.py
00:26:39 -- ******* Post Equilibration Started felix_pump_extraction_line.py *******
testing...
no interpolation path defined
calculate duration
testing...
no interpolation path defined
executed snippet estimated_duration=4.0, duration=0.000258922576904
executed snippet estimated_duration=4.0, duration=0.00186991691589
Pump after analysis
doing GOSUB
testing...
no interpolation path defined
executed snippet estimated_duration=4.0, duration=0.000272989273071
Pump Bone
close () {'description': 'Felix Inlet'}
close name=--- desc=Felix Inlet
checking ownership. requestor=129.138.12.137
check software interlocks H
interlocks []
actuate state mode=None-script, software_lock=False
doing actuation None-script close_channel False
Close H ===>> OK
GetIndicatorState H ===>> False
change switch state (True, True)
update switch state H False args=() kw={} ncanvase=3
00:26:39 -- CLOSE  VALVE-H (Felix Inlet)
-------------------------- close None (Felix Inlet) result=[(True, True)]
action=close, ok=True, locked=[False]
is_closed ('A',) {}
is A () closed?
is closed False
close () {'description': 'CO2 Laser to Bone'}
close name=--- desc=CO2 Laser to Bone
checking ownership. requestor=129.138.12.137
check software interlocks F
interlocks []
actuate state mode=None-script, software_lock=True
VALVE-F(CO2 Laser to Bone) software locked
change switch state (True, False)
-------------------------- close None (CO2 Laser to Bone) result=[(True, False)]
action=close, ok=True, locked=[True]
sleep (1,) {}
SLEEP 1.0
close () {'description': 'CO2 Laser to Roughing'}
close name=--- desc=CO2 Laser to Roughing
checking ownership. requestor=129.138.12.137
check software interlocks G
interlocks []
actuate state mode=None-script, software_lock=True
VALVE-G(CO2 Laser to Roughing) software locked
change switch state (True, False)
-------------------------- close None (CO2 Laser to Roughing) result=[(True, False)]
action=close, ok=True, locked=[True]
open () {'description': 'Bone to Turbo'}
open name=--- desc=Bone to Turbo
checking ownership. requestor=129.138.12.137
check software interlocks C
interlocks []
actuate state mode=None-script, software_lock=False
doing actuation None-script open_channel True
Open C ===>> OK
GetIndicatorState C ===>> OK
change switch state (True, True)
update switch state C True args=() kw={} ncanvase=3
00:26:41 -- OPEN   VALVE-C (Bone to Turbo)
-------------------------- open None (Bone to Turbo) result=[(True, True)]
waiting for write to finish
measurement finished
estimated time: 31.457 actual time: :31.619
flush and close file /Users/obama/PychronDev/data/isotopes/32/4c156d-53fb-46ab-972f-60c341f406ca.h5
set_fits () {}
using default fits file=/Users/obama/PychronDev/scripts/measurement/fits/nominal.yaml
action=open, ok=True, locked=[False]
set "Ar40" to "('Parabolic', 'SEM')"
open () {'description': 'Bone to Getter GP-50'}
set "Ar36" to "('Parabolic', 'SEM')"
open name=--- desc=Bone to Getter GP-50
set "Ar37" to "('linear', 'SEM')"
set "Ar38" to "('linear', 'SEM')"
set "Ar39" to "('Parabolic', 'SEM')"
set_baseline_fits () {}
checking ownership. requestor=129.138.12.137
using default fits file=/Users/obama/PychronDev/scripts/measurement/fits/nominal.yaml
check software interlocks N
interlocks []
set "H2" to "('average', 'SEM')"
actuate state mode=None-script, software_lock=False
set "L2(CDD)" to "('average', 'SEM')"
doing actuation None-script open_channel False
set "L1" to "('average', 'SEM')"
set "AX" to "('average', 'SEM')"
set "H1" to "('average', 'SEM')"
multicollect () {'integration_time': 1.048576, 'ncounts': 400}
build tables- signal [Detector(H2), Detector(H1), Detector(AX), Detector(L1), Detector(L2(CDD))]
add group /signal/Ar40 (Group) u'' table H2
add group /signal/Ar39 (Group) u'' table H1
add group /signal/Ar38 (Group) u'' table AX
add group /signal/Ar37 (Group) u'' table L1
add group /signal/Ar36 (Group) u'' table L2(CDD)
flush and close file /Users/obama/PychronDev/data/isotopes/32/4c156d-53fb-46ab-972f-60c341f406ca.h5
measuring signal. ncounts=400
Open N ===>> OK
GetIndicatorState N ===>> OK
change switch state (True, True)
update switch state N True args=() kw={} ncanvase=3
00:26:41 -- OPEN   VALVE-N (Bone to Getter GP-50)
"signal" increment series count="2" fit count="1" regressing="True"
-------------------------- open None (Bone to Getter GP-50) result=[(True, True)]
action=open, ok=True, locked=[False]
open () {'description': 'Bone to Diode Laser'}
open name=--- desc=Bone to Diode Laser
checking ownership. requestor=129.138.12.137
check software interlocks B
interlocks []
actuate state mode=None-script, software_lock=False
doing actuation None-script open_channel True
Open B ===>> OK
GetIndicatorState B ===>> OK
change switch state (True, True)
update switch state B True args=() kw={} ncanvase=3
starting measurement
00:26:42 -- OPEN   VALVE-B (Bone to Diode Laser)
-------------------------- open None (Bone to Diode Laser) result=[(True, True)]
action=open, ok=True, locked=[False]
open () {'description': 'Bone to CO2 Laser'}
open name=--- desc=Bone to CO2 Laser
checking ownership. requestor=129.138.12.137
check software interlocks D
interlocks []
actuate state mode=None-script, software_lock=False
doing actuation None-script open_channel False
Open D ===>> OK
GetIndicatorState D ===>> OK
change switch state (True, True)
update switch state D True args=() kw={} ncanvase=3
00:26:42 -- OPEN   VALVE-D (Bone to CO2 Laser)
-------------------------- open None (Bone to CO2 Laser) result=[(True, True)]
action=open, ok=True, locked=[False]
sleep (1,) {}
SLEEP 1.0
set_resource () {'name': 'CO2PumpTimeFlag', 'value': 30}
Set CO2PumpTimeFlag 30 ===>> OK
release ('FelixCO2Flag',) {}
release FelixCO2Flag
Set FelixCO2Flag 0 ===>> OK
executed snippet estimated_duration=6.0, duration=4.26502609253
PumpBone.py completed successfully
gosub finished
get_resource_value () {'name': 'FelixMiniboneFlag'}
Read FelixMiniboneFlag ===>> 0
Get Resource Value FelixMiniboneFlag=0.0
executed snippet estimated_duration=4.0, duration=4.27278709412
felix_pump_extraction_line.py completed successfully
Post Equilibration Finished
00:26:43 -- ******* Post Equilibration Finished *******
GetDeflection L2 (CDD) ===>> 0
testing L2_CDD_==3250
evaluate ot="L2(CDD).deflection==3250" t="L2_CDD_==3250", ctx="{'L2_CDD_': 0.0}"
GetDeflection L2 (CDD) ===>> 0
testing L2_CDD_==3250
evaluate ot="L2(CDD).deflection==3250" t="L2_CDD_==3250", ctx="{'L2_CDD_': 0.0}"
00:27:07 -- collecting point 25
GetDeflection L2 (CDD) ===>> 0
testing L2_CDD_==3250
evaluate ot="L2(CDD).deflection==3250" t="L2_CDD_==3250", ctx="{'L2_CDD_': 0.0}"
GetDeflection L2 (CDD) ===>> 0
testing L2_CDD_==3250
evaluate ot="L2(CDD).deflection==3250" t="L2_CDD_==3250", ctx="{'L2_CDD_': 0.0}"
00:27:33 -- collecting point 50
GetDeflection L2 (CDD) ===>> 0
testing L2_CDD_==3250
evaluate ot="L2(CDD).deflection==3250" t="L2_CDD_==3250", ctx="{'L2_CDD_': 0.0}"
GetDeflection L2 (CDD) ===>> 0
testing L2_CDD_==3250
evaluate ot="L2(CDD).deflection==3250" t="L2_CDD_==3250", ctx="{'L2_CDD_': 0.0}"
GetDeflection L2 (CDD) ===>> 0
testing L2_CDD_==3250
evaluate ot="L2(CDD).deflection==3250" t="L2_CDD_==3250", ctx="{'L2_CDD_': 0.0}"
00:27:59 -- collecting point 75
GetDeflection L2 (CDD) ===>> 0
testing L2_CDD_==3250
evaluate ot="L2(CDD).deflection==3250" t="L2_CDD_==3250", ctx="{'L2_CDD_': 0.0}"
GetDeflection L2 (CDD) ===>> 0
testing L2_CDD_==3250
evaluate ot="L2(CDD).deflection==3250" t="L2_CDD_==3250", ctx="{'L2_CDD_': 0.0}"
00:28:26 -- collecting point 100
GetDeflection L2 (CDD) ===>> 0
testing L2_CDD_==3250
evaluate ot="L2(CDD).deflection==3250" t="L2_CDD_==3250", ctx="{'L2_CDD_': 0.0}"
GetDeflection L2 (CDD) ===>> 0
testing L2_CDD_==3250
evaluate ot="L2(CDD).deflection==3250" t="L2_CDD_==3250", ctx="{'L2_CDD_': 0.0}"
GetDeflection L2 (CDD) ===>> 0
testing L2_CDD_==3250
evaluate ot="L2(CDD).deflection==3250" t="L2_CDD_==3250", ctx="{'L2_CDD_': 0.0}"
00:28:52 -- collecting point 125
GetDeflection L2 (CDD) ===>> 0
testing L2_CDD_==3250
evaluate ot="L2(CDD).deflection==3250" t="L2_CDD_==3250", ctx="{'L2_CDD_': 0.0}"
GetDeflection L2 (CDD) ===>> 0
testing L2_CDD_==3250
evaluate ot="L2(CDD).deflection==3250" t="L2_CDD_==3250", ctx="{'L2_CDD_': 0.0}"
00:29:18 -- collecting point 150
GetDeflection L2 (CDD) ===>> 0
testing L2_CDD_==3250
evaluate ot="L2(CDD).deflection==3250" t="L2_CDD_==3250", ctx="{'L2_CDD_': 0.0}"
GetDeflection L2 (CDD) ===>> 0
testing L2_CDD_==3250
evaluate ot="L2(CDD).deflection==3250" t="L2_CDD_==3250", ctx="{'L2_CDD_': 0.0}"
GetDeflection L2 (CDD) ===>> 0
testing L2_CDD_==3250
evaluate ot="L2(CDD).deflection==3250" t="L2_CDD_==3250", ctx="{'L2_CDD_': 0.0}"
00:29:45 -- collecting point 175
GetDeflection L2 (CDD) ===>> 0
testing L2_CDD_==3250
evaluate ot="L2(CDD).deflection==3250" t="L2_CDD_==3250", ctx="{'L2_CDD_': 0.0}"
GetDeflection L2 (CDD) ===>> 0
testing L2_CDD_==3250
evaluate ot="L2(CDD).deflection==3250" t="L2_CDD_==3250", ctx="{'L2_CDD_': 0.0}"
00:30:11 -- collecting point 200
GetDeflection L2 (CDD) ===>> 0
testing L2_CDD_==3250
evaluate ot="L2(CDD).deflection==3250" t="L2_CDD_==3250", ctx="{'L2_CDD_': 0.0}"
GetDeflection L2 (CDD) ===>> 0
testing L2_CDD_==3250
evaluate ot="L2(CDD).deflection==3250" t="L2_CDD_==3250", ctx="{'L2_CDD_': 0.0}"
GetDeflection L2 (CDD) ===>> 0
testing L2_CDD_==3250
evaluate ot="L2(CDD).deflection==3250" t="L2_CDD_==3250", ctx="{'L2_CDD_': 0.0}"
00:30:37 -- collecting point 225
GetDeflection L2 (CDD) ===>> 0
testing L2_CDD_==3250
evaluate ot="L2(CDD).deflection==3250" t="L2_CDD_==3250", ctx="{'L2_CDD_': 0.0}"
GetDeflection L2 (CDD) ===>> 0
testing L2_CDD_==3250
evaluate ot="L2(CDD).deflection==3250" t="L2_CDD_==3250", ctx="{'L2_CDD_': 0.0}"
00:31:04 -- collecting point 250
GetDeflection L2 (CDD) ===>> 0
testing L2_CDD_==3250
evaluate ot="L2(CDD).deflection==3250" t="L2_CDD_==3250", ctx="{'L2_CDD_': 0.0}"
GetDeflection L2 (CDD) ===>> 0
testing L2_CDD_==3250
evaluate ot="L2(CDD).deflection==3250" t="L2_CDD_==3250", ctx="{'L2_CDD_': 0.0}"
GetDeflection L2 (CDD) ===>> 0
testing L2_CDD_==3250
evaluate ot="L2(CDD).deflection==3250" t="L2_CDD_==3250", ctx="{'L2_CDD_': 0.0}"
00:31:30 -- collecting point 275
GetDeflection L2 (CDD) ===>> 0
testing L2_CDD_==3250
evaluate ot="L2(CDD).deflection==3250" t="L2_CDD_==3250", ctx="{'L2_CDD_': 0.0}"
GetDeflection L2 (CDD) ===>> 0
testing L2_CDD_==3250
evaluate ot="L2(CDD).deflection==3250" t="L2_CDD_==3250", ctx="{'L2_CDD_': 0.0}"
00:31:56 -- collecting point 300
GetDeflection L2 (CDD) ===>> 0
testing L2_CDD_==3250
evaluate ot="L2(CDD).deflection==3250" t="L2_CDD_==3250", ctx="{'L2_CDD_': 0.0}"
GetDeflection L2 (CDD) ===>> 0
testing L2_CDD_==3250
evaluate ot="L2(CDD).deflection==3250" t="L2_CDD_==3250", ctx="{'L2_CDD_': 0.0}"
GetDeflection L2 (CDD) ===>> 0
testing L2_CDD_==3250
evaluate ot="L2(CDD).deflection==3250" t="L2_CDD_==3250", ctx="{'L2_CDD_': 0.0}"
00:32:23 -- collecting point 325
GetDeflection L2 (CDD) ===>> 0
testing L2_CDD_==3250
evaluate ot="L2(CDD).deflection==3250" t="L2_CDD_==3250", ctx="{'L2_CDD_': 0.0}"
GetDeflection L2 (CDD) ===>> 0
testing L2_CDD_==3250
evaluate ot="L2(CDD).deflection==3250" t="L2_CDD_==3250", ctx="{'L2_CDD_': 0.0}"
00:32:49 -- collecting point 350
GetDeflection L2 (CDD) ===>> 0
testing L2_CDD_==3250
evaluate ot="L2(CDD).deflection==3250" t="L2_CDD_==3250", ctx="{'L2_CDD_': 0.0}"
GetDeflection L2 (CDD) ===>> 0
testing L2_CDD_==3250
evaluate ot="L2(CDD).deflection==3250" t="L2_CDD_==3250", ctx="{'L2_CDD_': 0.0}"
GetDeflection L2 (CDD) ===>> 0
testing L2_CDD_==3250
evaluate ot="L2(CDD).deflection==3250" t="L2_CDD_==3250", ctx="{'L2_CDD_': 0.0}"
00:33:15 -- collecting point 375
GetDeflection L2 (CDD) ===>> 0
testing L2_CDD_==3250
evaluate ot="L2(CDD).deflection==3250" t="L2_CDD_==3250", ctx="{'L2_CDD_': 0.0}"
GetDeflection L2 (CDD) ===>> 0
testing L2_CDD_==3250
evaluate ot="L2(CDD).deflection==3250" t="L2_CDD_==3250", ctx="{'L2_CDD_': 0.0}"
00:33:41 -- collecting point 400
waiting for write to finish
measurement finished
estimated time: 419.430 actual time: :421.052
flush and close file /Users/obama/PychronDev/data/isotopes/32/4c156d-53fb-46ab-972f-60c341f406ca.h5
baselines () {'settling_time': 15.0, 'detector': 'H2', 'mass': 39.862, 'ncounts': 120}
%%%%%%%%%%%%%%%%%%%%%%%%%%%%%%%% Baseline
build tables- baseline [Detector(H2), Detector(H1), Detector(AX), Detector(L1), Detector(L2(CDD))]
add group baseline table H2
add group baseline table H1
add group baseline table AX
add group baseline table L1
add group baseline table L2(CDD)
flush and close file /Users/obama/PychronDev/data/isotopes/32/4c156d-53fb-46ab-972f-60c341f406ca.h5
detector Detector(H2)
POSITION 39.862 H2
Mapping mass to dac mass func: "parabolic"
H2 map mass coeffs = [ -2.56720193e-04   9.47812314e-02   3.88664975e-01]
H2 map mass to dac 39.862 >> 3.75891141492
GetHighVoltage ===>> 9900
positioning 39.862 (3.75891141492) on H2
setting magnet DAC
current  : 3.766370
requested: 3.758911
Delta Dac: 0.007459
Checking detector protection. dv=0.00746
SetMagnetDAC 3.75891141492 ===>> OK
Magnet settling time: 0.500 0.500
Magnet settling complete
set_dac. change=True
Delaying 15.0s for detectors to settle
Join finished
measuring baseline. ncounts=120
"baseline" increment series count="2" fit count="1" regressing="True"
starting measurement
GetDeflection L2 (CDD) ===>> 0
testing L2_CDD_==3250
evaluate ot="L2(CDD).deflection==3250" t="L2_CDD_==3250", ctx="{'L2_CDD_': 0.0}"
GetDeflection L2 (CDD) ===>> 0
testing L2_CDD_==3250
evaluate ot="L2(CDD).deflection==3250" t="L2_CDD_==3250", ctx="{'L2_CDD_': 0.0}"
00:34:24 -- collecting point 25
GetDeflection L2 (CDD) ===>> 0
testing L2_CDD_==3250
evaluate ot="L2(CDD).deflection==3250" t="L2_CDD_==3250", ctx="{'L2_CDD_': 0.0}"
GetDeflection L2 (CDD) ===>> 0
testing L2_CDD_==3250
evaluate ot="L2(CDD).deflection==3250" t="L2_CDD_==3250", ctx="{'L2_CDD_': 0.0}"
00:34:50 -- collecting point 50
GetDeflection L2 (CDD) ===>> 0
testing L2_CDD_==3250
evaluate ot="L2(CDD).deflection==3250" t="L2_CDD_==3250", ctx="{'L2_CDD_': 0.0}"
GetDeflection L2 (CDD) ===>> 0
testing L2_CDD_==3250
evaluate ot="L2(CDD).deflection==3250" t="L2_CDD_==3250", ctx="{'L2_CDD_': 0.0}"
set states for children of O. state=False
handle state [('O', False)]
update switch state O False args=() kw={'refresh': False} ncanvase=3
refresh_canvas_needed fired
set states for children of O. state=True
handle state [('O', True)]
update switch state O True args=() kw={'refresh': False} ncanvase=3
refresh_canvas_needed fired
GetDeflection L2 (CDD) ===>> 0
testing L2_CDD_==3250
evaluate ot="L2(CDD).deflection==3250" t="L2_CDD_==3250", ctx="{'L2_CDD_': 0.0}"
00:35:17 -- collecting point 75
GetDeflection L2 (CDD) ===>> 0
testing L2_CDD_==3250
evaluate ot="L2(CDD).deflection==3250" t="L2_CDD_==3250", ctx="{'L2_CDD_': 0.0}"
GetDeflection L2 (CDD) ===>> 0
testing L2_CDD_==3250
evaluate ot="L2(CDD).deflection==3250" t="L2_CDD_==3250", ctx="{'L2_CDD_': 0.0}"
00:35:43 -- collecting point 100
GetDeflection L2 (CDD) ===>> 0
testing L2_CDD_==3250
evaluate ot="L2(CDD).deflection==3250" t="L2_CDD_==3250", ctx="{'L2_CDD_': 0.0}"
GetDeflection L2 (CDD) ===>> 0
testing L2_CDD_==3250
evaluate ot="L2(CDD).deflection==3250" t="L2_CDD_==3250", ctx="{'L2_CDD_': 0.0}"
waiting for write to finish
measurement finished
estimated time: 125.829 actual time: :126.338
flush and close file /Users/obama/PychronDev/data/isotopes/32/4c156d-53fb-46ab-972f-60c341f406ca.h5
activate_detectors ('H1', 'L2(CDD)') {'peak_center': True}
peak_center () {'detector': 'H2', 'save': False, 'integration_time': 1.048576, 'isotope': 'Ar40'}
peak center: mean=10.0329334966 threshold=1.0
peak center started
setup peak center. detector=['H2', 'H1', 'L2(CDD)'], isotope=Ar40
VersionedUnpickler [<apptools.sweet_pickle.versioned_unpickler.VersionedUnpickler object at 0x147c41650>] using Updater [<apptools.sweet_pickle.updater.Updater object at 0x124a506b0>]
VersionedUnpickler [<apptools.sweet_pickle.versioned_unpickler.VersionedUnpickler object at 0x147c41650>] using Updater [<apptools.sweet_pickle.updater.Updater object at 0x124a506b0>]
VersionedUnpickler [<apptools.sweet_pickle.versioned_unpickler.VersionedUnpickler object at 0x1429452f0>] using Updater [<apptools.sweet_pickle.updater.Updater object at 0x124a506b0>]
setting integration time = 0.524288
SetIntegrationTime 0.524288 ===>> OK
Mapping mass to dac mass func: "parabolic"
H2 map mass coeffs = [ -2.56720193e-04   9.47812314e-02   3.88664975e-01]
H2 map mass to dac 39.9624 >> 3.76637
GetHighVoltage ===>> 9900
do peak center. <pychron.spectrometer.jobs.peak_center.PeakCenter object at 0x124a508f0>
doing pc
starting peak center. center dac= 3.76637 step_width=0.0001
width = 0.0001
get scan parameters. half-width=0.002,window=0.002, i=0, scalar=1
Scan parameters center=3.76637 width=0.00400 (3.76437 - 3.76837)
Moving to starting dac 3.76437
setting magnet DAC
current  : 3.758911
requested: 3.764370
Delta Dac: 0.005459
Checking detector protection. dv=0.00546
SetMagnetDAC 3.76437 ===>> OK
Magnet settling time: 0.500 0.500
Magnet settling complete
set_dac. change=True
Wait until signal near baseline. tol= -0.0482866166165. timeout= 10
Peak center failed to move to a baseline position
_do_sweep sm= 3.76437, em= 3.76837, stm= 0.0001
calculated step values: start=3.76437, end=3.76837, width=0.0001, nsteps=41.0
setting magnet DAC
current  : 3.764370
requested: 3.764370
Delta Dac: 0.000000
Checking detector protection. dv=0.00000
set_dac. change=False
setting magnet DAC
current  : 3.764370
requested: 3.764473
Delta Dac: 0.000103
Checking detector protection. dv=0.00010
Magnet settling time: 1.049 0.500
Magnet settling complete
set_dac. change=True
setting magnet DAC
current  : 3.764473
requested: 3.764575
Delta Dac: 0.000103
Checking detector protection. dv=0.00010
Magnet settling time: 1.049 0.500
Magnet settling complete
set_dac. change=True
setting magnet DAC
current  : 3.764575
requested: 3.764678
Delta Dac: 0.000103
Checking detector protection. dv=0.00010
Magnet settling time: 1.049 0.500
Magnet settling complete
set_dac. change=True
setting magnet DAC
current  : 3.764678
requested: 3.764780
Delta Dac: 0.000103
Checking detector protection. dv=0.00010
Magnet settling time: 1.049 0.500
Magnet settling complete
set_dac. change=True
setting magnet DAC
current  : 3.764780
requested: 3.764883
Delta Dac: 0.000103
Checking detector protection. dv=0.00010
Magnet settling time: 1.049 0.500
Magnet settling complete
set_dac. change=True
setting magnet DAC
current  : 3.764883
requested: 3.764985
Delta Dac: 0.000103
Checking detector protection. dv=0.00010
Magnet settling time: 1.049 0.500
Magnet settling complete
set_dac. change=True
setting magnet DAC
current  : 3.764985
requested: 3.765088
Delta Dac: 0.000103
Checking detector protection. dv=0.00010
Magnet settling time: 1.049 0.500
Magnet settling complete
set_dac. change=True
setting magnet DAC
current  : 3.765088
requested: 3.765191
Delta Dac: 0.000103
Checking detector protection. dv=0.00010
Magnet settling time: 1.049 0.500
Magnet settling complete
set_dac. change=True
setting magnet DAC
current  : 3.765191
requested: 3.765293
Delta Dac: 0.000103
Checking detector protection. dv=0.00010
Magnet settling time: 1.049 0.500
Magnet settling complete
set_dac. change=True
setting magnet DAC
current  : 3.765293
requested: 3.765396
Delta Dac: 0.000103
Checking detector protection. dv=0.00010
Magnet settling time: 1.049 0.500
Magnet settling complete
set_dac. change=True
setting magnet DAC
current  : 3.765396
requested: 3.765498
Delta Dac: 0.000103
Checking detector protection. dv=0.00010
Magnet settling time: 1.049 0.500
Magnet settling complete
set_dac. change=True
setting magnet DAC
current  : 3.765498
requested: 3.765601
Delta Dac: 0.000103
Checking detector protection. dv=0.00010
Magnet settling time: 1.049 0.500
Magnet settling complete
set_dac. change=True
setting magnet DAC
current  : 3.765601
requested: 3.765703
Delta Dac: 0.000103
Checking detector protection. dv=0.00010
Magnet settling time: 1.049 0.500
Magnet settling complete
set_dac. change=True
setting magnet DAC
current  : 3.765703
requested: 3.765806
Delta Dac: 0.000103
Checking detector protection. dv=0.00010
Magnet settling time: 1.049 0.500
Magnet settling complete
set_dac. change=True
setting magnet DAC
current  : 3.765806
requested: 3.765908
Delta Dac: 0.000103
Checking detector protection. dv=0.00010
Magnet settling time: 1.049 0.500
Magnet settling complete
set_dac. change=True
setting magnet DAC
current  : 3.765908
requested: 3.766011
Delta Dac: 0.000103
Checking detector protection. dv=0.00010
Magnet settling time: 1.049 0.500
Magnet settling complete
set_dac. change=True
setting magnet DAC
current  : 3.766011
requested: 3.766114
Delta Dac: 0.000103
Checking detector protection. dv=0.00010
Magnet settling time: 1.049 0.500
Magnet settling complete
set_dac. change=True
setting magnet DAC
current  : 3.766114
requested: 3.766216
Delta Dac: 0.000103
Checking detector protection. dv=0.00010
Magnet settling time: 1.049 0.500
Magnet settling complete
set_dac. change=True
setting magnet DAC
current  : 3.766216
requested: 3.766319
Delta Dac: 0.000103
Checking detector protection. dv=0.00010
Magnet settling time: 1.049 0.500
Magnet settling complete
set_dac. change=True
setting magnet DAC
current  : 3.766319
requested: 3.766421
Delta Dac: 0.000103
Checking detector protection. dv=0.00010
Magnet settling time: 1.049 0.500
Magnet settling complete
set_dac. change=True
setting magnet DAC
current  : 3.766421
requested: 3.766524
Delta Dac: 0.000103
Checking detector protection. dv=0.00010
Magnet settling time: 1.049 0.500
Magnet settling complete
set_dac. change=True
setting magnet DAC
current  : 3.766524
requested: 3.766626
Delta Dac: 0.000103
Checking detector protection. dv=0.00010
Magnet settling time: 1.049 0.500
Magnet settling complete
set_dac. change=True
setting magnet DAC
current  : 3.766626
requested: 3.766729
Delta Dac: 0.000103
Checking detector protection. dv=0.00010
Magnet settling time: 1.049 0.500
Magnet settling complete
set_dac. change=True
setting magnet DAC
current  : 3.766729
requested: 3.766832
Delta Dac: 0.000103
Checking detector protection. dv=0.00010
Magnet settling time: 1.049 0.500
Magnet settling complete
set_dac. change=True
setting magnet DAC
current  : 3.766832
requested: 3.766934
Delta Dac: 0.000103
Checking detector protection. dv=0.00010
Magnet settling time: 1.049 0.500
Magnet settling complete
set_dac. change=True
setting magnet DAC
current  : 3.766934
requested: 3.767037
Delta Dac: 0.000103
Checking detector protection. dv=0.00010
Magnet settling time: 1.049 0.500
Magnet settling complete
set_dac. change=True
setting magnet DAC
current  : 3.767037
requested: 3.767139
Delta Dac: 0.000103
Checking detector protection. dv=0.00010
Magnet settling time: 1.049 0.500
Magnet settling complete
set_dac. change=True
setting magnet DAC
current  : 3.767139
requested: 3.767242
Delta Dac: 0.000103
Checking detector protection. dv=0.00010
Magnet settling time: 1.049 0.500
Magnet settling complete
set_dac. change=True
setting magnet DAC
current  : 3.767242
requested: 3.767344
Delta Dac: 0.000103
Checking detector protection. dv=0.00010
Magnet settling time: 1.049 0.500
Magnet settling complete
set_dac. change=True
setting magnet DAC
current  : 3.767344
requested: 3.767447
Delta Dac: 0.000103
Checking detector protection. dv=0.00010
Magnet settling time: 1.049 0.500
Magnet settling complete
set_dac. change=True
setting magnet DAC
current  : 3.767447
requested: 3.767549
Delta Dac: 0.000103
Checking detector protection. dv=0.00010
Magnet settling time: 1.049 0.500
Magnet settling complete
set_dac. change=True
setting magnet DAC
current  : 3.767549
requested: 3.767652
Delta Dac: 0.000103
Checking detector protection. dv=0.00010
Magnet settling time: 1.049 0.500
Magnet settling complete
set_dac. change=True
setting magnet DAC
current  : 3.767652
requested: 3.767755
Delta Dac: 0.000103
Checking detector protection. dv=0.00010
Magnet settling time: 1.049 0.500
Magnet settling complete
set_dac. change=True
setting magnet DAC
current  : 3.767755
requested: 3.767857
Delta Dac: 0.000103
Checking detector protection. dv=0.00010
Magnet settling time: 1.049 0.500
Magnet settling complete
set_dac. change=True
setting magnet DAC
current  : 3.767857
requested: 3.767960
Delta Dac: 0.000103
Checking detector protection. dv=0.00010
Magnet settling time: 1.049 0.500
Magnet settling complete
set_dac. change=True
setting magnet DAC
current  : 3.767960
requested: 3.768062
Delta Dac: 0.000103
Checking detector protection. dv=0.00010
Magnet settling time: 1.049 0.500
Magnet settling complete
set_dac. change=True
setting magnet DAC
current  : 3.768062
requested: 3.768165
Delta Dac: 0.000103
Checking detector protection. dv=0.00010
Magnet settling time: 1.049 0.500
Magnet settling complete
set_dac. change=True
setting magnet DAC
current  : 3.768165
requested: 3.768267
Delta Dac: 0.000103
Checking detector protection. dv=0.00010
Magnet settling time: 1.049 0.500
Magnet settling complete
set_dac. change=True
setting magnet DAC
current  : 3.768267
requested: 3.768370
Delta Dac: 0.000103
Checking detector protection. dv=0.00010
Magnet settling time: 1.049 0.500
Magnet settling complete
set_dac. change=True
result of _do_sweep=True
result of _calculate_peak_center=([3.7650874348697387, 3.7662377354709409, 3.767388036072143], [8.0890380543679736, 10.877485684243348, 8.0276889989726818], 3.7662056713426848, 10.877485684243348)
Failed to find a valid peak. No peak greater than 1.0. max = 0.0301849935526
new center pos Detector(H2) (Ar40) @ 3.76623773547
GetHighVoltage ===>> 9900
dac uncorrected for HV and deflection 3.76623773547
setting integration time = 1.048576
SetIntegrationTime 1.048576 ===>> OK
Failed to find a valid peak. No peak greater than 1.0. max = 0.0301849935526
flush and close file /Users/obama/PychronDev/data/isotopes/32/4c156d-53fb-46ab-972f-60c341f406ca.h5
finished measure script
executed snippet estimated_duration=590.4304, duration=655.248375893
felix_analysis400_120_no_save_center.py completed successfully
Measurement Finished
00:36:59 -- ******* Measurement Finished *******
Post Measurement Started felix_pump_ms.py
00:36:59 -- ******* Post Measurement Started felix_pump_ms.py *******
testing...
no interpolation path defined
executed snippet estimated_duration=0, duration=3.19480895996e-05
Pumping spectrometer
open () {'name': 'V'}
open name=V desc=---
checking ownership. requestor=129.138.12.137
check software interlocks V
interlocks []
actuate state mode=None-script, software_lock=False
doing actuation None-script open_channel True
sweep finished
Open V ===>> OK
GetIndicatorState V ===>> OK
change switch state (True, True)
update switch state V True args=() kw={} ncanvase=3
00:36:59 -- OPEN   VALVE-V (Felix Ion Pump)
-------------------------- open V () result=[(True, True)]
action=open, ok=True, locked=[False]
executed snippet estimated_duration=0, duration=0.369604110718
felix_pump_ms.py completed successfully
setting _ms_pumptime
Post Measurement Finished
00:37:00 -- ******* Post Measurement Finished *******
$$$$$$$$$$$$$$$$$$$$ state at run end measurement
state changed from measurement to success
post measurement save measured=True aborted=False
Set filtering
setting fod for Ar40= {'filter_outliers': True, 'std_devs': 2, 'iterations': 2}
setting fod for H2= {'filter_outliers': True, 'std_devs': 2, 'iterations': 1}
setting fod for Ar36= {'filter_outliers': True, 'std_devs': 2, 'iterations': 2}
setting fod for L2(CDD)= {'filter_outliers': True, 'std_devs': 2, 'iterations': 1}
setting fod for Ar37= {'filter_outliers': True, 'std_devs': 2, 'iterations': 2}
setting fod for L1= {'filter_outliers': True, 'std_devs': 2, 'iterations': 1}
setting fod for Ar38= {'filter_outliers': True, 'std_devs': 2, 'iterations': 2}
setting fod for AX= {'filter_outliers': True, 'std_devs': 2, 'iterations': 1}
setting fod for Ar39= {'filter_outliers': True, 'std_devs': 2, 'iterations': 2}
setting fod for H1= {'filter_outliers': True, 'std_devs': 2, 'iterations': 1}
not connected to db mysql://felixexp@129.138.12.160/labspy
Enviromentals: {'lab_humiditys': [{'device': 'EnvironmentalMonitor',
                    'name': 'Lab Hum.',
                    'pub_date': '2017-08-28T23:48:03',
                    'title': 'iServer Hum.',
                    'value': 51.7}],
 'lab_pneumatics': [{'device': 'AirPressure',
                     'name': 'Pressure',
                     'pub_date': '2017-08-29T00:36:14',
                     'title': None,
                     'value': 111.525},
                    {'device': 'AirPressure2',
                     'name': 'Pressure2',
                     'pub_date': '2017-08-29T00:36:14',
                     'title': None,
                     'value': 114.07006}],
 'lab_temperatures': [{'device': 'EnvironmentalMonitor',
                       'name': 'Lab Temp.',
                       'pub_date': '2017-08-29T00:07:20',
                       'title': 'iServer Temp.',
                       'value': 71.7},
                      {'device': 'Chiller',
                       'name': 'Coolant Temp.',
                       'pub_date': '2017-08-28T23:30:30',
                       'title': None,
                       'value': 18.0}]}
persistence save...
persistence save - db
post measurement save
5157109584 connecting to database sqlite://@/
connected to db sqlite://@/
create new session 5157109584
close session 5157109584
No database instance. Not saving post measurement to isotopedb database
$$$$$$$$$$$$$$$ auto_save_detector_ic=False
massspec enabled True
create new session 4783819664
MassSpec Database Version: 16.0
close session 4783819664
saving post measurement to secondary database
saving to massspec database 129.138.12.160/massspecdata
setting labnumber to 65805
setting aliquot to 1
setting step to Y
setting uuid to 324c156d-53fb-46ab-972f-60c341f406ca
setting irradpos to 65805
setting extract_device to NMGRL Furnace
setting tray to 
setting position to 
setting power_requested to 1200.0
setting extract_value to 1200.0
setting duration to 300.0
setting duration_at_request to 300.0
setting first_stage_delay to 300.0
setting cleanup to 30.0
setting comment to D:3 & D5 Muscovite, 4.18 mg
setting irradiation to NM-291
setting level to D
setting irradiation_level to D
setting sample to 193
setting material to Muscovite
setting project to IR1013
setting mass_spectrometer to Felix
no attribute chron_dosages
no attribute production_ratios
no attribute interference_corrections
no attribute production_name
no attribute j
Reference Isotope=Ar40
Reference Detector=H2
%%%%%%%%%%%%%%%%%%%% Comment: D:3 & D5 Muscovite, 4.18 mg %%%%%%%%%%%%%%%%%%%
adding isotope Ar40 H2
add baseline dbdet= Ar40. original det= H2
get baseline data Ar40 H2
Get data baseline <pychron.processing.isotope.Baseline object at 0x12b8e7350> len t=120
baseline Ar40. v=0.0600780103027, e=0.00953925341291
get signal data Ar40 H2
Get data signal Ar40 8.812+/-0.021 len t=400
adding isotope Ar39 H1
add baseline dbdet= Ar39. original det= H1
get baseline data Ar39 H1
Get data baseline <pychron.processing.isotope.Baseline object at 0x12b8e75d0> len t=120
baseline Ar39. v=-0.00528947021978, e=0.0105188160711
get signal data Ar39 H1
Get data signal Ar39 1.465+/-0.022 len t=400
adding isotope Ar38 AX
add baseline dbdet= Ar38. original det= AX
get baseline data Ar38 AX
Get data baseline <pychron.processing.isotope.Baseline object at 0x12b8be250> len t=120
baseline Ar38. v=-0.0940273564883, e=0.011528088997
get signal data Ar38 AX
Get data signal Ar38 0.024+/-0.013 len t=400
adding isotope Ar37 L1
add baseline dbdet= Ar37. original det= L1
get baseline data Ar37 L1
Get data baseline <pychron.processing.isotope.Baseline object at 0x12b8bea90> len t=120
baseline Ar37. v=-0.621270950025, e=0.0108482643909
get signal data Ar37 L1
Get data signal Ar37 0.048+/-0.012 len t=400
adding isotope Ar36 L2(CDD)
add baseline dbdet= Ar36. original det= L2(CDD)
get baseline data Ar36 L2(CDD)
Get data baseline <pychron.processing.isotope.Baseline object at 0x12b8be150> len t=120
baseline Ar36. v=0.0, e=0.0
get signal data Ar36 L2(CDD)
Get data signal Ar36 0.01922+/-0.00030 len t=400
65805-01Y added analysis time 0.494530916214s
analysis added to mass spec database
mass spec save time= 0.505
persistence save - dvc
================= post measurement started
create new session 4711712432
close session 4711712432
---------------- Experiment Queue saving disabled
DVC saving peakcenter
Failed to find a valid peak. No peak greater than 1.0. max = 0.0301849935526
Smart pull ahead: 0 behind: 0
Up-to-date with origin
add to repo msg=modified - 44c6f8761147de90179e8a3952e48831c78a9a46.json
add to repo msg=modified - 05-01Y.json
add to repo msg=modified - 05-01Y.dat.json
add to repo msg=modified - 05-01Y.blan.json
add to repo msg=modified - 05-01Y.inte.json
add to repo msg=modified - 05-01Y.icfa.json
add to repo msg=modified - 05-01Y.base.json
not at valid file /Users/obama/PychronDev/data/.dvc/repositories/IR1013/658/tags/05-01Y.tags.json
add to repo msg=modified - 05-01Y.peak.json
add to repo msg=modified - 05-01Y.extr.json
not at valid file /Users/obama/PychronDev/data/.dvc/repositories/IR1013/658/monitor/05-01Y.moni.json
commit message=<COLLECTION>
add to repo msg=modified - 05-01Y.inte.json
add to repo msg=modified - 05-01Y.base.json
commit message=<ISOEVO> default collection fits
add to repo msg=modified - 05-01Y.blan.json
commit message=<BLANKS> preceding 
add to repo msg=modified - 05-01Y.icfa.json
commit message=<ICFactor> default
push repository <pychron.git_archive.repo_manager.GitRepoManager object at 0x12afe3770>
pushing to remote=origin, url=https://github.com
no changes to meta repo
create new session 4711712432
add association IR1013
get identifier "65805"
setting analysis irradiation position=<pychron.dvc.dvc_orm.IrradiationPositionTbl object at 0x1592ad090>
close session 4711712432
================= post measurement finished
00:37:13 -- ******* Post Run Check *******
loading queue conditionals post_run_actions
queue conditionals path /Users/obama/PychronDev/queue_conditionals/normal.yaml
loading conditionals from /Users/obama/PychronDev/queue_conditionals/normal.yaml
loading system conditionals post_run_actions
loading conditionals from /Users/obama/PychronDev/setupfiles/spectrometer/default_conditionals.yaml
loading queue conditionals post_run_terminations
queue conditionals path /Users/obama/PychronDev/queue_conditionals/normal.yaml
loading conditionals from /Users/obama/PychronDev/queue_conditionals/normal.yaml
loading system conditionals post_run_terminations
loading conditionals from /Users/obama/PychronDev/setupfiles/spectrometer/default_conditionals.yaml
Checking default post run terminations n=1
GetDeflection L2 (CDD) ===>> 0
testing L2_CDD_==3250
evaluate ot="L2(CDD).deflection==3250" t="L2_CDD_==3250", ctx="{'L2_CDD_': 0.0}"
00:37:13 -- ******* Post Run Check Passed *******
00:37:13 -- Automated run 65805-01Y success duration: 1113.586 s
----------------- finish -----------------
----------------- stop -----------------
retroactive repository identifiers disabled
finish run. runs completed=26
update duration runid=65805-01Y, duration=1113.58600497, md5=3d7815bf
loading script "felix_analysis400_120_no_save_center.py"
loading script "felix_pump_ms.py"
loading script "felix_furnace.py"
loading script "felix_pump_extraction_line.py"
testing...
no interpolation path defined
executed snippet estimated_duration=559.2304, duration=0.000339031219482
script duration name:analysis400_120_no_save_center seconds:559.0
loading script "felix_analysis400_120_no_save_center.py"
loading script "felix_pump_ms.py"
loading script "felix_furnace.py"
loading script "felix_pump_extraction_line.py"
testing...
no interpolation path defined
executed snippet estimated_duration=0, duration=4.29153442383e-05
loading script "felix_analysis400_120_no_save_center.py"
loading script "felix_pump_ms.py"
loading script "felix_furnace.py"
loading script "felix_pump_extraction_line.py"
testing...
no interpolation path defined
executed snippet estimated_duration=184.0, duration=0.000452995300293
script duration name:furnace seconds:184.0
loading script "felix_analysis400_120_no_save_center.py"
loading script "felix_pump_ms.py"
loading script "felix_furnace.py"
loading script "felix_pump_extraction_line.py"
testing...
no interpolation path defined
calculate duration
testing...
no interpolation path defined
executed snippet estimated_duration=4.0, duration=0.000257015228271
executed snippet estimated_duration=4.0, duration=0.00444388389587
Script duration 743.0
Run total estimated duration= 744.000
loading script "felix_analysis400_120 no center.py"
loading script "felix_pump_ms.py"
loading script "felix_air_x2.py"
loading script "felix_pump_extraction_line.py"
testing...
no interpolation path defined
executed snippet estimated_duration=559.2304, duration=0.000205993652344
script duration name:analysis400_120 no center seconds:559.0
pump_ms in script context. using previous estimated duration
loading script "felix_analysis400_120 no center.py"
loading script "felix_pump_ms.py"
loading script "felix_air_x2.py"
loading script "felix_pump_extraction_line.py"
testing...
no interpolation path defined
calculate duration
testing...
no interpolation path defined
executed snippet estimated_duration=0, duration=8.51154327393e-05
calculate duration
testing...
no interpolation path defined
executed snippet estimated_duration=0, duration=0.000198125839233
calculate duration
testing...
no interpolation path defined
executed snippet estimated_duration=32.0, duration=0.000149011611938
calculate duration
testing...
no interpolation path defined
executed snippet estimated_duration=34.0, duration=0.000153064727783
calculate duration
testing...
no interpolation path defined
executed snippet estimated_duration=2.0, duration=0.000102996826172
calculate duration
testing...
no interpolation path defined
executed snippet estimated_duration=34.0, duration=0.000114917755127
calculate duration
testing...
no interpolation path defined
executed snippet estimated_duration=34.0, duration=0.000184059143066
calculate duration
testing...
no interpolation path defined
executed snippet estimated_duration=34.0, duration=0.000130891799927
executed snippet estimated_duration=174.0, duration=0.0244419574738
script duration name:air_x2 seconds:174.0
pump_extraction_line in script context. using previous estimated duration
Script duration 733.0
Run total estimated duration= 734.000
loading script "felix_analysis400_120_CDD_center.py"
loading script "felix_pump_ms.py"
loading script "felix_air_x2.py"
loading script "felix_pump_extraction_line.py"
testing...
no interpolation path defined
executed snippet estimated_duration=559.2304, duration=0.000250101089478
script duration name:analysis400_120_CDD_center seconds:559.0
air_x2 in script context. using previous estimated duration
script duration name:air_x2 seconds:174.0
Script duration 733.0
Run total estimated duration= 734.000
analysis400_120_CDD_center in script context. using previous estimated duration
script duration name:analysis400_120_CDD_center seconds:559.0
script duration name:air_x2 seconds:174.0
Script duration 733.0
Run total estimated duration= 734.000
analysis400_120 no center in script context. using previous estimated duration
script duration name:analysis400_120 no center seconds:559.0
loading script "felix_analysis400_120 no center.py"
loading script "felix_pump_ms.py"
loading script "felix_cocktail_x3.py"
loading script "felix_pump_extraction_line.py"
testing...
no interpolation path defined
calculate duration
testing...
no interpolation path defined
executed snippet estimated_duration=0, duration=6.79492950439e-05
calculate duration
testing...
no interpolation path defined
executed snippet estimated_duration=0, duration=0.000200986862183
calculate duration
testing...
no interpolation path defined
executed snippet estimated_duration=32.0, duration=0.000133991241455
calculate duration
testing...
no interpolation path defined
executed snippet estimated_duration=34.0, duration=0.000164031982422
calculate duration
testing...
no interpolation path defined
executed snippet estimated_duration=2.0, duration=8.48770141602e-05
calculate duration
testing...
no interpolation path defined
executed snippet estimated_duration=34.0, duration=0.000115871429443
calculate duration
testing...
no interpolation path defined
executed snippet estimated_duration=34.0, duration=0.000205039978027
calculate duration
testing...
no interpolation path defined
executed snippet estimated_duration=34.0, duration=0.000133037567139
calculate duration
testing...
no interpolation path defined
executed snippet estimated_duration=34.0, duration=0.000190019607544
calculate duration
testing...
no interpolation path defined
executed snippet estimated_duration=34.0, duration=0.000114917755127
executed snippet estimated_duration=244.0, duration=0.037605047226
script duration name:cocktail_x3 seconds:244.0
Script duration 803.0
Run total estimated duration= 804.000
analysis400_120_no_save_center in script context. using previous estimated duration
script duration name:analysis400_120_no_save_center seconds:559.0
cocktail_x3 in script context. using previous estimated duration
script duration name:cocktail_x3 seconds:244.0
Script duration 803.0
Run total estimated duration= 804.000
script duration name:analysis400_120_no_save_center seconds:559.0
script duration name:cocktail_x3 seconds:244.0
Script duration 803.0
Run total estimated duration= 804.000
script duration name:analysis400_120 no center seconds:559.0
furnace in script context. using previous estimated duration
script duration name:furnace seconds:184.0
Script duration 743.0
Run total estimated duration= 744.000
script duration name:analysis400_120_no_save_center seconds:559.0
script duration name:furnace seconds:184.0
Script duration 743.0
Run total estimated duration= 744.000
script duration name:analysis400_120_no_save_center seconds:559.0
script duration name:furnace seconds:184.0
Script duration 743.0
Run total estimated duration= 744.000
script duration name:analysis400_120_no_save_center seconds:559.0
script duration name:furnace seconds:184.0
Script duration 743.0
Run total estimated duration= 744.000
script duration name:analysis400_120_no_save_center seconds:559.0
script duration name:furnace seconds:184.0
Script duration 743.0
Run total estimated duration= 744.000
script duration name:analysis400_120_no_save_center seconds:559.0
script duration name:furnace seconds:184.0
Script duration 743.0
Run total estimated duration= 744.000
script duration name:analysis400_120_no_save_center seconds:559.0
script duration name:furnace seconds:184.0
Script duration 743.0
Run total estimated duration= 744.000
script duration name:analysis400_120_no_save_center seconds:559.0
script duration name:furnace seconds:184.0
Script duration 743.0
Run total estimated duration= 744.000
script duration name:analysis400_120_no_save_center seconds:559.0
script duration name:furnace seconds:184.0
Script duration 743.0
Run total estimated duration= 744.000
script duration name:analysis400_120_CDD_center seconds:559.0
script duration name:air_x2 seconds:174.0
Script duration 733.0
Run total estimated duration= 734.000
script duration name:analysis400_120_no_save_center seconds:559.0
script duration name:furnace seconds:184.0
Script duration 743.0
Run total estimated duration= 744.000
script duration name:analysis400_120_no_save_center seconds:559.0
script duration name:furnace seconds:184.0
Script duration 743.0
Run total estimated duration= 744.000
script duration name:analysis400_120_no_save_center seconds:559.0
script duration name:furnace seconds:184.0
Script duration 743.0
Run total estimated duration= 744.000
script duration name:analysis400_120_no_save_center seconds:559.0
script duration name:furnace seconds:184.0
Script duration 743.0
Run total estimated duration= 744.000
script duration name:analysis400_120_no_save_center seconds:559.0
script duration name:furnace seconds:184.0
Script duration 743.0
Run total estimated duration= 744.000
script duration name:analysis400_120_no_save_center seconds:559.0
script duration name:furnace seconds:184.0
Script duration 743.0
Run total estimated duration= 744.000
script duration name:analysis400_120_no_save_center seconds:559.0
script duration name:furnace seconds:184.0
Script duration 743.0
Run total estimated duration= 744.000
script duration name:analysis400_120_no_save_center seconds:559.0
script duration name:furnace seconds:184.0
Script duration 743.0
Run total estimated duration= 744.000
script duration name:analysis400_120_no_save_center seconds:559.0
script duration name:furnace seconds:184.0
Script duration 743.0
Run total estimated duration= 744.000
script duration name:analysis400_120_no_save_center seconds:559.0
script duration name:furnace seconds:184.0
Script duration 743.0
Run total estimated duration= 744.000
script duration name:analysis400_120_CDD_center seconds:559.0
script duration name:air_x2 seconds:174.0
Script duration 733.0
Run total estimated duration= 734.000
script duration name:analysis400_120_no_save_center seconds:559.0
script duration name:furnace seconds:184.0
Script duration 743.0
Run total estimated duration= 744.000
script duration name:analysis400_120_no_save_center seconds:559.0
script duration name:furnace seconds:184.0
Script duration 743.0
Run total estimated duration= 744.000
script duration name:analysis400_120_no_save_center seconds:559.0
script duration name:furnace seconds:184.0
Script duration 743.0
Run total estimated duration= 744.000
script duration name:analysis400_120_no_save_center seconds:559.0
script duration name:furnace seconds:184.0
Script duration 743.0
Run total estimated duration= 744.000
script duration name:analysis400_120_no_save_center seconds:559.0
script duration name:furnace seconds:184.0
Script duration 743.0
Run total estimated duration= 744.000
script duration name:analysis400_120_no_save_center seconds:559.0
script duration name:furnace seconds:184.0
Script duration 743.0
Run total estimated duration= 744.000
script duration name:analysis400_120_no_save_center seconds:559.0
script duration name:furnace seconds:184.0
Script duration 743.0
Run total estimated duration= 744.000
script duration name:analysis400_120_no_save_center seconds:559.0
script duration name:furnace seconds:184.0
Script duration 743.0
Run total estimated duration= 744.000
script duration name:analysis400_120 no center seconds:559.0
script duration name:air_x2 seconds:174.0
Script duration 733.0
Run total estimated duration= 734.000
script duration name:analysis400_120_CDD_center seconds:559.0
script duration name:air_x2 seconds:174.0
Script duration 733.0
Run total estimated duration= 734.000
script duration name:analysis400_120_CDD_center seconds:559.0
script duration name:air_x2 seconds:174.0
Script duration 733.0
Run total estimated duration= 734.000
script duration name:analysis400_120 no center seconds:559.0
script duration name:cocktail_x3 seconds:244.0
Script duration 803.0
Run total estimated duration= 804.000
script duration name:analysis400_120_no_save_center seconds:559.0
script duration name:cocktail_x3 seconds:244.0
Script duration 803.0
Run total estimated duration= 804.000
script duration name:analysis400_120_no_save_center seconds:559.0
script duration name:cocktail_x3 seconds:244.0
Script duration 803.0
Run total estimated duration= 804.000
script duration name:analysis400_120 no center seconds:559.0
script duration name:furnace seconds:184.0
Script duration 743.0
Run total estimated duration= 744.000
nruns=43 before=5.0, run_dur=32272.0, btw=290.0
write rem/ex queues
/Users/obama/PychronDev/experiments/rem/CurrentExperiment.rem.txt
/Users/obama/PychronDev/experiments/rem/CurrentExperiment.ex.txt
doing event level: 3
add run
