do run
loading script "felix_analysis400_120_no_save_center.py"
loading script "felix_pump_ms.py"
loading script "felix_furnace.py"
loading script "felix_pump_extraction_line.py"
testing...
no interpolation path defined
executed snippet estimated_duration=559.2304, duration=0.000352144241333
script duration name:analysis400_120_no_save_center seconds:559.0
loading script "felix_analysis400_120_no_save_center.py"
loading script "felix_pump_ms.py"
loading script "felix_furnace.py"
loading script "felix_pump_extraction_line.py"
testing...
no interpolation path defined
executed snippet estimated_duration=0, duration=3.79085540771e-05
loading script "felix_analysis400_120_no_save_center.py"
loading script "felix_pump_ms.py"
loading script "felix_furnace.py"
loading script "felix_pump_extraction_line.py"
testing...
no interpolation path defined
executed snippet estimated_duration=184.0, duration=0.000403881072998
script duration name:furnace seconds:184.0
loading script "felix_analysis400_120_no_save_center.py"
loading script "felix_pump_ms.py"
loading script "felix_furnace.py"
loading script "felix_pump_extraction_line.py"
testing...
no interpolation path defined
calculate duration
testing...
no interpolation path defined
executed snippet estimated_duration=4.0, duration=0.000200033187866
executed snippet estimated_duration=4.0, duration=0.00138020515442
Script duration 743.0
Run total estimated duration= 744.000
run duration: 0:12:24
doing event level: 2
00:37:24 -- Setting default integration. t=1.048576
setting integration time = 1.048576
SetIntegrationTime 1.048576 ===>> OK
----------------- start -----------------
**************** Experiment Type: Ar/Ar, Ar/Ar
create new session 4748238672
close session 4748238672
$$$$$ Clearing conditionals
adding conditionals 
Add queue conditionals
adding queue conditionals from /Users/obama/PychronDev/queue_conditionals/normal.yaml
add default conditionals
adding default conditionals from /Users/obama/PychronDev/setupfiles/spectrometer/default_conditionals.yaml
Start automated run 65805-01Z
loading script "felix_analysis400_120_no_save_center.py"
loading script "felix_pump_ms.py"
loading script "felix_furnace.py"
loading script "felix_pump_extraction_line.py"
%%%%%%%%%%%%%%%%%% setting automated run 65805-01Z
No value "sensitivity_multiplier" in metadata
$$$$$$$$$$$$$$$ auto_save_detector_ic=False
============================= Pre Extraction Check =============================
loading queue conditionals pre_run_terminations
queue conditionals path /Users/obama/PychronDev/queue_conditionals/normal.yaml
loading conditionals from /Users/obama/PychronDev/queue_conditionals/normal.yaml
loading system conditionals pre_run_terminations
loading conditionals from /Users/obama/PychronDev/setupfiles/spectrometer/default_conditionals.yaml
00:37:25 -- ******* Pre Extraction Check *******
Get a measurement from the spectrometer
Pre Extraction Termination data. keys=L2(CDD),H2,H1,AX,L1,L2, signals=0.00192,0.09237,-0.19685,-0.16855,-0.62764,-0.26593
00:37:25 -- testing system defined conditionals
Checking default pre extraction terminations n=2
testing L2_CDD_
evaluate ot="L2(CDD).inactive" t="L2_CDD_", ctx="{'L2_CDD_': False}"
GetDeflection L2 (CDD) ===>> 0
testing L2_CDD_==3250
evaluate ot="L2(CDD).deflection==3250" t="L2_CDD_==3250", ctx="{'L2_CDD_': 0.0}"
00:37:25 -- ******* Pre Extraction Check Passed *******
=================================================================================
00:37:25 -- stopping status monitor
stop 4712033744
Status monitor stopped
Status monitor finished
00:37:29 -- starting status monitor
start 4712033744
StatusMonitor period=3. Frequencies(state=1, checksum=3, lock=5, owner=5)
start extraction
do extraction
Analysis started at 00:37:34.050685
Extraction Started felix_furnace.py
00:37:34 -- ******* Extraction Started felix_furnace.py *******
state changed from not run to extraction
DO EXTRACTION <pychron.extraction_line.pyscript_runner.RemotePyScriptRunner object at 0x11dbba710>
testing...
no interpolation path defined
executed snippet estimated_duration=546.0, duration=0.000557899475098
start_response_recorder () {}
start response recorder
Felix unknown furnace analysis
close ('F',) {}
close name=F desc=---
checking ownership. requestor=129.138.12.137
check software interlocks F
interlocks []
actuate state mode=None-script, software_lock=True
VALVE-F(CO2 Laser to Bone) software locked
change switch state (True, False)
-------------------------- close F () result=[(True, False)]
action=close, ok=True, locked=[True]
open ('D',) {}
open name=D desc=---
checking ownership. requestor=129.138.12.137
check software interlocks D
interlocks []
actuate state mode=None-script, software_lock=False
doing actuation None-script open_channel False
GetPercentOutput ===>> 0.0
Open D ===>> OK
GetSetpoint ===>> 0.0
GetProcessValue ===>> 270.0
response t=0.000884056091309, out=0, setpoint=0, response=270.0
GetIndicatorState D ===>> OK
change switch state (True, True)
update switch state D True args=() kw={} ncanvase=3
00:37:34 -- OPEN   VALVE-D (Bone to CO2 Laser)
-------------------------- open D () result=[(True, True)]
action=open, ok=True, locked=[False]
close ('J',) {}
close name=J desc=---
checking ownership. requestor=129.138.12.137
check software interlocks J
interlocks []
actuate state mode=None-script, software_lock=False
doing actuation None-script close_channel False
Close J ===>> OK
GetIndicatorState J ===>> False
change switch state (True, True)
update switch state J False args=() kw={} ncanvase=3
00:37:34 -- CLOSE  VALVE-J (Bone to APIS)
-------------------------- close J () result=[(True, True)]
action=close, ok=True, locked=[False]
close ('FC',) {}
close name=FC desc=---
checking ownership. requestor=129.138.12.137
check software interlocks FC
interlocks []
actuate state mode=None-script, software_lock=False
doing actuation None-script close_channel True
Close FC ===>> OK
GetPercentOutput ===>> 0.0
GetSetpoint ===>> 0.0
GetIndicatorState FC ===>> False
change switch state (True, True)
update switch state FC False args=() kw={} ncanvase=3
00:37:36 -- CLOSE  VALVE-FC (Furnace Turbo)
-------------------------- close FC () result=[(True, True)]
GetProcessValue ===>> 269.0
response t=2.00688695908, out=0, setpoint=0, response=269.0
action=close, ok=True, locked=[False]
open ('FH',) {}
open name=FH desc=---
checking ownership. requestor=129.138.12.137
check software interlocks FH
interlocks []
actuate state mode=None-script, software_lock=False
doing actuation None-script open_channel False
Open FH ===>> OK
GetIndicatorState FH ===>> OK
change switch state (True, True)
update switch state FH True args=() kw={} ncanvase=3
00:37:37 -- OPEN   VALVE-FH (Furnace Isolation)
-------------------------- open FH () result=[(True, True)]
action=open, ok=True, locked=[False]
Furnace enabled. Heating sample.
enable () {}
set extraction state NMGRLFurnace Enabled (False, 'red', 1.5)
could not find manager name="NMGRLFurnace" func="enable_device"
set_pid_parameters (1500.0,) {}
setting pid parameters for 1500.0
{"pid": "HO,85;XP,100;TI,15;TD,3", "command": "SetPID"} ===>> OK
BEGIN INTERVAL Interval 1 waiting for 300.0
block started
set extract to 1500.0 (watts)
WaitControl setup for 300.0  
extract () {}
set extraction state NMGRLFurnace ON! 1500.0(watts) (0.75, 'red', 1.5)
extract sample to 1500.0 (watts)
extract
set setpoint to 1500.0
set setpoint=1500.0
setting pid parameters for 1500.0
GetPercentOutput ===>> 0.0
{"pid": "HO,85;XP,100;TI,15;TD,3", "command": "SetPID"} ===>> OK
GetSetpoint ===>> 0.0
{"setpoint": 1500.0, "command": "SetSetpoint"} ===>> OK
sleep (2,) {}
SLEEP 2.0
block started
WaitControl setup for 2.0  
GetProcessValue ===>> 269.0
response t=4.01582694054, out=0, setpoint=0, response=269.0
GetPercentOutput ===>> 85.0
GetSetpoint ===>> 1500.0
GetProcessValue ===>> 269.0
response t=6.01721096039, out=85.0, setpoint=1500.0, response=269.0
Join finished
block finished. duration 2.01528120041
COMPLETE INTERVAL waiting for Interval 1 to complete
GetPercentOutput ===>> 85.0
GetSetpoint ===>> 1500.0
GetProcessValue ===>> 268.0
response t=8.02264285088, out=85.0, setpoint=1500.0, response=268.0
GetPercentOutput ===>> 85.0
GetSetpoint ===>> 1500.0
GetProcessValue ===>> 269.0
response t=10.0259890556, out=85.0, setpoint=1500.0, response=269.0
GetPercentOutput ===>> 85.0
GetSetpoint ===>> 1500.0
GetProcessValue ===>> 272.0
response t=12.0279200077, out=85.0, setpoint=1500.0, response=272.0
GetPercentOutput ===>> 85.0
GetSetpoint ===>> 1500.0
GetProcessValue ===>> 285.0
response t=14.0271270275, out=85.0, setpoint=1500.0, response=285.0
GetPercentOutput ===>> 85.0
GetSetpoint ===>> 1500.0
GetProcessValue ===>> 318.0
response t=16.0284399986, out=85.0, setpoint=1500.0, response=318.0
GetPercentOutput ===>> 85.0
GetSetpoint ===>> 1500.0
GetProcessValue ===>> 391.0
response t=18.0340259075, out=85.0, setpoint=1500.0, response=391.0
GetPercentOutput ===>> 85.0
GetSetpoint ===>> 1500.0
GetProcessValue ===>> 534.0
response t=20.0360159874, out=85.0, setpoint=1500.0, response=534.0
GetPercentOutput ===>> 85.0
GetSetpoint ===>> 1500.0
GetProcessValue ===>> 707.0
response t=22.0375819206, out=85.0, setpoint=1500.0, response=707.0
GetPercentOutput ===>> 85.0
GetSetpoint ===>> 1500.0
GetProcessValue ===>> 863.0
response t=24.0372169018, out=85.0, setpoint=1500.0, response=863.0
GetPercentOutput ===>> 85.0
GetSetpoint ===>> 1500.0
GetProcessValue ===>> 978.0
response t=26.0390079021, out=85.0, setpoint=1500.0, response=978.0
GetPercentOutput ===>> 85.0
GetSetpoint ===>> 1500.0
GetProcessValue ===>> 1078.0
response t=28.0441339016, out=85.0, setpoint=1500.0, response=1078.0
GetPercentOutput ===>> 85.0
GetSetpoint ===>> 1500.0
GetProcessValue ===>> 1144.0
response t=30.0499458313, out=85.0, setpoint=1500.0, response=1144.0
GetPercentOutput ===>> 85.0
GetSetpoint ===>> 1500.0
GetProcessValue ===>> 1208.0
response t=32.0587878227, out=85.0, setpoint=1500.0, response=1208.0
GetPercentOutput ===>> 85.0
GetSetpoint ===>> 1500.0
GetProcessValue ===>> 1265.0
response t=34.060521841, out=85.0, setpoint=1500.0, response=1265.0
GetPercentOutput ===>> 85.0
GetSetpoint ===>> 1500.0
GetProcessValue ===>> 1317.0
response t=36.0689148903, out=85.0, setpoint=1500.0, response=1317.0
GetPercentOutput ===>> 51.5
GetSetpoint ===>> 1500.0
GetProcessValue ===>> 1369.0
response t=38.0709679127, out=51.5, setpoint=1500.0, response=1369.0
GetPercentOutput ===>> 63.2
GetSetpoint ===>> 1500.0
GetProcessValue ===>> 1402.0
response t=40.0729849339, out=63.2, setpoint=1500.0, response=1402.0
GetPercentOutput ===>> 62.9
GetSetpoint ===>> 1500.0
GetProcessValue ===>> 1424.0
response t=42.0750360489, out=62.9, setpoint=1500.0, response=1424.0
GetPercentOutput ===>> 48.0
GetSetpoint ===>> 1500.0
GetProcessValue ===>> 1448.0
response t=44.0742769241, out=48.0, setpoint=1500.0, response=1448.0
GetPercentOutput ===>> 53.3
GetSetpoint ===>> 1500.0
GetProcessValue ===>> 1461.0
response t=46.0790879726, out=53.3, setpoint=1500.0, response=1461.0
GetPercentOutput ===>> 41.0
GetSetpoint ===>> 1500.0
GetProcessValue ===>> 1477.0
response t=48.0851018429, out=41.0, setpoint=1500.0, response=1477.0
GetPercentOutput ===>> 44.4
GetSetpoint ===>> 1500.0
GetProcessValue ===>> 1486.0
response t=50.0904989243, out=44.4, setpoint=1500.0, response=1486.0
GetPercentOutput ===>> 43.6
GetSetpoint ===>> 1500.0
GetProcessValue ===>> 1492.0
response t=52.0958468914, out=43.6, setpoint=1500.0, response=1492.0
GetPercentOutput ===>> 38.8
GetSetpoint ===>> 1500.0
GetProcessValue ===>> 1498.0
response t=54.1012208462, out=38.8, setpoint=1500.0, response=1498.0
GetPercentOutput ===>> 42.3
GetSetpoint ===>> 1500.0
GetProcessValue ===>> 1500.0
response t=56.1060018539, out=42.3, setpoint=1500.0, response=1500.0
GetPercentOutput ===>> 40.5
GetSetpoint ===>> 1500.0
GetProcessValue ===>> 1502.0
response t=58.1079838276, out=40.5, setpoint=1500.0, response=1502.0
GetPercentOutput ===>> 40.2
GetSetpoint ===>> 1500.0
GetProcessValue ===>> 1503.0
response t=60.1149249077, out=40.2, setpoint=1500.0, response=1503.0
GetPercentOutput ===>> 41.9
GetSetpoint ===>> 1500.0
GetProcessValue ===>> 1503.0
response t=62.1227328777, out=41.9, setpoint=1500.0, response=1503.0
GetPercentOutput ===>> 40.2
GetSetpoint ===>> 1500.0
GetProcessValue ===>> 1503.0
response t=64.1281130314, out=40.2, setpoint=1500.0, response=1503.0
GetPercentOutput ===>> 40.6
GetSetpoint ===>> 1500.0
GetProcessValue ===>> 1503.0
response t=66.1361370087, out=40.6, setpoint=1500.0, response=1503.0
GetPercentOutput ===>> 41.0
GetSetpoint ===>> 1500.0
GetProcessValue ===>> 1503.0
response t=68.1358020306, out=41.0, setpoint=1500.0, response=1503.0
GetPercentOutput ===>> 40.3
GetSetpoint ===>> 1500.0
GetProcessValue ===>> 1503.0
response t=70.136015892, out=40.3, setpoint=1500.0, response=1503.0
GetPercentOutput ===>> 40.8
GetSetpoint ===>> 1500.0
GetProcessValue ===>> 1502.0
response t=72.1361060143, out=40.8, setpoint=1500.0, response=1502.0
GetPercentOutput ===>> 40.8
GetSetpoint ===>> 1500.0
GetProcessValue ===>> 1502.0
response t=74.1351828575, out=40.8, setpoint=1500.0, response=1502.0
GetPercentOutput ===>> 40.7
GetSetpoint ===>> 1500.0
GetProcessValue ===>> 1502.0
response t=76.136068821, out=40.7, setpoint=1500.0, response=1502.0
GetPercentOutput ===>> 40.8
GetSetpoint ===>> 1500.0
GetProcessValue ===>> 1501.0
response t=78.1360208988, out=40.8, setpoint=1500.0, response=1501.0
GetPercentOutput ===>> 40.6
GetSetpoint ===>> 1500.0
GetProcessValue ===>> 1501.0
response t=80.1407339573, out=40.6, setpoint=1500.0, response=1501.0
GetPercentOutput ===>> 40.8
GetSetpoint ===>> 1500.0
GetProcessValue ===>> 1501.0
response t=82.1490678787, out=40.8, setpoint=1500.0, response=1501.0
GetPercentOutput ===>> 40.9
GetSetpoint ===>> 1500.0
GetProcessValue ===>> 1501.0
response t=84.1486158371, out=40.9, setpoint=1500.0, response=1501.0
GetPercentOutput ===>> 40.6
GetSetpoint ===>> 1500.0
GetProcessValue ===>> 1501.0
response t=86.1531119347, out=40.6, setpoint=1500.0, response=1501.0
GetPercentOutput ===>> 40.8
GetSetpoint ===>> 1500.0
GetProcessValue ===>> 1501.0
response t=88.1550719738, out=40.8, setpoint=1500.0, response=1501.0
GetPercentOutput ===>> 40.5
GetSetpoint ===>> 1500.0
GetProcessValue ===>> 1501.0
response t=90.1579449177, out=40.5, setpoint=1500.0, response=1501.0
GetPercentOutput ===>> 40.8
GetSetpoint ===>> 1500.0
GetProcessValue ===>> 1500.0
response t=92.1591379642, out=40.8, setpoint=1500.0, response=1500.0
GetPercentOutput ===>> 40.8
GetSetpoint ===>> 1500.0
GetProcessValue ===>> 1500.0
response t=94.1586940289, out=40.8, setpoint=1500.0, response=1500.0
GetPercentOutput ===>> 40.7
GetSetpoint ===>> 1500.0
GetProcessValue ===>> 1500.0
response t=96.1631879807, out=40.7, setpoint=1500.0, response=1500.0
GetPercentOutput ===>> 40.7
GetSetpoint ===>> 1500.0
GetProcessValue ===>> 1500.0
response t=98.1652438641, out=40.7, setpoint=1500.0, response=1500.0
GetPercentOutput ===>> 40.7
GetSetpoint ===>> 1500.0
GetProcessValue ===>> 1500.0
response t=100.167322874, out=40.7, setpoint=1500.0, response=1500.0
GetPercentOutput ===>> 40.9
GetSetpoint ===>> 1500.0
GetProcessValue ===>> 1500.0
response t=102.169312954, out=40.9, setpoint=1500.0, response=1500.0
GetPercentOutput ===>> 40.6
GetSetpoint ===>> 1500.0
GetProcessValue ===>> 1500.0
response t=104.168866873, out=40.6, setpoint=1500.0, response=1500.0
GetPercentOutput ===>> 40.9
GetSetpoint ===>> 1500.0
GetProcessValue ===>> 1500.0
response t=106.173367977, out=40.9, setpoint=1500.0, response=1500.0
GetPercentOutput ===>> 40.9
GetSetpoint ===>> 1500.0
GetProcessValue ===>> 1500.0
response t=108.175426006, out=40.9, setpoint=1500.0, response=1500.0
GetPercentOutput ===>> 40.1
GetSetpoint ===>> 1500.0
GetProcessValue ===>> 1500.0
response t=110.17747283, out=40.1, setpoint=1500.0, response=1500.0
GetPercentOutput ===>> 40.8
GetSetpoint ===>> 1500.0
GetProcessValue ===>> 1500.0
response t=112.179472923, out=40.8, setpoint=1500.0, response=1500.0
GetPercentOutput ===>> 40.5
GetSetpoint ===>> 1500.0
GetProcessValue ===>> 1500.0
response t=114.181540966, out=40.5, setpoint=1500.0, response=1500.0
GetPercentOutput ===>> 40.6
GetSetpoint ===>> 1500.0
GetProcessValue ===>> 1500.0
response t=116.183542013, out=40.6, setpoint=1500.0, response=1500.0
GetPercentOutput ===>> 41.0
GetSetpoint ===>> 1500.0
GetProcessValue ===>> 1500.0
response t=118.185570955, out=41.0, setpoint=1500.0, response=1500.0
GetPercentOutput ===>> 40.5
GetSetpoint ===>> 1500.0
GetProcessValue ===>> 1500.0
response t=120.187571049, out=40.5, setpoint=1500.0, response=1500.0
GetPercentOutput ===>> 40.7
GetSetpoint ===>> 1500.0
GetProcessValue ===>> 1500.0
response t=122.189622879, out=40.7, setpoint=1500.0, response=1500.0
GetPercentOutput ===>> 40.6
GetSetpoint ===>> 1500.0
GetProcessValue ===>> 1500.0
response t=124.191660881, out=40.6, setpoint=1500.0, response=1500.0
GetPercentOutput ===>> 40.7
GetSetpoint ===>> 1500.0
GetProcessValue ===>> 1500.0
response t=126.193721056, out=40.7, setpoint=1500.0, response=1500.0
GetPercentOutput ===>> 40.8
GetSetpoint ===>> 1500.0
GetProcessValue ===>> 1500.0
response t=128.195132017, out=40.8, setpoint=1500.0, response=1500.0
GetPercentOutput ===>> 40.3
GetSetpoint ===>> 1500.0
GetProcessValue ===>> 1500.0
response t=130.198448896, out=40.3, setpoint=1500.0, response=1500.0
GetPercentOutput ===>> 40.8
GetSetpoint ===>> 1500.0
GetProcessValue ===>> 1500.0
response t=132.199743986, out=40.8, setpoint=1500.0, response=1500.0
GetPercentOutput ===>> 40.7
GetSetpoint ===>> 1500.0
GetProcessValue ===>> 1500.0
response t=134.207577944, out=40.7, setpoint=1500.0, response=1500.0
GetPercentOutput ===>> 40.5
GetSetpoint ===>> 1500.0
GetProcessValue ===>> 1500.0
response t=136.216559887, out=40.5, setpoint=1500.0, response=1500.0
GetPercentOutput ===>> 40.8
GetSetpoint ===>> 1500.0
GetProcessValue ===>> 1500.0
response t=138.222547054, out=40.8, setpoint=1500.0, response=1500.0
GetPercentOutput ===>> 40.6
GetSetpoint ===>> 1500.0
GetProcessValue ===>> 1500.0
response t=140.224612951, out=40.6, setpoint=1500.0, response=1500.0
GetPercentOutput ===>> 40.5
GetSetpoint ===>> 1500.0
GetProcessValue ===>> 1500.0
response t=142.226578951, out=40.5, setpoint=1500.0, response=1500.0
GetPercentOutput ===>> 40.8
GetSetpoint ===>> 1500.0
GetProcessValue ===>> 1500.0
response t=144.226346016, out=40.8, setpoint=1500.0, response=1500.0
GetPercentOutput ===>> 40.5
GetSetpoint ===>> 1500.0
GetProcessValue ===>> 1500.0
response t=146.228068829, out=40.5, setpoint=1500.0, response=1500.0
GetPercentOutput ===>> 40.4
GetSetpoint ===>> 1500.0
GetProcessValue ===>> 1500.0
response t=148.23097086, out=40.4, setpoint=1500.0, response=1500.0
GetPercentOutput ===>> 40.5
GetSetpoint ===>> 1500.0
GetProcessValue ===>> 1500.0
response t=150.2347579, out=40.5, setpoint=1500.0, response=1500.0
GetPercentOutput ===>> 40.5
GetSetpoint ===>> 1500.0
GetProcessValue ===>> 1500.0
response t=152.236814022, out=40.5, setpoint=1500.0, response=1500.0
GetPercentOutput ===>> 40.6
GetSetpoint ===>> 1500.0
GetProcessValue ===>> 1500.0
response t=154.236592054, out=40.6, setpoint=1500.0, response=1500.0
GetPercentOutput ===>> 40.3
GetSetpoint ===>> 1500.0
GetProcessValue ===>> 1500.0
response t=156.240761995, out=40.3, setpoint=1500.0, response=1500.0
GetPercentOutput ===>> 40.9
GetSetpoint ===>> 1500.0
GetProcessValue ===>> 1500.0
response t=158.247345924, out=40.9, setpoint=1500.0, response=1500.0
GetPercentOutput ===>> 40.6
GetSetpoint ===>> 1500.0
GetProcessValue ===>> 1500.0
response t=160.247890949, out=40.6, setpoint=1500.0, response=1500.0
GetPercentOutput ===>> 40.1
GetSetpoint ===>> 1500.0
GetProcessValue ===>> 1500.0
response t=162.246973991, out=40.1, setpoint=1500.0, response=1500.0
GetPercentOutput ===>> 40.8
GetSetpoint ===>> 1500.0
GetProcessValue ===>> 1500.0
response t=164.247123003, out=40.8, setpoint=1500.0, response=1500.0
GetPercentOutput ===>> 40.4
GetSetpoint ===>> 1500.0
GetProcessValue ===>> 1500.0
response t=166.247797966, out=40.4, setpoint=1500.0, response=1500.0
GetPercentOutput ===>> 40.4
GetSetpoint ===>> 1500.0
GetProcessValue ===>> 1500.0
response t=168.247720957, out=40.4, setpoint=1500.0, response=1500.0
GetPercentOutput ===>> 40.7
GetSetpoint ===>> 1500.0
GetProcessValue ===>> 1500.0
response t=170.254997015, out=40.7, setpoint=1500.0, response=1500.0
GetPercentOutput ===>> 40.1
GetSetpoint ===>> 1500.0
GetProcessValue ===>> 1500.0
response t=172.257782936, out=40.1, setpoint=1500.0, response=1500.0
GetPercentOutput ===>> 41.0
GetSetpoint ===>> 1500.0
GetProcessValue ===>> 1500.0
response t=174.259068012, out=41.0, setpoint=1500.0, response=1500.0
GetPercentOutput ===>> 40.4
GetSetpoint ===>> 1500.0
GetProcessValue ===>> 1500.0
response t=176.261111975, out=40.4, setpoint=1500.0, response=1500.0
GetPercentOutput ===>> 40.2
GetSetpoint ===>> 1500.0
GetProcessValue ===>> 1500.0
response t=178.263788939, out=40.2, setpoint=1500.0, response=1500.0
GetPercentOutput ===>> 40.4
GetSetpoint ===>> 1500.0
GetProcessValue ===>> 1500.0
response t=180.265157938, out=40.4, setpoint=1500.0, response=1500.0
GetPercentOutput ===>> 40.8
GetSetpoint ===>> 1500.0
GetProcessValue ===>> 1500.0
response t=182.267185926, out=40.8, setpoint=1500.0, response=1500.0
GetPercentOutput ===>> 40.4
GetSetpoint ===>> 1500.0
GetProcessValue ===>> 1500.0
response t=184.269255877, out=40.4, setpoint=1500.0, response=1500.0
GetPercentOutput ===>> 40.4
GetSetpoint ===>> 1500.0
GetProcessValue ===>> 1500.0
response t=186.27083087, out=40.4, setpoint=1500.0, response=1500.0
GetPercentOutput ===>> 41.1
GetSetpoint ===>> 1500.0
GetProcessValue ===>> 1500.0
response t=188.271168947, out=41.1, setpoint=1500.0, response=1500.0
GetPercentOutput ===>> 40.2
GetSetpoint ===>> 1500.0
GetProcessValue ===>> 1500.0
response t=190.273661852, out=40.2, setpoint=1500.0, response=1500.0
GetPercentOutput ===>> 40.6
GetSetpoint ===>> 1500.0
GetProcessValue ===>> 1500.0
response t=192.277345896, out=40.6, setpoint=1500.0, response=1500.0
GetPercentOutput ===>> 40.6
GetSetpoint ===>> 1500.0
GetProcessValue ===>> 1500.0
response t=194.277350903, out=40.6, setpoint=1500.0, response=1500.0
GetPercentOutput ===>> 40.3
GetSetpoint ===>> 1500.0
GetProcessValue ===>> 1500.0
response t=196.281409979, out=40.3, setpoint=1500.0, response=1500.0
GetPercentOutput ===>> 40.7
GetSetpoint ===>> 1500.0
GetProcessValue ===>> 1500.0
response t=198.288092852, out=40.7, setpoint=1500.0, response=1500.0
GetPercentOutput ===>> 40.1
GetSetpoint ===>> 1500.0
GetProcessValue ===>> 1500.0
response t=200.29343605, out=40.1, setpoint=1500.0, response=1500.0
GetPercentOutput ===>> 40.5
GetSetpoint ===>> 1500.0
GetProcessValue ===>> 1500.0
response t=202.293367863, out=40.5, setpoint=1500.0, response=1500.0
GetPercentOutput ===>> 40.5
GetSetpoint ===>> 1500.0
GetProcessValue ===>> 1500.0
response t=204.302361012, out=40.5, setpoint=1500.0, response=1500.0
GetPercentOutput ===>> 40.1
GetSetpoint ===>> 1500.0
GetProcessValue ===>> 1500.0
response t=206.308212996, out=40.1, setpoint=1500.0, response=1500.0
GetPercentOutput ===>> 40.9
GetSetpoint ===>> 1500.0
GetProcessValue ===>> 1500.0
response t=208.312549829, out=40.9, setpoint=1500.0, response=1500.0
GetPercentOutput ===>> 40.3
GetSetpoint ===>> 1500.0
GetProcessValue ===>> 1500.0
response t=210.31227684, out=40.3, setpoint=1500.0, response=1500.0
GetPercentOutput ===>> 40.2
GetSetpoint ===>> 1500.0
GetProcessValue ===>> 1500.0
response t=212.314316988, out=40.2, setpoint=1500.0, response=1500.0
GetPercentOutput ===>> 40.6
GetSetpoint ===>> 1500.0
GetProcessValue ===>> 1500.0
response t=214.314419031, out=40.6, setpoint=1500.0, response=1500.0
GetPercentOutput ===>> 40.4
GetSetpoint ===>> 1500.0
GetProcessValue ===>> 1500.0
response t=216.318480015, out=40.4, setpoint=1500.0, response=1500.0
GetPercentOutput ===>> 40.2
GetSetpoint ===>> 1500.0
GetProcessValue ===>> 1500.0
response t=218.318500996, out=40.2, setpoint=1500.0, response=1500.0
GetPercentOutput ===>> 40.5
GetSetpoint ===>> 1500.0
GetProcessValue ===>> 1500.0
response t=220.322453976, out=40.5, setpoint=1500.0, response=1500.0
GetPercentOutput ===>> 40.5
GetSetpoint ===>> 1500.0
GetProcessValue ===>> 1500.0
response t=222.32445097, out=40.5, setpoint=1500.0, response=1500.0
GetPercentOutput ===>> 40.2
GetSetpoint ===>> 1500.0
GetProcessValue ===>> 1500.0
response t=224.323724985, out=40.2, setpoint=1500.0, response=1500.0
GetPercentOutput ===>> 40.4
GetSetpoint ===>> 1500.0
GetProcessValue ===>> 1500.0
response t=226.32851696, out=40.4, setpoint=1500.0, response=1500.0
GetPercentOutput ===>> 40.7
GetSetpoint ===>> 1500.0
GetProcessValue ===>> 1500.0
response t=228.330554008, out=40.7, setpoint=1500.0, response=1500.0
GetPercentOutput ===>> 40.3
GetSetpoint ===>> 1500.0
GetProcessValue ===>> 1500.0
response t=230.33267498, out=40.3, setpoint=1500.0, response=1500.0
GetPercentOutput ===>> 40.0
GetSetpoint ===>> 1500.0
GetProcessValue ===>> 1500.0
response t=232.334709883, out=40.0, setpoint=1500.0, response=1500.0
GetPercentOutput ===>> 40.8
GetSetpoint ===>> 1500.0
GetProcessValue ===>> 1500.0
response t=234.34066391, out=40.8, setpoint=1500.0, response=1500.0
GetPercentOutput ===>> 40.3
GetSetpoint ===>> 1500.0
GetProcessValue ===>> 1500.0
response t=236.347362995, out=40.3, setpoint=1500.0, response=1500.0
GetPercentOutput ===>> 40.3
GetSetpoint ===>> 1500.0
GetProcessValue ===>> 1500.0
response t=238.356298923, out=40.3, setpoint=1500.0, response=1500.0
GetPercentOutput ===>> 40.7
GetSetpoint ===>> 1500.0
GetProcessValue ===>> 1500.0
response t=240.359462023, out=40.7, setpoint=1500.0, response=1500.0
GetPercentOutput ===>> 40.2
GetSetpoint ===>> 1500.0
GetProcessValue ===>> 1500.0
response t=242.361449003, out=40.2, setpoint=1500.0, response=1500.0
GetPercentOutput ===>> 40.3
GetSetpoint ===>> 1500.0
GetProcessValue ===>> 1500.0
response t=244.361690998, out=40.3, setpoint=1500.0, response=1500.0
GetPercentOutput ===>> 40.5
GetSetpoint ===>> 1500.0
GetProcessValue ===>> 1500.0
response t=246.365530014, out=40.5, setpoint=1500.0, response=1500.0
GetPercentOutput ===>> 40.4
GetSetpoint ===>> 1500.0
GetProcessValue ===>> 1500.0
response t=248.365803957, out=40.4, setpoint=1500.0, response=1500.0
GetPercentOutput ===>> 40.4
GetSetpoint ===>> 1500.0
GetProcessValue ===>> 1500.0
response t=250.369619846, out=40.4, setpoint=1500.0, response=1500.0
GetPercentOutput ===>> 40.2
GetSetpoint ===>> 1500.0
GetProcessValue ===>> 1500.0
response t=252.371603966, out=40.2, setpoint=1500.0, response=1500.0
GetPercentOutput ===>> 40.3
GetSetpoint ===>> 1500.0
GetProcessValue ===>> 1500.0
response t=254.371975899, out=40.3, setpoint=1500.0, response=1500.0
GetPercentOutput ===>> 40.5
GetSetpoint ===>> 1500.0
GetProcessValue ===>> 1500.0
response t=256.375705004, out=40.5, setpoint=1500.0, response=1500.0
GetPercentOutput ===>> 40.8
GetSetpoint ===>> 1500.0
GetProcessValue ===>> 1500.0
response t=258.377686977, out=40.8, setpoint=1500.0, response=1500.0
GetPercentOutput ===>> 40.0
GetSetpoint ===>> 1500.0
GetProcessValue ===>> 1500.0
response t=260.379812956, out=40.0, setpoint=1500.0, response=1500.0
GetPercentOutput ===>> 40.5
GetSetpoint ===>> 1500.0
GetProcessValue ===>> 1500.0
response t=262.381784916, out=40.5, setpoint=1500.0, response=1500.0
GetPercentOutput ===>> 40.6
GetSetpoint ===>> 1500.0
GetProcessValue ===>> 1500.0
response t=264.38281703, out=40.6, setpoint=1500.0, response=1500.0
GetPercentOutput ===>> 40.1
GetSetpoint ===>> 1500.0
GetProcessValue ===>> 1500.0
response t=266.3858459, out=40.1, setpoint=1500.0, response=1500.0
GetPercentOutput ===>> 40.4
GetSetpoint ===>> 1500.0
GetProcessValue ===>> 1500.0
response t=268.385277987, out=40.4, setpoint=1500.0, response=1500.0
GetPercentOutput ===>> 40.5
GetSetpoint ===>> 1500.0
GetProcessValue ===>> 1500.0
response t=270.387249947, out=40.5, setpoint=1500.0, response=1500.0
GetPercentOutput ===>> 40.5
GetSetpoint ===>> 1500.0
GetProcessValue ===>> 1500.0
response t=272.386868954, out=40.5, setpoint=1500.0, response=1500.0
GetPercentOutput ===>> 40.1
GetSetpoint ===>> 1500.0
GetProcessValue ===>> 1500.0
response t=274.392225027, out=40.1, setpoint=1500.0, response=1500.0
GetPercentOutput ===>> 40.5
GetSetpoint ===>> 1500.0
GetProcessValue ===>> 1500.0
response t=276.396719933, out=40.5, setpoint=1500.0, response=1500.0
GetPercentOutput ===>> 40.6
GetSetpoint ===>> 1500.0
GetProcessValue ===>> 1500.0
response t=278.398743868, out=40.6, setpoint=1500.0, response=1500.0
GetPercentOutput ===>> 40.2
GetSetpoint ===>> 1500.0
GetProcessValue ===>> 1500.0
response t=280.400758028, out=40.2, setpoint=1500.0, response=1500.0
GetPercentOutput ===>> 40.2
GetSetpoint ===>> 1500.0
GetProcessValue ===>> 1500.0
response t=282.402056932, out=40.2, setpoint=1500.0, response=1500.0
GetPercentOutput ===>> 40.6
GetSetpoint ===>> 1500.0
GetProcessValue ===>> 1500.0
response t=284.402430058, out=40.6, setpoint=1500.0, response=1500.0
GetPercentOutput ===>> 40.4
GetSetpoint ===>> 1500.0
GetProcessValue ===>> 1500.0
response t=286.401710987, out=40.4, setpoint=1500.0, response=1500.0
GetPercentOutput ===>> 40.4
GetSetpoint ===>> 1500.0
GetProcessValue ===>> 1500.0
response t=288.40456605, out=40.4, setpoint=1500.0, response=1500.0
GetPercentOutput ===>> 40.1
GetSetpoint ===>> 1500.0
GetProcessValue ===>> 1500.0
response t=290.406394005, out=40.1, setpoint=1500.0, response=1500.0
GetPercentOutput ===>> 40.6
GetSetpoint ===>> 1500.0
GetProcessValue ===>> 1500.0
response t=292.40733695, out=40.6, setpoint=1500.0, response=1500.0
GetPercentOutput ===>> 40.4
GetSetpoint ===>> 1500.0
GetProcessValue ===>> 1500.0
response t=294.412643909, out=40.4, setpoint=1500.0, response=1500.0
GetPercentOutput ===>> 40.2
GetSetpoint ===>> 1500.0
GetProcessValue ===>> 1500.0
response t=296.413327932, out=40.2, setpoint=1500.0, response=1500.0
GetPercentOutput ===>> 40.6
GetSetpoint ===>> 1500.0
GetProcessValue ===>> 1500.0
response t=298.419050932, out=40.6, setpoint=1500.0, response=1500.0
GetPercentOutput ===>> 40.3
GetSetpoint ===>> 1500.0
GetProcessValue ===>> 1500.0
response t=300.420320034, out=40.3, setpoint=1500.0, response=1500.0
GetPercentOutput ===>> 39.9
GetSetpoint ===>> 1500.0
GetProcessValue ===>> 1500.0
response t=302.42238903, out=39.9, setpoint=1500.0, response=1500.0
GetPercentOutput ===>> 40.7
GetSetpoint ===>> 1500.0
GetProcessValue ===>> 1500.0
response t=304.428624868, out=40.7, setpoint=1500.0, response=1500.0
Join finished
block finished. duration 300.832690001
Interval 1 finished
disable () {}
%%%%%%%%%%%%%%%%%%%%%%%%%%%%%%%%%%% disable
set extraction state False (0.75, 'red', 1.5)
disable
set setpoint=0.0
setting pid parameters for 0.0
{"pid": "HO,10;XP,10;TI,48;TD,8", "command": "SetPID"} ===>> OK
{"setpoint": 0.0, "command": "SetSetpoint"} ===>> OK
Furnace disabled.
sleep (60,) {}
SLEEP 60.0
block started
WaitControl setup for 60.0  
GetPercentOutput ===>> 0.0
GetSetpoint ===>> 0.0
GetProcessValue ===>> 1499.0
response t=306.428200006, out=0, setpoint=0, response=1499.0
GetPercentOutput ===>> 0.0
GetSetpoint ===>> 0.0
GetProcessValue ===>> 1483.0
response t=308.428447962, out=0, setpoint=0, response=1483.0
GetPercentOutput ===>> 0.0
GetSetpoint ===>> 0.0
GetProcessValue ===>> 1459.0
response t=310.430470943, out=0, setpoint=0, response=1459.0
GetPercentOutput ===>> 0.0
GetSetpoint ===>> 0.0
GetProcessValue ===>> 1432.0
response t=312.432167053, out=0, setpoint=0, response=1432.0
GetPercentOutput ===>> 0.0
GetSetpoint ===>> 0.0
GetProcessValue ===>> 1406.0
response t=314.433734894, out=0, setpoint=0, response=1406.0
GetPercentOutput ===>> 0.0
GetSetpoint ===>> 0.0
GetProcessValue ===>> 1380.0
response t=316.437305927, out=0, setpoint=0, response=1380.0
GetPercentOutput ===>> 0.0
GetSetpoint ===>> 0.0
GetProcessValue ===>> 1357.0
response t=318.445044041, out=0, setpoint=0, response=1357.0
GetPercentOutput ===>> 0.0
GetSetpoint ===>> 0.0
GetProcessValue ===>> 1334.0
response t=320.445189953, out=0, setpoint=0, response=1334.0
GetPercentOutput ===>> 0.0
GetSetpoint ===>> 0.0
GetProcessValue ===>> 1313.0
response t=322.445273876, out=0, setpoint=0, response=1313.0
GetPercentOutput ===>> 0.0
GetSetpoint ===>> 0.0
GetProcessValue ===>> 1293.0
response t=324.444666862, out=0, setpoint=0, response=1293.0
GetPercentOutput ===>> 0.0
GetSetpoint ===>> 0.0
GetProcessValue ===>> 1273.0
response t=326.445008993, out=0, setpoint=0, response=1273.0
GetPercentOutput ===>> 0.0
GetSetpoint ===>> 0.0
GetProcessValue ===>> 1254.0
response t=328.445308924, out=0, setpoint=0, response=1254.0
GetPercentOutput ===>> 0.0
GetSetpoint ===>> 0.0
GetProcessValue ===>> 1237.0
response t=330.450778961, out=0, setpoint=0, response=1237.0
GetPercentOutput ===>> 0.0
GetSetpoint ===>> 0.0
GetProcessValue ===>> 1220.0
response t=332.452777863, out=0, setpoint=0, response=1220.0
GetPercentOutput ===>> 0.0
GetSetpoint ===>> 0.0
GetProcessValue ===>> 1203.0
response t=334.455505848, out=0, setpoint=0, response=1203.0
GetPercentOutput ===>> 0.0
GetSetpoint ===>> 0.0
GetProcessValue ===>> 1187.0
response t=336.462874889, out=0, setpoint=0, response=1187.0
GetPercentOutput ===>> 0.0
GetSetpoint ===>> 0.0
GetProcessValue ===>> 1173.0
response t=338.462148905, out=0, setpoint=0, response=1173.0
GetPercentOutput ===>> 0.0
GetSetpoint ===>> 0.0
GetProcessValue ===>> 1158.0
response t=340.462610006, out=0, setpoint=0, response=1158.0
GetPercentOutput ===>> 0.0
GetSetpoint ===>> 0.0
GetProcessValue ===>> 1144.0
response t=342.461745977, out=0, setpoint=0, response=1144.0
GetPercentOutput ===>> 0.0
GetSetpoint ===>> 0.0
GetProcessValue ===>> 1131.0
response t=344.463702917, out=0, setpoint=0, response=1131.0
GetPercentOutput ===>> 0.0
GetSetpoint ===>> 0.0
GetProcessValue ===>> 1117.0
response t=346.471760035, out=0, setpoint=0, response=1117.0
GetPercentOutput ===>> 0.0
GetSetpoint ===>> 0.0
GetProcessValue ===>> 1104.0
response t=348.472110987, out=0, setpoint=0, response=1104.0
GetPercentOutput ===>> 0.0
GetSetpoint ===>> 0.0
GetProcessValue ===>> 1093.0
response t=350.471773863, out=0, setpoint=0, response=1093.0
GetPercentOutput ===>> 0.0
GetSetpoint ===>> 0.0
GetProcessValue ===>> 1081.0
response t=352.47307992, out=0, setpoint=0, response=1081.0
GetPercentOutput ===>> 0.0
GetSetpoint ===>> 0.0
GetProcessValue ===>> 1070.0
response t=354.473793983, out=0, setpoint=0, response=1070.0
GetPercentOutput ===>> 0.0
GetSetpoint ===>> 0.0
GetProcessValue ===>> 1059.0
response t=356.477182865, out=0, setpoint=0, response=1059.0
GetPercentOutput ===>> 0.0
GetSetpoint ===>> 0.0
GetProcessValue ===>> 1048.0
response t=358.478389978, out=0, setpoint=0, response=1048.0
GetPercentOutput ===>> 0.0
GetSetpoint ===>> 0.0
GetProcessValue ===>> 1038.0
response t=360.481200933, out=0, setpoint=0, response=1038.0
GetPercentOutput ===>> 0.0
GetSetpoint ===>> 0.0
GetProcessValue ===>> 1029.0
response t=362.483258009, out=0, setpoint=0, response=1029.0
GetPercentOutput ===>> 0.0
GetSetpoint ===>> 0.0
GetProcessValue ===>> 1019.0
response t=364.490200043, out=0, setpoint=0, response=1019.0
Join finished
block finished. duration 60.2058820724
close ('B',) {}
close name=B desc=---
checking ownership. requestor=129.138.12.137
check software interlocks B
interlocks []
actuate state mode=None-script, software_lock=False
doing actuation None-script close_channel True
Close B ===>> OK
GetIndicatorState B ===>> False
change switch state (True, True)
update switch state B False args=() kw={} ncanvase=3
00:43:40 -- CLOSE  VALVE-B (Bone to Diode Laser)
-------------------------- close B () result=[(True, True)]
action=close, ok=True, locked=[False]
close ('E',) {}
close name=E desc=---
checking ownership. requestor=129.138.12.137
check software interlocks E
interlocks []
actuate state mode=None-script, software_lock=False
doing actuation None-script close_channel False
Close E ===>> OK
GetIndicatorState E ===>> False
change switch state (True, True)
update switch state E False args=() kw={} ncanvase=3
00:43:40 -- CLOSE  VALVE-E (Bone to Minibone)
-------------------------- close E () result=[(True, True)]
GetPercentOutput ===>> 0.0
GetSetpoint ===>> 0.0
GetProcessValue ===>> 1009.0
response t=366.494459867, out=0, setpoint=0, response=1009.0
action=close, ok=True, locked=[False]
close ('C',) {}
close name=C desc=---
checking ownership. requestor=129.138.12.137
check software interlocks C
interlocks []
actuate state mode=None-script, software_lock=False
doing actuation None-script close_channel True
Close C ===>> OK
GetIndicatorState C ===>> False
change switch state (True, True)
update switch state C False args=() kw={} ncanvase=3
00:43:41 -- CLOSE  VALVE-C (Bone to Turbo)
-------------------------- close C () result=[(True, True)]
action=close, ok=True, locked=[False]
sleep (2,) {}
SLEEP 2.0
block started
WaitControl setup for 2.0  
GetPercentOutput ===>> 0.0
GetSetpoint ===>> 0.0
GetProcessValue ===>> 1001.0
response t=368.501229048, out=0, setpoint=0, response=1001.0
Join finished
block finished. duration 2.03249883652
open ('J',) {}
open name=J desc=---
checking ownership. requestor=129.138.12.137
check software interlocks J
interlocks []
actuate state mode=None-script, software_lock=False
doing actuation None-script open_channel True
Open J ===>> OK
set states for children of J. state=True
handle state [('J', True)]
update switch state J True args=() kw={'refresh': False} ncanvase=3
GetIndicatorState J ===>> OK
change switch state (True, True)
refresh_canvas_needed fired
update switch state J True args=() kw={} ncanvase=3
00:43:43 -- OPEN   VALVE-J (Bone to APIS)
-------------------------- open J () result=[(True, True)]
action=open, ok=True, locked=[False]
sleep (30,) {}
SLEEP 30.0
block started
WaitControl setup for 30.0  
GetPercentOutput ===>> 0.0
GetSetpoint ===>> 0.0
GetProcessValue ===>> 992.0
response t=370.505877018, out=0, setpoint=0, response=992.0
GetPercentOutput ===>> 0.0
GetSetpoint ===>> 0.0
GetProcessValue ===>> 983.0
response t=372.505475998, out=0, setpoint=0, response=983.0
GetPercentOutput ===>> 0.0
GetSetpoint ===>> 0.0
GetProcessValue ===>> 975.0
response t=374.509937048, out=0, setpoint=0, response=975.0
GetPercentOutput ===>> 0.0
GetSetpoint ===>> 0.0
GetProcessValue ===>> 967.0
response t=376.51414299, out=0, setpoint=0, response=967.0
GetPercentOutput ===>> 0.0
GetSetpoint ===>> 0.0
GetProcessValue ===>> 959.0
response t=378.51627183, out=0, setpoint=0, response=959.0
GetPercentOutput ===>> 0.0
GetSetpoint ===>> 0.0
GetProcessValue ===>> 952.0
response t=380.518214941, out=0, setpoint=0, response=952.0
GetPercentOutput ===>> 0.0
GetSetpoint ===>> 0.0
GetProcessValue ===>> 944.0
response t=382.520241022, out=0, setpoint=0, response=944.0
GetPercentOutput ===>> 0.0
GetSetpoint ===>> 0.0
GetProcessValue ===>> 937.0
response t=384.521096945, out=0, setpoint=0, response=937.0
GetPercentOutput ===>> 0.0
GetSetpoint ===>> 0.0
GetProcessValue ===>> 930.0
response t=386.521719933, out=0, setpoint=0, response=930.0
GetPercentOutput ===>> 0.0
GetSetpoint ===>> 0.0
GetProcessValue ===>> 923.0
response t=388.526356936, out=0, setpoint=0, response=923.0
GetPercentOutput ===>> 0.0
GetSetpoint ===>> 0.0
GetProcessValue ===>> 916.0
response t=390.528349876, out=0, setpoint=0, response=916.0
GetPercentOutput ===>> 0.0
GetSetpoint ===>> 0.0
GetProcessValue ===>> 909.0
response t=392.530379057, out=0, setpoint=0, response=909.0
GetPercentOutput ===>> 0.0
GetSetpoint ===>> 0.0
GetProcessValue ===>> 903.0
response t=394.531226873, out=0, setpoint=0, response=903.0
GetPercentOutput ===>> 0.0
GetSetpoint ===>> 0.0
GetProcessValue ===>> 896.0
response t=396.534448862, out=0, setpoint=0, response=896.0
GetPercentOutput ===>> 0.0
GetSetpoint ===>> 0.0
GetProcessValue ===>> 890.0
response t=398.536540985, out=0, setpoint=0, response=890.0
Join finished
block finished. duration 30.1335270405
close ('J',) {}
close name=J desc=---
checking ownership. requestor=129.138.12.137
check software interlocks J
interlocks []
actuate state mode=None-script, software_lock=False
doing actuation None-script close_channel True
Close J ===>> OK
GetIndicatorState J ===>> False
change switch state (True, True)
update switch state J False args=() kw={} ncanvase=3
00:44:14 -- CLOSE  VALVE-J (Bone to APIS)
-------------------------- close J () result=[(True, True)]
action=close, ok=True, locked=[False]
open ('FC',) {}
open name=FC desc=---
checking ownership. requestor=129.138.12.137
check software interlocks FC
interlocks []
actuate state mode=None-script, software_lock=False
doing actuation None-script open_channel True
GetPercentOutput ===>> 0.0
GetSetpoint ===>> 0.0
GetProcessValue ===>> 884.0
response t=400.53847599, out=0, setpoint=0, response=884.0
Open FC ===>> OK
GetIndicatorState FC ===>> OK
change switch state (True, True)
update switch state FC True args=() kw={} ncanvase=3
00:44:15 -- OPEN   VALVE-FC (Furnace Turbo)
-------------------------- open FC () result=[(True, True)]
action=open, ok=True, locked=[False]
sleep (30.0,) {}
SLEEP 30.0
block started
WaitControl setup for 30.0  
GetPercentOutput ===>> 0.0
GetSetpoint ===>> 0.0
GetProcessValue ===>> 878.0
response t=402.543880939, out=0, setpoint=0, response=878.0
GetPercentOutput ===>> 0.0
GetSetpoint ===>> 0.0
GetProcessValue ===>> 872.0
response t=404.544292927, out=0, setpoint=0, response=872.0
GetPercentOutput ===>> 0.0
GetSetpoint ===>> 0.0
GetProcessValue ===>> 866.0
response t=406.552605867, out=0, setpoint=0, response=866.0
GetPercentOutput ===>> 0.0
GetSetpoint ===>> 0.0
GetProcessValue ===>> 861.0
response t=408.55864501, out=0, setpoint=0, response=861.0
GetPercentOutput ===>> 0.0
GetSetpoint ===>> 0.0
GetProcessValue ===>> 855.0
response t=410.565335035, out=0, setpoint=0, response=855.0
GetPercentOutput ===>> 0.0
GetSetpoint ===>> 0.0
GetProcessValue ===>> 850.0
response t=412.567358971, out=0, setpoint=0, response=850.0
GetPercentOutput ===>> 0.0
GetSetpoint ===>> 0.0
GetProcessValue ===>> 845.0
response t=414.568351984, out=0, setpoint=0, response=845.0
GetPercentOutput ===>> 0.0
GetSetpoint ===>> 0.0
GetProcessValue ===>> 840.0
response t=416.573745012, out=0, setpoint=0, response=840.0
GetPercentOutput ===>> 0.0
GetSetpoint ===>> 0.0
GetProcessValue ===>> 835.0
response t=418.573453903, out=0, setpoint=0, response=835.0
GetPercentOutput ===>> 0.0
GetSetpoint ===>> 0.0
GetProcessValue ===>> 830.0
response t=420.581267834, out=0, setpoint=0, response=830.0
GetPercentOutput ===>> 0.0
GetSetpoint ===>> 0.0
GetProcessValue ===>> 825.0
response t=422.589071989, out=0, setpoint=0, response=825.0
GetPercentOutput ===>> 0.0
GetSetpoint ===>> 0.0
GetProcessValue ===>> 820.0
response t=424.595249891, out=0, setpoint=0, response=820.0
GetPercentOutput ===>> 0.0
GetSetpoint ===>> 0.0
GetProcessValue ===>> 815.0
response t=426.60304904, out=0, setpoint=0, response=815.0
GetPercentOutput ===>> 0.0
GetSetpoint ===>> 0.0
GetProcessValue ===>> 811.0
response t=428.608253956, out=0, setpoint=0, response=811.0
GetPercentOutput ===>> 0.0
GetSetpoint ===>> 0.0
GetProcessValue ===>> 806.0
response t=430.616086006, out=0, setpoint=0, response=806.0
Join finished
block finished. duration 30.1364920139
stop_response_recorder () {}
stop response recorder
executed snippet estimated_duration=1267.0, duration=432.08504796
felix_furnace.py completed successfully
get achieved output
Requested Output= 0.000
Achieved Output=  0.000
get response blob
get output blob
active pid =HO,10;XP,10;TI,48;TD,8
persistence save...
persistence save - db
AutomatedRunPersister post_extraction_save deprecated
persistence save - dvc
no extraction position for 
not connected to db mysql://felixexp@129.138.12.160/labspy
Enviromentals: {'lab_humiditys': [{'device': 'EnvironmentalMonitor',
                    'name': 'Lab Hum.',
                    'pub_date': '2017-08-28T23:48:03',
                    'title': 'iServer Hum.',
                    'value': 51.7}],
 'lab_pneumatics': [{'device': 'AirPressure',
                     'name': 'Pressure',
                     'pub_date': '2017-08-29T00:44:16',
                     'title': None,
                     'value': 102.375},
                    {'device': 'AirPressure2',
                     'name': 'Pressure2',
                     'pub_date': '2017-08-29T00:44:16',
                     'title': None,
                     'value': 103.89808}],
 'lab_temperatures': [{'device': 'EnvironmentalMonitor',
                       'name': 'Lab Temp.',
                       'pub_date': '2017-08-29T00:07:20',
                       'title': 'iServer Temp.',
                       'value': 71.7},
                      {'device': 'Chiller',
                       'name': 'Coolant Temp.',
                       'pub_date': '2017-08-28T23:30:30',
                       'title': None,
                       'value': 18.0}]}
Extraction Finished
00:44:48 -- ******* Extraction Finished *******
no overlap. not waiting for min ms pumptime
00:44:48 -- Sending spectrometer configuration
======== Sending configuration ========
SetZFocus 1.65 ===>> OK
SetHV 9900.0 ===>> OK
SetZSymmetry 3.35 ===>> OK
SetExtractionLens 63.57 ===>> OK
SetIonRepeller -5.15 ===>> OK
SetElectronEnergy 125.02 ===>> OK
SetYSymmetry 38.07 ===>> OK
send trap current 250.0
GetParameter Trap Current Readback ===>> 248.718732832815
SetParameter Trap Current Set,250.0 ===>> OK
updating mftable name argon
Using mftable located at /Users/obama/PychronDev/setupfiles/spectrometer/mftables/argon.csv
============ MFtable ===========
Isotope  H2     H1     AX     L1     L2     L2(CDD)
Ar40     3.7664 3.8416 3.9197 4.0011 4.1088 4.0944
Ar39     3.6920 3.7664 3.8428 3.9256 4.0281 4.0133
Ar36     3.4656 3.4181 3.6072 3.6831 3.7917 3.7662
================================
get initial guess parabolic
get initial guess parabolic
get initial guess parabolic
get initial guess parabolic
get initial guess parabolic
get initial guess parabolic
======== Configuration Finished ========
GetYSymmetry ===>> 38.07
GetZSymmetry ===>> 3.35
GetParameter Trap Current Readback ===>> 247.823658670573
GetHighVoltage ===>> 9900
start measurement
do measurement
L#=65805 analysis type=unknown
Measurement Started felix_analysis400_120_no_save_center.py
00:44:48 -- ******* Measurement Started felix_analysis400_120_no_save_center.py *******
state changed from extraction to measurement
setting trap, emission, spec, defl, and gains
GetExtractionLens ===>> 63.57
GetYSymmetry ===>> 38.07
GetZSymmetry ===>> 3.35
GetZFocus ===>> 1.65
GetDeflection H2 (CDD) ===>> 3250
GetDeflection H1 (CDD) ===>> 3250
GetDeflection AX (CDD) ===>> 3250
GetDeflection L1 (CDD) ===>> 3250
GetDeflection L2 (CDD) ===>> 0
GetGain H2 ===>> 0.9809305
GetGain H1 ===>> 0.9706
GetGain AX ===>> 0.96269
GetGain L1 ===>> 0.970094835296087
GetGain L2 ===>> 0.967359864778375
GetGain H2(CDD) ===>> 0
GetGain H1(CDD) ===>> 0
GetGain AX(CDD) ===>> 0
GetGain L1(CDD) ===>> 0
GetGain L2(CDD) ===>> 0
GetParameter Trap Current Readback ===>> 247.935542940853
GetParameter Source Current Readback ===>> 886.588781053531
pre measurement save
New frame /Users/obama/PychronDev/data/isotopes/6f/b77099-4706-434e-8a2b-cdfc00c54958.h5
flush and close file /Users/obama/PychronDev/data/isotopes/6f/b77099-4706-434e-8a2b-cdfc00c54958.h5
testing...
no interpolation path defined
executed snippet estimated_duration=590.4304, duration=0.00025486946106
unknown measurement script
activate_detectors ('H2', 'H1', 'AX', 'L1', 'L2(CDD)') {}
activate detectors
*************** Set Analysis View Ar/Ar
create graphs
clearing graphs
clear isotope group
setting isotope det=H2, iso=Ar40
setting isotope det=H1, iso=Ar39
setting isotope det=AX, iso=Ar38
setting isotope det=L1, iso=Ar37
setting isotope det=L2(CDD), iso=Ar36
setting previous blanks
 - setting Ar40 blank 3.492+/-0.019
 - setting Ar36 blank 0.01391+/-0.00030
 - setting Ar37 blank -0.011+/-0.012
 - setting Ar38 blank 0.005+/-0.013
 - setting Ar39 blank 0.013+/-0.024
load analysis view
position_magnet ('Ar40',) {'detector': 'H2'}
detector Detector(H2)
POSITION Ar40 H2
setting detector H2 to Ar40 (39.9624)
setting detector H1 to Ar39 (38.8624)
setting detector AX to Ar38 (37.9624)
setting detector L1 to Ar37 (36.9624)
setting detector L2 to Ar36 (35.8624)
setting detector H2(CDD) to Ar40 (39.8624)
setting detector H1(CDD) to Ar39 (38.8624)
setting detector AX(CDD) to Ar38 (37.8624)
setting detector L1(CDD) to Ar37 (36.8624)
setting detector L2(CDD) to Ar36 (35.9624)
Mapping mass to dac mass func: "parabolic"
H2 map mass coeffs = [ -2.56720193e-04   9.47812314e-02   3.88664975e-01]
H2 map mass to dac 39.9624 >> 3.76637
GetHighVoltage ===>> 9900
positioning Ar40 (3.76637) on H2
setting magnet DAC
current  : 3.768370
requested: 3.766370
Delta Dac: 0.002000
Checking detector protection. dv=0.00200
SetMagnetDAC 3.76637 ===>> OK
Magnet settling time: 0.500 0.500
Magnet settling complete
set_dac. change=True
equilibrate () {'delay': 3, 'inlet': 'H', 'outlet': 'V', 'eqtime': 30.0}
Equilibration Started
00:44:49 -- ******* Equilibration Started *******
checking ownership. requestor=129.138.12.137
check software interlocks V
interlocks []
actuate state mode=None-script, software_lock=False
doing actuation None-script close_channel True
Close V ===>> OK
GetIndicatorState V ===>> False
change switch state (True, True)
update switch state V False args=() kw={} ncanvase=3
00:44:49 -- CLOSE  VALVE-V (Felix Ion Pump)
waiting 3s before opening inlet value ('H',)
update labels <pychron.experiment.plot_panel.PlotPanel object at 0x1393448f0>
update labels "<pychron.graph.stacked_regression_graph.StackedRegressionGraph object at 0x139355410>"
setting label 0 H2 Ar40
setting label 1 H1 Ar39
setting label 2 AX Ar38
setting label 3 L1 Ar37
setting label 4 L2(CDD) Ar36
update labels "<pychron.graph.stacked_graph.StackedGraph object at 0x139344470>"
setting label 0 H2 Ar40
setting label 1 H1 Ar39
setting label 2 AX Ar38
setting label 3 L1 Ar37
setting label 4 L2(CDD) Ar36
checking ownership. requestor=129.138.12.137
check software interlocks H
interlocks []
actuate state mode=None-script, software_lock=False
doing actuation None-script open_channel True
Open H ===>> OK
GetIndicatorState H ===>> OK
change switch state (True, True)
update switch state H True args=() kw={} ncanvase=3
00:44:52 -- OPEN   VALVE-H (Felix Inlet)
set_time_zero () {}
equilibrating for 30.0sec
sniff (30.0,) {}
py_sniff
build tables- sniff [Detector(H2), Detector(H1), Detector(AX), Detector(L1), Detector(L2(CDD))]
add group /sniff/Ar40 (Group) u'' table H2
add group /sniff/Ar39 (Group) u'' table H1
add group /sniff/Ar38 (Group) u'' table AX
add group /sniff/Ar37 (Group) u'' table L1
add group /sniff/Ar36 (Group) u'' table L2(CDD)
flush and close file /Users/obama/PychronDev/data/isotopes/6f/b77099-4706-434e-8a2b-cdfc00c54958.h5
measuring sniff. ncounts=30.0
"sniff" increment series count="1" fit count="0" regressing="False"
starting measurement
00:45:18 -- collecting point 25
Equilibration Finished
00:45:23 -- ******* Equilibration Finished *******
checking ownership. requestor=129.138.12.137
check software interlocks H
interlocks []
actuate state mode=None-script, software_lock=False
doing actuation None-script close_channel True
Close H ===>> OK
GetIndicatorState H ===>> False
change switch state (True, True)
update switch state H False args=() kw={} ncanvase=3
00:45:24 -- CLOSE  VALVE-H (Felix Inlet)
Post Equilibration Started felix_pump_extraction_line.py
00:45:24 -- ******* Post Equilibration Started felix_pump_extraction_line.py *******
testing...
no interpolation path defined
calculate duration
testing...
no interpolation path defined
executed snippet estimated_duration=4.0, duration=0.000301837921143
executed snippet estimated_duration=4.0, duration=0.0024209022522
Pump after analysis
doing GOSUB
testing...
no interpolation path defined
executed snippet estimated_duration=4.0, duration=0.000243902206421
Pump Bone
close () {'description': 'Felix Inlet'}
close name=--- desc=Felix Inlet
checking ownership. requestor=129.138.12.137
check software interlocks H
interlocks []
actuate state mode=None-script, software_lock=False
doing actuation None-script close_channel False
Close H ===>> OK
GetIndicatorState H ===>> False
change switch state (True, True)
update switch state H False args=() kw={} ncanvase=3
00:45:24 -- CLOSE  VALVE-H (Felix Inlet)
-------------------------- close None (Felix Inlet) result=[(True, True)]
action=close, ok=True, locked=[False]
is_closed ('A',) {}
is A () closed?
is closed False
close () {'description': 'CO2 Laser to Bone'}
close name=--- desc=CO2 Laser to Bone
checking ownership. requestor=129.138.12.137
check software interlocks F
interlocks []
actuate state mode=None-script, software_lock=True
VALVE-F(CO2 Laser to Bone) software locked
change switch state (True, False)
-------------------------- close None (CO2 Laser to Bone) result=[(True, False)]
action=close, ok=True, locked=[True]
sleep (1,) {}
SLEEP 1.0
waiting for write to finish
measurement finished
estimated time: 31.457 actual time: :31.660
flush and close file /Users/obama/PychronDev/data/isotopes/6f/b77099-4706-434e-8a2b-cdfc00c54958.h5
set_fits () {}
using default fits file=/Users/obama/PychronDev/scripts/measurement/fits/nominal.yaml
set "Ar40" to "('Parabolic', 'SEM')"
set "Ar36" to "('Parabolic', 'SEM')"
set "Ar37" to "('linear', 'SEM')"
set "Ar38" to "('linear', 'SEM')"
set "Ar39" to "('Parabolic', 'SEM')"
set_baseline_fits () {}
using default fits file=/Users/obama/PychronDev/scripts/measurement/fits/nominal.yaml
set "H2" to "('average', 'SEM')"
set "L2(CDD)" to "('average', 'SEM')"
set "L1" to "('average', 'SEM')"
set "AX" to "('average', 'SEM')"
set "H1" to "('average', 'SEM')"
multicollect () {'integration_time': 1.048576, 'ncounts': 400}
build tables- signal [Detector(H2), Detector(H1), Detector(AX), Detector(L1), Detector(L2(CDD))]
add group /signal/Ar40 (Group) u'' table H2
add group /signal/Ar39 (Group) u'' table H1
add group /signal/Ar38 (Group) u'' table AX
add group /signal/Ar37 (Group) u'' table L1
add group /signal/Ar36 (Group) u'' table L2(CDD)
flush and close file /Users/obama/PychronDev/data/isotopes/6f/b77099-4706-434e-8a2b-cdfc00c54958.h5
measuring signal. ncounts=400
"signal" increment series count="2" fit count="1" regressing="True"
close () {'description': 'CO2 Laser to Roughing'}
close name=--- desc=CO2 Laser to Roughing
checking ownership. requestor=129.138.12.137
check software interlocks G
interlocks []
actuate state mode=None-script, software_lock=True
VALVE-G(CO2 Laser to Roughing) software locked
change switch state (True, False)
-------------------------- close None (CO2 Laser to Roughing) result=[(True, False)]
action=close, ok=True, locked=[True]
open () {'description': 'Bone to Turbo'}
open name=--- desc=Bone to Turbo
checking ownership. requestor=129.138.12.137
check software interlocks C
interlocks []
actuate state mode=None-script, software_lock=False
doing actuation None-script open_channel True
Open C ===>> OK
GetIndicatorState C ===>> OK
change switch state (True, True)
update switch state C True args=() kw={} ncanvase=3
starting measurement
00:45:25 -- OPEN   VALVE-C (Bone to Turbo)
-------------------------- open None (Bone to Turbo) result=[(True, True)]
action=open, ok=True, locked=[False]
open () {'description': 'Bone to Getter GP-50'}
open name=--- desc=Bone to Getter GP-50
checking ownership. requestor=129.138.12.137
check software interlocks N
interlocks []
actuate state mode=None-script, software_lock=False
doing actuation None-script open_channel False
Open N ===>> OK
GetIndicatorState N ===>> OK
change switch state (True, True)
update switch state N True args=() kw={} ncanvase=3
00:45:26 -- OPEN   VALVE-N (Bone to Getter GP-50)
-------------------------- open None (Bone to Getter GP-50) result=[(True, True)]
action=open, ok=True, locked=[False]
open () {'description': 'Bone to Diode Laser'}
open name=--- desc=Bone to Diode Laser
checking ownership. requestor=129.138.12.137
check software interlocks B
interlocks []
actuate state mode=None-script, software_lock=False
doing actuation None-script open_channel True
Open B ===>> OK
GetIndicatorState B ===>> OK
change switch state (True, True)
update switch state B True args=() kw={} ncanvase=3
00:45:26 -- OPEN   VALVE-B (Bone to Diode Laser)
-------------------------- open None (Bone to Diode Laser) result=[(True, True)]
action=open, ok=True, locked=[False]
open () {'description': 'Bone to CO2 Laser'}
open name=--- desc=Bone to CO2 Laser
checking ownership. requestor=129.138.12.137
check software interlocks D
interlocks []
actuate state mode=None-script, software_lock=False
doing actuation None-script open_channel False
Open D ===>> OK
GetIndicatorState D ===>> OK
change switch state (True, True)
update switch state D True args=() kw={} ncanvase=3
00:45:27 -- OPEN   VALVE-D (Bone to CO2 Laser)
-------------------------- open None (Bone to CO2 Laser) result=[(True, True)]
action=open, ok=True, locked=[False]
sleep (1,) {}
SLEEP 1.0
set_resource () {'name': 'CO2PumpTimeFlag', 'value': 30}
Set CO2PumpTimeFlag 30 ===>> OK
release ('FelixCO2Flag',) {}
release FelixCO2Flag
Set FelixCO2Flag 0 ===>> OK
executed snippet estimated_duration=6.0, duration=4.31554698944
PumpBone.py completed successfully
gosub finished
get_resource_value () {'name': 'FelixMiniboneFlag'}
Read FelixMiniboneFlag ===>> 0
Get Resource Value FelixMiniboneFlag=0.0
executed snippet estimated_duration=4.0, duration=4.32386612892
felix_pump_extraction_line.py completed successfully
Post Equilibration Finished
00:45:28 -- ******* Post Equilibration Finished *******
GetDeflection L2 (CDD) ===>> 0
testing L2_CDD_==3250
evaluate ot="L2(CDD).deflection==3250" t="L2_CDD_==3250", ctx="{'L2_CDD_': 0.0}"
GetDeflection L2 (CDD) ===>> 0
testing L2_CDD_==3250
evaluate ot="L2(CDD).deflection==3250" t="L2_CDD_==3250", ctx="{'L2_CDD_': 0.0}"
00:45:51 -- collecting point 25
GetDeflection L2 (CDD) ===>> 0
testing L2_CDD_==3250
evaluate ot="L2(CDD).deflection==3250" t="L2_CDD_==3250", ctx="{'L2_CDD_': 0.0}"
GetDeflection L2 (CDD) ===>> 0
testing L2_CDD_==3250
evaluate ot="L2(CDD).deflection==3250" t="L2_CDD_==3250", ctx="{'L2_CDD_': 0.0}"
00:46:17 -- collecting point 50
GetDeflection L2 (CDD) ===>> 0
testing L2_CDD_==3250
evaluate ot="L2(CDD).deflection==3250" t="L2_CDD_==3250", ctx="{'L2_CDD_': 0.0}"
GetDeflection L2 (CDD) ===>> 0
testing L2_CDD_==3250
evaluate ot="L2(CDD).deflection==3250" t="L2_CDD_==3250", ctx="{'L2_CDD_': 0.0}"
GetDeflection L2 (CDD) ===>> 0
testing L2_CDD_==3250
evaluate ot="L2(CDD).deflection==3250" t="L2_CDD_==3250", ctx="{'L2_CDD_': 0.0}"
00:46:43 -- collecting point 75
GetDeflection L2 (CDD) ===>> 0
testing L2_CDD_==3250
evaluate ot="L2(CDD).deflection==3250" t="L2_CDD_==3250", ctx="{'L2_CDD_': 0.0}"
GetDeflection L2 (CDD) ===>> 0
testing L2_CDD_==3250
evaluate ot="L2(CDD).deflection==3250" t="L2_CDD_==3250", ctx="{'L2_CDD_': 0.0}"
00:47:09 -- collecting point 100
GetDeflection L2 (CDD) ===>> 0
testing L2_CDD_==3250
evaluate ot="L2(CDD).deflection==3250" t="L2_CDD_==3250", ctx="{'L2_CDD_': 0.0}"
GetDeflection L2 (CDD) ===>> 0
testing L2_CDD_==3250
evaluate ot="L2(CDD).deflection==3250" t="L2_CDD_==3250", ctx="{'L2_CDD_': 0.0}"
GetDeflection L2 (CDD) ===>> 0
testing L2_CDD_==3250
evaluate ot="L2(CDD).deflection==3250" t="L2_CDD_==3250", ctx="{'L2_CDD_': 0.0}"
00:47:36 -- collecting point 125
GetDeflection L2 (CDD) ===>> 0
testing L2_CDD_==3250
evaluate ot="L2(CDD).deflection==3250" t="L2_CDD_==3250", ctx="{'L2_CDD_': 0.0}"
GetDeflection L2 (CDD) ===>> 0
testing L2_CDD_==3250
evaluate ot="L2(CDD).deflection==3250" t="L2_CDD_==3250", ctx="{'L2_CDD_': 0.0}"
00:48:02 -- collecting point 150
GetDeflection L2 (CDD) ===>> 0
testing L2_CDD_==3250
evaluate ot="L2(CDD).deflection==3250" t="L2_CDD_==3250", ctx="{'L2_CDD_': 0.0}"
GetDeflection L2 (CDD) ===>> 0
testing L2_CDD_==3250
evaluate ot="L2(CDD).deflection==3250" t="L2_CDD_==3250", ctx="{'L2_CDD_': 0.0}"
GetDeflection L2 (CDD) ===>> 0
testing L2_CDD_==3250
evaluate ot="L2(CDD).deflection==3250" t="L2_CDD_==3250", ctx="{'L2_CDD_': 0.0}"
00:48:28 -- collecting point 175
GetDeflection L2 (CDD) ===>> 0
testing L2_CDD_==3250
evaluate ot="L2(CDD).deflection==3250" t="L2_CDD_==3250", ctx="{'L2_CDD_': 0.0}"
GetDeflection L2 (CDD) ===>> 0
testing L2_CDD_==3250
evaluate ot="L2(CDD).deflection==3250" t="L2_CDD_==3250", ctx="{'L2_CDD_': 0.0}"
00:48:55 -- collecting point 200
GetDeflection L2 (CDD) ===>> 0
testing L2_CDD_==3250
evaluate ot="L2(CDD).deflection==3250" t="L2_CDD_==3250", ctx="{'L2_CDD_': 0.0}"
GetDeflection L2 (CDD) ===>> 0
testing L2_CDD_==3250
evaluate ot="L2(CDD).deflection==3250" t="L2_CDD_==3250", ctx="{'L2_CDD_': 0.0}"
GetDeflection L2 (CDD) ===>> 0
testing L2_CDD_==3250
evaluate ot="L2(CDD).deflection==3250" t="L2_CDD_==3250", ctx="{'L2_CDD_': 0.0}"
00:49:21 -- collecting point 225
GetDeflection L2 (CDD) ===>> 0
testing L2_CDD_==3250
evaluate ot="L2(CDD).deflection==3250" t="L2_CDD_==3250", ctx="{'L2_CDD_': 0.0}"
GetDeflection L2 (CDD) ===>> 0
testing L2_CDD_==3250
evaluate ot="L2(CDD).deflection==3250" t="L2_CDD_==3250", ctx="{'L2_CDD_': 0.0}"
00:49:48 -- collecting point 250
GetDeflection L2 (CDD) ===>> 0
testing L2_CDD_==3250
evaluate ot="L2(CDD).deflection==3250" t="L2_CDD_==3250", ctx="{'L2_CDD_': 0.0}"
GetDeflection L2 (CDD) ===>> 0
testing L2_CDD_==3250
evaluate ot="L2(CDD).deflection==3250" t="L2_CDD_==3250", ctx="{'L2_CDD_': 0.0}"
GetDeflection L2 (CDD) ===>> 0
testing L2_CDD_==3250
evaluate ot="L2(CDD).deflection==3250" t="L2_CDD_==3250", ctx="{'L2_CDD_': 0.0}"
00:50:15 -- collecting point 275
GetDeflection L2 (CDD) ===>> 0
testing L2_CDD_==3250
evaluate ot="L2(CDD).deflection==3250" t="L2_CDD_==3250", ctx="{'L2_CDD_': 0.0}"
GetDeflection L2 (CDD) ===>> 0
testing L2_CDD_==3250
evaluate ot="L2(CDD).deflection==3250" t="L2_CDD_==3250", ctx="{'L2_CDD_': 0.0}"
00:50:41 -- collecting point 300
GetDeflection L2 (CDD) ===>> 0
testing L2_CDD_==3250
evaluate ot="L2(CDD).deflection==3250" t="L2_CDD_==3250", ctx="{'L2_CDD_': 0.0}"
GetDeflection L2 (CDD) ===>> 0
testing L2_CDD_==3250
evaluate ot="L2(CDD).deflection==3250" t="L2_CDD_==3250", ctx="{'L2_CDD_': 0.0}"
GetDeflection L2 (CDD) ===>> 0
testing L2_CDD_==3250
evaluate ot="L2(CDD).deflection==3250" t="L2_CDD_==3250", ctx="{'L2_CDD_': 0.0}"
00:51:08 -- collecting point 325
GetDeflection L2 (CDD) ===>> 0
testing L2_CDD_==3250
evaluate ot="L2(CDD).deflection==3250" t="L2_CDD_==3250", ctx="{'L2_CDD_': 0.0}"
GetDeflection L2 (CDD) ===>> 0
testing L2_CDD_==3250
evaluate ot="L2(CDD).deflection==3250" t="L2_CDD_==3250", ctx="{'L2_CDD_': 0.0}"
00:51:34 -- collecting point 350
GetDeflection L2 (CDD) ===>> 0
testing L2_CDD_==3250
evaluate ot="L2(CDD).deflection==3250" t="L2_CDD_==3250", ctx="{'L2_CDD_': 0.0}"
GetDeflection L2 (CDD) ===>> 0
testing L2_CDD_==3250
evaluate ot="L2(CDD).deflection==3250" t="L2_CDD_==3250", ctx="{'L2_CDD_': 0.0}"
GetDeflection L2 (CDD) ===>> 0
testing L2_CDD_==3250
evaluate ot="L2(CDD).deflection==3250" t="L2_CDD_==3250", ctx="{'L2_CDD_': 0.0}"
00:52:01 -- collecting point 375
GetDeflection L2 (CDD) ===>> 0
testing L2_CDD_==3250
evaluate ot="L2(CDD).deflection==3250" t="L2_CDD_==3250", ctx="{'L2_CDD_': 0.0}"
GetDeflection L2 (CDD) ===>> 0
testing L2_CDD_==3250
evaluate ot="L2(CDD).deflection==3250" t="L2_CDD_==3250", ctx="{'L2_CDD_': 0.0}"
00:52:28 -- collecting point 400
waiting for write to finish
measurement finished
estimated time: 419.430 actual time: :424.015
flush and close file /Users/obama/PychronDev/data/isotopes/6f/b77099-4706-434e-8a2b-cdfc00c54958.h5
baselines () {'settling_time': 15.0, 'detector': 'H2', 'mass': 39.862, 'ncounts': 120}
%%%%%%%%%%%%%%%%%%%%%%%%%%%%%%%% Baseline
build tables- baseline [Detector(H2), Detector(H1), Detector(AX), Detector(L1), Detector(L2(CDD))]
add group baseline table H2
add group baseline table H1
add group baseline table AX
add group baseline table L1
add group baseline table L2(CDD)
flush and close file /Users/obama/PychronDev/data/isotopes/6f/b77099-4706-434e-8a2b-cdfc00c54958.h5
detector Detector(H2)
POSITION 39.862 H2
Mapping mass to dac mass func: "parabolic"
H2 map mass coeffs = [ -2.56720193e-04   9.47812314e-02   3.88664975e-01]
H2 map mass to dac 39.862 >> 3.75891141492
GetHighVoltage ===>> 9900
positioning 39.862 (3.75891141492) on H2
setting magnet DAC
current  : 3.766370
requested: 3.758911
Delta Dac: 0.007459
Checking detector protection. dv=0.00746
SetMagnetDAC 3.75891141492 ===>> OK
Magnet settling time: 0.500 0.500
Magnet settling complete
set_dac. change=True
Delaying 15.0s for detectors to settle
Join finished
measuring baseline. ncounts=120
"baseline" increment series count="2" fit count="1" regressing="True"
starting measurement
GetDeflection L2 (CDD) ===>> 0
testing L2_CDD_==3250
evaluate ot="L2(CDD).deflection==3250" t="L2_CDD_==3250", ctx="{'L2_CDD_': 0.0}"
GetDeflection L2 (CDD) ===>> 0
testing L2_CDD_==3250
evaluate ot="L2(CDD).deflection==3250" t="L2_CDD_==3250", ctx="{'L2_CDD_': 0.0}"
00:53:11 -- collecting point 25
GetDeflection L2 (CDD) ===>> 0
testing L2_CDD_==3250
evaluate ot="L2(CDD).deflection==3250" t="L2_CDD_==3250", ctx="{'L2_CDD_': 0.0}"
GetDeflection L2 (CDD) ===>> 0
testing L2_CDD_==3250
evaluate ot="L2(CDD).deflection==3250" t="L2_CDD_==3250", ctx="{'L2_CDD_': 0.0}"
00:53:37 -- collecting point 50
GetDeflection L2 (CDD) ===>> 0
testing L2_CDD_==3250
evaluate ot="L2(CDD).deflection==3250" t="L2_CDD_==3250", ctx="{'L2_CDD_': 0.0}"
GetDeflection L2 (CDD) ===>> 0
testing L2_CDD_==3250
evaluate ot="L2(CDD).deflection==3250" t="L2_CDD_==3250", ctx="{'L2_CDD_': 0.0}"
GetDeflection L2 (CDD) ===>> 0
testing L2_CDD_==3250
evaluate ot="L2(CDD).deflection==3250" t="L2_CDD_==3250", ctx="{'L2_CDD_': 0.0}"
00:54:03 -- collecting point 75
GetDeflection L2 (CDD) ===>> 0
testing L2_CDD_==3250
evaluate ot="L2(CDD).deflection==3250" t="L2_CDD_==3250", ctx="{'L2_CDD_': 0.0}"
GetDeflection L2 (CDD) ===>> 0
testing L2_CDD_==3250
evaluate ot="L2(CDD).deflection==3250" t="L2_CDD_==3250", ctx="{'L2_CDD_': 0.0}"
00:54:30 -- collecting point 100
GetDeflection L2 (CDD) ===>> 0
testing L2_CDD_==3250
evaluate ot="L2(CDD).deflection==3250" t="L2_CDD_==3250", ctx="{'L2_CDD_': 0.0}"
GetDeflection L2 (CDD) ===>> 0
testing L2_CDD_==3250
evaluate ot="L2(CDD).deflection==3250" t="L2_CDD_==3250", ctx="{'L2_CDD_': 0.0}"
waiting for write to finish
measurement finished
estimated time: 125.829 actual time: :126.318
flush and close file /Users/obama/PychronDev/data/isotopes/6f/b77099-4706-434e-8a2b-cdfc00c54958.h5
activate_detectors ('H1', 'L2(CDD)') {'peak_center': True}
peak_center () {'detector': 'H2', 'save': False, 'integration_time': 1.048576, 'isotope': 'Ar40'}
peak center: mean=98.4369261267 threshold=1.0
peak center started
setup peak center. detector=['H2', 'H1', 'L2(CDD)'], isotope=Ar40
VersionedUnpickler [<apptools.sweet_pickle.versioned_unpickler.VersionedUnpickler object at 0x135a4fd70>] using Updater [<apptools.sweet_pickle.updater.Updater object at 0x124a506b0>]
VersionedUnpickler [<apptools.sweet_pickle.versioned_unpickler.VersionedUnpickler object at 0x135a4fd70>] using Updater [<apptools.sweet_pickle.updater.Updater object at 0x124a506b0>]
VersionedUnpickler [<apptools.sweet_pickle.versioned_unpickler.VersionedUnpickler object at 0x147c41650>] using Updater [<apptools.sweet_pickle.updater.Updater object at 0x124a506b0>]
setting integration time = 0.524288
SetIntegrationTime 0.524288 ===>> OK
Mapping mass to dac mass func: "parabolic"
H2 map mass coeffs = [ -2.56720193e-04   9.47812314e-02   3.88664975e-01]
H2 map mass to dac 39.9624 >> 3.76637
GetHighVoltage ===>> 9900
do peak center. <pychron.spectrometer.jobs.peak_center.PeakCenter object at 0x124a508f0>
doing pc
starting peak center. center dac= 3.76637 step_width=0.0001
width = 0.0001
get scan parameters. half-width=0.002,window=0.002, i=0, scalar=1
Scan parameters center=3.76637 width=0.00400 (3.76437 - 3.76837)
Moving to starting dac 3.76437
setting magnet DAC
current  : 3.758911
requested: 3.764370
Delta Dac: 0.005459
Checking detector protection. dv=0.00546
SetMagnetDAC 3.76437 ===>> OK
Magnet settling time: 0.500 0.500
Magnet settling complete
set_dac. change=True
Wait until signal near baseline. tol= 0.0436671735087. timeout= 10
Peak center failed to move to a baseline position
_do_sweep sm= 3.76437, em= 3.76837, stm= 0.0001
calculated step values: start=3.76437, end=3.76837, width=0.0001, nsteps=41.0
setting magnet DAC
current  : 3.764370
requested: 3.764370
Delta Dac: 0.000000
Checking detector protection. dv=0.00000
set_dac. change=False
setting magnet DAC
current  : 3.764370
requested: 3.764473
Delta Dac: 0.000103
Checking detector protection. dv=0.00010
Magnet settling time: 1.049 0.500
Magnet settling complete
set_dac. change=True
setting magnet DAC
current  : 3.764473
requested: 3.764575
Delta Dac: 0.000103
Checking detector protection. dv=0.00010
Magnet settling time: 1.049 0.500
Magnet settling complete
set_dac. change=True
setting magnet DAC
current  : 3.764575
requested: 3.764678
Delta Dac: 0.000103
Checking detector protection. dv=0.00010
Magnet settling time: 1.049 0.500
Magnet settling complete
set_dac. change=True
setting magnet DAC
current  : 3.764678
requested: 3.764780
Delta Dac: 0.000103
Checking detector protection. dv=0.00010
Magnet settling time: 1.049 0.500
Magnet settling complete
set_dac. change=True
setting magnet DAC
current  : 3.764780
requested: 3.764883
Delta Dac: 0.000103
Checking detector protection. dv=0.00010
Magnet settling time: 1.049 0.500
Magnet settling complete
set_dac. change=True
setting magnet DAC
current  : 3.764883
requested: 3.764985
Delta Dac: 0.000103
Checking detector protection. dv=0.00010
Magnet settling time: 1.049 0.500
Magnet settling complete
set_dac. change=True
setting magnet DAC
current  : 3.764985
requested: 3.765088
Delta Dac: 0.000103
Checking detector protection. dv=0.00010
Magnet settling time: 1.049 0.500
set states for children of O. state=False
handle state [('O', False)]
update switch state O False args=() kw={'refresh': False} ncanvase=3
refresh_canvas_needed fired
Magnet settling complete
set_dac. change=True
setting magnet DAC
current  : 3.765088
requested: 3.765191
Delta Dac: 0.000103
Checking detector protection. dv=0.00010
Magnet settling time: 1.049 0.500
Magnet settling complete
set_dac. change=True
setting magnet DAC
current  : 3.765191
requested: 3.765293
Delta Dac: 0.000103
Checking detector protection. dv=0.00010
Magnet settling time: 1.049 0.500
Magnet settling complete
set_dac. change=True
setting magnet DAC
current  : 3.765293
requested: 3.765396
Delta Dac: 0.000103
Checking detector protection. dv=0.00010
Magnet settling time: 1.049 0.500
set states for children of O. state=True
handle state [('O', True)]
update switch state O True args=() kw={'refresh': False} ncanvase=3
refresh_canvas_needed fired
Magnet settling complete
set_dac. change=True
setting magnet DAC
current  : 3.765396
requested: 3.765498
Delta Dac: 0.000103
Checking detector protection. dv=0.00010
Magnet settling time: 1.049 0.500
Magnet settling complete
set_dac. change=True
setting magnet DAC
current  : 3.765498
requested: 3.765601
Delta Dac: 0.000103
Checking detector protection. dv=0.00010
Magnet settling time: 1.049 0.500
Magnet settling complete
set_dac. change=True
setting magnet DAC
current  : 3.765601
requested: 3.765703
Delta Dac: 0.000103
Checking detector protection. dv=0.00010
Magnet settling time: 1.049 0.500
Magnet settling complete
set_dac. change=True
setting magnet DAC
current  : 3.765703
requested: 3.765806
Delta Dac: 0.000103
Checking detector protection. dv=0.00010
Magnet settling time: 1.049 0.500
Magnet settling complete
set_dac. change=True
setting magnet DAC
current  : 3.765806
requested: 3.765908
Delta Dac: 0.000103
Checking detector protection. dv=0.00010
Magnet settling time: 1.049 0.500
set states for children of O. state=False
handle state [('O', False)]
update switch state O False args=() kw={'refresh': False} ncanvase=3
Magnet settling complete
refresh_canvas_needed fired
set_dac. change=True
setting magnet DAC
current  : 3.765908
requested: 3.766011
Delta Dac: 0.000103
Checking detector protection. dv=0.00010
Magnet settling time: 1.049 0.500
Magnet settling complete
set_dac. change=True
setting magnet DAC
current  : 3.766011
requested: 3.766114
Delta Dac: 0.000103
Checking detector protection. dv=0.00010
Magnet settling time: 1.049 0.500
Magnet settling complete
set_dac. change=True
setting magnet DAC
current  : 3.766114
requested: 3.766216
Delta Dac: 0.000103
Checking detector protection. dv=0.00010
Magnet settling time: 1.049 0.500
set states for children of O. state=True
handle state [('O', True)]
update switch state O True args=() kw={'refresh': False} ncanvase=3
refresh_canvas_needed fired
Magnet settling complete
set_dac. change=True
setting magnet DAC
current  : 3.766216
requested: 3.766319
Delta Dac: 0.000103
Checking detector protection. dv=0.00010
Magnet settling time: 1.049 0.500
Magnet settling complete
set_dac. change=True
setting magnet DAC
current  : 3.766319
requested: 3.766421
Delta Dac: 0.000103
Checking detector protection. dv=0.00010
Magnet settling time: 1.049 0.500
Magnet settling complete
set_dac. change=True
setting magnet DAC
current  : 3.766421
requested: 3.766524
Delta Dac: 0.000103
Checking detector protection. dv=0.00010
Magnet settling time: 1.049 0.500
Magnet settling complete
set_dac. change=True
setting magnet DAC
current  : 3.766524
requested: 3.766626
Delta Dac: 0.000103
Checking detector protection. dv=0.00010
Magnet settling time: 1.049 0.500
Magnet settling complete
set_dac. change=True
setting magnet DAC
current  : 3.766626
requested: 3.766729
Delta Dac: 0.000103
Checking detector protection. dv=0.00010
Magnet settling time: 1.049 0.500
Magnet settling complete
set_dac. change=True
setting magnet DAC
current  : 3.766729
requested: 3.766832
Delta Dac: 0.000103
Checking detector protection. dv=0.00010
Magnet settling time: 1.049 0.500
Magnet settling complete
set_dac. change=True
setting magnet DAC
current  : 3.766832
requested: 3.766934
Delta Dac: 0.000103
Checking detector protection. dv=0.00010
Magnet settling time: 1.049 0.500
Magnet settling complete
set_dac. change=True
setting magnet DAC
current  : 3.766934
requested: 3.767037
Delta Dac: 0.000103
Checking detector protection. dv=0.00010
Magnet settling time: 1.049 0.500
Magnet settling complete
set_dac. change=True
setting magnet DAC
current  : 3.767037
requested: 3.767139
Delta Dac: 0.000103
Checking detector protection. dv=0.00010
Magnet settling time: 1.049 0.500
Magnet settling complete
set_dac. change=True
setting magnet DAC
current  : 3.767139
requested: 3.767242
Delta Dac: 0.000103
Checking detector protection. dv=0.00010
Magnet settling time: 1.049 0.500
Magnet settling complete
set_dac. change=True
setting magnet DAC
current  : 3.767242
requested: 3.767344
Delta Dac: 0.000103
Checking detector protection. dv=0.00010
Magnet settling time: 1.049 0.500
Magnet settling complete
set_dac. change=True
setting magnet DAC
current  : 3.767344
requested: 3.767447
Delta Dac: 0.000103
Checking detector protection. dv=0.00010
Magnet settling time: 1.049 0.500
Magnet settling complete
set_dac. change=True
setting magnet DAC
current  : 3.767447
requested: 3.767549
Delta Dac: 0.000103
Checking detector protection. dv=0.00010
Magnet settling time: 1.049 0.500
Magnet settling complete
set_dac. change=True
setting magnet DAC
current  : 3.767549
requested: 3.767652
Delta Dac: 0.000103
Checking detector protection. dv=0.00010
Magnet settling time: 1.049 0.500
set states for children of O. state=False
handle state [('O', False)]
update switch state O False args=() kw={'refresh': False} ncanvase=3
refresh_canvas_needed fired
Magnet settling complete
set_dac. change=True
setting magnet DAC
current  : 3.767652
requested: 3.767755
Delta Dac: 0.000103
Checking detector protection. dv=0.00010
Magnet settling time: 1.049 0.500
Magnet settling complete
set_dac. change=True
setting magnet DAC
current  : 3.767755
requested: 3.767857
Delta Dac: 0.000103
Checking detector protection. dv=0.00010
Magnet settling time: 1.049 0.500
Magnet settling complete
set_dac. change=True
setting magnet DAC
current  : 3.767857
requested: 3.767960
Delta Dac: 0.000103
Checking detector protection. dv=0.00010
Magnet settling time: 1.049 0.500
set states for children of O. state=True
handle state [('O', True)]
update switch state O True args=() kw={'refresh': False} ncanvase=3
refresh_canvas_needed fired
Magnet settling complete
set_dac. change=True
setting magnet DAC
current  : 3.767960
requested: 3.768062
Delta Dac: 0.000103
Checking detector protection. dv=0.00010
Magnet settling time: 1.049 0.500
Magnet settling complete
set_dac. change=True
setting magnet DAC
current  : 3.768062
requested: 3.768165
Delta Dac: 0.000103
Checking detector protection. dv=0.00010
Magnet settling time: 1.049 0.500
Magnet settling complete
set_dac. change=True
setting magnet DAC
current  : 3.768165
requested: 3.768267
Delta Dac: 0.000103
Checking detector protection. dv=0.00010
Magnet settling time: 1.049 0.500
Magnet settling complete
set_dac. change=True
setting magnet DAC
current  : 3.768267
requested: 3.768370
Delta Dac: 0.000103
Checking detector protection. dv=0.00010
Magnet settling time: 1.049 0.500
Magnet settling complete
set_dac. change=True
result of _do_sweep=True
result of _calculate_peak_center=([3.7651275150300596, 3.7662697995991978, 3.7674120841683361], [71.980991582832246, 97.225808337011472, 71.849912595365325], 3.766229719438877, 97.225808337011472)
Failed to find a valid peak. No peak greater than 1.0. max = 0.310359425621
new center pos Detector(H2) (Ar40) @ 3.7662697996
GetHighVoltage ===>> 9900
dac uncorrected for HV and deflection 3.7662697996
setting integration time = 1.048576
SetIntegrationTime 1.048576 ===>> OK
Failed to find a valid peak. No peak greater than 1.0. max = 0.310359425621
flush and close file /Users/obama/PychronDev/data/isotopes/6f/b77099-4706-434e-8a2b-cdfc00c54958.h5
finished measure script
executed snippet estimated_duration=590.4304, duration=657.647031069
felix_analysis400_120_no_save_center.py completed successfully
Measurement Finished
00:55:46 -- ******* Measurement Finished *******
Post Measurement Started felix_pump_ms.py
00:55:46 -- ******* Post Measurement Started felix_pump_ms.py *******
testing...
no interpolation path defined
executed snippet estimated_duration=0, duration=3.71932983398e-05
Pumping spectrometer
open () {'name': 'V'}
open name=V desc=---
checking ownership. requestor=129.138.12.137
check software interlocks V
interlocks []
actuate state mode=None-script, software_lock=False
doing actuation None-script open_channel True
sweep finished
Open V ===>> OK
GetIndicatorState V ===>> OK
change switch state (True, True)
update switch state V True args=() kw={} ncanvase=3
00:55:46 -- OPEN   VALVE-V (Felix Ion Pump)
-------------------------- open V () result=[(True, True)]
action=open, ok=True, locked=[False]
executed snippet estimated_duration=0, duration=0.374017953873
felix_pump_ms.py completed successfully
setting _ms_pumptime
Post Measurement Finished
00:55:46 -- ******* Post Measurement Finished *******
$$$$$$$$$$$$$$$$$$$$ state at run end measurement
state changed from measurement to success
post measurement save measured=True aborted=False
Set filtering
setting fod for Ar40= {'filter_outliers': True, 'std_devs': 2, 'iterations': 2}
setting fod for H2= {'filter_outliers': True, 'std_devs': 2, 'iterations': 1}
setting fod for Ar36= {'filter_outliers': True, 'std_devs': 2, 'iterations': 2}
setting fod for L2(CDD)= {'filter_outliers': True, 'std_devs': 2, 'iterations': 1}
setting fod for Ar37= {'filter_outliers': True, 'std_devs': 2, 'iterations': 2}
setting fod for L1= {'filter_outliers': True, 'std_devs': 2, 'iterations': 1}
setting fod for Ar38= {'filter_outliers': True, 'std_devs': 2, 'iterations': 2}
setting fod for AX= {'filter_outliers': True, 'std_devs': 2, 'iterations': 1}
setting fod for Ar39= {'filter_outliers': True, 'std_devs': 2, 'iterations': 2}
setting fod for H1= {'filter_outliers': True, 'std_devs': 2, 'iterations': 1}
not connected to db mysql://felixexp@129.138.12.160/labspy
Enviromentals: {'lab_humiditys': [{'device': 'EnvironmentalMonitor',
                    'name': 'Lab Hum.',
                    'pub_date': '2017-08-29T00:46:55',
                    'title': 'iServer Hum.',
                    'value': 52.0}],
 'lab_pneumatics': [{'device': 'AirPressure',
                     'name': 'Pressure',
                     'pub_date': '2017-08-29T00:54:19',
                     'title': None,
                     'value': 92.025},
                    {'device': 'AirPressure2',
                     'name': 'Pressure2',
                     'pub_date': '2017-08-29T00:54:20',
                     'title': None,
                     'value': 93.457}],
 'lab_temperatures': [{'device': 'EnvironmentalMonitor',
                       'name': 'Lab Temp.',
                       'pub_date': '2017-08-29T00:07:20',
                       'title': 'iServer Temp.',
                       'value': 71.7},
                      {'device': 'Chiller',
                       'name': 'Coolant Temp.',
                       'pub_date': '2017-08-28T23:30:30',
                       'title': None,
                       'value': 18.0}]}
persistence save...
persistence save - db
post measurement save
4920984016 connecting to database sqlite://@/
connected to db sqlite://@/
create new session 4920984016
close session 4920984016
No database instance. Not saving post measurement to isotopedb database
$$$$$$$$$$$$$$$ auto_save_detector_ic=False
massspec enabled True
create new session 4783819664
MassSpec Database Version: 16.0
close session 4783819664
saving post measurement to secondary database
saving to massspec database 129.138.12.160/massspecdata
setting labnumber to 65805
setting aliquot to 1
setting step to Z
setting uuid to 6fb77099-4706-434e-8a2b-cdfc00c54958
setting irradpos to 65805
setting extract_device to NMGRL Furnace
setting tray to 
setting position to 
setting power_requested to 1500.0
setting extract_value to 1500.0
setting duration to 300.0
setting duration_at_request to 300.0
setting first_stage_delay to 300.0
setting cleanup to 30.0
setting comment to D:3 & D5 Muscovite, 4.18 mg
setting irradiation to NM-291
setting level to D
setting irradiation_level to D
setting sample to 193
setting material to Muscovite
setting project to IR1013
setting mass_spectrometer to Felix
no attribute chron_dosages
no attribute production_ratios
no attribute interference_corrections
no attribute production_name
no attribute j
Reference Isotope=Ar40
Reference Detector=H2
%%%%%%%%%%%%%%%%%%%% Comment: D:3 & D5 Muscovite, 4.18 mg %%%%%%%%%%%%%%%%%%%
adding isotope Ar40 H2
add baseline dbdet= Ar40. original det= H2
get baseline data Ar40 H2
Get data baseline <pychron.processing.isotope.Baseline object at 0x1569f8ed0> len t=120
baseline Ar40. v=0.0445453172712, e=0.00922779144471
get signal data Ar40 H2
Get data signal Ar40 102.465+/-0.027 len t=400
adding isotope Ar39 H1
add baseline dbdet= Ar39. original det= H1
get baseline data Ar39 H1
Get data baseline <pychron.processing.isotope.Baseline object at 0x156b06090> len t=120
baseline Ar39. v=-0.0344326372528, e=0.012419531354
get signal data Ar39 H1
Get data signal Ar39 1.440+/-0.023 len t=400
adding isotope Ar38 AX
add baseline dbdet= Ar38. original det= AX
get baseline data Ar38 AX
Get data baseline <pychron.processing.isotope.Baseline object at 0x156b06290> len t=120
baseline Ar38. v=-0.112186030835, e=0.00954360361578
get signal data Ar38 AX
Get data signal Ar38 0.131+/-0.013 len t=400
adding isotope Ar37 L1
add baseline dbdet= Ar37. original det= L1
get baseline data Ar37 L1
Get data baseline <pychron.processing.isotope.Baseline object at 0x156b06410> len t=120
baseline Ar37. v=-0.617246677711, e=0.00941127218986
get signal data Ar37 L1
Get data signal Ar37 0.046+/-0.012 len t=400
adding isotope Ar36 L2(CDD)
add baseline dbdet= Ar36. original det= L2(CDD)
get baseline data Ar36 L2(CDD)
Get data baseline <pychron.processing.isotope.Baseline object at 0x156b065d0> len t=120
baseline Ar36. v=0.0, e=0.0
get signal data Ar36 L2(CDD)
Get data signal Ar36 0.3199+/-0.0012 len t=400
65805-01Z added analysis time 0.513075113297s
analysis added to mass spec database
mass spec save time= 0.524
persistence save - dvc
================= post measurement started
create new session 4711712432
close session 4711712432
---------------- Experiment Queue saving disabled
DVC saving peakcenter
Failed to find a valid peak. No peak greater than 1.0. max = 0.310359425621
Smart pull ahead: 0 behind: 0
Up-to-date with origin
add to repo msg=modified - 44c6f8761147de90179e8a3952e48831c78a9a46.json
add to repo msg=modified - 05-01Z.json
add to repo msg=modified - 05-01Z.dat.json
add to repo msg=modified - 05-01Z.blan.json
add to repo msg=modified - 05-01Z.inte.json
add to repo msg=modified - 05-01Z.icfa.json
add to repo msg=modified - 05-01Z.base.json
not at valid file /Users/obama/PychronDev/data/.dvc/repositories/IR1013/658/tags/05-01Z.tags.json
add to repo msg=modified - 05-01Z.peak.json
add to repo msg=modified - 05-01Z.extr.json
not at valid file /Users/obama/PychronDev/data/.dvc/repositories/IR1013/658/monitor/05-01Z.moni.json
commit message=<COLLECTION>
add to repo msg=modified - 05-01Z.inte.json
add to repo msg=modified - 05-01Z.base.json
commit message=<ISOEVO> default collection fits
add to repo msg=modified - 05-01Z.blan.json
commit message=<BLANKS> preceding 
add to repo msg=modified - 05-01Z.icfa.json
commit message=<ICFactor> default
push repository <pychron.git_archive.repo_manager.GitRepoManager object at 0x13fe7fa10>
pushing to remote=origin, url=https://github.com
no changes to meta repo
create new session 4711712432
add association IR1013
get identifier "65805"
setting analysis irradiation position=<pychron.dvc.dvc_orm.IrradiationPositionTbl object at 0x138dc5110>
close session 4711712432
================= post measurement finished
00:56:00 -- ******* Post Run Check *******
loading queue conditionals post_run_actions
queue conditionals path /Users/obama/PychronDev/queue_conditionals/normal.yaml
loading conditionals from /Users/obama/PychronDev/queue_conditionals/normal.yaml
loading system conditionals post_run_actions
loading conditionals from /Users/obama/PychronDev/setupfiles/spectrometer/default_conditionals.yaml
loading queue conditionals post_run_terminations
queue conditionals path /Users/obama/PychronDev/queue_conditionals/normal.yaml
loading conditionals from /Users/obama/PychronDev/queue_conditionals/normal.yaml
loading system conditionals post_run_terminations
loading conditionals from /Users/obama/PychronDev/setupfiles/spectrometer/default_conditionals.yaml
Checking default post run terminations n=1
GetDeflection L2 (CDD) ===>> 0
testing L2_CDD_==3250
evaluate ot="L2(CDD).deflection==3250" t="L2_CDD_==3250", ctx="{'L2_CDD_': 0.0}"
00:56:00 -- ******* Post Run Check Passed *******
00:56:00 -- Automated run 65805-01Z success duration: 1115.801 s
----------------- finish -----------------
----------------- stop -----------------
retroactive repository identifiers disabled
finish run. runs completed=27
update duration runid=65805-01Z, duration=1115.80054188, md5=3d7815bf
loading script "felix_analysis400_120 no center.py"
loading script "felix_pump_ms.py"
loading script "felix_air_x2.py"
loading script "felix_pump_extraction_line.py"
testing...
no interpolation path defined
executed snippet estimated_duration=559.2304, duration=0.000277042388916
script duration name:analysis400_120 no center seconds:559.0
loading script "felix_analysis400_120 no center.py"
loading script "felix_pump_ms.py"
loading script "felix_air_x2.py"
loading script "felix_pump_extraction_line.py"
testing...
no interpolation path defined
executed snippet estimated_duration=0, duration=4.88758087158e-05
loading script "felix_analysis400_120 no center.py"
loading script "felix_pump_ms.py"
loading script "felix_air_x2.py"
loading script "felix_pump_extraction_line.py"
testing...
no interpolation path defined
calculate duration
testing...
no interpolation path defined
executed snippet estimated_duration=0, duration=8.70227813721e-05
calculate duration
testing...
no interpolation path defined
executed snippet estimated_duration=0, duration=0.000202894210815
calculate duration
testing...
no interpolation path defined
executed snippet estimated_duration=32.0, duration=0.000159978866577
calculate duration
testing...
no interpolation path defined
executed snippet estimated_duration=34.0, duration=0.000188827514648
calculate duration
testing...
no interpolation path defined
executed snippet estimated_duration=2.0, duration=0.000118017196655
calculate duration
testing...
no interpolation path defined
executed snippet estimated_duration=34.0, duration=0.000117063522339
calculate duration
testing...
no interpolation path defined
executed snippet estimated_duration=34.0, duration=0.000165939331055
calculate duration
testing...
no interpolation path defined
executed snippet estimated_duration=34.0, duration=0.000164985656738
executed snippet estimated_duration=174.0, duration=0.0347859859467
script duration name:air_x2 seconds:174.0
loading script "felix_analysis400_120 no center.py"
loading script "felix_pump_ms.py"
loading script "felix_air_x2.py"
loading script "felix_pump_extraction_line.py"
testing...
no interpolation path defined
calculate duration
testing...
no interpolation path defined
executed snippet estimated_duration=4.0, duration=0.000234127044678
executed snippet estimated_duration=4.0, duration=0.00850796699524
Script duration 733.0
Run total estimated duration= 734.000
loading script "felix_analysis400_120_CDD_center.py"
loading script "felix_pump_ms.py"
loading script "felix_air_x2.py"
loading script "felix_pump_extraction_line.py"
testing...
no interpolation path defined
executed snippet estimated_duration=559.2304, duration=0.00025486946106
script duration name:analysis400_120_CDD_center seconds:559.0
pump_ms in script context. using previous estimated duration
air_x2 in script context. using previous estimated duration
script duration name:air_x2 seconds:174.0
pump_extraction_line in script context. using previous estimated duration
Script duration 733.0
Run total estimated duration= 734.000
analysis400_120_CDD_center in script context. using previous estimated duration
script duration name:analysis400_120_CDD_center seconds:559.0
script duration name:air_x2 seconds:174.0
Script duration 733.0
Run total estimated duration= 734.000
analysis400_120 no center in script context. using previous estimated duration
script duration name:analysis400_120 no center seconds:559.0
loading script "felix_analysis400_120 no center.py"
loading script "felix_pump_ms.py"
loading script "felix_cocktail_x3.py"
loading script "felix_pump_extraction_line.py"
testing...
no interpolation path defined
calculate duration
testing...
no interpolation path defined
executed snippet estimated_duration=0, duration=7.60555267334e-05
calculate duration
testing...
no interpolation path defined
executed snippet estimated_duration=0, duration=0.000168800354004
calculate duration
testing...
no interpolation path defined
executed snippet estimated_duration=32.0, duration=0.000136137008667
calculate duration
testing...
no interpolation path defined
executed snippet estimated_duration=34.0, duration=0.000193119049072
calculate duration
testing...
no interpolation path defined
executed snippet estimated_duration=2.0, duration=0.000102996826172
calculate duration
testing...
no interpolation path defined
executed snippet estimated_duration=34.0, duration=0.000134944915771
calculate duration
testing...
no interpolation path defined
executed snippet estimated_duration=34.0, duration=0.000160932540894
calculate duration
testing...
no interpolation path defined
executed snippet estimated_duration=34.0, duration=0.000135898590088
calculate duration
testing...
no interpolation path defined
executed snippet estimated_duration=34.0, duration=0.000181913375854
calculate duration
testing...
no interpolation path defined
executed snippet estimated_duration=34.0, duration=0.0001220703125
executed snippet estimated_duration=244.0, duration=0.0408699512482
script duration name:cocktail_x3 seconds:244.0
Script duration 803.0
Run total estimated duration= 804.000
loading script "felix_analysis400_120_no_save_center.py"
loading script "felix_pump_ms.py"
loading script "felix_cocktail_x3.py"
loading script "felix_pump_extraction_line.py"
testing...
no interpolation path defined
executed snippet estimated_duration=559.2304, duration=0.000291109085083
script duration name:analysis400_120_no_save_center seconds:559.0
cocktail_x3 in script context. using previous estimated duration
script duration name:cocktail_x3 seconds:244.0
Script duration 803.0
Run total estimated duration= 804.000
analysis400_120_no_save_center in script context. using previous estimated duration
script duration name:analysis400_120_no_save_center seconds:559.0
script duration name:cocktail_x3 seconds:244.0
Script duration 803.0
Run total estimated duration= 804.000
script duration name:analysis400_120 no center seconds:559.0
loading script "felix_analysis400_120 no center.py"
loading script "felix_pump_ms.py"
loading script "felix_furnace.py"
loading script "felix_pump_extraction_line.py"
testing...
no interpolation path defined
executed snippet estimated_duration=184.0, duration=0.000437021255493
script duration name:furnace seconds:184.0
Script duration 743.0
Run total estimated duration= 744.000
script duration name:analysis400_120_no_save_center seconds:559.0
furnace in script context. using previous estimated duration
script duration name:furnace seconds:184.0
Script duration 743.0
Run total estimated duration= 744.000
script duration name:analysis400_120_no_save_center seconds:559.0
script duration name:furnace seconds:184.0
Script duration 743.0
Run total estimated duration= 744.000
script duration name:analysis400_120_no_save_center seconds:559.0
script duration name:furnace seconds:184.0
Script duration 743.0
Run total estimated duration= 744.000
script duration name:analysis400_120_no_save_center seconds:559.0
script duration name:furnace seconds:184.0
Script duration 743.0
Run total estimated duration= 744.000
script duration name:analysis400_120_no_save_center seconds:559.0
script duration name:furnace seconds:184.0
Script duration 743.0
Run total estimated duration= 744.000
script duration name:analysis400_120_no_save_center seconds:559.0
script duration name:furnace seconds:184.0
Script duration 743.0
Run total estimated duration= 744.000
script duration name:analysis400_120_no_save_center seconds:559.0
script duration name:furnace seconds:184.0
Script duration 743.0
Run total estimated duration= 744.000
script duration name:analysis400_120_no_save_center seconds:559.0
script duration name:furnace seconds:184.0
Script duration 743.0
Run total estimated duration= 744.000
script duration name:analysis400_120_CDD_center seconds:559.0
script duration name:air_x2 seconds:174.0
Script duration 733.0
Run total estimated duration= 734.000
script duration name:analysis400_120_no_save_center seconds:559.0
script duration name:furnace seconds:184.0
Script duration 743.0
Run total estimated duration= 744.000
script duration name:analysis400_120_no_save_center seconds:559.0
script duration name:furnace seconds:184.0
Script duration 743.0
Run total estimated duration= 744.000
script duration name:analysis400_120_no_save_center seconds:559.0
script duration name:furnace seconds:184.0
Script duration 743.0
Run total estimated duration= 744.000
script duration name:analysis400_120_no_save_center seconds:559.0
script duration name:furnace seconds:184.0
Script duration 743.0
Run total estimated duration= 744.000
script duration name:analysis400_120_no_save_center seconds:559.0
script duration name:furnace seconds:184.0
Script duration 743.0
Run total estimated duration= 744.000
script duration name:analysis400_120_no_save_center seconds:559.0
script duration name:furnace seconds:184.0
Script duration 743.0
Run total estimated duration= 744.000
script duration name:analysis400_120_no_save_center seconds:559.0
script duration name:furnace seconds:184.0
Script duration 743.0
Run total estimated duration= 744.000
script duration name:analysis400_120_no_save_center seconds:559.0
script duration name:furnace seconds:184.0
Script duration 743.0
Run total estimated duration= 744.000
script duration name:analysis400_120_no_save_center seconds:559.0
script duration name:furnace seconds:184.0
Script duration 743.0
Run total estimated duration= 744.000
script duration name:analysis400_120_no_save_center seconds:559.0
script duration name:furnace seconds:184.0
Script duration 743.0
Run total estimated duration= 744.000
script duration name:analysis400_120_CDD_center seconds:559.0
script duration name:air_x2 seconds:174.0
Script duration 733.0
Run total estimated duration= 734.000
script duration name:analysis400_120_no_save_center seconds:559.0
script duration name:furnace seconds:184.0
Script duration 743.0
Run total estimated duration= 744.000
script duration name:analysis400_120_no_save_center seconds:559.0
script duration name:furnace seconds:184.0
Script duration 743.0
Run total estimated duration= 744.000
script duration name:analysis400_120_no_save_center seconds:559.0
script duration name:furnace seconds:184.0
Script duration 743.0
Run total estimated duration= 744.000
script duration name:analysis400_120_no_save_center seconds:559.0
script duration name:furnace seconds:184.0
Script duration 743.0
Run total estimated duration= 744.000
script duration name:analysis400_120_no_save_center seconds:559.0
script duration name:furnace seconds:184.0
Script duration 743.0
Run total estimated duration= 744.000
script duration name:analysis400_120_no_save_center seconds:559.0
script duration name:furnace seconds:184.0
Script duration 743.0
Run total estimated duration= 744.000
script duration name:analysis400_120_no_save_center seconds:559.0
script duration name:furnace seconds:184.0
Script duration 743.0
Run total estimated duration= 744.000
script duration name:analysis400_120_no_save_center seconds:559.0
script duration name:furnace seconds:184.0
Script duration 743.0
Run total estimated duration= 744.000
script duration name:analysis400_120 no center seconds:559.0
script duration name:air_x2 seconds:174.0
Script duration 733.0
Run total estimated duration= 734.000
script duration name:analysis400_120_CDD_center seconds:559.0
script duration name:air_x2 seconds:174.0
Script duration 733.0
Run total estimated duration= 734.000
script duration name:analysis400_120_CDD_center seconds:559.0
script duration name:air_x2 seconds:174.0
Script duration 733.0
Run total estimated duration= 734.000
script duration name:analysis400_120 no center seconds:559.0
script duration name:cocktail_x3 seconds:244.0
Script duration 803.0
Run total estimated duration= 804.000
script duration name:analysis400_120_no_save_center seconds:559.0
script duration name:cocktail_x3 seconds:244.0
Script duration 803.0
Run total estimated duration= 804.000
script duration name:analysis400_120_no_save_center seconds:559.0
script duration name:cocktail_x3 seconds:244.0
Script duration 803.0
Run total estimated duration= 804.000
script duration name:analysis400_120 no center seconds:559.0
script duration name:furnace seconds:184.0
Script duration 743.0
Run total estimated duration= 744.000
nruns=42 before=5.0, run_dur=31528.0, btw=285.0
write rem/ex queues
/Users/obama/PychronDev/experiments/rem/CurrentExperiment.rem.txt
/Users/obama/PychronDev/experiments/rem/CurrentExperiment.ex.txt
doing event level: 3
add run
