do run
loading script "felix_analysis400_120_no_save_center.py"
loading script "felix_pump_ms.py"
loading script "felix_furnace.py"
loading script "felix_pump_extraction_line.py"
testing...
no interpolation path defined
executed snippet estimated_duration=559.2304, duration=0.000337839126587
script duration name:analysis400_120_no_save_center seconds:559.0
loading script "felix_analysis400_120_no_save_center.py"
loading script "felix_pump_ms.py"
loading script "felix_furnace.py"
loading script "felix_pump_extraction_line.py"
testing...
no interpolation path defined
executed snippet estimated_duration=0, duration=2.50339508057e-05
loading script "felix_analysis400_120_no_save_center.py"
loading script "felix_pump_ms.py"
loading script "felix_furnace.py"
loading script "felix_pump_extraction_line.py"
testing...
no interpolation path defined
executed snippet estimated_duration=184.0, duration=0.000385046005249
script duration name:furnace seconds:184.0
loading script "felix_analysis400_120_no_save_center.py"
loading script "felix_pump_ms.py"
loading script "felix_furnace.py"
loading script "felix_pump_extraction_line.py"
testing...
no interpolation path defined
calculate duration
testing...
no interpolation path defined
executed snippet estimated_duration=4.0, duration=0.000211000442505
executed snippet estimated_duration=4.0, duration=0.00151801109314
Script duration 743.0
Run total estimated duration= 744.000
run duration: 0:12:24
doing event level: 2
14:02:35 -- Setting default integration. t=1.048576
setting integration time = 1.048576
SetIntegrationTime 1.048576 ===>> OK
----------------- start -----------------
**************** Experiment Type: Ar/Ar, Ar/Ar
create new session 4740886352
close session 4740886352
$$$$$ Clearing conditionals
adding conditionals 
Add queue conditionals
adding queue conditionals from /Users/obama/PychronDev/queue_conditionals/normal.yaml
add default conditionals
adding default conditionals from /Users/obama/PychronDev/setupfiles/spectrometer/default_conditionals.yaml
Start automated run 65807-01X
loading script "felix_analysis400_120_no_save_center.py"
loading script "felix_pump_ms.py"
loading script "felix_furnace.py"
loading script "felix_pump_extraction_line.py"
%%%%%%%%%%%%%%%%%% setting automated run 65807-01X
No value "sensitivity_multiplier" in metadata
$$$$$$$$$$$$$$$ auto_save_detector_ic=False
============================= Pre Extraction Check =============================
loading queue conditionals pre_run_terminations
queue conditionals path /Users/obama/PychronDev/queue_conditionals/normal.yaml
loading conditionals from /Users/obama/PychronDev/queue_conditionals/normal.yaml
loading system conditionals pre_run_terminations
loading conditionals from /Users/obama/PychronDev/setupfiles/spectrometer/default_conditionals.yaml
14:02:35 -- ******* Pre Extraction Check *******
Get a measurement from the spectrometer
Pre Extraction Termination data. keys=L2(CDD),H2,H1,AX,L1,L2, signals=0.00353,0.07827,-0.05919,-0.07222,-0.50322,-0.06021
14:02:35 -- testing system defined conditionals
Checking default pre extraction terminations n=2
testing L2_CDD_
evaluate ot="L2(CDD).inactive" t="L2_CDD_", ctx="{'L2_CDD_': False}"
GetDeflection L2 (CDD) ===>> 0
testing L2_CDD_==3250
evaluate ot="L2(CDD).deflection==3250" t="L2_CDD_==3250", ctx="{'L2_CDD_': 0.0}"
14:02:35 -- ******* Pre Extraction Check Passed *******
=================================================================================
14:02:35 -- stopping status monitor
stop 4712033744
Status monitor stopped
Status monitor finished
14:02:39 -- starting status monitor
start 4712033744
StatusMonitor period=3. Frequencies(state=1, checksum=3, lock=5, owner=5)
start extraction
do extraction
Analysis started at 14:02:44.356046
Extraction Started felix_furnace.py
14:02:44 -- ******* Extraction Started felix_furnace.py *******
state changed from not run to extraction
DO EXTRACTION <pychron.extraction_line.pyscript_runner.RemotePyScriptRunner object at 0x11ddba650>
testing...
no interpolation path defined
executed snippet estimated_duration=546.0, duration=0.000592947006226
start_response_recorder () {}
start response recorder
Felix unknown furnace analysis
close ('F',) {}
close name=F desc=---
checking ownership. requestor=129.138.12.137
check software interlocks F
interlocks []
actuate state mode=None-script, software_lock=True
VALVE-F(CO2 Laser to Bone) software locked
change switch state (True, False)
-------------------------- close F () result=[(True, False)]
action=close, ok=True, locked=[True]
open ('D',) {}
open name=D desc=---
checking ownership. requestor=129.138.12.137
check software interlocks D
interlocks []
actuate state mode=None-script, software_lock=False
doing actuation None-script open_channel False
GetPercentOutput ===>> 6.7
Open D ===>> OK
GetSetpoint ===>> 400.0
GetIndicatorState D ===>> OK
change switch state (True, True)
GetProcessValue ===>> 400.0
update switch state D True args=() kw={} ncanvase=3
response t=0.000917911529541, out=6.7, setpoint=400.0, response=400.0
14:02:44 -- OPEN   VALVE-D (Bone to CO2 Laser)
-------------------------- open D () result=[(True, True)]
action=open, ok=True, locked=[False]
close ('J',) {}
close name=J desc=---
checking ownership. requestor=129.138.12.137
check software interlocks J
interlocks []
actuate state mode=None-script, software_lock=False
doing actuation None-script close_channel False
Close J ===>> OK
GetIndicatorState J ===>> False
change switch state (True, True)
update switch state J False args=() kw={} ncanvase=3
14:02:45 -- CLOSE  VALVE-J (Bone to APIS)
-------------------------- close J () result=[(True, True)]
action=close, ok=True, locked=[False]
close ('FC',) {}
close name=FC desc=---
checking ownership. requestor=129.138.12.137
check software interlocks FC
interlocks []
actuate state mode=None-script, software_lock=False
doing actuation None-script close_channel True
Close FC ===>> OK
GetPercentOutput ===>> 6.8
GetIndicatorState FC ===>> False
change switch state (True, True)
update switch state FC False args=() kw={} ncanvase=3
GetSetpoint ===>> 400.0
14:02:46 -- CLOSE  VALVE-FC (Furnace Turbo)
-------------------------- close FC () result=[(True, True)]
GetProcessValue ===>> 400.0
response t=2.00414705276, out=6.8, setpoint=400.0, response=400.0
action=close, ok=True, locked=[False]
open ('FH',) {}
open name=FH desc=---
checking ownership. requestor=129.138.12.137
check software interlocks FH
interlocks []
actuate state mode=None-script, software_lock=False
doing actuation None-script open_channel False
Open FH ===>> OK
GetIndicatorState FH ===>> OK
change switch state (True, True)
update switch state FH True args=() kw={} ncanvase=3
14:02:47 -- OPEN   VALVE-FH (Furnace Isolation)
-------------------------- open FH () result=[(True, True)]
action=open, ok=True, locked=[False]
Furnace enabled. Heating sample.
enable () {}
set extraction state NMGRLFurnace Enabled (False, 'red', 1.5)
could not find manager name="NMGRLFurnace" func="enable_device"
set_pid_parameters (1120.0,) {}
setting pid parameters for 1120.0
{"pid": "HO,40;XP,150;TI,35;TD,3", "command": "SetPID"} ===>> OK
BEGIN INTERVAL Interval 1 waiting for 300.0
block started
set extract to 1120.0 (watts)
WaitControl setup for 300.0  
extract () {}
set extraction state NMGRLFurnace ON! 1120.0(watts) (0.75, 'red', 1.5)
extract sample to 1120.0 (watts)
extract
set setpoint to 1120.0
set setpoint=1120.0
setting pid parameters for 1120.0
GetPercentOutput ===>> 6.8
{"pid": "HO,40;XP,150;TI,35;TD,3", "command": "SetPID"} ===>> OK
GetSetpoint ===>> 400.0
{"setpoint": 1120.0, "command": "SetSetpoint"} ===>> OK
sleep (2,) {}
SLEEP 2.0
block started
WaitControl setup for 2.0  
GetProcessValue ===>> 400.0
response t=4.00616788864, out=6.8, setpoint=400.0, response=400.0
GetPercentOutput ===>> 40.0
GetSetpoint ===>> 1120.0
GetProcessValue ===>> 400.0
response t=6.00551700592, out=40.0, setpoint=1120.0, response=400.0
Join finished
block finished. duration 2.03704786301
COMPLETE INTERVAL waiting for Interval 1 to complete
GetPercentOutput ===>> 40.0
GetSetpoint ===>> 1120.0
GetProcessValue ===>> 404.0
response t=8.00480985641, out=40.0, setpoint=1120.0, response=404.0
GetPercentOutput ===>> 40.0
GetSetpoint ===>> 1120.0
GetProcessValue ===>> 414.0
response t=10.0043339729, out=40.0, setpoint=1120.0, response=414.0
GetPercentOutput ===>> 40.0
GetSetpoint ===>> 1120.0
GetProcessValue ===>> 436.0
response t=12.0063278675, out=40.0, setpoint=1120.0, response=436.0
GetPercentOutput ===>> 40.0
GetSetpoint ===>> 1120.0
GetProcessValue ===>> 468.0
response t=14.0072910786, out=40.0, setpoint=1120.0, response=468.0
GetPercentOutput ===>> 40.0
GetSetpoint ===>> 1120.0
GetProcessValue ===>> 515.0
response t=16.0087869167, out=40.0, setpoint=1120.0, response=515.0
GetPercentOutput ===>> 40.0
GetSetpoint ===>> 1120.0
GetProcessValue ===>> 577.0
response t=18.0084359646, out=40.0, setpoint=1120.0, response=577.0
GetPercentOutput ===>> 40.0
GetSetpoint ===>> 1120.0
GetProcessValue ===>> 655.0
response t=20.011605978, out=40.0, setpoint=1120.0, response=655.0
GetPercentOutput ===>> 40.0
GetSetpoint ===>> 1120.0
GetProcessValue ===>> 737.0
response t=22.0155880451, out=40.0, setpoint=1120.0, response=737.0
GetPercentOutput ===>> 40.0
GetSetpoint ===>> 1120.0
GetProcessValue ===>> 817.0
response t=24.0194559097, out=40.0, setpoint=1120.0, response=817.0
GetPercentOutput ===>> 15.5
GetSetpoint ===>> 1120.0
GetProcessValue ===>> 889.0
response t=26.0194299221, out=15.5, setpoint=1120.0, response=889.0
GetPercentOutput ===>> 29.9
GetSetpoint ===>> 1120.0
GetProcessValue ===>> 927.0
response t=28.0202379227, out=29.9, setpoint=1120.0, response=927.0
GetPercentOutput ===>> 40.0
GetSetpoint ===>> 1120.0
GetProcessValue ===>> 934.0
response t=30.0199229717, out=40.0, setpoint=1120.0, response=934.0
GetPercentOutput ===>> 34.0
GetSetpoint ===>> 1120.0
GetProcessValue ===>> 955.0
response t=32.0239169598, out=34.0, setpoint=1120.0, response=955.0
GetPercentOutput ===>> 12.6
GetSetpoint ===>> 1120.0
GetProcessValue ===>> 987.0
response t=34.027905941, out=12.6, setpoint=1120.0, response=987.0
GetPercentOutput ===>> 40.0
GetSetpoint ===>> 1120.0
GetProcessValue ===>> 986.0
response t=36.0282649994, out=40.0, setpoint=1120.0, response=986.0
GetPercentOutput ===>> 40.0
GetSetpoint ===>> 1120.0
GetProcessValue ===>> 981.0
response t=38.0322508812, out=40.0, setpoint=1120.0, response=981.0
GetPercentOutput ===>> 30.2
GetSetpoint ===>> 1120.0
GetProcessValue ===>> 996.0
response t=40.0322048664, out=30.2, setpoint=1120.0, response=996.0
GetPercentOutput ===>> 16.4
GetSetpoint ===>> 1120.0
GetProcessValue ===>> 1021.0
response t=42.0357079506, out=16.4, setpoint=1120.0, response=1021.0
GetPercentOutput ===>> 40.0
GetSetpoint ===>> 1120.0
GetProcessValue ===>> 1020.0
response t=44.0350239277, out=40.0, setpoint=1120.0, response=1020.0
GetPercentOutput ===>> 35.1
GetSetpoint ===>> 1120.0
GetProcessValue ===>> 1025.0
response t=46.0390210152, out=35.1, setpoint=1120.0, response=1025.0
GetPercentOutput ===>> 16.3
GetSetpoint ===>> 1120.0
GetProcessValue ===>> 1043.0
response t=48.0430090427, out=16.3, setpoint=1120.0, response=1043.0
GetPercentOutput ===>> 38.7
GetSetpoint ===>> 1120.0
GetProcessValue ===>> 1042.0
response t=50.0423369408, out=38.7, setpoint=1120.0, response=1042.0
GetPercentOutput ===>> 40.0
GetSetpoint ===>> 1120.0
GetProcessValue ===>> 1038.0
response t=52.0463290215, out=40.0, setpoint=1120.0, response=1038.0
GetPercentOutput ===>> 20.3
GetSetpoint ===>> 1120.0
GetProcessValue ===>> 1053.0
response t=54.0496740341, out=20.3, setpoint=1120.0, response=1053.0
GetPercentOutput ===>> 20.8
GetSetpoint ===>> 1120.0
GetProcessValue ===>> 1064.0
response t=56.0496490002, out=20.8, setpoint=1120.0, response=1064.0
GetPercentOutput ===>> 36.2
GetSetpoint ===>> 1120.0
GetProcessValue ===>> 1061.0
response t=58.0499329567, out=36.2, setpoint=1120.0, response=1061.0
GetPercentOutput ===>> 32.7
GetSetpoint ===>> 1120.0
GetProcessValue ===>> 1062.0
response t=60.0495910645, out=32.7, setpoint=1120.0, response=1062.0
GetPercentOutput ===>> 19.5
GetSetpoint ===>> 1120.0
GetProcessValue ===>> 1074.0
response t=62.0487260818, out=19.5, setpoint=1120.0, response=1074.0
GetPercentOutput ===>> 29.7
GetSetpoint ===>> 1120.0
GetProcessValue ===>> 1075.0
response t=64.0495278835, out=29.7, setpoint=1120.0, response=1075.0
GetPercentOutput ===>> 35.0
GetSetpoint ===>> 1120.0
GetProcessValue ===>> 1072.0
response t=66.0498828888, out=35.0, setpoint=1120.0, response=1072.0
GetPercentOutput ===>> 20.4
GetSetpoint ===>> 1120.0
GetProcessValue ===>> 1082.0
response t=68.0495429039, out=20.4, setpoint=1120.0, response=1082.0
GetPercentOutput ===>> 25.6
GetSetpoint ===>> 1120.0
GetProcessValue ===>> 1086.0
response t=70.0494430065, out=25.6, setpoint=1120.0, response=1086.0
GetPercentOutput ===>> 40.0
GetSetpoint ===>> 1120.0
GetProcessValue ===>> 1078.0
response t=72.0494430065, out=40.0, setpoint=1120.0, response=1078.0
GetPercentOutput ===>> 40.0
GetSetpoint ===>> 1120.0
GetProcessValue ===>> 1066.0
response t=74.0490009785, out=40.0, setpoint=1120.0, response=1066.0
GetPercentOutput ===>> 32.0
GetSetpoint ===>> 1120.0
GetProcessValue ===>> 1073.0
response t=76.0493779182, out=32.0, setpoint=1120.0, response=1073.0
GetPercentOutput ===>> 19.5
GetSetpoint ===>> 1120.0
GetProcessValue ===>> 1088.0
response t=78.0490789413, out=19.5, setpoint=1120.0, response=1088.0
GetPercentOutput ===>> 33.0
GetSetpoint ===>> 1120.0
GetProcessValue ===>> 1089.0
response t=80.0493130684, out=33.0, setpoint=1120.0, response=1089.0
GetPercentOutput ===>> 35.0
GetSetpoint ===>> 1120.0
GetProcessValue ===>> 1087.0
response t=82.0492770672, out=35.0, setpoint=1120.0, response=1087.0
GetPercentOutput ===>> 23.0
GetSetpoint ===>> 1120.0
GetProcessValue ===>> 1096.0
response t=84.0495760441, out=23.0, setpoint=1120.0, response=1096.0
GetPercentOutput ===>> 20.5
GetSetpoint ===>> 1120.0
GetProcessValue ===>> 1103.0
response t=86.0492150784, out=20.5, setpoint=1120.0, response=1103.0
GetPercentOutput ===>> 26.8
GetSetpoint ===>> 1120.0
GetProcessValue ===>> 1103.0
response t=88.0494019985, out=26.8, setpoint=1120.0, response=1103.0
GetPercentOutput ===>> 25.0
GetSetpoint ===>> 1120.0
GetProcessValue ===>> 1104.0
response t=90.0524809361, out=25.0, setpoint=1120.0, response=1104.0
GetPercentOutput ===>> 25.5
GetSetpoint ===>> 1120.0
GetProcessValue ===>> 1106.0
response t=92.0524189472, out=25.5, setpoint=1120.0, response=1106.0
GetPercentOutput ===>> 24.0
GetSetpoint ===>> 1120.0
GetProcessValue ===>> 1108.0
response t=94.0564069748, out=24.0, setpoint=1120.0, response=1108.0
GetPercentOutput ===>> 23.2
GetSetpoint ===>> 1120.0
GetProcessValue ===>> 1110.0
response t=96.0604119301, out=23.2, setpoint=1120.0, response=1110.0
GetPercentOutput ===>> 23.7
GetSetpoint ===>> 1120.0
GetProcessValue ===>> 1111.0
response t=98.0644068718, out=23.7, setpoint=1120.0, response=1111.0
GetPercentOutput ===>> 24.0
GetSetpoint ===>> 1120.0
GetProcessValue ===>> 1112.0
response t=100.067627907, out=24.0, setpoint=1120.0, response=1112.0
GetPercentOutput ===>> 23.0
GetSetpoint ===>> 1120.0
GetProcessValue ===>> 1112.0
response t=102.070484877, out=23.0, setpoint=1120.0, response=1112.0
GetPercentOutput ===>> 23.5
GetSetpoint ===>> 1120.0
GetProcessValue ===>> 1113.0
response t=104.07089901, out=23.5, setpoint=1120.0, response=1113.0
GetPercentOutput ===>> 23.4
GetSetpoint ===>> 1120.0
GetProcessValue ===>> 1114.0
response t=106.072162867, out=23.4, setpoint=1120.0, response=1114.0
GetPercentOutput ===>> 23.6
GetSetpoint ===>> 1120.0
GetProcessValue ===>> 1114.0
response t=108.07119298, out=23.6, setpoint=1120.0, response=1114.0
GetPercentOutput ===>> 23.6
GetSetpoint ===>> 1120.0
GetProcessValue ===>> 1115.0
response t=110.070345879, out=23.6, setpoint=1120.0, response=1115.0
GetPercentOutput ===>> 23.4
GetSetpoint ===>> 1120.0
GetProcessValue ===>> 1115.0
response t=112.074332952, out=23.4, setpoint=1120.0, response=1115.0
GetPercentOutput ===>> 23.6
GetSetpoint ===>> 1120.0
GetProcessValue ===>> 1115.0
response t=114.078068972, out=23.6, setpoint=1120.0, response=1115.0
GetPercentOutput ===>> 23.5
GetSetpoint ===>> 1120.0
GetProcessValue ===>> 1116.0
response t=116.077477932, out=23.5, setpoint=1120.0, response=1116.0
GetPercentOutput ===>> 23.4
GetSetpoint ===>> 1120.0
GetProcessValue ===>> 1116.0
response t=118.077316999, out=23.4, setpoint=1120.0, response=1116.0
GetPercentOutput ===>> 23.5
GetSetpoint ===>> 1120.0
GetProcessValue ===>> 1116.0
response t=120.080549955, out=23.5, setpoint=1120.0, response=1116.0
GetPercentOutput ===>> 23.6
GetSetpoint ===>> 1120.0
GetProcessValue ===>> 1116.0
response t=122.080558062, out=23.6, setpoint=1120.0, response=1116.0
GetPercentOutput ===>> 23.7
GetSetpoint ===>> 1120.0
GetProcessValue ===>> 1117.0
response t=124.08455205, out=23.7, setpoint=1120.0, response=1117.0
GetPercentOutput ===>> 23.4
GetSetpoint ===>> 1120.0
GetProcessValue ===>> 1117.0
response t=126.084598064, out=23.4, setpoint=1120.0, response=1117.0
GetPercentOutput ===>> 23.6
GetSetpoint ===>> 1120.0
GetProcessValue ===>> 1117.0
response t=128.085356951, out=23.6, setpoint=1120.0, response=1117.0
GetPercentOutput ===>> 23.5
GetSetpoint ===>> 1120.0
GetProcessValue ===>> 1117.0
response t=130.084464073, out=23.5, setpoint=1120.0, response=1117.0
GetPercentOutput ===>> 23.6
GetSetpoint ===>> 1120.0
GetProcessValue ===>> 1117.0
response t=132.084228992, out=23.6, setpoint=1120.0, response=1117.0
GetPercentOutput ===>> 23.5
GetSetpoint ===>> 1120.0
GetProcessValue ===>> 1117.0
response t=134.08455801, out=23.5, setpoint=1120.0, response=1117.0
GetPercentOutput ===>> 23.4
GetSetpoint ===>> 1120.0
GetProcessValue ===>> 1118.0
response t=136.084554911, out=23.4, setpoint=1120.0, response=1118.0
GetPercentOutput ===>> 23.7
GetSetpoint ===>> 1120.0
GetProcessValue ===>> 1118.0
response t=138.08366394, out=23.7, setpoint=1120.0, response=1118.0
GetPercentOutput ===>> 23.7
GetSetpoint ===>> 1120.0
GetProcessValue ===>> 1118.0
response t=140.083623886, out=23.7, setpoint=1120.0, response=1118.0
GetPercentOutput ===>> 23.5
GetSetpoint ===>> 1120.0
GetProcessValue ===>> 1118.0
response t=142.087637901, out=23.5, setpoint=1120.0, response=1118.0
GetPercentOutput ===>> 23.4
GetSetpoint ===>> 1120.0
GetProcessValue ===>> 1118.0
response t=144.091547966, out=23.4, setpoint=1120.0, response=1118.0
GetPercentOutput ===>> 23.6
GetSetpoint ===>> 1120.0
GetProcessValue ===>> 1118.0
response t=146.095546007, out=23.6, setpoint=1120.0, response=1118.0
GetPercentOutput ===>> 23.7
GetSetpoint ===>> 1120.0
GetProcessValue ===>> 1118.0
response t=148.099565983, out=23.7, setpoint=1120.0, response=1118.0
GetPercentOutput ===>> 23.6
GetSetpoint ===>> 1120.0
GetProcessValue ===>> 1118.0
response t=150.103573084, out=23.6, setpoint=1120.0, response=1118.0
GetPercentOutput ===>> 23.4
GetSetpoint ===>> 1120.0
GetProcessValue ===>> 1119.0
response t=152.10682106, out=23.4, setpoint=1120.0, response=1119.0
GetPercentOutput ===>> 23.4
GetSetpoint ===>> 1120.0
GetProcessValue ===>> 1119.0
response t=154.107666016, out=23.4, setpoint=1120.0, response=1119.0
GetPercentOutput ===>> 23.6
GetSetpoint ===>> 1120.0
GetProcessValue ===>> 1119.0
response t=156.110673904, out=23.6, setpoint=1120.0, response=1119.0
GetPercentOutput ===>> 23.7
GetSetpoint ===>> 1120.0
GetProcessValue ===>> 1119.0
response t=158.113510847, out=23.7, setpoint=1120.0, response=1119.0
GetPercentOutput ===>> 23.5
GetSetpoint ===>> 1120.0
GetProcessValue ===>> 1119.0
response t=160.115050077, out=23.5, setpoint=1120.0, response=1119.0
GetPercentOutput ===>> 23.4
GetSetpoint ===>> 1120.0
GetProcessValue ===>> 1119.0
response t=162.117058992, out=23.4, setpoint=1120.0, response=1119.0
GetPercentOutput ===>> 23.4
GetSetpoint ===>> 1120.0
GetProcessValue ===>> 1119.0
response t=164.119077921, out=23.4, setpoint=1120.0, response=1119.0
GetPercentOutput ===>> 23.6
GetSetpoint ===>> 1120.0
GetProcessValue ===>> 1119.0
response t=166.121186972, out=23.6, setpoint=1120.0, response=1119.0
GetPercentOutput ===>> 23.4
GetSetpoint ===>> 1120.0
GetProcessValue ===>> 1119.0
response t=168.123154879, out=23.4, setpoint=1120.0, response=1119.0
GetPercentOutput ===>> 23.5
GetSetpoint ===>> 1120.0
GetProcessValue ===>> 1119.0
response t=170.125200033, out=23.5, setpoint=1120.0, response=1119.0
GetPercentOutput ===>> 23.6
GetSetpoint ===>> 1120.0
GetProcessValue ===>> 1119.0
response t=172.127169847, out=23.6, setpoint=1120.0, response=1119.0
GetPercentOutput ===>> 23.7
GetSetpoint ===>> 1120.0
GetProcessValue ===>> 1119.0
response t=174.129195929, out=23.7, setpoint=1120.0, response=1119.0
GetPercentOutput ===>> 23.5
GetSetpoint ===>> 1120.0
GetProcessValue ===>> 1119.0
response t=176.131110907, out=23.5, setpoint=1120.0, response=1119.0
GetPercentOutput ===>> 23.6
GetSetpoint ===>> 1120.0
GetProcessValue ===>> 1119.0
response t=178.133305073, out=23.6, setpoint=1120.0, response=1119.0
GetPercentOutput ===>> 23.7
GetSetpoint ===>> 1120.0
GetProcessValue ===>> 1119.0
response t=180.133528948, out=23.7, setpoint=1120.0, response=1119.0
GetPercentOutput ===>> 23.6
GetSetpoint ===>> 1120.0
GetProcessValue ===>> 1119.0
response t=182.137371063, out=23.6, setpoint=1120.0, response=1119.0
GetPercentOutput ===>> 23.4
GetSetpoint ===>> 1120.0
GetProcessValue ===>> 1120.0
response t=184.136471033, out=23.4, setpoint=1120.0, response=1120.0
GetPercentOutput ===>> 23.4
GetSetpoint ===>> 1120.0
GetProcessValue ===>> 1120.0
response t=186.137673855, out=23.4, setpoint=1120.0, response=1120.0
GetPercentOutput ===>> 23.7
GetSetpoint ===>> 1120.0
GetProcessValue ===>> 1120.0
response t=188.1376369, out=23.7, setpoint=1120.0, response=1120.0
GetPercentOutput ===>> 23.6
GetSetpoint ===>> 1120.0
GetProcessValue ===>> 1120.0
response t=190.141627073, out=23.6, setpoint=1120.0, response=1120.0
GetPercentOutput ===>> 23.4
GetSetpoint ===>> 1120.0
GetProcessValue ===>> 1120.0
response t=192.14162302, out=23.4, setpoint=1120.0, response=1120.0
GetPercentOutput ===>> 23.5
GetSetpoint ===>> 1120.0
GetProcessValue ===>> 1120.0
response t=194.144496918, out=23.5, setpoint=1120.0, response=1120.0
GetPercentOutput ===>> 23.7
GetSetpoint ===>> 1120.0
GetProcessValue ===>> 1120.0
response t=196.14764905, out=23.7, setpoint=1120.0, response=1120.0
GetPercentOutput ===>> 23.7
GetSetpoint ===>> 1120.0
GetProcessValue ===>> 1120.0
response t=198.147634029, out=23.7, setpoint=1120.0, response=1120.0
GetPercentOutput ===>> 23.6
GetSetpoint ===>> 1120.0
GetProcessValue ===>> 1120.0
response t=200.147599936, out=23.6, setpoint=1120.0, response=1120.0
GetPercentOutput ===>> 23.4
GetSetpoint ===>> 1120.0
GetProcessValue ===>> 1120.0
response t=202.147573948, out=23.4, setpoint=1120.0, response=1120.0
GetPercentOutput ===>> 23.6
GetSetpoint ===>> 1120.0
GetProcessValue ===>> 1120.0
response t=204.147557974, out=23.6, setpoint=1120.0, response=1120.0
GetPercentOutput ===>> 23.6
GetSetpoint ===>> 1120.0
GetProcessValue ===>> 1120.0
response t=206.147513866, out=23.6, setpoint=1120.0, response=1120.0
GetPercentOutput ===>> 23.5
GetSetpoint ===>> 1120.0
GetProcessValue ===>> 1120.0
response t=208.147198915, out=23.5, setpoint=1120.0, response=1120.0
GetPercentOutput ===>> 23.4
GetSetpoint ===>> 1120.0
GetProcessValue ===>> 1120.0
response t=210.147455931, out=23.4, setpoint=1120.0, response=1120.0
GetPercentOutput ===>> 23.5
GetSetpoint ===>> 1120.0
GetProcessValue ===>> 1120.0
response t=212.147423029, out=23.5, setpoint=1120.0, response=1120.0
GetPercentOutput ===>> 23.5
GetSetpoint ===>> 1120.0
GetProcessValue ===>> 1120.0
response t=214.147397041, out=23.5, setpoint=1120.0, response=1120.0
GetPercentOutput ===>> 23.5
GetSetpoint ===>> 1120.0
GetProcessValue ===>> 1120.0
response t=216.147378922, out=23.5, setpoint=1120.0, response=1120.0
GetPercentOutput ===>> 23.5
GetSetpoint ===>> 1120.0
GetProcessValue ===>> 1120.0
response t=218.147358894, out=23.5, setpoint=1120.0, response=1120.0
GetPercentOutput ===>> 23.5
GetSetpoint ===>> 1120.0
GetProcessValue ===>> 1120.0
response t=220.147553921, out=23.5, setpoint=1120.0, response=1120.0
GetPercentOutput ===>> 23.5
GetSetpoint ===>> 1120.0
GetProcessValue ===>> 1120.0
response t=222.146890879, out=23.5, setpoint=1120.0, response=1120.0
GetPercentOutput ===>> 23.5
GetSetpoint ===>> 1120.0
GetProcessValue ===>> 1120.0
response t=224.146818876, out=23.5, setpoint=1120.0, response=1120.0
GetPercentOutput ===>> 23.3
GetSetpoint ===>> 1120.0
GetProcessValue ===>> 1120.0
response t=226.147605896, out=23.3, setpoint=1120.0, response=1120.0
GetPercentOutput ===>> 23.4
GetSetpoint ===>> 1120.0
GetProcessValue ===>> 1120.0
response t=228.14716506, out=23.4, setpoint=1120.0, response=1120.0
GetPercentOutput ===>> 23.6
GetSetpoint ===>> 1120.0
GetProcessValue ===>> 1120.0
response t=230.147161007, out=23.6, setpoint=1120.0, response=1120.0
GetPercentOutput ===>> 23.6
GetSetpoint ===>> 1120.0
GetProcessValue ===>> 1120.0
response t=232.147330999, out=23.6, setpoint=1120.0, response=1120.0
GetPercentOutput ===>> 23.4
GetSetpoint ===>> 1120.0
GetProcessValue ===>> 1120.0
response t=234.147117853, out=23.4, setpoint=1120.0, response=1120.0
GetPercentOutput ===>> 23.3
GetSetpoint ===>> 1120.0
GetProcessValue ===>> 1120.0
response t=236.147084951, out=23.3, setpoint=1120.0, response=1120.0
GetPercentOutput ===>> 23.6
GetSetpoint ===>> 1120.0
GetProcessValue ===>> 1120.0
response t=238.146906853, out=23.6, setpoint=1120.0, response=1120.0
GetPercentOutput ===>> 23.6
GetSetpoint ===>> 1120.0
GetProcessValue ===>> 1120.0
response t=240.146605015, out=23.6, setpoint=1120.0, response=1120.0
GetPercentOutput ===>> 23.4
GetSetpoint ===>> 1120.0
GetProcessValue ===>> 1120.0
response t=242.147011995, out=23.4, setpoint=1120.0, response=1120.0
GetPercentOutput ===>> 23.6
GetSetpoint ===>> 1120.0
GetProcessValue ===>> 1120.0
response t=244.146983862, out=23.6, setpoint=1120.0, response=1120.0
GetPercentOutput ===>> 23.6
GetSetpoint ===>> 1120.0
GetProcessValue ===>> 1120.0
response t=246.146962881, out=23.6, setpoint=1120.0, response=1120.0
GetPercentOutput ===>> 23.7
GetSetpoint ===>> 1120.0
GetProcessValue ===>> 1120.0
response t=248.146733046, out=23.7, setpoint=1120.0, response=1120.0
GetPercentOutput ===>> 23.4
GetSetpoint ===>> 1120.0
GetProcessValue ===>> 1120.0
response t=250.146900892, out=23.4, setpoint=1120.0, response=1120.0
GetPercentOutput ===>> 23.2
GetSetpoint ===>> 1120.0
GetProcessValue ===>> 1120.0
response t=252.146869898, out=23.2, setpoint=1120.0, response=1120.0
GetPercentOutput ===>> 23.4
GetSetpoint ===>> 1120.0
GetProcessValue ===>> 1120.0
response t=254.146833897, out=23.4, setpoint=1120.0, response=1120.0
GetPercentOutput ===>> 23.5
GetSetpoint ===>> 1120.0
GetProcessValue ===>> 1120.0
response t=256.146061897, out=23.5, setpoint=1120.0, response=1120.0
GetPercentOutput ===>> 23.4
GetSetpoint ===>> 1120.0
GetProcessValue ===>> 1120.0
response t=258.147979021, out=23.4, setpoint=1120.0, response=1120.0
GetPercentOutput ===>> 23.5
GetSetpoint ===>> 1120.0
GetProcessValue ===>> 1120.0
response t=260.150524855, out=23.5, setpoint=1120.0, response=1120.0
GetPercentOutput ===>> 23.4
GetSetpoint ===>> 1120.0
GetProcessValue ===>> 1120.0
response t=262.152122974, out=23.4, setpoint=1120.0, response=1120.0
GetPercentOutput ===>> 23.7
GetSetpoint ===>> 1120.0
GetProcessValue ===>> 1120.0
response t=264.153846979, out=23.7, setpoint=1120.0, response=1120.0
GetPercentOutput ===>> 23.4
GetSetpoint ===>> 1120.0
GetProcessValue ===>> 1120.0
response t=266.156215906, out=23.4, setpoint=1120.0, response=1120.0
GetPercentOutput ===>> 23.3
GetSetpoint ===>> 1120.0
GetProcessValue ===>> 1120.0
response t=268.158218861, out=23.3, setpoint=1120.0, response=1120.0
GetPercentOutput ===>> 23.5
GetSetpoint ===>> 1120.0
GetProcessValue ===>> 1120.0
response t=270.160290003, out=23.5, setpoint=1120.0, response=1120.0
GetPercentOutput ===>> 23.5
GetSetpoint ===>> 1120.0
GetProcessValue ===>> 1120.0
response t=272.16227603, out=23.5, setpoint=1120.0, response=1120.0
GetPercentOutput ===>> 23.4
GetSetpoint ===>> 1120.0
GetProcessValue ===>> 1120.0
response t=274.164355993, out=23.4, setpoint=1120.0, response=1120.0
GetPercentOutput ===>> 23.3
GetSetpoint ===>> 1120.0
GetProcessValue ===>> 1120.0
response t=276.16639185, out=23.3, setpoint=1120.0, response=1120.0
GetPercentOutput ===>> 23.4
GetSetpoint ===>> 1120.0
GetProcessValue ===>> 1120.0
response t=278.168395996, out=23.4, setpoint=1120.0, response=1120.0
GetPercentOutput ===>> 23.5
GetSetpoint ===>> 1120.0
GetProcessValue ===>> 1120.0
response t=280.169978857, out=23.5, setpoint=1120.0, response=1120.0
GetPercentOutput ===>> 23.3
GetSetpoint ===>> 1120.0
GetProcessValue ===>> 1120.0
response t=282.172441959, out=23.3, setpoint=1120.0, response=1120.0
GetPercentOutput ===>> 23.3
GetSetpoint ===>> 1120.0
GetProcessValue ===>> 1120.0
response t=284.174515009, out=23.3, setpoint=1120.0, response=1120.0
GetPercentOutput ===>> 23.6
GetSetpoint ===>> 1120.0
GetProcessValue ===>> 1120.0
response t=286.176362038, out=23.6, setpoint=1120.0, response=1120.0
GetPercentOutput ===>> 23.3
GetSetpoint ===>> 1120.0
GetProcessValue ===>> 1120.0
response t=288.17860198, out=23.3, setpoint=1120.0, response=1120.0
GetPercentOutput ===>> 23.4
GetSetpoint ===>> 1120.0
GetProcessValue ===>> 1120.0
response t=290.180633068, out=23.4, setpoint=1120.0, response=1120.0
GetPercentOutput ===>> 23.2
GetSetpoint ===>> 1120.0
GetProcessValue ===>> 1120.0
response t=292.182337999, out=23.2, setpoint=1120.0, response=1120.0
GetPercentOutput ===>> 23.3
GetSetpoint ===>> 1120.0
GetProcessValue ===>> 1120.0
response t=294.185570002, out=23.3, setpoint=1120.0, response=1120.0
GetPercentOutput ===>> 23.6
GetSetpoint ===>> 1120.0
GetProcessValue ===>> 1120.0
response t=296.186722994, out=23.6, setpoint=1120.0, response=1120.0
GetPercentOutput ===>> 23.4
GetSetpoint ===>> 1120.0
GetProcessValue ===>> 1120.0
response t=298.188822031, out=23.4, setpoint=1120.0, response=1120.0
GetPercentOutput ===>> 23.1
GetSetpoint ===>> 1120.0
GetProcessValue ===>> 1120.0
response t=300.190800905, out=23.1, setpoint=1120.0, response=1120.0
GetPercentOutput ===>> 23.4
GetSetpoint ===>> 1120.0
GetProcessValue ===>> 1120.0
response t=302.19285202, out=23.4, setpoint=1120.0, response=1120.0
GetPercentOutput ===>> 23.5
GetSetpoint ===>> 1120.0
GetProcessValue ===>> 1120.0
response t=304.194899082, out=23.5, setpoint=1120.0, response=1120.0
Join finished
block finished. duration 300.42987299
Interval 1 finished
extract (400,) {}
set extraction state NMGRLFurnace ON! 400(watts) (0.75, 'red', 1.5)
extract sample to 400 (watts)
extract
set setpoint to 400
set setpoint=400.0
setting pid parameters for 400.0
{"pid": "HO,23;XP,400;TI,90;TD,10", "command": "SetPID"} ===>> OK
{"setpoint": 400.0, "command": "SetSetpoint"} ===>> OK
Furnace disabled.
sleep (60,) {}
SLEEP 60.0
block started
WaitControl setup for 60.0  
GetPercentOutput ===>> 0.0
GetSetpoint ===>> 400.0
GetProcessValue ===>> 1120.0
response t=306.196920872, out=0, setpoint=400.0, response=1120.0
GetPercentOutput ===>> 0.0
GetSetpoint ===>> 400.0
GetProcessValue ===>> 1115.0
response t=308.198935032, out=0, setpoint=400.0, response=1115.0
GetPercentOutput ===>> 0.0
GetSetpoint ===>> 400.0
GetProcessValue ===>> 1106.0
response t=310.201052904, out=0, setpoint=400.0, response=1106.0
GetPercentOutput ===>> 0.0
GetSetpoint ===>> 400.0
GetProcessValue ===>> 1096.0
response t=312.203564882, out=0, setpoint=400.0, response=1096.0
GetPercentOutput ===>> 0.0
GetSetpoint ===>> 400.0
GetProcessValue ===>> 1085.0
response t=314.206335068, out=0, setpoint=400.0, response=1085.0
GetPercentOutput ===>> 0.0
GetSetpoint ===>> 400.0
GetProcessValue ===>> 1075.0
response t=316.207026958, out=0, setpoint=400.0, response=1075.0
GetPercentOutput ===>> 0.0
GetSetpoint ===>> 400.0
GetProcessValue ===>> 1065.0
response t=318.209137917, out=0, setpoint=400.0, response=1065.0
GetPercentOutput ===>> 0.0
GetSetpoint ===>> 400.0
GetProcessValue ===>> 1055.0
response t=320.211188078, out=0, setpoint=400.0, response=1055.0
GetPercentOutput ===>> 0.0
GetSetpoint ===>> 400.0
GetProcessValue ===>> 1046.0
response t=322.213181019, out=0, setpoint=400.0, response=1046.0
GetPercentOutput ===>> 0.0
GetSetpoint ===>> 400.0
GetProcessValue ===>> 1036.0
response t=324.21606493, out=0, setpoint=400.0, response=1036.0
GetPercentOutput ===>> 0.0
GetSetpoint ===>> 400.0
GetProcessValue ===>> 1026.0
response t=326.217787027, out=0, setpoint=400.0, response=1026.0
GetPercentOutput ===>> 0.0
GetSetpoint ===>> 400.0
GetProcessValue ===>> 1017.0
response t=328.218911886, out=0, setpoint=400.0, response=1017.0
GetPercentOutput ===>> 0.0
GetSetpoint ===>> 400.0
GetProcessValue ===>> 1008.0
response t=330.221373081, out=0, setpoint=400.0, response=1008.0
GetPercentOutput ===>> 0.0
GetSetpoint ===>> 400.0
GetProcessValue ===>> 1000.0
response t=332.223378897, out=0, setpoint=400.0, response=1000.0
GetPercentOutput ===>> 0.0
GetSetpoint ===>> 400.0
GetProcessValue ===>> 990.0
response t=334.225414038, out=0, setpoint=400.0, response=990.0
GetPercentOutput ===>> 0.0
GetSetpoint ===>> 400.0
GetProcessValue ===>> 982.0
response t=336.227472067, out=0, setpoint=400.0, response=982.0
GetPercentOutput ===>> 0.0
GetSetpoint ===>> 400.0
GetProcessValue ===>> 974.0
response t=338.229477882, out=0, setpoint=400.0, response=974.0
GetPercentOutput ===>> 0.0
GetSetpoint ===>> 400.0
GetProcessValue ===>> 966.0
response t=340.231528044, out=0, setpoint=400.0, response=966.0
GetPercentOutput ===>> 0.0
GetSetpoint ===>> 400.0
GetProcessValue ===>> 958.0
response t=342.233561993, out=0, setpoint=400.0, response=958.0
GetPercentOutput ===>> 0.0
GetSetpoint ===>> 400.0
GetProcessValue ===>> 951.0
response t=344.23536396, out=0, setpoint=400.0, response=951.0
GetPercentOutput ===>> 0.0
GetSetpoint ===>> 400.0
GetProcessValue ===>> 945.0
response t=346.238055944, out=0, setpoint=400.0, response=945.0
GetPercentOutput ===>> 0.0
GetSetpoint ===>> 400.0
GetProcessValue ===>> 938.0
response t=348.240225077, out=0, setpoint=400.0, response=938.0
GetPercentOutput ===>> 0.0
GetSetpoint ===>> 400.0
GetProcessValue ===>> 931.0
response t=350.241687059, out=0, setpoint=400.0, response=931.0
GetPercentOutput ===>> 0.0
GetSetpoint ===>> 400.0
GetProcessValue ===>> 924.0
response t=352.245439053, out=0, setpoint=400.0, response=924.0
GetPercentOutput ===>> 0.0
GetSetpoint ===>> 400.0
GetProcessValue ===>> 918.0
response t=354.246093988, out=0, setpoint=400.0, response=918.0
GetPercentOutput ===>> 0.0
GetSetpoint ===>> 400.0
GetProcessValue ===>> 911.0
response t=356.248601913, out=0, setpoint=400.0, response=911.0
GetPercentOutput ===>> 0.0
GetSetpoint ===>> 400.0
GetProcessValue ===>> 904.0
response t=358.25067997, out=0, setpoint=400.0, response=904.0
GetPercentOutput ===>> 0.0
GetSetpoint ===>> 400.0
GetProcessValue ===>> 897.0
response t=360.251885891, out=0, setpoint=400.0, response=897.0
GetPercentOutput ===>> 0.0
GetSetpoint ===>> 400.0
GetProcessValue ===>> 890.0
response t=362.253915071, out=0, setpoint=400.0, response=890.0
GetPercentOutput ===>> 0.0
GetSetpoint ===>> 400.0
GetProcessValue ===>> 884.0
response t=364.255966902, out=0, setpoint=400.0, response=884.0
Join finished
block finished. duration 60.1230919361
close ('B',) {}
close name=B desc=---
checking ownership. requestor=129.138.12.137
check software interlocks B
interlocks []
actuate state mode=None-script, software_lock=False
doing actuation None-script close_channel True
Close B ===>> OK
GetIndicatorState B ===>> False
change switch state (True, True)
update switch state B False args=() kw={} ncanvase=3
14:08:49 -- CLOSE  VALVE-B (Bone to Diode Laser)
-------------------------- close B () result=[(True, True)]
action=close, ok=True, locked=[False]
close ('E',) {}
close name=E desc=---
checking ownership. requestor=129.138.12.137
check software interlocks E
interlocks []
actuate state mode=None-script, software_lock=False
doing actuation None-script close_channel False
Close E ===>> OK
GetIndicatorState E ===>> False
change switch state (True, True)
update switch state E False args=() kw={} ncanvase=3
14:08:50 -- CLOSE  VALVE-E (Bone to Minibone)
-------------------------- close E () result=[(True, True)]
action=close, ok=True, locked=[False]
close ('C',) {}
close name=C desc=---
checking ownership. requestor=129.138.12.137
check software interlocks C
interlocks []
actuate state mode=None-script, software_lock=False
doing actuation None-script close_channel True
Close C ===>> OK
GetIndicatorState C ===>> False
change switch state (True, True)
update switch state C False args=() kw={} ncanvase=3
14:08:50 -- CLOSE  VALVE-C (Bone to Turbo)
GetPercentOutput ===>> 0.0
-------------------------- close C () result=[(True, True)]
GetSetpoint ===>> 400.0
GetProcessValue ===>> 879.0
response t=366.258029938, out=0, setpoint=400.0, response=879.0
action=close, ok=True, locked=[False]
sleep (2,) {}
SLEEP 2.0
block started
WaitControl setup for 2.0  
GetPercentOutput ===>> 0.0
GetSetpoint ===>> 400.0
GetProcessValue ===>> 874.0
response t=368.260030031, out=0, setpoint=400.0, response=874.0
Join finished
block finished. duration 2.01697206497
open ('J',) {}
open name=J desc=---
checking ownership. requestor=129.138.12.137
check software interlocks J
interlocks []
actuate state mode=None-script, software_lock=False
doing actuation None-script open_channel True
Open J ===>> OK
GetIndicatorState J ===>> OK
change switch state (True, True)
update switch state J True args=() kw={} ncanvase=3
14:08:53 -- OPEN   VALVE-J (Bone to APIS)
-------------------------- open J () result=[(True, True)]
action=open, ok=True, locked=[False]
sleep (30,) {}
SLEEP 30.0
block started
WaitControl setup for 30.0  
GetPercentOutput ===>> 0.0
GetSetpoint ===>> 400.0
GetProcessValue ===>> 869.0
response t=370.261626005, out=0, setpoint=400.0, response=869.0
GetPercentOutput ===>> 0.0
GetSetpoint ===>> 400.0
GetProcessValue ===>> 864.0
response t=372.26416707, out=0, setpoint=400.0, response=864.0
GetPercentOutput ===>> 0.0
GetSetpoint ===>> 400.0
GetProcessValue ===>> 858.0
response t=374.26613307, out=0, setpoint=400.0, response=858.0
GetPercentOutput ===>> 0.0
GetSetpoint ===>> 400.0
GetProcessValue ===>> 853.0
response t=376.269325972, out=0, setpoint=400.0, response=853.0
GetPercentOutput ===>> 0.0
GetSetpoint ===>> 400.0
GetProcessValue ===>> 847.0
response t=378.271266937, out=0, setpoint=400.0, response=847.0
GetPercentOutput ===>> 0.0
GetSetpoint ===>> 400.0
GetProcessValue ===>> 826.0
response t=380.273169041, out=0, setpoint=400.0, response=826.0
GetPercentOutput ===>> 0.0
GetSetpoint ===>> 400.0
GetProcessValue ===>> 793.0
response t=382.274347067, out=0, setpoint=400.0, response=793.0
GetPercentOutput ===>> 0.0
GetSetpoint ===>> 400.0
GetProcessValue ===>> 773.0
response t=384.276356936, out=0, setpoint=400.0, response=773.0
GetPercentOutput ===>> 0.0
GetSetpoint ===>> 400.0
GetProcessValue ===>> 761.0
response t=386.278192997, out=0, setpoint=400.0, response=761.0
GetPercentOutput ===>> 0.0
GetSetpoint ===>> 400.0
GetProcessValue ===>> 753.0
response t=388.280865908, out=0, setpoint=400.0, response=753.0
GetPercentOutput ===>> 0.0
GetSetpoint ===>> 400.0
GetProcessValue ===>> 746.0
response t=390.282047033, out=0, setpoint=400.0, response=746.0
GetPercentOutput ===>> 0.0
GetSetpoint ===>> 400.0
GetProcessValue ===>> 740.0
response t=392.284090042, out=0, setpoint=400.0, response=740.0
GetPercentOutput ===>> 0.0
GetSetpoint ===>> 400.0
GetProcessValue ===>> 734.0
response t=394.286089897, out=0, setpoint=400.0, response=734.0
GetPercentOutput ===>> 0.0
GetSetpoint ===>> 400.0
GetProcessValue ===>> 729.0
response t=396.288557053, out=0, setpoint=400.0, response=729.0
GetPercentOutput ===>> 0.0
GetSetpoint ===>> 400.0
GetProcessValue ===>> 723.0
response t=398.291260958, out=0, setpoint=400.0, response=723.0
Join finished
block finished. duration 30.0525891781
close ('J',) {}
close name=J desc=---
checking ownership. requestor=129.138.12.137
check software interlocks J
interlocks []
actuate state mode=None-script, software_lock=False
doing actuation None-script close_channel True
Close J ===>> OK
GetIndicatorState J ===>> False
change switch state (True, True)
update switch state J False args=() kw={} ncanvase=3
14:09:23 -- CLOSE  VALVE-J (Bone to APIS)
-------------------------- close J () result=[(True, True)]
action=close, ok=True, locked=[False]
open ('FC',) {}
open name=FC desc=---
checking ownership. requestor=129.138.12.137
check software interlocks FC
interlocks []
actuate state mode=None-script, software_lock=False
doing actuation None-script open_channel True
GetPercentOutput ===>> 0.0
GetSetpoint ===>> 400.0
GetProcessValue ===>> 718.0
response t=400.293333054, out=0, setpoint=400.0, response=718.0
Open FC ===>> OK
GetIndicatorState FC ===>> OK
change switch state (True, True)
update switch state FC True args=() kw={} ncanvase=3
14:09:25 -- OPEN   VALVE-FC (Furnace Turbo)
-------------------------- open FC () result=[(True, True)]
action=open, ok=True, locked=[False]
sleep (30.0,) {}
SLEEP 30.0
block started
WaitControl setup for 30.0  
GetPercentOutput ===>> 0.0
GetSetpoint ===>> 400.0
GetProcessValue ===>> 711.0
response t=402.294583082, out=0, setpoint=400.0, response=711.0
GetPercentOutput ===>> 0.0
GetSetpoint ===>> 400.0
GetProcessValue ===>> 704.0
response t=404.29793787, out=0, setpoint=400.0, response=704.0
GetPercentOutput ===>> 0.0
GetSetpoint ===>> 400.0
GetProcessValue ===>> 698.0
response t=406.298924923, out=0, setpoint=400.0, response=698.0
GetPercentOutput ===>> 0.0
GetSetpoint ===>> 400.0
GetProcessValue ===>> 693.0
response t=408.300292015, out=0, setpoint=400.0, response=693.0
GetPercentOutput ===>> 0.0
GetSetpoint ===>> 400.0
GetProcessValue ===>> 688.0
response t=410.30301404, out=0, setpoint=400.0, response=688.0
GetPercentOutput ===>> 0.0
GetSetpoint ===>> 400.0
GetProcessValue ===>> 683.0
response t=412.304931879, out=0, setpoint=400.0, response=683.0
GetPercentOutput ===>> 0.0
GetSetpoint ===>> 400.0
GetProcessValue ===>> 679.0
response t=414.306487083, out=0, setpoint=400.0, response=679.0
GetPercentOutput ===>> 0.0
GetSetpoint ===>> 400.0
GetProcessValue ===>> 674.0
response t=416.309002876, out=0, setpoint=400.0, response=674.0
GetPercentOutput ===>> 0.0
GetSetpoint ===>> 400.0
GetProcessValue ===>> 670.0
response t=418.310948849, out=0, setpoint=400.0, response=670.0
GetPercentOutput ===>> 0.0
GetSetpoint ===>> 400.0
GetProcessValue ===>> 665.0
response t=420.313032866, out=0, setpoint=400.0, response=665.0
GetPercentOutput ===>> 0.0
GetSetpoint ===>> 400.0
GetProcessValue ===>> 661.0
response t=422.314985037, out=0, setpoint=400.0, response=661.0
GetPercentOutput ===>> 0.0
GetSetpoint ===>> 400.0
GetProcessValue ===>> 656.0
response t=424.316565037, out=0, setpoint=400.0, response=656.0
GetPercentOutput ===>> 0.0
GetSetpoint ===>> 400.0
GetProcessValue ===>> 652.0
response t=426.318645, out=0, setpoint=400.0, response=652.0
GetPercentOutput ===>> 0.0
GetSetpoint ===>> 400.0
GetProcessValue ===>> 648.0
response t=428.321160078, out=0, setpoint=400.0, response=648.0
GetPercentOutput ===>> 0.0
GetSetpoint ===>> 400.0
GetProcessValue ===>> 644.0
response t=430.32317996, out=0, setpoint=400.0, response=644.0
Join finished
block finished. duration 30.0642328262
stop_response_recorder () {}
stop response recorder
executed snippet estimated_duration=1267.0, duration=431.009567976
felix_furnace.py completed successfully
get achieved output
Requested Output= 0.000
Achieved Output=  0.000
get response blob
get output blob
active pid =HO,23;XP,400;TI,90;TD,10
persistence save...
persistence save - db
AutomatedRunPersister post_extraction_save deprecated
persistence save - dvc
no extraction position for 6
not connected to db mysql://felixexp@129.138.12.160/labspy
Enviromentals: {'lab_humiditys': [{'device': 'EnvironmentalMonitor',
                    'name': 'Lab Hum.',
                    'pub_date': '2017-08-30T14:04:31',
                    'title': 'iServer Hum.',
                    'value': 48.0}],
 'lab_pneumatics': [{'device': 'AirPressure',
                     'name': 'Pressure',
                     'pub_date': '2017-08-30T14:09:07',
                     'title': None,
                     'value': 118.05},
                    {'device': 'AirPressure2',
                     'name': 'Pressure2',
                     'pub_date': '2017-08-30T14:09:11',
                     'title': None,
                     'value': 120.58228}],
 'lab_temperatures': [{'device': 'EnvironmentalMonitor',
                       'name': 'Lab Temp.',
                       'pub_date': '2017-08-30T13:41:06',
                       'title': 'iServer Temp.',
                       'value': 73.5},
                      {'device': 'Chiller',
                       'name': 'Coolant Temp.',
                       'pub_date': '2017-08-30T12:19:32',
                       'title': None,
                       'value': 18.0}]}
Extraction Finished
14:09:58 -- ******* Extraction Finished *******
no overlap. not waiting for min ms pumptime
14:09:58 -- Sending spectrometer configuration
======== Sending configuration ========
SetZFocus 1.65 ===>> OK
SetHV 9900.0 ===>> OK
SetZSymmetry 3.35 ===>> OK
SetExtractionLens 63.57 ===>> OK
SetIonRepeller -5.15 ===>> OK
SetElectronEnergy 125.02 ===>> OK
SetYSymmetry 38.07 ===>> OK
send trap current 250.0
GetParameter Trap Current Readback ===>> 248.942501373375
SetParameter Trap Current Set,250.0 ===>> OK
updating mftable name argon
Using mftable located at /Users/obama/PychronDev/setupfiles/spectrometer/mftables/argon.csv
============ MFtable ===========
Isotope  H2     H1     AX     L1     L2     L2(CDD)
Ar40     3.7663 3.8415 3.9196 4.0010 4.1087 4.0943
Ar39     3.6919 3.7663 3.8427 3.9255 4.0281 4.0133
Ar36     3.4655 3.4180 3.6071 3.6830 3.7916 3.7662
================================
get initial guess parabolic
get initial guess parabolic
get initial guess parabolic
get initial guess parabolic
get initial guess parabolic
get initial guess parabolic
======== Configuration Finished ========
GetYSymmetry ===>> 38.07
GetZSymmetry ===>> 3.35
GetParameter Trap Current Readback ===>> 248.383080021974
GetHighVoltage ===>> 9900
start measurement
do measurement
L#=65807 analysis type=unknown
Measurement Started felix_analysis400_120_no_save_center.py
14:09:58 -- ******* Measurement Started felix_analysis400_120_no_save_center.py *******
state changed from extraction to measurement
setting trap, emission, spec, defl, and gains
GetExtractionLens ===>> 63.57
GetYSymmetry ===>> 38.07
GetZSymmetry ===>> 3.35
GetZFocus ===>> 1.65
GetDeflection H2 (CDD) ===>> 3250
GetDeflection H1 (CDD) ===>> 3250
GetDeflection AX (CDD) ===>> 3250
GetDeflection L1 (CDD) ===>> 3250
GetDeflection L2 (CDD) ===>> 0
GetGain H2 ===>> 0.9809305
GetGain H1 ===>> 0.9706
GetGain AX ===>> 0.96269
GetGain L1 ===>> 0.970094835296087
GetGain L2 ===>> 0.967359864778375
GetGain H2(CDD) ===>> 0
GetGain H1(CDD) ===>> 0
GetGain AX(CDD) ===>> 0
GetGain L1(CDD) ===>> 0
GetGain L2(CDD) ===>> 0
GetParameter Trap Current Readback ===>> 248.271195751694
GetParameter Source Current Readback ===>> 885.73722761399
pre measurement save
New frame /Users/obama/PychronDev/data/isotopes/da/f1bfec-8a82-4ed7-952c-5a3d2d0f71e9.h5
flush and close file /Users/obama/PychronDev/data/isotopes/da/f1bfec-8a82-4ed7-952c-5a3d2d0f71e9.h5
testing...
no interpolation path defined
executed snippet estimated_duration=590.4304, duration=0.000255823135376
unknown measurement script
activate_detectors ('H2', 'H1', 'AX', 'L1', 'L2(CDD)') {}
activate detectors
*************** Set Analysis View Ar/Ar
create graphs
clearing graphs
clear isotope group
setting isotope det=H2, iso=Ar40
setting isotope det=H1, iso=Ar39
setting isotope det=AX, iso=Ar38
setting isotope det=L1, iso=Ar37
setting isotope det=L2(CDD), iso=Ar36
setting previous blanks
 - setting Ar40 blank 6.974+/-0.019
 - setting Ar36 blank 0.0246+/-0.0004
 - setting Ar37 blank 0.030+/-0.011
 - setting Ar38 blank -0.012+/-0.013
 - setting Ar39 blank -0.030+/-0.025
load analysis view
position_magnet ('Ar40',) {'detector': 'H2'}
detector Detector(H2)
POSITION Ar40 H2
setting detector H2 to Ar40 (39.9624)
setting detector H1 to Ar39 (38.8624)
setting detector AX to Ar38 (37.9624)
setting detector L1 to Ar37 (36.9624)
setting detector L2 to Ar36 (35.8624)
setting detector H2(CDD) to Ar40 (39.8624)
setting detector H1(CDD) to Ar39 (38.8624)
setting detector AX(CDD) to Ar38 (37.8624)
setting detector L1(CDD) to Ar37 (36.8624)
setting detector L2(CDD) to Ar36 (35.9624)
Mapping mass to dac mass func: "parabolic"
H2 map mass coeffs = [ -2.56720193e-04   9.47812314e-02   3.88574975e-01]
H2 map mass to dac 39.9624 >> 3.76628
GetHighVoltage ===>> 9900
positioning Ar40 (3.76628) on H2
setting magnet DAC
current  : 3.768280
requested: 3.766280
Delta Dac: 0.002000
Checking detector protection. dv=0.00200
SetMagnetDAC 3.76628 ===>> OK
Magnet settling time: 0.500 0.500
Magnet settling complete
set_dac. change=True
equilibrate () {'delay': 3, 'inlet': 'H', 'outlet': 'V', 'eqtime': 30.0}
Equilibration Started
14:09:59 -- ******* Equilibration Started *******
checking ownership. requestor=129.138.12.137
check software interlocks V
interlocks []
actuate state mode=None-script, software_lock=False
doing actuation None-script close_channel True
Close V ===>> OK
update labels <pychron.experiment.plot_panel.PlotPanel object at 0x121fac0b0>
update labels "<pychron.graph.stacked_regression_graph.StackedRegressionGraph object at 0x12408e410>"
setting label 0 H2 Ar40
setting label 1 H1 Ar39
setting label 2 AX Ar38
setting label 3 L1 Ar37
setting label 4 L2(CDD) Ar36
update labels "<pychron.graph.stacked_graph.StackedGraph object at 0x123fb54d0>"
setting label 0 H2 Ar40
setting label 1 H1 Ar39
setting label 2 AX Ar38
setting label 3 L1 Ar37
setting label 4 L2(CDD) Ar36
GetIndicatorState V ===>> False
change switch state (True, True)
update switch state V False args=() kw={} ncanvase=3
14:09:59 -- CLOSE  VALVE-V (Felix Ion Pump)
waiting 3s before opening inlet value ('H',)
checking ownership. requestor=129.138.12.137
check software interlocks H
interlocks []
actuate state mode=None-script, software_lock=False
doing actuation None-script open_channel True
Open H ===>> OK
GetIndicatorState H ===>> OK
change switch state (True, True)
update switch state H True args=() kw={} ncanvase=3
14:10:02 -- OPEN   VALVE-H (Felix Inlet)
set_time_zero () {}
equilibrating for 30.0sec
sniff (30.0,) {}
py_sniff
build tables- sniff [Detector(H2), Detector(H1), Detector(AX), Detector(L1), Detector(L2(CDD))]
add group /sniff/Ar40 (Group) u'' table H2
add group /sniff/Ar39 (Group) u'' table H1
add group /sniff/Ar38 (Group) u'' table AX
add group /sniff/Ar37 (Group) u'' table L1
add group /sniff/Ar36 (Group) u'' table L2(CDD)
flush and close file /Users/obama/PychronDev/data/isotopes/da/f1bfec-8a82-4ed7-952c-5a3d2d0f71e9.h5
measuring sniff. ncounts=30.0
"sniff" increment series count="1" fit count="0" regressing="False"
starting measurement
14:10:28 -- collecting point 25
Equilibration Finished
14:10:32 -- ******* Equilibration Finished *******
checking ownership. requestor=129.138.12.137
check software interlocks H
interlocks []
actuate state mode=None-script, software_lock=False
doing actuation None-script close_channel True
Close H ===>> OK
GetIndicatorState H ===>> False
change switch state (True, True)
update switch state H False args=() kw={} ncanvase=3
14:10:32 -- CLOSE  VALVE-H (Felix Inlet)
Post Equilibration Started felix_pump_extraction_line.py
14:10:32 -- ******* Post Equilibration Started felix_pump_extraction_line.py *******
testing...
no interpolation path defined
calculate duration
testing...
no interpolation path defined
executed snippet estimated_duration=4.0, duration=0.00021505355835
executed snippet estimated_duration=4.0, duration=0.00153017044067
Pump after analysis
doing GOSUB
testing...
no interpolation path defined
executed snippet estimated_duration=4.0, duration=0.000236034393311
Pump Bone
close () {'description': 'Felix Inlet'}
close name=--- desc=Felix Inlet
checking ownership. requestor=129.138.12.137
check software interlocks H
interlocks []
actuate state mode=None-script, software_lock=False
doing actuation None-script close_channel False
Close H ===>> OK
GetIndicatorState H ===>> False
change switch state (True, True)
update switch state H False args=() kw={} ncanvase=3
14:10:33 -- CLOSE  VALVE-H (Felix Inlet)
-------------------------- close None (Felix Inlet) result=[(True, True)]
action=close, ok=True, locked=[False]
is_closed ('A',) {}
is A () closed?
is closed False
close () {'description': 'CO2 Laser to Bone'}
close name=--- desc=CO2 Laser to Bone
checking ownership. requestor=129.138.12.137
check software interlocks F
interlocks []
actuate state mode=None-script, software_lock=True
VALVE-F(CO2 Laser to Bone) software locked
change switch state (True, False)
-------------------------- close None (CO2 Laser to Bone) result=[(True, False)]
action=close, ok=True, locked=[True]
sleep (1,) {}
SLEEP 1.0
close () {'description': 'CO2 Laser to Roughing'}
close name=--- desc=CO2 Laser to Roughing
checking ownership. requestor=129.138.12.137
check software interlocks G
interlocks []
actuate state mode=None-script, software_lock=True
VALVE-G(CO2 Laser to Roughing) software locked
change switch state (True, False)
-------------------------- close None (CO2 Laser to Roughing) result=[(True, False)]
action=close, ok=True, locked=[True]
open () {'description': 'Bone to Turbo'}
open name=--- desc=Bone to Turbo
checking ownership. requestor=129.138.12.137
check software interlocks C
interlocks []
actuate state mode=None-script, software_lock=False
doing actuation None-script open_channel True
Open C ===>> OK
GetIndicatorState C ===>> OK
change switch state (True, True)
update switch state C True args=() kw={} ncanvase=3
14:10:34 -- OPEN   VALVE-C (Bone to Turbo)
-------------------------- open None (Bone to Turbo) result=[(True, True)]
waiting for write to finish
measurement finished
estimated time: 31.457 actual time: :31.632
flush and close file /Users/obama/PychronDev/data/isotopes/da/f1bfec-8a82-4ed7-952c-5a3d2d0f71e9.h5
set_fits () {}
using default fits file=/Users/obama/PychronDev/scripts/measurement/fits/nominal.yaml
set "Ar40" to "('Parabolic', 'SEM')"
set "Ar36" to "('Parabolic', 'SEM')"
set "Ar37" to "('linear', 'SEM')"
set "Ar38" to "('linear', 'SEM')"
set "Ar39" to "('Parabolic', 'SEM')"
set_baseline_fits () {}
using default fits file=/Users/obama/PychronDev/scripts/measurement/fits/nominal.yaml
action=open, ok=True, locked=[False]
open () {'description': 'Bone to Getter GP-50'}
open name=--- desc=Bone to Getter GP-50
set "H2" to "('average', 'SEM')"
set "L2(CDD)" to "('average', 'SEM')"
set "L1" to "('average', 'SEM')"
set "AX" to "('average', 'SEM')"
checking ownership. requestor=129.138.12.137
set "H1" to "('average', 'SEM')"
check software interlocks N
multicollect () {'integration_time': 1.048576, 'ncounts': 400}
interlocks []
build tables- signal [Detector(H2), Detector(H1), Detector(AX), Detector(L1), Detector(L2(CDD))]
actuate state mode=None-script, software_lock=False
doing actuation None-script open_channel False
add group /signal/Ar40 (Group) u'' table H2
add group /signal/Ar39 (Group) u'' table H1
add group /signal/Ar38 (Group) u'' table AX
add group /signal/Ar37 (Group) u'' table L1
add group /signal/Ar36 (Group) u'' table L2(CDD)
flush and close file /Users/obama/PychronDev/data/isotopes/da/f1bfec-8a82-4ed7-952c-5a3d2d0f71e9.h5
measuring signal. ncounts=400
Open N ===>> OK
GetIndicatorState N ===>> OK
change switch state (True, True)
update switch state N True args=() kw={} ncanvase=3
14:10:34 -- OPEN   VALVE-N (Bone to Getter GP-50)
-------------------------- open None (Bone to Getter GP-50) result=[(True, True)]
"signal" increment series count="2" fit count="1" regressing="True"
action=open, ok=True, locked=[False]
open () {'description': 'Bone to Diode Laser'}
open name=--- desc=Bone to Diode Laser
checking ownership. requestor=129.138.12.137
check software interlocks B
interlocks []
actuate state mode=None-script, software_lock=False
doing actuation None-script open_channel True
Open B ===>> OK
set states for children of B. state=True
handle state [('B', True)]
update switch state B True args=() kw={'refresh': False} ncanvase=3
starting measurement
refresh_canvas_needed fired
GetIndicatorState B ===>> OK
change switch state (True, True)
update switch state B True args=() kw={} ncanvase=3
14:10:35 -- OPEN   VALVE-B (Bone to Diode Laser)
-------------------------- open None (Bone to Diode Laser) result=[(True, True)]
action=open, ok=True, locked=[False]
open () {'description': 'Bone to CO2 Laser'}
open name=--- desc=Bone to CO2 Laser
checking ownership. requestor=129.138.12.137
check software interlocks D
interlocks []
actuate state mode=None-script, software_lock=False
doing actuation None-script open_channel False
Open D ===>> OK
GetIndicatorState D ===>> OK
change switch state (True, True)
update switch state D True args=() kw={} ncanvase=3
14:10:35 -- OPEN   VALVE-D (Bone to CO2 Laser)
-------------------------- open None (Bone to CO2 Laser) result=[(True, True)]
action=open, ok=True, locked=[False]
sleep (1,) {}
SLEEP 1.0
set_resource () {'name': 'CO2PumpTimeFlag', 'value': 30}
Set CO2PumpTimeFlag 30 ===>> OK
release ('FelixCO2Flag',) {}
release FelixCO2Flag
Set FelixCO2Flag 0 ===>> OK
executed snippet estimated_duration=6.0, duration=4.23272919655
PumpBone.py completed successfully
gosub finished
get_resource_value () {'name': 'FelixMiniboneFlag'}
Read FelixMiniboneFlag ===>> 0
Get Resource Value FelixMiniboneFlag=0.0
executed snippet estimated_duration=4.0, duration=4.24058103561
felix_pump_extraction_line.py completed successfully
Post Equilibration Finished
14:10:37 -- ******* Post Equilibration Finished *******
GetDeflection L2 (CDD) ===>> 0
testing L2_CDD_==3250
evaluate ot="L2(CDD).deflection==3250" t="L2_CDD_==3250", ctx="{'L2_CDD_': 0.0}"
GetDeflection L2 (CDD) ===>> 0
testing L2_CDD_==3250
evaluate ot="L2(CDD).deflection==3250" t="L2_CDD_==3250", ctx="{'L2_CDD_': 0.0}"
14:11:00 -- collecting point 25
GetDeflection L2 (CDD) ===>> 0
testing L2_CDD_==3250
evaluate ot="L2(CDD).deflection==3250" t="L2_CDD_==3250", ctx="{'L2_CDD_': 0.0}"
GetDeflection L2 (CDD) ===>> 0
testing L2_CDD_==3250
evaluate ot="L2(CDD).deflection==3250" t="L2_CDD_==3250", ctx="{'L2_CDD_': 0.0}"
14:11:26 -- collecting point 50
GetDeflection L2 (CDD) ===>> 0
testing L2_CDD_==3250
evaluate ot="L2(CDD).deflection==3250" t="L2_CDD_==3250", ctx="{'L2_CDD_': 0.0}"
GetDeflection L2 (CDD) ===>> 0
testing L2_CDD_==3250
evaluate ot="L2(CDD).deflection==3250" t="L2_CDD_==3250", ctx="{'L2_CDD_': 0.0}"
GetDeflection L2 (CDD) ===>> 0
testing L2_CDD_==3250
evaluate ot="L2(CDD).deflection==3250" t="L2_CDD_==3250", ctx="{'L2_CDD_': 0.0}"
14:11:53 -- collecting point 75
GetDeflection L2 (CDD) ===>> 0
testing L2_CDD_==3250
evaluate ot="L2(CDD).deflection==3250" t="L2_CDD_==3250", ctx="{'L2_CDD_': 0.0}"
GetDeflection L2 (CDD) ===>> 0
testing L2_CDD_==3250
evaluate ot="L2(CDD).deflection==3250" t="L2_CDD_==3250", ctx="{'L2_CDD_': 0.0}"
14:12:19 -- collecting point 100
GetDeflection L2 (CDD) ===>> 0
testing L2_CDD_==3250
evaluate ot="L2(CDD).deflection==3250" t="L2_CDD_==3250", ctx="{'L2_CDD_': 0.0}"
GetDeflection L2 (CDD) ===>> 0
testing L2_CDD_==3250
evaluate ot="L2(CDD).deflection==3250" t="L2_CDD_==3250", ctx="{'L2_CDD_': 0.0}"
GetDeflection L2 (CDD) ===>> 0
testing L2_CDD_==3250
evaluate ot="L2(CDD).deflection==3250" t="L2_CDD_==3250", ctx="{'L2_CDD_': 0.0}"
14:12:45 -- collecting point 125
GetDeflection L2 (CDD) ===>> 0
testing L2_CDD_==3250
evaluate ot="L2(CDD).deflection==3250" t="L2_CDD_==3250", ctx="{'L2_CDD_': 0.0}"
GetDeflection L2 (CDD) ===>> 0
testing L2_CDD_==3250
evaluate ot="L2(CDD).deflection==3250" t="L2_CDD_==3250", ctx="{'L2_CDD_': 0.0}"
14:13:12 -- collecting point 150
GetDeflection L2 (CDD) ===>> 0
testing L2_CDD_==3250
evaluate ot="L2(CDD).deflection==3250" t="L2_CDD_==3250", ctx="{'L2_CDD_': 0.0}"
GetDeflection L2 (CDD) ===>> 0
testing L2_CDD_==3250
evaluate ot="L2(CDD).deflection==3250" t="L2_CDD_==3250", ctx="{'L2_CDD_': 0.0}"
GetDeflection L2 (CDD) ===>> 0
testing L2_CDD_==3250
evaluate ot="L2(CDD).deflection==3250" t="L2_CDD_==3250", ctx="{'L2_CDD_': 0.0}"
14:13:38 -- collecting point 175
GetDeflection L2 (CDD) ===>> 0
testing L2_CDD_==3250
evaluate ot="L2(CDD).deflection==3250" t="L2_CDD_==3250", ctx="{'L2_CDD_': 0.0}"
GetDeflection L2 (CDD) ===>> 0
testing L2_CDD_==3250
evaluate ot="L2(CDD).deflection==3250" t="L2_CDD_==3250", ctx="{'L2_CDD_': 0.0}"
14:14:04 -- collecting point 200
GetDeflection L2 (CDD) ===>> 0
testing L2_CDD_==3250
evaluate ot="L2(CDD).deflection==3250" t="L2_CDD_==3250", ctx="{'L2_CDD_': 0.0}"
GetDeflection L2 (CDD) ===>> 0
testing L2_CDD_==3250
evaluate ot="L2(CDD).deflection==3250" t="L2_CDD_==3250", ctx="{'L2_CDD_': 0.0}"
GetDeflection L2 (CDD) ===>> 0
testing L2_CDD_==3250
evaluate ot="L2(CDD).deflection==3250" t="L2_CDD_==3250", ctx="{'L2_CDD_': 0.0}"
14:14:31 -- collecting point 225
GetDeflection L2 (CDD) ===>> 0
testing L2_CDD_==3250
evaluate ot="L2(CDD).deflection==3250" t="L2_CDD_==3250", ctx="{'L2_CDD_': 0.0}"
GetDeflection L2 (CDD) ===>> 0
testing L2_CDD_==3250
evaluate ot="L2(CDD).deflection==3250" t="L2_CDD_==3250", ctx="{'L2_CDD_': 0.0}"
14:14:57 -- collecting point 250
GetDeflection L2 (CDD) ===>> 0
testing L2_CDD_==3250
evaluate ot="L2(CDD).deflection==3250" t="L2_CDD_==3250", ctx="{'L2_CDD_': 0.0}"
GetDeflection L2 (CDD) ===>> 0
testing L2_CDD_==3250
evaluate ot="L2(CDD).deflection==3250" t="L2_CDD_==3250", ctx="{'L2_CDD_': 0.0}"
set states for children of O. state=False
handle state [('O', False)]
update switch state O False args=() kw={'refresh': False} ncanvase=3
refresh_canvas_needed fired
set states for children of O. state=True
handle state [('O', True)]
update switch state O True args=() kw={'refresh': False} ncanvase=3
refresh_canvas_needed fired
GetDeflection L2 (CDD) ===>> 0
testing L2_CDD_==3250
evaluate ot="L2(CDD).deflection==3250" t="L2_CDD_==3250", ctx="{'L2_CDD_': 0.0}"
14:15:23 -- collecting point 275
GetDeflection L2 (CDD) ===>> 0
testing L2_CDD_==3250
evaluate ot="L2(CDD).deflection==3250" t="L2_CDD_==3250", ctx="{'L2_CDD_': 0.0}"
GetDeflection L2 (CDD) ===>> 0
testing L2_CDD_==3250
evaluate ot="L2(CDD).deflection==3250" t="L2_CDD_==3250", ctx="{'L2_CDD_': 0.0}"
14:15:49 -- collecting point 300
GetDeflection L2 (CDD) ===>> 0
testing L2_CDD_==3250
evaluate ot="L2(CDD).deflection==3250" t="L2_CDD_==3250", ctx="{'L2_CDD_': 0.0}"
GetDeflection L2 (CDD) ===>> 0
testing L2_CDD_==3250
evaluate ot="L2(CDD).deflection==3250" t="L2_CDD_==3250", ctx="{'L2_CDD_': 0.0}"
GetDeflection L2 (CDD) ===>> 0
testing L2_CDD_==3250
evaluate ot="L2(CDD).deflection==3250" t="L2_CDD_==3250", ctx="{'L2_CDD_': 0.0}"
14:16:16 -- collecting point 325
GetDeflection L2 (CDD) ===>> 0
testing L2_CDD_==3250
evaluate ot="L2(CDD).deflection==3250" t="L2_CDD_==3250", ctx="{'L2_CDD_': 0.0}"
GetDeflection L2 (CDD) ===>> 0
testing L2_CDD_==3250
evaluate ot="L2(CDD).deflection==3250" t="L2_CDD_==3250", ctx="{'L2_CDD_': 0.0}"
14:16:42 -- collecting point 350
GetDeflection L2 (CDD) ===>> 0
testing L2_CDD_==3250
evaluate ot="L2(CDD).deflection==3250" t="L2_CDD_==3250", ctx="{'L2_CDD_': 0.0}"
GetDeflection L2 (CDD) ===>> 0
testing L2_CDD_==3250
evaluate ot="L2(CDD).deflection==3250" t="L2_CDD_==3250", ctx="{'L2_CDD_': 0.0}"
GetDeflection L2 (CDD) ===>> 0
testing L2_CDD_==3250
evaluate ot="L2(CDD).deflection==3250" t="L2_CDD_==3250", ctx="{'L2_CDD_': 0.0}"
14:17:08 -- collecting point 375
GetDeflection L2 (CDD) ===>> 0
testing L2_CDD_==3250
evaluate ot="L2(CDD).deflection==3250" t="L2_CDD_==3250", ctx="{'L2_CDD_': 0.0}"
GetDeflection L2 (CDD) ===>> 0
testing L2_CDD_==3250
evaluate ot="L2(CDD).deflection==3250" t="L2_CDD_==3250", ctx="{'L2_CDD_': 0.0}"
14:17:35 -- collecting point 400
waiting for write to finish
measurement finished
estimated time: 419.430 actual time: :420.789
flush and close file /Users/obama/PychronDev/data/isotopes/da/f1bfec-8a82-4ed7-952c-5a3d2d0f71e9.h5
baselines () {'settling_time': 15.0, 'detector': 'H2', 'mass': 39.862, 'ncounts': 120}
%%%%%%%%%%%%%%%%%%%%%%%%%%%%%%%% Baseline
build tables- baseline [Detector(H2), Detector(H1), Detector(AX), Detector(L1), Detector(L2(CDD))]
add group baseline table H2
add group baseline table H1
add group baseline table AX
add group baseline table L1
add group baseline table L2(CDD)
flush and close file /Users/obama/PychronDev/data/isotopes/da/f1bfec-8a82-4ed7-952c-5a3d2d0f71e9.h5
detector Detector(H2)
POSITION 39.862 H2
Mapping mass to dac mass func: "parabolic"
H2 map mass coeffs = [ -2.56720193e-04   9.47812314e-02   3.88574975e-01]
H2 map mass to dac 39.862 >> 3.75882141492
GetHighVoltage ===>> 9900
positioning 39.862 (3.75882141492) on H2
setting magnet DAC
current  : 3.766280
requested: 3.758821
Delta Dac: 0.007459
Checking detector protection. dv=0.00746
SetMagnetDAC 3.75882141492 ===>> OK
Magnet settling time: 0.500 0.500
Magnet settling complete
set_dac. change=True
Delaying 15.0s for detectors to settle
Join finished
measuring baseline. ncounts=120
"baseline" increment series count="2" fit count="1" regressing="True"
starting measurement
GetDeflection L2 (CDD) ===>> 0
testing L2_CDD_==3250
evaluate ot="L2(CDD).deflection==3250" t="L2_CDD_==3250", ctx="{'L2_CDD_': 0.0}"
GetDeflection L2 (CDD) ===>> 0
testing L2_CDD_==3250
evaluate ot="L2(CDD).deflection==3250" t="L2_CDD_==3250", ctx="{'L2_CDD_': 0.0}"
14:18:17 -- collecting point 25
GetDeflection L2 (CDD) ===>> 0
testing L2_CDD_==3250
evaluate ot="L2(CDD).deflection==3250" t="L2_CDD_==3250", ctx="{'L2_CDD_': 0.0}"
GetDeflection L2 (CDD) ===>> 0
testing L2_CDD_==3250
evaluate ot="L2(CDD).deflection==3250" t="L2_CDD_==3250", ctx="{'L2_CDD_': 0.0}"
14:18:43 -- collecting point 50
GetDeflection L2 (CDD) ===>> 0
testing L2_CDD_==3250
evaluate ot="L2(CDD).deflection==3250" t="L2_CDD_==3250", ctx="{'L2_CDD_': 0.0}"
GetDeflection L2 (CDD) ===>> 0
testing L2_CDD_==3250
evaluate ot="L2(CDD).deflection==3250" t="L2_CDD_==3250", ctx="{'L2_CDD_': 0.0}"
GetDeflection L2 (CDD) ===>> 0
testing L2_CDD_==3250
evaluate ot="L2(CDD).deflection==3250" t="L2_CDD_==3250", ctx="{'L2_CDD_': 0.0}"
14:19:10 -- collecting point 75
GetDeflection L2 (CDD) ===>> 0
testing L2_CDD_==3250
evaluate ot="L2(CDD).deflection==3250" t="L2_CDD_==3250", ctx="{'L2_CDD_': 0.0}"
GetDeflection L2 (CDD) ===>> 0
testing L2_CDD_==3250
evaluate ot="L2(CDD).deflection==3250" t="L2_CDD_==3250", ctx="{'L2_CDD_': 0.0}"
14:19:36 -- collecting point 100
GetDeflection L2 (CDD) ===>> 0
testing L2_CDD_==3250
evaluate ot="L2(CDD).deflection==3250" t="L2_CDD_==3250", ctx="{'L2_CDD_': 0.0}"
GetDeflection L2 (CDD) ===>> 0
testing L2_CDD_==3250
evaluate ot="L2(CDD).deflection==3250" t="L2_CDD_==3250", ctx="{'L2_CDD_': 0.0}"
waiting for write to finish
measurement finished
estimated time: 125.829 actual time: :126.238
flush and close file /Users/obama/PychronDev/data/isotopes/da/f1bfec-8a82-4ed7-952c-5a3d2d0f71e9.h5
activate_detectors ('H1', 'L2(CDD)') {'peak_center': True}
peak_center () {'detector': 'H2', 'save': False, 'integration_time': 1.048576, 'isotope': 'Ar40'}
peak center: mean=12.4041109322 threshold=1.0
peak center started
setup peak center. detector=['H2', 'H1', 'L2(CDD)'], isotope=Ar40
VersionedUnpickler [<apptools.sweet_pickle.versioned_unpickler.VersionedUnpickler object at 0x115c78170>] using Updater [<apptools.sweet_pickle.updater.Updater object at 0x11fa4ea70>]
VersionedUnpickler [<apptools.sweet_pickle.versioned_unpickler.VersionedUnpickler object at 0x115c78170>] using Updater [<apptools.sweet_pickle.updater.Updater object at 0x11fa4ea70>]
VersionedUnpickler [<apptools.sweet_pickle.versioned_unpickler.VersionedUnpickler object at 0x115c78170>] using Updater [<apptools.sweet_pickle.updater.Updater object at 0x11fa4ea70>]
setting integration time = 0.524288
SetIntegrationTime 0.524288 ===>> OK
Mapping mass to dac mass func: "parabolic"
H2 map mass coeffs = [ -2.56720193e-04   9.47812314e-02   3.88574975e-01]
H2 map mass to dac 39.9624 >> 3.76628
GetHighVoltage ===>> 9900
do peak center. <pychron.spectrometer.jobs.peak_center.PeakCenter object at 0x11fa4e890>
doing pc
starting peak center. center dac= 3.76628 step_width=0.0001
width = 0.0001
get scan parameters. half-width=0.002,window=0.002, i=0, scalar=1
Scan parameters center=3.76628 width=0.00400 (3.76428 - 3.76828)
Moving to starting dac 3.76428
setting magnet DAC
current  : 3.758821
requested: 3.764280
Delta Dac: 0.005459
Checking detector protection. dv=0.00546
SetMagnetDAC 3.76428 ===>> OK
Magnet settling time: 0.500 0.500
Magnet settling complete
set_dac. change=True
Wait until signal near baseline. tol= -0.00213634526845. timeout= 10
Peak center baseline intensity achieved
_do_sweep sm= 3.76428, em= 3.76828, stm= 0.0001
calculated step values: start=3.76428, end=3.76828, width=0.0001, nsteps=41.0
setting magnet DAC
current  : 3.764280
requested: 3.764280
Delta Dac: 0.000000
Checking detector protection. dv=0.00000
set_dac. change=False
setting magnet DAC
current  : 3.764280
requested: 3.764383
Delta Dac: 0.000103
Checking detector protection. dv=0.00010
Magnet settling time: 1.049 0.500
Magnet settling complete
set_dac. change=True
setting magnet DAC
current  : 3.764383
requested: 3.764485
Delta Dac: 0.000103
Checking detector protection. dv=0.00010
Magnet settling time: 1.049 0.500
Magnet settling complete
set_dac. change=True
setting magnet DAC
current  : 3.764485
requested: 3.764588
Delta Dac: 0.000103
Checking detector protection. dv=0.00010
Magnet settling time: 1.049 0.500
Magnet settling complete
set_dac. change=True
setting magnet DAC
current  : 3.764588
requested: 3.764690
Delta Dac: 0.000103
Checking detector protection. dv=0.00010
Magnet settling time: 1.049 0.500
Magnet settling complete
set_dac. change=True
setting magnet DAC
current  : 3.764690
requested: 3.764793
Delta Dac: 0.000103
Checking detector protection. dv=0.00010
Magnet settling time: 1.049 0.500
Magnet settling complete
set_dac. change=True
setting magnet DAC
current  : 3.764793
requested: 3.764895
Delta Dac: 0.000103
Checking detector protection. dv=0.00010
Magnet settling time: 1.049 0.500
Magnet settling complete
set_dac. change=True
setting magnet DAC
current  : 3.764895
requested: 3.764998
Delta Dac: 0.000103
Checking detector protection. dv=0.00010
Magnet settling time: 1.049 0.500
Magnet settling complete
set_dac. change=True
setting magnet DAC
current  : 3.764998
requested: 3.765101
Delta Dac: 0.000103
Checking detector protection. dv=0.00010
Magnet settling time: 1.049 0.500
Magnet settling complete
set_dac. change=True
setting magnet DAC
current  : 3.765101
requested: 3.765203
Delta Dac: 0.000103
Checking detector protection. dv=0.00010
Magnet settling time: 1.049 0.500
Magnet settling complete
set_dac. change=True
setting magnet DAC
current  : 3.765203
requested: 3.765306
Delta Dac: 0.000103
Checking detector protection. dv=0.00010
Magnet settling time: 1.049 0.500
Magnet settling complete
set_dac. change=True
setting magnet DAC
current  : 3.765306
requested: 3.765408
Delta Dac: 0.000103
Checking detector protection. dv=0.00010
Magnet settling time: 1.049 0.500
Magnet settling complete
set_dac. change=True
setting magnet DAC
current  : 3.765408
requested: 3.765511
Delta Dac: 0.000103
Checking detector protection. dv=0.00010
Magnet settling time: 1.049 0.500
Magnet settling complete
set_dac. change=True
setting magnet DAC
current  : 3.765511
requested: 3.765613
Delta Dac: 0.000103
Checking detector protection. dv=0.00010
Magnet settling time: 1.049 0.500
Magnet settling complete
set_dac. change=True
setting magnet DAC
current  : 3.765613
requested: 3.765716
Delta Dac: 0.000103
Checking detector protection. dv=0.00010
Magnet settling time: 1.049 0.500
Magnet settling complete
set_dac. change=True
setting magnet DAC
current  : 3.765716
requested: 3.765818
Delta Dac: 0.000103
Checking detector protection. dv=0.00010
Magnet settling time: 1.049 0.500
Magnet settling complete
set_dac. change=True
setting magnet DAC
current  : 3.765818
requested: 3.765921
Delta Dac: 0.000103
Checking detector protection. dv=0.00010
Magnet settling time: 1.049 0.500
Magnet settling complete
set_dac. change=True
setting magnet DAC
current  : 3.765921
requested: 3.766024
Delta Dac: 0.000103
Checking detector protection. dv=0.00010
Magnet settling time: 1.049 0.500
Magnet settling complete
set_dac. change=True
setting magnet DAC
current  : 3.766024
requested: 3.766126
Delta Dac: 0.000103
Checking detector protection. dv=0.00010
Magnet settling time: 1.049 0.500
Magnet settling complete
set_dac. change=True
setting magnet DAC
current  : 3.766126
requested: 3.766229
Delta Dac: 0.000103
Checking detector protection. dv=0.00010
Magnet settling time: 1.049 0.500
Magnet settling complete
set_dac. change=True
setting magnet DAC
current  : 3.766229
requested: 3.766331
Delta Dac: 0.000103
Checking detector protection. dv=0.00010
Magnet settling time: 1.049 0.500
Magnet settling complete
set_dac. change=True
setting magnet DAC
current  : 3.766331
requested: 3.766434
Delta Dac: 0.000103
Checking detector protection. dv=0.00010
Magnet settling time: 1.049 0.500
Magnet settling complete
set_dac. change=True
setting magnet DAC
current  : 3.766434
requested: 3.766536
Delta Dac: 0.000103
Checking detector protection. dv=0.00010
Magnet settling time: 1.049 0.500
Magnet settling complete
set_dac. change=True
setting magnet DAC
current  : 3.766536
requested: 3.766639
Delta Dac: 0.000103
Checking detector protection. dv=0.00010
Magnet settling time: 1.049 0.500
Magnet settling complete
set_dac. change=True
setting magnet DAC
current  : 3.766639
requested: 3.766742
Delta Dac: 0.000103
Checking detector protection. dv=0.00010
Magnet settling time: 1.049 0.500
Magnet settling complete
set_dac. change=True
setting magnet DAC
current  : 3.766742
requested: 3.766844
Delta Dac: 0.000103
Checking detector protection. dv=0.00010
Magnet settling time: 1.049 0.500
Magnet settling complete
set_dac. change=True
setting magnet DAC
current  : 3.766844
requested: 3.766947
Delta Dac: 0.000103
Checking detector protection. dv=0.00010
Magnet settling time: 1.049 0.500
Magnet settling complete
set_dac. change=True
setting magnet DAC
current  : 3.766947
requested: 3.767049
Delta Dac: 0.000103
Checking detector protection. dv=0.00010
Magnet settling time: 1.049 0.500
Magnet settling complete
set_dac. change=True
setting magnet DAC
current  : 3.767049
requested: 3.767152
Delta Dac: 0.000103
Checking detector protection. dv=0.00010
Magnet settling time: 1.049 0.500
Magnet settling complete
set_dac. change=True
setting magnet DAC
current  : 3.767152
requested: 3.767254
Delta Dac: 0.000103
Checking detector protection. dv=0.00010
Magnet settling time: 1.049 0.500
Magnet settling complete
set_dac. change=True
setting magnet DAC
current  : 3.767254
requested: 3.767357
Delta Dac: 0.000103
Checking detector protection. dv=0.00010
Magnet settling time: 1.049 0.500
Magnet settling complete
set_dac. change=True
setting magnet DAC
current  : 3.767357
requested: 3.767459
Delta Dac: 0.000103
Checking detector protection. dv=0.00010
Magnet settling time: 1.049 0.500
Magnet settling complete
set_dac. change=True
setting magnet DAC
current  : 3.767459
requested: 3.767562
Delta Dac: 0.000103
Checking detector protection. dv=0.00010
Magnet settling time: 1.049 0.500
Magnet settling complete
set_dac. change=True
setting magnet DAC
current  : 3.767562
requested: 3.767665
Delta Dac: 0.000103
Checking detector protection. dv=0.00010
Magnet settling time: 1.049 0.500
Magnet settling complete
set_dac. change=True
setting magnet DAC
current  : 3.767665
requested: 3.767767
Delta Dac: 0.000103
Checking detector protection. dv=0.00010
Magnet settling time: 1.049 0.500
Magnet settling complete
set_dac. change=True
setting magnet DAC
current  : 3.767767
requested: 3.767870
Delta Dac: 0.000103
Checking detector protection. dv=0.00010
Magnet settling time: 1.049 0.500
Magnet settling complete
set_dac. change=True
setting magnet DAC
current  : 3.767870
requested: 3.767972
Delta Dac: 0.000103
Checking detector protection. dv=0.00010
Magnet settling time: 1.049 0.500
Magnet settling complete
set_dac. change=True
setting magnet DAC
current  : 3.767972
requested: 3.768075
Delta Dac: 0.000103
Checking detector protection. dv=0.00010
Magnet settling time: 1.049 0.500
Magnet settling complete
set_dac. change=True
setting magnet DAC
current  : 3.768075
requested: 3.768177
Delta Dac: 0.000103
Checking detector protection. dv=0.00010
Magnet settling time: 1.049 0.500
Magnet settling complete
set_dac. change=True
setting magnet DAC
current  : 3.768177
requested: 3.768280
Delta Dac: 0.000103
Checking detector protection. dv=0.00010
Magnet settling time: 1.049 0.500
Magnet settling complete
set_dac. change=True
result of _do_sweep=True
result of _calculate_peak_center=([3.7651657715430868, 3.7662759919839686, 3.7673862124248503], [9.8221971231055925, 13.207728777418888, 9.7648209342190597], 3.7666286973947902, 13.207728777418888)
Failed to find a valid peak. No peak greater than 1.0. max = 0.898481349868
Failed to find a valid peak. No peak greater than 1.0. max = 0.0263674059456
new center pos Detector(H2) (Ar40) @ 3.76627599198
GetHighVoltage ===>> 9900
dac uncorrected for HV and deflection 3.76627599198
setting integration time = 1.048576
SetIntegrationTime 1.048576 ===>> OK
Failed to find a valid peak. No peak greater than 1.0. max = 0.898481349868
Failed to find a valid peak. No peak greater than 1.0. max = 0.0263674059456
flush and close file /Users/obama/PychronDev/data/isotopes/da/f1bfec-8a82-4ed7-952c-5a3d2d0f71e9.h5
finished measure script
executed snippet estimated_duration=590.4304, duration=644.103547096
felix_analysis400_120_no_save_center.py completed successfully
Measurement Finished
14:20:42 -- ******* Measurement Finished *******
Post Measurement Started felix_pump_ms.py
14:20:42 -- ******* Post Measurement Started felix_pump_ms.py *******
testing...
no interpolation path defined
executed snippet estimated_duration=0, duration=3.09944152832e-05
Pumping spectrometer
open () {'name': 'V'}
open name=V desc=---
checking ownership. requestor=129.138.12.137
check software interlocks V
interlocks []
actuate state mode=None-script, software_lock=False
doing actuation None-script open_channel True
sweep finished
Open V ===>> OK
GetIndicatorState V ===>> OK
change switch state (True, True)
update switch state V True args=() kw={} ncanvase=3
14:20:42 -- OPEN   VALVE-V (Felix Ion Pump)
-------------------------- open V () result=[(True, True)]
action=open, ok=True, locked=[False]
executed snippet estimated_duration=0, duration=0.359245061874
felix_pump_ms.py completed successfully
setting _ms_pumptime
Post Measurement Finished
14:20:42 -- ******* Post Measurement Finished *******
$$$$$$$$$$$$$$$$$$$$ state at run end measurement
state changed from measurement to success
post measurement save measured=True aborted=False
Set filtering
setting fod for Ar40= {'filter_outliers': True, 'std_devs': 2, 'iterations': 2}
setting fod for H2= {'filter_outliers': True, 'std_devs': 2, 'iterations': 1}
setting fod for Ar36= {'filter_outliers': True, 'std_devs': 2, 'iterations': 2}
setting fod for L2(CDD)= {'filter_outliers': True, 'std_devs': 2, 'iterations': 1}
setting fod for Ar37= {'filter_outliers': True, 'std_devs': 2, 'iterations': 2}
setting fod for L1= {'filter_outliers': True, 'std_devs': 2, 'iterations': 1}
setting fod for Ar38= {'filter_outliers': True, 'std_devs': 2, 'iterations': 2}
setting fod for AX= {'filter_outliers': True, 'std_devs': 2, 'iterations': 1}
setting fod for Ar39= {'filter_outliers': True, 'std_devs': 2, 'iterations': 2}
setting fod for H1= {'filter_outliers': True, 'std_devs': 2, 'iterations': 1}
not connected to db mysql://felixexp@129.138.12.160/labspy
Enviromentals: {'lab_humiditys': [{'device': 'EnvironmentalMonitor',
                    'name': 'Lab Hum.',
                    'pub_date': '2017-08-30T14:04:31',
                    'title': 'iServer Hum.',
                    'value': 48.0}],
 'lab_pneumatics': [{'device': 'AirPressure',
                     'name': 'Pressure',
                     'pub_date': '2017-08-30T14:19:09',
                     'title': None,
                     'value': 105.6},
                    {'device': 'AirPressure2',
                     'name': 'Pressure2',
                     'pub_date': '2017-08-30T14:19:13',
                     'title': None,
                     'value': 107.88076}],
 'lab_temperatures': [{'device': 'EnvironmentalMonitor',
                       'name': 'Lab Temp.',
                       'pub_date': '2017-08-30T13:41:06',
                       'title': 'iServer Temp.',
                       'value': 73.5},
                      {'device': 'Chiller',
                       'name': 'Coolant Temp.',
                       'pub_date': '2017-08-30T14:19:42',
                       'title': None,
                       'value': 18.0}]}
persistence save...
persistence save - db
post measurement save
4915237808 connecting to database sqlite://@/
connected to db sqlite://@/
create new session 4915237808
close session 4915237808
No database instance. Not saving post measurement to isotopedb database
$$$$$$$$$$$$$$$ auto_save_detector_ic=False
massspec enabled True
create new session 4823356432
MassSpec Database Version: 16.0
close session 4823356432
saving post measurement to secondary database
saving to massspec database 129.138.12.160/massspecdata
setting labnumber to 65807
setting aliquot to 1
setting step to X
setting uuid to daf1bfec-8a82-4ed7-952c-5a3d2d0f71e9
setting irradpos to 65807
setting extract_device to NMGRL Furnace
setting tray to 
setting position to 6
setting power_requested to 1120.0
setting extract_value to 1120.0
setting duration to 300.0
setting duration_at_request to 300.0
setting first_stage_delay to 300.0
setting cleanup to 30.0
setting comment to D:6 & D8 Muscovite, 5.90 mg
setting irradiation to NM-291
setting level to D
setting irradiation_level to D
setting sample to 1278
setting material to Muscovite
setting project to IR1013
setting mass_spectrometer to Felix
no attribute chron_dosages
no attribute production_ratios
no attribute interference_corrections
no attribute production_name
no attribute j
Reference Isotope=Ar40
Reference Detector=H2
%%%%%%%%%%%%%%%%%%%% Comment: D:6 & D8 Muscovite, 5.90 mg %%%%%%%%%%%%%%%%%%%
adding isotope Ar40 H2
add baseline dbdet= Ar40. original det= H2
get baseline data Ar40 H2
Get data baseline <pychron.processing.isotope.Baseline object at 0x123d9ffd0> len t=120
baseline Ar40. v=-0.0163561351442, e=0.00956912382691
get signal data Ar40 H2
Get data signal Ar40 11.059+/-0.023 len t=400
adding isotope Ar39 H1
add baseline dbdet= Ar39. original det= H1
get baseline data Ar39 H1
Get data baseline <pychron.processing.isotope.Baseline object at 0x123ddd1d0> len t=120
baseline Ar39. v=-0.0287111574835, e=0.0100016852493
get signal data Ar39 H1
Get data signal Ar39 0.669+/-0.024 len t=400
adding isotope Ar38 AX
add baseline dbdet= Ar38. original det= AX
get baseline data Ar38 AX
Get data baseline <pychron.processing.isotope.Baseline object at 0x123ddd390> len t=120
baseline Ar38. v=-0.0995656897846, e=0.0113166336062
get signal data Ar38 AX
Get data signal Ar38 0.008+/-0.011 len t=400
adding isotope Ar37 L1
add baseline dbdet= Ar37. original det= L1
get baseline data Ar37 L1
Get data baseline <pychron.processing.isotope.Baseline object at 0x123ddd550> len t=120
baseline Ar37. v=-0.652173422724, e=0.0104908589518
get signal data Ar37 L1
Get data signal Ar37 0.072+/-0.011 len t=400
adding isotope Ar36 L2(CDD)
add baseline dbdet= Ar36. original det= L2(CDD)
get baseline data Ar36 L2(CDD)
Get data baseline <pychron.processing.isotope.Baseline object at 0x123ddd710> len t=120
baseline Ar36. v=0.0, e=0.0
get signal data Ar36 L2(CDD)
Get data signal Ar36 0.01552+/-0.00028 len t=400
65807-01X added analysis time 0.600992918015s
analysis added to mass spec database
mass spec save time= 0.615
persistence save - dvc
================= post measurement started
create new session 4711712432
close session 4711712432
---------------- Experiment Queue saving disabled
DVC saving peakcenter
Failed to find a valid peak. No peak greater than 1.0. max = 0.898481349868
Failed to find a valid peak. No peak greater than 1.0. max = 0.0263674059456
Smart pull ahead: 0 behind: 0
Up-to-date with origin
add to repo msg=modified - 44c6f8761147de90179e8a3952e48831c78a9a46.json
add to repo msg=modified - 07-01X.json
add to repo msg=modified - 07-01X.dat.json
add to repo msg=modified - 07-01X.blan.json
add to repo msg=modified - 07-01X.inte.json
add to repo msg=modified - 07-01X.icfa.json
add to repo msg=modified - 07-01X.base.json
not at valid file /Users/obama/PychronDev/data/.dvc/repositories/IR1013/658/tags/07-01X.tags.json
add to repo msg=modified - 07-01X.peak.json
add to repo msg=modified - 07-01X.extr.json
not at valid file /Users/obama/PychronDev/data/.dvc/repositories/IR1013/658/monitor/07-01X.moni.json
commit message=<COLLECTION>
add to repo msg=modified - 07-01X.inte.json
add to repo msg=modified - 07-01X.base.json
commit message=<ISOEVO> default collection fits
add to repo msg=modified - 07-01X.blan.json
commit message=<BLANKS> preceding 
add to repo msg=modified - 07-01X.icfa.json
commit message=<ICFactor> default
push repository <pychron.git_archive.repo_manager.GitRepoManager object at 0x12bb92050>
pushing to remote=origin, url=https://github.com
no changes to meta repo
create new session 4711712432
add association IR1013
get identifier "65807"
setting analysis irradiation position=<pychron.dvc.dvc_orm.IrradiationPositionTbl object at 0x10a352b90>
close session 4711712432
================= post measurement finished
14:20:57 -- ******* Post Run Check *******
loading queue conditionals post_run_actions
queue conditionals path /Users/obama/PychronDev/queue_conditionals/normal.yaml
loading conditionals from /Users/obama/PychronDev/queue_conditionals/normal.yaml
loading system conditionals post_run_actions
loading conditionals from /Users/obama/PychronDev/setupfiles/spectrometer/default_conditionals.yaml
loading queue conditionals post_run_terminations
queue conditionals path /Users/obama/PychronDev/queue_conditionals/normal.yaml
loading conditionals from /Users/obama/PychronDev/queue_conditionals/normal.yaml
loading system conditionals post_run_terminations
loading conditionals from /Users/obama/PychronDev/setupfiles/spectrometer/default_conditionals.yaml
Checking default post run terminations n=1
GetDeflection L2 (CDD) ===>> 0
testing L2_CDD_==3250
evaluate ot="L2(CDD).deflection==3250" t="L2_CDD_==3250", ctx="{'L2_CDD_': 0.0}"
14:20:57 -- ******* Post Run Check Passed *******
14:20:57 -- Automated run 65807-01X success duration: 1102.742 s
----------------- finish -----------------
----------------- stop -----------------
retroactive repository identifiers disabled
finish run. runs completed=6
update duration runid=65807-01X, duration=1102.74239516, md5=3d7815bf
loading script "felix_analysis400_120_no_save_center.py"
loading script "felix_pump_ms.py"
loading script "felix_furnace.py"
loading script "felix_pump_extraction_line.py"
testing...
no interpolation path defined
executed snippet estimated_duration=559.2304, duration=0.000320911407471
script duration name:analysis400_120_no_save_center seconds:559.0
loading script "felix_analysis400_120_no_save_center.py"
loading script "felix_pump_ms.py"
loading script "felix_furnace.py"
loading script "felix_pump_extraction_line.py"
testing...
no interpolation path defined
executed snippet estimated_duration=0, duration=3.50475311279e-05
loading script "felix_analysis400_120_no_save_center.py"
loading script "felix_pump_ms.py"
loading script "felix_furnace.py"
loading script "felix_pump_extraction_line.py"
testing...
no interpolation path defined
executed snippet estimated_duration=184.0, duration=0.000457048416138
script duration name:furnace seconds:184.0
loading script "felix_analysis400_120_no_save_center.py"
loading script "felix_pump_ms.py"
loading script "felix_furnace.py"
loading script "felix_pump_extraction_line.py"
testing...
no interpolation path defined
calculate duration
testing...
no interpolation path defined
executed snippet estimated_duration=4.0, duration=0.000261068344116
executed snippet estimated_duration=4.0, duration=0.00231313705444
Script duration 743.0
Run total estimated duration= 744.000
analysis400_120_no_save_center in script context. using previous estimated duration
script duration name:analysis400_120_no_save_center seconds:559.0
pump_ms in script context. using previous estimated duration
furnace in script context. using previous estimated duration
script duration name:furnace seconds:184.0
pump_extraction_line in script context. using previous estimated duration
Script duration 743.0
Run total estimated duration= 744.000
loading script "felix_analysis400_120 no center.py"
loading script "felix_pump_ms.py"
loading script "felix_air_x2.py"
loading script "felix_pump_extraction_line.py"
testing...
no interpolation path defined
executed snippet estimated_duration=559.2304, duration=0.000254154205322
script duration name:analysis400_120 no center seconds:559.0
loading script "felix_analysis400_120 no center.py"
loading script "felix_pump_ms.py"
loading script "felix_air_x2.py"
loading script "felix_pump_extraction_line.py"
testing...
no interpolation path defined
calculate duration
testing...
no interpolation path defined
executed snippet estimated_duration=0, duration=8.29696655273e-05
calculate duration
testing...
no interpolation path defined
executed snippet estimated_duration=0, duration=0.000200986862183
calculate duration
testing...
no interpolation path defined
executed snippet estimated_duration=32.0, duration=0.000159025192261
calculate duration
testing...
no interpolation path defined
executed snippet estimated_duration=34.0, duration=0.000164985656738
calculate duration
testing...
no interpolation path defined
executed snippet estimated_duration=2.0, duration=0.000121831893921
calculate duration
testing...
no interpolation path defined
executed snippet estimated_duration=34.0, duration=0.000149011611938
calculate duration
testing...
no interpolation path defined
executed snippet estimated_duration=34.0, duration=0.000161170959473
calculate duration
testing...
no interpolation path defined
executed snippet estimated_duration=34.0, duration=0.000113010406494
executed snippet estimated_duration=174.0, duration=0.0366840362549
script duration name:air_x2 seconds:174.0
Script duration 733.0
Run total estimated duration= 734.000
loading script "felix_analysis400_120_CDD_center.py"
loading script "felix_pump_ms.py"
loading script "felix_air_x2.py"
loading script "felix_pump_extraction_line.py"
testing...
no interpolation path defined
executed snippet estimated_duration=559.2304, duration=0.000253915786743
script duration name:analysis400_120_CDD_center seconds:559.0
air_x2 in script context. using previous estimated duration
script duration name:air_x2 seconds:174.0
Script duration 733.0
Run total estimated duration= 734.000
analysis400_120_CDD_center in script context. using previous estimated duration
script duration name:analysis400_120_CDD_center seconds:559.0
script duration name:air_x2 seconds:174.0
Script duration 733.0
Run total estimated duration= 734.000
analysis400_120 no center in script context. using previous estimated duration
script duration name:analysis400_120 no center seconds:559.0
loading script "felix_analysis400_120 no center.py"
loading script "felix_pump_ms.py"
loading script "felix_cocktail_x3.py"
loading script "felix_pump_extraction_line.py"
testing...
no interpolation path defined
calculate duration
testing...
no interpolation path defined
executed snippet estimated_duration=0, duration=7.29560852051e-05
calculate duration
testing...
no interpolation path defined
executed snippet estimated_duration=0, duration=0.000172138214111
calculate duration
testing...
no interpolation path defined
executed snippet estimated_duration=32.0, duration=0.0001380443573
calculate duration
testing...
no interpolation path defined
executed snippet estimated_duration=34.0, duration=0.000193119049072
calculate duration
testing...
no interpolation path defined
executed snippet estimated_duration=2.0, duration=0.000102043151855
calculate duration
testing...
no interpolation path defined
executed snippet estimated_duration=34.0, duration=0.000105142593384
calculate duration
testing...
no interpolation path defined
executed snippet estimated_duration=34.0, duration=0.000202894210815
calculate duration
testing...
no interpolation path defined
executed snippet estimated_duration=34.0, duration=0.000118970870972
calculate duration
testing...
no interpolation path defined
executed snippet estimated_duration=34.0, duration=0.000162839889526
calculate duration
testing...
no interpolation path defined
executed snippet estimated_duration=34.0, duration=0.000135183334351
executed snippet estimated_duration=244.0, duration=0.0480380058289
script duration name:cocktail_x3 seconds:244.0
Script duration 803.0
Run total estimated duration= 804.000
script duration name:analysis400_120_no_save_center seconds:559.0
cocktail_x3 in script context. using previous estimated duration
script duration name:cocktail_x3 seconds:244.0
Script duration 803.0
Run total estimated duration= 804.000
script duration name:analysis400_120_no_save_center seconds:559.0
script duration name:cocktail_x3 seconds:244.0
Script duration 803.0
Run total estimated duration= 804.000
script duration name:analysis400_120 no center seconds:559.0
script duration name:furnace seconds:184.0
Script duration 743.0
Run total estimated duration= 744.000
nruns=9 before=5.0, run_dur=6846.0, btw=70.0
write rem/ex queues
/Users/obama/PychronDev/experiments/rem/CurrentExperiment.rem.txt
/Users/obama/PychronDev/experiments/rem/CurrentExperiment.ex.txt
doing event level: 3
add run
