do run
loading script "felix_analysis400_120_no_save_center.py"
loading script "felix_pump_ms.py"
loading script "felix_furnace.py"
loading script "felix_pump_extraction_line.py"
testing...
no interpolation path defined
executed snippet estimated_duration=559.2304, duration=0.000243902206421
script duration name:analysis400_120_no_save_center seconds:559.0
loading script "felix_analysis400_120_no_save_center.py"
loading script "felix_pump_ms.py"
loading script "felix_furnace.py"
loading script "felix_pump_extraction_line.py"
testing...
no interpolation path defined
executed snippet estimated_duration=0, duration=2.38418579102e-05
loading script "felix_analysis400_120_no_save_center.py"
loading script "felix_pump_ms.py"
loading script "felix_furnace.py"
loading script "felix_pump_extraction_line.py"
testing...
no interpolation path defined
executed snippet estimated_duration=184.0, duration=0.000356912612915
script duration name:furnace seconds:184.0
loading script "felix_analysis400_120_no_save_center.py"
loading script "felix_pump_ms.py"
loading script "felix_furnace.py"
loading script "felix_pump_extraction_line.py"
testing...
no interpolation path defined
calculate duration
testing...
no interpolation path defined
executed snippet estimated_duration=4.0, duration=0.000196933746338
executed snippet estimated_duration=4.0, duration=0.00135684013367
Script duration 743.0
Run total estimated duration= 744.000
run duration: 0:12:24
doing event level: 2
14:39:42 -- Setting default integration. t=1.048576
setting integration time = 1.048576
SetIntegrationTime 1.048576 ===>> OK
----------------- start -----------------
**************** Experiment Type: Ar/Ar, Ar/Ar
create new session 4740886352
close session 4740886352
$$$$$ Clearing conditionals
adding conditionals 
Add queue conditionals
adding queue conditionals from /Users/obama/PychronDev/queue_conditionals/normal.yaml
add default conditionals
adding default conditionals from /Users/obama/PychronDev/setupfiles/spectrometer/default_conditionals.yaml
Start automated run 65807-01Z
loading script "felix_analysis400_120_no_save_center.py"
loading script "felix_pump_ms.py"
loading script "felix_furnace.py"
loading script "felix_pump_extraction_line.py"
%%%%%%%%%%%%%%%%%% setting automated run 65807-01Z
No value "sensitivity_multiplier" in metadata
$$$$$$$$$$$$$$$ auto_save_detector_ic=False
============================= Pre Extraction Check =============================
loading queue conditionals pre_run_terminations
queue conditionals path /Users/obama/PychronDev/queue_conditionals/normal.yaml
loading conditionals from /Users/obama/PychronDev/queue_conditionals/normal.yaml
loading system conditionals pre_run_terminations
loading conditionals from /Users/obama/PychronDev/setupfiles/spectrometer/default_conditionals.yaml
14:39:42 -- ******* Pre Extraction Check *******
Get a measurement from the spectrometer
Pre Extraction Termination data. keys=L2(CDD),H2,H1,AX,L1,L2, signals=0.00289,-0.08944,-0.03052,0.04613,-0.65174,-0.14383
14:39:42 -- testing system defined conditionals
Checking default pre extraction terminations n=2
testing L2_CDD_
evaluate ot="L2(CDD).inactive" t="L2_CDD_", ctx="{'L2_CDD_': False}"
GetDeflection L2 (CDD) ===>> 0
testing L2_CDD_==3250
evaluate ot="L2(CDD).deflection==3250" t="L2_CDD_==3250", ctx="{'L2_CDD_': 0.0}"
14:39:42 -- ******* Pre Extraction Check Passed *******
=================================================================================
14:39:42 -- stopping status monitor
stop 4712033744
Status monitor stopped
Status monitor finished
14:39:46 -- starting status monitor
start 4712033744
StatusMonitor period=3. Frequencies(state=1, checksum=3, lock=5, owner=5)
start extraction
do extraction
Analysis started at 14:39:51.448287
Extraction Started felix_furnace.py
14:39:51 -- ******* Extraction Started felix_furnace.py *******
state changed from not run to extraction
DO EXTRACTION <pychron.extraction_line.pyscript_runner.RemotePyScriptRunner object at 0x11ddba650>
testing...
no interpolation path defined
executed snippet estimated_duration=546.0, duration=0.000586986541748
start_response_recorder () {}
start response recorder
Felix unknown furnace analysis
close ('F',) {}
close name=F desc=---
checking ownership. requestor=129.138.12.137
check software interlocks F
interlocks []
actuate state mode=None-script, software_lock=True
VALVE-F(CO2 Laser to Bone) software locked
change switch state (True, False)
-------------------------- close F () result=[(True, False)]
action=close, ok=True, locked=[True]
open ('D',) {}
open name=D desc=---
checking ownership. requestor=129.138.12.137
check software interlocks D
interlocks []
actuate state mode=None-script, software_lock=False
doing actuation None-script open_channel False
Open D ===>> OK
GetPercentOutput ===>> 0.0
GetIndicatorState D ===>> OK
change switch state (True, True)
update switch state D True args=() kw={} ncanvase=3
14:39:51 -- OPEN   VALVE-D (Bone to CO2 Laser)
-------------------------- open D () result=[(True, True)]
GetSetpoint ===>> 0.0
GetProcessValue ===>> 206.0
response t=0.000856161117554, out=0, setpoint=0, response=206.0
action=open, ok=True, locked=[False]
close ('J',) {}
close name=J desc=---
checking ownership. requestor=129.138.12.137
check software interlocks J
interlocks []
actuate state mode=None-script, software_lock=False
doing actuation None-script close_channel False
Close J ===>> OK
GetIndicatorState J ===>> False
change switch state (True, True)
update switch state J False args=() kw={} ncanvase=3
14:39:52 -- CLOSE  VALVE-J (Bone to APIS)
-------------------------- close J () result=[(True, True)]
action=close, ok=True, locked=[False]
close ('FC',) {}
close name=FC desc=---
checking ownership. requestor=129.138.12.137
check software interlocks FC
interlocks []
actuate state mode=None-script, software_lock=False
doing actuation None-script close_channel True
Close FC ===>> OK
GetPercentOutput ===>> 0.0
GetSetpoint ===>> 0.0
GetIndicatorState FC ===>> False
change switch state (True, True)
update switch state FC False args=() kw={} ncanvase=3
14:39:53 -- CLOSE  VALVE-FC (Furnace Turbo)
-------------------------- close FC () result=[(True, True)]
GetProcessValue ===>> 205.0
response t=2.00019407272, out=0, setpoint=0, response=205.0
action=close, ok=True, locked=[False]
open ('FH',) {}
open name=FH desc=---
checking ownership. requestor=129.138.12.137
check software interlocks FH
interlocks []
actuate state mode=None-script, software_lock=False
doing actuation None-script open_channel False
Open FH ===>> OK
GetIndicatorState FH ===>> OK
change switch state (True, True)
update switch state FH True args=() kw={} ncanvase=3
14:39:55 -- OPEN   VALVE-FH (Furnace Isolation)
-------------------------- open FH () result=[(True, True)]
action=open, ok=True, locked=[False]
Furnace enabled. Heating sample.
enable () {}
set extraction state NMGRLFurnace Enabled (False, 'red', 1.5)
could not find manager name="NMGRLFurnace" func="enable_device"
set_pid_parameters (1500.0,) {}
setting pid parameters for 1500.0
{"pid": "HO,85;XP,100;TI,15;TD,3", "command": "SetPID"} ===>> OK
BEGIN INTERVAL Interval 1 waiting for 300.0
block started
set extract to 1500.0 (watts)
WaitControl setup for 300.0  
extract () {}
set extraction state NMGRLFurnace ON! 1500.0(watts) (0.75, 'red', 1.5)
extract sample to 1500.0 (watts)
extract
set setpoint to 1500.0
set setpoint=1500.0
setting pid parameters for 1500.0
GetPercentOutput ===>> 0.0
{"pid": "HO,85;XP,100;TI,15;TD,3", "command": "SetPID"} ===>> OK
GetSetpoint ===>> 0.0
{"setpoint": 1500.0, "command": "SetSetpoint"} ===>> OK
sleep (2,) {}
SLEEP 2.0
block started
WaitControl setup for 2.0  
GetProcessValue ===>> 204.0
response t=4.00022101402, out=0, setpoint=0, response=204.0
GetPercentOutput ===>> 85.0
GetSetpoint ===>> 1500.0
GetProcessValue ===>> 204.0
response t=6.00418519974, out=85.0, setpoint=1500.0, response=204.0
Join finished
block finished. duration 2.02279806137
COMPLETE INTERVAL waiting for Interval 1 to complete
GetPercentOutput ===>> 85.0
GetSetpoint ===>> 1500.0
GetProcessValue ===>> 204.0
response t=8.00818514824, out=85.0, setpoint=1500.0, response=204.0
GetPercentOutput ===>> 85.0
GetSetpoint ===>> 1500.0
GetProcessValue ===>> 205.0
response t=10.0075700283, out=85.0, setpoint=1500.0, response=205.0
GetPercentOutput ===>> 85.0
GetSetpoint ===>> 1500.0
GetProcessValue ===>> 211.0
response t=12.0115702152, out=85.0, setpoint=1500.0, response=211.0
GetPercentOutput ===>> 85.0
GetSetpoint ===>> 1500.0
GetProcessValue ===>> 231.0
response t=14.0127780437, out=85.0, setpoint=1500.0, response=231.0
GetPercentOutput ===>> 85.0
GetSetpoint ===>> 1500.0
GetProcessValue ===>> 295.0
response t=16.0125460625, out=85.0, setpoint=1500.0, response=295.0
GetPercentOutput ===>> 85.0
GetSetpoint ===>> 1500.0
GetProcessValue ===>> 450.0
response t=18.0124261379, out=85.0, setpoint=1500.0, response=450.0
GetPercentOutput ===>> 85.0
GetSetpoint ===>> 1500.0
GetProcessValue ===>> 726.0
response t=20.0114681721, out=85.0, setpoint=1500.0, response=726.0
GetPercentOutput ===>> 85.0
GetSetpoint ===>> 1500.0
GetProcessValue ===>> 1070.0
response t=22.0117490292, out=85.0, setpoint=1500.0, response=1070.0
GetPercentOutput ===>> 0.0
GetSetpoint ===>> 1500.0
GetProcessValue ===>> 1285.0
response t=24.0119321346, out=0, setpoint=1500.0, response=1285.0
GetPercentOutput ===>> 85.0
GetSetpoint ===>> 1500.0
GetProcessValue ===>> 1325.0
response t=26.0125641823, out=85.0, setpoint=1500.0, response=1325.0
GetPercentOutput ===>> 85.0
GetSetpoint ===>> 1500.0
GetProcessValue ===>> 1312.0
response t=28.0165650845, out=85.0, setpoint=1500.0, response=1312.0
GetPercentOutput ===>> 57.0
GetSetpoint ===>> 1500.0
GetProcessValue ===>> 1384.0
response t=30.0205910206, out=57.0, setpoint=1500.0, response=1384.0
GetPercentOutput ===>> 63.7
GetSetpoint ===>> 1500.0
GetProcessValue ===>> 1429.0
response t=32.0236492157, out=63.7, setpoint=1500.0, response=1429.0
GetPercentOutput ===>> 85.0
GetSetpoint ===>> 1500.0
GetProcessValue ===>> 1425.0
response t=34.0257282257, out=85.0, setpoint=1500.0, response=1425.0
GetPercentOutput ===>> 55.0
GetSetpoint ===>> 1500.0
GetProcessValue ===>> 1457.0
response t=36.0274651051, out=55.0, setpoint=1500.0, response=1457.0
GetPercentOutput ===>> 85.0
GetSetpoint ===>> 1500.0
GetProcessValue ===>> 1457.0
response t=38.0297920704, out=85.0, setpoint=1500.0, response=1457.0
GetPercentOutput ===>> 85.0
GetSetpoint ===>> 1500.0
GetProcessValue ===>> 1353.0
response t=40.0318331718, out=85.0, setpoint=1500.0, response=1353.0
GetPercentOutput ===>> 85.0
GetSetpoint ===>> 1500.0
GetProcessValue ===>> 1304.0
response t=42.0338590145, out=85.0, setpoint=1500.0, response=1304.0
GetPercentOutput ===>> 85.0
GetSetpoint ===>> 1500.0
GetProcessValue ===>> 1332.0
response t=44.0359711647, out=85.0, setpoint=1500.0, response=1332.0
GetPercentOutput ===>> 79.2
GetSetpoint ===>> 1500.0
GetProcessValue ===>> 1384.0
response t=46.0376780033, out=79.2, setpoint=1500.0, response=1384.0
GetPercentOutput ===>> 37.3
GetSetpoint ===>> 1500.0
GetProcessValue ===>> 1436.0
response t=48.0399501324, out=37.3, setpoint=1500.0, response=1436.0
GetPercentOutput ===>> 44.4
GetSetpoint ===>> 1500.0
GetProcessValue ===>> 1467.0
response t=50.0420081615, out=44.4, setpoint=1500.0, response=1467.0
GetPercentOutput ===>> 54.0
GetSetpoint ===>> 1500.0
GetProcessValue ===>> 1481.0
response t=52.0440511703, out=54.0, setpoint=1500.0, response=1481.0
GetPercentOutput ===>> 41.8
GetSetpoint ===>> 1500.0
GetProcessValue ===>> 1495.0
response t=54.0461170673, out=41.8, setpoint=1500.0, response=1495.0
GetPercentOutput ===>> 38.0
GetSetpoint ===>> 1500.0
GetProcessValue ===>> 1506.0
response t=56.0478980541, out=38.0, setpoint=1500.0, response=1506.0
GetPercentOutput ===>> 41.9
GetSetpoint ===>> 1500.0
GetProcessValue ===>> 1510.0
response t=58.0501301289, out=41.9, setpoint=1500.0, response=1510.0
GetPercentOutput ===>> 41.7
GetSetpoint ===>> 1500.0
GetProcessValue ===>> 1512.0
response t=60.0521512032, out=41.7, setpoint=1500.0, response=1512.0
GetPercentOutput ===>> 39.7
GetSetpoint ===>> 1500.0
GetProcessValue ===>> 1514.0
response t=62.0542161465, out=39.7, setpoint=1500.0, response=1514.0
GetPercentOutput ===>> 39.7
GetSetpoint ===>> 1500.0
GetProcessValue ===>> 1514.0
response t=64.0562531948, out=39.7, setpoint=1500.0, response=1514.0
GetPercentOutput ===>> 40.0
GetSetpoint ===>> 1500.0
GetProcessValue ===>> 1513.0
response t=66.0580801964, out=40.0, setpoint=1500.0, response=1513.0
GetPercentOutput ===>> 39.8
GetSetpoint ===>> 1500.0
GetProcessValue ===>> 1512.0
response t=68.0603530407, out=39.8, setpoint=1500.0, response=1512.0
GetPercentOutput ===>> 39.7
GetSetpoint ===>> 1500.0
GetProcessValue ===>> 1510.0
response t=70.0623681545, out=39.7, setpoint=1500.0, response=1510.0
GetPercentOutput ===>> 39.0
GetSetpoint ===>> 1500.0
GetProcessValue ===>> 1509.0
response t=72.0638070107, out=39.0, setpoint=1500.0, response=1509.0
GetPercentOutput ===>> 40.1
GetSetpoint ===>> 1500.0
GetProcessValue ===>> 1508.0
response t=74.0630261898, out=40.1, setpoint=1500.0, response=1508.0
GetPercentOutput ===>> 39.9
GetSetpoint ===>> 1500.0
GetProcessValue ===>> 1507.0
response t=76.0627851486, out=39.9, setpoint=1500.0, response=1507.0
GetPercentOutput ===>> 39.8
GetSetpoint ===>> 1500.0
GetProcessValue ===>> 1506.0
response t=78.0667731762, out=39.8, setpoint=1500.0, response=1506.0
GetPercentOutput ===>> 40.4
GetSetpoint ===>> 1500.0
GetProcessValue ===>> 1505.0
response t=80.0662691593, out=40.4, setpoint=1500.0, response=1505.0
GetPercentOutput ===>> 40.2
GetSetpoint ===>> 1500.0
GetProcessValue ===>> 1504.0
response t=82.06777215, out=40.2, setpoint=1500.0, response=1504.0
GetPercentOutput ===>> 40.0
GetSetpoint ===>> 1500.0
GetProcessValue ===>> 1503.0
response t=84.0717830658, out=40.0, setpoint=1500.0, response=1503.0
GetPercentOutput ===>> 40.4
GetSetpoint ===>> 1500.0
GetProcessValue ===>> 1503.0
response t=86.0757510662, out=40.4, setpoint=1500.0, response=1503.0
GetPercentOutput ===>> 40.6
GetSetpoint ===>> 1500.0
GetProcessValue ===>> 1502.0
response t=88.075368166, out=40.6, setpoint=1500.0, response=1502.0
GetPercentOutput ===>> 40.1
GetSetpoint ===>> 1500.0
GetProcessValue ===>> 1502.0
response t=90.0793499947, out=40.1, setpoint=1500.0, response=1502.0
GetPercentOutput ===>> 40.1
GetSetpoint ===>> 1500.0
GetProcessValue ===>> 1501.0
response t=92.0800390244, out=40.1, setpoint=1500.0, response=1501.0
GetPercentOutput ===>> 40.3
GetSetpoint ===>> 1500.0
GetProcessValue ===>> 1501.0
response t=94.0830361843, out=40.3, setpoint=1500.0, response=1501.0
GetPercentOutput ===>> 40.6
GetSetpoint ===>> 1500.0
GetProcessValue ===>> 1501.0
response t=96.0870361328, out=40.6, setpoint=1500.0, response=1501.0
GetPercentOutput ===>> 40.2
GetSetpoint ===>> 1500.0
GetProcessValue ===>> 1501.0
response t=98.089163065, out=40.2, setpoint=1500.0, response=1501.0
GetPercentOutput ===>> 40.5
GetSetpoint ===>> 1500.0
GetProcessValue ===>> 1501.0
response t=100.091608047, out=40.5, setpoint=1500.0, response=1501.0
GetPercentOutput ===>> 40.3
GetSetpoint ===>> 1500.0
GetProcessValue ===>> 1500.0
response t=102.094898224, out=40.3, setpoint=1500.0, response=1500.0
GetPercentOutput ===>> 40.8
GetSetpoint ===>> 1500.0
GetProcessValue ===>> 1500.0
response t=104.095010996, out=40.8, setpoint=1500.0, response=1500.0
GetPercentOutput ===>> 40.2
GetSetpoint ===>> 1500.0
GetProcessValue ===>> 1500.0
response t=106.098969221, out=40.2, setpoint=1500.0, response=1500.0
GetPercentOutput ===>> 40.0
GetSetpoint ===>> 1500.0
GetProcessValue ===>> 1500.0
response t=108.101020098, out=40.0, setpoint=1500.0, response=1500.0
GetPercentOutput ===>> 40.8
GetSetpoint ===>> 1500.0
GetProcessValue ===>> 1500.0
response t=110.103069067, out=40.8, setpoint=1500.0, response=1500.0
GetPercentOutput ===>> 40.2
GetSetpoint ===>> 1500.0
GetProcessValue ===>> 1500.0
response t=112.105103016, out=40.2, setpoint=1500.0, response=1500.0
GetPercentOutput ===>> 40.2
GetSetpoint ===>> 1500.0
GetProcessValue ===>> 1500.0
response t=114.10454917, out=40.2, setpoint=1500.0, response=1500.0
GetPercentOutput ===>> 40.8
GetSetpoint ===>> 1500.0
GetProcessValue ===>> 1500.0
response t=116.108549118, out=40.8, setpoint=1500.0, response=1500.0
GetPercentOutput ===>> 40.1
GetSetpoint ===>> 1500.0
GetProcessValue ===>> 1500.0
response t=118.111189127, out=40.1, setpoint=1500.0, response=1500.0
GetPercentOutput ===>> 40.3
GetSetpoint ===>> 1500.0
GetProcessValue ===>> 1500.0
response t=120.113288164, out=40.3, setpoint=1500.0, response=1500.0
GetPercentOutput ===>> 40.4
GetSetpoint ===>> 1500.0
GetProcessValue ===>> 1500.0
response t=122.115291119, out=40.4, setpoint=1500.0, response=1500.0
GetPercentOutput ===>> 40.7
GetSetpoint ===>> 1500.0
GetProcessValue ===>> 1500.0
response t=124.117285013, out=40.7, setpoint=1500.0, response=1500.0
GetPercentOutput ===>> 40.2
GetSetpoint ===>> 1500.0
GetProcessValue ===>> 1500.0
response t=126.119356155, out=40.2, setpoint=1500.0, response=1500.0
GetPercentOutput ===>> 40.1
GetSetpoint ===>> 1500.0
GetProcessValue ===>> 1500.0
response t=128.121361017, out=40.1, setpoint=1500.0, response=1500.0
GetPercentOutput ===>> 40.6
GetSetpoint ===>> 1500.0
GetProcessValue ===>> 1500.0
response t=130.12343502, out=40.6, setpoint=1500.0, response=1500.0
GetPercentOutput ===>> 40.4
GetSetpoint ===>> 1500.0
GetProcessValue ===>> 1500.0
response t=132.1236341, out=40.4, setpoint=1500.0, response=1500.0
GetPercentOutput ===>> 40.3
GetSetpoint ===>> 1500.0
GetProcessValue ===>> 1500.0
response t=134.123690128, out=40.3, setpoint=1500.0, response=1500.0
GetPercentOutput ===>> 40.1
GetSetpoint ===>> 1500.0
GetProcessValue ===>> 1500.0
response t=136.123665094, out=40.1, setpoint=1500.0, response=1500.0
GetPercentOutput ===>> 40.2
GetSetpoint ===>> 1500.0
GetProcessValue ===>> 1500.0
response t=138.123637199, out=40.2, setpoint=1500.0, response=1500.0
GetPercentOutput ===>> 40.3
GetSetpoint ===>> 1500.0
GetProcessValue ===>> 1500.0
response t=140.125472069, out=40.3, setpoint=1500.0, response=1500.0
GetPercentOutput ===>> 40.1
GetSetpoint ===>> 1500.0
GetProcessValue ===>> 1500.0
response t=142.125449181, out=40.1, setpoint=1500.0, response=1500.0
GetPercentOutput ===>> 40.4
GetSetpoint ===>> 1500.0
GetProcessValue ===>> 1500.0
response t=144.12573719, out=40.4, setpoint=1500.0, response=1500.0
GetPercentOutput ===>> 40.2
GetSetpoint ===>> 1500.0
GetProcessValue ===>> 1500.0
response t=146.125044107, out=40.2, setpoint=1500.0, response=1500.0
GetPercentOutput ===>> 40.0
GetSetpoint ===>> 1500.0
GetProcessValue ===>> 1500.0
response t=148.125106096, out=40.0, setpoint=1500.0, response=1500.0
GetPercentOutput ===>> 40.4
GetSetpoint ===>> 1500.0
GetProcessValue ===>> 1500.0
response t=150.125614166, out=40.4, setpoint=1500.0, response=1500.0
GetPercentOutput ===>> 40.0
GetSetpoint ===>> 1500.0
GetProcessValue ===>> 1500.0
response t=152.125683069, out=40.0, setpoint=1500.0, response=1500.0
GetPercentOutput ===>> 40.2
GetSetpoint ===>> 1500.0
GetProcessValue ===>> 1500.0
response t=154.125967026, out=40.2, setpoint=1500.0, response=1500.0
GetPercentOutput ===>> 40.5
GetSetpoint ===>> 1500.0
GetProcessValue ===>> 1500.0
response t=156.125377178, out=40.5, setpoint=1500.0, response=1500.0
GetPercentOutput ===>> 40.2
GetSetpoint ===>> 1500.0
GetProcessValue ===>> 1500.0
response t=158.126769066, out=40.2, setpoint=1500.0, response=1500.0
GetPercentOutput ===>> 40.3
GetSetpoint ===>> 1500.0
GetProcessValue ===>> 1500.0
response t=160.126145124, out=40.3, setpoint=1500.0, response=1500.0
GetPercentOutput ===>> 40.3
GetSetpoint ===>> 1500.0
GetProcessValue ===>> 1500.0
response t=162.126104116, out=40.3, setpoint=1500.0, response=1500.0
GetPercentOutput ===>> 40.1
GetSetpoint ===>> 1500.0
GetProcessValue ===>> 1500.0
response t=164.125962019, out=40.1, setpoint=1500.0, response=1500.0
GetPercentOutput ===>> 40.6
GetSetpoint ===>> 1500.0
GetProcessValue ===>> 1500.0
response t=166.125825167, out=40.6, setpoint=1500.0, response=1500.0
GetPercentOutput ===>> 40.2
GetSetpoint ===>> 1500.0
GetProcessValue ===>> 1500.0
response t=168.126070023, out=40.2, setpoint=1500.0, response=1500.0
GetPercentOutput ===>> 40.1
GetSetpoint ===>> 1500.0
GetProcessValue ===>> 1500.0
response t=170.125786066, out=40.1, setpoint=1500.0, response=1500.0
GetPercentOutput ===>> 40.2
GetSetpoint ===>> 1500.0
GetProcessValue ===>> 1500.0
response t=172.125883102, out=40.2, setpoint=1500.0, response=1500.0
GetPercentOutput ===>> 40.3
GetSetpoint ===>> 1500.0
GetProcessValue ===>> 1500.0
response t=174.12610817, out=40.3, setpoint=1500.0, response=1500.0
GetPercentOutput ===>> 40.1
GetSetpoint ===>> 1500.0
GetProcessValue ===>> 1500.0
response t=176.12638402, out=40.1, setpoint=1500.0, response=1500.0
GetPercentOutput ===>> 39.9
GetSetpoint ===>> 1500.0
GetProcessValue ===>> 1500.0
response t=178.126405001, out=39.9, setpoint=1500.0, response=1500.0
GetPercentOutput ===>> 40.1
GetSetpoint ===>> 1500.0
GetProcessValue ===>> 1500.0
response t=180.126019001, out=40.1, setpoint=1500.0, response=1500.0
GetPercentOutput ===>> 40.0
GetSetpoint ===>> 1500.0
GetProcessValue ===>> 1500.0
response t=182.126254082, out=40.0, setpoint=1500.0, response=1500.0
GetPercentOutput ===>> 40.1
GetSetpoint ===>> 1500.0
GetProcessValue ===>> 1500.0
response t=184.125294209, out=40.1, setpoint=1500.0, response=1500.0
GetPercentOutput ===>> 39.9
GetSetpoint ===>> 1500.0
GetProcessValue ===>> 1500.0
response t=186.126104116, out=39.9, setpoint=1500.0, response=1500.0
GetPercentOutput ===>> 40.0
GetSetpoint ===>> 1500.0
GetProcessValue ===>> 1500.0
response t=188.126609087, out=40.0, setpoint=1500.0, response=1500.0
GetPercentOutput ===>> 40.2
GetSetpoint ===>> 1500.0
GetProcessValue ===>> 1500.0
response t=190.126666069, out=40.2, setpoint=1500.0, response=1500.0
GetPercentOutput ===>> 40.2
GetSetpoint ===>> 1500.0
GetProcessValue ===>> 1500.0
response t=192.126480103, out=40.2, setpoint=1500.0, response=1500.0
GetPercentOutput ===>> 40.3
GetSetpoint ===>> 1500.0
GetProcessValue ===>> 1500.0
response t=194.12672019, out=40.3, setpoint=1500.0, response=1500.0
GetPercentOutput ===>> 40.2
GetSetpoint ===>> 1500.0
GetProcessValue ===>> 1500.0
response t=196.126788139, out=40.2, setpoint=1500.0, response=1500.0
GetPercentOutput ===>> 40.1
GetSetpoint ===>> 1500.0
GetProcessValue ===>> 1500.0
response t=198.12591815, out=40.1, setpoint=1500.0, response=1500.0
GetPercentOutput ===>> 40.2
GetSetpoint ===>> 1500.0
GetProcessValue ===>> 1500.0
response t=200.126357079, out=40.2, setpoint=1500.0, response=1500.0
GetPercentOutput ===>> 40.5
GetSetpoint ===>> 1500.0
GetProcessValue ===>> 1500.0
response t=202.126360178, out=40.5, setpoint=1500.0, response=1500.0
GetPercentOutput ===>> 40.0
GetSetpoint ===>> 1500.0
GetProcessValue ===>> 1500.0
response t=204.126126051, out=40.0, setpoint=1500.0, response=1500.0
GetPercentOutput ===>> 40.2
GetSetpoint ===>> 1500.0
GetProcessValue ===>> 1500.0
response t=206.126164198, out=40.2, setpoint=1500.0, response=1500.0
GetPercentOutput ===>> 40.6
GetSetpoint ===>> 1500.0
GetProcessValue ===>> 1500.0
response t=208.12642312, out=40.6, setpoint=1500.0, response=1500.0
GetPercentOutput ===>> 39.7
GetSetpoint ===>> 1500.0
GetProcessValue ===>> 1500.0
response t=210.126385212, out=39.7, setpoint=1500.0, response=1500.0
GetPercentOutput ===>> 40.1
GetSetpoint ===>> 1500.0
GetProcessValue ===>> 1500.0
response t=212.126367092, out=40.1, setpoint=1500.0, response=1500.0
GetPercentOutput ===>> 40.3
GetSetpoint ===>> 1500.0
GetProcessValue ===>> 1500.0
response t=214.12550211, out=40.3, setpoint=1500.0, response=1500.0
GetPercentOutput ===>> 40.2
GetSetpoint ===>> 1500.0
GetProcessValue ===>> 1500.0
response t=216.125477076, out=40.2, setpoint=1500.0, response=1500.0
GetPercentOutput ===>> 40.3
GetSetpoint ===>> 1500.0
GetProcessValue ===>> 1500.0
response t=218.126877069, out=40.3, setpoint=1500.0, response=1500.0
GetPercentOutput ===>> 39.9
GetSetpoint ===>> 1500.0
GetProcessValue ===>> 1500.0
response t=220.126461029, out=39.9, setpoint=1500.0, response=1500.0
GetPercentOutput ===>> 40.3
GetSetpoint ===>> 1500.0
GetProcessValue ===>> 1500.0
response t=222.126827002, out=40.3, setpoint=1500.0, response=1500.0
GetPercentOutput ===>> 40.2
GetSetpoint ===>> 1500.0
GetProcessValue ===>> 1500.0
response t=224.127690077, out=40.2, setpoint=1500.0, response=1500.0
GetPercentOutput ===>> 39.9
GetSetpoint ===>> 1500.0
GetProcessValue ===>> 1500.0
response t=226.126960039, out=39.9, setpoint=1500.0, response=1500.0
GetPercentOutput ===>> 40.3
GetSetpoint ===>> 1500.0
GetProcessValue ===>> 1500.0
response t=228.125985146, out=40.3, setpoint=1500.0, response=1500.0
GetPercentOutput ===>> 40.2
GetSetpoint ===>> 1500.0
GetProcessValue ===>> 1500.0
response t=230.125062227, out=40.2, setpoint=1500.0, response=1500.0
GetPercentOutput ===>> 39.9
GetSetpoint ===>> 1500.0
GetProcessValue ===>> 1500.0
response t=232.126890182, out=39.9, setpoint=1500.0, response=1500.0
GetPercentOutput ===>> 40.5
GetSetpoint ===>> 1500.0
GetProcessValue ===>> 1500.0
response t=234.126150131, out=40.5, setpoint=1500.0, response=1500.0
GetPercentOutput ===>> 40.3
GetSetpoint ===>> 1500.0
GetProcessValue ===>> 1500.0
response t=236.12609911, out=40.3, setpoint=1500.0, response=1500.0
GetPercentOutput ===>> 40.1
GetSetpoint ===>> 1500.0
GetProcessValue ===>> 1500.0
response t=238.127006054, out=40.1, setpoint=1500.0, response=1500.0
GetPercentOutput ===>> 40.0
GetSetpoint ===>> 1500.0
GetProcessValue ===>> 1500.0
response t=240.12739706, out=40.0, setpoint=1500.0, response=1500.0
GetPercentOutput ===>> 40.4
GetSetpoint ===>> 1500.0
GetProcessValue ===>> 1500.0
response t=242.126467228, out=40.4, setpoint=1500.0, response=1500.0
GetPercentOutput ===>> 40.3
GetSetpoint ===>> 1500.0
GetProcessValue ===>> 1500.0
response t=244.127701998, out=40.3, setpoint=1500.0, response=1500.0
GetPercentOutput ===>> 40.1
GetSetpoint ===>> 1500.0
GetProcessValue ===>> 1500.0
response t=246.127274036, out=40.1, setpoint=1500.0, response=1500.0
GetPercentOutput ===>> 40.3
GetSetpoint ===>> 1500.0
GetProcessValue ===>> 1500.0
response t=248.126710176, out=40.3, setpoint=1500.0, response=1500.0
GetPercentOutput ===>> 40.1
GetSetpoint ===>> 1500.0
GetProcessValue ===>> 1500.0
response t=250.127286196, out=40.1, setpoint=1500.0, response=1500.0
GetPercentOutput ===>> 40.1
GetSetpoint ===>> 1500.0
GetProcessValue ===>> 1500.0
response t=252.127505064, out=40.1, setpoint=1500.0, response=1500.0
GetPercentOutput ===>> 39.8
GetSetpoint ===>> 1500.0
GetProcessValue ===>> 1500.0
response t=254.12728405, out=39.8, setpoint=1500.0, response=1500.0
GetPercentOutput ===>> 40.4
GetSetpoint ===>> 1500.0
GetProcessValue ===>> 1500.0
response t=256.127020121, out=40.4, setpoint=1500.0, response=1500.0
GetPercentOutput ===>> 40.4
GetSetpoint ===>> 1500.0
GetProcessValue ===>> 1500.0
response t=258.128288031, out=40.4, setpoint=1500.0, response=1500.0
GetPercentOutput ===>> 39.8
GetSetpoint ===>> 1500.0
GetProcessValue ===>> 1500.0
response t=260.127864122, out=39.8, setpoint=1500.0, response=1500.0
GetPercentOutput ===>> 40.4
GetSetpoint ===>> 1500.0
GetProcessValue ===>> 1500.0
response t=262.127282143, out=40.4, setpoint=1500.0, response=1500.0
GetPercentOutput ===>> 40.2
GetSetpoint ===>> 1500.0
GetProcessValue ===>> 1500.0
response t=264.127120018, out=40.2, setpoint=1500.0, response=1500.0
GetPercentOutput ===>> 40.0
GetSetpoint ===>> 1500.0
GetProcessValue ===>> 1500.0
response t=266.128722191, out=40.0, setpoint=1500.0, response=1500.0
GetPercentOutput ===>> 40.7
GetSetpoint ===>> 1500.0
GetProcessValue ===>> 1500.0
response t=268.130437136, out=40.7, setpoint=1500.0, response=1500.0
GetPercentOutput ===>> 39.9
GetSetpoint ===>> 1500.0
GetProcessValue ===>> 1500.0
response t=270.132413149, out=39.9, setpoint=1500.0, response=1500.0
GetPercentOutput ===>> 40.0
GetSetpoint ===>> 1500.0
GetProcessValue ===>> 1500.0
response t=272.132988214, out=40.0, setpoint=1500.0, response=1500.0
GetPercentOutput ===>> 40.2
GetSetpoint ===>> 1500.0
GetProcessValue ===>> 1500.0
response t=274.133598089, out=40.2, setpoint=1500.0, response=1500.0
GetPercentOutput ===>> 40.2
GetSetpoint ===>> 1500.0
GetProcessValue ===>> 1500.0
response t=276.137563229, out=40.2, setpoint=1500.0, response=1500.0
GetPercentOutput ===>> 40.1
GetSetpoint ===>> 1500.0
GetProcessValue ===>> 1500.0
response t=278.140586138, out=40.1, setpoint=1500.0, response=1500.0
GetPercentOutput ===>> 40.1
GetSetpoint ===>> 1500.0
GetProcessValue ===>> 1500.0
response t=280.142598152, out=40.1, setpoint=1500.0, response=1500.0
GetPercentOutput ===>> 40.1
GetSetpoint ===>> 1500.0
GetProcessValue ===>> 1500.0
response t=282.143828154, out=40.1, setpoint=1500.0, response=1500.0
GetPercentOutput ===>> 40.1
GetSetpoint ===>> 1500.0
GetProcessValue ===>> 1500.0
response t=284.143765211, out=40.1, setpoint=1500.0, response=1500.0
GetPercentOutput ===>> 40.0
GetSetpoint ===>> 1500.0
GetProcessValue ===>> 1500.0
response t=286.14709115, out=40.0, setpoint=1500.0, response=1500.0
GetPercentOutput ===>> 40.6
GetSetpoint ===>> 1500.0
GetProcessValue ===>> 1500.0
response t=288.150704145, out=40.6, setpoint=1500.0, response=1500.0
GetPercentOutput ===>> 39.7
GetSetpoint ===>> 1500.0
GetProcessValue ===>> 1500.0
response t=290.152762175, out=39.7, setpoint=1500.0, response=1500.0
GetPercentOutput ===>> 39.9
GetSetpoint ===>> 1500.0
GetProcessValue ===>> 1500.0
response t=292.154109001, out=39.9, setpoint=1500.0, response=1500.0
GetPercentOutput ===>> 40.9
GetSetpoint ===>> 1500.0
GetProcessValue ===>> 1500.0
response t=294.154108047, out=40.9, setpoint=1500.0, response=1500.0
GetPercentOutput ===>> 39.7
GetSetpoint ===>> 1500.0
GetProcessValue ===>> 1500.0
response t=296.157446146, out=39.7, setpoint=1500.0, response=1500.0
GetPercentOutput ===>> 40.1
GetSetpoint ===>> 1500.0
GetProcessValue ===>> 1500.0
response t=298.156945229, out=40.1, setpoint=1500.0, response=1500.0
GetPercentOutput ===>> 40.3
GetSetpoint ===>> 1500.0
GetProcessValue ===>> 1500.0
response t=300.160534143, out=40.3, setpoint=1500.0, response=1500.0
GetPercentOutput ===>> 40.2
GetSetpoint ===>> 1500.0
GetProcessValue ===>> 1500.0
response t=302.1596241, out=40.2, setpoint=1500.0, response=1500.0
GetPercentOutput ===>> 40.1
GetSetpoint ===>> 1500.0
GetProcessValue ===>> 1500.0
response t=304.163619995, out=40.1, setpoint=1500.0, response=1500.0
Join finished
block finished. duration 300.803920031
Interval 1 finished
disable () {}
%%%%%%%%%%%%%%%%%%%%%%%%%%%%%%%%%%% disable
set extraction state False (0.75, 'red', 1.5)
disable
set setpoint=0.0
setting pid parameters for 0.0
{"pid": "HO,10;XP,10;TI,48;TD,8", "command": "SetPID"} ===>> OK
{"setpoint": 0.0, "command": "SetSetpoint"} ===>> OK
Furnace disabled.
sleep (60,) {}
SLEEP 60.0
block started
WaitControl setup for 60.0  
GetPercentOutput ===>> 0.0
GetSetpoint ===>> 0.0
GetProcessValue ===>> 1499.0
response t=306.166431189, out=0, setpoint=0, response=1499.0
GetPercentOutput ===>> 0.0
GetSetpoint ===>> 0.0
GetProcessValue ===>> 1484.0
response t=308.167106152, out=0, setpoint=0, response=1484.0
GetPercentOutput ===>> 0.0
GetSetpoint ===>> 0.0
GetProcessValue ===>> 1452.0
response t=310.170979023, out=0, setpoint=0, response=1452.0
GetPercentOutput ===>> 0.0
GetSetpoint ===>> 0.0
GetProcessValue ===>> 1411.0
response t=312.174925089, out=0, setpoint=0, response=1411.0
GetPercentOutput ===>> 0.0
GetSetpoint ===>> 0.0
GetProcessValue ===>> 1376.0
response t=314.174439192, out=0, setpoint=0, response=1376.0
GetPercentOutput ===>> 0.0
GetSetpoint ===>> 0.0
GetProcessValue ===>> 1346.0
response t=316.178383112, out=0, setpoint=0, response=1346.0
GetPercentOutput ===>> 0.0
GetSetpoint ===>> 0.0
GetProcessValue ===>> 1318.0
response t=318.181282997, out=0, setpoint=0, response=1318.0
GetPercentOutput ===>> 0.0
GetSetpoint ===>> 0.0
GetProcessValue ===>> 1293.0
response t=320.180606127, out=0, setpoint=0, response=1293.0
GetPercentOutput ===>> 0.0
GetSetpoint ===>> 0.0
GetProcessValue ===>> 1269.0
response t=322.181323051, out=0, setpoint=0, response=1269.0
GetPercentOutput ===>> 0.0
GetSetpoint ===>> 0.0
GetProcessValue ===>> 1247.0
response t=324.181699038, out=0, setpoint=0, response=1247.0
GetPercentOutput ===>> 0.0
GetSetpoint ===>> 0.0
GetProcessValue ===>> 1226.0
response t=326.185683012, out=0, setpoint=0, response=1226.0
GetPercentOutput ===>> 0.0
GetSetpoint ===>> 0.0
GetProcessValue ===>> 1205.0
response t=328.18485117, out=0, setpoint=0, response=1205.0
GetPercentOutput ===>> 0.0
GetSetpoint ===>> 0.0
GetProcessValue ===>> 1184.0
response t=330.18406415, out=0, setpoint=0, response=1184.0
GetPercentOutput ===>> 0.0
GetSetpoint ===>> 0.0
GetProcessValue ===>> 1165.0
response t=332.188068151, out=0, setpoint=0, response=1165.0
GetPercentOutput ===>> 0.0
GetSetpoint ===>> 0.0
GetProcessValue ===>> 1145.0
response t=334.192073107, out=0, setpoint=0, response=1145.0
GetPercentOutput ===>> 0.0
GetSetpoint ===>> 0.0
GetProcessValue ===>> 1126.0
response t=336.196083069, out=0, setpoint=0, response=1126.0
GetPercentOutput ===>> 0.0
GetSetpoint ===>> 0.0
GetProcessValue ===>> 1108.0
response t=338.195548058, out=0, setpoint=0, response=1108.0
GetPercentOutput ===>> 0.0
GetSetpoint ===>> 0.0
GetProcessValue ===>> 1092.0
response t=340.199547052, out=0, setpoint=0, response=1092.0
GetPercentOutput ===>> 0.0
GetSetpoint ===>> 0.0
GetProcessValue ===>> 1077.0
response t=342.19968605, out=0, setpoint=0, response=1077.0
GetPercentOutput ===>> 0.0
GetSetpoint ===>> 0.0
GetProcessValue ===>> 1063.0
response t=344.200668097, out=0, setpoint=0, response=1063.0
GetPercentOutput ===>> 0.0
GetSetpoint ===>> 0.0
GetProcessValue ===>> 1048.0
response t=346.204668999, out=0, setpoint=0, response=1048.0
GetPercentOutput ===>> 0.0
GetSetpoint ===>> 0.0
GetProcessValue ===>> 1037.0
response t=348.203857183, out=0, setpoint=0, response=1037.0
GetPercentOutput ===>> 0.0
GetSetpoint ===>> 0.0
GetProcessValue ===>> 1023.0
response t=350.205413103, out=0, setpoint=0, response=1023.0
GetPercentOutput ===>> 0.0
GetSetpoint ===>> 0.0
GetProcessValue ===>> 1011.0
response t=352.209401131, out=0, setpoint=0, response=1011.0
GetPercentOutput ===>> 0.0
GetSetpoint ===>> 0.0
GetProcessValue ===>> 997.0
response t=354.212445021, out=0, setpoint=0, response=997.0
GetPercentOutput ===>> 0.0
GetSetpoint ===>> 0.0
GetProcessValue ===>> 984.0
response t=356.214338064, out=0, setpoint=0, response=984.0
GetPercentOutput ===>> 0.0
GetSetpoint ===>> 0.0
GetProcessValue ===>> 972.0
response t=358.214417219, out=0, setpoint=0, response=972.0
GetPercentOutput ===>> 0.0
GetSetpoint ===>> 0.0
GetProcessValue ===>> 960.0
response t=360.215267181, out=0, setpoint=0, response=960.0
GetPercentOutput ===>> 0.0
GetSetpoint ===>> 0.0
GetProcessValue ===>> 949.0
response t=362.215144157, out=0, setpoint=0, response=949.0
GetPercentOutput ===>> 0.0
GetSetpoint ===>> 0.0
GetProcessValue ===>> 938.0
response t=364.219132185, out=0, setpoint=0, response=938.0
Join finished
block finished. duration 60.1491680145
close ('B',) {}
close name=B desc=---
checking ownership. requestor=129.138.12.137
check software interlocks B
interlocks []
actuate state mode=None-script, software_lock=False
doing actuation None-script close_channel True
Close B ===>> OK
GetIndicatorState B ===>> False
change switch state (True, True)
update switch state B False args=() kw={} ncanvase=3
14:45:57 -- CLOSE  VALVE-B (Bone to Diode Laser)
-------------------------- close B () result=[(True, True)]
action=close, ok=True, locked=[False]
close ('E',) {}
close name=E desc=---
checking ownership. requestor=129.138.12.137
check software interlocks E
interlocks []
actuate state mode=None-script, software_lock=False
doing actuation None-script close_channel False
Close E ===>> OK
GetIndicatorState E ===>> False
change switch state (True, True)
update switch state E False args=() kw={} ncanvase=3
14:45:57 -- CLOSE  VALVE-E (Bone to Minibone)
-------------------------- close E () result=[(True, True)]
GetPercentOutput ===>> 0.0
GetSetpoint ===>> 0.0
GetProcessValue ===>> 928.0
response t=366.220245123, out=0, setpoint=0, response=928.0
action=close, ok=True, locked=[False]
close ('C',) {}
close name=C desc=---
checking ownership. requestor=129.138.12.137
check software interlocks C
interlocks []
actuate state mode=None-script, software_lock=False
doing actuation None-script close_channel True
Close C ===>> OK
GetIndicatorState C ===>> False
change switch state (True, True)
update switch state C False args=() kw={} ncanvase=3
14:45:58 -- CLOSE  VALVE-C (Bone to Turbo)
-------------------------- close C () result=[(True, True)]
action=close, ok=True, locked=[False]
sleep (2,) {}
SLEEP 2.0
block started
WaitControl setup for 2.0  
GetPercentOutput ===>> 0.0
GetSetpoint ===>> 0.0
GetProcessValue ===>> 919.0
response t=368.219594002, out=0, setpoint=0, response=919.0
Join finished
block finished. duration 2.01661014557
open ('J',) {}
open name=J desc=---
checking ownership. requestor=129.138.12.137
check software interlocks J
interlocks []
actuate state mode=None-script, software_lock=False
doing actuation None-script open_channel True
Open J ===>> OK
GetIndicatorState J ===>> OK
change switch state (True, True)
update switch state J True args=() kw={} ncanvase=3
14:46:00 -- OPEN   VALVE-J (Bone to APIS)
-------------------------- open J () result=[(True, True)]
action=open, ok=True, locked=[False]
sleep (30,) {}
SLEEP 30.0
block started
WaitControl setup for 30.0  
GetPercentOutput ===>> 0.0
GetSetpoint ===>> 0.0
GetProcessValue ===>> 910.0
response t=370.220169067, out=0, setpoint=0, response=910.0
GetPercentOutput ===>> 0.0
GetSetpoint ===>> 0.0
GetProcessValue ===>> 900.0
response t=372.222517014, out=0, setpoint=0, response=900.0
GetPercentOutput ===>> 0.0
GetSetpoint ===>> 0.0
GetProcessValue ===>> 891.0
response t=374.225956202, out=0, setpoint=0, response=891.0
GetPercentOutput ===>> 0.0
GetSetpoint ===>> 0.0
GetProcessValue ===>> 882.0
response t=376.225199223, out=0, setpoint=0, response=882.0
GetPercentOutput ===>> 0.0
GetSetpoint ===>> 0.0
GetProcessValue ===>> 874.0
response t=378.225642204, out=0, setpoint=0, response=874.0
GetPercentOutput ===>> 0.0
GetSetpoint ===>> 0.0
GetProcessValue ===>> 866.0
response t=380.227685213, out=0, setpoint=0, response=866.0
GetPercentOutput ===>> 0.0
GetSetpoint ===>> 0.0
GetProcessValue ===>> 858.0
response t=382.229665041, out=0, setpoint=0, response=858.0
GetPercentOutput ===>> 0.0
GetSetpoint ===>> 0.0
GetProcessValue ===>> 849.0
response t=384.229273081, out=0, setpoint=0, response=849.0
GetPercentOutput ===>> 0.0
GetSetpoint ===>> 0.0
GetProcessValue ===>> 841.0
response t=386.233283043, out=0, setpoint=0, response=841.0
GetPercentOutput ===>> 0.0
GetSetpoint ===>> 0.0
GetProcessValue ===>> 833.0
response t=388.235567093, out=0, setpoint=0, response=833.0
GetPercentOutput ===>> 0.0
GetSetpoint ===>> 0.0
GetProcessValue ===>> 824.0
response t=390.238596201, out=0, setpoint=0, response=824.0
GetPercentOutput ===>> 0.0
GetSetpoint ===>> 0.0
GetProcessValue ===>> 817.0
response t=392.239872217, out=0, setpoint=0, response=817.0
GetPercentOutput ===>> 0.0
GetSetpoint ===>> 0.0
GetProcessValue ===>> 809.0
response t=394.239242077, out=0, setpoint=0, response=809.0
GetPercentOutput ===>> 0.0
GetSetpoint ===>> 0.0
GetProcessValue ===>> 801.0
response t=396.239397049, out=0, setpoint=0, response=801.0
GetPercentOutput ===>> 0.0
GetSetpoint ===>> 0.0
GetProcessValue ===>> 795.0
response t=398.239986181, out=0, setpoint=0, response=795.0
Join finished
block finished. duration 30.0918889046
close ('J',) {}
close name=J desc=---
checking ownership. requestor=129.138.12.137
check software interlocks J
interlocks []
actuate state mode=None-script, software_lock=False
doing actuation None-script close_channel True
Close J ===>> OK
GetIndicatorState J ===>> False
change switch state (True, True)
update switch state J False args=() kw={} ncanvase=3
14:46:31 -- CLOSE  VALVE-J (Bone to APIS)
-------------------------- close J () result=[(True, True)]
action=close, ok=True, locked=[False]
open ('FC',) {}
open name=FC desc=---
checking ownership. requestor=129.138.12.137
check software interlocks FC
interlocks []
actuate state mode=None-script, software_lock=False
doing actuation None-script open_channel True
GetPercentOutput ===>> 0.0
GetSetpoint ===>> 0.0
GetProcessValue ===>> 788.0
response t=400.239092112, out=0, setpoint=0, response=788.0
Open FC ===>> OK
GetIndicatorState FC ===>> OK
change switch state (True, True)
update switch state FC True args=() kw={} ncanvase=3
14:46:32 -- OPEN   VALVE-FC (Furnace Turbo)
-------------------------- open FC () result=[(True, True)]
action=open, ok=True, locked=[False]
sleep (30.0,) {}
SLEEP 30.0
block started
WaitControl setup for 30.0  
GetPercentOutput ===>> 0.0
GetSetpoint ===>> 0.0
GetProcessValue ===>> 782.0
response t=402.242185116, out=0, setpoint=0, response=782.0
GetPercentOutput ===>> 0.0
GetSetpoint ===>> 0.0
GetProcessValue ===>> 776.0
response t=404.246164083, out=0, setpoint=0, response=776.0
GetPercentOutput ===>> 0.0
GetSetpoint ===>> 0.0
GetProcessValue ===>> 769.0
response t=406.247817039, out=0, setpoint=0, response=769.0
GetPercentOutput ===>> 0.0
GetSetpoint ===>> 0.0
GetProcessValue ===>> 763.0
response t=408.251273155, out=0, setpoint=0, response=763.0
GetPercentOutput ===>> 0.0
GetSetpoint ===>> 0.0
GetProcessValue ===>> 757.0
response t=410.25121212, out=0, setpoint=0, response=757.0
GetPercentOutput ===>> 0.0
GetSetpoint ===>> 0.0
GetProcessValue ===>> 751.0
response t=412.25455308, out=0, setpoint=0, response=751.0
GetPercentOutput ===>> 0.0
GetSetpoint ===>> 0.0
GetProcessValue ===>> 746.0
response t=414.257963181, out=0, setpoint=0, response=746.0
GetPercentOutput ===>> 0.0
GetSetpoint ===>> 0.0
GetProcessValue ===>> 741.0
response t=416.25843215, out=0, setpoint=0, response=741.0
GetPercentOutput ===>> 0.0
GetSetpoint ===>> 0.0
GetProcessValue ===>> 735.0
response t=418.261488199, out=0, setpoint=0, response=735.0
GetPercentOutput ===>> 0.0
GetSetpoint ===>> 0.0
GetProcessValue ===>> 730.0
response t=420.265513182, out=0, setpoint=0, response=730.0
GetPercentOutput ===>> 0.0
GetSetpoint ===>> 0.0
GetProcessValue ===>> 725.0
response t=422.264759064, out=0, setpoint=0, response=725.0
GetPercentOutput ===>> 0.0
GetSetpoint ===>> 0.0
GetProcessValue ===>> 720.0
response t=424.268378019, out=0, setpoint=0, response=720.0
GetPercentOutput ===>> 0.0
GetSetpoint ===>> 0.0
GetProcessValue ===>> 715.0
response t=426.267613173, out=0, setpoint=0, response=715.0
GetPercentOutput ===>> 0.0
GetSetpoint ===>> 0.0
GetProcessValue ===>> 710.0
response t=428.271602154, out=0, setpoint=0, response=710.0
GetPercentOutput ===>> 0.0
GetSetpoint ===>> 0.0
GetProcessValue ===>> 705.0
response t=430.271021128, out=0, setpoint=0, response=705.0
Join finished
block finished. duration 30.0744981766
stop_response_recorder () {}
stop response recorder
executed snippet estimated_duration=1267.5, duration=431.549786091
felix_furnace.py completed successfully
get achieved output
Requested Output= 0.000
Achieved Output=  0.000
get response blob
get output blob
active pid =HO,10;XP,10;TI,48;TD,8
persistence save...
persistence save - db
AutomatedRunPersister post_extraction_save deprecated
persistence save - dvc
no extraction position for 6
not connected to db mysql://felixexp@129.138.12.160/labspy
Enviromentals: {'lab_humiditys': [{'device': 'EnvironmentalMonitor',
                    'name': 'Lab Hum.',
                    'pub_date': '2017-08-30T14:43:08',
                    'title': 'iServer Hum.',
                    'value': 47.7}],
 'lab_pneumatics': [{'device': 'AirPressure',
                     'name': 'Pressure',
                     'pub_date': '2017-08-30T14:45:11',
                     'title': None,
                     'value': 82.125},
                    {'device': 'AirPressure2',
                     'name': 'Pressure2',
                     'pub_date': '2017-08-30T14:45:15',
                     'title': None,
                     'value': 81.72424}],
 'lab_temperatures': [{'device': 'EnvironmentalMonitor',
                       'name': 'Lab Temp.',
                       'pub_date': '2017-08-30T14:20:47',
                       'title': 'iServer Temp.',
                       'value': 73.9},
                      {'device': 'Chiller',
                       'name': 'Coolant Temp.',
                       'pub_date': '2017-08-30T14:19:42',
                       'title': None,
                       'value': 18.0}]}
Extraction Finished
14:47:06 -- ******* Extraction Finished *******
no overlap. not waiting for min ms pumptime
14:47:06 -- Sending spectrometer configuration
======== Sending configuration ========
SetZFocus 1.65 ===>> OK
SetHV 9900.0 ===>> OK
SetZSymmetry 3.35 ===>> OK
SetExtractionLens 63.57 ===>> OK
SetIonRepeller -5.15 ===>> OK
SetElectronEnergy 125.02 ===>> OK
SetYSymmetry 38.07 ===>> OK
send trap current 250.0
GetParameter Trap Current Readback ===>> 248.942501373375
SetParameter Trap Current Set,250.0 ===>> OK
updating mftable name argon
Using mftable located at /Users/obama/PychronDev/setupfiles/spectrometer/mftables/argon.csv
============ MFtable ===========
Isotope  H2     H1     AX     L1     L2     L2(CDD)
Ar40     3.7663 3.8415 3.9196 4.0010 4.1087 4.0943
Ar39     3.6919 3.7663 3.8427 3.9255 4.0281 4.0133
Ar36     3.4655 3.4180 3.6071 3.6830 3.7916 3.7662
================================
get initial guess parabolic
get initial guess parabolic
get initial guess parabolic
get initial guess parabolic
get initial guess parabolic
get initial guess parabolic
======== Configuration Finished ========
GetYSymmetry ===>> 38.07
GetZSymmetry ===>> 3.35
GetParameter Trap Current Readback ===>> 247.711774400293
GetHighVoltage ===>> 9900
start measurement
do measurement
L#=65807 analysis type=unknown
Measurement Started felix_analysis400_120_no_save_center.py
14:47:06 -- ******* Measurement Started felix_analysis400_120_no_save_center.py *******
state changed from extraction to measurement
setting trap, emission, spec, defl, and gains
GetExtractionLens ===>> 63.57
GetYSymmetry ===>> 38.07
GetZSymmetry ===>> 3.35
GetZFocus ===>> 1.65
GetDeflection H2 (CDD) ===>> 3250
GetDeflection H1 (CDD) ===>> 3250
GetDeflection AX (CDD) ===>> 3250
GetDeflection L1 (CDD) ===>> 3250
GetDeflection L2 (CDD) ===>> 0
GetGain H2 ===>> 0.9809305
GetGain H1 ===>> 0.9706
GetGain AX ===>> 0.96269
GetGain L1 ===>> 0.970094835296087
GetGain L2 ===>> 0.967359864778375
GetGain H2(CDD) ===>> 0
GetGain H1(CDD) ===>> 0
GetGain AX(CDD) ===>> 0
GetGain L1(CDD) ===>> 0
GetGain L2(CDD) ===>> 0
GetParameter Trap Current Readback ===>> 248.047427211133
GetParameter Source Current Readback ===>> 887.197033510346
pre measurement save
New frame /Users/obama/PychronDev/data/isotopes/70/e0ddf5-9bd2-4016-981c-958893cbac45.h5
flush and close file /Users/obama/PychronDev/data/isotopes/70/e0ddf5-9bd2-4016-981c-958893cbac45.h5
testing...
no interpolation path defined
executed snippet estimated_duration=590.4304, duration=0.000211954116821
unknown measurement script
activate_detectors ('H2', 'H1', 'AX', 'L1', 'L2(CDD)') {}
activate detectors
*************** Set Analysis View Ar/Ar
create graphs
clearing graphs
clear isotope group
setting isotope det=H2, iso=Ar40
setting isotope det=H1, iso=Ar39
setting isotope det=AX, iso=Ar38
setting isotope det=L1, iso=Ar37
setting isotope det=L2(CDD), iso=Ar36
setting previous blanks
 - setting Ar40 blank 6.974+/-0.019
 - setting Ar36 blank 0.0246+/-0.0004
 - setting Ar37 blank 0.030+/-0.011
 - setting Ar38 blank -0.012+/-0.013
 - setting Ar39 blank -0.030+/-0.025
load analysis view
position_magnet ('Ar40',) {'detector': 'H2'}
detector Detector(H2)
POSITION Ar40 H2
setting detector H2 to Ar40 (39.9624)
setting detector H1 to Ar39 (38.8624)
setting detector AX to Ar38 (37.9624)
setting detector L1 to Ar37 (36.9624)
setting detector L2 to Ar36 (35.8624)
setting detector H2(CDD) to Ar40 (39.8624)
setting detector H1(CDD) to Ar39 (38.8624)
setting detector AX(CDD) to Ar38 (37.8624)
setting detector L1(CDD) to Ar37 (36.8624)
setting detector L2(CDD) to Ar36 (35.9624)
Mapping mass to dac mass func: "parabolic"
H2 map mass coeffs = [ -2.56720193e-04   9.47812314e-02   3.88574975e-01]
H2 map mass to dac 39.9624 >> 3.76628
GetHighVoltage ===>> 9900
positioning Ar40 (3.76628) on H2
setting magnet DAC
current  : 3.768280
requested: 3.766280
Delta Dac: 0.002000
Checking detector protection. dv=0.00200
SetMagnetDAC 3.76628 ===>> OK
Magnet settling time: 0.500 0.500
Magnet settling complete
set_dac. change=True
equilibrate () {'delay': 3, 'inlet': 'H', 'outlet': 'V', 'eqtime': 30.0}
Equilibration Started
14:47:07 -- ******* Equilibration Started *******
checking ownership. requestor=129.138.12.137
check software interlocks V
interlocks []
actuate state mode=None-script, software_lock=False
doing actuation None-script close_channel True
Close V ===>> OK
GetIndicatorState V ===>> False
change switch state (True, True)
update switch state V False args=() kw={} ncanvase=3
14:47:07 -- CLOSE  VALVE-V (Felix Ion Pump)
waiting 3s before opening inlet value ('H',)
update labels <pychron.experiment.plot_panel.PlotPanel object at 0x11f0daa70>
update labels "<pychron.graph.stacked_regression_graph.StackedRegressionGraph object at 0x12a74aef0>"
setting label 0 H2 Ar40
setting label 1 H1 Ar39
setting label 2 AX Ar38
setting label 3 L1 Ar37
setting label 4 L2(CDD) Ar36
update labels "<pychron.graph.stacked_graph.StackedGraph object at 0x1279d3ad0>"
setting label 0 H2 Ar40
setting label 1 H1 Ar39
setting label 2 AX Ar38
setting label 3 L1 Ar37
setting label 4 L2(CDD) Ar36
checking ownership. requestor=129.138.12.137
check software interlocks H
interlocks []
actuate state mode=None-script, software_lock=False
doing actuation None-script open_channel True
Open H ===>> OK
GetIndicatorState H ===>> OK
change switch state (True, True)
update switch state H True args=() kw={} ncanvase=3
14:47:10 -- OPEN   VALVE-H (Felix Inlet)
equilibrating for 30.0sec
set_time_zero () {}
sniff (30.0,) {}
py_sniff
build tables- sniff [Detector(H2), Detector(H1), Detector(AX), Detector(L1), Detector(L2(CDD))]
add group /sniff/Ar40 (Group) u'' table H2
add group /sniff/Ar39 (Group) u'' table H1
add group /sniff/Ar38 (Group) u'' table AX
add group /sniff/Ar37 (Group) u'' table L1
add group /sniff/Ar36 (Group) u'' table L2(CDD)
flush and close file /Users/obama/PychronDev/data/isotopes/70/e0ddf5-9bd2-4016-981c-958893cbac45.h5
measuring sniff. ncounts=30.0
"sniff" increment series count="1" fit count="0" regressing="False"
starting measurement
14:47:36 -- collecting point 25
Equilibration Finished
14:47:40 -- ******* Equilibration Finished *******
checking ownership. requestor=129.138.12.137
check software interlocks H
interlocks []
actuate state mode=None-script, software_lock=False
doing actuation None-script close_channel True
Close H ===>> OK
GetIndicatorState H ===>> False
change switch state (True, True)
update switch state H False args=() kw={} ncanvase=3
14:47:40 -- CLOSE  VALVE-H (Felix Inlet)
Post Equilibration Started felix_pump_extraction_line.py
14:47:40 -- ******* Post Equilibration Started felix_pump_extraction_line.py *******
testing...
no interpolation path defined
calculate duration
testing...
no interpolation path defined
executed snippet estimated_duration=4.0, duration=0.000297069549561
executed snippet estimated_duration=4.0, duration=0.00230002403259
Pump after analysis
doing GOSUB
testing...
no interpolation path defined
executed snippet estimated_duration=4.0, duration=0.00023889541626
Pump Bone
close () {'description': 'Felix Inlet'}
close name=--- desc=Felix Inlet
checking ownership. requestor=129.138.12.137
check software interlocks H
interlocks []
actuate state mode=None-script, software_lock=False
doing actuation None-script close_channel False
Close H ===>> OK
GetIndicatorState H ===>> False
change switch state (True, True)
update switch state H False args=() kw={} ncanvase=3
14:47:41 -- CLOSE  VALVE-H (Felix Inlet)
-------------------------- close None (Felix Inlet) result=[(True, True)]
action=close, ok=True, locked=[False]
is_closed ('A',) {}
is A () closed?
is closed False
close () {'description': 'CO2 Laser to Bone'}
close name=--- desc=CO2 Laser to Bone
checking ownership. requestor=129.138.12.137
check software interlocks F
interlocks []
actuate state mode=None-script, software_lock=True
VALVE-F(CO2 Laser to Bone) software locked
change switch state (True, False)
-------------------------- close None (CO2 Laser to Bone) result=[(True, False)]
action=close, ok=True, locked=[True]
sleep (1,) {}
SLEEP 1.0
close () {'description': 'CO2 Laser to Roughing'}
close name=--- desc=CO2 Laser to Roughing
checking ownership. requestor=129.138.12.137
check software interlocks G
interlocks []
actuate state mode=None-script, software_lock=True
VALVE-G(CO2 Laser to Roughing) software locked
change switch state (True, False)
-------------------------- close None (CO2 Laser to Roughing) result=[(True, False)]
action=close, ok=True, locked=[True]
open () {'description': 'Bone to Turbo'}
open name=--- desc=Bone to Turbo
checking ownership. requestor=129.138.12.137
check software interlocks C
interlocks []
actuate state mode=None-script, software_lock=False
doing actuation None-script open_channel True
Open C ===>> OK
GetIndicatorState C ===>> OK
change switch state (True, True)
update switch state C True args=() kw={} ncanvase=3
14:47:42 -- OPEN   VALVE-C (Bone to Turbo)
-------------------------- open None (Bone to Turbo) result=[(True, True)]
waiting for write to finish
measurement finished
estimated time: 31.457 actual time: :31.601
flush and close file /Users/obama/PychronDev/data/isotopes/70/e0ddf5-9bd2-4016-981c-958893cbac45.h5
set_fits () {}
using default fits file=/Users/obama/PychronDev/scripts/measurement/fits/nominal.yaml
set "Ar40" to "('Parabolic', 'SEM')"
set "Ar36" to "('Parabolic', 'SEM')"
set "Ar37" to "('linear', 'SEM')"
set "Ar38" to "('linear', 'SEM')"
set "Ar39" to "('Parabolic', 'SEM')"
set_baseline_fits () {}
action=open, ok=True, locked=[False]
using default fits file=/Users/obama/PychronDev/scripts/measurement/fits/nominal.yaml
open () {'description': 'Bone to Getter GP-50'}
open name=--- desc=Bone to Getter GP-50
checking ownership. requestor=129.138.12.137
check software interlocks N
set "H2" to "('average', 'SEM')"
interlocks []
set "L2(CDD)" to "('average', 'SEM')"
actuate state mode=None-script, software_lock=False
set "L1" to "('average', 'SEM')"
doing actuation None-script open_channel False
set "AX" to "('average', 'SEM')"
set "H1" to "('average', 'SEM')"
multicollect () {'integration_time': 1.048576, 'ncounts': 400}
build tables- signal [Detector(H2), Detector(H1), Detector(AX), Detector(L1), Detector(L2(CDD))]
add group /signal/Ar40 (Group) u'' table H2
add group /signal/Ar39 (Group) u'' table H1
add group /signal/Ar38 (Group) u'' table AX
add group /signal/Ar37 (Group) u'' table L1
add group /signal/Ar36 (Group) u'' table L2(CDD)
flush and close file /Users/obama/PychronDev/data/isotopes/70/e0ddf5-9bd2-4016-981c-958893cbac45.h5
Open N ===>> OK
measuring signal. ncounts=400
GetIndicatorState N ===>> OK
change switch state (True, True)
update switch state N True args=() kw={} ncanvase=3
14:47:42 -- OPEN   VALVE-N (Bone to Getter GP-50)
-------------------------- open None (Bone to Getter GP-50) result=[(True, True)]
"signal" increment series count="2" fit count="1" regressing="True"
action=open, ok=True, locked=[False]
open () {'description': 'Bone to Diode Laser'}
open name=--- desc=Bone to Diode Laser
checking ownership. requestor=129.138.12.137
check software interlocks B
interlocks []
actuate state mode=None-script, software_lock=False
doing actuation None-script open_channel True
Open B ===>> OK
GetIndicatorState B ===>> OK
change switch state (True, True)
update switch state B True args=() kw={} ncanvase=3
14:47:43 -- OPEN   VALVE-B (Bone to Diode Laser)
-------------------------- open None (Bone to Diode Laser) result=[(True, True)]
starting measurement
action=open, ok=True, locked=[False]
open () {'description': 'Bone to CO2 Laser'}
open name=--- desc=Bone to CO2 Laser
checking ownership. requestor=129.138.12.137
check software interlocks D
interlocks []
actuate state mode=None-script, software_lock=False
doing actuation None-script open_channel False
Open D ===>> OK
GetIndicatorState D ===>> OK
change switch state (True, True)
update switch state D True args=() kw={} ncanvase=3
14:47:43 -- OPEN   VALVE-D (Bone to CO2 Laser)
-------------------------- open None (Bone to CO2 Laser) result=[(True, True)]
action=open, ok=True, locked=[False]
sleep (1,) {}
SLEEP 1.0
set_resource () {'name': 'CO2PumpTimeFlag', 'value': 30}
Set CO2PumpTimeFlag 30 ===>> OK
release ('FelixCO2Flag',) {}
release FelixCO2Flag
Set FelixCO2Flag 0 ===>> OK
executed snippet estimated_duration=6.0, duration=4.16692590714
PumpBone.py completed successfully
gosub finished
get_resource_value () {'name': 'FelixMiniboneFlag'}
Read FelixMiniboneFlag ===>> 0
Get Resource Value FelixMiniboneFlag=0.0
executed snippet estimated_duration=4.0, duration=4.17499685287
felix_pump_extraction_line.py completed successfully
Post Equilibration Finished
14:47:45 -- ******* Post Equilibration Finished *******
GetDeflection L2 (CDD) ===>> 0
testing L2_CDD_==3250
evaluate ot="L2(CDD).deflection==3250" t="L2_CDD_==3250", ctx="{'L2_CDD_': 0.0}"
GetDeflection L2 (CDD) ===>> 0
testing L2_CDD_==3250
evaluate ot="L2(CDD).deflection==3250" t="L2_CDD_==3250", ctx="{'L2_CDD_': 0.0}"
14:48:08 -- collecting point 25
GetDeflection L2 (CDD) ===>> 0
testing L2_CDD_==3250
evaluate ot="L2(CDD).deflection==3250" t="L2_CDD_==3250", ctx="{'L2_CDD_': 0.0}"
GetDeflection L2 (CDD) ===>> 0
testing L2_CDD_==3250
evaluate ot="L2(CDD).deflection==3250" t="L2_CDD_==3250", ctx="{'L2_CDD_': 0.0}"
14:48:34 -- collecting point 50
GetDeflection L2 (CDD) ===>> 0
testing L2_CDD_==3250
evaluate ot="L2(CDD).deflection==3250" t="L2_CDD_==3250", ctx="{'L2_CDD_': 0.0}"
GetDeflection L2 (CDD) ===>> 0
testing L2_CDD_==3250
evaluate ot="L2(CDD).deflection==3250" t="L2_CDD_==3250", ctx="{'L2_CDD_': 0.0}"
GetDeflection L2 (CDD) ===>> 0
testing L2_CDD_==3250
evaluate ot="L2(CDD).deflection==3250" t="L2_CDD_==3250", ctx="{'L2_CDD_': 0.0}"
14:49:01 -- collecting point 75
GetDeflection L2 (CDD) ===>> 0
testing L2_CDD_==3250
evaluate ot="L2(CDD).deflection==3250" t="L2_CDD_==3250", ctx="{'L2_CDD_': 0.0}"
GetDeflection L2 (CDD) ===>> 0
testing L2_CDD_==3250
evaluate ot="L2(CDD).deflection==3250" t="L2_CDD_==3250", ctx="{'L2_CDD_': 0.0}"
14:49:27 -- collecting point 100
GetDeflection L2 (CDD) ===>> 0
testing L2_CDD_==3250
evaluate ot="L2(CDD).deflection==3250" t="L2_CDD_==3250", ctx="{'L2_CDD_': 0.0}"
GetDeflection L2 (CDD) ===>> 0
testing L2_CDD_==3250
evaluate ot="L2(CDD).deflection==3250" t="L2_CDD_==3250", ctx="{'L2_CDD_': 0.0}"
GetDeflection L2 (CDD) ===>> 0
testing L2_CDD_==3250
evaluate ot="L2(CDD).deflection==3250" t="L2_CDD_==3250", ctx="{'L2_CDD_': 0.0}"
14:49:53 -- collecting point 125
GetDeflection L2 (CDD) ===>> 0
testing L2_CDD_==3250
evaluate ot="L2(CDD).deflection==3250" t="L2_CDD_==3250", ctx="{'L2_CDD_': 0.0}"
GetDeflection L2 (CDD) ===>> 0
testing L2_CDD_==3250
evaluate ot="L2(CDD).deflection==3250" t="L2_CDD_==3250", ctx="{'L2_CDD_': 0.0}"
14:50:19 -- collecting point 150
GetDeflection L2 (CDD) ===>> 0
testing L2_CDD_==3250
evaluate ot="L2(CDD).deflection==3250" t="L2_CDD_==3250", ctx="{'L2_CDD_': 0.0}"
GetDeflection L2 (CDD) ===>> 0
testing L2_CDD_==3250
evaluate ot="L2(CDD).deflection==3250" t="L2_CDD_==3250", ctx="{'L2_CDD_': 0.0}"
GetDeflection L2 (CDD) ===>> 0
testing L2_CDD_==3250
evaluate ot="L2(CDD).deflection==3250" t="L2_CDD_==3250", ctx="{'L2_CDD_': 0.0}"
14:50:46 -- collecting point 175
GetDeflection L2 (CDD) ===>> 0
testing L2_CDD_==3250
evaluate ot="L2(CDD).deflection==3250" t="L2_CDD_==3250", ctx="{'L2_CDD_': 0.0}"
GetDeflection L2 (CDD) ===>> 0
testing L2_CDD_==3250
evaluate ot="L2(CDD).deflection==3250" t="L2_CDD_==3250", ctx="{'L2_CDD_': 0.0}"
14:51:12 -- collecting point 200
GetDeflection L2 (CDD) ===>> 0
testing L2_CDD_==3250
evaluate ot="L2(CDD).deflection==3250" t="L2_CDD_==3250", ctx="{'L2_CDD_': 0.0}"
GetDeflection L2 (CDD) ===>> 0
testing L2_CDD_==3250
evaluate ot="L2(CDD).deflection==3250" t="L2_CDD_==3250", ctx="{'L2_CDD_': 0.0}"
GetDeflection L2 (CDD) ===>> 0
testing L2_CDD_==3250
evaluate ot="L2(CDD).deflection==3250" t="L2_CDD_==3250", ctx="{'L2_CDD_': 0.0}"
14:51:38 -- collecting point 225
GetDeflection L2 (CDD) ===>> 0
testing L2_CDD_==3250
evaluate ot="L2(CDD).deflection==3250" t="L2_CDD_==3250", ctx="{'L2_CDD_': 0.0}"
GetDeflection L2 (CDD) ===>> 0
testing L2_CDD_==3250
evaluate ot="L2(CDD).deflection==3250" t="L2_CDD_==3250", ctx="{'L2_CDD_': 0.0}"
14:52:05 -- collecting point 250
GetDeflection L2 (CDD) ===>> 0
testing L2_CDD_==3250
evaluate ot="L2(CDD).deflection==3250" t="L2_CDD_==3250", ctx="{'L2_CDD_': 0.0}"
GetDeflection L2 (CDD) ===>> 0
testing L2_CDD_==3250
evaluate ot="L2(CDD).deflection==3250" t="L2_CDD_==3250", ctx="{'L2_CDD_': 0.0}"
GetDeflection L2 (CDD) ===>> 0
testing L2_CDD_==3250
evaluate ot="L2(CDD).deflection==3250" t="L2_CDD_==3250", ctx="{'L2_CDD_': 0.0}"
14:52:31 -- collecting point 275
GetDeflection L2 (CDD) ===>> 0
testing L2_CDD_==3250
evaluate ot="L2(CDD).deflection==3250" t="L2_CDD_==3250", ctx="{'L2_CDD_': 0.0}"
GetDeflection L2 (CDD) ===>> 0
testing L2_CDD_==3250
evaluate ot="L2(CDD).deflection==3250" t="L2_CDD_==3250", ctx="{'L2_CDD_': 0.0}"
14:52:57 -- collecting point 300
GetDeflection L2 (CDD) ===>> 0
testing L2_CDD_==3250
evaluate ot="L2(CDD).deflection==3250" t="L2_CDD_==3250", ctx="{'L2_CDD_': 0.0}"
GetDeflection L2 (CDD) ===>> 0
testing L2_CDD_==3250
evaluate ot="L2(CDD).deflection==3250" t="L2_CDD_==3250", ctx="{'L2_CDD_': 0.0}"
GetDeflection L2 (CDD) ===>> 0
testing L2_CDD_==3250
evaluate ot="L2(CDD).deflection==3250" t="L2_CDD_==3250", ctx="{'L2_CDD_': 0.0}"
14:53:23 -- collecting point 325
GetDeflection L2 (CDD) ===>> 0
testing L2_CDD_==3250
evaluate ot="L2(CDD).deflection==3250" t="L2_CDD_==3250", ctx="{'L2_CDD_': 0.0}"
GetDeflection L2 (CDD) ===>> 0
testing L2_CDD_==3250
evaluate ot="L2(CDD).deflection==3250" t="L2_CDD_==3250", ctx="{'L2_CDD_': 0.0}"
14:53:50 -- collecting point 350
GetDeflection L2 (CDD) ===>> 0
testing L2_CDD_==3250
evaluate ot="L2(CDD).deflection==3250" t="L2_CDD_==3250", ctx="{'L2_CDD_': 0.0}"
GetDeflection L2 (CDD) ===>> 0
testing L2_CDD_==3250
evaluate ot="L2(CDD).deflection==3250" t="L2_CDD_==3250", ctx="{'L2_CDD_': 0.0}"
GetDeflection L2 (CDD) ===>> 0
testing L2_CDD_==3250
evaluate ot="L2(CDD).deflection==3250" t="L2_CDD_==3250", ctx="{'L2_CDD_': 0.0}"
14:54:16 -- collecting point 375
GetDeflection L2 (CDD) ===>> 0
testing L2_CDD_==3250
evaluate ot="L2(CDD).deflection==3250" t="L2_CDD_==3250", ctx="{'L2_CDD_': 0.0}"
GetDeflection L2 (CDD) ===>> 0
testing L2_CDD_==3250
evaluate ot="L2(CDD).deflection==3250" t="L2_CDD_==3250", ctx="{'L2_CDD_': 0.0}"
14:54:42 -- collecting point 400
waiting for write to finish
measurement finished
estimated time: 419.430 actual time: :420.535
flush and close file /Users/obama/PychronDev/data/isotopes/70/e0ddf5-9bd2-4016-981c-958893cbac45.h5
baselines () {'settling_time': 15.0, 'detector': 'H2', 'mass': 39.862, 'ncounts': 120}
%%%%%%%%%%%%%%%%%%%%%%%%%%%%%%%% Baseline
build tables- baseline [Detector(H2), Detector(H1), Detector(AX), Detector(L1), Detector(L2(CDD))]
add group baseline table H2
add group baseline table H1
add group baseline table AX
add group baseline table L1
add group baseline table L2(CDD)
flush and close file /Users/obama/PychronDev/data/isotopes/70/e0ddf5-9bd2-4016-981c-958893cbac45.h5
detector Detector(H2)
POSITION 39.862 H2
Mapping mass to dac mass func: "parabolic"
H2 map mass coeffs = [ -2.56720193e-04   9.47812314e-02   3.88574975e-01]
H2 map mass to dac 39.862 >> 3.75882141492
GetHighVoltage ===>> 9900
positioning 39.862 (3.75882141492) on H2
setting magnet DAC
current  : 3.766280
requested: 3.758821
Delta Dac: 0.007459
Checking detector protection. dv=0.00746
SetMagnetDAC 3.75882141492 ===>> OK
Magnet settling time: 0.500 0.500
Magnet settling complete
set_dac. change=True
Delaying 15.0s for detectors to settle
Join finished
measuring baseline. ncounts=120
"baseline" increment series count="2" fit count="1" regressing="True"
starting measurement
GetDeflection L2 (CDD) ===>> 0
testing L2_CDD_==3250
evaluate ot="L2(CDD).deflection==3250" t="L2_CDD_==3250", ctx="{'L2_CDD_': 0.0}"
GetDeflection L2 (CDD) ===>> 0
testing L2_CDD_==3250
evaluate ot="L2(CDD).deflection==3250" t="L2_CDD_==3250", ctx="{'L2_CDD_': 0.0}"
14:55:25 -- collecting point 25
GetDeflection L2 (CDD) ===>> 0
testing L2_CDD_==3250
evaluate ot="L2(CDD).deflection==3250" t="L2_CDD_==3250", ctx="{'L2_CDD_': 0.0}"
GetDeflection L2 (CDD) ===>> 0
testing L2_CDD_==3250
evaluate ot="L2(CDD).deflection==3250" t="L2_CDD_==3250", ctx="{'L2_CDD_': 0.0}"
14:55:51 -- collecting point 50
GetDeflection L2 (CDD) ===>> 0
testing L2_CDD_==3250
evaluate ot="L2(CDD).deflection==3250" t="L2_CDD_==3250", ctx="{'L2_CDD_': 0.0}"
GetDeflection L2 (CDD) ===>> 0
testing L2_CDD_==3250
evaluate ot="L2(CDD).deflection==3250" t="L2_CDD_==3250", ctx="{'L2_CDD_': 0.0}"
set states for children of O. state=False
handle state [('O', False)]
update switch state O False args=() kw={'refresh': False} ncanvase=3
refresh_canvas_needed fired
GetDeflection L2 (CDD) ===>> 0
testing L2_CDD_==3250
evaluate ot="L2(CDD).deflection==3250" t="L2_CDD_==3250", ctx="{'L2_CDD_': 0.0}"
14:56:17 -- collecting point 75
set states for children of O. state=True
handle state [('O', True)]
update switch state O True args=() kw={'refresh': False} ncanvase=3
refresh_canvas_needed fired
GetDeflection L2 (CDD) ===>> 0
testing L2_CDD_==3250
evaluate ot="L2(CDD).deflection==3250" t="L2_CDD_==3250", ctx="{'L2_CDD_': 0.0}"
GetDeflection L2 (CDD) ===>> 0
testing L2_CDD_==3250
evaluate ot="L2(CDD).deflection==3250" t="L2_CDD_==3250", ctx="{'L2_CDD_': 0.0}"
14:56:44 -- collecting point 100
GetDeflection L2 (CDD) ===>> 0
testing L2_CDD_==3250
evaluate ot="L2(CDD).deflection==3250" t="L2_CDD_==3250", ctx="{'L2_CDD_': 0.0}"
GetDeflection L2 (CDD) ===>> 0
testing L2_CDD_==3250
evaluate ot="L2(CDD).deflection==3250" t="L2_CDD_==3250", ctx="{'L2_CDD_': 0.0}"
waiting for write to finish
measurement finished
estimated time: 125.829 actual time: :126.227
flush and close file /Users/obama/PychronDev/data/isotopes/70/e0ddf5-9bd2-4016-981c-958893cbac45.h5
activate_detectors ('H1', 'L2(CDD)') {'peak_center': True}
peak_center () {'detector': 'H2', 'save': False, 'integration_time': 1.048576, 'isotope': 'Ar40'}
peak center: mean=70.7256490545 threshold=1.0
peak center started
setup peak center. detector=['H2', 'H1', 'L2(CDD)'], isotope=Ar40
VersionedUnpickler [<apptools.sweet_pickle.versioned_unpickler.VersionedUnpickler object at 0x1319f0a70>] using Updater [<apptools.sweet_pickle.updater.Updater object at 0x11fa4ea70>]
VersionedUnpickler [<apptools.sweet_pickle.versioned_unpickler.VersionedUnpickler object at 0x1319f0a70>] using Updater [<apptools.sweet_pickle.updater.Updater object at 0x11fa4ea70>]
VersionedUnpickler [<apptools.sweet_pickle.versioned_unpickler.VersionedUnpickler object at 0x1319f0a70>] using Updater [<apptools.sweet_pickle.updater.Updater object at 0x11fa4ea70>]
setting integration time = 0.524288
SetIntegrationTime 0.524288 ===>> OK
Mapping mass to dac mass func: "parabolic"
H2 map mass coeffs = [ -2.56720193e-04   9.47812314e-02   3.88574975e-01]
H2 map mass to dac 39.9624 >> 3.76628
GetHighVoltage ===>> 9900
do peak center. <pychron.spectrometer.jobs.peak_center.PeakCenter object at 0x11fa4e890>
doing pc
starting peak center. center dac= 3.76628 step_width=0.0001
width = 0.0001
get scan parameters. half-width=0.002,window=0.002, i=0, scalar=1
Scan parameters center=3.76628 width=0.00400 (3.76428 - 3.76828)
Moving to starting dac 3.76428
setting magnet DAC
current  : 3.758821
requested: 3.764280
Delta Dac: 0.005459
Checking detector protection. dv=0.00546
SetMagnetDAC 3.76428 ===>> OK
Magnet settling time: 0.500 0.500
Magnet settling complete
set_dac. change=True
Wait until signal near baseline. tol= -0.124760314159. timeout= 10
Peak center failed to move to a baseline position
_do_sweep sm= 3.76428, em= 3.76828, stm= 0.0001
calculated step values: start=3.76428, end=3.76828, width=0.0001, nsteps=41.0
setting magnet DAC
current  : 3.764280
requested: 3.764280
Delta Dac: 0.000000
Checking detector protection. dv=0.00000
set_dac. change=False
setting magnet DAC
current  : 3.764280
requested: 3.764383
Delta Dac: 0.000103
Checking detector protection. dv=0.00010
Magnet settling time: 1.049 0.500
Magnet settling complete
set_dac. change=True
setting magnet DAC
current  : 3.764383
requested: 3.764485
Delta Dac: 0.000103
Checking detector protection. dv=0.00010
Magnet settling time: 1.049 0.500
Magnet settling complete
set_dac. change=True
setting magnet DAC
current  : 3.764485
requested: 3.764588
Delta Dac: 0.000103
Checking detector protection. dv=0.00010
Magnet settling time: 1.049 0.500
Magnet settling complete
set_dac. change=True
setting magnet DAC
current  : 3.764588
requested: 3.764690
Delta Dac: 0.000103
Checking detector protection. dv=0.00010
Magnet settling time: 1.049 0.500
Magnet settling complete
set_dac. change=True
setting magnet DAC
current  : 3.764690
requested: 3.764793
Delta Dac: 0.000103
Checking detector protection. dv=0.00010
Magnet settling time: 1.049 0.500
Magnet settling complete
set_dac. change=True
setting magnet DAC
current  : 3.764793
requested: 3.764895
Delta Dac: 0.000103
Checking detector protection. dv=0.00010
Magnet settling time: 1.049 0.500
Magnet settling complete
set_dac. change=True
setting magnet DAC
current  : 3.764895
requested: 3.764998
Delta Dac: 0.000103
Checking detector protection. dv=0.00010
Magnet settling time: 1.049 0.500
Magnet settling complete
set_dac. change=True
setting magnet DAC
current  : 3.764998
requested: 3.765101
Delta Dac: 0.000103
Checking detector protection. dv=0.00010
Magnet settling time: 1.049 0.500
Magnet settling complete
set_dac. change=True
setting magnet DAC
current  : 3.765101
requested: 3.765203
Delta Dac: 0.000103
Checking detector protection. dv=0.00010
Magnet settling time: 1.049 0.500
set states for children of O. state=False
handle state [('O', False)]
update switch state O False args=() kw={'refresh': False} ncanvase=3
refresh_canvas_needed fired
Magnet settling complete
set_dac. change=True
setting magnet DAC
current  : 3.765203
requested: 3.765306
Delta Dac: 0.000103
Checking detector protection. dv=0.00010
Magnet settling time: 1.049 0.500
Magnet settling complete
set_dac. change=True
setting magnet DAC
current  : 3.765306
requested: 3.765408
Delta Dac: 0.000103
Checking detector protection. dv=0.00010
Magnet settling time: 1.049 0.500
set states for children of O. state=True
handle state [('O', True)]
update switch state O True args=() kw={'refresh': False} ncanvase=3
refresh_canvas_needed fired
Magnet settling complete
set_dac. change=True
setting magnet DAC
current  : 3.765408
requested: 3.765511
Delta Dac: 0.000103
Checking detector protection. dv=0.00010
Magnet settling time: 1.049 0.500
Magnet settling complete
set_dac. change=True
setting magnet DAC
current  : 3.765511
requested: 3.765613
Delta Dac: 0.000103
Checking detector protection. dv=0.00010
Magnet settling time: 1.049 0.500
Magnet settling complete
set_dac. change=True
setting magnet DAC
current  : 3.765613
requested: 3.765716
Delta Dac: 0.000103
Checking detector protection. dv=0.00010
Magnet settling time: 1.049 0.500
Magnet settling complete
set_dac. change=True
setting magnet DAC
current  : 3.765716
requested: 3.765818
Delta Dac: 0.000103
Checking detector protection. dv=0.00010
Magnet settling time: 1.049 0.500
Magnet settling complete
set_dac. change=True
setting magnet DAC
current  : 3.765818
requested: 3.765921
Delta Dac: 0.000103
Checking detector protection. dv=0.00010
Magnet settling time: 1.049 0.500
Magnet settling complete
set_dac. change=True
setting magnet DAC
current  : 3.765921
requested: 3.766024
Delta Dac: 0.000103
Checking detector protection. dv=0.00010
Magnet settling time: 1.049 0.500
Magnet settling complete
set_dac. change=True
setting magnet DAC
current  : 3.766024
requested: 3.766126
Delta Dac: 0.000103
Checking detector protection. dv=0.00010
Magnet settling time: 1.049 0.500
Magnet settling complete
set_dac. change=True
setting magnet DAC
current  : 3.766126
requested: 3.766229
Delta Dac: 0.000103
Checking detector protection. dv=0.00010
Magnet settling time: 1.049 0.500
Magnet settling complete
set_dac. change=True
setting magnet DAC
current  : 3.766229
requested: 3.766331
Delta Dac: 0.000103
Checking detector protection. dv=0.00010
Magnet settling time: 1.049 0.500
Magnet settling complete
set_dac. change=True
setting magnet DAC
current  : 3.766331
requested: 3.766434
Delta Dac: 0.000103
Checking detector protection. dv=0.00010
Magnet settling time: 1.049 0.500
Magnet settling complete
set_dac. change=True
setting magnet DAC
current  : 3.766434
requested: 3.766536
Delta Dac: 0.000103
Checking detector protection. dv=0.00010
Magnet settling time: 1.049 0.500
Magnet settling complete
set_dac. change=True
setting magnet DAC
current  : 3.766536
requested: 3.766639
Delta Dac: 0.000103
Checking detector protection. dv=0.00010
Magnet settling time: 1.049 0.500
Magnet settling complete
set_dac. change=True
setting magnet DAC
current  : 3.766639
requested: 3.766742
Delta Dac: 0.000103
Checking detector protection. dv=0.00010
Magnet settling time: 1.049 0.500
Magnet settling complete
set_dac. change=True
setting magnet DAC
current  : 3.766742
requested: 3.766844
Delta Dac: 0.000103
Checking detector protection. dv=0.00010
Magnet settling time: 1.049 0.500
Magnet settling complete
set_dac. change=True
setting magnet DAC
current  : 3.766844
requested: 3.766947
Delta Dac: 0.000103
Checking detector protection. dv=0.00010
Magnet settling time: 1.049 0.500
Magnet settling complete
set_dac. change=True
setting magnet DAC
current  : 3.766947
requested: 3.767049
Delta Dac: 0.000103
Checking detector protection. dv=0.00010
Magnet settling time: 1.049 0.500
Magnet settling complete
set_dac. change=True
setting magnet DAC
current  : 3.767049
requested: 3.767152
Delta Dac: 0.000103
Checking detector protection. dv=0.00010
Magnet settling time: 1.049 0.500
Magnet settling complete
set_dac. change=True
setting magnet DAC
current  : 3.767152
requested: 3.767254
Delta Dac: 0.000103
Checking detector protection. dv=0.00010
Magnet settling time: 1.049 0.500
Magnet settling complete
set_dac. change=True
setting magnet DAC
current  : 3.767254
requested: 3.767357
Delta Dac: 0.000103
Checking detector protection. dv=0.00010
Magnet settling time: 1.049 0.500
Magnet settling complete
set_dac. change=True
setting magnet DAC
current  : 3.767357
requested: 3.767459
Delta Dac: 0.000103
Checking detector protection. dv=0.00010
Magnet settling time: 1.049 0.500
Magnet settling complete
set_dac. change=True
setting magnet DAC
current  : 3.767459
requested: 3.767562
Delta Dac: 0.000103
Checking detector protection. dv=0.00010
Magnet settling time: 1.049 0.500
Magnet settling complete
set_dac. change=True
setting magnet DAC
current  : 3.767562
requested: 3.767665
Delta Dac: 0.000103
Checking detector protection. dv=0.00010
Magnet settling time: 1.049 0.500
Magnet settling complete
set_dac. change=True
setting magnet DAC
current  : 3.767665
requested: 3.767767
Delta Dac: 0.000103
Checking detector protection. dv=0.00010
Magnet settling time: 1.049 0.500
Magnet settling complete
set_dac. change=True
setting magnet DAC
current  : 3.767767
requested: 3.767870
Delta Dac: 0.000103
Checking detector protection. dv=0.00010
Magnet settling time: 1.049 0.500
Magnet settling complete
set_dac. change=True
setting magnet DAC
current  : 3.767870
requested: 3.767972
Delta Dac: 0.000103
Checking detector protection. dv=0.00010
Magnet settling time: 1.049 0.500
Magnet settling complete
set_dac. change=True
setting magnet DAC
current  : 3.767972
requested: 3.768075
Delta Dac: 0.000103
Checking detector protection. dv=0.00010
Magnet settling time: 1.049 0.500
Magnet settling complete
set_dac. change=True
setting magnet DAC
current  : 3.768075
requested: 3.768177
Delta Dac: 0.000103
Checking detector protection. dv=0.00010
Magnet settling time: 1.049 0.500
Magnet settling complete
set_dac. change=True
setting magnet DAC
current  : 3.768177
requested: 3.768280
Delta Dac: 0.000103
Checking detector protection. dv=0.00010
Magnet settling time: 1.049 0.500
Magnet settling complete
set_dac. change=True
result of _do_sweep=True
result of _calculate_peak_center=([3.7650936272545099, 3.766251943887776, 3.767410260521042], [51.859261707692603, 69.902234125514497, 51.40182444924146], 3.766813066132265, 69.902234125514497)
Failed to find a valid peak. No peak greater than 1.0. max = 0.112666244716
new center pos Detector(H2) (Ar40) @ 3.76625194389
GetHighVoltage ===>> 9900
dac uncorrected for HV and deflection 3.76625194389
setting integration time = 1.048576
SetIntegrationTime 1.048576 ===>> OK
Failed to find a valid peak. No peak greater than 1.0. max = 0.112666244716
flush and close file /Users/obama/PychronDev/data/isotopes/70/e0ddf5-9bd2-4016-981c-958893cbac45.h5
sweep finished
finished measure script
executed snippet estimated_duration=590.4304, duration=653.798243999
felix_analysis400_120_no_save_center.py completed successfully
Measurement Finished
14:58:00 -- ******* Measurement Finished *******
Post Measurement Started felix_pump_ms.py
14:58:00 -- ******* Post Measurement Started felix_pump_ms.py *******
testing...
no interpolation path defined
executed snippet estimated_duration=0, duration=4.50611114502e-05
Pumping spectrometer
open () {'name': 'V'}
open name=V desc=---
checking ownership. requestor=129.138.12.137
check software interlocks V
interlocks []
actuate state mode=None-script, software_lock=False
doing actuation None-script open_channel True
Open V ===>> OK
GetIndicatorState V ===>> OK
change switch state (True, True)
update switch state V True args=() kw={} ncanvase=3
14:58:00 -- OPEN   VALVE-V (Felix Ion Pump)
-------------------------- open V () result=[(True, True)]
action=open, ok=True, locked=[False]
executed snippet estimated_duration=0, duration=0.352295875549
felix_pump_ms.py completed successfully
setting _ms_pumptime
Post Measurement Finished
14:58:00 -- ******* Post Measurement Finished *******
$$$$$$$$$$$$$$$$$$$$ state at run end measurement
state changed from measurement to success
post measurement save measured=True aborted=False
Set filtering
setting fod for Ar40= {'filter_outliers': True, 'std_devs': 2, 'iterations': 2}
setting fod for H2= {'filter_outliers': True, 'std_devs': 2, 'iterations': 1}
setting fod for Ar36= {'filter_outliers': True, 'std_devs': 2, 'iterations': 2}
setting fod for L2(CDD)= {'filter_outliers': True, 'std_devs': 2, 'iterations': 1}
setting fod for Ar37= {'filter_outliers': True, 'std_devs': 2, 'iterations': 2}
setting fod for L1= {'filter_outliers': True, 'std_devs': 2, 'iterations': 1}
setting fod for Ar38= {'filter_outliers': True, 'std_devs': 2, 'iterations': 2}
setting fod for AX= {'filter_outliers': True, 'std_devs': 2, 'iterations': 1}
setting fod for Ar39= {'filter_outliers': True, 'std_devs': 2, 'iterations': 2}
setting fod for H1= {'filter_outliers': True, 'std_devs': 2, 'iterations': 1}
not connected to db mysql://felixexp@129.138.12.160/labspy
Enviromentals: {'lab_humiditys': [{'device': 'EnvironmentalMonitor',
                    'name': 'Lab Hum.',
                    'pub_date': '2017-08-30T14:43:08',
                    'title': 'iServer Hum.',
                    'value': 47.7}],
 'lab_pneumatics': [{'device': 'AirPressure',
                     'name': 'Pressure',
                     'pub_date': '2017-08-30T14:57:14',
                     'title': None,
                     'value': 112.425},
                    {'device': 'AirPressure2',
                     'name': 'Pressure2',
                     'pub_date': '2017-08-30T14:57:19',
                     'title': None,
                     'value': 114.985}],
 'lab_temperatures': [{'device': 'EnvironmentalMonitor',
                       'name': 'Lab Temp.',
                       'pub_date': '2017-08-30T14:20:47',
                       'title': 'iServer Temp.',
                       'value': 73.9},
                      {'device': 'Chiller',
                       'name': 'Coolant Temp.',
                       'pub_date': '2017-08-30T14:19:42',
                       'title': None,
                       'value': 18.0}]}
persistence save...
persistence save - db
post measurement save
5129571600 connecting to database sqlite://@/
connected to db sqlite://@/
create new session 5129571600
close session 5129571600
No database instance. Not saving post measurement to isotopedb database
$$$$$$$$$$$$$$$ auto_save_detector_ic=False
massspec enabled True
create new session 4823356432
MassSpec Database Version: 16.0
close session 4823356432
saving post measurement to secondary database
saving to massspec database 129.138.12.160/massspecdata
setting labnumber to 65807
setting aliquot to 1
setting step to Z
setting uuid to 70e0ddf5-9bd2-4016-981c-958893cbac45
setting irradpos to 65807
setting extract_device to NMGRL Furnace
setting tray to 
setting position to 6
setting power_requested to 1500.0
setting extract_value to 1500.0
setting duration to 300.0
setting duration_at_request to 300.0
setting first_stage_delay to 300.0
setting cleanup to 30.0
setting comment to D:6 & D8 Muscovite, 5.90 mg
setting irradiation to NM-291
setting level to D
setting irradiation_level to D
setting sample to 1278
setting material to Muscovite
setting project to IR1013
setting mass_spectrometer to Felix
no attribute chron_dosages
no attribute production_ratios
no attribute interference_corrections
no attribute production_name
no attribute j
Reference Isotope=Ar40
Reference Detector=H2
%%%%%%%%%%%%%%%%%%%% Comment: D:6 & D8 Muscovite, 5.90 mg %%%%%%%%%%%%%%%%%%%
adding isotope Ar40 H2
add baseline dbdet= Ar40. original det= H2
get baseline data Ar40 H2
Get data baseline <pychron.processing.isotope.Baseline object at 0x12ff08c90> len t=120
baseline Ar40. v=0.0274059746849, e=0.00928010462697
get signal data Ar40 H2
Get data signal Ar40 72.820+/-0.024 len t=400
adding isotope Ar39 H1
add baseline dbdet= Ar39. original det= H1
get baseline data Ar39 H1
Get data baseline <pychron.processing.isotope.Baseline object at 0x12ff08e50> len t=120
baseline Ar39. v=-0.0639073063035, e=0.0106300051323
get signal data Ar39 H1
Get data signal Ar39 3.437+/-0.024 len t=400
adding isotope Ar38 AX
add baseline dbdet= Ar38. original det= AX
get baseline data Ar38 AX
Get data baseline <pychron.processing.isotope.Baseline object at 0x123d57050> len t=120
baseline Ar38. v=-0.103862087688, e=0.0123240400021
get signal data Ar38 AX
Get data signal Ar38 0.084+/-0.013 len t=400
adding isotope Ar37 L1
add baseline dbdet= Ar37. original det= L1
get baseline data Ar37 L1
Get data baseline <pychron.processing.isotope.Baseline object at 0x123d57210> len t=120
baseline Ar37. v=-0.65049145011, e=0.0100324488689
get signal data Ar37 L1
Get data signal Ar37 0.319+/-0.012 len t=400
adding isotope Ar36 L2(CDD)
add baseline dbdet= Ar36. original det= L2(CDD)
get baseline data Ar36 L2(CDD)
Get data baseline <pychron.processing.isotope.Baseline object at 0x123d573d0> len t=120
baseline Ar36. v=0.0, e=0.0
get signal data Ar36 L2(CDD)
Get data signal Ar36 0.1113+/-0.0007 len t=400
65807-01Z added analysis time 0.562680959702s
analysis added to mass spec database
mass spec save time= 0.574
persistence save - dvc
================= post measurement started
create new session 4711712432
close session 4711712432
---------------- Experiment Queue saving disabled
DVC saving peakcenter
Failed to find a valid peak. No peak greater than 1.0. max = 0.112666244716
Smart pull ahead: 0 behind: 0
Up-to-date with origin
add to repo msg=modified - 44c6f8761147de90179e8a3952e48831c78a9a46.json
add to repo msg=modified - 07-01Z.json
add to repo msg=modified - 07-01Z.dat.json
add to repo msg=modified - 07-01Z.blan.json
add to repo msg=modified - 07-01Z.inte.json
add to repo msg=modified - 07-01Z.icfa.json
add to repo msg=modified - 07-01Z.base.json
not at valid file /Users/obama/PychronDev/data/.dvc/repositories/IR1013/658/tags/07-01Z.tags.json
add to repo msg=modified - 07-01Z.peak.json
add to repo msg=modified - 07-01Z.extr.json
not at valid file /Users/obama/PychronDev/data/.dvc/repositories/IR1013/658/monitor/07-01Z.moni.json
commit message=<COLLECTION>
add to repo msg=modified - 07-01Z.inte.json
add to repo msg=modified - 07-01Z.base.json
commit message=<ISOEVO> default collection fits
add to repo msg=modified - 07-01Z.blan.json
commit message=<BLANKS> preceding 
add to repo msg=modified - 07-01Z.icfa.json
commit message=<ICFactor> default
push repository <pychron.git_archive.repo_manager.GitRepoManager object at 0x124e4c830>
pushing to remote=origin, url=https://github.com
no changes to meta repo
create new session 4711712432
add association IR1013
get identifier "65807"
setting analysis irradiation position=<pychron.dvc.dvc_orm.IrradiationPositionTbl object at 0x115c389d0>
close session 4711712432
================= post measurement finished
14:58:14 -- ******* Post Run Check *******
loading queue conditionals post_run_actions
queue conditionals path /Users/obama/PychronDev/queue_conditionals/normal.yaml
loading conditionals from /Users/obama/PychronDev/queue_conditionals/normal.yaml
loading system conditionals post_run_actions
loading conditionals from /Users/obama/PychronDev/setupfiles/spectrometer/default_conditionals.yaml
loading queue conditionals post_run_terminations
queue conditionals path /Users/obama/PychronDev/queue_conditionals/normal.yaml
loading conditionals from /Users/obama/PychronDev/queue_conditionals/normal.yaml
loading system conditionals post_run_terminations
loading conditionals from /Users/obama/PychronDev/setupfiles/spectrometer/default_conditionals.yaml
Checking default post run terminations n=1
GetDeflection L2 (CDD) ===>> 0
testing L2_CDD_==3250
evaluate ot="L2(CDD).deflection==3250" t="L2_CDD_==3250", ctx="{'L2_CDD_': 0.0}"
14:58:14 -- ******* Post Run Check Passed *******
14:58:14 -- Automated run 65807-01Z success duration: 1112.561 s
----------------- finish -----------------
----------------- stop -----------------
retroactive repository identifiers disabled
finish run. runs completed=8
update duration runid=65807-01Z, duration=1112.56139803, md5=3d7815bf
loading script "felix_analysis400_120 no center.py"
loading script "felix_pump_ms.py"
loading script "felix_air_x2.py"
loading script "felix_pump_extraction_line.py"
testing...
no interpolation path defined
executed snippet estimated_duration=559.2304, duration=0.000282049179077
script duration name:analysis400_120 no center seconds:559.0
loading script "felix_analysis400_120 no center.py"
loading script "felix_pump_ms.py"
loading script "felix_air_x2.py"
loading script "felix_pump_extraction_line.py"
testing...
no interpolation path defined
executed snippet estimated_duration=0, duration=3.60012054443e-05
loading script "felix_analysis400_120 no center.py"
loading script "felix_pump_ms.py"
loading script "felix_air_x2.py"
loading script "felix_pump_extraction_line.py"
testing...
no interpolation path defined
calculate duration
testing...
no interpolation path defined
executed snippet estimated_duration=0, duration=9.29832458496e-05
calculate duration
testing...
no interpolation path defined
executed snippet estimated_duration=0, duration=0.000171184539795
calculate duration
testing...
no interpolation path defined
executed snippet estimated_duration=32.0, duration=0.000165939331055
calculate duration
testing...
no interpolation path defined
executed snippet estimated_duration=34.0, duration=0.000164031982422
calculate duration
testing...
no interpolation path defined
executed snippet estimated_duration=2.0, duration=0.000117063522339
calculate duration
testing...
no interpolation path defined
executed snippet estimated_duration=34.0, duration=0.000121116638184
calculate duration
testing...
no interpolation path defined
executed snippet estimated_duration=34.0, duration=0.00016188621521
calculate duration
testing...
no interpolation path defined
executed snippet estimated_duration=34.0, duration=0.000130891799927
executed snippet estimated_duration=174.0, duration=0.0308430194855
script duration name:air_x2 seconds:174.0
loading script "felix_analysis400_120 no center.py"
loading script "felix_pump_ms.py"
loading script "felix_air_x2.py"
loading script "felix_pump_extraction_line.py"
testing...
no interpolation path defined
calculate duration
testing...
no interpolation path defined
executed snippet estimated_duration=4.0, duration=0.000262022018433
executed snippet estimated_duration=4.0, duration=0.00384998321533
Script duration 733.0
Run total estimated duration= 734.000
loading script "felix_analysis400_120_CDD_center.py"
loading script "felix_pump_ms.py"
loading script "felix_air_x2.py"
loading script "felix_pump_extraction_line.py"
testing...
no interpolation path defined
executed snippet estimated_duration=559.2304, duration=0.000263929367065
script duration name:analysis400_120_CDD_center seconds:559.0
pump_ms in script context. using previous estimated duration
air_x2 in script context. using previous estimated duration
script duration name:air_x2 seconds:174.0
pump_extraction_line in script context. using previous estimated duration
Script duration 733.0
Run total estimated duration= 734.000
analysis400_120_CDD_center in script context. using previous estimated duration
script duration name:analysis400_120_CDD_center seconds:559.0
script duration name:air_x2 seconds:174.0
Script duration 733.0
Run total estimated duration= 734.000
analysis400_120 no center in script context. using previous estimated duration
script duration name:analysis400_120 no center seconds:559.0
loading script "felix_analysis400_120 no center.py"
loading script "felix_pump_ms.py"
loading script "felix_cocktail_x3.py"
loading script "felix_pump_extraction_line.py"
testing...
no interpolation path defined
calculate duration
testing...
no interpolation path defined
executed snippet estimated_duration=0, duration=8.01086425781e-05
calculate duration
testing...
no interpolation path defined
executed snippet estimated_duration=0, duration=0.000180006027222
calculate duration
testing...
no interpolation path defined
executed snippet estimated_duration=32.0, duration=0.000139951705933
calculate duration
testing...
no interpolation path defined
executed snippet estimated_duration=34.0, duration=0.000179052352905
calculate duration
testing...
no interpolation path defined
executed snippet estimated_duration=2.0, duration=0.000102996826172
calculate duration
testing...
no interpolation path defined
executed snippet estimated_duration=34.0, duration=0.000107049942017
calculate duration
testing...
no interpolation path defined
executed snippet estimated_duration=34.0, duration=0.000185966491699
calculate duration
testing...
no interpolation path defined
executed snippet estimated_duration=34.0, duration=0.000117063522339
calculate duration
testing...
no interpolation path defined
executed snippet estimated_duration=34.0, duration=0.000170946121216
calculate duration
testing...
no interpolation path defined
executed snippet estimated_duration=34.0, duration=0.0001380443573
executed snippet estimated_duration=244.0, duration=0.0532369613647
script duration name:cocktail_x3 seconds:244.0
Script duration 803.0
Run total estimated duration= 804.000
loading script "felix_analysis400_120_no_save_center.py"
loading script "felix_pump_ms.py"
loading script "felix_cocktail_x3.py"
loading script "felix_pump_extraction_line.py"
testing...
no interpolation path defined
executed snippet estimated_duration=559.2304, duration=0.00042200088501
script duration name:analysis400_120_no_save_center seconds:559.0
cocktail_x3 in script context. using previous estimated duration
script duration name:cocktail_x3 seconds:244.0
Script duration 803.0
Run total estimated duration= 804.000
analysis400_120_no_save_center in script context. using previous estimated duration
script duration name:analysis400_120_no_save_center seconds:559.0
script duration name:cocktail_x3 seconds:244.0
Script duration 803.0
Run total estimated duration= 804.000
script duration name:analysis400_120 no center seconds:559.0
loading script "felix_analysis400_120 no center.py"
loading script "felix_pump_ms.py"
loading script "felix_furnace.py"
loading script "felix_pump_extraction_line.py"
testing...
no interpolation path defined
executed snippet estimated_duration=184.0, duration=0.000480890274048
script duration name:furnace seconds:184.0
Script duration 743.0
Run total estimated duration= 744.000
nruns=7 before=5.0, run_dur=5358.0, btw=60.0
write rem/ex queues
/Users/obama/PychronDev/experiments/rem/CurrentExperiment.rem.txt
/Users/obama/PychronDev/experiments/rem/CurrentExperiment.ex.txt
doing event level: 3
add run
