do run
loading script "felix_analysis400_120_no_save_center.py"
loading script "felix_pump_ms.py"
loading script "felix_furnace.py"
loading script "felix_pump_extraction_line.py"
testing...
no interpolation path defined
executed snippet estimated_duration=559.2304, duration=0.000227928161621
script duration name:analysis400_120_no_save_center seconds:559.0
loading script "felix_analysis400_120_no_save_center.py"
loading script "felix_pump_ms.py"
loading script "felix_furnace.py"
loading script "felix_pump_extraction_line.py"
testing...
no interpolation path defined
executed snippet estimated_duration=0, duration=2.88486480713e-05
loading script "felix_analysis400_120_no_save_center.py"
loading script "felix_pump_ms.py"
loading script "felix_furnace.py"
loading script "felix_pump_extraction_line.py"
testing...
no interpolation path defined
executed snippet estimated_duration=184.0, duration=0.00036096572876
script duration name:furnace seconds:184.0
loading script "felix_analysis400_120_no_save_center.py"
loading script "felix_pump_ms.py"
loading script "felix_furnace.py"
loading script "felix_pump_extraction_line.py"
testing...
no interpolation path defined
calculate duration
testing...
no interpolation path defined
executed snippet estimated_duration=4.0, duration=0.000200033187866
executed snippet estimated_duration=4.0, duration=0.00131511688232
Script duration 743.0
Run total estimated duration= 744.000
run duration: 0:12:24
doing event level: 2
15:38:25 -- Setting default integration. t=1.048576
setting integration time = 1.048576
SetIntegrationTime 1.048576 ===>> OK
----------------- start -----------------
**************** Experiment Type: Ar/Ar, Ar/Ar
close session 4739899216
$$$$$ Clearing conditionals
adding conditionals 
Add queue conditionals
adding queue conditionals from /Users/obama/PychronDev/queue_conditionals/normal.yaml
add default conditionals
adding default conditionals from /Users/obama/PychronDev/setupfiles/spectrometer/default_conditionals.yaml
Start automated run 65807-01I
loading script "felix_analysis400_120_no_save_center.py"
loading script "felix_pump_ms.py"
loading script "felix_furnace.py"
loading script "felix_pump_extraction_line.py"
%%%%%%%%%%%%%%%%%% setting automated run 65807-01I
No value "sensitivity_multiplier" in metadata
$$$$$$$$$$$$$$$ auto_save_detector_ic=False
============================= Pre Extraction Check =============================
loading queue conditionals pre_run_terminations
queue conditionals path /Users/obama/PychronDev/queue_conditionals/normal.yaml
loading conditionals from /Users/obama/PychronDev/queue_conditionals/normal.yaml
loading system conditionals pre_run_terminations
loading conditionals from /Users/obama/PychronDev/setupfiles/spectrometer/default_conditionals.yaml
15:38:26 -- ******* Pre Extraction Check *******
Get a measurement from the spectrometer
Pre Extraction Termination data. keys=L2(CDD),H2,H1,AX,L1,L2, signals=0.21709,193.58387,12.74743,0.01664,-0.64692,-0.06319
15:38:26 -- testing system defined conditionals
Checking default pre extraction terminations n=2
testing L2_CDD_
evaluate ot="L2(CDD).inactive" t="L2_CDD_", ctx="{'L2_CDD_': False}"
GetDeflection L2 (CDD) ===>> 0
testing L2_CDD_==3250
evaluate ot="L2(CDD).deflection==3250" t="L2_CDD_==3250", ctx="{'L2_CDD_': 0.0}"
15:38:26 -- ******* Pre Extraction Check Passed *******
=================================================================================
15:38:26 -- stopping status monitor
stop 4712033744
Status monitor stopped
15:38:30 -- starting status monitor
start 4712033744
StatusMonitor period=3. Frequencies(state=1, checksum=3, lock=5, owner=5)
refresh_lock_state fired. ('H', True)
refresh_lock_state fired. ('V', True)
refresh_canvas_needed fired
set states for children of O. state=True
set states for children of Q. state=False
set states for children of P. state=False
set states for children of T. state=False
handle state [('O', True), ('Q', False), ('P', False), ('T', False)]
update switch state O True args=() kw={'refresh': True} ncanvase=3
update switch state Q False args=() kw={'refresh': True} ncanvase=3
update switch state P False args=() kw={'refresh': True} ncanvase=3
update switch state T False args=() kw={'refresh': False} ncanvase=3
refresh_canvas_needed fired
start extraction
do extraction
Analysis started at 15:38:35.745581
Extraction Started felix_furnace.py
15:38:35 -- ******* Extraction Started felix_furnace.py *******
state changed from not run to extraction
DO EXTRACTION <pychron.extraction_line.pyscript_runner.RemotePyScriptRunner object at 0x11d5af650>
testing...
no interpolation path defined
executed snippet estimated_duration=2166.0, duration=0.000614166259766
start_response_recorder () {}
start response recorder
Felix unknown furnace analysis
close ('F',) {}
close name=F desc=---
checking ownership. requestor=129.138.12.137
check software interlocks F
interlocks []
actuate state mode=None-script, software_lock=True
VALVE-F(CO2 Laser to Bone) software locked
change switch state (True, False)
-------------------------- close F () result=[(True, False)]
action=close, ok=True, locked=[True]
open ('D',) {}
open name=D desc=---
checking ownership. requestor=129.138.12.137
check software interlocks D
interlocks []
actuate state mode=None-script, software_lock=False
doing actuation None-script open_channel False
Open D ===>> OK
GetIndicatorState D ===>> OK
change switch state (True, True)
update switch state D True args=() kw={} ncanvase=3
GetPercentOutput ===>> 6.9
15:38:35 -- OPEN   VALVE-D (Bone to CO2 Laser)
-------------------------- open D () result=[(True, True)]
GetSetpoint ===>> 400.0
GetProcessValue ===>> 400.0
response t=0.00117301940918, out=6.9, setpoint=400.0, response=400.0
action=open, ok=True, locked=[False]
close ('J',) {}
close name=J desc=---
checking ownership. requestor=129.138.12.137
check software interlocks J
interlocks []
actuate state mode=None-script, software_lock=False
doing actuation None-script close_channel False
Close J ===>> OK
GetIndicatorState J ===>> False
change switch state (True, True)
update switch state J False args=() kw={} ncanvase=3
15:38:36 -- CLOSE  VALVE-J (Bone to APIS)
-------------------------- close J () result=[(True, True)]
action=close, ok=True, locked=[False]
close ('FC',) {}
close name=FC desc=---
checking ownership. requestor=129.138.12.137
check software interlocks FC
interlocks []
actuate state mode=None-script, software_lock=False
doing actuation None-script close_channel True
GetPercentOutput ===>> 6.9
GetSetpoint ===>> 400.0
GetProcessValue ===>> 400.0
response t=2.00080990791, out=6.9, setpoint=400.0, response=400.0
Close FC ===>> OK
set states for children of FC. state=False
set states for children of L. state=True
handle state [('FC', False), ('L', True)]
update switch state FC False args=() kw={'refresh': True} ncanvase=3
update switch state L True args=() kw={'refresh': False} ncanvase=3
GetIndicatorState FC ===>> False
change switch state (True, True)
update switch state FC False args=() kw={} ncanvase=3
15:38:38 -- CLOSE  VALVE-FC (Furnace Turbo)
-------------------------- close FC () result=[(True, True)]
refresh_canvas_needed fired
action=close, ok=True, locked=[False]
open ('FH',) {}
open name=FH desc=---
checking ownership. requestor=129.138.12.137
check software interlocks FH
interlocks []
actuate state mode=None-script, software_lock=False
doing actuation None-script open_channel False
Open FH ===>> OK
GetPercentOutput ===>> 7.0
GetIndicatorState FH ===>> OK
change switch state (True, True)
update switch state FH True args=() kw={} ncanvase=3
15:38:39 -- OPEN   VALVE-FH (Furnace Isolation)
-------------------------- open FH () result=[(True, True)]
GetSetpoint ===>> 400.0
GetProcessValue ===>> 400.0
response t=4.00479602814, out=7.0, setpoint=400.0, response=400.0
action=open, ok=True, locked=[False]
Furnace enabled. Heating sample.
enable () {}
set extraction state NMGRLFurnace Enabled (False, 'red', 1.5)
could not find manager name="NMGRLFurnace" func="enable_device"
set_pid_parameters (790.0,) {}
setting pid parameters for 790.0
The 'BaseEurotherm' class does not implement the 'read_setpoint' method of the 'IFurnaceController' interface.
{"pid": "HO,30;XP,250;TI,60;TD,10", "command": "SetPID"} ===>> OK
BEGIN INTERVAL Interval 1 waiting for 1920.0
block started
set extract to 790.0 (watts)
WaitControl setup for 1920.0  
extract () {}
set extraction state NMGRLFurnace ON! 790.0(watts) (0.75, 'red', 1.5)
extract sample to 790.0 (watts)
extract
set setpoint to 790.0
set setpoint=790.0
setting pid parameters for 790.0
{"pid": "HO,30;XP,250;TI,60;TD,10", "command": "SetPID"} ===>> OK
{"setpoint": 790.0, "command": "SetSetpoint"} ===>> OK
sleep (2,) {}
SLEEP 2.0
block started
WaitControl setup for 2.0  
set states for children of W. state=True
handle state [('W', True)]
update switch state W True args=() kw={'refresh': False} ncanvase=3
refresh_canvas_needed fired
GetPercentOutput ===>> 30.0
GetSetpoint ===>> 790.0
GetProcessValue ===>> 400.0
response t=6.00878405571, out=30.0, setpoint=790.0, response=400.0
Join finished
block finished. duration 2.01428198814
COMPLETE INTERVAL waiting for Interval 1 to complete
GetPercentOutput ===>> 30.0
GetSetpoint ===>> 790.0
GetProcessValue ===>> 402.0
response t=8.00899505615, out=30.0, setpoint=790.0, response=402.0
GetPercentOutput ===>> 30.0
GetSetpoint ===>> 790.0
GetProcessValue ===>> 406.0
response t=10.0130050182, out=30.0, setpoint=790.0, response=406.0
GetPercentOutput ===>> 30.0
GetSetpoint ===>> 790.0
GetProcessValue ===>> 415.0
response t=12.0169379711, out=30.0, setpoint=790.0, response=415.0
GetPercentOutput ===>> 30.0
GetSetpoint ===>> 790.0
GetProcessValue ===>> 427.0
response t=14.0164129734, out=30.0, setpoint=790.0, response=427.0
Join finished
continuing script after 10.302 s
block finished. duration 10.3027751446
Interval 1 finished
extract (400,) {}
set extraction state NMGRLFurnace ON! 400(watts) (0.75, 'red', 1.5)
extract sample to 400 (watts)
extract
set setpoint to 400
set setpoint=400.0
setting pid parameters for 400.0
{"pid": "HO,23;XP,400;TI,90;TD,10", "command": "SetPID"} ===>> OK
{"setpoint": 400.0, "command": "SetSetpoint"} ===>> OK
Furnace disabled.
sleep (60,) {}
SLEEP 60.0
block started
WaitControl setup for 60.0  
GetPercentOutput ===>> 0.0
GetSetpoint ===>> 400.0
GetProcessValue ===>> 442.0
response t=16.0204210281, out=0, setpoint=400.0, response=442.0
GetPercentOutput ===>> 0.0
GetSetpoint ===>> 400.0
GetProcessValue ===>> 458.0
response t=18.0215098858, out=0, setpoint=400.0, response=458.0
GetPercentOutput ===>> 0.0
GetSetpoint ===>> 400.0
GetProcessValue ===>> 468.0
response t=20.0255060196, out=0, setpoint=400.0, response=468.0
Join finished
continuing script after 5.048 s
block finished. duration 5.04897594452
close ('B',) {}
close name=B desc=---
checking ownership. requestor=129.138.12.137
check software interlocks B
interlocks []
actuate state mode=None-script, software_lock=False
doing actuation None-script close_channel True
Close B ===>> OK
GetIndicatorState B ===>> False
change switch state (True, True)
update switch state B False args=() kw={} ncanvase=3
15:38:56 -- CLOSE  VALVE-B (Bone to Diode Laser)
-------------------------- close B () result=[(True, True)]
action=close, ok=True, locked=[False]
close ('E',) {}
close name=E desc=---
checking ownership. requestor=129.138.12.137
check software interlocks E
interlocks []
actuate state mode=None-script, software_lock=False
doing actuation None-script close_channel False
Close E ===>> OK
GetIndicatorState E ===>> False
change switch state (True, True)
update switch state E False args=() kw={} ncanvase=3
15:38:56 -- CLOSE  VALVE-E (Bone to Minibone)
-------------------------- close E () result=[(True, True)]
action=close, ok=True, locked=[False]
close ('C',) {}
close name=C desc=---
checking ownership. requestor=129.138.12.137
check software interlocks C
interlocks []
actuate state mode=None-script, software_lock=False
doing actuation None-script close_channel True
Close C ===>> OK
GetIndicatorState C ===>> False
change switch state (True, True)
update switch state C False args=() kw={} ncanvase=3
15:38:57 -- CLOSE  VALVE-C (Bone to Turbo)
-------------------------- close C () result=[(True, True)]
action=close, ok=True, locked=[False]
sleep (2,) {}
SLEEP 2.0
block started
WaitControl setup for 2.0  
GetPercentOutput ===>> 0.0
GetSetpoint ===>> 400.0
GetProcessValue ===>> 473.0
response t=22.0295069218, out=0, setpoint=400.0, response=473.0
set states for children of W. state=False
set states for children of X. state=True
handle state [('W', False), ('X', True)]
update switch state W False args=() kw={'refresh': True} ncanvase=3
update switch state X True args=() kw={'refresh': False} ncanvase=3
refresh_canvas_needed fired
Join finished
block finished. duration 2.03377890587
open ('J',) {}
open name=J desc=---
checking ownership. requestor=129.138.12.137
check software interlocks J
interlocks []
actuate state mode=None-script, software_lock=False
doing actuation None-script open_channel True
Open J ===>> OK
GetIndicatorState J ===>> OK
change switch state (True, True)
update switch state J True args=() kw={} ncanvase=3
15:38:59 -- OPEN   VALVE-J (Bone to APIS)
-------------------------- open J () result=[(True, True)]
GetPercentOutput ===>> 0.0
GetSetpoint ===>> 400.0
GetProcessValue ===>> 474.0
response t=24.0289530754, out=0, setpoint=400.0, response=474.0
action=open, ok=True, locked=[False]
sleep (30,) {}
SLEEP 30.0
block started
WaitControl setup for 30.0  
GetPercentOutput ===>> 0.0
GetSetpoint ===>> 400.0
GetProcessValue ===>> 474.0
response t=26.0320110321, out=0, setpoint=400.0, response=474.0
GetPercentOutput ===>> 0.0
GetSetpoint ===>> 400.0
GetProcessValue ===>> 473.0
response t=28.0333769321, out=0, setpoint=400.0, response=473.0
Join finished
continuing script after 5.554 s
block finished. duration 5.55474686623
close ('J',) {}
close name=J desc=---
checking ownership. requestor=129.138.12.137
check software interlocks J
interlocks []
actuate state mode=None-script, software_lock=False
doing actuation None-script close_channel True
Close J ===>> OK
GetIndicatorState J ===>> False
change switch state (True, True)
update switch state J False args=() kw={} ncanvase=3
15:39:05 -- CLOSE  VALVE-J (Bone to APIS)
-------------------------- close J () result=[(True, True)]
GetPercentOutput ===>> 0.0
GetSetpoint ===>> 400.0
GetProcessValue ===>> 471.0
response t=30.037432909, out=0, setpoint=400.0, response=471.0
action=close, ok=True, locked=[False]
open ('FC',) {}
open name=FC desc=---
checking ownership. requestor=129.138.12.137
check software interlocks FC
interlocks []
actuate state mode=None-script, software_lock=False
doing actuation None-script open_channel True
Open FC ===>> OK
GetIndicatorState FC ===>> OK
change switch state (True, True)
update switch state FC True args=() kw={} ncanvase=3
15:39:07 -- OPEN   VALVE-FC (Furnace Turbo)
-------------------------- open FC () result=[(True, True)]
action=open, ok=True, locked=[False]
sleep (30.0,) {}
SLEEP 30.0
block started
WaitControl setup for 30.0  
GetPercentOutput ===>> 0.0
GetSetpoint ===>> 400.0
GetProcessValue ===>> 469.0
response t=32.0414290428, out=0, setpoint=400.0, response=469.0
GetPercentOutput ===>> 0.0
GetSetpoint ===>> 400.0
GetProcessValue ===>> 466.0
response t=34.0437660217, out=0, setpoint=400.0, response=466.0
Join finished
continuing script after 2.726 s
block finished. duration 2.72630405426
stop_response_recorder () {}
stop response recorder
executed snippet estimated_duration=4218.0, duration=34.4879601002
felix_furnace.py completed successfully
get achieved output
Requested Output= 0.000
Achieved Output=  0.000
get response blob
get output blob
active pid =HO,23;XP,400;TI,90;TD,10
persistence save...
persistence save - db
AutomatedRunPersister post_extraction_save deprecated
persistence save - dvc
no extraction position for 6
not connected to db mysql://felixexp@129.138.12.160/labspy
using pymysql
4742093904 connecting to database mysql://felixexp@129.138.12.160/labspy
create new session 4742093904
testing database connection get_migrate_version
closing test session
close session 4742093904
connected to db mysql://felixexp@129.138.12.160/labspy
Enviromentals: {'lab_humiditys': [{'device': 'EnvironmentalMonitor',
                    'name': 'Lab Hum.',
                    'pub_date': '2017-08-29T15:36:47',
                    'title': 'iServer Hum.',
                    'value': 47.3}],
 'lab_pneumatics': [{'device': 'AirPressure',
                     'name': 'Pressure',
                     'pub_date': '2017-08-29T15:37:50',
                     'title': None,
                     'value': 114.3},
                    {'device': 'AirPressure2',
                     'name': 'Pressure2',
                     'pub_date': '2017-08-29T15:37:51',
                     'title': None,
                     'value': 117.51454}],
 'lab_temperatures': [{'device': 'EnvironmentalMonitor',
                       'name': 'Lab Temp.',
                       'pub_date': '2017-08-29T14:30:48',
                       'title': 'iServer Temp.',
                       'value': 73.2},
                      {'device': 'Chiller',
                       'name': 'Coolant Temp.',
                       'pub_date': '2017-08-29T14:02:14',
                       'title': None,
                       'value': 18.0}]}
Extraction Finished
15:39:13 -- ******* Extraction Finished *******
no overlap. not waiting for min ms pumptime
15:39:13 -- Sending spectrometer configuration
======== Sending configuration ========
SetZFocus 1.65 ===>> OK
SetHV 9900.0 ===>> OK
SetZSymmetry 3.35 ===>> OK
SetExtractionLens 63.57 ===>> OK
SetIonRepeller -5.15 ===>> OK
SetElectronEnergy 125.02 ===>> OK
SetYSymmetry 38.07 ===>> OK
send trap current 250.0
GetParameter Trap Current Readback ===>> 248.271195751694
SetParameter Trap Current Set,250.0 ===>> OK
updating mftable name argon
Using mftable located at /Users/obama/PychronDev/setupfiles/spectrometer/mftables/argon.csv
============ MFtable ===========
Isotope  H2     H1     AX     L1     L2     L2(CDD)
Ar40     3.7663 3.8415 3.9196 4.0010 4.1087 4.0943
Ar39     3.6919 3.7663 3.8427 3.9255 4.0281 4.0133
Ar36     3.4655 3.4180 3.6071 3.6830 3.7916 3.7662
================================
get initial guess parabolic
get initial guess parabolic
get initial guess parabolic
get initial guess parabolic
get initial guess parabolic
get initial guess parabolic
======== Configuration Finished ========
GetYSymmetry ===>> 38.07
GetZSymmetry ===>> 3.35
GetParameter Trap Current Readback ===>> 248.159311481414
GetHighVoltage ===>> 9900
start measurement
do measurement
L#=65807 analysis type=unknown
Measurement Started felix_analysis400_120_no_save_center.py
15:39:13 -- ******* Measurement Started felix_analysis400_120_no_save_center.py *******
state changed from extraction to measurement
setting trap, emission, spec, defl, and gains
GetExtractionLens ===>> 63.57
GetYSymmetry ===>> 38.07
GetZSymmetry ===>> 3.35
GetZFocus ===>> 1.65
GetDeflection H2 (CDD) ===>> 3250
GetDeflection H1 (CDD) ===>> 3250
GetDeflection AX (CDD) ===>> 3250
GetDeflection L1 (CDD) ===>> 3250
GetDeflection L2 (CDD) ===>> 0
GetGain H2 ===>> 0.9809305
GetGain H1 ===>> 0.9706
GetGain AX ===>> 0.96269
GetGain L1 ===>> 0.970094835296087
GetGain L2 ===>> 0.967359864778375
GetGain H2(CDD) ===>> 0
GetGain H1(CDD) ===>> 0
GetGain AX(CDD) ===>> 0
GetGain L1(CDD) ===>> 0
GetGain L2(CDD) ===>> 0
GetParameter Trap Current Readback ===>> 248.942501373375
GetParameter Source Current Readback ===>> 886.345480070805
pre measurement save
New frame /Users/obama/PychronDev/data/isotopes/b4/44ee89-2a0b-4b67-9ef1-7bace1ee4083.h5
flush and close file /Users/obama/PychronDev/data/isotopes/b4/44ee89-2a0b-4b67-9ef1-7bace1ee4083.h5
testing...
no interpolation path defined
executed snippet estimated_duration=590.4304, duration=0.000250101089478
unknown measurement script
activate_detectors ('H2', 'H1', 'AX', 'L1', 'L2(CDD)') {}
activate detectors
*************** Set Analysis View Ar/Ar
create graphs
clearing graphs
clear isotope group
setting isotope det=H2, iso=Ar40
setting isotope det=H1, iso=Ar39
setting isotope det=AX, iso=Ar38
setting isotope det=L1, iso=Ar37
setting isotope det=L2(CDD), iso=Ar36
setting previous blanks
 - setting Ar40 blank 6.974+/-0.019
 - setting Ar36 blank 0.0246+/-0.0004
 - setting Ar37 blank 0.030+/-0.011
 - setting Ar38 blank -0.012+/-0.013
 - setting Ar39 blank -0.030+/-0.025
load analysis view
position_magnet ('Ar40',) {'detector': 'H2'}
detector Detector(H2)
POSITION Ar40 H2
setting detector H2 to Ar40 (39.9624)
setting detector H1 to Ar39 (38.8624)
setting detector AX to Ar38 (37.9624)
setting detector L1 to Ar37 (36.9624)
setting detector L2 to Ar36 (35.8624)
setting detector H2(CDD) to Ar40 (39.8624)
setting detector H1(CDD) to Ar39 (38.8624)
setting detector AX(CDD) to Ar38 (37.8624)
setting detector L1(CDD) to Ar37 (36.8624)
setting detector L2(CDD) to Ar36 (35.9624)
Mapping mass to dac mass func: "parabolic"
H2 map mass coeffs = [ -2.56720193e-04   9.47812314e-02   3.88574975e-01]
H2 map mass to dac 39.9624 >> 3.76628
GetHighVoltage ===>> 9900
positioning Ar40 (3.76628) on H2
setting magnet DAC
current  : 3.766280
requested: 3.766280
Delta Dac: 0.000000
Checking detector protection. dv=0.00000
SetMagnetDAC 3.76628 ===>> OK
set_dac. change=False
equilibrate () {'delay': 3, 'inlet': 'H', 'outlet': 'V', 'eqtime': 30.0}
Equilibration Started
15:39:13 -- ******* Equilibration Started *******
checking ownership. requestor=129.138.12.137
check software interlocks V
interlocks []
actuate state mode=None-script, software_lock=True
VALVE-V(Felix Ion Pump) software locked
change switch state (True, False)
waiting 3s before opening inlet value ('H',)
update labels <pychron.experiment.plot_panel.PlotPanel object at 0x11a896d10>
update labels "<pychron.graph.stacked_regression_graph.StackedRegressionGraph object at 0x121fe51d0>"
setting label 0 H2 Ar40
setting label 1 H1 Ar39
setting label 2 AX Ar38
setting label 3 L1 Ar37
setting label 4 L2(CDD) Ar36
update labels "<pychron.graph.stacked_graph.StackedGraph object at 0x11f284ef0>"
setting label 0 H2 Ar40
setting label 1 H1 Ar39
setting label 2 AX Ar38
setting label 3 L1 Ar37
setting label 4 L2(CDD) Ar36
set states for children of X. state=False
handle state [('X', False)]
update switch state X False args=() kw={'refresh': False} ncanvase=3
refresh_canvas_needed fired
checking ownership. requestor=129.138.12.137
check software interlocks H
interlocks []
actuate state mode=None-script, software_lock=True
VALVE-H(Felix Inlet) software locked
change switch state (True, False)
set_time_zero () {}
equilibrating for 30.0sec
sniff (30.0,) {}
py_sniff
build tables- sniff [Detector(H2), Detector(H1), Detector(AX), Detector(L1), Detector(L2(CDD))]
add group /sniff/Ar40 (Group) u'' table H2
add group /sniff/Ar39 (Group) u'' table H1
add group /sniff/Ar38 (Group) u'' table AX
add group /sniff/Ar37 (Group) u'' table L1
add group /sniff/Ar36 (Group) u'' table L2(CDD)
flush and close file /Users/obama/PychronDev/data/isotopes/b4/44ee89-2a0b-4b67-9ef1-7bace1ee4083.h5
measuring sniff. ncounts=30.0
"sniff" increment series count="1" fit count="0" regressing="False"
starting measurement
set states for children of U. state=False
handle state [('U', False)]
update switch state U False args=() kw={'refresh': False} ncanvase=3
refresh_canvas_needed fired
set states for children of W. state=True
handle state [('W', True)]
update switch state W True args=() kw={'refresh': False} ncanvase=3
refresh_canvas_needed fired
15:39:42 -- collecting point 25
set states for children of O. state=False
handle state [('O', False)]
update switch state O False args=() kw={'refresh': False} ncanvase=3
refresh_canvas_needed fired
Equilibration Finished
15:39:46 -- ******* Equilibration Finished *******
checking ownership. requestor=129.138.12.137
check software interlocks H
interlocks []
actuate state mode=None-script, software_lock=True
VALVE-H(Felix Inlet) software locked
change switch state (True, False)
Post Equilibration Started felix_pump_extraction_line.py
15:39:46 -- ******* Post Equilibration Started felix_pump_extraction_line.py *******
testing...
no interpolation path defined
calculate duration
testing...
no interpolation path defined
executed snippet estimated_duration=4.0, duration=0.000217199325562
executed snippet estimated_duration=4.0, duration=0.00148892402649
Pump after analysis
doing GOSUB
testing...
no interpolation path defined
executed snippet estimated_duration=4.0, duration=0.000219106674194
Pump Bone
close () {'description': 'Felix Inlet'}
close name=--- desc=Felix Inlet
checking ownership. requestor=129.138.12.137
check software interlocks H
interlocks []
actuate state mode=None-script, software_lock=True
VALVE-H(Felix Inlet) software locked
change switch state (True, False)
-------------------------- close None (Felix Inlet) result=[(True, False)]
action=close, ok=True, locked=[True]
is_closed ('A',) {}
is A () closed?
is closed False
close () {'description': 'CO2 Laser to Bone'}
close name=--- desc=CO2 Laser to Bone
checking ownership. requestor=129.138.12.137
check software interlocks F
interlocks []
actuate state mode=None-script, software_lock=True
VALVE-F(CO2 Laser to Bone) software locked
change switch state (True, False)
-------------------------- close None (CO2 Laser to Bone) result=[(True, False)]
action=close, ok=True, locked=[True]
sleep (1,) {}
SLEEP 1.0
close () {'description': 'CO2 Laser to Roughing'}
close name=--- desc=CO2 Laser to Roughing
checking ownership. requestor=129.138.12.137
check software interlocks G
interlocks []
actuate state mode=None-script, software_lock=True
VALVE-G(CO2 Laser to Roughing) software locked
change switch state (True, False)
-------------------------- close None (CO2 Laser to Roughing) result=[(True, False)]
action=close, ok=True, locked=[True]
open () {'description': 'Bone to Turbo'}
open name=--- desc=Bone to Turbo
checking ownership. requestor=129.138.12.137
check software interlocks C
interlocks []
actuate state mode=None-script, software_lock=False
doing actuation None-script open_channel True
Open C ===>> OK
set states for children of C. state=True
set states for children of R. state=True
handle state [('C', True), ('R', True)]
update switch state C True args=() kw={'refresh': True} ncanvase=3
update switch state R True args=() kw={'refresh': False} ncanvase=3
GetIndicatorState C ===>> OK
change switch state (True, True)
update switch state C True args=() kw={} ncanvase=3
refresh_canvas_needed fired
15:39:48 -- OPEN   VALVE-C (Bone to Turbo)
-------------------------- open None (Bone to Turbo) result=[(True, True)]
action=open, ok=True, locked=[False]
open () {'description': 'Bone to Getter GP-50'}
open name=--- desc=Bone to Getter GP-50
checking ownership. requestor=129.138.12.137
check software interlocks N
interlocks []
actuate state mode=None-script, software_lock=False
doing actuation None-script open_channel False
Open N ===>> OK
GetIndicatorState N ===>> OK
change switch state (True, True)
update switch state N True args=() kw={} ncanvase=3
15:39:48 -- OPEN   VALVE-N (Bone to Getter GP-50)
-------------------------- open None (Bone to Getter GP-50) result=[(True, True)]
action=open, ok=True, locked=[False]
open () {'description': 'Bone to Diode Laser'}
open name=--- desc=Bone to Diode Laser
checking ownership. requestor=129.138.12.137
check software interlocks B
interlocks []
actuate state mode=None-script, software_lock=False
doing actuation None-script open_channel True
waiting for write to finish
measurement finished
estimated time: 31.457 actual time: :31.601
flush and close file /Users/obama/PychronDev/data/isotopes/b4/44ee89-2a0b-4b67-9ef1-7bace1ee4083.h5
set_fits () {}
using default fits file=/Users/obama/PychronDev/scripts/measurement/fits/nominal.yaml
Open B ===>> OK
set "Ar40" to "('Parabolic', 'SEM')"
set "Ar36" to "('Parabolic', 'SEM')"
set "Ar37" to "('linear', 'SEM')"
set "Ar38" to "('linear', 'SEM')"
set "Ar39" to "('Parabolic', 'SEM')"
set_baseline_fits () {}
using default fits file=/Users/obama/PychronDev/scripts/measurement/fits/nominal.yaml
set "H2" to "('average', 'SEM')"
GetIndicatorState B ===>> OK
set "L2(CDD)" to "('average', 'SEM')"
change switch state (True, True)
set "L1" to "('average', 'SEM')"
update switch state B True args=() kw={} ncanvase=3
set "AX" to "('average', 'SEM')"
set "H1" to "('average', 'SEM')"
multicollect () {'integration_time': 1.048576, 'ncounts': 400}
build tables- signal [Detector(H2), Detector(H1), Detector(AX), Detector(L1), Detector(L2(CDD))]
15:39:48 -- OPEN   VALVE-B (Bone to Diode Laser)
-------------------------- open None (Bone to Diode Laser) result=[(True, True)]
add group /signal/Ar40 (Group) u'' table H2
add group /signal/Ar39 (Group) u'' table H1
add group /signal/Ar38 (Group) u'' table AX
add group /signal/Ar37 (Group) u'' table L1
add group /signal/Ar36 (Group) u'' table L2(CDD)
flush and close file /Users/obama/PychronDev/data/isotopes/b4/44ee89-2a0b-4b67-9ef1-7bace1ee4083.h5
measuring signal. ncounts=400
"signal" increment series count="2" fit count="1" regressing="True"
action=open, ok=True, locked=[False]
open () {'description': 'Bone to CO2 Laser'}
open name=--- desc=Bone to CO2 Laser
checking ownership. requestor=129.138.12.137
check software interlocks D
interlocks []
actuate state mode=None-script, software_lock=False
doing actuation None-script open_channel False
Open D ===>> OK
GetIndicatorState D ===>> OK
change switch state (True, True)
update switch state D True args=() kw={} ncanvase=3
15:39:49 -- OPEN   VALVE-D (Bone to CO2 Laser)
-------------------------- open None (Bone to CO2 Laser) result=[(True, True)]
starting measurement
action=open, ok=True, locked=[False]
sleep (1,) {}
SLEEP 1.0
set_resource () {'name': 'CO2PumpTimeFlag', 'value': 30}
Set CO2PumpTimeFlag 30 ===>> OK
release ('FelixCO2Flag',) {}
release FelixCO2Flag
Set FelixCO2Flag 0 ===>> OK
executed snippet estimated_duration=6.0, duration=3.75656795502
PumpBone.py completed successfully
gosub finished
get_resource_value () {'name': 'FelixMiniboneFlag'}
Read FelixMiniboneFlag ===>> 0
Get Resource Value FelixMiniboneFlag=0.0
executed snippet estimated_duration=4.0, duration=3.76763892174
felix_pump_extraction_line.py completed successfully
Post Equilibration Finished
15:39:50 -- ******* Post Equilibration Finished *******
State checksums do not match. Local:1757866191 Remote:918211839
State checksum failed
set states for children of R. state=False
handle state [('R', False)]
update switch state R False args=() kw={'refresh': False} ncanvase=3
refresh_canvas_needed fired
GetDeflection L2 (CDD) ===>> 0
testing L2_CDD_==3250
evaluate ot="L2(CDD).deflection==3250" t="L2_CDD_==3250", ctx="{'L2_CDD_': 0.0}"
set states for children of U. state=True
set states for children of T. state=True
handle state [('U', True), ('T', True)]
update switch state U True args=() kw={'refresh': True} ncanvase=3
update switch state T True args=() kw={'refresh': False} ncanvase=3
refresh_canvas_needed fired
set states for children of I. state=True
handle state [('I', True)]
update switch state I True args=() kw={'refresh': False} ncanvase=3
refresh_canvas_needed fired
refresh_lock_state fired. ('H', False)
refresh_lock_state fired. ('V', False)
refresh_canvas_needed fired
set states for children of L. state=False
set states for children of Q. state=True
set states for children of P. state=True
handle state [('L', False), ('Q', True), ('P', True)]
update switch state L False args=() kw={'refresh': True} ncanvase=3
update switch state Q True args=() kw={'refresh': True} ncanvase=3
update switch state P True args=() kw={'refresh': False} ncanvase=3
refresh_canvas_needed fired
GetDeflection L2 (CDD) ===>> 0
testing L2_CDD_==3250
evaluate ot="L2(CDD).deflection==3250" t="L2_CDD_==3250", ctx="{'L2_CDD_': 0.0}"
15:40:14 -- collecting point 25
GetDeflection L2 (CDD) ===>> 0
testing L2_CDD_==3250
evaluate ot="L2(CDD).deflection==3250" t="L2_CDD_==3250", ctx="{'L2_CDD_': 0.0}"
set states for children of W. state=False
handle state [('W', False)]
update switch state W False args=() kw={'refresh': False} ncanvase=3
refresh_canvas_needed fired
GetDeflection L2 (CDD) ===>> 0
testing L2_CDD_==3250
evaluate ot="L2(CDD).deflection==3250" t="L2_CDD_==3250", ctx="{'L2_CDD_': 0.0}"
15:40:41 -- collecting point 50
GetDeflection L2 (CDD) ===>> 0
testing L2_CDD_==3250
evaluate ot="L2(CDD).deflection==3250" t="L2_CDD_==3250", ctx="{'L2_CDD_': 0.0}"
GetDeflection L2 (CDD) ===>> 0
testing L2_CDD_==3250
evaluate ot="L2(CDD).deflection==3250" t="L2_CDD_==3250", ctx="{'L2_CDD_': 0.0}"
GetDeflection L2 (CDD) ===>> 0
testing L2_CDD_==3250
evaluate ot="L2(CDD).deflection==3250" t="L2_CDD_==3250", ctx="{'L2_CDD_': 0.0}"
15:41:07 -- collecting point 75
GetDeflection L2 (CDD) ===>> 0
testing L2_CDD_==3250
evaluate ot="L2(CDD).deflection==3250" t="L2_CDD_==3250", ctx="{'L2_CDD_': 0.0}"
GetDeflection L2 (CDD) ===>> 0
testing L2_CDD_==3250
evaluate ot="L2(CDD).deflection==3250" t="L2_CDD_==3250", ctx="{'L2_CDD_': 0.0}"
15:41:33 -- collecting point 100
GetDeflection L2 (CDD) ===>> 0
testing L2_CDD_==3250
evaluate ot="L2(CDD).deflection==3250" t="L2_CDD_==3250", ctx="{'L2_CDD_': 0.0}"
GetDeflection L2 (CDD) ===>> 0
testing L2_CDD_==3250
evaluate ot="L2(CDD).deflection==3250" t="L2_CDD_==3250", ctx="{'L2_CDD_': 0.0}"
GetDeflection L2 (CDD) ===>> 0
testing L2_CDD_==3250
evaluate ot="L2(CDD).deflection==3250" t="L2_CDD_==3250", ctx="{'L2_CDD_': 0.0}"
15:41:59 -- collecting point 125
GetDeflection L2 (CDD) ===>> 0
testing L2_CDD_==3250
evaluate ot="L2(CDD).deflection==3250" t="L2_CDD_==3250", ctx="{'L2_CDD_': 0.0}"
GetDeflection L2 (CDD) ===>> 0
testing L2_CDD_==3250
evaluate ot="L2(CDD).deflection==3250" t="L2_CDD_==3250", ctx="{'L2_CDD_': 0.0}"
15:42:26 -- collecting point 150
GetDeflection L2 (CDD) ===>> 0
testing L2_CDD_==3250
evaluate ot="L2(CDD).deflection==3250" t="L2_CDD_==3250", ctx="{'L2_CDD_': 0.0}"
GetDeflection L2 (CDD) ===>> 0
testing L2_CDD_==3250
evaluate ot="L2(CDD).deflection==3250" t="L2_CDD_==3250", ctx="{'L2_CDD_': 0.0}"
GetDeflection L2 (CDD) ===>> 0
testing L2_CDD_==3250
evaluate ot="L2(CDD).deflection==3250" t="L2_CDD_==3250", ctx="{'L2_CDD_': 0.0}"
15:42:52 -- collecting point 175
GetDeflection L2 (CDD) ===>> 0
testing L2_CDD_==3250
evaluate ot="L2(CDD).deflection==3250" t="L2_CDD_==3250", ctx="{'L2_CDD_': 0.0}"
GetDeflection L2 (CDD) ===>> 0
testing L2_CDD_==3250
evaluate ot="L2(CDD).deflection==3250" t="L2_CDD_==3250", ctx="{'L2_CDD_': 0.0}"
15:43:18 -- collecting point 200
GetDeflection L2 (CDD) ===>> 0
testing L2_CDD_==3250
evaluate ot="L2(CDD).deflection==3250" t="L2_CDD_==3250", ctx="{'L2_CDD_': 0.0}"
GetDeflection L2 (CDD) ===>> 0
testing L2_CDD_==3250
evaluate ot="L2(CDD).deflection==3250" t="L2_CDD_==3250", ctx="{'L2_CDD_': 0.0}"
GetDeflection L2 (CDD) ===>> 0
testing L2_CDD_==3250
evaluate ot="L2(CDD).deflection==3250" t="L2_CDD_==3250", ctx="{'L2_CDD_': 0.0}"
15:43:44 -- collecting point 225
GetDeflection L2 (CDD) ===>> 0
testing L2_CDD_==3250
evaluate ot="L2(CDD).deflection==3250" t="L2_CDD_==3250", ctx="{'L2_CDD_': 0.0}"
GetDeflection L2 (CDD) ===>> 0
testing L2_CDD_==3250
evaluate ot="L2(CDD).deflection==3250" t="L2_CDD_==3250", ctx="{'L2_CDD_': 0.0}"
15:44:11 -- collecting point 250
GetDeflection L2 (CDD) ===>> 0
testing L2_CDD_==3250
evaluate ot="L2(CDD).deflection==3250" t="L2_CDD_==3250", ctx="{'L2_CDD_': 0.0}"
GetDeflection L2 (CDD) ===>> 0
testing L2_CDD_==3250
evaluate ot="L2(CDD).deflection==3250" t="L2_CDD_==3250", ctx="{'L2_CDD_': 0.0}"
GetDeflection L2 (CDD) ===>> 0
testing L2_CDD_==3250
evaluate ot="L2(CDD).deflection==3250" t="L2_CDD_==3250", ctx="{'L2_CDD_': 0.0}"
15:44:37 -- collecting point 275
GetDeflection L2 (CDD) ===>> 0
testing L2_CDD_==3250
evaluate ot="L2(CDD).deflection==3250" t="L2_CDD_==3250", ctx="{'L2_CDD_': 0.0}"
set states for children of O. state=True
handle state [('O', True)]
update switch state O True args=() kw={'refresh': False} ncanvase=3
refresh_canvas_needed fired
GetDeflection L2 (CDD) ===>> 0
testing L2_CDD_==3250
evaluate ot="L2(CDD).deflection==3250" t="L2_CDD_==3250", ctx="{'L2_CDD_': 0.0}"
15:45:03 -- collecting point 300
GetDeflection L2 (CDD) ===>> 0
testing L2_CDD_==3250
evaluate ot="L2(CDD).deflection==3250" t="L2_CDD_==3250", ctx="{'L2_CDD_': 0.0}"
GetDeflection L2 (CDD) ===>> 0
testing L2_CDD_==3250
evaluate ot="L2(CDD).deflection==3250" t="L2_CDD_==3250", ctx="{'L2_CDD_': 0.0}"
GetDeflection L2 (CDD) ===>> 0
testing L2_CDD_==3250
evaluate ot="L2(CDD).deflection==3250" t="L2_CDD_==3250", ctx="{'L2_CDD_': 0.0}"
15:45:30 -- collecting point 325
GetDeflection L2 (CDD) ===>> 0
testing L2_CDD_==3250
evaluate ot="L2(CDD).deflection==3250" t="L2_CDD_==3250", ctx="{'L2_CDD_': 0.0}"
GetDeflection L2 (CDD) ===>> 0
testing L2_CDD_==3250
evaluate ot="L2(CDD).deflection==3250" t="L2_CDD_==3250", ctx="{'L2_CDD_': 0.0}"
15:45:56 -- collecting point 350
GetDeflection L2 (CDD) ===>> 0
testing L2_CDD_==3250
evaluate ot="L2(CDD).deflection==3250" t="L2_CDD_==3250", ctx="{'L2_CDD_': 0.0}"
set states for children of U. state=False
handle state [('U', False)]
update switch state U False args=() kw={'refresh': False} ncanvase=3
refresh_canvas_needed fired
GetDeflection L2 (CDD) ===>> 0
testing L2_CDD_==3250
evaluate ot="L2(CDD).deflection==3250" t="L2_CDD_==3250", ctx="{'L2_CDD_': 0.0}"
GetDeflection L2 (CDD) ===>> 0
testing L2_CDD_==3250
evaluate ot="L2(CDD).deflection==3250" t="L2_CDD_==3250", ctx="{'L2_CDD_': 0.0}"
15:46:22 -- collecting point 375
GetDeflection L2 (CDD) ===>> 0
testing L2_CDD_==3250
evaluate ot="L2(CDD).deflection==3250" t="L2_CDD_==3250", ctx="{'L2_CDD_': 0.0}"
GetDeflection L2 (CDD) ===>> 0
testing L2_CDD_==3250
evaluate ot="L2(CDD).deflection==3250" t="L2_CDD_==3250", ctx="{'L2_CDD_': 0.0}"
15:46:48 -- collecting point 400
waiting for write to finish
measurement finished
estimated time: 419.430 actual time: :420.557
flush and close file /Users/obama/PychronDev/data/isotopes/b4/44ee89-2a0b-4b67-9ef1-7bace1ee4083.h5
baselines () {'settling_time': 15.0, 'detector': 'H2', 'mass': 39.862, 'ncounts': 120}
%%%%%%%%%%%%%%%%%%%%%%%%%%%%%%%% Baseline
build tables- baseline [Detector(H2), Detector(H1), Detector(AX), Detector(L1), Detector(L2(CDD))]
add group baseline table H2
add group baseline table H1
add group baseline table AX
add group baseline table L1
add group baseline table L2(CDD)
flush and close file /Users/obama/PychronDev/data/isotopes/b4/44ee89-2a0b-4b67-9ef1-7bace1ee4083.h5
detector Detector(H2)
POSITION 39.862 H2
Mapping mass to dac mass func: "parabolic"
H2 map mass coeffs = [ -2.56720193e-04   9.47812314e-02   3.88574975e-01]
H2 map mass to dac 39.862 >> 3.75882141492
GetHighVoltage ===>> 9900
positioning 39.862 (3.75882141492) on H2
setting magnet DAC
current  : 3.766280
requested: 3.758821
Delta Dac: 0.007459
Checking detector protection. dv=0.00746
SetMagnetDAC 3.75882141492 ===>> OK
Magnet settling time: 0.500 0.500
Magnet settling complete
set_dac. change=True
Delaying 15.0s for detectors to settle
Join finished
measuring baseline. ncounts=120
"baseline" increment series count="2" fit count="1" regressing="True"
starting measurement
set states for children of O. state=False
set states for children of S. state=False
handle state [('O', False), ('S', False)]
update switch state O False args=() kw={'refresh': True} ncanvase=3
update switch state S False args=() kw={'refresh': False} ncanvase=3
refresh_canvas_needed fired
set states for children of R. state=True
handle state [('R', True)]
update switch state R True args=() kw={'refresh': False} ncanvase=3
refresh_canvas_needed fired
GetDeflection L2 (CDD) ===>> 0
testing L2_CDD_==3250
evaluate ot="L2(CDD).deflection==3250" t="L2_CDD_==3250", ctx="{'L2_CDD_': 0.0}"
set states for children of R. state=False
handle state [('R', False)]
update switch state R False args=() kw={'refresh': False} ncanvase=3
refresh_canvas_needed fired
set states for children of S. state=True
set states for children of R. state=True
handle state [('S', True), ('R', True)]
update switch state S True args=() kw={'refresh': True} ncanvase=3
update switch state R True args=() kw={'refresh': False} ncanvase=3
refresh_canvas_needed fired
GetDeflection L2 (CDD) ===>> 0
testing L2_CDD_==3250
evaluate ot="L2(CDD).deflection==3250" t="L2_CDD_==3250", ctx="{'L2_CDD_': 0.0}"
15:47:31 -- collecting point 25
set states for children of R. state=False
handle state [('R', False)]
update switch state R False args=() kw={'refresh': False} ncanvase=3
refresh_canvas_needed fired
set states for children of U. state=True
handle state [('U', True)]
update switch state U True args=() kw={'refresh': False} ncanvase=3
refresh_canvas_needed fired
GetDeflection L2 (CDD) ===>> 0
testing L2_CDD_==3250
evaluate ot="L2(CDD).deflection==3250" t="L2_CDD_==3250", ctx="{'L2_CDD_': 0.0}"
GetDeflection L2 (CDD) ===>> 0
testing L2_CDD_==3250
evaluate ot="L2(CDD).deflection==3250" t="L2_CDD_==3250", ctx="{'L2_CDD_': 0.0}"
15:47:57 -- collecting point 50
GetDeflection L2 (CDD) ===>> 0
testing L2_CDD_==3250
evaluate ot="L2(CDD).deflection==3250" t="L2_CDD_==3250", ctx="{'L2_CDD_': 0.0}"
GetDeflection L2 (CDD) ===>> 0
testing L2_CDD_==3250
evaluate ot="L2(CDD).deflection==3250" t="L2_CDD_==3250", ctx="{'L2_CDD_': 0.0}"
GetDeflection L2 (CDD) ===>> 0
testing L2_CDD_==3250
evaluate ot="L2(CDD).deflection==3250" t="L2_CDD_==3250", ctx="{'L2_CDD_': 0.0}"
15:48:23 -- collecting point 75
GetDeflection L2 (CDD) ===>> 0
testing L2_CDD_==3250
evaluate ot="L2(CDD).deflection==3250" t="L2_CDD_==3250", ctx="{'L2_CDD_': 0.0}"
GetDeflection L2 (CDD) ===>> 0
testing L2_CDD_==3250
evaluate ot="L2(CDD).deflection==3250" t="L2_CDD_==3250", ctx="{'L2_CDD_': 0.0}"
15:48:50 -- collecting point 100
GetDeflection L2 (CDD) ===>> 0
testing L2_CDD_==3250
evaluate ot="L2(CDD).deflection==3250" t="L2_CDD_==3250", ctx="{'L2_CDD_': 0.0}"
GetDeflection L2 (CDD) ===>> 0
testing L2_CDD_==3250
evaluate ot="L2(CDD).deflection==3250" t="L2_CDD_==3250", ctx="{'L2_CDD_': 0.0}"
waiting for write to finish
measurement finished
estimated time: 125.829 actual time: :126.251
flush and close file /Users/obama/PychronDev/data/isotopes/b4/44ee89-2a0b-4b67-9ef1-7bace1ee4083.h5
activate_detectors ('H1', 'L2(CDD)') {'peak_center': True}
peak_center () {'detector': 'H2', 'save': False, 'integration_time': 1.048576, 'isotope': 'Ar40'}
peak center: mean=184.84135254 threshold=1.0
peak center started
setup peak center. detector=['H2', 'H1', 'L2(CDD)'], isotope=Ar40
VersionedUnpickler [<apptools.sweet_pickle.versioned_unpickler.VersionedUnpickler object at 0x1270a1d70>] using Updater [<apptools.sweet_pickle.updater.Updater object at 0x1270a1e90>]
VersionedUnpickler [<apptools.sweet_pickle.versioned_unpickler.VersionedUnpickler object at 0x1270a1d70>] using Updater [<apptools.sweet_pickle.updater.Updater object at 0x1270a1e90>]
VersionedUnpickler [<apptools.sweet_pickle.versioned_unpickler.VersionedUnpickler object at 0x1270a1d70>] using Updater [<apptools.sweet_pickle.updater.Updater object at 0x1270a1e90>]
setting integration time = 0.524288
SetIntegrationTime 0.524288 ===>> OK
Mapping mass to dac mass func: "parabolic"
H2 map mass coeffs = [ -2.56720193e-04   9.47812314e-02   3.88574975e-01]
H2 map mass to dac 39.9624 >> 3.76628
GetHighVoltage ===>> 9900
do peak center. <pychron.spectrometer.jobs.peak_center.PeakCenter object at 0x1270a1b30>
doing pc
starting peak center. center dac= 3.76628 step_width=0.0001
width = 0.0001
get scan parameters. half-width=0.002,window=0.002, i=0, scalar=1
Scan parameters center=3.76628 width=0.00400 (3.76428 - 3.76828)
Moving to starting dac 3.76428
setting magnet DAC
current  : 3.758821
requested: 3.764280
Delta Dac: 0.005459
Checking detector protection. dv=0.00546
SetMagnetDAC 3.76428 ===>> OK
Magnet settling time: 0.500 0.500
Magnet settling complete
set_dac. change=True
Wait until signal near baseline. tol= 0.160199322951. timeout= 10
Peak center failed to move to a baseline position
_do_sweep sm= 3.76428, em= 3.76828, stm= 0.0001
calculated step values: start=3.76428, end=3.76828, width=0.0001, nsteps=41.0
setting magnet DAC
current  : 3.764280
requested: 3.764280
Delta Dac: 0.000000
Checking detector protection. dv=0.00000
set_dac. change=False
setting magnet DAC
current  : 3.764280
requested: 3.764383
Delta Dac: 0.000103
Checking detector protection. dv=0.00010
Magnet settling time: 1.049 0.500
Magnet settling complete
set_dac. change=True
setting magnet DAC
current  : 3.764383
requested: 3.764485
Delta Dac: 0.000103
Checking detector protection. dv=0.00010
Magnet settling time: 1.049 0.500
Magnet settling complete
set_dac. change=True
setting magnet DAC
current  : 3.764485
requested: 3.764588
Delta Dac: 0.000103
Checking detector protection. dv=0.00010
Magnet settling time: 1.049 0.500
Magnet settling complete
set_dac. change=True
setting magnet DAC
current  : 3.764588
requested: 3.764690
Delta Dac: 0.000103
Checking detector protection. dv=0.00010
Magnet settling time: 1.049 0.500
Magnet settling complete
set_dac. change=True
setting magnet DAC
current  : 3.764690
requested: 3.764793
Delta Dac: 0.000103
Checking detector protection. dv=0.00010
Magnet settling time: 1.049 0.500
Magnet settling complete
set_dac. change=True
setting magnet DAC
current  : 3.764793
requested: 3.764895
Delta Dac: 0.000103
Checking detector protection. dv=0.00010
Magnet settling time: 1.049 0.500
Magnet settling complete
set_dac. change=True
setting magnet DAC
current  : 3.764895
requested: 3.764998
Delta Dac: 0.000103
Checking detector protection. dv=0.00010
Magnet settling time: 1.049 0.500
Magnet settling complete
set_dac. change=True
setting magnet DAC
current  : 3.764998
requested: 3.765101
Delta Dac: 0.000103
Checking detector protection. dv=0.00010
Magnet settling time: 1.049 0.500
Magnet settling complete
set_dac. change=True
setting magnet DAC
current  : 3.765101
requested: 3.765203
Delta Dac: 0.000103
Checking detector protection. dv=0.00010
Magnet settling time: 1.049 0.500
Magnet settling complete
set_dac. change=True
setting magnet DAC
current  : 3.765203
requested: 3.765306
Delta Dac: 0.000103
Checking detector protection. dv=0.00010
Magnet settling time: 1.049 0.500
Magnet settling complete
set_dac. change=True
setting magnet DAC
current  : 3.765306
requested: 3.765408
Delta Dac: 0.000103
Checking detector protection. dv=0.00010
Magnet settling time: 1.049 0.500
Magnet settling complete
set_dac. change=True
setting magnet DAC
current  : 3.765408
requested: 3.765511
Delta Dac: 0.000103
Checking detector protection. dv=0.00010
Magnet settling time: 1.049 0.500
Magnet settling complete
set_dac. change=True
setting magnet DAC
current  : 3.765511
requested: 3.765613
Delta Dac: 0.000103
Checking detector protection. dv=0.00010
Magnet settling time: 1.049 0.500
Magnet settling complete
set_dac. change=True
setting magnet DAC
current  : 3.765613
requested: 3.765716
Delta Dac: 0.000103
Checking detector protection. dv=0.00010
Magnet settling time: 1.049 0.500
Magnet settling complete
set_dac. change=True
setting magnet DAC
current  : 3.765716
requested: 3.765818
Delta Dac: 0.000103
Checking detector protection. dv=0.00010
Magnet settling time: 1.049 0.500
Magnet settling complete
set_dac. change=True
setting magnet DAC
current  : 3.765818
requested: 3.765921
Delta Dac: 0.000103
Checking detector protection. dv=0.00010
Magnet settling time: 1.049 0.500
Magnet settling complete
set_dac. change=True
setting magnet DAC
current  : 3.765921
requested: 3.766024
Delta Dac: 0.000103
Checking detector protection. dv=0.00010
Magnet settling time: 1.049 0.500
Magnet settling complete
set_dac. change=True
setting magnet DAC
current  : 3.766024
requested: 3.766126
Delta Dac: 0.000103
Checking detector protection. dv=0.00010
Magnet settling time: 1.049 0.500
Magnet settling complete
set_dac. change=True
setting magnet DAC
current  : 3.766126
requested: 3.766229
Delta Dac: 0.000103
Checking detector protection. dv=0.00010
Magnet settling time: 1.049 0.500
Magnet settling complete
set_dac. change=True
setting magnet DAC
current  : 3.766229
requested: 3.766331
Delta Dac: 0.000103
Checking detector protection. dv=0.00010
Magnet settling time: 1.049 0.500
Magnet settling complete
set_dac. change=True
setting magnet DAC
current  : 3.766331
requested: 3.766434
Delta Dac: 0.000103
Checking detector protection. dv=0.00010
Magnet settling time: 1.049 0.500
Magnet settling complete
set_dac. change=True
setting magnet DAC
current  : 3.766434
requested: 3.766536
Delta Dac: 0.000103
Checking detector protection. dv=0.00010
Magnet settling time: 1.049 0.500
Magnet settling complete
set_dac. change=True
setting magnet DAC
current  : 3.766536
requested: 3.766639
Delta Dac: 0.000103
Checking detector protection. dv=0.00010
Magnet settling time: 1.049 0.500
Magnet settling complete
set_dac. change=True
setting magnet DAC
current  : 3.766639
requested: 3.766742
Delta Dac: 0.000103
Checking detector protection. dv=0.00010
Magnet settling time: 1.049 0.500
Magnet settling complete
set_dac. change=True
setting magnet DAC
current  : 3.766742
requested: 3.766844
Delta Dac: 0.000103
Checking detector protection. dv=0.00010
Magnet settling time: 1.049 0.500
Magnet settling complete
set_dac. change=True
setting magnet DAC
current  : 3.766844
requested: 3.766947
Delta Dac: 0.000103
Checking detector protection. dv=0.00010
Magnet settling time: 1.049 0.500
Magnet settling complete
set_dac. change=True
setting magnet DAC
current  : 3.766947
requested: 3.767049
Delta Dac: 0.000103
Checking detector protection. dv=0.00010
Magnet settling time: 1.049 0.500
Magnet settling complete
set_dac. change=True
setting magnet DAC
current  : 3.767049
requested: 3.767152
Delta Dac: 0.000103
Checking detector protection. dv=0.00010
Magnet settling time: 1.049 0.500
Magnet settling complete
set_dac. change=True
setting magnet DAC
current  : 3.767152
requested: 3.767254
Delta Dac: 0.000103
Checking detector protection. dv=0.00010
Magnet settling time: 1.049 0.500
Magnet settling complete
set_dac. change=True
setting magnet DAC
current  : 3.767254
requested: 3.767357
Delta Dac: 0.000103
Checking detector protection. dv=0.00010
Magnet settling time: 1.049 0.500
Magnet settling complete
set_dac. change=True
setting magnet DAC
current  : 3.767357
requested: 3.767459
Delta Dac: 0.000103
Checking detector protection. dv=0.00010
Magnet settling time: 1.049 0.500
Magnet settling complete
set_dac. change=True
setting magnet DAC
current  : 3.767459
requested: 3.767562
Delta Dac: 0.000103
Checking detector protection. dv=0.00010
Magnet settling time: 1.049 0.500
Magnet settling complete
set_dac. change=True
setting magnet DAC
current  : 3.767562
requested: 3.767665
Delta Dac: 0.000103
Checking detector protection. dv=0.00010
Magnet settling time: 1.049 0.500
Magnet settling complete
set_dac. change=True
setting magnet DAC
current  : 3.767665
requested: 3.767767
Delta Dac: 0.000103
Checking detector protection. dv=0.00010
Magnet settling time: 1.049 0.500
Magnet settling complete
set_dac. change=True
setting magnet DAC
current  : 3.767767
requested: 3.767870
Delta Dac: 0.000103
Checking detector protection. dv=0.00010
Magnet settling time: 1.049 0.500
Magnet settling complete
set_dac. change=True
setting magnet DAC
current  : 3.767870
requested: 3.767972
Delta Dac: 0.000103
Checking detector protection. dv=0.00010
Magnet settling time: 1.049 0.500
Magnet settling complete
set_dac. change=True
setting magnet DAC
current  : 3.767972
requested: 3.768075
Delta Dac: 0.000103
Checking detector protection. dv=0.00010
Magnet settling time: 1.049 0.500
Magnet settling complete
set_dac. change=True
setting magnet DAC
current  : 3.768075
requested: 3.768177
Delta Dac: 0.000103
Checking detector protection. dv=0.00010
Magnet settling time: 1.049 0.500
Magnet settling complete
set_dac. change=True
setting magnet DAC
current  : 3.768177
requested: 3.768280
Delta Dac: 0.000103
Checking detector protection. dv=0.00010
Magnet settling time: 1.049 0.500
Magnet settling complete
set_dac. change=True
result of _do_sweep=True
result of _calculate_peak_center=([3.7651176753507021, 3.7662679759519042, 3.7674182765531068], [135.08674048159463, 181.42271787371786, 133.64637873278886], 3.7666367134268541, 181.42271787371786)
Failed to find a valid peak. No peak greater than 1.0. max = 0.21471896354
new center pos Detector(H2) (Ar40) @ 3.76626797595
GetHighVoltage ===>> 9900
dac uncorrected for HV and deflection 3.76626797595
setting integration time = 1.048576
SetIntegrationTime 1.048576 ===>> OK
Failed to find a valid peak. No peak greater than 1.0. max = 0.21471896354
flush and close file /Users/obama/PychronDev/data/isotopes/b4/44ee89-2a0b-4b67-9ef1-7bace1ee4083.h5
sweep finished
finished measure script
executed snippet estimated_duration=590.4304, duration=652.658828974
felix_analysis400_120_no_save_center.py completed successfully
Measurement Finished
15:50:05 -- ******* Measurement Finished *******
Post Measurement Started felix_pump_ms.py
15:50:05 -- ******* Post Measurement Started felix_pump_ms.py *******
testing...
no interpolation path defined
executed snippet estimated_duration=0, duration=3.79085540771e-05
Pumping spectrometer
open () {'name': 'V'}
open name=V desc=---
checking ownership. requestor=129.138.12.137
check software interlocks V
interlocks []
actuate state mode=None-script, software_lock=False
doing actuation None-script open_channel True
Open V ===>> OK
GetIndicatorState V ===>> OK
change switch state (True, True)
update switch state V True args=() kw={} ncanvase=3
15:50:06 -- OPEN   VALVE-V (Felix Ion Pump)
-------------------------- open V () result=[(True, True)]
action=open, ok=True, locked=[False]
executed snippet estimated_duration=0, duration=0.378817081451
felix_pump_ms.py completed successfully
setting _ms_pumptime
Post Measurement Finished
15:50:06 -- ******* Post Measurement Finished *******
$$$$$$$$$$$$$$$$$$$$ state at run end measurement
state changed from measurement to success
post measurement save measured=True aborted=False
Set filtering
setting fod for Ar40= {'filter_outliers': True, 'std_devs': 2, 'iterations': 2}
setting fod for H2= {'filter_outliers': True, 'std_devs': 2, 'iterations': 1}
setting fod for Ar36= {'filter_outliers': True, 'std_devs': 2, 'iterations': 2}
setting fod for L2(CDD)= {'filter_outliers': True, 'std_devs': 2, 'iterations': 1}
setting fod for Ar37= {'filter_outliers': True, 'std_devs': 2, 'iterations': 2}
setting fod for L1= {'filter_outliers': True, 'std_devs': 2, 'iterations': 1}
setting fod for Ar38= {'filter_outliers': True, 'std_devs': 2, 'iterations': 2}
setting fod for AX= {'filter_outliers': True, 'std_devs': 2, 'iterations': 1}
setting fod for Ar39= {'filter_outliers': True, 'std_devs': 2, 'iterations': 2}
setting fod for H1= {'filter_outliers': True, 'std_devs': 2, 'iterations': 1}
not connected to db mysql://felixexp@129.138.12.160/labspy
Enviromentals: {'lab_humiditys': [{'device': 'EnvironmentalMonitor',
                    'name': 'Lab Hum.',
                    'pub_date': '2017-08-29T15:36:47',
                    'title': 'iServer Hum.',
                    'value': 47.3}],
 'lab_pneumatics': [{'device': 'AirPressure',
                     'name': 'Pressure',
                     'pub_date': '2017-08-29T15:49:52',
                     'title': None,
                     'value': 101.475},
                    {'device': 'AirPressure2',
                     'name': 'Pressure2',
                     'pub_date': '2017-08-29T15:49:53',
                     'title': None,
                     'value': 103.25224}],
 'lab_temperatures': [{'device': 'EnvironmentalMonitor',
                       'name': 'Lab Temp.',
                       'pub_date': '2017-08-29T14:30:48',
                       'title': 'iServer Temp.',
                       'value': 73.2},
                      {'device': 'Chiller',
                       'name': 'Coolant Temp.',
                       'pub_date': '2017-08-29T14:02:14',
                       'title': None,
                       'value': 18.0}]}
persistence save...
persistence save - db
post measurement save
4704151504 connecting to database sqlite://@/
connected to db sqlite://@/
create new session 4704151504
close session 4704151504
No database instance. Not saving post measurement to isotopedb database
$$$$$$$$$$$$$$$ auto_save_detector_ic=False
massspec enabled True
create new session 4775402384
MassSpec Database Version: 16.0
close session 4775402384
saving post measurement to secondary database
saving to massspec database 129.138.12.160/massspecdata
setting labnumber to 65807
setting aliquot to 1
setting step to I
setting uuid to b444ee89-2a0b-4b67-9ef1-7bace1ee4083
setting irradpos to 65807
setting extract_device to NMGRL Furnace
setting tray to 
setting position to 6
setting power_requested to 790.0
setting extract_value to 790.0
setting duration to 1920.0
setting duration_at_request to 1920.0
setting first_stage_delay to 1920.0
setting cleanup to 30.0
setting comment to gas in mass spec for long time
setting irradiation to NM-291
setting level to D
setting irradiation_level to D
setting sample to 1278
setting material to Muscovite
setting project to IR1013
setting mass_spectrometer to Felix
no attribute chron_dosages
no attribute production_ratios
no attribute interference_corrections
no attribute production_name
no attribute j
adding new session for Felix
Reference Isotope=Ar40
Reference Detector=H2
%%%%%%%%%%%%%%%%%%%% Comment: gas in mass spec for long time %%%%%%%%%%%%%%%%%%%
adding isotope Ar40 H2
add baseline dbdet= Ar40. original det= H2
get baseline data Ar40 H2
Get data baseline <pychron.processing.isotope.Baseline object at 0x1242ffe50> len t=120
baseline Ar40. v=0.0286307341401, e=0.00973127852997
get signal data Ar40 H2
Get data signal Ar40 192.868+/-0.033 len t=400
adding isotope Ar39 H1
add baseline dbdet= Ar39. original det= H1
get baseline data Ar39 H1
Get data baseline <pychron.processing.isotope.Baseline object at 0x124311050> len t=120
baseline Ar39. v=-0.0610521570277, e=0.0110091563854
get signal data Ar39 H1
Get data signal Ar39 12.787+/-0.023 len t=400
adding isotope Ar38 AX
add baseline dbdet= Ar38. original det= AX
get baseline data Ar38 AX
Get data baseline <pychron.processing.isotope.Baseline object at 0x124311210> len t=120
baseline Ar38. v=-0.117175759174, e=0.00975057326352
get signal data Ar38 AX
Get data signal Ar38 0.216+/-0.014 len t=400
adding isotope Ar37 L1
add baseline dbdet= Ar37. original det= L1
get baseline data Ar37 L1
Get data baseline <pychron.processing.isotope.Baseline object at 0x1243113d0> len t=120
baseline Ar37. v=-0.628029619498, e=0.00945952791774
get signal data Ar37 L1
Get data signal Ar37 0.059+/-0.013 len t=400
adding isotope Ar36 L2(CDD)
add baseline dbdet= Ar36. original det= L2(CDD)
get baseline data Ar36 L2(CDD)
Get data baseline <pychron.processing.isotope.Baseline object at 0x124311590> len t=120
baseline Ar36. v=0.0, e=0.0
get signal data Ar36 L2(CDD)
Get data signal Ar36 0.2085+/-0.0009 len t=400
65807-01I added analysis time 0.648114919662s
analysis added to mass spec database
mass spec save time= 0.659
persistence save - dvc
================= post measurement started
create new session 4711712432
close session 4711712432
add to repo msg=modified - felix_analysis400_120_no_save_center.py
add to repo msg=modified - felix_furnace.py
add to repo msg=modified - felix_pump_ms.py
add to repo msg=modified - felix_pump_extraction_line.py
---------------- Experiment Queue saving disabled
DVC saving peakcenter
Failed to find a valid peak. No peak greater than 1.0. max = 0.21471896354
Smart pull ahead: 0 behind: 0
Up-to-date with origin
add to repo msg=modified - 44c6f8761147de90179e8a3952e48831c78a9a46.json
add to repo msg=modified - 07-01I.json
add to repo msg=modified - 07-01I.dat.json
add to repo msg=modified - 07-01I.blan.json
add to repo msg=modified - 07-01I.inte.json
add to repo msg=modified - 07-01I.icfa.json
add to repo msg=modified - 07-01I.base.json
not at valid file /Users/obama/PychronDev/data/.dvc/repositories/IR1013/658/tags/07-01I.tags.json
add to repo msg=modified - 07-01I.peak.json
add to repo msg=modified - 07-01I.extr.json
not at valid file /Users/obama/PychronDev/data/.dvc/repositories/IR1013/658/monitor/07-01I.moni.json
commit message=<COLLECTION>
add to repo msg=modified - 07-01I.inte.json
add to repo msg=modified - 07-01I.base.json
commit message=<ISOEVO> default collection fits
add to repo msg=modified - 07-01I.blan.json
commit message=<BLANKS> preceding 
add to repo msg=modified - 07-01I.icfa.json
commit message=<ICFactor> default
push repository <pychron.git_archive.repo_manager.GitRepoManager object at 0x122091e30>
pushing to remote=origin, url=https://github.com
Smart pull ahead: 0 behind: 0
Up-to-date with origin
no changes to meta repo
create new session 4711712432
add association IR1013
get identifier "65807"
setting analysis irradiation position=<pychron.dvc.dvc_orm.IrradiationPositionTbl object at 0x11e5ed710>
close session 4711712432
================= post measurement finished
15:50:21 -- ******* Post Run Check *******
loading queue conditionals post_run_actions
queue conditionals path /Users/obama/PychronDev/queue_conditionals/normal.yaml
loading conditionals from /Users/obama/PychronDev/queue_conditionals/normal.yaml
loading system conditionals post_run_actions
loading conditionals from /Users/obama/PychronDev/setupfiles/spectrometer/default_conditionals.yaml
loading queue conditionals post_run_terminations
queue conditionals path /Users/obama/PychronDev/queue_conditionals/normal.yaml
loading conditionals from /Users/obama/PychronDev/queue_conditionals/normal.yaml
loading system conditionals post_run_terminations
loading conditionals from /Users/obama/PychronDev/setupfiles/spectrometer/default_conditionals.yaml
Checking default post run terminations n=1
GetDeflection L2 (CDD) ===>> 0
testing L2_CDD_==3250
evaluate ot="L2(CDD).deflection==3250" t="L2_CDD_==3250", ctx="{'L2_CDD_': 0.0}"
15:50:21 -- ******* Post Run Check Passed *******
15:50:21 -- Automated run 65807-01I success duration: 715.777 s
----------------- finish -----------------
----------------- stop -----------------
retroactive repository identifiers disabled
finish run. runs completed=1
update duration runid=65807-01I, duration=715.776528835, md5=755474b7
loading script "felix_analysis400_120_no_save_center.py"
loading script "felix_pump_ms.py"
loading script "felix_furnace.py"
loading script "felix_pump_extraction_line.py"
testing...
no interpolation path defined
executed snippet estimated_duration=559.2304, duration=0.000312805175781
script duration name:analysis400_120_no_save_center seconds:559.0
loading script "felix_analysis400_120_no_save_center.py"
loading script "felix_pump_ms.py"
loading script "felix_furnace.py"
loading script "felix_pump_extraction_line.py"
testing...
no interpolation path defined
executed snippet estimated_duration=0, duration=4.19616699219e-05
loading script "felix_analysis400_120_no_save_center.py"
loading script "felix_pump_ms.py"
loading script "felix_furnace.py"
loading script "felix_pump_extraction_line.py"
testing...
no interpolation path defined
executed snippet estimated_duration=184.0, duration=0.000477075576782
script duration name:furnace seconds:184.0
loading script "felix_analysis400_120_no_save_center.py"
loading script "felix_pump_ms.py"
loading script "felix_furnace.py"
loading script "felix_pump_extraction_line.py"
testing...
no interpolation path defined
calculate duration
testing...
no interpolation path defined
executed snippet estimated_duration=4.0, duration=0.000261068344116
executed snippet estimated_duration=4.0, duration=0.0023341178894
Script duration 743.0
Run total estimated duration= 744.000
analysis400_120_no_save_center in script context. using previous estimated duration
script duration name:analysis400_120_no_save_center seconds:559.0
pump_ms in script context. using previous estimated duration
furnace in script context. using previous estimated duration
script duration name:furnace seconds:184.0
pump_extraction_line in script context. using previous estimated duration
Script duration 743.0
Run total estimated duration= 744.000
script duration name:analysis400_120_no_save_center seconds:559.0
script duration name:furnace seconds:184.0
Script duration 743.0
Run total estimated duration= 744.000
script duration name:analysis400_120_no_save_center seconds:559.0
script duration name:furnace seconds:184.0
Script duration 743.0
Run total estimated duration= 744.000
script duration name:analysis400_120_no_save_center seconds:559.0
script duration name:furnace seconds:184.0
Script duration 743.0
Run total estimated duration= 744.000
script duration name:analysis400_120_no_save_center seconds:559.0
script duration name:furnace seconds:184.0
Script duration 743.0
Run total estimated duration= 744.000
script duration name:analysis400_120_no_save_center seconds:559.0
script duration name:furnace seconds:184.0
Script duration 743.0
Run total estimated duration= 744.000
script duration name:analysis400_120_no_save_center seconds:559.0
script duration name:furnace seconds:184.0
Script duration 743.0
Run total estimated duration= 744.000
script duration name:analysis400_120_no_save_center seconds:559.0
script duration name:furnace seconds:184.0
Script duration 743.0
Run total estimated duration= 744.000
loading script "felix_analysis400_120_CDD_center.py"
loading script "felix_pump_ms.py"
loading script "felix_air_x2.py"
loading script "felix_pump_extraction_line.py"
testing...
no interpolation path defined
executed snippet estimated_duration=559.2304, duration=0.000307083129883
script duration name:analysis400_120_CDD_center seconds:559.0
loading script "felix_analysis400_120_CDD_center.py"
loading script "felix_pump_ms.py"
loading script "felix_air_x2.py"
loading script "felix_pump_extraction_line.py"
testing...
no interpolation path defined
calculate duration
testing...
no interpolation path defined
executed snippet estimated_duration=0, duration=8.60691070557e-05
calculate duration
testing...
no interpolation path defined
executed snippet estimated_duration=0, duration=0.000174045562744
calculate duration
testing...
no interpolation path defined
executed snippet estimated_duration=32.0, duration=0.000153064727783
calculate duration
testing...
no interpolation path defined
executed snippet estimated_duration=34.0, duration=0.000184059143066
calculate duration
testing...
no interpolation path defined
executed snippet estimated_duration=2.0, duration=0.000102996826172
calculate duration
testing...
no interpolation path defined
executed snippet estimated_duration=34.0, duration=0.000114917755127
calculate duration
testing...
no interpolation path defined
executed snippet estimated_duration=34.0, duration=0.000179052352905
calculate duration
testing...
no interpolation path defined
executed snippet estimated_duration=34.0, duration=0.000116109848022
executed snippet estimated_duration=174.0, duration=0.0357489585876
script duration name:air_x2 seconds:174.0
Script duration 733.0
Run total estimated duration= 734.000
script duration name:analysis400_120_no_save_center seconds:559.0
script duration name:furnace seconds:184.0
Script duration 743.0
Run total estimated duration= 744.000
script duration name:analysis400_120_no_save_center seconds:559.0
script duration name:furnace seconds:184.0
Script duration 743.0
Run total estimated duration= 744.000
script duration name:analysis400_120_no_save_center seconds:559.0
script duration name:furnace seconds:184.0
Script duration 743.0
Run total estimated duration= 744.000
script duration name:analysis400_120_no_save_center seconds:559.0
script duration name:furnace seconds:184.0
Script duration 743.0
Run total estimated duration= 744.000
script duration name:analysis400_120_no_save_center seconds:559.0
script duration name:furnace seconds:184.0
Script duration 743.0
Run total estimated duration= 744.000
script duration name:analysis400_120_no_save_center seconds:559.0
script duration name:furnace seconds:184.0
Script duration 743.0
Run total estimated duration= 744.000
script duration name:analysis400_120_no_save_center seconds:559.0
script duration name:furnace seconds:184.0
Script duration 743.0
Run total estimated duration= 744.000
script duration name:analysis400_120_no_save_center seconds:559.0
script duration name:furnace seconds:184.0
Script duration 743.0
Run total estimated duration= 744.000
loading script "felix_analysis400_120 no center.py"
loading script "felix_pump_ms.py"
loading script "felix_air_x2.py"
loading script "felix_pump_extraction_line.py"
testing...
no interpolation path defined
executed snippet estimated_duration=559.2304, duration=0.000186920166016
script duration name:analysis400_120 no center seconds:559.0
air_x2 in script context. using previous estimated duration
script duration name:air_x2 seconds:174.0
Script duration 733.0
Run total estimated duration= 734.000
analysis400_120_CDD_center in script context. using previous estimated duration
script duration name:analysis400_120_CDD_center seconds:559.0
script duration name:air_x2 seconds:174.0
Script duration 733.0
Run total estimated duration= 734.000
script duration name:analysis400_120_CDD_center seconds:559.0
script duration name:air_x2 seconds:174.0
Script duration 733.0
Run total estimated duration= 734.000
analysis400_120 no center in script context. using previous estimated duration
script duration name:analysis400_120 no center seconds:559.0
loading script "felix_analysis400_120 no center.py"
loading script "felix_pump_ms.py"
loading script "felix_cocktail_x3.py"
loading script "felix_pump_extraction_line.py"
testing...
no interpolation path defined
calculate duration
testing...
no interpolation path defined
executed snippet estimated_duration=0, duration=7.70092010498e-05
calculate duration
testing...
no interpolation path defined
executed snippet estimated_duration=0, duration=0.000173091888428
calculate duration
testing...
no interpolation path defined
executed snippet estimated_duration=32.0, duration=0.000134944915771
calculate duration
testing...
no interpolation path defined
executed snippet estimated_duration=34.0, duration=0.00016188621521
calculate duration
testing...
no interpolation path defined
executed snippet estimated_duration=2.0, duration=0.000102043151855
calculate duration
testing...
no interpolation path defined
executed snippet estimated_duration=34.0, duration=0.000124216079712
calculate duration
testing...
no interpolation path defined
executed snippet estimated_duration=34.0, duration=0.000203132629395
calculate duration
testing...
no interpolation path defined
executed snippet estimated_duration=34.0, duration=0.000130891799927
calculate duration
testing...
no interpolation path defined
executed snippet estimated_duration=34.0, duration=0.000166893005371
calculate duration
testing...
no interpolation path defined
executed snippet estimated_duration=34.0, duration=0.000111103057861
executed snippet estimated_duration=244.0, duration=0.0481288433075
script duration name:cocktail_x3 seconds:244.0
Script duration 803.0
Run total estimated duration= 804.000
script duration name:analysis400_120_no_save_center seconds:559.0
cocktail_x3 in script context. using previous estimated duration
script duration name:cocktail_x3 seconds:244.0
Script duration 803.0
Run total estimated duration= 804.000
script duration name:analysis400_120_no_save_center seconds:559.0
script duration name:cocktail_x3 seconds:244.0
Script duration 803.0
Run total estimated duration= 804.000
script duration name:analysis400_120 no center seconds:559.0
script duration name:furnace seconds:184.0
Script duration 743.0
Run total estimated duration= 744.000
nruns=25 before=5.0, run_dur=18740.0, btw=155.0
write rem/ex queues
/Users/obama/PychronDev/experiments/rem/CurrentExperiment.rem.txt
/Users/obama/PychronDev/experiments/rem/CurrentExperiment.ex.txt
doing event level: 3
add run
