do run
loading script "felix_analysis400_120_no_save_center.py"
loading script "felix_pump_ms.py"
loading script "felix_furnace.py"
loading script "felix_pump_extraction_line.py"
testing...
no interpolation path defined
executed snippet estimated_duration=559.2304, duration=0.000284910202026
script duration name:analysis400_120_no_save_center seconds:559.0
loading script "felix_analysis400_120_no_save_center.py"
loading script "felix_pump_ms.py"
loading script "felix_furnace.py"
loading script "felix_pump_extraction_line.py"
testing...
no interpolation path defined
executed snippet estimated_duration=0, duration=2.71797180176e-05
loading script "felix_analysis400_120_no_save_center.py"
loading script "felix_pump_ms.py"
loading script "felix_furnace.py"
loading script "felix_pump_extraction_line.py"
testing...
no interpolation path defined
executed snippet estimated_duration=184.0, duration=0.000428915023804
script duration name:furnace seconds:184.0
loading script "felix_analysis400_120_no_save_center.py"
loading script "felix_pump_ms.py"
loading script "felix_furnace.py"
loading script "felix_pump_extraction_line.py"
testing...
no interpolation path defined
calculate duration
testing...
no interpolation path defined
executed snippet estimated_duration=4.0, duration=0.000204086303711
executed snippet estimated_duration=4.0, duration=0.0013542175293
Script duration 743.0
Run total estimated duration= 744.000
run duration: 0:12:24
doing event level: 2
14:21:09 -- Setting default integration. t=1.048576
setting integration time = 1.048576
SetIntegrationTime 1.048576 ===>> OK
----------------- start -----------------
**************** Experiment Type: Ar/Ar, Ar/Ar
create new session 4740886352
close session 4740886352
$$$$$ Clearing conditionals
adding conditionals 
Add queue conditionals
adding queue conditionals from /Users/obama/PychronDev/queue_conditionals/normal.yaml
add default conditionals
adding default conditionals from /Users/obama/PychronDev/setupfiles/spectrometer/default_conditionals.yaml
Start automated run 65807-01Y
loading script "felix_analysis400_120_no_save_center.py"
loading script "felix_pump_ms.py"
loading script "felix_furnace.py"
loading script "felix_pump_extraction_line.py"
%%%%%%%%%%%%%%%%%% setting automated run 65807-01Y
No value "sensitivity_multiplier" in metadata
$$$$$$$$$$$$$$$ auto_save_detector_ic=False
============================= Pre Extraction Check =============================
loading queue conditionals pre_run_terminations
queue conditionals path /Users/obama/PychronDev/queue_conditionals/normal.yaml
loading conditionals from /Users/obama/PychronDev/queue_conditionals/normal.yaml
loading system conditionals pre_run_terminations
loading conditionals from /Users/obama/PychronDev/setupfiles/spectrometer/default_conditionals.yaml
14:21:09 -- ******* Pre Extraction Check *******
Get a measurement from the spectrometer
Pre Extraction Termination data. keys=L2(CDD),H2,H1,AX,L1,L2, signals=0.00369,-0.17415,-0.04878,-0.22714,-0.65797,-0.19139
14:21:09 -- testing system defined conditionals
Checking default pre extraction terminations n=2
testing L2_CDD_
evaluate ot="L2(CDD).inactive" t="L2_CDD_", ctx="{'L2_CDD_': False}"
GetDeflection L2 (CDD) ===>> 0
testing L2_CDD_==3250
evaluate ot="L2(CDD).deflection==3250" t="L2_CDD_==3250", ctx="{'L2_CDD_': 0.0}"
14:21:09 -- ******* Pre Extraction Check Passed *******
=================================================================================
14:21:09 -- stopping status monitor
stop 4712033744
Status monitor stopped
Status monitor finished
14:21:14 -- starting status monitor
start 4712033744
StatusMonitor period=3. Frequencies(state=1, checksum=3, lock=5, owner=5)
start extraction
do extraction
Analysis started at 14:21:18.633420
Extraction Started felix_furnace.py
14:21:18 -- ******* Extraction Started felix_furnace.py *******
state changed from not run to extraction
DO EXTRACTION <pychron.extraction_line.pyscript_runner.RemotePyScriptRunner object at 0x11ddba650>
testing...
no interpolation path defined
executed snippet estimated_duration=546.0, duration=0.000494003295898
start_response_recorder () {}
start response recorder
Felix unknown furnace analysis
close ('F',) {}
close name=F desc=---
checking ownership. requestor=129.138.12.137
check software interlocks F
interlocks []
actuate state mode=None-script, software_lock=True
VALVE-F(CO2 Laser to Bone) software locked
change switch state (True, False)
-------------------------- close F () result=[(True, False)]
action=close, ok=True, locked=[True]
open ('D',) {}
open name=D desc=---
checking ownership. requestor=129.138.12.137
check software interlocks D
interlocks []
actuate state mode=None-script, software_lock=False
doing actuation None-script open_channel False
Open D ===>> OK
GetPercentOutput ===>> 6.7
GetSetpoint ===>> 400.0
GetIndicatorState D ===>> OK
change switch state (True, True)
update switch state D True args=() kw={} ncanvase=3
GetProcessValue ===>> 400.0
response t=0.000902891159058, out=6.7, setpoint=400.0, response=400.0
14:21:18 -- OPEN   VALVE-D (Bone to CO2 Laser)
-------------------------- open D () result=[(True, True)]
action=open, ok=True, locked=[False]
close ('J',) {}
close name=J desc=---
checking ownership. requestor=129.138.12.137
check software interlocks J
interlocks []
actuate state mode=None-script, software_lock=False
doing actuation None-script close_channel False
Close J ===>> OK
GetIndicatorState J ===>> False
change switch state (True, True)
update switch state J False args=() kw={} ncanvase=3
14:21:19 -- CLOSE  VALVE-J (Bone to APIS)
-------------------------- close J () result=[(True, True)]
action=close, ok=True, locked=[False]
close ('FC',) {}
close name=FC desc=---
checking ownership. requestor=129.138.12.137
check software interlocks FC
interlocks []
actuate state mode=None-script, software_lock=False
doing actuation None-script close_channel True
Close FC ===>> OK
GetPercentOutput ===>> 6.9
GetIndicatorState FC ===>> False
change switch state (True, True)
update switch state FC False args=() kw={} ncanvase=3
GetSetpoint ===>> 400.0
14:21:20 -- CLOSE  VALVE-FC (Furnace Turbo)
-------------------------- close FC () result=[(True, True)]
GetProcessValue ===>> 400.0
response t=2.0049328804, out=6.9, setpoint=400.0, response=400.0
action=close, ok=True, locked=[False]
open ('FH',) {}
open name=FH desc=---
checking ownership. requestor=129.138.12.137
check software interlocks FH
interlocks []
actuate state mode=None-script, software_lock=False
doing actuation None-script open_channel False
Open FH ===>> OK
GetIndicatorState FH ===>> OK
change switch state (True, True)
update switch state FH True args=() kw={} ncanvase=3
14:21:22 -- OPEN   VALVE-FH (Furnace Isolation)
-------------------------- open FH () result=[(True, True)]
action=open, ok=True, locked=[False]
Furnace enabled. Heating sample.
enable () {}
set extraction state NMGRLFurnace Enabled (False, 'red', 1.5)
could not find manager name="NMGRLFurnace" func="enable_device"
set_pid_parameters (1200.0,) {}
setting pid parameters for 1200.0
{"pid": "HO,45;XP,100;TI,15;TD,3", "command": "SetPID"} ===>> OK
BEGIN INTERVAL Interval 1 waiting for 300.0
block started
set extract to 1200.0 (watts)
WaitControl setup for 300.0  
extract () {}
set extraction state NMGRLFurnace ON! 1200.0(watts) (0.75, 'red', 1.5)
extract sample to 1200.0 (watts)
extract
set setpoint to 1200.0
set setpoint=1200.0
setting pid parameters for 1200.0
GetPercentOutput ===>> 6.8
{"pid": "HO,45;XP,100;TI,15;TD,3", "command": "SetPID"} ===>> OK
GetSetpoint ===>> 400.0
{"setpoint": 1200.0, "command": "SetSetpoint"} ===>> OK
sleep (2,) {}
SLEEP 2.0
block started
WaitControl setup for 2.0  
GetProcessValue ===>> 400.0
response t=4.00895810127, out=6.8, setpoint=400.0, response=400.0
GetPercentOutput ===>> 45.0
GetSetpoint ===>> 1200.0
GetProcessValue ===>> 400.0
response t=6.01302194595, out=45.0, setpoint=1200.0, response=400.0
Join finished
block finished. duration 2.03967905045
COMPLETE INTERVAL waiting for Interval 1 to complete
GetPercentOutput ===>> 45.0
GetSetpoint ===>> 1200.0
GetProcessValue ===>> 404.0
response t=8.0127248764, out=45.0, setpoint=1200.0, response=404.0
GetPercentOutput ===>> 45.0
GetSetpoint ===>> 1200.0
GetProcessValue ===>> 416.0
response t=10.0134809017, out=45.0, setpoint=1200.0, response=416.0
GetPercentOutput ===>> 45.0
GetSetpoint ===>> 1200.0
GetProcessValue ===>> 441.0
response t=12.0140910149, out=45.0, setpoint=1200.0, response=441.0
GetPercentOutput ===>> 45.0
GetSetpoint ===>> 1200.0
GetProcessValue ===>> 482.0
response t=14.0179679394, out=45.0, setpoint=1200.0, response=482.0
GetPercentOutput ===>> 45.0
GetSetpoint ===>> 1200.0
GetProcessValue ===>> 547.0
response t=16.0171098709, out=45.0, setpoint=1200.0, response=547.0
GetPercentOutput ===>> 45.0
GetSetpoint ===>> 1200.0
GetProcessValue ===>> 632.0
response t=18.0211129189, out=45.0, setpoint=1200.0, response=632.0
GetPercentOutput ===>> 45.0
GetSetpoint ===>> 1200.0
GetProcessValue ===>> 736.0
response t=20.0251319408, out=45.0, setpoint=1200.0, response=736.0
GetPercentOutput ===>> 45.0
GetSetpoint ===>> 1200.0
GetProcessValue ===>> 836.0
response t=22.0275149345, out=45.0, setpoint=1200.0, response=836.0
GetPercentOutput ===>> 27.1
GetSetpoint ===>> 1200.0
GetProcessValue ===>> 929.0
response t=24.0276339054, out=27.1, setpoint=1200.0, response=929.0
GetPercentOutput ===>> 34.6
GetSetpoint ===>> 1200.0
GetProcessValue ===>> 988.0
response t=26.0268800259, out=34.6, setpoint=1200.0, response=988.0
GetPercentOutput ===>> 45.0
GetSetpoint ===>> 1200.0
GetProcessValue ===>> 1001.0
response t=28.0260648727, out=45.0, setpoint=1200.0, response=1001.0
GetPercentOutput ===>> 44.3
GetSetpoint ===>> 1200.0
GetProcessValue ===>> 1031.0
response t=30.0259649754, out=44.3, setpoint=1200.0, response=1031.0
GetPercentOutput ===>> 17.5
GetSetpoint ===>> 1200.0
GetProcessValue ===>> 1068.0
response t=32.0254230499, out=17.5, setpoint=1200.0, response=1068.0
GetPercentOutput ===>> 45.0
GetSetpoint ===>> 1200.0
GetProcessValue ===>> 1064.0
response t=34.024668932, out=45.0, setpoint=1200.0, response=1064.0
GetPercentOutput ===>> 45.0
GetSetpoint ===>> 1200.0
GetProcessValue ===>> 1062.0
response t=36.0280749798, out=45.0, setpoint=1200.0, response=1062.0
GetPercentOutput ===>> 43.4
GetSetpoint ===>> 1200.0
GetProcessValue ===>> 1086.0
response t=38.0299010277, out=43.4, setpoint=1200.0, response=1086.0
GetPercentOutput ===>> 23.0
GetSetpoint ===>> 1200.0
GetProcessValue ===>> 1115.0
response t=40.0308740139, out=23.0, setpoint=1200.0, response=1115.0
GetPercentOutput ===>> 45.0
GetSetpoint ===>> 1200.0
GetProcessValue ===>> 1119.0
response t=42.0338659286, out=45.0, setpoint=1200.0, response=1119.0
GetPercentOutput ===>> 45.0
GetSetpoint ===>> 1200.0
GetProcessValue ===>> 1125.0
response t=44.0361869335, out=45.0, setpoint=1200.0, response=1125.0
GetPercentOutput ===>> 27.3
GetSetpoint ===>> 1200.0
GetProcessValue ===>> 1146.0
response t=46.0381970406, out=27.3, setpoint=1200.0, response=1146.0
GetPercentOutput ===>> 43.7
GetSetpoint ===>> 1200.0
GetProcessValue ===>> 1156.0
response t=48.0402300358, out=43.7, setpoint=1200.0, response=1156.0
GetPercentOutput ===>> 45.0
GetSetpoint ===>> 1200.0
GetProcessValue ===>> 1157.0
response t=50.0414938927, out=45.0, setpoint=1200.0, response=1157.0
GetPercentOutput ===>> 45.0
GetSetpoint ===>> 1200.0
GetProcessValue ===>> 1160.0
response t=52.0421669483, out=45.0, setpoint=1200.0, response=1160.0
GetPercentOutput ===>> 45.0
GetSetpoint ===>> 1200.0
GetProcessValue ===>> 1140.0
response t=54.0461599827, out=45.0, setpoint=1200.0, response=1140.0
GetPercentOutput ===>> 45.0
GetSetpoint ===>> 1200.0
GetProcessValue ===>> 1145.0
response t=56.0461249352, out=45.0, setpoint=1200.0, response=1145.0
GetPercentOutput ===>> 38.6
GetSetpoint ===>> 1200.0
GetProcessValue ===>> 1163.0
response t=58.045799017, out=38.6, setpoint=1200.0, response=1163.0
GetPercentOutput ===>> 30.4
GetSetpoint ===>> 1200.0
GetProcessValue ===>> 1179.0
response t=60.0459198952, out=30.4, setpoint=1200.0, response=1179.0
GetPercentOutput ===>> 41.7
GetSetpoint ===>> 1200.0
GetProcessValue ===>> 1184.0
response t=62.0460290909, out=41.7, setpoint=1200.0, response=1184.0
GetPercentOutput ===>> 28.0
GetSetpoint ===>> 1200.0
GetProcessValue ===>> 1193.0
response t=64.0457029343, out=28.0, setpoint=1200.0, response=1193.0
GetPercentOutput ===>> 45.0
GetSetpoint ===>> 1200.0
GetProcessValue ===>> 1184.0
response t=66.0461220741, out=45.0, setpoint=1200.0, response=1184.0
GetPercentOutput ===>> 45.0
GetSetpoint ===>> 1200.0
GetProcessValue ===>> 1184.0
response t=68.05012393, out=45.0, setpoint=1200.0, response=1184.0
GetPercentOutput ===>> 18.0
GetSetpoint ===>> 1200.0
GetProcessValue ===>> 1199.0
response t=70.0497500896, out=18.0, setpoint=1200.0, response=1199.0
GetPercentOutput ===>> 17.2
GetSetpoint ===>> 1200.0
GetProcessValue ===>> 1208.0
response t=72.0526299477, out=17.2, setpoint=1200.0, response=1208.0
GetPercentOutput ===>> 25.2
GetSetpoint ===>> 1200.0
GetProcessValue ===>> 1209.0
response t=74.0560519695, out=25.2, setpoint=1200.0, response=1209.0
GetPercentOutput ===>> 26.4
GetSetpoint ===>> 1200.0
GetProcessValue ===>> 1209.0
response t=76.0552070141, out=26.4, setpoint=1200.0, response=1209.0
GetPercentOutput ===>> 24.6
GetSetpoint ===>> 1200.0
GetProcessValue ===>> 1209.0
response t=78.055013895, out=24.6, setpoint=1200.0, response=1209.0
GetPercentOutput ===>> 23.6
GetSetpoint ===>> 1200.0
GetProcessValue ===>> 1209.0
response t=80.0551760197, out=23.6, setpoint=1200.0, response=1209.0
GetPercentOutput ===>> 24.2
GetSetpoint ===>> 1200.0
GetProcessValue ===>> 1208.0
response t=82.0558989048, out=24.2, setpoint=1200.0, response=1208.0
GetPercentOutput ===>> 24.6
GetSetpoint ===>> 1200.0
GetProcessValue ===>> 1207.0
response t=84.0596289635, out=24.6, setpoint=1200.0, response=1207.0
GetPercentOutput ===>> 24.6
GetSetpoint ===>> 1200.0
GetProcessValue ===>> 1206.0
response t=86.0621590614, out=24.6, setpoint=1200.0, response=1206.0
GetPercentOutput ===>> 24.1
GetSetpoint ===>> 1200.0
GetProcessValue ===>> 1205.0
response t=88.0643019676, out=24.1, setpoint=1200.0, response=1205.0
GetPercentOutput ===>> 24.7
GetSetpoint ===>> 1200.0
GetProcessValue ===>> 1204.0
response t=90.0655930042, out=24.7, setpoint=1200.0, response=1204.0
GetPercentOutput ===>> 24.0
GetSetpoint ===>> 1200.0
GetProcessValue ===>> 1204.0
response t=92.0683879852, out=24.0, setpoint=1200.0, response=1204.0
GetPercentOutput ===>> 25.2
GetSetpoint ===>> 1200.0
GetProcessValue ===>> 1203.0
response t=94.0701050758, out=25.2, setpoint=1200.0, response=1203.0
GetPercentOutput ===>> 25.4
GetSetpoint ===>> 1200.0
GetProcessValue ===>> 1202.0
response t=96.0724229813, out=25.4, setpoint=1200.0, response=1202.0
GetPercentOutput ===>> 25.6
GetSetpoint ===>> 1200.0
GetProcessValue ===>> 1201.0
response t=98.0749568939, out=25.6, setpoint=1200.0, response=1201.0
GetPercentOutput ===>> 25.0
GetSetpoint ===>> 1200.0
GetProcessValue ===>> 1201.0
response t=100.075896025, out=25.0, setpoint=1200.0, response=1201.0
GetPercentOutput ===>> 25.0
GetSetpoint ===>> 1200.0
GetProcessValue ===>> 1201.0
response t=102.07852602, out=25.0, setpoint=1200.0, response=1201.0
GetPercentOutput ===>> 29.1
GetSetpoint ===>> 1200.0
GetProcessValue ===>> 1199.0
response t=104.080527067, out=29.1, setpoint=1200.0, response=1199.0
GetPercentOutput ===>> 25.0
GetSetpoint ===>> 1200.0
GetProcessValue ===>> 1200.0
response t=106.082026958, out=25.0, setpoint=1200.0, response=1200.0
GetPercentOutput ===>> 24.0
GetSetpoint ===>> 1200.0
GetProcessValue ===>> 1200.0
response t=108.081547976, out=24.0, setpoint=1200.0, response=1200.0
GetPercentOutput ===>> 27.1
GetSetpoint ===>> 1200.0
GetProcessValue ===>> 1200.0
response t=110.081235886, out=27.1, setpoint=1200.0, response=1200.0
GetPercentOutput ===>> 26.1
GetSetpoint ===>> 1200.0
GetProcessValue ===>> 1200.0
response t=112.081532955, out=26.1, setpoint=1200.0, response=1200.0
GetPercentOutput ===>> 25.6
GetSetpoint ===>> 1200.0
GetProcessValue ===>> 1200.0
response t=114.081003904, out=25.6, setpoint=1200.0, response=1200.0
GetPercentOutput ===>> 26.3
GetSetpoint ===>> 1200.0
GetProcessValue ===>> 1200.0
response t=116.085009098, out=26.3, setpoint=1200.0, response=1200.0
GetPercentOutput ===>> 26.4
GetSetpoint ===>> 1200.0
GetProcessValue ===>> 1200.0
response t=118.088999033, out=26.4, setpoint=1200.0, response=1200.0
GetPercentOutput ===>> 26.1
GetSetpoint ===>> 1200.0
GetProcessValue ===>> 1200.0
response t=120.090013027, out=26.1, setpoint=1200.0, response=1200.0
GetPercentOutput ===>> 26.2
GetSetpoint ===>> 1200.0
GetProcessValue ===>> 1200.0
response t=122.091297865, out=26.2, setpoint=1200.0, response=1200.0
GetPercentOutput ===>> 26.0
GetSetpoint ===>> 1200.0
GetProcessValue ===>> 1200.0
response t=124.090426922, out=26.0, setpoint=1200.0, response=1200.0
GetPercentOutput ===>> 26.3
GetSetpoint ===>> 1200.0
GetProcessValue ===>> 1200.0
response t=126.091214895, out=26.3, setpoint=1200.0, response=1200.0
GetPercentOutput ===>> 26.1
GetSetpoint ===>> 1200.0
GetProcessValue ===>> 1200.0
response t=128.095201969, out=26.1, setpoint=1200.0, response=1200.0
GetPercentOutput ===>> 26.0
GetSetpoint ===>> 1200.0
GetProcessValue ===>> 1200.0
response t=130.099204063, out=26.0, setpoint=1200.0, response=1200.0
GetPercentOutput ===>> 26.1
GetSetpoint ===>> 1200.0
GetProcessValue ===>> 1200.0
response t=132.103213072, out=26.1, setpoint=1200.0, response=1200.0
GetPercentOutput ===>> 26.1
GetSetpoint ===>> 1200.0
GetProcessValue ===>> 1200.0
response t=134.104301929, out=26.1, setpoint=1200.0, response=1200.0
GetPercentOutput ===>> 26.3
GetSetpoint ===>> 1200.0
GetProcessValue ===>> 1200.0
response t=136.105891943, out=26.3, setpoint=1200.0, response=1200.0
GetPercentOutput ===>> 26.0
GetSetpoint ===>> 1200.0
GetProcessValue ===>> 1200.0
response t=138.109850883, out=26.0, setpoint=1200.0, response=1200.0
GetPercentOutput ===>> 26.0
GetSetpoint ===>> 1200.0
GetProcessValue ===>> 1200.0
response t=140.111538887, out=26.0, setpoint=1200.0, response=1200.0
GetPercentOutput ===>> 26.1
GetSetpoint ===>> 1200.0
GetProcessValue ===>> 1200.0
response t=142.111510038, out=26.1, setpoint=1200.0, response=1200.0
GetPercentOutput ===>> 26.4
GetSetpoint ===>> 1200.0
GetProcessValue ===>> 1200.0
response t=144.110703945, out=26.4, setpoint=1200.0, response=1200.0
GetPercentOutput ===>> 26.1
GetSetpoint ===>> 1200.0
GetProcessValue ===>> 1200.0
response t=146.111039877, out=26.1, setpoint=1200.0, response=1200.0
GetPercentOutput ===>> 26.0
GetSetpoint ===>> 1200.0
GetProcessValue ===>> 1200.0
response t=148.115047932, out=26.0, setpoint=1200.0, response=1200.0
GetPercentOutput ===>> 26.1
GetSetpoint ===>> 1200.0
GetProcessValue ===>> 1200.0
response t=150.115978956, out=26.1, setpoint=1200.0, response=1200.0
GetPercentOutput ===>> 26.4
GetSetpoint ===>> 1200.0
GetProcessValue ===>> 1200.0
response t=152.115519047, out=26.4, setpoint=1200.0, response=1200.0
GetPercentOutput ===>> 26.0
GetSetpoint ===>> 1200.0
GetProcessValue ===>> 1200.0
response t=154.116034985, out=26.0, setpoint=1200.0, response=1200.0
GetPercentOutput ===>> 26.0
GetSetpoint ===>> 1200.0
GetProcessValue ===>> 1200.0
response t=156.116753101, out=26.0, setpoint=1200.0, response=1200.0
GetPercentOutput ===>> 26.2
GetSetpoint ===>> 1200.0
GetProcessValue ===>> 1200.0
response t=158.116010904, out=26.2, setpoint=1200.0, response=1200.0
GetPercentOutput ===>> 26.2
GetSetpoint ===>> 1200.0
GetProcessValue ===>> 1200.0
response t=160.119088888, out=26.2, setpoint=1200.0, response=1200.0
GetPercentOutput ===>> 26.1
GetSetpoint ===>> 1200.0
GetProcessValue ===>> 1200.0
response t=162.118778944, out=26.1, setpoint=1200.0, response=1200.0
GetPercentOutput ===>> 25.0
GetSetpoint ===>> 1200.0
GetProcessValue ===>> 1200.0
response t=164.122809887, out=25.0, setpoint=1200.0, response=1200.0
GetPercentOutput ===>> 26.3
GetSetpoint ===>> 1200.0
GetProcessValue ===>> 1200.0
response t=166.12241888, out=26.3, setpoint=1200.0, response=1200.0
GetPercentOutput ===>> 25.0
GetSetpoint ===>> 1200.0
GetProcessValue ===>> 1200.0
response t=168.122063875, out=25.0, setpoint=1200.0, response=1200.0
GetPercentOutput ===>> 26.1
GetSetpoint ===>> 1200.0
GetProcessValue ===>> 1200.0
response t=170.123939991, out=26.1, setpoint=1200.0, response=1200.0
GetPercentOutput ===>> 26.4
GetSetpoint ===>> 1200.0
GetProcessValue ===>> 1200.0
response t=172.123467922, out=26.4, setpoint=1200.0, response=1200.0
GetPercentOutput ===>> 26.0
GetSetpoint ===>> 1200.0
GetProcessValue ===>> 1200.0
response t=174.126713991, out=26.0, setpoint=1200.0, response=1200.0
GetPercentOutput ===>> 26.4
GetSetpoint ===>> 1200.0
GetProcessValue ===>> 1200.0
response t=176.129659891, out=26.4, setpoint=1200.0, response=1200.0
GetPercentOutput ===>> 26.3
GetSetpoint ===>> 1200.0
GetProcessValue ===>> 1200.0
response t=178.130544901, out=26.3, setpoint=1200.0, response=1200.0
GetPercentOutput ===>> 26.0
GetSetpoint ===>> 1200.0
GetProcessValue ===>> 1200.0
response t=180.130733967, out=26.0, setpoint=1200.0, response=1200.0
GetPercentOutput ===>> 25.0
GetSetpoint ===>> 1200.0
GetProcessValue ===>> 1200.0
response t=182.134743929, out=25.0, setpoint=1200.0, response=1200.0
GetPercentOutput ===>> 26.1
GetSetpoint ===>> 1200.0
GetProcessValue ===>> 1200.0
response t=184.134893894, out=26.1, setpoint=1200.0, response=1200.0
GetPercentOutput ===>> 26.3
GetSetpoint ===>> 1200.0
GetProcessValue ===>> 1200.0
response t=186.138884068, out=26.3, setpoint=1200.0, response=1200.0
GetPercentOutput ===>> 26.2
GetSetpoint ===>> 1200.0
GetProcessValue ===>> 1200.0
response t=188.142843008, out=26.2, setpoint=1200.0, response=1200.0
GetPercentOutput ===>> 25.0
GetSetpoint ===>> 1200.0
GetProcessValue ===>> 1200.0
response t=190.144392967, out=25.0, setpoint=1200.0, response=1200.0
GetPercentOutput ===>> 26.0
GetSetpoint ===>> 1200.0
GetProcessValue ===>> 1200.0
response t=192.148386955, out=26.0, setpoint=1200.0, response=1200.0
GetPercentOutput ===>> 26.2
GetSetpoint ===>> 1200.0
GetProcessValue ===>> 1200.0
response t=194.147825956, out=26.2, setpoint=1200.0, response=1200.0
GetPercentOutput ===>> 26.2
GetSetpoint ===>> 1200.0
GetProcessValue ===>> 1200.0
response t=196.150501966, out=26.2, setpoint=1200.0, response=1200.0
GetPercentOutput ===>> 25.0
GetSetpoint ===>> 1200.0
GetProcessValue ===>> 1200.0
response t=198.154181957, out=25.0, setpoint=1200.0, response=1200.0
GetPercentOutput ===>> 26.1
GetSetpoint ===>> 1200.0
GetProcessValue ===>> 1200.0
response t=200.154138088, out=26.1, setpoint=1200.0, response=1200.0
GetPercentOutput ===>> 25.0
GetSetpoint ===>> 1200.0
GetProcessValue ===>> 1200.0
response t=202.156902075, out=25.0, setpoint=1200.0, response=1200.0
GetPercentOutput ===>> 26.4
GetSetpoint ===>> 1200.0
GetProcessValue ===>> 1200.0
response t=204.158479929, out=26.4, setpoint=1200.0, response=1200.0
GetPercentOutput ===>> 25.0
GetSetpoint ===>> 1200.0
GetProcessValue ===>> 1200.0
response t=206.160650015, out=25.0, setpoint=1200.0, response=1200.0
GetPercentOutput ===>> 26.2
GetSetpoint ===>> 1200.0
GetProcessValue ===>> 1200.0
response t=208.16463995, out=26.2, setpoint=1200.0, response=1200.0
GetPercentOutput ===>> 26.2
GetSetpoint ===>> 1200.0
GetProcessValue ===>> 1200.0
response t=210.168627977, out=26.2, setpoint=1200.0, response=1200.0
GetPercentOutput ===>> 26.1
GetSetpoint ===>> 1200.0
GetProcessValue ===>> 1200.0
response t=212.172647953, out=26.1, setpoint=1200.0, response=1200.0
GetPercentOutput ===>> 26.2
GetSetpoint ===>> 1200.0
GetProcessValue ===>> 1200.0
response t=214.175819874, out=26.2, setpoint=1200.0, response=1200.0
GetPercentOutput ===>> 25.0
GetSetpoint ===>> 1200.0
GetProcessValue ===>> 1200.0
response t=216.177087069, out=25.0, setpoint=1200.0, response=1200.0
GetPercentOutput ===>> 26.0
GetSetpoint ===>> 1200.0
GetProcessValue ===>> 1200.0
response t=218.176301003, out=26.0, setpoint=1200.0, response=1200.0
GetPercentOutput ===>> 26.3
GetSetpoint ===>> 1200.0
GetProcessValue ===>> 1200.0
response t=220.175930977, out=26.3, setpoint=1200.0, response=1200.0
GetPercentOutput ===>> 26.1
GetSetpoint ===>> 1200.0
GetProcessValue ===>> 1200.0
response t=222.176999092, out=26.1, setpoint=1200.0, response=1200.0
GetPercentOutput ===>> 25.0
GetSetpoint ===>> 1200.0
GetProcessValue ===>> 1200.0
response t=224.181037903, out=25.0, setpoint=1200.0, response=1200.0
GetPercentOutput ===>> 26.1
GetSetpoint ===>> 1200.0
GetProcessValue ===>> 1200.0
response t=226.18109107, out=26.1, setpoint=1200.0, response=1200.0
GetPercentOutput ===>> 26.1
GetSetpoint ===>> 1200.0
GetProcessValue ===>> 1200.0
response t=228.185091019, out=26.1, setpoint=1200.0, response=1200.0
GetPercentOutput ===>> 26.1
GetSetpoint ===>> 1200.0
GetProcessValue ===>> 1200.0
response t=230.189115047, out=26.1, setpoint=1200.0, response=1200.0
GetPercentOutput ===>> 25.0
GetSetpoint ===>> 1200.0
GetProcessValue ===>> 1200.0
response t=232.189683914, out=25.0, setpoint=1200.0, response=1200.0
GetPercentOutput ===>> 25.0
GetSetpoint ===>> 1200.0
GetProcessValue ===>> 1200.0
response t=234.193670988, out=25.0, setpoint=1200.0, response=1200.0
GetPercentOutput ===>> 26.2
GetSetpoint ===>> 1200.0
GetProcessValue ===>> 1200.0
response t=236.197659016, out=26.2, setpoint=1200.0, response=1200.0
GetPercentOutput ===>> 26.0
GetSetpoint ===>> 1200.0
GetProcessValue ===>> 1200.0
response t=238.196992874, out=26.0, setpoint=1200.0, response=1200.0
GetPercentOutput ===>> 26.2
GetSetpoint ===>> 1200.0
GetProcessValue ===>> 1200.0
response t=240.196341038, out=26.2, setpoint=1200.0, response=1200.0
GetPercentOutput ===>> 25.7
GetSetpoint ===>> 1200.0
GetProcessValue ===>> 1200.0
response t=242.200356007, out=25.7, setpoint=1200.0, response=1200.0
GetPercentOutput ===>> 26.2
GetSetpoint ===>> 1200.0
GetProcessValue ===>> 1200.0
response t=244.204358101, out=26.2, setpoint=1200.0, response=1200.0
GetPercentOutput ===>> 26.1
GetSetpoint ===>> 1200.0
GetProcessValue ===>> 1200.0
response t=246.20838809, out=26.1, setpoint=1200.0, response=1200.0
GetPercentOutput ===>> 26.3
GetSetpoint ===>> 1200.0
GetProcessValue ===>> 1200.0
response t=248.207458019, out=26.3, setpoint=1200.0, response=1200.0
GetPercentOutput ===>> 25.0
GetSetpoint ===>> 1200.0
GetProcessValue ===>> 1200.0
response t=250.209932089, out=25.0, setpoint=1200.0, response=1200.0
GetPercentOutput ===>> 26.2
GetSetpoint ===>> 1200.0
GetProcessValue ===>> 1200.0
response t=252.20915103, out=26.2, setpoint=1200.0, response=1200.0
GetPercentOutput ===>> 26.0
GetSetpoint ===>> 1200.0
GetProcessValue ===>> 1200.0
response t=254.213145018, out=26.0, setpoint=1200.0, response=1200.0
GetPercentOutput ===>> 26.2
GetSetpoint ===>> 1200.0
GetProcessValue ===>> 1200.0
response t=256.212475061, out=26.2, setpoint=1200.0, response=1200.0
GetPercentOutput ===>> 25.0
GetSetpoint ===>> 1200.0
GetProcessValue ===>> 1200.0
response t=258.212688923, out=25.0, setpoint=1200.0, response=1200.0
GetPercentOutput ===>> 26.0
GetSetpoint ===>> 1200.0
GetProcessValue ===>> 1200.0
response t=260.213026047, out=26.0, setpoint=1200.0, response=1200.0
GetPercentOutput ===>> 26.4
GetSetpoint ===>> 1200.0
GetProcessValue ===>> 1200.0
response t=262.217024088, out=26.4, setpoint=1200.0, response=1200.0
GetPercentOutput ===>> 25.0
GetSetpoint ===>> 1200.0
GetProcessValue ===>> 1200.0
response t=264.21865797, out=25.0, setpoint=1200.0, response=1200.0
GetPercentOutput ===>> 26.2
GetSetpoint ===>> 1200.0
GetProcessValue ===>> 1200.0
response t=266.222038984, out=26.2, setpoint=1200.0, response=1200.0
GetPercentOutput ===>> 26.2
GetSetpoint ===>> 1200.0
GetProcessValue ===>> 1200.0
response t=268.225980043, out=26.2, setpoint=1200.0, response=1200.0
GetPercentOutput ===>> 26.2
GetSetpoint ===>> 1200.0
GetProcessValue ===>> 1200.0
response t=270.229971886, out=26.2, setpoint=1200.0, response=1200.0
GetPercentOutput ===>> 26.1
GetSetpoint ===>> 1200.0
GetProcessValue ===>> 1200.0
response t=272.233310938, out=26.1, setpoint=1200.0, response=1200.0
GetPercentOutput ===>> 25.0
GetSetpoint ===>> 1200.0
GetProcessValue ===>> 1200.0
response t=274.23687005, out=25.0, setpoint=1200.0, response=1200.0
GetPercentOutput ===>> 26.2
GetSetpoint ===>> 1200.0
GetProcessValue ===>> 1200.0
response t=276.238950968, out=26.2, setpoint=1200.0, response=1200.0
GetPercentOutput ===>> 26.3
GetSetpoint ===>> 1200.0
GetProcessValue ===>> 1200.0
response t=278.239108086, out=26.3, setpoint=1200.0, response=1200.0
GetPercentOutput ===>> 25.0
GetSetpoint ===>> 1200.0
GetProcessValue ===>> 1200.0
response t=280.24297905, out=25.0, setpoint=1200.0, response=1200.0
GetPercentOutput ===>> 25.0
GetSetpoint ===>> 1200.0
GetProcessValue ===>> 1200.0
response t=282.245027065, out=25.0, setpoint=1200.0, response=1200.0
GetPercentOutput ===>> 26.0
GetSetpoint ===>> 1200.0
GetProcessValue ===>> 1200.0
response t=284.244152069, out=26.0, setpoint=1200.0, response=1200.0
GetPercentOutput ===>> 26.1
GetSetpoint ===>> 1200.0
GetProcessValue ===>> 1200.0
response t=286.247827053, out=26.1, setpoint=1200.0, response=1200.0
GetPercentOutput ===>> 26.4
GetSetpoint ===>> 1200.0
GetProcessValue ===>> 1200.0
response t=288.247850895, out=26.4, setpoint=1200.0, response=1200.0
GetPercentOutput ===>> 25.0
GetSetpoint ===>> 1200.0
GetProcessValue ===>> 1200.0
response t=290.250222921, out=25.0, setpoint=1200.0, response=1200.0
GetPercentOutput ===>> 26.0
GetSetpoint ===>> 1200.0
GetProcessValue ===>> 1200.0
response t=292.254150867, out=26.0, setpoint=1200.0, response=1200.0
GetPercentOutput ===>> 26.0
GetSetpoint ===>> 1200.0
GetProcessValue ===>> 1200.0
response t=294.25721693, out=26.0, setpoint=1200.0, response=1200.0
GetPercentOutput ===>> 26.4
GetSetpoint ===>> 1200.0
GetProcessValue ===>> 1200.0
response t=296.25838995, out=26.4, setpoint=1200.0, response=1200.0
GetPercentOutput ===>> 26.0
GetSetpoint ===>> 1200.0
GetProcessValue ===>> 1200.0
response t=298.257869959, out=26.0, setpoint=1200.0, response=1200.0
GetPercentOutput ===>> 25.0
GetSetpoint ===>> 1200.0
GetProcessValue ===>> 1200.0
response t=300.261885881, out=25.0, setpoint=1200.0, response=1200.0
GetPercentOutput ===>> 26.1
GetSetpoint ===>> 1200.0
GetProcessValue ===>> 1200.0
response t=302.265383005, out=26.1, setpoint=1200.0, response=1200.0
GetPercentOutput ===>> 26.1
GetSetpoint ===>> 1200.0
GetProcessValue ===>> 1200.0
response t=304.268838882, out=26.1, setpoint=1200.0, response=1200.0
Join finished
block finished. duration 300.50989604
Interval 1 finished
disable () {}
%%%%%%%%%%%%%%%%%%%%%%%%%%%%%%%%%%% disable
set extraction state False (0.75, 'red', 1.5)
disable
set setpoint=0.0
setting pid parameters for 0.0
{"pid": "HO,10;XP,10;TI,48;TD,8", "command": "SetPID"} ===>> OK
{"setpoint": 0.0, "command": "SetSetpoint"} ===>> OK
Furnace disabled.
sleep (60,) {}
SLEEP 60.0
block started
WaitControl setup for 60.0  
GetPercentOutput ===>> 0.0
GetSetpoint ===>> 0.0
GetProcessValue ===>> 1200.0
response t=306.268394947, out=0, setpoint=0, response=1200.0
GetPercentOutput ===>> 0.0
GetSetpoint ===>> 0.0
GetProcessValue ===>> 1192.0
response t=308.267565012, out=0, setpoint=0, response=1192.0
GetPercentOutput ===>> 0.0
GetSetpoint ===>> 0.0
GetProcessValue ===>> 1181.0
response t=310.270323038, out=0, setpoint=0, response=1181.0
GetPercentOutput ===>> 0.0
GetSetpoint ===>> 0.0
GetProcessValue ===>> 1167.0
response t=312.26948905, out=0, setpoint=0, response=1167.0
GetPercentOutput ===>> 0.0
GetSetpoint ===>> 0.0
GetProcessValue ===>> 1154.0
response t=314.270171881, out=0, setpoint=0, response=1154.0
GetPercentOutput ===>> 0.0
GetSetpoint ===>> 0.0
GetProcessValue ===>> 1141.0
response t=316.273164988, out=0, setpoint=0, response=1141.0
GetPercentOutput ===>> 0.0
GetSetpoint ===>> 0.0
GetProcessValue ===>> 1128.0
response t=318.276345968, out=0, setpoint=0, response=1128.0
GetPercentOutput ===>> 0.0
GetSetpoint ===>> 0.0
GetProcessValue ===>> 1115.0
response t=320.275480032, out=0, setpoint=0, response=1115.0
GetPercentOutput ===>> 0.0
GetSetpoint ===>> 0.0
GetProcessValue ===>> 1103.0
response t=322.279473066, out=0, setpoint=0, response=1103.0
GetPercentOutput ===>> 0.0
GetSetpoint ===>> 0.0
GetProcessValue ===>> 1092.0
response t=324.282170057, out=0, setpoint=0, response=1092.0
GetPercentOutput ===>> 0.0
GetSetpoint ===>> 0.0
GetProcessValue ===>> 1080.0
response t=326.283263922, out=0, setpoint=0, response=1080.0
GetPercentOutput ===>> 0.0
GetSetpoint ===>> 0.0
GetProcessValue ===>> 1068.0
response t=328.286285877, out=0, setpoint=0, response=1068.0
GetPercentOutput ===>> 0.0
GetSetpoint ===>> 0.0
GetProcessValue ===>> 1057.0
response t=330.290277004, out=0, setpoint=0, response=1057.0
GetPercentOutput ===>> 0.0
GetSetpoint ===>> 0.0
GetProcessValue ===>> 1046.0
response t=332.292910099, out=0, setpoint=0, response=1046.0
GetPercentOutput ===>> 0.0
GetSetpoint ===>> 0.0
GetProcessValue ===>> 1033.0
response t=334.293904066, out=0, setpoint=0, response=1033.0
GetPercentOutput ===>> 0.0
GetSetpoint ===>> 0.0
GetProcessValue ===>> 998.0
response t=336.293534994, out=0, setpoint=0, response=998.0
GetPercentOutput ===>> 0.0
GetSetpoint ===>> 0.0
GetProcessValue ===>> 977.0
response t=338.2942729, out=0, setpoint=0, response=977.0
GetPercentOutput ===>> 0.0
GetSetpoint ===>> 0.0
GetProcessValue ===>> 962.0
response t=340.296343088, out=0, setpoint=0, response=962.0
GetPercentOutput ===>> 0.0
GetSetpoint ===>> 0.0
GetProcessValue ===>> 951.0
response t=342.298883915, out=0, setpoint=0, response=951.0
GetPercentOutput ===>> 0.0
GetSetpoint ===>> 0.0
GetProcessValue ===>> 940.0
response t=344.298305988, out=0, setpoint=0, response=940.0
GetPercentOutput ===>> 0.0
GetSetpoint ===>> 0.0
GetProcessValue ===>> 931.0
response t=346.302310944, out=0, setpoint=0, response=931.0
GetPercentOutput ===>> 0.0
GetSetpoint ===>> 0.0
GetProcessValue ===>> 921.0
response t=348.306313038, out=0, setpoint=0, response=921.0
GetPercentOutput ===>> 0.0
GetSetpoint ===>> 0.0
GetProcessValue ===>> 912.0
response t=350.310323, out=0, setpoint=0, response=912.0
GetPercentOutput ===>> 0.0
GetSetpoint ===>> 0.0
GetProcessValue ===>> 903.0
response t=352.312052965, out=0, setpoint=0, response=903.0
GetPercentOutput ===>> 0.0
GetSetpoint ===>> 0.0
GetProcessValue ===>> 894.0
response t=354.315928936, out=0, setpoint=0, response=894.0
GetPercentOutput ===>> 0.0
GetSetpoint ===>> 0.0
GetProcessValue ===>> 886.0
response t=356.31921196, out=0, setpoint=0, response=886.0
GetPercentOutput ===>> 0.0
GetSetpoint ===>> 0.0
GetProcessValue ===>> 877.0
response t=358.319403887, out=0, setpoint=0, response=877.0
GetPercentOutput ===>> 0.0
GetSetpoint ===>> 0.0
GetProcessValue ===>> 870.0
response t=360.323389053, out=0, setpoint=0, response=870.0
GetPercentOutput ===>> 0.0
GetSetpoint ===>> 0.0
GetProcessValue ===>> 862.0
response t=362.32641387, out=0, setpoint=0, response=862.0
GetPercentOutput ===>> 0.0
GetSetpoint ===>> 0.0
GetProcessValue ===>> 854.0
response t=364.32843399, out=0, setpoint=0, response=854.0
Join finished
block finished. duration 60.173593998
close ('B',) {}
close name=B desc=---
checking ownership. requestor=129.138.12.137
check software interlocks B
interlocks []
actuate state mode=None-script, software_lock=False
doing actuation None-script close_channel True
Close B ===>> OK
set states for children of B. state=False
handle state [('B', False)]
update switch state B False args=() kw={'refresh': False} ncanvase=3
GetIndicatorState B ===>> False
change switch state (True, True)
update switch state B False args=() kw={} ncanvase=3
refresh_canvas_needed fired
14:27:24 -- CLOSE  VALVE-B (Bone to Diode Laser)
-------------------------- close B () result=[(True, True)]
action=close, ok=True, locked=[False]
close ('E',) {}
close name=E desc=---
checking ownership. requestor=129.138.12.137
check software interlocks E
interlocks []
actuate state mode=None-script, software_lock=False
doing actuation None-script close_channel False
Close E ===>> OK
GetIndicatorState E ===>> False
change switch state (True, True)
update switch state E False args=() kw={} ncanvase=3
14:27:24 -- CLOSE  VALVE-E (Bone to Minibone)
-------------------------- close E () result=[(True, True)]
GetPercentOutput ===>> 0.0
action=close, ok=True, locked=[False]
close ('C',) {}
close name=C desc=---
checking ownership. requestor=129.138.12.137
check software interlocks C
interlocks []
actuate state mode=None-script, software_lock=False
doing actuation None-script close_channel True
GetSetpoint ===>> 0.0
Close C ===>> OK
GetProcessValue ===>> 847.0
response t=366.330514908, out=0, setpoint=0, response=847.0
GetIndicatorState C ===>> False
change switch state (True, True)
update switch state C False args=() kw={} ncanvase=3
14:27:25 -- CLOSE  VALVE-C (Bone to Turbo)
-------------------------- close C () result=[(True, True)]
action=close, ok=True, locked=[False]
sleep (2,) {}
SLEEP 2.0
block started
WaitControl setup for 2.0  
GetPercentOutput ===>> 0.0
GetSetpoint ===>> 0.0
GetProcessValue ===>> 838.0
response t=368.329653025, out=0, setpoint=0, response=838.0
Join finished
block finished. duration 2.013422966
open ('J',) {}
open name=J desc=---
checking ownership. requestor=129.138.12.137
check software interlocks J
interlocks []
actuate state mode=None-script, software_lock=False
doing actuation None-script open_channel True
Open J ===>> OK
GetIndicatorState J ===>> OK
change switch state (True, True)
update switch state J True args=() kw={} ncanvase=3
14:27:27 -- OPEN   VALVE-J (Bone to APIS)
-------------------------- open J () result=[(True, True)]
action=open, ok=True, locked=[False]
sleep (30,) {}
SLEEP 30.0
block started
WaitControl setup for 30.0  
GetPercentOutput ===>> 0.0
GetSetpoint ===>> 0.0
GetProcessValue ===>> 832.0
response t=370.330447912, out=0, setpoint=0, response=832.0
GetPercentOutput ===>> 0.0
GetSetpoint ===>> 0.0
GetProcessValue ===>> 825.0
response t=372.333297968, out=0, setpoint=0, response=825.0
GetPercentOutput ===>> 0.0
GetSetpoint ===>> 0.0
GetProcessValue ===>> 817.0
response t=374.332823992, out=0, setpoint=0, response=817.0
GetPercentOutput ===>> 0.0
GetSetpoint ===>> 0.0
GetProcessValue ===>> 811.0
response t=376.334354877, out=0, setpoint=0, response=811.0
GetPercentOutput ===>> 0.0
GetSetpoint ===>> 0.0
GetProcessValue ===>> 803.0
response t=378.338351011, out=0, setpoint=0, response=803.0
GetPercentOutput ===>> 0.0
GetSetpoint ===>> 0.0
GetProcessValue ===>> 795.0
response t=380.342340946, out=0, setpoint=0, response=795.0
GetPercentOutput ===>> 0.0
GetSetpoint ===>> 0.0
GetProcessValue ===>> 788.0
response t=382.343791962, out=0, setpoint=0, response=788.0
GetPercentOutput ===>> 0.0
GetSetpoint ===>> 0.0
GetProcessValue ===>> 782.0
response t=384.343285084, out=0, setpoint=0, response=782.0
GetPercentOutput ===>> 0.0
GetSetpoint ===>> 0.0
GetProcessValue ===>> 775.0
response t=386.344609022, out=0, setpoint=0, response=775.0
GetPercentOutput ===>> 0.0
GetSetpoint ===>> 0.0
GetProcessValue ===>> 769.0
response t=388.34859705, out=0, setpoint=0, response=769.0
GetPercentOutput ===>> 0.0
GetSetpoint ===>> 0.0
GetProcessValue ===>> 763.0
response t=390.350661993, out=0, setpoint=0, response=763.0
GetPercentOutput ===>> 0.0
GetSetpoint ===>> 0.0
GetProcessValue ===>> 757.0
response t=392.350638866, out=0, setpoint=0, response=757.0
GetPercentOutput ===>> 0.0
GetSetpoint ===>> 0.0
GetProcessValue ===>> 752.0
response t=394.351295948, out=0, setpoint=0, response=752.0
GetPercentOutput ===>> 0.0
GetSetpoint ===>> 0.0
GetProcessValue ===>> 746.0
response t=396.354816914, out=0, setpoint=0, response=746.0
GetPercentOutput ===>> 0.0
GetSetpoint ===>> 0.0
GetProcessValue ===>> 740.0
response t=398.358815908, out=0, setpoint=0, response=740.0
Join finished
block finished. duration 30.05220294
close ('J',) {}
close name=J desc=---
checking ownership. requestor=129.138.12.137
check software interlocks J
interlocks []
actuate state mode=None-script, software_lock=False
doing actuation None-script close_channel True
Close J ===>> OK
GetIndicatorState J ===>> False
change switch state (True, True)
update switch state J False args=() kw={} ncanvase=3
14:27:58 -- CLOSE  VALVE-J (Bone to APIS)
-------------------------- close J () result=[(True, True)]
action=close, ok=True, locked=[False]
open ('FC',) {}
open name=FC desc=---
checking ownership. requestor=129.138.12.137
check software interlocks FC
interlocks []
actuate state mode=None-script, software_lock=False
doing actuation None-script open_channel True
GetPercentOutput ===>> 0.0
GetSetpoint ===>> 0.0
GetProcessValue ===>> 735.0
response t=400.361097097, out=0, setpoint=0, response=735.0
Open FC ===>> OK
GetIndicatorState FC ===>> OK
change switch state (True, True)
update switch state FC True args=() kw={} ncanvase=3
14:27:59 -- OPEN   VALVE-FC (Furnace Turbo)
-------------------------- open FC () result=[(True, True)]
action=open, ok=True, locked=[False]
sleep (30.0,) {}
SLEEP 30.0
block started
WaitControl setup for 30.0  
GetPercentOutput ===>> 0.0
GetSetpoint ===>> 0.0
GetProcessValue ===>> 730.0
response t=402.361281872, out=0, setpoint=0, response=730.0
GetPercentOutput ===>> 0.0
GetSetpoint ===>> 0.0
GetProcessValue ===>> 725.0
response t=404.361166954, out=0, setpoint=0, response=725.0
GetPercentOutput ===>> 0.0
GetSetpoint ===>> 0.0
GetProcessValue ===>> 720.0
response t=406.361222029, out=0, setpoint=0, response=720.0
GetPercentOutput ===>> 0.0
GetSetpoint ===>> 0.0
GetProcessValue ===>> 715.0
response t=408.361186028, out=0, setpoint=0, response=715.0
GetPercentOutput ===>> 0.0
GetSetpoint ===>> 0.0
GetProcessValue ===>> 710.0
response t=410.36123395, out=0, setpoint=0, response=710.0
GetPercentOutput ===>> 0.0
GetSetpoint ===>> 0.0
GetProcessValue ===>> 705.0
response t=412.360650063, out=0, setpoint=0, response=705.0
GetPercentOutput ===>> 0.0
GetSetpoint ===>> 0.0
GetProcessValue ===>> 700.0
response t=414.361278057, out=0, setpoint=0, response=700.0
GetPercentOutput ===>> 0.0
GetSetpoint ===>> 0.0
GetProcessValue ===>> 695.0
response t=416.364875078, out=0, setpoint=0, response=695.0
GetPercentOutput ===>> 0.0
GetSetpoint ===>> 0.0
GetProcessValue ===>> 691.0
response t=418.364311934, out=0, setpoint=0, response=691.0
GetPercentOutput ===>> 0.0
GetSetpoint ===>> 0.0
GetProcessValue ===>> 686.0
response t=420.364271879, out=0, setpoint=0, response=686.0
GetPercentOutput ===>> 0.0
GetSetpoint ===>> 0.0
GetProcessValue ===>> 682.0
response t=422.368258953, out=0, setpoint=0, response=682.0
GetPercentOutput ===>> 0.0
GetSetpoint ===>> 0.0
GetProcessValue ===>> 677.0
response t=424.371965885, out=0, setpoint=0, response=677.0
GetPercentOutput ===>> 0.0
GetSetpoint ===>> 0.0
GetProcessValue ===>> 673.0
response t=426.374854088, out=0, setpoint=0, response=673.0
GetPercentOutput ===>> 0.0
GetSetpoint ===>> 0.0
GetProcessValue ===>> 669.0
response t=428.374131918, out=0, setpoint=0, response=669.0
GetPercentOutput ===>> 0.0
GetSetpoint ===>> 0.0
GetProcessValue ===>> 664.0
response t=430.378138065, out=0, setpoint=0, response=664.0
Join finished
block finished. duration 30.0357890129
stop_response_recorder () {}
stop response recorder
executed snippet estimated_duration=1267.0, duration=431.250422955
felix_furnace.py completed successfully
get achieved output
Requested Output= 0.000
Achieved Output=  0.000
get response blob
get output blob
active pid =HO,10;XP,10;TI,48;TD,8
persistence save...
persistence save - db
AutomatedRunPersister post_extraction_save deprecated
persistence save - dvc
no extraction position for 6
not connected to db mysql://felixexp@129.138.12.160/labspy
Enviromentals: {'lab_humiditys': [{'device': 'EnvironmentalMonitor',
                    'name': 'Lab Hum.',
                    'pub_date': '2017-08-30T14:24:50',
                    'title': 'iServer Hum.',
                    'value': 47.7}],
 'lab_pneumatics': [{'device': 'AirPressure',
                     'name': 'Pressure',
                     'pub_date': '2017-08-30T14:27:10',
                     'title': None,
                     'value': 98.25},
                    {'device': 'AirPressure2',
                     'name': 'Pressure2',
                     'pub_date': '2017-08-30T14:27:14',
                     'title': None,
                     'value': 99.6463}],
 'lab_temperatures': [{'device': 'EnvironmentalMonitor',
                       'name': 'Lab Temp.',
                       'pub_date': '2017-08-30T14:20:47',
                       'title': 'iServer Temp.',
                       'value': 73.9},
                      {'device': 'Chiller',
                       'name': 'Coolant Temp.',
                       'pub_date': '2017-08-30T14:19:42',
                       'title': None,
                       'value': 18.0}]}
Extraction Finished
14:28:32 -- ******* Extraction Finished *******
no overlap. not waiting for min ms pumptime
14:28:32 -- Sending spectrometer configuration
======== Sending configuration ========
SetZFocus 1.65 ===>> OK
SetHV 9900.0 ===>> OK
SetZSymmetry 3.35 ===>> OK
SetExtractionLens 63.57 ===>> OK
SetIonRepeller -5.15 ===>> OK
SetElectronEnergy 125.02 ===>> OK
SetYSymmetry 38.07 ===>> OK
send trap current 250.0
GetParameter Trap Current Readback ===>> 248.606848562534
SetParameter Trap Current Set,250.0 ===>> OK
updating mftable name argon
Using mftable located at /Users/obama/PychronDev/setupfiles/spectrometer/mftables/argon.csv
============ MFtable ===========
Isotope  H2     H1     AX     L1     L2     L2(CDD)
Ar40     3.7663 3.8415 3.9196 4.0010 4.1087 4.0943
Ar39     3.6919 3.7663 3.8427 3.9255 4.0281 4.0133
Ar36     3.4655 3.4180 3.6071 3.6830 3.7916 3.7662
================================
get initial guess parabolic
get initial guess parabolic
get initial guess parabolic
get initial guess parabolic
get initial guess parabolic
get initial guess parabolic
======== Configuration Finished ========
GetYSymmetry ===>> 38.07
GetZSymmetry ===>> 3.35
GetParameter Trap Current Readback ===>> 248.159311481414
GetHighVoltage ===>> 9900
start measurement
do measurement
L#=65807 analysis type=unknown
Measurement Started felix_analysis400_120_no_save_center.py
14:28:32 -- ******* Measurement Started felix_analysis400_120_no_save_center.py *******
state changed from extraction to measurement
setting trap, emission, spec, defl, and gains
GetExtractionLens ===>> 63.57
GetYSymmetry ===>> 38.07
GetZSymmetry ===>> 3.35
GetZFocus ===>> 1.65
GetDeflection H2 (CDD) ===>> 3250
GetDeflection H1 (CDD) ===>> 3250
GetDeflection AX (CDD) ===>> 3250
GetDeflection L1 (CDD) ===>> 3250
GetDeflection L2 (CDD) ===>> 0
GetGain H2 ===>> 0.9809305
GetGain H1 ===>> 0.9706
GetGain AX ===>> 0.96269
GetGain L1 ===>> 0.970094835296087
GetGain L2 ===>> 0.967359864778375
GetGain H2(CDD) ===>> 0
GetGain H1(CDD) ===>> 0
GetGain AX(CDD) ===>> 0
GetGain L1(CDD) ===>> 0
GetGain L2(CDD) ===>> 0
GetParameter Trap Current Readback ===>> 248.047427211133
GetParameter Source Current Readback ===>> 885.73722761399
pre measurement save
New frame /Users/obama/PychronDev/data/isotopes/a9/0ee1ec-f124-4aef-8e2b-4f3330b74f97.h5
flush and close file /Users/obama/PychronDev/data/isotopes/a9/0ee1ec-f124-4aef-8e2b-4f3330b74f97.h5
testing...
no interpolation path defined
executed snippet estimated_duration=590.4304, duration=0.000203132629395
unknown measurement script
activate_detectors ('H2', 'H1', 'AX', 'L1', 'L2(CDD)') {}
activate detectors
*************** Set Analysis View Ar/Ar
create graphs
clearing graphs
clear isotope group
setting isotope det=H2, iso=Ar40
setting isotope det=H1, iso=Ar39
setting isotope det=AX, iso=Ar38
setting isotope det=L1, iso=Ar37
setting isotope det=L2(CDD), iso=Ar36
setting previous blanks
 - setting Ar40 blank 6.974+/-0.019
 - setting Ar36 blank 0.0246+/-0.0004
 - setting Ar37 blank 0.030+/-0.011
 - setting Ar38 blank -0.012+/-0.013
 - setting Ar39 blank -0.030+/-0.025
load analysis view
position_magnet ('Ar40',) {'detector': 'H2'}
detector Detector(H2)
POSITION Ar40 H2
setting detector H2 to Ar40 (39.9624)
setting detector H1 to Ar39 (38.8624)
setting detector AX to Ar38 (37.9624)
setting detector L1 to Ar37 (36.9624)
setting detector L2 to Ar36 (35.8624)
setting detector H2(CDD) to Ar40 (39.8624)
setting detector H1(CDD) to Ar39 (38.8624)
setting detector AX(CDD) to Ar38 (37.8624)
setting detector L1(CDD) to Ar37 (36.8624)
setting detector L2(CDD) to Ar36 (35.9624)
Mapping mass to dac mass func: "parabolic"
H2 map mass coeffs = [ -2.56720193e-04   9.47812314e-02   3.88574975e-01]
H2 map mass to dac 39.9624 >> 3.76628
GetHighVoltage ===>> 9900
positioning Ar40 (3.76628) on H2
setting magnet DAC
current  : 3.768280
requested: 3.766280
Delta Dac: 0.002000
Checking detector protection. dv=0.00200
SetMagnetDAC 3.76628 ===>> OK
Magnet settling time: 0.500 0.500
Magnet settling complete
set_dac. change=True
equilibrate () {'delay': 3, 'inlet': 'H', 'outlet': 'V', 'eqtime': 30.0}
Equilibration Started
14:28:33 -- ******* Equilibration Started *******
checking ownership. requestor=129.138.12.137
check software interlocks V
interlocks []
actuate state mode=None-script, software_lock=False
doing actuation None-script close_channel True
update labels <pychron.experiment.plot_panel.PlotPanel object at 0x11f0dac50>
update labels "<pychron.graph.stacked_regression_graph.StackedRegressionGraph object at 0x123d56cb0>"
setting label 0 H2 Ar40
setting label 1 H1 Ar39
setting label 2 AX Ar38
setting label 3 L1 Ar37
setting label 4 L2(CDD) Ar36
update labels "<pychron.graph.stacked_graph.StackedGraph object at 0x12599a9b0>"
setting label 0 H2 Ar40
setting label 1 H1 Ar39
setting label 2 AX Ar38
setting label 3 L1 Ar37
setting label 4 L2(CDD) Ar36
Close V ===>> OK
GetIndicatorState V ===>> False
change switch state (True, True)
update switch state V False args=() kw={} ncanvase=3
14:28:33 -- CLOSE  VALVE-V (Felix Ion Pump)
waiting 3s before opening inlet value ('H',)
checking ownership. requestor=129.138.12.137
check software interlocks H
interlocks []
actuate state mode=None-script, software_lock=False
doing actuation None-script open_channel True
Open H ===>> OK
GetIndicatorState H ===>> OK
change switch state (True, True)
update switch state H True args=() kw={} ncanvase=3
14:28:36 -- OPEN   VALVE-H (Felix Inlet)
set_time_zero () {}
equilibrating for 30.0sec
sniff (30.0,) {}
py_sniff
build tables- sniff [Detector(H2), Detector(H1), Detector(AX), Detector(L1), Detector(L2(CDD))]
add group /sniff/Ar40 (Group) u'' table H2
add group /sniff/Ar39 (Group) u'' table H1
add group /sniff/Ar38 (Group) u'' table AX
add group /sniff/Ar37 (Group) u'' table L1
add group /sniff/Ar36 (Group) u'' table L2(CDD)
flush and close file /Users/obama/PychronDev/data/isotopes/a9/0ee1ec-f124-4aef-8e2b-4f3330b74f97.h5
measuring sniff. ncounts=30.0
"sniff" increment series count="1" fit count="0" regressing="False"
starting measurement
14:29:02 -- collecting point 25
Equilibration Finished
14:29:06 -- ******* Equilibration Finished *******
checking ownership. requestor=129.138.12.137
check software interlocks H
interlocks []
actuate state mode=None-script, software_lock=False
doing actuation None-script close_channel True
Close H ===>> OK
set states for children of H. state=False
handle state [('H', False)]
update switch state H False args=() kw={'refresh': False} ncanvase=3
refresh_canvas_needed fired
GetIndicatorState H ===>> False
change switch state (True, True)
update switch state H False args=() kw={} ncanvase=3
14:29:07 -- CLOSE  VALVE-H (Felix Inlet)
Post Equilibration Started felix_pump_extraction_line.py
14:29:07 -- ******* Post Equilibration Started felix_pump_extraction_line.py *******
testing...
no interpolation path defined
calculate duration
testing...
no interpolation path defined
executed snippet estimated_duration=4.0, duration=0.000293016433716
executed snippet estimated_duration=4.0, duration=0.00231409072876
Pump after analysis
doing GOSUB
testing...
no interpolation path defined
executed snippet estimated_duration=4.0, duration=0.000247955322266
Pump Bone
close () {'description': 'Felix Inlet'}
close name=--- desc=Felix Inlet
checking ownership. requestor=129.138.12.137
check software interlocks H
interlocks []
actuate state mode=None-script, software_lock=False
doing actuation None-script close_channel False
Close H ===>> OK
GetIndicatorState H ===>> False
change switch state (True, True)
update switch state H False args=() kw={} ncanvase=3
14:29:07 -- CLOSE  VALVE-H (Felix Inlet)
-------------------------- close None (Felix Inlet) result=[(True, True)]
action=close, ok=True, locked=[False]
is_closed ('A',) {}
is A () closed?
is closed False
close () {'description': 'CO2 Laser to Bone'}
close name=--- desc=CO2 Laser to Bone
checking ownership. requestor=129.138.12.137
check software interlocks F
interlocks []
actuate state mode=None-script, software_lock=True
VALVE-F(CO2 Laser to Bone) software locked
change switch state (True, False)
-------------------------- close None (CO2 Laser to Bone) result=[(True, False)]
action=close, ok=True, locked=[True]
sleep (1,) {}
SLEEP 1.0
close () {'description': 'CO2 Laser to Roughing'}
close name=--- desc=CO2 Laser to Roughing
checking ownership. requestor=129.138.12.137
check software interlocks G
interlocks []
actuate state mode=None-script, software_lock=True
VALVE-G(CO2 Laser to Roughing) software locked
change switch state (True, False)
-------------------------- close None (CO2 Laser to Roughing) result=[(True, False)]
action=close, ok=True, locked=[True]
open () {'description': 'Bone to Turbo'}
open name=--- desc=Bone to Turbo
checking ownership. requestor=129.138.12.137
check software interlocks C
interlocks []
actuate state mode=None-script, software_lock=False
doing actuation None-script open_channel True
Open C ===>> OK
GetIndicatorState C ===>> OK
change switch state (True, True)
update switch state C True args=() kw={} ncanvase=3
14:29:08 -- OPEN   VALVE-C (Bone to Turbo)
-------------------------- open None (Bone to Turbo) result=[(True, True)]
waiting for write to finish
measurement finished
estimated time: 31.457 actual time: :31.602
flush and close file /Users/obama/PychronDev/data/isotopes/a9/0ee1ec-f124-4aef-8e2b-4f3330b74f97.h5
set_fits () {}
using default fits file=/Users/obama/PychronDev/scripts/measurement/fits/nominal.yaml
set "Ar40" to "('Parabolic', 'SEM')"
set "Ar36" to "('Parabolic', 'SEM')"
set "Ar37" to "('linear', 'SEM')"
set "Ar38" to "('linear', 'SEM')"
set "Ar39" to "('Parabolic', 'SEM')"
set_baseline_fits () {}
using default fits file=/Users/obama/PychronDev/scripts/measurement/fits/nominal.yaml
set "H2" to "('average', 'SEM')"
set "L2(CDD)" to "('average', 'SEM')"
set "L1" to "('average', 'SEM')"
set "AX" to "('average', 'SEM')"
set "H1" to "('average', 'SEM')"
multicollect () {'integration_time': 1.048576, 'ncounts': 400}
build tables- signal [Detector(H2), Detector(H1), Detector(AX), Detector(L1), Detector(L2(CDD))]
add group /signal/Ar40 (Group) u'' table H2
add group /signal/Ar39 (Group) u'' table H1
add group /signal/Ar38 (Group) u'' table AX
add group /signal/Ar37 (Group) u'' table L1
add group /signal/Ar36 (Group) u'' table L2(CDD)
flush and close file /Users/obama/PychronDev/data/isotopes/a9/0ee1ec-f124-4aef-8e2b-4f3330b74f97.h5
measuring signal. ncounts=400
action=open, ok=True, locked=[False]
open () {'description': 'Bone to Getter GP-50'}
open name=--- desc=Bone to Getter GP-50
checking ownership. requestor=129.138.12.137
check software interlocks N
interlocks []
actuate state mode=None-script, software_lock=False
doing actuation None-script open_channel False
Open N ===>> OK
"signal" increment series count="2" fit count="1" regressing="True"
GetIndicatorState N ===>> OK
change switch state (True, True)
update switch state N True args=() kw={} ncanvase=3
14:29:09 -- OPEN   VALVE-N (Bone to Getter GP-50)
-------------------------- open None (Bone to Getter GP-50) result=[(True, True)]
action=open, ok=True, locked=[False]
open () {'description': 'Bone to Diode Laser'}
open name=--- desc=Bone to Diode Laser
checking ownership. requestor=129.138.12.137
check software interlocks B
interlocks []
actuate state mode=None-script, software_lock=False
doing actuation None-script open_channel True
Open B ===>> OK
starting measurement
GetIndicatorState B ===>> OK
change switch state (True, True)
update switch state B True args=() kw={} ncanvase=3
14:29:09 -- OPEN   VALVE-B (Bone to Diode Laser)
-------------------------- open None (Bone to Diode Laser) result=[(True, True)]
action=open, ok=True, locked=[False]
open () {'description': 'Bone to CO2 Laser'}
open name=--- desc=Bone to CO2 Laser
checking ownership. requestor=129.138.12.137
check software interlocks D
interlocks []
actuate state mode=None-script, software_lock=False
doing actuation None-script open_channel False
Open D ===>> OK
GetIndicatorState D ===>> OK
change switch state (True, True)
update switch state D True args=() kw={} ncanvase=3
14:29:10 -- OPEN   VALVE-D (Bone to CO2 Laser)
-------------------------- open None (Bone to CO2 Laser) result=[(True, True)]
action=open, ok=True, locked=[False]
sleep (1,) {}
SLEEP 1.0
set_resource () {'name': 'CO2PumpTimeFlag', 'value': 30}
Set CO2PumpTimeFlag 30 ===>> OK
release ('FelixCO2Flag',) {}
release FelixCO2Flag
Set FelixCO2Flag 0 ===>> OK
executed snippet estimated_duration=6.0, duration=4.23674583435
PumpBone.py completed successfully
gosub finished
get_resource_value () {'name': 'FelixMiniboneFlag'}
Read FelixMiniboneFlag ===>> 0
Get Resource Value FelixMiniboneFlag=0.0
executed snippet estimated_duration=4.0, duration=4.24514102936
felix_pump_extraction_line.py completed successfully
Post Equilibration Finished
14:29:11 -- ******* Post Equilibration Finished *******
GetDeflection L2 (CDD) ===>> 0
testing L2_CDD_==3250
evaluate ot="L2(CDD).deflection==3250" t="L2_CDD_==3250", ctx="{'L2_CDD_': 0.0}"
GetDeflection L2 (CDD) ===>> 0
testing L2_CDD_==3250
evaluate ot="L2(CDD).deflection==3250" t="L2_CDD_==3250", ctx="{'L2_CDD_': 0.0}"
14:29:34 -- collecting point 25
GetDeflection L2 (CDD) ===>> 0
testing L2_CDD_==3250
evaluate ot="L2(CDD).deflection==3250" t="L2_CDD_==3250", ctx="{'L2_CDD_': 0.0}"
GetDeflection L2 (CDD) ===>> 0
testing L2_CDD_==3250
evaluate ot="L2(CDD).deflection==3250" t="L2_CDD_==3250", ctx="{'L2_CDD_': 0.0}"
14:30:00 -- collecting point 50
GetDeflection L2 (CDD) ===>> 0
testing L2_CDD_==3250
evaluate ot="L2(CDD).deflection==3250" t="L2_CDD_==3250", ctx="{'L2_CDD_': 0.0}"
GetDeflection L2 (CDD) ===>> 0
testing L2_CDD_==3250
evaluate ot="L2(CDD).deflection==3250" t="L2_CDD_==3250", ctx="{'L2_CDD_': 0.0}"
GetDeflection L2 (CDD) ===>> 0
testing L2_CDD_==3250
evaluate ot="L2(CDD).deflection==3250" t="L2_CDD_==3250", ctx="{'L2_CDD_': 0.0}"
14:30:27 -- collecting point 75
GetDeflection L2 (CDD) ===>> 0
testing L2_CDD_==3250
evaluate ot="L2(CDD).deflection==3250" t="L2_CDD_==3250", ctx="{'L2_CDD_': 0.0}"
GetDeflection L2 (CDD) ===>> 0
testing L2_CDD_==3250
evaluate ot="L2(CDD).deflection==3250" t="L2_CDD_==3250", ctx="{'L2_CDD_': 0.0}"
14:30:53 -- collecting point 100
GetDeflection L2 (CDD) ===>> 0
testing L2_CDD_==3250
evaluate ot="L2(CDD).deflection==3250" t="L2_CDD_==3250", ctx="{'L2_CDD_': 0.0}"
GetDeflection L2 (CDD) ===>> 0
testing L2_CDD_==3250
evaluate ot="L2(CDD).deflection==3250" t="L2_CDD_==3250", ctx="{'L2_CDD_': 0.0}"
GetDeflection L2 (CDD) ===>> 0
testing L2_CDD_==3250
evaluate ot="L2(CDD).deflection==3250" t="L2_CDD_==3250", ctx="{'L2_CDD_': 0.0}"
14:31:19 -- collecting point 125
GetDeflection L2 (CDD) ===>> 0
testing L2_CDD_==3250
evaluate ot="L2(CDD).deflection==3250" t="L2_CDD_==3250", ctx="{'L2_CDD_': 0.0}"
GetDeflection L2 (CDD) ===>> 0
testing L2_CDD_==3250
evaluate ot="L2(CDD).deflection==3250" t="L2_CDD_==3250", ctx="{'L2_CDD_': 0.0}"
14:31:46 -- collecting point 150
GetDeflection L2 (CDD) ===>> 0
testing L2_CDD_==3250
evaluate ot="L2(CDD).deflection==3250" t="L2_CDD_==3250", ctx="{'L2_CDD_': 0.0}"
GetDeflection L2 (CDD) ===>> 0
testing L2_CDD_==3250
evaluate ot="L2(CDD).deflection==3250" t="L2_CDD_==3250", ctx="{'L2_CDD_': 0.0}"
GetDeflection L2 (CDD) ===>> 0
testing L2_CDD_==3250
evaluate ot="L2(CDD).deflection==3250" t="L2_CDD_==3250", ctx="{'L2_CDD_': 0.0}"
14:32:12 -- collecting point 175
GetDeflection L2 (CDD) ===>> 0
testing L2_CDD_==3250
evaluate ot="L2(CDD).deflection==3250" t="L2_CDD_==3250", ctx="{'L2_CDD_': 0.0}"
GetDeflection L2 (CDD) ===>> 0
testing L2_CDD_==3250
evaluate ot="L2(CDD).deflection==3250" t="L2_CDD_==3250", ctx="{'L2_CDD_': 0.0}"
14:32:38 -- collecting point 200
GetDeflection L2 (CDD) ===>> 0
testing L2_CDD_==3250
evaluate ot="L2(CDD).deflection==3250" t="L2_CDD_==3250", ctx="{'L2_CDD_': 0.0}"
GetDeflection L2 (CDD) ===>> 0
testing L2_CDD_==3250
evaluate ot="L2(CDD).deflection==3250" t="L2_CDD_==3250", ctx="{'L2_CDD_': 0.0}"
GetDeflection L2 (CDD) ===>> 0
testing L2_CDD_==3250
evaluate ot="L2(CDD).deflection==3250" t="L2_CDD_==3250", ctx="{'L2_CDD_': 0.0}"
14:33:04 -- collecting point 225
GetDeflection L2 (CDD) ===>> 0
testing L2_CDD_==3250
evaluate ot="L2(CDD).deflection==3250" t="L2_CDD_==3250", ctx="{'L2_CDD_': 0.0}"
GetDeflection L2 (CDD) ===>> 0
testing L2_CDD_==3250
evaluate ot="L2(CDD).deflection==3250" t="L2_CDD_==3250", ctx="{'L2_CDD_': 0.0}"
14:33:31 -- collecting point 250
GetDeflection L2 (CDD) ===>> 0
testing L2_CDD_==3250
evaluate ot="L2(CDD).deflection==3250" t="L2_CDD_==3250", ctx="{'L2_CDD_': 0.0}"
GetDeflection L2 (CDD) ===>> 0
testing L2_CDD_==3250
evaluate ot="L2(CDD).deflection==3250" t="L2_CDD_==3250", ctx="{'L2_CDD_': 0.0}"
GetDeflection L2 (CDD) ===>> 0
testing L2_CDD_==3250
evaluate ot="L2(CDD).deflection==3250" t="L2_CDD_==3250", ctx="{'L2_CDD_': 0.0}"
14:33:57 -- collecting point 275
GetDeflection L2 (CDD) ===>> 0
testing L2_CDD_==3250
evaluate ot="L2(CDD).deflection==3250" t="L2_CDD_==3250", ctx="{'L2_CDD_': 0.0}"
GetDeflection L2 (CDD) ===>> 0
testing L2_CDD_==3250
evaluate ot="L2(CDD).deflection==3250" t="L2_CDD_==3250", ctx="{'L2_CDD_': 0.0}"
14:34:23 -- collecting point 300
GetDeflection L2 (CDD) ===>> 0
testing L2_CDD_==3250
evaluate ot="L2(CDD).deflection==3250" t="L2_CDD_==3250", ctx="{'L2_CDD_': 0.0}"
GetDeflection L2 (CDD) ===>> 0
testing L2_CDD_==3250
evaluate ot="L2(CDD).deflection==3250" t="L2_CDD_==3250", ctx="{'L2_CDD_': 0.0}"
GetDeflection L2 (CDD) ===>> 0
testing L2_CDD_==3250
evaluate ot="L2(CDD).deflection==3250" t="L2_CDD_==3250", ctx="{'L2_CDD_': 0.0}"
14:34:50 -- collecting point 325
GetDeflection L2 (CDD) ===>> 0
testing L2_CDD_==3250
evaluate ot="L2(CDD).deflection==3250" t="L2_CDD_==3250", ctx="{'L2_CDD_': 0.0}"
GetDeflection L2 (CDD) ===>> 0
testing L2_CDD_==3250
evaluate ot="L2(CDD).deflection==3250" t="L2_CDD_==3250", ctx="{'L2_CDD_': 0.0}"
14:35:16 -- collecting point 350
GetDeflection L2 (CDD) ===>> 0
testing L2_CDD_==3250
evaluate ot="L2(CDD).deflection==3250" t="L2_CDD_==3250", ctx="{'L2_CDD_': 0.0}"
GetDeflection L2 (CDD) ===>> 0
testing L2_CDD_==3250
evaluate ot="L2(CDD).deflection==3250" t="L2_CDD_==3250", ctx="{'L2_CDD_': 0.0}"
GetDeflection L2 (CDD) ===>> 0
testing L2_CDD_==3250
evaluate ot="L2(CDD).deflection==3250" t="L2_CDD_==3250", ctx="{'L2_CDD_': 0.0}"
14:35:42 -- collecting point 375
GetDeflection L2 (CDD) ===>> 0
testing L2_CDD_==3250
evaluate ot="L2(CDD).deflection==3250" t="L2_CDD_==3250", ctx="{'L2_CDD_': 0.0}"
GetDeflection L2 (CDD) ===>> 0
testing L2_CDD_==3250
evaluate ot="L2(CDD).deflection==3250" t="L2_CDD_==3250", ctx="{'L2_CDD_': 0.0}"
14:36:08 -- collecting point 400
waiting for write to finish
measurement finished
estimated time: 419.430 actual time: :420.554
flush and close file /Users/obama/PychronDev/data/isotopes/a9/0ee1ec-f124-4aef-8e2b-4f3330b74f97.h5
baselines () {'settling_time': 15.0, 'detector': 'H2', 'mass': 39.862, 'ncounts': 120}
%%%%%%%%%%%%%%%%%%%%%%%%%%%%%%%% Baseline
build tables- baseline [Detector(H2), Detector(H1), Detector(AX), Detector(L1), Detector(L2(CDD))]
add group baseline table H2
add group baseline table H1
add group baseline table AX
add group baseline table L1
add group baseline table L2(CDD)
flush and close file /Users/obama/PychronDev/data/isotopes/a9/0ee1ec-f124-4aef-8e2b-4f3330b74f97.h5
detector Detector(H2)
POSITION 39.862 H2
Mapping mass to dac mass func: "parabolic"
H2 map mass coeffs = [ -2.56720193e-04   9.47812314e-02   3.88574975e-01]
H2 map mass to dac 39.862 >> 3.75882141492
GetHighVoltage ===>> 9900
positioning 39.862 (3.75882141492) on H2
setting magnet DAC
current  : 3.766280
requested: 3.758821
Delta Dac: 0.007459
Checking detector protection. dv=0.00746
SetMagnetDAC 3.75882141492 ===>> OK
Magnet settling time: 0.500 0.500
Magnet settling complete
set_dac. change=True
Delaying 15.0s for detectors to settle
Join finished
measuring baseline. ncounts=120
"baseline" increment series count="2" fit count="1" regressing="True"
starting measurement
GetDeflection L2 (CDD) ===>> 0
testing L2_CDD_==3250
evaluate ot="L2(CDD).deflection==3250" t="L2_CDD_==3250", ctx="{'L2_CDD_': 0.0}"
GetDeflection L2 (CDD) ===>> 0
testing L2_CDD_==3250
evaluate ot="L2(CDD).deflection==3250" t="L2_CDD_==3250", ctx="{'L2_CDD_': 0.0}"
14:36:51 -- collecting point 25
GetDeflection L2 (CDD) ===>> 0
testing L2_CDD_==3250
evaluate ot="L2(CDD).deflection==3250" t="L2_CDD_==3250", ctx="{'L2_CDD_': 0.0}"
GetDeflection L2 (CDD) ===>> 0
testing L2_CDD_==3250
evaluate ot="L2(CDD).deflection==3250" t="L2_CDD_==3250", ctx="{'L2_CDD_': 0.0}"
14:37:17 -- collecting point 50
GetDeflection L2 (CDD) ===>> 0
testing L2_CDD_==3250
evaluate ot="L2(CDD).deflection==3250" t="L2_CDD_==3250", ctx="{'L2_CDD_': 0.0}"
GetDeflection L2 (CDD) ===>> 0
testing L2_CDD_==3250
evaluate ot="L2(CDD).deflection==3250" t="L2_CDD_==3250", ctx="{'L2_CDD_': 0.0}"
GetDeflection L2 (CDD) ===>> 0
testing L2_CDD_==3250
evaluate ot="L2(CDD).deflection==3250" t="L2_CDD_==3250", ctx="{'L2_CDD_': 0.0}"
14:37:43 -- collecting point 75
GetDeflection L2 (CDD) ===>> 0
testing L2_CDD_==3250
evaluate ot="L2(CDD).deflection==3250" t="L2_CDD_==3250", ctx="{'L2_CDD_': 0.0}"
GetDeflection L2 (CDD) ===>> 0
testing L2_CDD_==3250
evaluate ot="L2(CDD).deflection==3250" t="L2_CDD_==3250", ctx="{'L2_CDD_': 0.0}"
14:38:10 -- collecting point 100
GetDeflection L2 (CDD) ===>> 0
testing L2_CDD_==3250
evaluate ot="L2(CDD).deflection==3250" t="L2_CDD_==3250", ctx="{'L2_CDD_': 0.0}"
GetDeflection L2 (CDD) ===>> 0
testing L2_CDD_==3250
evaluate ot="L2(CDD).deflection==3250" t="L2_CDD_==3250", ctx="{'L2_CDD_': 0.0}"
waiting for write to finish
measurement finished
estimated time: 125.829 actual time: :126.181
flush and close file /Users/obama/PychronDev/data/isotopes/a9/0ee1ec-f124-4aef-8e2b-4f3330b74f97.h5
activate_detectors ('H1', 'L2(CDD)') {'peak_center': True}
peak_center () {'detector': 'H2', 'save': False, 'integration_time': 1.048576, 'isotope': 'Ar40'}
peak center: mean=15.6731392329 threshold=1.0
peak center started
setup peak center. detector=['H2', 'H1', 'L2(CDD)'], isotope=Ar40
VersionedUnpickler [<apptools.sweet_pickle.versioned_unpickler.VersionedUnpickler object at 0x131459d70>] using Updater [<apptools.sweet_pickle.updater.Updater object at 0x11fa4ea70>]
VersionedUnpickler [<apptools.sweet_pickle.versioned_unpickler.VersionedUnpickler object at 0x131459d70>] using Updater [<apptools.sweet_pickle.updater.Updater object at 0x11fa4ea70>]
VersionedUnpickler [<apptools.sweet_pickle.versioned_unpickler.VersionedUnpickler object at 0x121fac5f0>] using Updater [<apptools.sweet_pickle.updater.Updater object at 0x11fa4ea70>]
setting integration time = 0.524288
SetIntegrationTime 0.524288 ===>> OK
Mapping mass to dac mass func: "parabolic"
H2 map mass coeffs = [ -2.56720193e-04   9.47812314e-02   3.88574975e-01]
H2 map mass to dac 39.9624 >> 3.76628
GetHighVoltage ===>> 9900
do peak center. <pychron.spectrometer.jobs.peak_center.PeakCenter object at 0x11fa4e890>
doing pc
starting peak center. center dac= 3.76628 step_width=0.0001
width = 0.0001
get scan parameters. half-width=0.002,window=0.002, i=0, scalar=1
Scan parameters center=3.76628 width=0.00400 (3.76428 - 3.76828)
Moving to starting dac 3.76428
setting magnet DAC
current  : 3.758821
requested: 3.764280
Delta Dac: 0.005459
Checking detector protection. dv=0.00546
SetMagnetDAC 3.76428 ===>> OK
Magnet settling time: 0.500 0.500
Magnet settling complete
set_dac. change=True
Wait until signal near baseline. tol= 0.00546823943312. timeout= 10
Peak center baseline intensity achieved
_do_sweep sm= 3.76428, em= 3.76828, stm= 0.0001
calculated step values: start=3.76428, end=3.76828, width=0.0001, nsteps=41.0
setting magnet DAC
current  : 3.764280
requested: 3.764280
Delta Dac: 0.000000
Checking detector protection. dv=0.00000
set_dac. change=False
setting magnet DAC
current  : 3.764280
requested: 3.764383
Delta Dac: 0.000103
Checking detector protection. dv=0.00010
Magnet settling time: 1.049 0.500
Magnet settling complete
set_dac. change=True
setting magnet DAC
current  : 3.764383
requested: 3.764485
Delta Dac: 0.000103
Checking detector protection. dv=0.00010
Magnet settling time: 1.049 0.500
Magnet settling complete
set_dac. change=True
setting magnet DAC
current  : 3.764485
requested: 3.764588
Delta Dac: 0.000103
Checking detector protection. dv=0.00010
Magnet settling time: 1.049 0.500
Magnet settling complete
set_dac. change=True
setting magnet DAC
current  : 3.764588
requested: 3.764690
Delta Dac: 0.000103
Checking detector protection. dv=0.00010
Magnet settling time: 1.049 0.500
Magnet settling complete
set_dac. change=True
setting magnet DAC
current  : 3.764690
requested: 3.764793
Delta Dac: 0.000103
Checking detector protection. dv=0.00010
Magnet settling time: 1.049 0.500
Magnet settling complete
set_dac. change=True
setting magnet DAC
current  : 3.764793
requested: 3.764895
Delta Dac: 0.000103
Checking detector protection. dv=0.00010
Magnet settling time: 1.049 0.500
Magnet settling complete
set_dac. change=True
setting magnet DAC
current  : 3.764895
requested: 3.764998
Delta Dac: 0.000103
Checking detector protection. dv=0.00010
Magnet settling time: 1.049 0.500
Magnet settling complete
set_dac. change=True
setting magnet DAC
current  : 3.764998
requested: 3.765101
Delta Dac: 0.000103
Checking detector protection. dv=0.00010
Magnet settling time: 1.049 0.500
Magnet settling complete
set_dac. change=True
setting magnet DAC
current  : 3.765101
requested: 3.765203
Delta Dac: 0.000103
Checking detector protection. dv=0.00010
Magnet settling time: 1.049 0.500
Magnet settling complete
set_dac. change=True
setting magnet DAC
current  : 3.765203
requested: 3.765306
Delta Dac: 0.000103
Checking detector protection. dv=0.00010
Magnet settling time: 1.049 0.500
Magnet settling complete
set_dac. change=True
setting magnet DAC
current  : 3.765306
requested: 3.765408
Delta Dac: 0.000103
Checking detector protection. dv=0.00010
Magnet settling time: 1.049 0.500
Magnet settling complete
set_dac. change=True
setting magnet DAC
current  : 3.765408
requested: 3.765511
Delta Dac: 0.000103
Checking detector protection. dv=0.00010
Magnet settling time: 1.049 0.500
Magnet settling complete
set_dac. change=True
setting magnet DAC
current  : 3.765511
requested: 3.765613
Delta Dac: 0.000103
Checking detector protection. dv=0.00010
Magnet settling time: 1.049 0.500
Magnet settling complete
set_dac. change=True
setting magnet DAC
current  : 3.765613
requested: 3.765716
Delta Dac: 0.000103
Checking detector protection. dv=0.00010
Magnet settling time: 1.049 0.500
Magnet settling complete
set_dac. change=True
setting magnet DAC
current  : 3.765716
requested: 3.765818
Delta Dac: 0.000103
Checking detector protection. dv=0.00010
Magnet settling time: 1.049 0.500
Magnet settling complete
set_dac. change=True
setting magnet DAC
current  : 3.765818
requested: 3.765921
Delta Dac: 0.000103
Checking detector protection. dv=0.00010
Magnet settling time: 1.049 0.500
Magnet settling complete
set_dac. change=True
setting magnet DAC
current  : 3.765921
requested: 3.766024
Delta Dac: 0.000103
Checking detector protection. dv=0.00010
Magnet settling time: 1.049 0.500
Magnet settling complete
set_dac. change=True
setting magnet DAC
current  : 3.766024
requested: 3.766126
Delta Dac: 0.000103
Checking detector protection. dv=0.00010
Magnet settling time: 1.049 0.500
Magnet settling complete
set_dac. change=True
setting magnet DAC
current  : 3.766126
requested: 3.766229
Delta Dac: 0.000103
Checking detector protection. dv=0.00010
Magnet settling time: 1.049 0.500
Magnet settling complete
set_dac. change=True
setting magnet DAC
current  : 3.766229
requested: 3.766331
Delta Dac: 0.000103
Checking detector protection. dv=0.00010
Magnet settling time: 1.049 0.500
Magnet settling complete
set_dac. change=True
setting magnet DAC
current  : 3.766331
requested: 3.766434
Delta Dac: 0.000103
Checking detector protection. dv=0.00010
Magnet settling time: 1.049 0.500
Magnet settling complete
set_dac. change=True
setting magnet DAC
current  : 3.766434
requested: 3.766536
Delta Dac: 0.000103
Checking detector protection. dv=0.00010
Magnet settling time: 1.049 0.500
Magnet settling complete
set_dac. change=True
setting magnet DAC
current  : 3.766536
requested: 3.766639
Delta Dac: 0.000103
Checking detector protection. dv=0.00010
Magnet settling time: 1.049 0.500
Magnet settling complete
set_dac. change=True
setting magnet DAC
current  : 3.766639
requested: 3.766742
Delta Dac: 0.000103
Checking detector protection. dv=0.00010
Magnet settling time: 1.049 0.500
Magnet settling complete
set_dac. change=True
setting magnet DAC
current  : 3.766742
requested: 3.766844
Delta Dac: 0.000103
Checking detector protection. dv=0.00010
Magnet settling time: 1.049 0.500
Magnet settling complete
set_dac. change=True
setting magnet DAC
current  : 3.766844
requested: 3.766947
Delta Dac: 0.000103
Checking detector protection. dv=0.00010
Magnet settling time: 1.049 0.500
Magnet settling complete
set_dac. change=True
setting magnet DAC
current  : 3.766947
requested: 3.767049
Delta Dac: 0.000103
Checking detector protection. dv=0.00010
Magnet settling time: 1.049 0.500
Magnet settling complete
set_dac. change=True
setting magnet DAC
current  : 3.767049
requested: 3.767152
Delta Dac: 0.000103
Checking detector protection. dv=0.00010
Magnet settling time: 1.049 0.500
Magnet settling complete
set_dac. change=True
setting magnet DAC
current  : 3.767152
requested: 3.767254
Delta Dac: 0.000103
Checking detector protection. dv=0.00010
Magnet settling time: 1.049 0.500
Magnet settling complete
set_dac. change=True
setting magnet DAC
current  : 3.767254
requested: 3.767357
Delta Dac: 0.000103
Checking detector protection. dv=0.00010
Magnet settling time: 1.049 0.500
Magnet settling complete
set_dac. change=True
setting magnet DAC
current  : 3.767357
requested: 3.767459
Delta Dac: 0.000103
Checking detector protection. dv=0.00010
Magnet settling time: 1.049 0.500
Magnet settling complete
set_dac. change=True
setting magnet DAC
current  : 3.767459
requested: 3.767562
Delta Dac: 0.000103
Checking detector protection. dv=0.00010
Magnet settling time: 1.049 0.500
Magnet settling complete
set_dac. change=True
setting magnet DAC
current  : 3.767562
requested: 3.767665
Delta Dac: 0.000103
Checking detector protection. dv=0.00010
Magnet settling time: 1.049 0.500
Magnet settling complete
set_dac. change=True
setting magnet DAC
current  : 3.767665
requested: 3.767767
Delta Dac: 0.000103
Checking detector protection. dv=0.00010
Magnet settling time: 1.049 0.500
Magnet settling complete
set_dac. change=True
setting magnet DAC
current  : 3.767767
requested: 3.767870
Delta Dac: 0.000103
Checking detector protection. dv=0.00010
Magnet settling time: 1.049 0.500
Magnet settling complete
set_dac. change=True
setting magnet DAC
current  : 3.767870
requested: 3.767972
Delta Dac: 0.000103
Checking detector protection. dv=0.00010
Magnet settling time: 1.049 0.500
Magnet settling complete
set_dac. change=True
setting magnet DAC
current  : 3.767972
requested: 3.768075
Delta Dac: 0.000103
Checking detector protection. dv=0.00010
Magnet settling time: 1.049 0.500
Magnet settling complete
set_dac. change=True
setting magnet DAC
current  : 3.768075
requested: 3.768177
Delta Dac: 0.000103
Checking detector protection. dv=0.00010
Magnet settling time: 1.049 0.500
Magnet settling complete
set_dac. change=True
setting magnet DAC
current  : 3.768177
requested: 3.768280
Delta Dac: 0.000103
Checking detector protection. dv=0.00010
Magnet settling time: 1.049 0.500
Magnet settling complete
set_dac. change=True
result of _do_sweep=True
result of _calculate_peak_center=([3.7650775951903812, 3.7662399198396797, 3.7674022444889781], [12.098896336058431, 16.344436101213137, 12.108142894103924], 3.7664363126252511, 16.344436101213137)
Failed to find a valid peak. No peak greater than 1.0. max = 0.0256607372928
new center pos Detector(H2) (Ar40) @ 3.76623991984
GetHighVoltage ===>> 9900
dac uncorrected for HV and deflection 3.76623991984
setting integration time = 1.048576
SetIntegrationTime 1.048576 ===>> OK
sweep finished
Failed to find a valid peak. No peak greater than 1.0. max = 0.0256607372928
flush and close file /Users/obama/PychronDev/data/isotopes/a9/0ee1ec-f124-4aef-8e2b-4f3330b74f97.h5
finished measure script
executed snippet estimated_duration=590.4304, duration=643.81427598
felix_analysis400_120_no_save_center.py completed successfully
Measurement Finished
14:39:16 -- ******* Measurement Finished *******
Post Measurement Started felix_pump_ms.py
14:39:16 -- ******* Post Measurement Started felix_pump_ms.py *******
testing...
no interpolation path defined
executed snippet estimated_duration=0, duration=4.60147857666e-05
Pumping spectrometer
open () {'name': 'V'}
open name=V desc=---
checking ownership. requestor=129.138.12.137
check software interlocks V
interlocks []
actuate state mode=None-script, software_lock=False
doing actuation None-script open_channel True
Open V ===>> OK
GetIndicatorState V ===>> OK
change switch state (True, True)
update switch state V True args=() kw={} ncanvase=3
14:39:16 -- OPEN   VALVE-V (Felix Ion Pump)
-------------------------- open V () result=[(True, True)]
action=open, ok=True, locked=[False]
executed snippet estimated_duration=0, duration=0.366565227509
felix_pump_ms.py completed successfully
setting _ms_pumptime
Post Measurement Finished
14:39:16 -- ******* Post Measurement Finished *******
$$$$$$$$$$$$$$$$$$$$ state at run end measurement
state changed from measurement to success
post measurement save measured=True aborted=False
Set filtering
setting fod for Ar40= {'filter_outliers': True, 'std_devs': 2, 'iterations': 2}
setting fod for H2= {'filter_outliers': True, 'std_devs': 2, 'iterations': 1}
setting fod for Ar36= {'filter_outliers': True, 'std_devs': 2, 'iterations': 2}
setting fod for L2(CDD)= {'filter_outliers': True, 'std_devs': 2, 'iterations': 1}
setting fod for Ar37= {'filter_outliers': True, 'std_devs': 2, 'iterations': 2}
setting fod for L1= {'filter_outliers': True, 'std_devs': 2, 'iterations': 1}
setting fod for Ar38= {'filter_outliers': True, 'std_devs': 2, 'iterations': 2}
setting fod for AX= {'filter_outliers': True, 'std_devs': 2, 'iterations': 1}
setting fod for Ar39= {'filter_outliers': True, 'std_devs': 2, 'iterations': 2}
setting fod for H1= {'filter_outliers': True, 'std_devs': 2, 'iterations': 1}
not connected to db mysql://felixexp@129.138.12.160/labspy
Enviromentals: {'lab_humiditys': [{'device': 'EnvironmentalMonitor',
                    'name': 'Lab Hum.',
                    'pub_date': '2017-08-30T14:24:50',
                    'title': 'iServer Hum.',
                    'value': 47.7}],
 'lab_pneumatics': [{'device': 'AirPressure',
                     'name': 'Pressure',
                     'pub_date': '2017-08-30T14:39:11',
                     'title': None,
                     'value': 86.55},
                    {'device': 'AirPressure2',
                     'name': 'Pressure2',
                     'pub_date': '2017-08-30T14:39:15',
                     'title': None,
                     'value': 86.94478}],
 'lab_temperatures': [{'device': 'EnvironmentalMonitor',
                       'name': 'Lab Temp.',
                       'pub_date': '2017-08-30T14:20:47',
                       'title': 'iServer Temp.',
                       'value': 73.9},
                      {'device': 'Chiller',
                       'name': 'Coolant Temp.',
                       'pub_date': '2017-08-30T14:19:42',
                       'title': None,
                       'value': 18.0}]}
persistence save...
persistence save - db
post measurement save
5016903312 connecting to database sqlite://@/
connected to db sqlite://@/
create new session 5016903312
close session 5016903312
No database instance. Not saving post measurement to isotopedb database
$$$$$$$$$$$$$$$ auto_save_detector_ic=False
massspec enabled True
create new session 4823356432
MassSpec Database Version: 16.0
close session 4823356432
saving post measurement to secondary database
saving to massspec database 129.138.12.160/massspecdata
setting labnumber to 65807
setting aliquot to 1
setting step to Y
setting uuid to a90ee1ec-f124-4aef-8e2b-4f3330b74f97
setting irradpos to 65807
setting extract_device to NMGRL Furnace
setting tray to 
setting position to 6
setting power_requested to 1200.0
setting extract_value to 1200.0
setting duration to 300.0
setting duration_at_request to 300.0
setting first_stage_delay to 300.0
setting cleanup to 30.0
setting comment to D:6 & D8 Muscovite, 5.90 mg
setting irradiation to NM-291
setting level to D
setting irradiation_level to D
setting sample to 1278
setting material to Muscovite
setting project to IR1013
setting mass_spectrometer to Felix
no attribute chron_dosages
no attribute production_ratios
no attribute interference_corrections
no attribute production_name
no attribute j
Reference Isotope=Ar40
Reference Detector=H2
%%%%%%%%%%%%%%%%%%%% Comment: D:6 & D8 Muscovite, 5.90 mg %%%%%%%%%%%%%%%%%%%
adding isotope Ar40 H2
add baseline dbdet= Ar40. original det= H2
get baseline data Ar40 H2
Get data baseline <pychron.processing.isotope.Baseline object at 0x12b5f6b90> len t=120
baseline Ar40. v=-0.000391139797946, e=0.00908325732728
get signal data Ar40 H2
Get data signal Ar40 14.618+/-0.021 len t=400
adding isotope Ar39 H1
add baseline dbdet= Ar39. original det= H1
get baseline data Ar39 H1
Get data baseline <pychron.processing.isotope.Baseline object at 0x12b5f6d50> len t=120
baseline Ar39. v=-0.0394158024079, e=0.0100839610232
get signal data Ar39 H1
Get data signal Ar39 1.058+/-0.024 len t=400
adding isotope Ar38 AX
add baseline dbdet= Ar38. original det= AX
get baseline data Ar38 AX
Get data baseline <pychron.processing.isotope.Baseline object at 0x12b5f6f10> len t=120
baseline Ar38. v=-0.129524494247, e=0.00985085224841
get signal data Ar38 AX
Get data signal Ar38 0.016+/-0.012 len t=400
adding isotope Ar37 L1
add baseline dbdet= Ar37. original det= L1
get baseline data Ar37 L1
Get data baseline <pychron.processing.isotope.Baseline object at 0x12b5ce110> len t=120
baseline Ar37. v=-0.648345569855, e=0.00939468000787
get signal data Ar37 L1
Get data signal Ar37 0.123+/-0.012 len t=400
adding isotope Ar36 L2(CDD)
add baseline dbdet= Ar36. original det= L2(CDD)
get baseline data Ar36 L2(CDD)
Get data baseline <pychron.processing.isotope.Baseline object at 0x12b5ce2d0> len t=120
baseline Ar36. v=0.0, e=0.0
get signal data Ar36 L2(CDD)
Get data signal Ar36 0.01283+/-0.00028 len t=400
65807-01Y added analysis time 0.579367876053s
analysis added to mass spec database
mass spec save time= 0.600
persistence save - dvc
================= post measurement started
create new session 4711712432
close session 4711712432
---------------- Experiment Queue saving disabled
DVC saving peakcenter
Failed to find a valid peak. No peak greater than 1.0. max = 0.0256607372928
Smart pull ahead: 0 behind: 0
Up-to-date with origin
add to repo msg=modified - 44c6f8761147de90179e8a3952e48831c78a9a46.json
add to repo msg=modified - 07-01Y.json
add to repo msg=modified - 07-01Y.dat.json
add to repo msg=modified - 07-01Y.blan.json
add to repo msg=modified - 07-01Y.inte.json
add to repo msg=modified - 07-01Y.icfa.json
add to repo msg=modified - 07-01Y.base.json
not at valid file /Users/obama/PychronDev/data/.dvc/repositories/IR1013/658/tags/07-01Y.tags.json
add to repo msg=modified - 07-01Y.peak.json
add to repo msg=modified - 07-01Y.extr.json
not at valid file /Users/obama/PychronDev/data/.dvc/repositories/IR1013/658/monitor/07-01Y.moni.json
commit message=<COLLECTION>
add to repo msg=modified - 07-01Y.inte.json
add to repo msg=modified - 07-01Y.base.json
commit message=<ISOEVO> default collection fits
add to repo msg=modified - 07-01Y.blan.json
commit message=<BLANKS> preceding 
add to repo msg=modified - 07-01Y.icfa.json
commit message=<ICFactor> default
push repository <pychron.git_archive.repo_manager.GitRepoManager object at 0x12b4f3cb0>
pushing to remote=origin, url=https://github.com
no changes to meta repo
create new session 4711712432
add association IR1013
get identifier "65807"
setting analysis irradiation position=<pychron.dvc.dvc_orm.IrradiationPositionTbl object at 0x12b120250>
close session 4711712432
================= post measurement finished
14:39:31 -- ******* Post Run Check *******
loading queue conditionals post_run_actions
queue conditionals path /Users/obama/PychronDev/queue_conditionals/normal.yaml
loading conditionals from /Users/obama/PychronDev/queue_conditionals/normal.yaml
loading system conditionals post_run_actions
loading conditionals from /Users/obama/PychronDev/setupfiles/spectrometer/default_conditionals.yaml
loading queue conditionals post_run_terminations
queue conditionals path /Users/obama/PychronDev/queue_conditionals/normal.yaml
loading conditionals from /Users/obama/PychronDev/queue_conditionals/normal.yaml
loading system conditionals post_run_terminations
loading conditionals from /Users/obama/PychronDev/setupfiles/spectrometer/default_conditionals.yaml
Checking default post run terminations n=1
GetDeflection L2 (CDD) ===>> 0
testing L2_CDD_==3250
evaluate ot="L2(CDD).deflection==3250" t="L2_CDD_==3250", ctx="{'L2_CDD_': 0.0}"
14:39:31 -- ******* Post Run Check Passed *******
14:39:31 -- Automated run 65807-01Y success duration: 1101.701 s
----------------- finish -----------------
----------------- stop -----------------
retroactive repository identifiers disabled
finish run. runs completed=7
update duration runid=65807-01Y, duration=1101.70081091, md5=3d7815bf
loading script "felix_analysis400_120_no_save_center.py"
loading script "felix_pump_ms.py"
loading script "felix_furnace.py"
loading script "felix_pump_extraction_line.py"
testing...
no interpolation path defined
executed snippet estimated_duration=559.2304, duration=0.000278949737549
script duration name:analysis400_120_no_save_center seconds:559.0
loading script "felix_analysis400_120_no_save_center.py"
loading script "felix_pump_ms.py"
loading script "felix_furnace.py"
loading script "felix_pump_extraction_line.py"
testing...
no interpolation path defined
executed snippet estimated_duration=0, duration=3.2901763916e-05
loading script "felix_analysis400_120_no_save_center.py"
loading script "felix_pump_ms.py"
loading script "felix_furnace.py"
loading script "felix_pump_extraction_line.py"
testing...
no interpolation path defined
executed snippet estimated_duration=184.0, duration=0.000519990921021
script duration name:furnace seconds:184.0
loading script "felix_analysis400_120_no_save_center.py"
loading script "felix_pump_ms.py"
loading script "felix_furnace.py"
loading script "felix_pump_extraction_line.py"
testing...
no interpolation path defined
calculate duration
testing...
no interpolation path defined
executed snippet estimated_duration=4.0, duration=0.00025200843811
executed snippet estimated_duration=4.0, duration=0.00220108032227
Script duration 743.0
Run total estimated duration= 744.000
loading script "felix_analysis400_120 no center.py"
loading script "felix_pump_ms.py"
loading script "felix_air_x2.py"
loading script "felix_pump_extraction_line.py"
testing...
no interpolation path defined
executed snippet estimated_duration=559.2304, duration=0.000205039978027
script duration name:analysis400_120 no center seconds:559.0
pump_ms in script context. using previous estimated duration
loading script "felix_analysis400_120 no center.py"
loading script "felix_pump_ms.py"
loading script "felix_air_x2.py"
loading script "felix_pump_extraction_line.py"
testing...
no interpolation path defined
calculate duration
testing...
no interpolation path defined
executed snippet estimated_duration=0, duration=7.5101852417e-05
calculate duration
testing...
no interpolation path defined
executed snippet estimated_duration=0, duration=0.000174045562744
calculate duration
testing...
no interpolation path defined
executed snippet estimated_duration=32.0, duration=0.000130176544189
calculate duration
testing...
no interpolation path defined
executed snippet estimated_duration=34.0, duration=0.000164031982422
calculate duration
testing...
no interpolation path defined
executed snippet estimated_duration=2.0, duration=0.000100135803223
calculate duration
testing...
no interpolation path defined
executed snippet estimated_duration=34.0, duration=9.70363616943e-05
calculate duration
testing...
no interpolation path defined
executed snippet estimated_duration=34.0, duration=0.000187873840332
calculate duration
testing...
no interpolation path defined
executed snippet estimated_duration=34.0, duration=0.000102996826172
executed snippet estimated_duration=174.0, duration=0.0317509174347
script duration name:air_x2 seconds:174.0
pump_extraction_line in script context. using previous estimated duration
Script duration 733.0
Run total estimated duration= 734.000
loading script "felix_analysis400_120_CDD_center.py"
loading script "felix_pump_ms.py"
loading script "felix_air_x2.py"
loading script "felix_pump_extraction_line.py"
testing...
no interpolation path defined
executed snippet estimated_duration=559.2304, duration=0.000239849090576
script duration name:analysis400_120_CDD_center seconds:559.0
air_x2 in script context. using previous estimated duration
script duration name:air_x2 seconds:174.0
Script duration 733.0
Run total estimated duration= 734.000
analysis400_120_CDD_center in script context. using previous estimated duration
script duration name:analysis400_120_CDD_center seconds:559.0
script duration name:air_x2 seconds:174.0
Script duration 733.0
Run total estimated duration= 734.000
analysis400_120 no center in script context. using previous estimated duration
script duration name:analysis400_120 no center seconds:559.0
loading script "felix_analysis400_120 no center.py"
loading script "felix_pump_ms.py"
loading script "felix_cocktail_x3.py"
loading script "felix_pump_extraction_line.py"
testing...
no interpolation path defined
calculate duration
testing...
no interpolation path defined
executed snippet estimated_duration=0, duration=7.10487365723e-05
calculate duration
testing...
no interpolation path defined
executed snippet estimated_duration=0, duration=0.000152826309204
calculate duration
testing...
no interpolation path defined
executed snippet estimated_duration=32.0, duration=0.000133037567139
calculate duration
testing...
no interpolation path defined
executed snippet estimated_duration=34.0, duration=0.000243902206421
calculate duration
testing...
no interpolation path defined
executed snippet estimated_duration=2.0, duration=9.98973846436e-05
calculate duration
testing...
no interpolation path defined
executed snippet estimated_duration=34.0, duration=0.000115871429443
calculate duration
testing...
no interpolation path defined
executed snippet estimated_duration=34.0, duration=0.000167846679688
calculate duration
testing...
no interpolation path defined
executed snippet estimated_duration=34.0, duration=0.000113010406494
calculate duration
testing...
no interpolation path defined
executed snippet estimated_duration=34.0, duration=0.000160932540894
calculate duration
testing...
no interpolation path defined
executed snippet estimated_duration=34.0, duration=0.000133991241455
executed snippet estimated_duration=244.0, duration=0.0483860969543
script duration name:cocktail_x3 seconds:244.0
Script duration 803.0
Run total estimated duration= 804.000
analysis400_120_no_save_center in script context. using previous estimated duration
script duration name:analysis400_120_no_save_center seconds:559.0
cocktail_x3 in script context. using previous estimated duration
script duration name:cocktail_x3 seconds:244.0
Script duration 803.0
Run total estimated duration= 804.000
script duration name:analysis400_120_no_save_center seconds:559.0
script duration name:cocktail_x3 seconds:244.0
Script duration 803.0
Run total estimated duration= 804.000
script duration name:analysis400_120 no center seconds:559.0
furnace in script context. using previous estimated duration
script duration name:furnace seconds:184.0
Script duration 743.0
Run total estimated duration= 744.000
nruns=8 before=5.0, run_dur=6102.0, btw=65.0
write rem/ex queues
/Users/obama/PychronDev/experiments/rem/CurrentExperiment.rem.txt
/Users/obama/PychronDev/experiments/rem/CurrentExperiment.ex.txt
doing event level: 3
add run
