do run
loading script "felix_analysis400_120_no_save_center.py"
loading script "felix_pump_ms.py"
loading script "felix_furnace.py"
loading script "felix_pump_extraction_line.py"
testing...
no interpolation path defined
executed snippet estimated_duration=559.2304, duration=0.000298976898193
script duration name:analysis400_120_no_save_center seconds:559.0
loading script "felix_analysis400_120_no_save_center.py"
loading script "felix_pump_ms.py"
loading script "felix_furnace.py"
loading script "felix_pump_extraction_line.py"
testing...
no interpolation path defined
executed snippet estimated_duration=0, duration=2.50339508057e-05
loading script "felix_analysis400_120_no_save_center.py"
loading script "felix_pump_ms.py"
loading script "felix_furnace.py"
loading script "felix_pump_extraction_line.py"
testing...
no interpolation path defined
executed snippet estimated_duration=184.0, duration=0.000367879867554
script duration name:furnace seconds:184.0
loading script "felix_analysis400_120_no_save_center.py"
loading script "felix_pump_ms.py"
loading script "felix_furnace.py"
loading script "felix_pump_extraction_line.py"
testing...
no interpolation path defined
calculate duration
testing...
no interpolation path defined
executed snippet estimated_duration=4.0, duration=0.000200033187866
executed snippet estimated_duration=4.0, duration=0.00152802467346
Script duration 743.0
Run total estimated duration= 744.000
run duration: 0:12:24
doing event level: 2
15:32:12 -- Setting default integration. t=1.048576
setting integration time = 1.048576
SetIntegrationTime 1.048576 ===>> OK
----------------- start -----------------
**************** Experiment Type: Ar/Ar, Ar/Ar
create new session 4740886352
close session 4740886352
$$$$$ Clearing conditionals
adding conditionals 
Add queue conditionals
add default conditionals
adding default conditionals from /Users/obama/PychronDev/setupfiles/spectrometer/default_conditionals.yaml
Start automated run 65809-01X
loading script "felix_analysis400_120_no_save_center.py"
loading script "felix_pump_ms.py"
loading script "felix_furnace.py"
loading script "felix_pump_extraction_line.py"
%%%%%%%%%%%%%%%%%% setting automated run 65809-01X
No value "sensitivity_multiplier" in metadata
$$$$$$$$$$$$$$$ auto_save_detector_ic=False
============================= Pre Extraction Check =============================
loading queue conditionals pre_run_terminations
queue conditionals path /Users/obama/PychronDev/queue_conditionals/normal.yaml
loading conditionals from /Users/obama/PychronDev/queue_conditionals/normal.yaml
loading system conditionals pre_run_terminations
loading conditionals from /Users/obama/PychronDev/setupfiles/spectrometer/default_conditionals.yaml
15:32:12 -- ******* Pre Extraction Check *******
Get a measurement from the spectrometer
Pre Extraction Termination data. keys=L2(CDD),H2,H1,AX,L1,L2, signals=0.00273,0.09820,-0.04867,-0.19297,-0.44752,-0.14992
15:32:12 -- testing system defined conditionals
Checking default pre extraction terminations n=2
testing L2_CDD_
evaluate ot="L2(CDD).inactive" t="L2_CDD_", ctx="{'L2_CDD_': False}"
GetDeflection L2 (CDD) ===>> 0
testing L2_CDD_==3250
evaluate ot="L2(CDD).deflection==3250" t="L2_CDD_==3250", ctx="{'L2_CDD_': 0.0}"
15:32:12 -- ******* Pre Extraction Check Passed *******
=================================================================================
15:32:12 -- stopping status monitor
stop 4712033744
Status monitor stopped
Status monitor finished
15:32:17 -- starting status monitor
start 4712033744
StatusMonitor period=3. Frequencies(state=1, checksum=3, lock=5, owner=5)
start extraction
do extraction
Analysis started at 15:32:21.696223
Extraction Started felix_furnace.py
15:32:21 -- ******* Extraction Started felix_furnace.py *******
state changed from not run to extraction
DO EXTRACTION <pychron.extraction_line.pyscript_runner.RemotePyScriptRunner object at 0x11ddba650>
testing...
no interpolation path defined
executed snippet estimated_duration=546.0, duration=0.000498056411743
start_response_recorder () {}
start response recorder
Felix unknown furnace analysis
close ('F',) {}
close name=F desc=---
checking ownership. requestor=129.138.12.137
check software interlocks F
interlocks []
actuate state mode=None-script, software_lock=True
VALVE-F(CO2 Laser to Bone) software locked
change switch state (True, False)
-------------------------- close F () result=[(True, False)]
action=close, ok=True, locked=[True]
open ('D',) {}
open name=D desc=---
checking ownership. requestor=129.138.12.137
check software interlocks D
interlocks []
actuate state mode=None-script, software_lock=False
doing actuation None-script open_channel False
Open D ===>> OK
GetPercentOutput ===>> 6.6
GetIndicatorState D ===>> OK
change switch state (True, True)
update switch state D True args=() kw={} ncanvase=3
15:32:21 -- OPEN   VALVE-D (Bone to CO2 Laser)
-------------------------- open D () result=[(True, True)]
GetSetpoint ===>> 400.0
GetProcessValue ===>> 400.0
response t=0.00103187561035, out=6.6, setpoint=400.0, response=400.0
action=open, ok=True, locked=[False]
close ('J',) {}
close name=J desc=---
checking ownership. requestor=129.138.12.137
check software interlocks J
interlocks []
actuate state mode=None-script, software_lock=False
doing actuation None-script close_channel False
Close J ===>> OK
GetIndicatorState J ===>> False
change switch state (True, True)
update switch state J False args=() kw={} ncanvase=3
15:32:22 -- CLOSE  VALVE-J (Bone to APIS)
-------------------------- close J () result=[(True, True)]
action=close, ok=True, locked=[False]
close ('FC',) {}
close name=FC desc=---
checking ownership. requestor=129.138.12.137
check software interlocks FC
interlocks []
actuate state mode=None-script, software_lock=False
doing actuation None-script close_channel True
Close FC ===>> OK
GetPercentOutput ===>> 6.6
GetIndicatorState FC ===>> False
change switch state (True, True)
update switch state FC False args=() kw={} ncanvase=3
GetSetpoint ===>> 400.0
15:32:23 -- CLOSE  VALVE-FC (Furnace Turbo)
-------------------------- close FC () result=[(True, True)]
GetProcessValue ===>> 400.0
response t=2.00026082993, out=6.6, setpoint=400.0, response=400.0
action=close, ok=True, locked=[False]
open ('FH',) {}
open name=FH desc=---
checking ownership. requestor=129.138.12.137
check software interlocks FH
interlocks []
actuate state mode=None-script, software_lock=False
doing actuation None-script open_channel False
Open FH ===>> OK
GetIndicatorState FH ===>> OK
change switch state (True, True)
update switch state FH True args=() kw={} ncanvase=3
15:32:25 -- OPEN   VALVE-FH (Furnace Isolation)
-------------------------- open FH () result=[(True, True)]
action=open, ok=True, locked=[False]
Furnace enabled. Heating sample.
enable () {}
set extraction state NMGRLFurnace Enabled (False, 'red', 1.5)
could not find manager name="NMGRLFurnace" func="enable_device"
set_pid_parameters (1120.0,) {}
setting pid parameters for 1120.0
{"pid": "HO,40;XP,150;TI,35;TD,3", "command": "SetPID"} ===>> OK
BEGIN INTERVAL Interval 1 waiting for 300.0
block started
WaitControl setup for 300.0  
set extract to 1120.0 (watts)
extract () {}
set extraction state NMGRLFurnace ON! 1120.0(watts) (0.75, 'red', 1.5)
extract sample to 1120.0 (watts)
extract
set setpoint to 1120.0
set setpoint=1120.0
setting pid parameters for 1120.0
GetPercentOutput ===>> 6.6
{"pid": "HO,40;XP,150;TI,35;TD,3", "command": "SetPID"} ===>> OK
GetSetpoint ===>> 400.0
{"setpoint": 1120.0, "command": "SetSetpoint"} ===>> OK
sleep (2,) {}
SLEEP 2.0
block started
WaitControl setup for 2.0  
GetProcessValue ===>> 400.0
response t=3.99957799911, out=6.6, setpoint=400.0, response=400.0
GetPercentOutput ===>> 40.0
GetSetpoint ===>> 1120.0
GetProcessValue ===>> 400.0
response t=6.00064587593, out=40.0, setpoint=1120.0, response=400.0
Join finished
block finished. duration 2.0262761116
COMPLETE INTERVAL waiting for Interval 1 to complete
GetPercentOutput ===>> 40.0
GetSetpoint ===>> 1120.0
GetProcessValue ===>> 404.0
response t=8.00463795662, out=40.0, setpoint=1120.0, response=404.0
GetPercentOutput ===>> 40.0
GetSetpoint ===>> 1120.0
GetProcessValue ===>> 417.0
response t=10.0048239231, out=40.0, setpoint=1120.0, response=417.0
GetPercentOutput ===>> 40.0
GetSetpoint ===>> 1120.0
GetProcessValue ===>> 441.0
response t=12.0088238716, out=40.0, setpoint=1120.0, response=441.0
GetPercentOutput ===>> 40.0
GetSetpoint ===>> 1120.0
GetProcessValue ===>> 479.0
response t=14.0079109669, out=40.0, setpoint=1120.0, response=479.0
GetPercentOutput ===>> 40.0
GetSetpoint ===>> 1120.0
GetProcessValue ===>> 540.0
response t=16.0114049911, out=40.0, setpoint=1120.0, response=540.0
GetPercentOutput ===>> 40.0
GetSetpoint ===>> 1120.0
GetProcessValue ===>> 617.0
response t=18.0132308006, out=40.0, setpoint=1120.0, response=617.0
GetPercentOutput ===>> 40.0
GetSetpoint ===>> 1120.0
GetProcessValue ===>> 708.0
response t=20.0171818733, out=40.0, setpoint=1120.0, response=708.0
GetPercentOutput ===>> 40.0
GetSetpoint ===>> 1120.0
GetProcessValue ===>> 810.0
response t=22.0210578442, out=40.0, setpoint=1120.0, response=810.0
GetPercentOutput ===>> 4.9
GetSetpoint ===>> 1120.0
GetProcessValue ===>> 895.0
response t=24.0245499611, out=4.9, setpoint=1120.0, response=895.0
GetPercentOutput ===>> 23.0
GetSetpoint ===>> 1120.0
GetProcessValue ===>> 937.0
response t=26.0246918201, out=23.0, setpoint=1120.0, response=937.0
GetPercentOutput ===>> 40.0
GetSetpoint ===>> 1120.0
GetProcessValue ===>> 944.0
response t=28.0286769867, out=40.0, setpoint=1120.0, response=944.0
GetPercentOutput ===>> 38.0
GetSetpoint ===>> 1120.0
GetProcessValue ===>> 963.0
response t=30.032681942, out=38.0, setpoint=1120.0, response=963.0
GetPercentOutput ===>> 10.1
GetSetpoint ===>> 1120.0
GetProcessValue ===>> 995.0
response t=32.0366828442, out=10.1, setpoint=1120.0, response=995.0
GetPercentOutput ===>> 30.0
GetSetpoint ===>> 1120.0
GetProcessValue ===>> 1005.0
response t=34.0399580002, out=30.0, setpoint=1120.0, response=1005.0
GetPercentOutput ===>> 40.0
GetSetpoint ===>> 1120.0
GetProcessValue ===>> 1001.0
response t=36.0436789989, out=40.0, setpoint=1120.0, response=1001.0
GetPercentOutput ===>> 21.4
GetSetpoint ===>> 1120.0
GetProcessValue ===>> 1019.0
response t=38.0442519188, out=21.4, setpoint=1120.0, response=1019.0
GetPercentOutput ===>> 13.5
GetSetpoint ===>> 1120.0
GetProcessValue ===>> 1036.0
response t=40.045694828, out=13.5, setpoint=1120.0, response=1036.0
GetPercentOutput ===>> 40.0
GetSetpoint ===>> 1120.0
GetProcessValue ===>> 1030.0
response t=42.0480809212, out=40.0, setpoint=1120.0, response=1030.0
GetPercentOutput ===>> 36.9
GetSetpoint ===>> 1120.0
GetProcessValue ===>> 1032.0
response t=44.0501079559, out=36.9, setpoint=1120.0, response=1032.0
GetPercentOutput ===>> 11.0
GetSetpoint ===>> 1120.0
GetProcessValue ===>> 1051.0
response t=46.0521359444, out=11.0, setpoint=1120.0, response=1051.0
GetPercentOutput ===>> 26.3
GetSetpoint ===>> 1120.0
GetProcessValue ===>> 1054.0
response t=48.0541739464, out=26.3, setpoint=1120.0, response=1054.0
GetPercentOutput ===>> 40.0
GetSetpoint ===>> 1120.0
GetProcessValue ===>> 1048.0
response t=50.0543398857, out=40.0, setpoint=1120.0, response=1048.0
GetPercentOutput ===>> 20.8
GetSetpoint ===>> 1120.0
GetProcessValue ===>> 1060.0
response t=52.0536019802, out=20.8, setpoint=1120.0, response=1060.0
GetPercentOutput ===>> 17.0
GetSetpoint ===>> 1120.0
GetProcessValue ===>> 1070.0
response t=54.0537588596, out=17.0, setpoint=1120.0, response=1070.0
GetPercentOutput ===>> 38.9
GetSetpoint ===>> 1120.0
GetProcessValue ===>> 1063.0
response t=56.0553159714, out=38.9, setpoint=1120.0, response=1063.0
GetPercentOutput ===>> 30.9
GetSetpoint ===>> 1120.0
GetProcessValue ===>> 1066.0
response t=58.0593278408, out=30.9, setpoint=1120.0, response=1066.0
GetPercentOutput ===>> 12.4
GetSetpoint ===>> 1120.0
GetProcessValue ===>> 1080.0
response t=60.0632429123, out=12.4, setpoint=1120.0, response=1080.0
GetPercentOutput ===>> 29.0
GetSetpoint ===>> 1120.0
GetProcessValue ===>> 1078.0
response t=62.0672299862, out=29.0, setpoint=1120.0, response=1078.0
GetPercentOutput ===>> 36.3
GetSetpoint ===>> 1120.0
GetProcessValue ===>> 1074.0
response t=64.0704488754, out=36.3, setpoint=1120.0, response=1074.0
GetPercentOutput ===>> 16.0
GetSetpoint ===>> 1120.0
GetProcessValue ===>> 1085.0
response t=66.0724840164, out=16.0, setpoint=1120.0, response=1085.0
GetPercentOutput ===>> 22.0
GetSetpoint ===>> 1120.0
GetProcessValue ===>> 1089.0
response t=68.0746388435, out=22.0, setpoint=1120.0, response=1089.0
GetPercentOutput ===>> 35.6
GetSetpoint ===>> 1120.0
GetProcessValue ===>> 1083.0
response t=70.0737419128, out=35.6, setpoint=1120.0, response=1083.0
GetPercentOutput ===>> 26.3
GetSetpoint ===>> 1120.0
GetProcessValue ===>> 1088.0
response t=72.074149847, out=26.3, setpoint=1120.0, response=1088.0
GetPercentOutput ===>> 16.2
GetSetpoint ===>> 1120.0
GetProcessValue ===>> 1097.0
response t=74.0742769241, out=16.2, setpoint=1120.0, response=1097.0
GetPercentOutput ===>> 31.0
GetSetpoint ===>> 1120.0
GetProcessValue ===>> 1092.0
response t=76.0757539272, out=31.0, setpoint=1120.0, response=1092.0
GetPercentOutput ===>> 32.2
GetSetpoint ===>> 1120.0
GetProcessValue ===>> 1090.0
response t=78.0797748566, out=32.2, setpoint=1120.0, response=1090.0
GetPercentOutput ===>> 17.0
GetSetpoint ===>> 1120.0
GetProcessValue ===>> 1100.0
response t=80.0837879181, out=17.0, setpoint=1120.0, response=1100.0
GetPercentOutput ===>> 22.5
GetSetpoint ===>> 1120.0
GetProcessValue ===>> 1102.0
response t=82.0871558189, out=22.5, setpoint=1120.0, response=1102.0
GetPercentOutput ===>> 34.4
GetSetpoint ===>> 1120.0
GetProcessValue ===>> 1096.0
response t=84.0907559395, out=34.4, setpoint=1120.0, response=1096.0
GetPercentOutput ===>> 24.0
GetSetpoint ===>> 1120.0
GetProcessValue ===>> 1099.0
response t=86.0928118229, out=24.0, setpoint=1120.0, response=1099.0
GetPercentOutput ===>> 17.1
GetSetpoint ===>> 1120.0
GetProcessValue ===>> 1107.0
response t=88.0927488804, out=17.1, setpoint=1120.0, response=1107.0
GetPercentOutput ===>> 28.0
GetSetpoint ===>> 1120.0
GetProcessValue ===>> 1105.0
response t=90.0966658592, out=28.0, setpoint=1120.0, response=1105.0
GetPercentOutput ===>> 30.0
GetSetpoint ===>> 1120.0
GetProcessValue ===>> 1102.0
response t=92.0988779068, out=30.0, setpoint=1120.0, response=1102.0
GetPercentOutput ===>> 18.8
GetSetpoint ===>> 1120.0
GetProcessValue ===>> 1108.0
response t=94.0984399319, out=18.8, setpoint=1120.0, response=1108.0
GetPercentOutput ===>> 21.9
GetSetpoint ===>> 1120.0
GetProcessValue ===>> 1110.0
response t=96.1024529934, out=21.9, setpoint=1120.0, response=1110.0
GetPercentOutput ===>> 30.0
GetSetpoint ===>> 1120.0
GetProcessValue ===>> 1106.0
response t=98.1015868187, out=30.0, setpoint=1120.0, response=1106.0
GetPercentOutput ===>> 25.2
GetSetpoint ===>> 1120.0
GetProcessValue ===>> 1107.0
response t=100.10552001, out=25.2, setpoint=1120.0, response=1107.0
GetPercentOutput ===>> 18.8
GetSetpoint ===>> 1120.0
GetProcessValue ===>> 1113.0
response t=102.109107971, out=18.8, setpoint=1120.0, response=1113.0
GetPercentOutput ===>> 26.2
GetSetpoint ===>> 1120.0
GetProcessValue ===>> 1111.0
response t=104.111093998, out=26.2, setpoint=1120.0, response=1111.0
GetPercentOutput ===>> 29.0
GetSetpoint ===>> 1120.0
GetProcessValue ===>> 1108.0
response t=106.113153934, out=29.0, setpoint=1120.0, response=1108.0
GetPercentOutput ===>> 21.3
GetSetpoint ===>> 1120.0
GetProcessValue ===>> 1112.0
response t=108.11518383, out=21.3, setpoint=1120.0, response=1112.0
GetPercentOutput ===>> 21.2
GetSetpoint ===>> 1120.0
GetProcessValue ===>> 1115.0
response t=110.117148876, out=21.2, setpoint=1120.0, response=1115.0
GetPercentOutput ===>> 28.0
GetSetpoint ===>> 1120.0
GetProcessValue ===>> 1112.0
response t=112.119240999, out=28.0, setpoint=1120.0, response=1112.0
GetPercentOutput ===>> 24.7
GetSetpoint ===>> 1120.0
GetProcessValue ===>> 1112.0
response t=114.121691942, out=24.7, setpoint=1120.0, response=1112.0
GetPercentOutput ===>> 20.2
GetSetpoint ===>> 1120.0
GetProcessValue ===>> 1116.0
response t=116.12558794, out=20.2, setpoint=1120.0, response=1116.0
GetPercentOutput ===>> 24.7
GetSetpoint ===>> 1120.0
GetProcessValue ===>> 1115.0
response t=118.12535882, out=24.7, setpoint=1120.0, response=1115.0
GetPercentOutput ===>> 28.0
GetSetpoint ===>> 1120.0
GetProcessValue ===>> 1113.0
response t=120.126603842, out=28.0, setpoint=1120.0, response=1113.0
GetPercentOutput ===>> 23.6
GetSetpoint ===>> 1120.0
GetProcessValue ===>> 1114.0
response t=122.126190901, out=23.6, setpoint=1120.0, response=1114.0
GetPercentOutput ===>> 21.5
GetSetpoint ===>> 1120.0
GetProcessValue ===>> 1117.0
response t=124.125576973, out=21.5, setpoint=1120.0, response=1117.0
GetPercentOutput ===>> 25.1
GetSetpoint ===>> 1120.0
GetProcessValue ===>> 1116.0
response t=126.126520872, out=25.1, setpoint=1120.0, response=1116.0
GetPercentOutput ===>> 26.2
GetSetpoint ===>> 1120.0
GetProcessValue ===>> 1115.0
response t=128.127026796, out=26.2, setpoint=1120.0, response=1115.0
GetPercentOutput ===>> 23.3
GetSetpoint ===>> 1120.0
GetProcessValue ===>> 1116.0
response t=130.130635977, out=23.3, setpoint=1120.0, response=1116.0
GetPercentOutput ===>> 23.1
GetSetpoint ===>> 1120.0
GetProcessValue ===>> 1117.0
response t=132.132586956, out=23.1, setpoint=1120.0, response=1117.0
GetPercentOutput ===>> 25.7
GetSetpoint ===>> 1120.0
GetProcessValue ===>> 1116.0
response t=134.134696007, out=25.7, setpoint=1120.0, response=1116.0
GetPercentOutput ===>> 25.3
GetSetpoint ===>> 1120.0
GetProcessValue ===>> 1116.0
response t=136.136376858, out=25.3, setpoint=1120.0, response=1116.0
GetPercentOutput ===>> 23.3
GetSetpoint ===>> 1120.0
GetProcessValue ===>> 1117.0
response t=138.138283014, out=23.3, setpoint=1120.0, response=1117.0
GetPercentOutput ===>> 24.1
GetSetpoint ===>> 1120.0
GetProcessValue ===>> 1117.0
response t=140.140427828, out=24.1, setpoint=1120.0, response=1117.0
GetPercentOutput ===>> 25.1
GetSetpoint ===>> 1120.0
GetProcessValue ===>> 1117.0
response t=142.140993834, out=25.1, setpoint=1120.0, response=1117.0
GetPercentOutput ===>> 24.3
GetSetpoint ===>> 1120.0
GetProcessValue ===>> 1117.0
response t=144.140053034, out=24.3, setpoint=1120.0, response=1117.0
GetPercentOutput ===>> 23.0
GetSetpoint ===>> 1120.0
GetProcessValue ===>> 1118.0
response t=146.13906002, out=23.0, setpoint=1120.0, response=1118.0
GetPercentOutput ===>> 24.0
GetSetpoint ===>> 1120.0
GetProcessValue ===>> 1118.0
response t=148.140678883, out=24.0, setpoint=1120.0, response=1118.0
GetPercentOutput ===>> 24.3
GetSetpoint ===>> 1120.0
GetProcessValue ===>> 1118.0
response t=150.140988827, out=24.3, setpoint=1120.0, response=1118.0
GetPercentOutput ===>> 23.0
GetSetpoint ===>> 1120.0
GetProcessValue ===>> 1119.0
response t=152.142401934, out=23.0, setpoint=1120.0, response=1119.0
GetPercentOutput ===>> 23.2
GetSetpoint ===>> 1120.0
GetProcessValue ===>> 1119.0
response t=154.144670963, out=23.2, setpoint=1120.0, response=1119.0
GetPercentOutput ===>> 25.0
GetSetpoint ===>> 1120.0
GetProcessValue ===>> 1119.0
response t=156.143707991, out=25.0, setpoint=1120.0, response=1119.0
GetPercentOutput ===>> 24.3
GetSetpoint ===>> 1120.0
GetProcessValue ===>> 1118.0
response t=158.143460989, out=24.3, setpoint=1120.0, response=1118.0
GetPercentOutput ===>> 23.1
GetSetpoint ===>> 1120.0
GetProcessValue ===>> 1119.0
response t=160.142503977, out=23.1, setpoint=1120.0, response=1119.0
GetPercentOutput ===>> 24.1
GetSetpoint ===>> 1120.0
GetProcessValue ===>> 1119.0
response t=162.146389008, out=24.1, setpoint=1120.0, response=1119.0
GetPercentOutput ===>> 24.7
GetSetpoint ===>> 1120.0
GetProcessValue ===>> 1119.0
response t=164.145454884, out=24.7, setpoint=1120.0, response=1119.0
GetPercentOutput ===>> 23.0
GetSetpoint ===>> 1120.0
GetProcessValue ===>> 1119.0
response t=166.144750834, out=23.0, setpoint=1120.0, response=1119.0
GetPercentOutput ===>> 23.6
GetSetpoint ===>> 1120.0
GetProcessValue ===>> 1119.0
response t=168.145419836, out=23.6, setpoint=1120.0, response=1119.0
GetPercentOutput ===>> 24.4
GetSetpoint ===>> 1120.0
GetProcessValue ===>> 1119.0
response t=170.146371841, out=24.4, setpoint=1120.0, response=1119.0
GetPercentOutput ===>> 24.0
GetSetpoint ===>> 1120.0
GetProcessValue ===>> 1119.0
response t=172.146401882, out=24.0, setpoint=1120.0, response=1119.0
GetPercentOutput ===>> 23.5
GetSetpoint ===>> 1120.0
GetProcessValue ===>> 1120.0
response t=174.148965836, out=23.5, setpoint=1120.0, response=1120.0
GetPercentOutput ===>> 23.0
GetSetpoint ===>> 1120.0
GetProcessValue ===>> 1120.0
response t=176.150877953, out=23.0, setpoint=1120.0, response=1120.0
GetPercentOutput ===>> 24.1
GetSetpoint ===>> 1120.0
GetProcessValue ===>> 1119.0
response t=178.150075912, out=24.1, setpoint=1120.0, response=1119.0
GetPercentOutput ===>> 23.0
GetSetpoint ===>> 1120.0
GetProcessValue ===>> 1120.0
response t=180.149954796, out=23.0, setpoint=1120.0, response=1120.0
GetPercentOutput ===>> 23.6
GetSetpoint ===>> 1120.0
GetProcessValue ===>> 1120.0
response t=182.149183989, out=23.6, setpoint=1120.0, response=1120.0
GetPercentOutput ===>> 23.0
GetSetpoint ===>> 1120.0
GetProcessValue ===>> 1120.0
response t=184.149191856, out=23.0, setpoint=1120.0, response=1120.0
GetPercentOutput ===>> 23.0
GetSetpoint ===>> 1120.0
GetProcessValue ===>> 1120.0
response t=186.151499033, out=23.0, setpoint=1120.0, response=1120.0
GetPercentOutput ===>> 23.6
GetSetpoint ===>> 1120.0
GetProcessValue ===>> 1120.0
response t=188.151901007, out=23.6, setpoint=1120.0, response=1120.0
GetPercentOutput ===>> 23.0
GetSetpoint ===>> 1120.0
GetProcessValue ===>> 1120.0
response t=190.155869961, out=23.0, setpoint=1120.0, response=1120.0
GetPercentOutput ===>> 23.0
GetSetpoint ===>> 1120.0
GetProcessValue ===>> 1120.0
response t=192.155730963, out=23.0, setpoint=1120.0, response=1120.0
GetPercentOutput ===>> 23.7
GetSetpoint ===>> 1120.0
GetProcessValue ===>> 1120.0
response t=194.154868841, out=23.7, setpoint=1120.0, response=1120.0
GetPercentOutput ===>> 23.6
GetSetpoint ===>> 1120.0
GetProcessValue ===>> 1120.0
response t=196.153916836, out=23.6, setpoint=1120.0, response=1120.0
GetPercentOutput ===>> 23.5
GetSetpoint ===>> 1120.0
GetProcessValue ===>> 1120.0
response t=198.15354681, out=23.5, setpoint=1120.0, response=1120.0
GetPercentOutput ===>> 23.0
GetSetpoint ===>> 1120.0
GetProcessValue ===>> 1120.0
response t=200.152741909, out=23.0, setpoint=1120.0, response=1120.0
GetPercentOutput ===>> 23.5
GetSetpoint ===>> 1120.0
GetProcessValue ===>> 1120.0
response t=202.151958942, out=23.5, setpoint=1120.0, response=1120.0
GetPercentOutput ===>> 23.7
GetSetpoint ===>> 1120.0
GetProcessValue ===>> 1120.0
response t=204.151826859, out=23.7, setpoint=1120.0, response=1120.0
GetPercentOutput ===>> 23.7
GetSetpoint ===>> 1120.0
GetProcessValue ===>> 1120.0
response t=206.151515961, out=23.7, setpoint=1120.0, response=1120.0
GetPercentOutput ===>> 23.6
GetSetpoint ===>> 1120.0
GetProcessValue ===>> 1120.0
response t=208.152622938, out=23.6, setpoint=1120.0, response=1120.0
GetPercentOutput ===>> 23.5
GetSetpoint ===>> 1120.0
GetProcessValue ===>> 1120.0
response t=210.152128935, out=23.5, setpoint=1120.0, response=1120.0
GetPercentOutput ===>> 23.7
GetSetpoint ===>> 1120.0
GetProcessValue ===>> 1120.0
response t=212.151475906, out=23.7, setpoint=1120.0, response=1120.0
GetPercentOutput ===>> 23.0
GetSetpoint ===>> 1120.0
GetProcessValue ===>> 1120.0
response t=214.150508881, out=23.0, setpoint=1120.0, response=1120.0
GetPercentOutput ===>> 23.4
GetSetpoint ===>> 1120.0
GetProcessValue ===>> 1120.0
response t=216.15178895, out=23.4, setpoint=1120.0, response=1120.0
GetPercentOutput ===>> 23.5
GetSetpoint ===>> 1120.0
GetProcessValue ===>> 1120.0
response t=218.154013872, out=23.5, setpoint=1120.0, response=1120.0
GetPercentOutput ===>> 23.6
GetSetpoint ===>> 1120.0
GetProcessValue ===>> 1120.0
response t=220.153083801, out=23.6, setpoint=1120.0, response=1120.0
GetPercentOutput ===>> 23.6
GetSetpoint ===>> 1120.0
GetProcessValue ===>> 1120.0
response t=222.153846979, out=23.6, setpoint=1120.0, response=1120.0
GetPercentOutput ===>> 23.4
GetSetpoint ===>> 1120.0
GetProcessValue ===>> 1120.0
response t=224.152884007, out=23.4, setpoint=1120.0, response=1120.0
GetPercentOutput ===>> 23.6
GetSetpoint ===>> 1120.0
GetProcessValue ===>> 1120.0
response t=226.15297699, out=23.6, setpoint=1120.0, response=1120.0
GetPercentOutput ===>> 23.7
GetSetpoint ===>> 1120.0
GetProcessValue ===>> 1120.0
response t=228.15408802, out=23.7, setpoint=1120.0, response=1120.0
GetPercentOutput ===>> 23.7
GetSetpoint ===>> 1120.0
GetProcessValue ===>> 1120.0
response t=230.15327096, out=23.7, setpoint=1120.0, response=1120.0
GetPercentOutput ===>> 23.4
GetSetpoint ===>> 1120.0
GetProcessValue ===>> 1120.0
response t=232.1528368, out=23.4, setpoint=1120.0, response=1120.0
GetPercentOutput ===>> 23.6
GetSetpoint ===>> 1120.0
GetProcessValue ===>> 1120.0
response t=234.152384996, out=23.6, setpoint=1120.0, response=1120.0
GetPercentOutput ===>> 23.4
GetSetpoint ===>> 1120.0
GetProcessValue ===>> 1120.0
response t=236.152897835, out=23.4, setpoint=1120.0, response=1120.0
GetPercentOutput ===>> 23.6
GetSetpoint ===>> 1120.0
GetProcessValue ===>> 1120.0
response t=238.152012825, out=23.6, setpoint=1120.0, response=1120.0
GetPercentOutput ===>> 23.6
GetSetpoint ===>> 1120.0
GetProcessValue ===>> 1120.0
response t=240.151154995, out=23.6, setpoint=1120.0, response=1120.0
GetPercentOutput ===>> 23.6
GetSetpoint ===>> 1120.0
GetProcessValue ===>> 1120.0
response t=242.150290012, out=23.6, setpoint=1120.0, response=1120.0
GetPercentOutput ===>> 23.6
GetSetpoint ===>> 1120.0
GetProcessValue ===>> 1120.0
response t=244.149443865, out=23.6, setpoint=1120.0, response=1120.0
GetPercentOutput ===>> 23.5
GetSetpoint ===>> 1120.0
GetProcessValue ===>> 1120.0
response t=246.149070024, out=23.5, setpoint=1120.0, response=1120.0
GetPercentOutput ===>> 23.7
GetSetpoint ===>> 1120.0
GetProcessValue ===>> 1120.0
response t=248.151949883, out=23.7, setpoint=1120.0, response=1120.0
GetPercentOutput ===>> 23.5
GetSetpoint ===>> 1120.0
GetProcessValue ===>> 1120.0
response t=250.15187788, out=23.5, setpoint=1120.0, response=1120.0
GetPercentOutput ===>> 23.4
GetSetpoint ===>> 1120.0
GetProcessValue ===>> 1120.0
response t=252.151139975, out=23.4, setpoint=1120.0, response=1120.0
GetPercentOutput ===>> 23.6
GetSetpoint ===>> 1120.0
GetProcessValue ===>> 1120.0
response t=254.150801897, out=23.6, setpoint=1120.0, response=1120.0
GetPercentOutput ===>> 23.6
GetSetpoint ===>> 1120.0
GetProcessValue ===>> 1120.0
response t=256.150379896, out=23.6, setpoint=1120.0, response=1120.0
GetPercentOutput ===>> 23.5
GetSetpoint ===>> 1120.0
GetProcessValue ===>> 1120.0
response t=258.152961016, out=23.5, setpoint=1120.0, response=1120.0
GetPercentOutput ===>> 23.6
GetSetpoint ===>> 1120.0
GetProcessValue ===>> 1120.0
response t=260.155380964, out=23.6, setpoint=1120.0, response=1120.0
GetPercentOutput ===>> 23.4
GetSetpoint ===>> 1120.0
GetProcessValue ===>> 1120.0
response t=262.157022953, out=23.4, setpoint=1120.0, response=1120.0
GetPercentOutput ===>> 23.6
GetSetpoint ===>> 1120.0
GetProcessValue ===>> 1120.0
response t=264.159358025, out=23.6, setpoint=1120.0, response=1120.0
GetPercentOutput ===>> 23.5
GetSetpoint ===>> 1120.0
GetProcessValue ===>> 1120.0
response t=266.161643028, out=23.5, setpoint=1120.0, response=1120.0
GetPercentOutput ===>> 23.5
GetSetpoint ===>> 1120.0
GetProcessValue ===>> 1120.0
response t=268.163854837, out=23.5, setpoint=1120.0, response=1120.0
GetPercentOutput ===>> 23.5
GetSetpoint ===>> 1120.0
GetProcessValue ===>> 1120.0
response t=270.164417982, out=23.5, setpoint=1120.0, response=1120.0
GetPercentOutput ===>> 23.6
GetSetpoint ===>> 1120.0
GetProcessValue ===>> 1120.0
response t=272.16591382, out=23.6, setpoint=1120.0, response=1120.0
GetPercentOutput ===>> 23.5
GetSetpoint ===>> 1120.0
GetProcessValue ===>> 1120.0
response t=274.166138887, out=23.5, setpoint=1120.0, response=1120.0
GetPercentOutput ===>> 23.6
GetSetpoint ===>> 1120.0
GetProcessValue ===>> 1120.0
response t=276.168350935, out=23.6, setpoint=1120.0, response=1120.0
GetPercentOutput ===>> 23.5
GetSetpoint ===>> 1120.0
GetProcessValue ===>> 1120.0
response t=278.171549797, out=23.5, setpoint=1120.0, response=1120.0
GetPercentOutput ===>> 23.6
GetSetpoint ===>> 1120.0
GetProcessValue ===>> 1120.0
response t=280.171486855, out=23.6, setpoint=1120.0, response=1120.0
GetPercentOutput ===>> 23.5
GetSetpoint ===>> 1120.0
GetProcessValue ===>> 1120.0
response t=282.172049999, out=23.5, setpoint=1120.0, response=1120.0
GetPercentOutput ===>> 23.4
GetSetpoint ===>> 1120.0
GetProcessValue ===>> 1120.0
response t=284.172282934, out=23.4, setpoint=1120.0, response=1120.0
GetPercentOutput ===>> 23.6
GetSetpoint ===>> 1120.0
GetProcessValue ===>> 1120.0
response t=286.172468901, out=23.6, setpoint=1120.0, response=1120.0
GetPercentOutput ===>> 23.6
GetSetpoint ===>> 1120.0
GetProcessValue ===>> 1120.0
response t=288.173496962, out=23.6, setpoint=1120.0, response=1120.0
GetPercentOutput ===>> 23.5
GetSetpoint ===>> 1120.0
GetProcessValue ===>> 1120.0
response t=290.17504096, out=23.5, setpoint=1120.0, response=1120.0
GetPercentOutput ===>> 23.4
GetSetpoint ===>> 1120.0
GetProcessValue ===>> 1120.0
response t=292.17699194, out=23.4, setpoint=1120.0, response=1120.0
GetPercentOutput ===>> 23.4
GetSetpoint ===>> 1120.0
GetProcessValue ===>> 1120.0
response t=294.177913904, out=23.4, setpoint=1120.0, response=1120.0
GetPercentOutput ===>> 23.6
GetSetpoint ===>> 1120.0
GetProcessValue ===>> 1120.0
response t=296.181537867, out=23.6, setpoint=1120.0, response=1120.0
GetPercentOutput ===>> 23.6
GetSetpoint ===>> 1120.0
GetProcessValue ===>> 1120.0
response t=298.185135841, out=23.6, setpoint=1120.0, response=1120.0
GetPercentOutput ===>> 23.5
GetSetpoint ===>> 1120.0
GetProcessValue ===>> 1120.0
response t=300.186939955, out=23.5, setpoint=1120.0, response=1120.0
GetPercentOutput ===>> 23.6
GetSetpoint ===>> 1120.0
GetProcessValue ===>> 1120.0
response t=302.187112808, out=23.6, setpoint=1120.0, response=1120.0
GetPercentOutput ===>> 23.4
GetSetpoint ===>> 1120.0
GetProcessValue ===>> 1120.0
response t=304.187765837, out=23.4, setpoint=1120.0, response=1120.0
Join finished
block finished. duration 300.385004997
Interval 1 finished
extract (400,) {}
set extraction state NMGRLFurnace ON! 400(watts) (0.75, 'red', 1.5)
extract sample to 400 (watts)
extract
set setpoint to 400
set setpoint=400.0
setting pid parameters for 400.0
{"pid": "HO,23;XP,400;TI,90;TD,10", "command": "SetPID"} ===>> OK
{"setpoint": 400.0, "command": "SetSetpoint"} ===>> OK
Furnace disabled.
sleep (60,) {}
SLEEP 60.0
block started
WaitControl setup for 60.0  
GetPercentOutput ===>> 0.0
GetSetpoint ===>> 400.0
GetProcessValue ===>> 1120.0
response t=306.189205885, out=0, setpoint=400.0, response=1120.0
GetPercentOutput ===>> 0.0
GetSetpoint ===>> 400.0
GetProcessValue ===>> 1112.0
response t=308.190052986, out=0, setpoint=400.0, response=1112.0
GetPercentOutput ===>> 0.0
GetSetpoint ===>> 400.0
GetProcessValue ===>> 1097.0
response t=310.190820932, out=0, setpoint=400.0, response=1097.0
GetPercentOutput ===>> 0.0
GetSetpoint ===>> 400.0
GetProcessValue ===>> 1080.0
response t=312.191701889, out=0, setpoint=400.0, response=1080.0
GetPercentOutput ===>> 0.0
GetSetpoint ===>> 400.0
GetProcessValue ===>> 1064.0
response t=314.194272995, out=0, setpoint=400.0, response=1064.0
GetPercentOutput ===>> 0.0
GetSetpoint ===>> 400.0
GetProcessValue ===>> 1049.0
response t=316.197230816, out=0, setpoint=400.0, response=1049.0
GetPercentOutput ===>> 0.0
GetSetpoint ===>> 400.0
GetProcessValue ===>> 1035.0
response t=318.199760914, out=0, setpoint=400.0, response=1035.0
GetPercentOutput ===>> 0.0
GetSetpoint ===>> 400.0
GetProcessValue ===>> 1021.0
response t=320.203701019, out=0, setpoint=400.0, response=1021.0
GetPercentOutput ===>> 0.0
GetSetpoint ===>> 400.0
GetProcessValue ===>> 1008.0
response t=322.203248024, out=0, setpoint=400.0, response=1008.0
GetPercentOutput ===>> 0.0
GetSetpoint ===>> 400.0
GetProcessValue ===>> 996.0
response t=324.207250834, out=0, setpoint=400.0, response=996.0
GetPercentOutput ===>> 0.0
GetSetpoint ===>> 400.0
GetProcessValue ===>> 984.0
response t=326.211256027, out=0, setpoint=400.0, response=984.0
GetPercentOutput ===>> 0.0
GetSetpoint ===>> 400.0
GetProcessValue ===>> 973.0
response t=328.215209961, out=0, setpoint=400.0, response=973.0
GetPercentOutput ===>> 0.0
GetSetpoint ===>> 400.0
GetProcessValue ===>> 962.0
response t=330.219192982, out=0, setpoint=400.0, response=962.0
GetPercentOutput ===>> 0.0
GetSetpoint ===>> 400.0
GetProcessValue ===>> 952.0
response t=332.223127842, out=0, setpoint=400.0, response=952.0
GetPercentOutput ===>> 0.0
GetSetpoint ===>> 400.0
GetProcessValue ===>> 942.0
response t=334.227109909, out=0, setpoint=400.0, response=942.0
GetPercentOutput ===>> 0.0
GetSetpoint ===>> 400.0
GetProcessValue ===>> 933.0
response t=336.23018384, out=0, setpoint=400.0, response=933.0
GetPercentOutput ===>> 0.0
GetSetpoint ===>> 400.0
GetProcessValue ===>> 923.0
response t=338.229540825, out=0, setpoint=400.0, response=923.0
GetPercentOutput ===>> 0.0
GetSetpoint ===>> 400.0
GetProcessValue ===>> 914.0
response t=340.229182959, out=0, setpoint=400.0, response=914.0
GetPercentOutput ===>> 0.0
GetSetpoint ===>> 400.0
GetProcessValue ===>> 905.0
response t=342.233170033, out=0, setpoint=400.0, response=905.0
GetPercentOutput ===>> 0.0
GetSetpoint ===>> 400.0
GetProcessValue ===>> 896.0
response t=344.237156868, out=0, setpoint=400.0, response=896.0
GetPercentOutput ===>> 0.0
GetSetpoint ===>> 400.0
GetProcessValue ===>> 887.0
response t=346.239655972, out=0, setpoint=400.0, response=887.0
GetPercentOutput ===>> 0.0
GetSetpoint ===>> 400.0
GetProcessValue ===>> 878.0
response t=348.239738941, out=0, setpoint=400.0, response=878.0
GetPercentOutput ===>> 0.0
GetSetpoint ===>> 400.0
GetProcessValue ===>> 869.0
response t=350.239706993, out=0, setpoint=400.0, response=869.0
GetPercentOutput ===>> 0.0
GetSetpoint ===>> 400.0
GetProcessValue ===>> 861.0
response t=352.239681959, out=0, setpoint=400.0, response=861.0
GetPercentOutput ===>> 0.0
GetSetpoint ===>> 400.0
GetProcessValue ===>> 853.0
response t=354.23920393, out=0, setpoint=400.0, response=853.0
GetPercentOutput ===>> 0.0
GetSetpoint ===>> 400.0
GetProcessValue ===>> 846.0
response t=356.239619017, out=0, setpoint=400.0, response=846.0
GetPercentOutput ===>> 0.0
GetSetpoint ===>> 400.0
GetProcessValue ===>> 837.0
response t=358.239578009, out=0, setpoint=400.0, response=837.0
GetPercentOutput ===>> 0.0
GetSetpoint ===>> 400.0
GetProcessValue ===>> 830.0
response t=360.23881197, out=0, setpoint=400.0, response=830.0
GetPercentOutput ===>> 0.0
GetSetpoint ===>> 400.0
GetProcessValue ===>> 823.0
response t=362.239513874, out=0, setpoint=400.0, response=823.0
GetPercentOutput ===>> 0.0
GetSetpoint ===>> 400.0
GetProcessValue ===>> 816.0
response t=364.239477873, out=0, setpoint=400.0, response=816.0
Join finished
block finished. duration 60.0990569592
close ('B',) {}
close name=B desc=---
checking ownership. requestor=129.138.12.137
check software interlocks B
interlocks []
actuate state mode=None-script, software_lock=False
doing actuation None-script close_channel True
Close B ===>> OK
GetIndicatorState B ===>> False
change switch state (True, True)
update switch state B False args=() kw={} ncanvase=3
15:38:27 -- CLOSE  VALVE-B (Bone to Diode Laser)
-------------------------- close B () result=[(True, True)]
action=close, ok=True, locked=[False]
close ('E',) {}
close name=E desc=---
checking ownership. requestor=129.138.12.137
check software interlocks E
interlocks []
actuate state mode=None-script, software_lock=False
doing actuation None-script close_channel False
Close E ===>> OK
GetIndicatorState E ===>> False
change switch state (True, True)
update switch state E False args=() kw={} ncanvase=3
15:38:27 -- CLOSE  VALVE-E (Bone to Minibone)
-------------------------- close E () result=[(True, True)]
action=close, ok=True, locked=[False]
close ('C',) {}
close name=C desc=---
checking ownership. requestor=129.138.12.137
check software interlocks C
interlocks []
actuate state mode=None-script, software_lock=False
doing actuation None-script close_channel True
GetPercentOutput ===>> 0.0
Close C ===>> OK
GetSetpoint ===>> 400.0
GetProcessValue ===>> 809.0
response t=366.238498926, out=0, setpoint=400.0, response=809.0
GetIndicatorState C ===>> False
change switch state (True, True)
update switch state C False args=() kw={} ncanvase=3
15:38:28 -- CLOSE  VALVE-C (Bone to Turbo)
-------------------------- close C () result=[(True, True)]
action=close, ok=True, locked=[False]
sleep (2,) {}
SLEEP 2.0
block started
WaitControl setup for 2.0  
GetPercentOutput ===>> 0.0
GetSetpoint ===>> 400.0
GetProcessValue ===>> 803.0
response t=368.239445925, out=0, setpoint=400.0, response=803.0
Join finished
block finished. duration 2.01548290253
open ('J',) {}
open name=J desc=---
checking ownership. requestor=129.138.12.137
check software interlocks J
interlocks []
actuate state mode=None-script, software_lock=False
doing actuation None-script open_channel True
Open J ===>> OK
GetIndicatorState J ===>> OK
change switch state (True, True)
update switch state J True args=() kw={} ncanvase=3
15:38:30 -- OPEN   VALVE-J (Bone to APIS)
-------------------------- open J () result=[(True, True)]
action=open, ok=True, locked=[False]
sleep (30,) {}
SLEEP 30.0
block started
WaitControl setup for 30.0  
GetPercentOutput ===>> 0.0
GetSetpoint ===>> 400.0
GetProcessValue ===>> 796.0
response t=370.23939991, out=0, setpoint=400.0, response=796.0
GetPercentOutput ===>> 0.0
GetSetpoint ===>> 400.0
GetProcessValue ===>> 790.0
response t=372.238847017, out=0, setpoint=400.0, response=790.0
GetPercentOutput ===>> 0.0
GetSetpoint ===>> 400.0
GetProcessValue ===>> 783.0
response t=374.239377975, out=0, setpoint=400.0, response=783.0
GetPercentOutput ===>> 0.0
GetSetpoint ===>> 400.0
GetProcessValue ===>> 777.0
response t=376.238619804, out=0, setpoint=400.0, response=777.0
GetPercentOutput ===>> 0.0
GetSetpoint ===>> 400.0
GetProcessValue ===>> 771.0
response t=378.241693974, out=0, setpoint=400.0, response=771.0
GetPercentOutput ===>> 0.0
GetSetpoint ===>> 400.0
GetProcessValue ===>> 765.0
response t=380.241390944, out=0, setpoint=400.0, response=765.0
GetPercentOutput ===>> 0.0
GetSetpoint ===>> 400.0
GetProcessValue ===>> 759.0
response t=382.243604898, out=0, setpoint=400.0, response=759.0
GetPercentOutput ===>> 0.0
GetSetpoint ===>> 400.0
GetProcessValue ===>> 753.0
response t=384.245329857, out=0, setpoint=400.0, response=753.0
GetPercentOutput ===>> 0.0
GetSetpoint ===>> 400.0
GetProcessValue ===>> 748.0
response t=386.247664928, out=0, setpoint=400.0, response=748.0
GetPercentOutput ===>> 0.0
GetSetpoint ===>> 400.0
GetProcessValue ===>> 742.0
response t=388.249763012, out=0, setpoint=400.0, response=742.0
GetPercentOutput ===>> 0.0
GetSetpoint ===>> 400.0
GetProcessValue ===>> 736.0
response t=390.251729965, out=0, setpoint=400.0, response=736.0
GetPercentOutput ===>> 0.0
GetSetpoint ===>> 400.0
GetProcessValue ===>> 731.0
response t=392.253724813, out=0, setpoint=400.0, response=731.0
GetPercentOutput ===>> 0.0
GetSetpoint ===>> 400.0
GetProcessValue ===>> 726.0
response t=394.255832911, out=0, setpoint=400.0, response=726.0
GetPercentOutput ===>> 0.0
GetSetpoint ===>> 400.0
GetProcessValue ===>> 721.0
response t=396.25780797, out=0, setpoint=400.0, response=721.0
GetPercentOutput ===>> 0.0
GetSetpoint ===>> 400.0
GetProcessValue ===>> 716.0
response t=398.259826899, out=0, setpoint=400.0, response=716.0
Join finished
block finished. duration 30.0865950584
close ('J',) {}
close name=J desc=---
checking ownership. requestor=129.138.12.137
check software interlocks J
interlocks []
actuate state mode=None-script, software_lock=False
doing actuation None-script close_channel True
Close J ===>> OK
GetIndicatorState J ===>> False
change switch state (True, True)
update switch state J False args=() kw={} ncanvase=3
15:39:01 -- CLOSE  VALVE-J (Bone to APIS)
-------------------------- close J () result=[(True, True)]
action=close, ok=True, locked=[False]
open ('FC',) {}
open name=FC desc=---
checking ownership. requestor=129.138.12.137
check software interlocks FC
interlocks []
actuate state mode=None-script, software_lock=False
doing actuation None-script open_channel True
GetPercentOutput ===>> 0.0
GetSetpoint ===>> 400.0
GetProcessValue ===>> 711.0
response t=400.261171818, out=0, setpoint=400.0, response=711.0
Open FC ===>> OK
GetIndicatorState FC ===>> OK
change switch state (True, True)
update switch state FC True args=() kw={} ncanvase=3
15:39:02 -- OPEN   VALVE-FC (Furnace Turbo)
-------------------------- open FC () result=[(True, True)]
action=open, ok=True, locked=[False]
sleep (30.0,) {}
SLEEP 30.0
block started
WaitControl setup for 30.0  
GetPercentOutput ===>> 0.0
GetSetpoint ===>> 400.0
GetProcessValue ===>> 706.0
response t=402.263444901, out=0, setpoint=400.0, response=706.0
GetPercentOutput ===>> 0.0
GetSetpoint ===>> 400.0
GetProcessValue ===>> 701.0
response t=404.265995979, out=0, setpoint=400.0, response=701.0
GetPercentOutput ===>> 0.0
GetSetpoint ===>> 400.0
GetProcessValue ===>> 696.0
response t=406.268010855, out=0, setpoint=400.0, response=696.0
GetPercentOutput ===>> 0.0
GetSetpoint ===>> 400.0
GetProcessValue ===>> 692.0
response t=408.269673824, out=0, setpoint=400.0, response=692.0
GetPercentOutput ===>> 0.0
GetSetpoint ===>> 400.0
GetProcessValue ===>> 687.0
response t=410.272112846, out=0, setpoint=400.0, response=687.0
GetPercentOutput ===>> 0.0
GetSetpoint ===>> 400.0
GetProcessValue ===>> 682.0
response t=412.274093866, out=0, setpoint=400.0, response=682.0
GetPercentOutput ===>> 0.0
GetSetpoint ===>> 400.0
GetProcessValue ===>> 677.0
response t=414.276160002, out=0, setpoint=400.0, response=677.0
GetPercentOutput ===>> 0.0
GetSetpoint ===>> 400.0
GetProcessValue ===>> 673.0
response t=416.278186798, out=0, setpoint=400.0, response=673.0
GetPercentOutput ===>> 0.0
GetSetpoint ===>> 400.0
GetProcessValue ===>> 668.0
response t=418.280215979, out=0, setpoint=400.0, response=668.0
GetPercentOutput ===>> 0.0
GetSetpoint ===>> 400.0
GetProcessValue ===>> 663.0
response t=420.282279015, out=0, setpoint=400.0, response=663.0
GetPercentOutput ===>> 0.0
GetSetpoint ===>> 400.0
GetProcessValue ===>> 659.0
response t=422.284266949, out=0, setpoint=400.0, response=659.0
GetPercentOutput ===>> 0.0
GetSetpoint ===>> 400.0
GetProcessValue ===>> 654.0
response t=424.286294937, out=0, setpoint=400.0, response=654.0
GetPercentOutput ===>> 0.0
GetSetpoint ===>> 400.0
GetProcessValue ===>> 650.0
response t=426.288341999, out=0, setpoint=400.0, response=650.0
GetPercentOutput ===>> 0.0
GetSetpoint ===>> 400.0
GetProcessValue ===>> 645.0
response t=428.289914846, out=0, setpoint=400.0, response=645.0
GetPercentOutput ===>> 0.0
GetSetpoint ===>> 400.0
GetProcessValue ===>> 639.0
response t=430.292412996, out=0, setpoint=400.0, response=639.0
Join finished
block finished. duration 30.0763709545
stop_response_recorder () {}
stop response recorder
executed snippet estimated_duration=1267.5, duration=431.276208878
felix_furnace.py completed successfully
get achieved output
Requested Output= 0.000
Achieved Output=  0.000
get response blob
get output blob
active pid =HO,23;XP,400;TI,90;TD,10
persistence save...
persistence save - db
AutomatedRunPersister post_extraction_save deprecated
persistence save - dvc
no extraction position for 8
not connected to db mysql://felixexp@129.138.12.160/labspy
Enviromentals: {'lab_humiditys': [{'device': 'EnvironmentalMonitor',
                    'name': 'Lab Hum.',
                    'pub_date': '2017-08-31T15:34:47',
                    'title': 'iServer Hum.',
                    'value': 40.9}],
 'lab_pneumatics': [{'device': 'AirPressure',
                     'name': 'Pressure',
                     'pub_date': '2017-08-31T15:39:33',
                     'title': None,
                     'value': 115.05},
                    {'device': 'AirPressure2',
                     'name': 'Pressure2',
                     'pub_date': '2017-08-31T15:37:35',
                     'title': None,
                     'value': 121.65868}],
 'lab_temperatures': [{'device': 'EnvironmentalMonitor',
                       'name': 'Lab Temp.',
                       'pub_date': '2017-08-31T13:37:56',
                       'title': 'iServer Temp.',
                       'value': 73.2},
                      {'device': 'Chiller',
                       'name': 'Coolant Temp.',
                       'pub_date': '2017-08-31T12:12:11',
                       'title': None,
                       'value': 18.0}]}
Extraction Finished
15:39:35 -- ******* Extraction Finished *******
no overlap. not waiting for min ms pumptime
15:39:35 -- Sending spectrometer configuration
======== Sending configuration ========
SetZFocus 1.65 ===>> OK
SetHV 9900.0 ===>> OK
SetZSymmetry 3.35 ===>> OK
SetExtractionLens 63.57 ===>> OK
SetIonRepeller -5.15 ===>> OK
SetElectronEnergy 125.02 ===>> OK
SetYSymmetry 38.07 ===>> OK
send trap current 250.0
GetParameter Trap Current Readback ===>> 248.606848562534
SetParameter Trap Current Set,250.0 ===>> OK
updating mftable name argon
Using mftable located at /Users/obama/PychronDev/setupfiles/spectrometer/mftables/argon.csv
============ MFtable ===========
Isotope  H2     H1     AX     L1     L2     L2(CDD)
Ar40     3.7665 3.8417 3.9198 4.0013 4.1090 4.0945
Ar39     3.6921 3.7665 3.8429 3.9258 4.0283 4.0135
Ar36     3.4657 3.4182 3.6074 3.6832 3.7919 3.7664
================================
get initial guess parabolic
get initial guess parabolic
get initial guess parabolic
get initial guess parabolic
get initial guess parabolic
get initial guess parabolic
======== Configuration Finished ========
GetYSymmetry ===>> 38.07
GetZSymmetry ===>> 3.35
GetParameter Trap Current Readback ===>> 247.935542940853
GetHighVoltage ===>> 9900
start measurement
do measurement
L#=65809 analysis type=unknown
Measurement Started felix_analysis400_120_no_save_center.py
15:39:35 -- ******* Measurement Started felix_analysis400_120_no_save_center.py *******
state changed from extraction to measurement
setting trap, emission, spec, defl, and gains
GetExtractionLens ===>> 63.57
GetYSymmetry ===>> 38.07
GetZSymmetry ===>> 3.35
GetZFocus ===>> 1.65
GetDeflection H2 (CDD) ===>> 3250
GetDeflection H1 (CDD) ===>> 3250
GetDeflection AX (CDD) ===>> 3250
GetDeflection L1 (CDD) ===>> 3250
GetDeflection L2 (CDD) ===>> 0
GetGain H2 ===>> 0.9809305
GetGain H1 ===>> 0.9706
GetGain AX ===>> 0.96269
GetGain L1 ===>> 0.970094835296087
GetGain L2 ===>> 0.967359864778375
GetGain H2(CDD) ===>> 0
GetGain H1(CDD) ===>> 0
GetGain AX(CDD) ===>> 0
GetGain L1(CDD) ===>> 0
GetGain L2(CDD) ===>> 0
GetParameter Trap Current Readback ===>> 248.271195751694
GetParameter Source Current Readback ===>> 886.467130562168
pre measurement save
New frame /Users/obama/PychronDev/data/isotopes/97/b0b3c8-65e3-49ec-98a4-0ccc98c9f8e4.h5
flush and close file /Users/obama/PychronDev/data/isotopes/97/b0b3c8-65e3-49ec-98a4-0ccc98c9f8e4.h5
testing...
no interpolation path defined
executed snippet estimated_duration=590.4304, duration=0.000187873840332
unknown measurement script
activate_detectors ('H2', 'H1', 'AX', 'L1', 'L2(CDD)') {}
activate detectors
*************** Set Analysis View Ar/Ar
create graphs
clearing graphs
clear isotope group
setting isotope det=H2, iso=Ar40
setting isotope det=H1, iso=Ar39
setting isotope det=AX, iso=Ar38
setting isotope det=L1, iso=Ar37
setting isotope det=L2(CDD), iso=Ar36
setting previous blanks
 - setting Ar40 blank 6.500+/-0.020
 - setting Ar36 blank 0.02346+/-0.00035
 - setting Ar37 blank 0.001+/-0.011
 - setting Ar38 blank 0.001+/-0.014
 - setting Ar39 blank 0.086+/-0.025
load analysis view
position_magnet ('Ar40',) {'detector': 'H2'}
detector Detector(H2)
POSITION Ar40 H2
setting detector H2 to Ar40 (39.9624)
setting detector H1 to Ar39 (38.8624)
setting detector AX to Ar38 (37.9624)
setting detector L1 to Ar37 (36.9624)
setting detector L2 to Ar36 (35.8624)
setting detector H2(CDD) to Ar40 (39.8624)
setting detector H1(CDD) to Ar39 (38.8624)
setting detector AX(CDD) to Ar38 (37.8624)
setting detector L1(CDD) to Ar37 (36.8624)
setting detector L2(CDD) to Ar36 (35.9624)
Mapping mass to dac mass func: "parabolic"
H2 map mass coeffs = [ -2.56720193e-04   9.47812314e-02   3.88814975e-01]
H2 map mass to dac 39.9624 >> 3.76652
GetHighVoltage ===>> 9900
positioning Ar40 (3.76652) on H2
setting magnet DAC
current  : 3.768520
requested: 3.766520
Delta Dac: 0.002000
Checking detector protection. dv=0.00200
SetMagnetDAC 3.76652 ===>> OK
Magnet settling time: 0.500 0.500
Magnet settling complete
set_dac. change=True
equilibrate () {'delay': 3, 'inlet': 'H', 'outlet': 'V', 'eqtime': 30.0}
Equilibration Started
15:39:36 -- ******* Equilibration Started *******
checking ownership. requestor=129.138.12.137
check software interlocks V
interlocks []
actuate state mode=None-script, software_lock=False
doing actuation None-script close_channel True
Close V ===>> OK
update labels <pychron.experiment.plot_panel.PlotPanel object at 0x1386ddf50>
update labels "<pychron.graph.stacked_regression_graph.StackedRegressionGraph object at 0x131560dd0>"
setting label 0 H2 Ar40
setting label 1 H1 Ar39
setting label 2 AX Ar38
setting label 3 L1 Ar37
setting label 4 L2(CDD) Ar36
update labels "<pychron.graph.stacked_graph.StackedGraph object at 0x12edd9b30>"
setting label 0 H2 Ar40
setting label 1 H1 Ar39
setting label 2 AX Ar38
setting label 3 L1 Ar37
setting label 4 L2(CDD) Ar36
GetIndicatorState V ===>> False
change switch state (True, True)
update switch state V False args=() kw={} ncanvase=3
15:39:36 -- CLOSE  VALVE-V (Felix Ion Pump)
waiting 3s before opening inlet value ('H',)
checking ownership. requestor=129.138.12.137
check software interlocks H
interlocks []
actuate state mode=None-script, software_lock=False
doing actuation None-script open_channel True
Open H ===>> OK
GetIndicatorState H ===>> OK
change switch state (True, True)
update switch state H True args=() kw={} ncanvase=3
15:39:39 -- OPEN   VALVE-H (Felix Inlet)
equilibrating for 30.0sec
set_time_zero () {}
sniff (30.0,) {}
py_sniff
build tables- sniff [Detector(H2), Detector(H1), Detector(AX), Detector(L1), Detector(L2(CDD))]
add group /sniff/Ar40 (Group) u'' table H2
add group /sniff/Ar39 (Group) u'' table H1
add group /sniff/Ar38 (Group) u'' table AX
add group /sniff/Ar37 (Group) u'' table L1
add group /sniff/Ar36 (Group) u'' table L2(CDD)
flush and close file /Users/obama/PychronDev/data/isotopes/97/b0b3c8-65e3-49ec-98a4-0ccc98c9f8e4.h5
measuring sniff. ncounts=30.0
"sniff" increment series count="1" fit count="0" regressing="False"
starting measurement
15:40:05 -- collecting point 25
Equilibration Finished
15:40:10 -- ******* Equilibration Finished *******
checking ownership. requestor=129.138.12.137
check software interlocks H
interlocks []
actuate state mode=None-script, software_lock=False
doing actuation None-script close_channel True
Close H ===>> OK
GetIndicatorState H ===>> False
change switch state (True, True)
update switch state H False args=() kw={} ncanvase=3
15:40:10 -- CLOSE  VALVE-H (Felix Inlet)
Post Equilibration Started felix_pump_extraction_line.py
15:40:10 -- ******* Post Equilibration Started felix_pump_extraction_line.py *******
testing...
no interpolation path defined
calculate duration
testing...
no interpolation path defined
executed snippet estimated_duration=4.0, duration=0.000363826751709
executed snippet estimated_duration=4.0, duration=0.00231099128723
Pump after analysis
doing GOSUB
testing...
no interpolation path defined
executed snippet estimated_duration=4.0, duration=0.000270128250122
Pump Bone
close () {'description': 'Felix Inlet'}
close name=--- desc=Felix Inlet
checking ownership. requestor=129.138.12.137
check software interlocks H
interlocks []
actuate state mode=None-script, software_lock=False
doing actuation None-script close_channel False
Close H ===>> OK
GetIndicatorState H ===>> False
change switch state (True, True)
update switch state H False args=() kw={} ncanvase=3
15:40:10 -- CLOSE  VALVE-H (Felix Inlet)
-------------------------- close None (Felix Inlet) result=[(True, True)]
action=close, ok=True, locked=[False]
is_closed ('A',) {}
is A () closed?
is closed False
close () {'description': 'CO2 Laser to Bone'}
close name=--- desc=CO2 Laser to Bone
checking ownership. requestor=129.138.12.137
check software interlocks F
interlocks []
actuate state mode=None-script, software_lock=True
VALVE-F(CO2 Laser to Bone) software locked
change switch state (True, False)
-------------------------- close None (CO2 Laser to Bone) result=[(True, False)]
action=close, ok=True, locked=[True]
sleep (1,) {}
SLEEP 1.0
close () {'description': 'CO2 Laser to Roughing'}
close name=--- desc=CO2 Laser to Roughing
checking ownership. requestor=129.138.12.137
check software interlocks G
interlocks []
actuate state mode=None-script, software_lock=True
VALVE-G(CO2 Laser to Roughing) software locked
change switch state (True, False)
-------------------------- close None (CO2 Laser to Roughing) result=[(True, False)]
action=close, ok=True, locked=[True]
open () {'description': 'Bone to Turbo'}
open name=--- desc=Bone to Turbo
checking ownership. requestor=129.138.12.137
check software interlocks C
interlocks []
actuate state mode=None-script, software_lock=False
doing actuation None-script open_channel True
Open C ===>> OK
GetIndicatorState C ===>> OK
change switch state (True, True)
update switch state C True args=() kw={} ncanvase=3
15:40:11 -- OPEN   VALVE-C (Bone to Turbo)
-------------------------- open None (Bone to Turbo) result=[(True, True)]
waiting for write to finish
measurement finished
estimated time: 31.457 actual time: :31.590
flush and close file /Users/obama/PychronDev/data/isotopes/97/b0b3c8-65e3-49ec-98a4-0ccc98c9f8e4.h5
set_fits () {}
using default fits file=/Users/obama/PychronDev/scripts/measurement/fits/nominal.yaml
set "Ar40" to "('Parabolic', 'SEM')"
set "Ar36" to "('Parabolic', 'SEM')"
set "Ar37" to "('linear', 'SEM')"
set "Ar38" to "('linear', 'SEM')"
set "Ar39" to "('Parabolic', 'SEM')"
set_baseline_fits () {}
using default fits file=/Users/obama/PychronDev/scripts/measurement/fits/nominal.yaml
set "H2" to "('average', 'SEM')"
set "L2(CDD)" to "('average', 'SEM')"
set "L1" to "('average', 'SEM')"
set "AX" to "('average', 'SEM')"
set "H1" to "('average', 'SEM')"
multicollect () {'integration_time': 1.048576, 'ncounts': 400}
build tables- signal [Detector(H2), Detector(H1), Detector(AX), Detector(L1), Detector(L2(CDD))]
add group /signal/Ar40 (Group) u'' table H2
add group /signal/Ar39 (Group) u'' table H1
add group /signal/Ar38 (Group) u'' table AX
add group /signal/Ar37 (Group) u'' table L1
add group /signal/Ar36 (Group) u'' table L2(CDD)
flush and close file /Users/obama/PychronDev/data/isotopes/97/b0b3c8-65e3-49ec-98a4-0ccc98c9f8e4.h5
measuring signal. ncounts=400
action=open, ok=True, locked=[False]
open () {'description': 'Bone to Getter GP-50'}
open name=--- desc=Bone to Getter GP-50
checking ownership. requestor=129.138.12.137
check software interlocks N
interlocks []
actuate state mode=None-script, software_lock=False
doing actuation None-script open_channel False
Open N ===>> OK
"signal" increment series count="2" fit count="1" regressing="True"
GetIndicatorState N ===>> OK
change switch state (True, True)
update switch state N True args=() kw={} ncanvase=3
15:40:12 -- OPEN   VALVE-N (Bone to Getter GP-50)
-------------------------- open None (Bone to Getter GP-50) result=[(True, True)]
action=open, ok=True, locked=[False]
open () {'description': 'Bone to Diode Laser'}
open name=--- desc=Bone to Diode Laser
checking ownership. requestor=129.138.12.137
check software interlocks B
interlocks []
actuate state mode=None-script, software_lock=False
doing actuation None-script open_channel True
Open B ===>> OK
starting measurement
GetIndicatorState B ===>> OK
change switch state (True, True)
update switch state B True args=() kw={} ncanvase=3
15:40:12 -- OPEN   VALVE-B (Bone to Diode Laser)
-------------------------- open None (Bone to Diode Laser) result=[(True, True)]
action=open, ok=True, locked=[False]
open () {'description': 'Bone to CO2 Laser'}
open name=--- desc=Bone to CO2 Laser
checking ownership. requestor=129.138.12.137
check software interlocks D
interlocks []
actuate state mode=None-script, software_lock=False
doing actuation None-script open_channel False
Open D ===>> OK
GetIndicatorState D ===>> OK
change switch state (True, True)
update switch state D True args=() kw={} ncanvase=3
15:40:13 -- OPEN   VALVE-D (Bone to CO2 Laser)
-------------------------- open None (Bone to CO2 Laser) result=[(True, True)]
action=open, ok=True, locked=[False]
sleep (1,) {}
SLEEP 1.0
set_resource () {'name': 'CO2PumpTimeFlag', 'value': 30}
Set CO2PumpTimeFlag 30 ===>> OK
release ('FelixCO2Flag',) {}
release FelixCO2Flag
Set FelixCO2Flag 0 ===>> OK
executed snippet estimated_duration=6.0, duration=4.24863481522
PumpBone.py completed successfully
gosub finished
get_resource_value () {'name': 'FelixMiniboneFlag'}
Read FelixMiniboneFlag ===>> 0
Get Resource Value FelixMiniboneFlag=0.0
executed snippet estimated_duration=4.0, duration=4.25681805611
felix_pump_extraction_line.py completed successfully
Post Equilibration Finished
15:40:14 -- ******* Post Equilibration Finished *******
GetDeflection L2 (CDD) ===>> 0
testing L2_CDD_==3250
evaluate ot="L2(CDD).deflection==3250" t="L2_CDD_==3250", ctx="{'L2_CDD_': 0.0}"
GetDeflection L2 (CDD) ===>> 0
testing L2_CDD_==3250
evaluate ot="L2(CDD).deflection==3250" t="L2_CDD_==3250", ctx="{'L2_CDD_': 0.0}"
15:40:37 -- collecting point 25
GetDeflection L2 (CDD) ===>> 0
testing L2_CDD_==3250
evaluate ot="L2(CDD).deflection==3250" t="L2_CDD_==3250", ctx="{'L2_CDD_': 0.0}"
GetDeflection L2 (CDD) ===>> 0
testing L2_CDD_==3250
evaluate ot="L2(CDD).deflection==3250" t="L2_CDD_==3250", ctx="{'L2_CDD_': 0.0}"
15:41:04 -- collecting point 50
GetDeflection L2 (CDD) ===>> 0
testing L2_CDD_==3250
evaluate ot="L2(CDD).deflection==3250" t="L2_CDD_==3250", ctx="{'L2_CDD_': 0.0}"
GetDeflection L2 (CDD) ===>> 0
testing L2_CDD_==3250
evaluate ot="L2(CDD).deflection==3250" t="L2_CDD_==3250", ctx="{'L2_CDD_': 0.0}"
GetDeflection L2 (CDD) ===>> 0
testing L2_CDD_==3250
evaluate ot="L2(CDD).deflection==3250" t="L2_CDD_==3250", ctx="{'L2_CDD_': 0.0}"
15:41:30 -- collecting point 75
GetDeflection L2 (CDD) ===>> 0
testing L2_CDD_==3250
evaluate ot="L2(CDD).deflection==3250" t="L2_CDD_==3250", ctx="{'L2_CDD_': 0.0}"
GetDeflection L2 (CDD) ===>> 0
testing L2_CDD_==3250
evaluate ot="L2(CDD).deflection==3250" t="L2_CDD_==3250", ctx="{'L2_CDD_': 0.0}"
15:41:56 -- collecting point 100
GetDeflection L2 (CDD) ===>> 0
testing L2_CDD_==3250
evaluate ot="L2(CDD).deflection==3250" t="L2_CDD_==3250", ctx="{'L2_CDD_': 0.0}"
GetDeflection L2 (CDD) ===>> 0
testing L2_CDD_==3250
evaluate ot="L2(CDD).deflection==3250" t="L2_CDD_==3250", ctx="{'L2_CDD_': 0.0}"
GetDeflection L2 (CDD) ===>> 0
testing L2_CDD_==3250
evaluate ot="L2(CDD).deflection==3250" t="L2_CDD_==3250", ctx="{'L2_CDD_': 0.0}"
15:42:23 -- collecting point 125
GetDeflection L2 (CDD) ===>> 0
testing L2_CDD_==3250
evaluate ot="L2(CDD).deflection==3250" t="L2_CDD_==3250", ctx="{'L2_CDD_': 0.0}"
set states for children of O. state=True
handle state [('O', True)]
update switch state O True args=() kw={'refresh': False} ncanvase=3
refresh_canvas_needed fired
GetDeflection L2 (CDD) ===>> 0
testing L2_CDD_==3250
evaluate ot="L2(CDD).deflection==3250" t="L2_CDD_==3250", ctx="{'L2_CDD_': 0.0}"
15:42:49 -- collecting point 150
GetDeflection L2 (CDD) ===>> 0
testing L2_CDD_==3250
evaluate ot="L2(CDD).deflection==3250" t="L2_CDD_==3250", ctx="{'L2_CDD_': 0.0}"
GetDeflection L2 (CDD) ===>> 0
testing L2_CDD_==3250
evaluate ot="L2(CDD).deflection==3250" t="L2_CDD_==3250", ctx="{'L2_CDD_': 0.0}"
GetDeflection L2 (CDD) ===>> 0
testing L2_CDD_==3250
evaluate ot="L2(CDD).deflection==3250" t="L2_CDD_==3250", ctx="{'L2_CDD_': 0.0}"
15:43:15 -- collecting point 175
GetDeflection L2 (CDD) ===>> 0
testing L2_CDD_==3250
evaluate ot="L2(CDD).deflection==3250" t="L2_CDD_==3250", ctx="{'L2_CDD_': 0.0}"
GetDeflection L2 (CDD) ===>> 0
testing L2_CDD_==3250
evaluate ot="L2(CDD).deflection==3250" t="L2_CDD_==3250", ctx="{'L2_CDD_': 0.0}"
15:43:41 -- collecting point 200
GetDeflection L2 (CDD) ===>> 0
testing L2_CDD_==3250
evaluate ot="L2(CDD).deflection==3250" t="L2_CDD_==3250", ctx="{'L2_CDD_': 0.0}"
set states for children of U. state=False
handle state [('U', False)]
update switch state U False args=() kw={'refresh': False} ncanvase=3
refresh_canvas_needed fired
GetDeflection L2 (CDD) ===>> 0
testing L2_CDD_==3250
evaluate ot="L2(CDD).deflection==3250" t="L2_CDD_==3250", ctx="{'L2_CDD_': 0.0}"
GetDeflection L2 (CDD) ===>> 0
testing L2_CDD_==3250
evaluate ot="L2(CDD).deflection==3250" t="L2_CDD_==3250", ctx="{'L2_CDD_': 0.0}"
15:44:08 -- collecting point 225
GetDeflection L2 (CDD) ===>> 0
testing L2_CDD_==3250
evaluate ot="L2(CDD).deflection==3250" t="L2_CDD_==3250", ctx="{'L2_CDD_': 0.0}"
GetDeflection L2 (CDD) ===>> 0
testing L2_CDD_==3250
evaluate ot="L2(CDD).deflection==3250" t="L2_CDD_==3250", ctx="{'L2_CDD_': 0.0}"
15:44:34 -- collecting point 250
GetDeflection L2 (CDD) ===>> 0
testing L2_CDD_==3250
evaluate ot="L2(CDD).deflection==3250" t="L2_CDD_==3250", ctx="{'L2_CDD_': 0.0}"
GetDeflection L2 (CDD) ===>> 0
testing L2_CDD_==3250
evaluate ot="L2(CDD).deflection==3250" t="L2_CDD_==3250", ctx="{'L2_CDD_': 0.0}"
set states for children of S. state=False
handle state [('S', False)]
update switch state S False args=() kw={'refresh': False} ncanvase=3
refresh_canvas_needed fired
set states for children of O. state=False
handle state [('O', False)]
update switch state O False args=() kw={'refresh': False} ncanvase=3
refresh_canvas_needed fired
set states for children of R. state=True
handle state [('R', True)]
update switch state R True args=() kw={'refresh': False} ncanvase=3
refresh_canvas_needed fired
GetDeflection L2 (CDD) ===>> 0
testing L2_CDD_==3250
evaluate ot="L2(CDD).deflection==3250" t="L2_CDD_==3250", ctx="{'L2_CDD_': 0.0}"
15:45:00 -- collecting point 275
set states for children of R. state=False
handle state [('R', False)]
update switch state R False args=() kw={'refresh': False} ncanvase=3
refresh_canvas_needed fired
set states for children of S. state=True
set states for children of R. state=True
handle state [('S', True), ('R', True)]
update switch state S True args=() kw={'refresh': True} ncanvase=3
update switch state R True args=() kw={'refresh': False} ncanvase=3
refresh_canvas_needed fired
GetDeflection L2 (CDD) ===>> 0
testing L2_CDD_==3250
evaluate ot="L2(CDD).deflection==3250" t="L2_CDD_==3250", ctx="{'L2_CDD_': 0.0}"
set states for children of R. state=False
handle state [('R', False)]
update switch state R False args=() kw={'refresh': False} ncanvase=3
refresh_canvas_needed fired
GetDeflection L2 (CDD) ===>> 0
testing L2_CDD_==3250
evaluate ot="L2(CDD).deflection==3250" t="L2_CDD_==3250", ctx="{'L2_CDD_': 0.0}"
set states for children of U. state=True
handle state [('U', True)]
update switch state U True args=() kw={'refresh': False} ncanvase=3
refresh_canvas_needed fired
15:45:27 -- collecting point 300
GetDeflection L2 (CDD) ===>> 0
testing L2_CDD_==3250
evaluate ot="L2(CDD).deflection==3250" t="L2_CDD_==3250", ctx="{'L2_CDD_': 0.0}"
GetDeflection L2 (CDD) ===>> 0
testing L2_CDD_==3250
evaluate ot="L2(CDD).deflection==3250" t="L2_CDD_==3250", ctx="{'L2_CDD_': 0.0}"
GetDeflection L2 (CDD) ===>> 0
testing L2_CDD_==3250
evaluate ot="L2(CDD).deflection==3250" t="L2_CDD_==3250", ctx="{'L2_CDD_': 0.0}"
15:45:53 -- collecting point 325
GetDeflection L2 (CDD) ===>> 0
testing L2_CDD_==3250
evaluate ot="L2(CDD).deflection==3250" t="L2_CDD_==3250", ctx="{'L2_CDD_': 0.0}"
GetDeflection L2 (CDD) ===>> 0
testing L2_CDD_==3250
evaluate ot="L2(CDD).deflection==3250" t="L2_CDD_==3250", ctx="{'L2_CDD_': 0.0}"
15:46:19 -- collecting point 350
GetDeflection L2 (CDD) ===>> 0
testing L2_CDD_==3250
evaluate ot="L2(CDD).deflection==3250" t="L2_CDD_==3250", ctx="{'L2_CDD_': 0.0}"
GetDeflection L2 (CDD) ===>> 0
testing L2_CDD_==3250
evaluate ot="L2(CDD).deflection==3250" t="L2_CDD_==3250", ctx="{'L2_CDD_': 0.0}"
GetDeflection L2 (CDD) ===>> 0
testing L2_CDD_==3250
evaluate ot="L2(CDD).deflection==3250" t="L2_CDD_==3250", ctx="{'L2_CDD_': 0.0}"
15:46:45 -- collecting point 375
GetDeflection L2 (CDD) ===>> 0
testing L2_CDD_==3250
evaluate ot="L2(CDD).deflection==3250" t="L2_CDD_==3250", ctx="{'L2_CDD_': 0.0}"
GetDeflection L2 (CDD) ===>> 0
testing L2_CDD_==3250
evaluate ot="L2(CDD).deflection==3250" t="L2_CDD_==3250", ctx="{'L2_CDD_': 0.0}"
15:47:12 -- collecting point 400
waiting for write to finish
measurement finished
estimated time: 419.430 actual time: :420.546
flush and close file /Users/obama/PychronDev/data/isotopes/97/b0b3c8-65e3-49ec-98a4-0ccc98c9f8e4.h5
baselines () {'settling_time': 15.0, 'detector': 'H2', 'mass': 39.862, 'ncounts': 120}
%%%%%%%%%%%%%%%%%%%%%%%%%%%%%%%% Baseline
build tables- baseline [Detector(H2), Detector(H1), Detector(AX), Detector(L1), Detector(L2(CDD))]
add group baseline table H2
add group baseline table H1
add group baseline table AX
add group baseline table L1
add group baseline table L2(CDD)
flush and close file /Users/obama/PychronDev/data/isotopes/97/b0b3c8-65e3-49ec-98a4-0ccc98c9f8e4.h5
detector Detector(H2)
POSITION 39.862 H2
Mapping mass to dac mass func: "parabolic"
H2 map mass coeffs = [ -2.56720193e-04   9.47812314e-02   3.88814975e-01]
H2 map mass to dac 39.862 >> 3.75906141492
GetHighVoltage ===>> 9900
positioning 39.862 (3.75906141492) on H2
setting magnet DAC
current  : 3.766520
requested: 3.759061
Delta Dac: 0.007459
Checking detector protection. dv=0.00746
SetMagnetDAC 3.75906141492 ===>> OK
Magnet settling time: 0.500 0.500
Magnet settling complete
set_dac. change=True
Delaying 15.0s for detectors to settle
Join finished
measuring baseline. ncounts=120
"baseline" increment series count="2" fit count="1" regressing="True"
starting measurement
GetDeflection L2 (CDD) ===>> 0
testing L2_CDD_==3250
evaluate ot="L2(CDD).deflection==3250" t="L2_CDD_==3250", ctx="{'L2_CDD_': 0.0}"
GetDeflection L2 (CDD) ===>> 0
testing L2_CDD_==3250
evaluate ot="L2(CDD).deflection==3250" t="L2_CDD_==3250", ctx="{'L2_CDD_': 0.0}"
15:47:54 -- collecting point 25
GetDeflection L2 (CDD) ===>> 0
testing L2_CDD_==3250
evaluate ot="L2(CDD).deflection==3250" t="L2_CDD_==3250", ctx="{'L2_CDD_': 0.0}"
GetDeflection L2 (CDD) ===>> 0
testing L2_CDD_==3250
evaluate ot="L2(CDD).deflection==3250" t="L2_CDD_==3250", ctx="{'L2_CDD_': 0.0}"
15:48:20 -- collecting point 50
GetDeflection L2 (CDD) ===>> 0
testing L2_CDD_==3250
evaluate ot="L2(CDD).deflection==3250" t="L2_CDD_==3250", ctx="{'L2_CDD_': 0.0}"
GetDeflection L2 (CDD) ===>> 0
testing L2_CDD_==3250
evaluate ot="L2(CDD).deflection==3250" t="L2_CDD_==3250", ctx="{'L2_CDD_': 0.0}"
GetDeflection L2 (CDD) ===>> 0
testing L2_CDD_==3250
evaluate ot="L2(CDD).deflection==3250" t="L2_CDD_==3250", ctx="{'L2_CDD_': 0.0}"
15:48:47 -- collecting point 75
GetDeflection L2 (CDD) ===>> 0
testing L2_CDD_==3250
evaluate ot="L2(CDD).deflection==3250" t="L2_CDD_==3250", ctx="{'L2_CDD_': 0.0}"
GetDeflection L2 (CDD) ===>> 0
testing L2_CDD_==3250
evaluate ot="L2(CDD).deflection==3250" t="L2_CDD_==3250", ctx="{'L2_CDD_': 0.0}"
15:49:13 -- collecting point 100
GetDeflection L2 (CDD) ===>> 0
testing L2_CDD_==3250
evaluate ot="L2(CDD).deflection==3250" t="L2_CDD_==3250", ctx="{'L2_CDD_': 0.0}"
GetDeflection L2 (CDD) ===>> 0
testing L2_CDD_==3250
evaluate ot="L2(CDD).deflection==3250" t="L2_CDD_==3250", ctx="{'L2_CDD_': 0.0}"
waiting for write to finish
measurement finished
estimated time: 125.829 actual time: :126.205
flush and close file /Users/obama/PychronDev/data/isotopes/97/b0b3c8-65e3-49ec-98a4-0ccc98c9f8e4.h5
activate_detectors ('H1', 'L2(CDD)') {'peak_center': True}
peak_center () {'detector': 'H2', 'save': False, 'integration_time': 1.048576, 'isotope': 'Ar40'}
peak center: mean=12.6962970437 threshold=1.0
peak center started
setup peak center. detector=['H2', 'H1', 'L2(CDD)'], isotope=Ar40
VersionedUnpickler [<apptools.sweet_pickle.versioned_unpickler.VersionedUnpickler object at 0x11dd9de30>] using Updater [<apptools.sweet_pickle.updater.Updater object at 0x11fa4ea70>]
VersionedUnpickler [<apptools.sweet_pickle.versioned_unpickler.VersionedUnpickler object at 0x11dd9de30>] using Updater [<apptools.sweet_pickle.updater.Updater object at 0x11fa4ea70>]
VersionedUnpickler [<apptools.sweet_pickle.versioned_unpickler.VersionedUnpickler object at 0x12a72b7d0>] using Updater [<apptools.sweet_pickle.updater.Updater object at 0x11fa4ea70>]
setting integration time = 0.524288
SetIntegrationTime 0.524288 ===>> OK
Mapping mass to dac mass func: "parabolic"
H2 map mass coeffs = [ -2.56720193e-04   9.47812314e-02   3.88814975e-01]
H2 map mass to dac 39.9624 >> 3.76652
GetHighVoltage ===>> 9900
do peak center. <pychron.spectrometer.jobs.peak_center.PeakCenter object at 0x11fa4e890>
doing pc
starting peak center. center dac= 3.76652 step_width=0.0001
width = 0.0001
get scan parameters. half-width=0.002,window=0.002, i=0, scalar=1
Scan parameters center=3.76652 width=0.00400 (3.76452 - 3.76852)
Moving to starting dac 3.76452
setting magnet DAC
current  : 3.759061
requested: 3.764520
Delta Dac: 0.005459
Checking detector protection. dv=0.00546
SetMagnetDAC 3.76452 ===>> OK
Magnet settling time: 0.500 0.500
Magnet settling complete
set_dac. change=True
Wait until signal near baseline. tol= 0.159499899997. timeout= 10
Peak center baseline intensity achieved
_do_sweep sm= 3.76452, em= 3.76852, stm= 0.0001
calculated step values: start=3.76452, end=3.76852, width=0.0001, nsteps=41.0
setting magnet DAC
current  : 3.764520
requested: 3.764520
Delta Dac: 0.000000
Checking detector protection. dv=0.00000
set_dac. change=False
setting magnet DAC
current  : 3.764520
requested: 3.764623
Delta Dac: 0.000103
Checking detector protection. dv=0.00010
Magnet settling time: 1.049 0.500
Magnet settling complete
set_dac. change=True
setting magnet DAC
current  : 3.764623
requested: 3.764725
Delta Dac: 0.000103
Checking detector protection. dv=0.00010
Magnet settling time: 1.049 0.500
Magnet settling complete
set_dac. change=True
setting magnet DAC
current  : 3.764725
requested: 3.764828
Delta Dac: 0.000103
Checking detector protection. dv=0.00010
Magnet settling time: 1.049 0.500
Magnet settling complete
set_dac. change=True
setting magnet DAC
current  : 3.764828
requested: 3.764930
Delta Dac: 0.000103
Checking detector protection. dv=0.00010
Magnet settling time: 1.049 0.500
Magnet settling complete
set_dac. change=True
setting magnet DAC
current  : 3.764930
requested: 3.765033
Delta Dac: 0.000103
Checking detector protection. dv=0.00010
Magnet settling time: 1.049 0.500
Magnet settling complete
set_dac. change=True
setting magnet DAC
current  : 3.765033
requested: 3.765135
Delta Dac: 0.000103
Checking detector protection. dv=0.00010
Magnet settling time: 1.049 0.500
Magnet settling complete
set_dac. change=True
setting magnet DAC
current  : 3.765135
requested: 3.765238
Delta Dac: 0.000103
Checking detector protection. dv=0.00010
Magnet settling time: 1.049 0.500
Magnet settling complete
set_dac. change=True
setting magnet DAC
current  : 3.765238
requested: 3.765341
Delta Dac: 0.000103
Checking detector protection. dv=0.00010
Magnet settling time: 1.049 0.500
Magnet settling complete
set_dac. change=True
setting magnet DAC
current  : 3.765341
requested: 3.765443
Delta Dac: 0.000103
Checking detector protection. dv=0.00010
Magnet settling time: 1.049 0.500
Magnet settling complete
set_dac. change=True
setting magnet DAC
current  : 3.765443
requested: 3.765546
Delta Dac: 0.000103
Checking detector protection. dv=0.00010
Magnet settling time: 1.049 0.500
Magnet settling complete
set_dac. change=True
setting magnet DAC
current  : 3.765546
requested: 3.765648
Delta Dac: 0.000103
Checking detector protection. dv=0.00010
Magnet settling time: 1.049 0.500
Magnet settling complete
set_dac. change=True
setting magnet DAC
current  : 3.765648
requested: 3.765751
Delta Dac: 0.000103
Checking detector protection. dv=0.00010
Magnet settling time: 1.049 0.500
Magnet settling complete
set_dac. change=True
setting magnet DAC
current  : 3.765751
requested: 3.765853
Delta Dac: 0.000103
Checking detector protection. dv=0.00010
Magnet settling time: 1.049 0.500
Magnet settling complete
set_dac. change=True
setting magnet DAC
current  : 3.765853
requested: 3.765956
Delta Dac: 0.000103
Checking detector protection. dv=0.00010
Magnet settling time: 1.049 0.500
Magnet settling complete
set_dac. change=True
setting magnet DAC
current  : 3.765956
requested: 3.766058
Delta Dac: 0.000103
Checking detector protection. dv=0.00010
Magnet settling time: 1.049 0.500
Magnet settling complete
set_dac. change=True
setting magnet DAC
current  : 3.766058
requested: 3.766161
Delta Dac: 0.000103
Checking detector protection. dv=0.00010
Magnet settling time: 1.049 0.500
Magnet settling complete
set_dac. change=True
setting magnet DAC
current  : 3.766161
requested: 3.766264
Delta Dac: 0.000103
Checking detector protection. dv=0.00010
Magnet settling time: 1.049 0.500
Magnet settling complete
set_dac. change=True
setting magnet DAC
current  : 3.766264
requested: 3.766366
Delta Dac: 0.000103
Checking detector protection. dv=0.00010
Magnet settling time: 1.049 0.500
Magnet settling complete
set_dac. change=True
setting magnet DAC
current  : 3.766366
requested: 3.766469
Delta Dac: 0.000103
Checking detector protection. dv=0.00010
Magnet settling time: 1.049 0.500
Magnet settling complete
set_dac. change=True
setting magnet DAC
current  : 3.766469
requested: 3.766571
Delta Dac: 0.000103
Checking detector protection. dv=0.00010
Magnet settling time: 1.049 0.500
Magnet settling complete
set_dac. change=True
setting magnet DAC
current  : 3.766571
requested: 3.766674
Delta Dac: 0.000103
Checking detector protection. dv=0.00010
Magnet settling time: 1.049 0.500
Magnet settling complete
set_dac. change=True
setting magnet DAC
current  : 3.766674
requested: 3.766776
Delta Dac: 0.000103
Checking detector protection. dv=0.00010
Magnet settling time: 1.049 0.500
Magnet settling complete
set_dac. change=True
setting magnet DAC
current  : 3.766776
requested: 3.766879
Delta Dac: 0.000103
Checking detector protection. dv=0.00010
Magnet settling time: 1.049 0.500
Magnet settling complete
set_dac. change=True
setting magnet DAC
current  : 3.766879
requested: 3.766982
Delta Dac: 0.000103
Checking detector protection. dv=0.00010
Magnet settling time: 1.049 0.500
Magnet settling complete
set_dac. change=True
setting magnet DAC
current  : 3.766982
requested: 3.767084
Delta Dac: 0.000103
Checking detector protection. dv=0.00010
Magnet settling time: 1.049 0.500
Magnet settling complete
set_dac. change=True
setting magnet DAC
current  : 3.767084
requested: 3.767187
Delta Dac: 0.000103
Checking detector protection. dv=0.00010
Magnet settling time: 1.049 0.500
Magnet settling complete
set_dac. change=True
setting magnet DAC
current  : 3.767187
requested: 3.767289
Delta Dac: 0.000103
Checking detector protection. dv=0.00010
Magnet settling time: 1.049 0.500
Magnet settling complete
set_dac. change=True
setting magnet DAC
current  : 3.767289
requested: 3.767392
Delta Dac: 0.000103
Checking detector protection. dv=0.00010
Magnet settling time: 1.049 0.500
Magnet settling complete
set_dac. change=True
setting magnet DAC
current  : 3.767392
requested: 3.767494
Delta Dac: 0.000103
Checking detector protection. dv=0.00010
Magnet settling time: 1.049 0.500
Magnet settling complete
set_dac. change=True
setting magnet DAC
current  : 3.767494
requested: 3.767597
Delta Dac: 0.000103
Checking detector protection. dv=0.00010
Magnet settling time: 1.049 0.500
Magnet settling complete
set_dac. change=True
setting magnet DAC
current  : 3.767597
requested: 3.767699
Delta Dac: 0.000103
Checking detector protection. dv=0.00010
Magnet settling time: 1.049 0.500
Magnet settling complete
set_dac. change=True
setting magnet DAC
current  : 3.767699
requested: 3.767802
Delta Dac: 0.000103
Checking detector protection. dv=0.00010
Magnet settling time: 1.049 0.500
Magnet settling complete
set_dac. change=True
setting magnet DAC
current  : 3.767802
requested: 3.767905
Delta Dac: 0.000103
Checking detector protection. dv=0.00010
Magnet settling time: 1.049 0.500
Magnet settling complete
set_dac. change=True
setting magnet DAC
current  : 3.767905
requested: 3.768007
Delta Dac: 0.000103
Checking detector protection. dv=0.00010
Magnet settling time: 1.049 0.500
Magnet settling complete
set_dac. change=True
setting magnet DAC
current  : 3.768007
requested: 3.768110
Delta Dac: 0.000103
Checking detector protection. dv=0.00010
Magnet settling time: 1.049 0.500
Magnet settling complete
set_dac. change=True
setting magnet DAC
current  : 3.768110
requested: 3.768212
Delta Dac: 0.000103
Checking detector protection. dv=0.00010
Magnet settling time: 1.049 0.500
Magnet settling complete
set_dac. change=True
setting magnet DAC
current  : 3.768212
requested: 3.768315
Delta Dac: 0.000103
Checking detector protection. dv=0.00010
Magnet settling time: 1.049 0.500
Magnet settling complete
set_dac. change=True
setting magnet DAC
current  : 3.768315
requested: 3.768417
Delta Dac: 0.000103
Checking detector protection. dv=0.00010
Magnet settling time: 1.049 0.500
Magnet settling complete
set_dac. change=True
setting magnet DAC
current  : 3.768417
requested: 3.768520
Delta Dac: 0.000103
Checking detector protection. dv=0.00010
Magnet settling time: 1.049 0.500
Magnet settling complete
set_dac. change=True
result of _do_sweep=True
result of _calculate_peak_center=([3.7653656913827653, 3.766483927855711, 3.7676021643286566], [9.9850773852873758, 13.431429429649372, 9.9086898768648251], 3.7661552705410819, 13.431429429649372)
Failed to find a valid peak. No peak greater than 1.0. max = 0.0250816731613
new center pos Detector(H2) (Ar40) @ 3.76648392786
GetHighVoltage ===>> 9900
dac uncorrected for HV and deflection 3.76648392786
setting integration time = 1.048576
SetIntegrationTime 1.048576 ===>> OK
Failed to find a valid peak. No peak greater than 1.0. max = 0.0250816731613
flush and close file /Users/obama/PychronDev/data/isotopes/97/b0b3c8-65e3-49ec-98a4-0ccc98c9f8e4.h5
sweep finished
finished measure script
executed snippet estimated_duration=590.4304, duration=643.875751972
felix_analysis400_120_no_save_center.py completed successfully
Measurement Finished
15:50:19 -- ******* Measurement Finished *******
Post Measurement Started felix_pump_ms.py
15:50:19 -- ******* Post Measurement Started felix_pump_ms.py *******
testing...
no interpolation path defined
executed snippet estimated_duration=0, duration=4.29153442383e-05
Pumping spectrometer
open () {'name': 'V'}
open name=V desc=---
checking ownership. requestor=129.138.12.137
check software interlocks V
interlocks []
actuate state mode=None-script, software_lock=False
doing actuation None-script open_channel True
Open V ===>> OK
GetIndicatorState V ===>> OK
change switch state (True, True)
update switch state V True args=() kw={} ncanvase=3
15:50:19 -- OPEN   VALVE-V (Felix Ion Pump)
-------------------------- open V () result=[(True, True)]
action=open, ok=True, locked=[False]
executed snippet estimated_duration=0, duration=0.371524810791
felix_pump_ms.py completed successfully
setting _ms_pumptime
Post Measurement Finished
15:50:20 -- ******* Post Measurement Finished *******
$$$$$$$$$$$$$$$$$$$$ state at run end measurement
state changed from measurement to success
post measurement save measured=True aborted=False
Set filtering
setting fod for Ar40= {'filter_outliers': True, 'std_devs': 2, 'iterations': 2}
setting fod for H2= {'filter_outliers': True, 'std_devs': 2, 'iterations': 1}
setting fod for Ar36= {'filter_outliers': True, 'std_devs': 2, 'iterations': 2}
setting fod for L2(CDD)= {'filter_outliers': True, 'std_devs': 2, 'iterations': 1}
setting fod for Ar37= {'filter_outliers': True, 'std_devs': 2, 'iterations': 2}
setting fod for L1= {'filter_outliers': True, 'std_devs': 2, 'iterations': 1}
setting fod for Ar38= {'filter_outliers': True, 'std_devs': 2, 'iterations': 2}
setting fod for AX= {'filter_outliers': True, 'std_devs': 2, 'iterations': 1}
setting fod for Ar39= {'filter_outliers': True, 'std_devs': 2, 'iterations': 2}
setting fod for H1= {'filter_outliers': True, 'std_devs': 2, 'iterations': 1}
not connected to db mysql://felixexp@129.138.12.160/labspy
Enviromentals: {'lab_humiditys': [{'device': 'EnvironmentalMonitor',
                    'name': 'Lab Hum.',
                    'pub_date': '2017-08-31T15:34:47',
                    'title': 'iServer Hum.',
                    'value': 40.9}],
 'lab_pneumatics': [{'device': 'AirPressure',
                     'name': 'Pressure',
                     'pub_date': '2017-08-31T15:49:35',
                     'title': None,
                     'value': 102.3},
                    {'device': 'AirPressure2',
                     'name': 'Pressure2',
                     'pub_date': '2017-08-31T15:49:39',
                     'title': None,
                     'value': 104.00572}],
 'lab_temperatures': [{'device': 'EnvironmentalMonitor',
                       'name': 'Lab Temp.',
                       'pub_date': '2017-08-31T13:37:56',
                       'title': 'iServer Temp.',
                       'value': 73.2},
                      {'device': 'Chiller',
                       'name': 'Coolant Temp.',
                       'pub_date': '2017-08-31T15:47:36',
                       'title': None,
                       'value': 17.9444444444444}]}
persistence save...
persistence save - db
post measurement save
4804591248 connecting to database sqlite://@/
connected to db sqlite://@/
create new session 4804591248
close session 4804591248
No database instance. Not saving post measurement to isotopedb database
$$$$$$$$$$$$$$$ auto_save_detector_ic=False
massspec enabled True
create new session 4823356432
MassSpec Database Version: 16.0
close session 4823356432
saving post measurement to secondary database
saving to massspec database 129.138.12.160/massspecdata
setting labnumber to 65809
setting aliquot to 1
setting step to X
setting uuid to 97b0b3c8-65e3-49ec-98a4-0ccc98c9f8e4
setting irradpos to 65809
setting extract_device to NMGRL Furnace
setting tray to 
setting position to 8
setting power_requested to 1120.0
setting extract_value to 1120.0
setting duration to 300.0
setting duration_at_request to 300.0
setting first_stage_delay to 300.0
setting cleanup to 30.0
setting comment to D:9&D11 muscovite 4.27 mg
setting irradiation to NM-291
setting level to D
setting irradiation_level to D
setting sample to 971
setting material to Muscovite
setting project to IR1013
setting mass_spectrometer to Felix
no attribute chron_dosages
no attribute production_ratios
no attribute interference_corrections
no attribute production_name
no attribute j
Reference Isotope=Ar40
Reference Detector=H2
%%%%%%%%%%%%%%%%%%%% Comment: D:9&D11 muscovite 4.27 mg %%%%%%%%%%%%%%%%%%%
adding isotope Ar40 H2
add baseline dbdet= Ar40. original det= H2
get baseline data Ar40 H2
Get data baseline <pychron.processing.isotope.Baseline object at 0x123f1d890> len t=120
baseline Ar40. v=0.0283099783078, e=0.00766465812806
get signal data Ar40 H2
Get data signal Ar40 11.550+/-0.019 len t=400
adding isotope Ar39 H1
add baseline dbdet= Ar39. original det= H1
get baseline data Ar39 H1
Get data baseline <pychron.processing.isotope.Baseline object at 0x14f77ecd0> len t=120
baseline Ar39. v=-0.0481617832368, e=0.0120695245438
get signal data Ar39 H1
Get data signal Ar39 0.860+/-0.023 len t=400
adding isotope Ar38 AX
add baseline dbdet= Ar38. original det= AX
get baseline data Ar38 AX
Get data baseline <pychron.processing.isotope.Baseline object at 0x14f77ebd0> len t=120
baseline Ar38. v=-0.113958962699, e=0.0105902576283
get signal data Ar38 AX
Get data signal Ar38 -0.016+/-0.013 len t=400
adding isotope Ar37 L1
add baseline dbdet= Ar37. original det= L1
get baseline data Ar37 L1
Get data baseline <pychron.processing.isotope.Baseline object at 0x14f77ed90> len t=120
baseline Ar37. v=-0.62161965188, e=0.00880164478629
get signal data Ar37 L1
Get data signal Ar37 0.030+/-0.011 len t=400
adding isotope Ar36 L2(CDD)
add baseline dbdet= Ar36. original det= L2(CDD)
get baseline data Ar36 L2(CDD)
Get data baseline <pychron.processing.isotope.Baseline object at 0x1347dd2d0> len t=120
baseline Ar36. v=0.0, e=0.0
get signal data Ar36 L2(CDD)
Get data signal Ar36 0.01527+/-0.00029 len t=400
65809-01X added analysis time 0.519007921219s
analysis added to mass spec database
mass spec save time= 0.531
persistence save - dvc
================= post measurement started
create new session 4711712432
close session 4711712432
---------------- Experiment Queue saving disabled
DVC saving peakcenter
Failed to find a valid peak. No peak greater than 1.0. max = 0.0250816731613
Smart pull ahead: 0 behind: 0
Up-to-date with origin
add to repo msg=modified - 44c6f8761147de90179e8a3952e48831c78a9a46.json
add to repo msg=modified - 09-01X.json
add to repo msg=modified - 09-01X.dat.json
add to repo msg=modified - 09-01X.blan.json
add to repo msg=modified - 09-01X.inte.json
add to repo msg=modified - 09-01X.icfa.json
add to repo msg=modified - 09-01X.base.json
not at valid file /Users/obama/PychronDev/data/.dvc/repositories/IR1013/658/tags/09-01X.tags.json
add to repo msg=modified - 09-01X.peak.json
add to repo msg=modified - 09-01X.extr.json
not at valid file /Users/obama/PychronDev/data/.dvc/repositories/IR1013/658/monitor/09-01X.moni.json
commit message=<COLLECTION>
add to repo msg=modified - 09-01X.inte.json
add to repo msg=modified - 09-01X.base.json
commit message=<ISOEVO> default collection fits
add to repo msg=modified - 09-01X.blan.json
commit message=<BLANKS> preceding bu-NF-F-199
add to repo msg=modified - 09-01X.icfa.json
commit message=<ICFactor> default
push repository <pychron.git_archive.repo_manager.GitRepoManager object at 0x1247c3ad0>
pushing to remote=origin, url=https://github.com
no changes to meta repo
create new session 4711712432
add association IR1013
get identifier "65809"
setting analysis irradiation position=<pychron.dvc.dvc_orm.IrradiationPositionTbl object at 0x14f5d7c90>
close session 4711712432
================= post measurement finished
15:50:35 -- ******* Post Run Check *******
loading queue conditionals post_run_actions
queue conditionals path /Users/obama/PychronDev/queue_conditionals/normal.yaml
loading conditionals from /Users/obama/PychronDev/queue_conditionals/normal.yaml
loading system conditionals post_run_actions
loading conditionals from /Users/obama/PychronDev/setupfiles/spectrometer/default_conditionals.yaml
loading queue conditionals post_run_terminations
queue conditionals path /Users/obama/PychronDev/queue_conditionals/normal.yaml
loading conditionals from /Users/obama/PychronDev/queue_conditionals/normal.yaml
loading system conditionals post_run_terminations
loading conditionals from /Users/obama/PychronDev/setupfiles/spectrometer/default_conditionals.yaml
Checking default post run terminations n=1
GetDeflection L2 (CDD) ===>> 0
testing L2_CDD_==3250
evaluate ot="L2(CDD).deflection==3250" t="L2_CDD_==3250", ctx="{'L2_CDD_': 0.0}"
15:50:35 -- ******* Post Run Check Passed *******
15:50:35 -- Automated run 65809-01X success duration: 1103.181 s
----------------- finish -----------------
----------------- stop -----------------
retroactive repository identifiers disabled
finish run. runs completed=26
update duration runid=65809-01X, duration=1103.18082905, md5=3d7815bf
loading script "felix_analysis400_120_no_save_center.py"
loading script "felix_pump_ms.py"
loading script "felix_furnace.py"
loading script "felix_pump_extraction_line.py"
testing...
no interpolation path defined
executed snippet estimated_duration=559.2304, duration=0.000326156616211
script duration name:analysis400_120_no_save_center seconds:559.0
loading script "felix_analysis400_120_no_save_center.py"
loading script "felix_pump_ms.py"
loading script "felix_furnace.py"
loading script "felix_pump_extraction_line.py"
testing...
no interpolation path defined
executed snippet estimated_duration=0, duration=4.41074371338e-05
loading script "felix_analysis400_120_no_save_center.py"
loading script "felix_pump_ms.py"
loading script "felix_furnace.py"
loading script "felix_pump_extraction_line.py"
testing...
no interpolation path defined
executed snippet estimated_duration=184.0, duration=0.000488996505737
script duration name:furnace seconds:184.0
loading script "felix_analysis400_120_no_save_center.py"
loading script "felix_pump_ms.py"
loading script "felix_furnace.py"
loading script "felix_pump_extraction_line.py"
testing...
no interpolation path defined
calculate duration
testing...
no interpolation path defined
executed snippet estimated_duration=4.0, duration=0.000251054763794
executed snippet estimated_duration=4.0, duration=0.0039279460907
Script duration 743.0
Run total estimated duration= 744.000
analysis400_120_no_save_center in script context. using previous estimated duration
script duration name:analysis400_120_no_save_center seconds:559.0
pump_ms in script context. using previous estimated duration
furnace in script context. using previous estimated duration
script duration name:furnace seconds:184.0
pump_extraction_line in script context. using previous estimated duration
Script duration 743.0
Run total estimated duration= 744.000
nruns=2 before=5.0, run_dur=1488.0, btw=5.0
write rem/ex queues
/Users/obama/PychronDev/experiments/rem/CurrentExperiment.rem.txt
/Users/obama/PychronDev/experiments/rem/CurrentExperiment.ex.txt
doing event level: 3
add run
