do run
loading script "felix_analysis400_120_no_save_center.py"
loading script "felix_pump_ms.py"
loading script "felix_furnace.py"
loading script "felix_pump_extraction_line.py"
testing...
no interpolation path defined
executed snippet estimated_duration=559.2304, duration=0.000257968902588
script duration name:analysis400_120_no_save_center seconds:559.0
loading script "felix_analysis400_120_no_save_center.py"
loading script "felix_pump_ms.py"
loading script "felix_furnace.py"
loading script "felix_pump_extraction_line.py"
testing...
no interpolation path defined
executed snippet estimated_duration=0, duration=3.31401824951e-05
loading script "felix_analysis400_120_no_save_center.py"
loading script "felix_pump_ms.py"
loading script "felix_furnace.py"
loading script "felix_pump_extraction_line.py"
testing...
no interpolation path defined
executed snippet estimated_duration=184.0, duration=0.000382900238037
script duration name:furnace seconds:184.0
loading script "felix_analysis400_120_no_save_center.py"
loading script "felix_pump_ms.py"
loading script "felix_furnace.py"
loading script "felix_pump_extraction_line.py"
testing...
no interpolation path defined
calculate duration
testing...
no interpolation path defined
executed snippet estimated_duration=4.0, duration=0.000201940536499
executed snippet estimated_duration=4.0, duration=0.00138187408447
Script duration 743.0
Run total estimated duration= 744.000
run duration: 0:12:24
doing event level: 2
16:09:28 -- Setting default integration. t=1.048576
setting integration time = 1.048576
SetIntegrationTime 1.048576 ===>> OK
----------------- start -----------------
**************** Experiment Type: Ar/Ar, Ar/Ar
create new session 4740886352
close session 4740886352
$$$$$ Clearing conditionals
adding conditionals 
Add queue conditionals
add default conditionals
adding default conditionals from /Users/obama/PychronDev/setupfiles/spectrometer/default_conditionals.yaml
Start automated run 65809-01Z
loading script "felix_analysis400_120_no_save_center.py"
loading script "felix_pump_ms.py"
loading script "felix_furnace.py"
loading script "felix_pump_extraction_line.py"
%%%%%%%%%%%%%%%%%% setting automated run 65809-01Z
No value "sensitivity_multiplier" in metadata
$$$$$$$$$$$$$$$ auto_save_detector_ic=False
============================= Pre Extraction Check =============================
loading queue conditionals pre_run_terminations
queue conditionals path /Users/obama/PychronDev/queue_conditionals/normal.yaml
loading conditionals from /Users/obama/PychronDev/queue_conditionals/normal.yaml
loading system conditionals pre_run_terminations
loading conditionals from /Users/obama/PychronDev/setupfiles/spectrometer/default_conditionals.yaml
16:09:28 -- ******* Pre Extraction Check *******
Get a measurement from the spectrometer
Pre Extraction Termination data. keys=L2(CDD),H2,H1,AX,L1,L2, signals=0.00176,-0.03606,0.09468,-0.22978,-0.43645,0.04859
16:09:28 -- testing system defined conditionals
Checking default pre extraction terminations n=2
testing L2_CDD_
evaluate ot="L2(CDD).inactive" t="L2_CDD_", ctx="{'L2_CDD_': False}"
GetDeflection L2 (CDD) ===>> 0
testing L2_CDD_==3250
evaluate ot="L2(CDD).deflection==3250" t="L2_CDD_==3250", ctx="{'L2_CDD_': 0.0}"
16:09:28 -- ******* Pre Extraction Check Passed *******
=================================================================================
16:09:28 -- stopping status monitor
stop 4712033744
Status monitor stopped
Status monitor finished
16:09:32 -- starting status monitor
start 4712033744
StatusMonitor period=3. Frequencies(state=1, checksum=3, lock=5, owner=5)
start extraction
do extraction
Analysis started at 16:09:37.340657
Extraction Started felix_furnace.py
16:09:37 -- ******* Extraction Started felix_furnace.py *******
state changed from not run to extraction
DO EXTRACTION <pychron.extraction_line.pyscript_runner.RemotePyScriptRunner object at 0x11ddba650>
testing...
no interpolation path defined
executed snippet estimated_duration=546.0, duration=0.000535011291504
start_response_recorder () {}
start response recorder
Felix unknown furnace analysis
close ('F',) {}
close name=F desc=---
checking ownership. requestor=129.138.12.137
check software interlocks F
interlocks []
actuate state mode=None-script, software_lock=True
VALVE-F(CO2 Laser to Bone) software locked
change switch state (True, False)
-------------------------- close F () result=[(True, False)]
action=close, ok=True, locked=[True]
open ('D',) {}
open name=D desc=---
checking ownership. requestor=129.138.12.137
check software interlocks D
interlocks []
actuate state mode=None-script, software_lock=False
doing actuation None-script open_channel False
Open D ===>> OK
GetPercentOutput ===>> 0.0
GetIndicatorState D ===>> OK
change switch state (True, True)
update switch state D True args=() kw={} ncanvase=3
16:09:37 -- OPEN   VALVE-D (Bone to CO2 Laser)
-------------------------- open D () result=[(True, True)]
GetSetpoint ===>> 0.0
GetProcessValue ===>> 187.0
response t=0.000997066497803, out=0, setpoint=0, response=187.0
action=open, ok=True, locked=[False]
close ('J',) {}
close name=J desc=---
checking ownership. requestor=129.138.12.137
check software interlocks J
interlocks []
actuate state mode=None-script, software_lock=False
doing actuation None-script close_channel False
Close J ===>> OK
GetIndicatorState J ===>> False
change switch state (True, True)
update switch state J False args=() kw={} ncanvase=3
16:09:38 -- CLOSE  VALVE-J (Bone to APIS)
-------------------------- close J () result=[(True, True)]
action=close, ok=True, locked=[False]
close ('FC',) {}
close name=FC desc=---
checking ownership. requestor=129.138.12.137
check software interlocks FC
interlocks []
actuate state mode=None-script, software_lock=False
doing actuation None-script close_channel True
Close FC ===>> OK
GetPercentOutput ===>> 0.0
GetIndicatorState FC ===>> False
GetSetpoint ===>> 0.0
change switch state (True, True)
update switch state FC False args=() kw={} ncanvase=3
16:09:39 -- CLOSE  VALVE-FC (Furnace Turbo)
-------------------------- close FC () result=[(True, True)]
GetProcessValue ===>> 187.0
response t=2.00073719025, out=0, setpoint=0, response=187.0
action=close, ok=True, locked=[False]
open ('FH',) {}
open name=FH desc=---
checking ownership. requestor=129.138.12.137
check software interlocks FH
interlocks []
actuate state mode=None-script, software_lock=False
doing actuation None-script open_channel False
Open FH ===>> OK
set states for children of O. state=True
handle state [('O', True)]
update switch state O True args=() kw={'refresh': False} ncanvase=3
refresh_canvas_needed fired
GetIndicatorState FH ===>> OK
change switch state (True, True)
update switch state FH True args=() kw={} ncanvase=3
16:09:41 -- OPEN   VALVE-FH (Furnace Isolation)
-------------------------- open FH () result=[(True, True)]
GetPercentOutput ===>> 0.0
action=open, ok=True, locked=[False]
Furnace enabled. Heating sample.
enable () {}
set extraction state NMGRLFurnace Enabled (False, 'red', 1.5)
could not find manager name="NMGRLFurnace" func="enable_device"
set_pid_parameters (1500.0,) {}
setting pid parameters for 1500.0
GetSetpoint ===>> 0.0
{"pid": "HO,85;XP,100;TI,15;TD,3", "command": "SetPID"} ===>> OK
BEGIN INTERVAL Interval 1 waiting for 300.0
block started
set extract to 1500.0 (watts)
WaitControl setup for 300.0  
extract () {}
set extraction state NMGRLFurnace ON! 1500.0(watts) (0.75, 'red', 1.5)
extract sample to 1500.0 (watts)
extract
set setpoint to 1500.0
set setpoint=1500.0
setting pid parameters for 1500.0
GetProcessValue ===>> 186.0
response t=4.00390601158, out=0, setpoint=0, response=186.0
{"pid": "HO,85;XP,100;TI,15;TD,3", "command": "SetPID"} ===>> OK
{"setpoint": 1500.0, "command": "SetSetpoint"} ===>> OK
sleep (2,) {}
SLEEP 2.0
block started
WaitControl setup for 2.0  
GetPercentOutput ===>> 85.0
GetSetpoint ===>> 1500.0
GetProcessValue ===>> 186.0
response t=6.00505900383, out=85.0, setpoint=1500.0, response=186.0
Join finished
block finished. duration 2.01738905907
COMPLETE INTERVAL waiting for Interval 1 to complete
GetPercentOutput ===>> 85.0
GetSetpoint ===>> 1500.0
GetProcessValue ===>> 186.0
response t=8.00707006454, out=85.0, setpoint=1500.0, response=186.0
GetPercentOutput ===>> 85.0
GetSetpoint ===>> 1500.0
GetProcessValue ===>> 187.0
response t=10.0065369606, out=85.0, setpoint=1500.0, response=187.0
GetPercentOutput ===>> 85.0
GetSetpoint ===>> 1500.0
GetProcessValue ===>> 193.0
response t=12.0105581284, out=85.0, setpoint=1500.0, response=193.0
GetPercentOutput ===>> 85.0
GetSetpoint ===>> 1500.0
GetProcessValue ===>> 215.0
response t=14.012928009, out=85.0, setpoint=1500.0, response=215.0
GetPercentOutput ===>> 85.0
GetSetpoint ===>> 1500.0
GetProcessValue ===>> 283.0
response t=16.0145871639, out=85.0, setpoint=1500.0, response=283.0
GetPercentOutput ===>> 85.0
GetSetpoint ===>> 1500.0
GetProcessValue ===>> 453.0
response t=18.0172040462, out=85.0, setpoint=1500.0, response=453.0
GetPercentOutput ===>> 85.0
GetSetpoint ===>> 1500.0
GetProcessValue ===>> 778.0
response t=20.0171711445, out=85.0, setpoint=1500.0, response=778.0
GetPercentOutput ===>> 85.0
GetSetpoint ===>> 1500.0
GetProcessValue ===>> 1107.0
response t=22.0210549831, out=85.0, setpoint=1500.0, response=1107.0
GetPercentOutput ===>> 0.0
GetSetpoint ===>> 1500.0
GetProcessValue ===>> 1316.0
response t=24.0233130455, out=0, setpoint=1500.0, response=1316.0
GetPercentOutput ===>> 85.0
GetSetpoint ===>> 1500.0
GetProcessValue ===>> 1336.0
response t=26.0253829956, out=85.0, setpoint=1500.0, response=1336.0
GetPercentOutput ===>> 85.0
GetSetpoint ===>> 1500.0
GetProcessValue ===>> 1356.0
response t=28.0265071392, out=85.0, setpoint=1500.0, response=1356.0
GetPercentOutput ===>> 3.2
GetSetpoint ===>> 1500.0
GetProcessValue ===>> 1436.0
response t=30.0264720917, out=3.2, setpoint=1500.0, response=1436.0
GetPercentOutput ===>> 85.0
GetSetpoint ===>> 1500.0
GetProcessValue ===>> 1430.0
response t=32.0264630318, out=85.0, setpoint=1500.0, response=1430.0
GetPercentOutput ===>> 85.0
GetSetpoint ===>> 1500.0
GetProcessValue ===>> 1437.0
response t=34.0264770985, out=85.0, setpoint=1500.0, response=1437.0
GetPercentOutput ===>> 0.0
GetSetpoint ===>> 1500.0
GetProcessValue ===>> 1489.0
response t=36.0263640881, out=0, setpoint=1500.0, response=1489.0
GetPercentOutput ===>> 85.0
GetSetpoint ===>> 1500.0
GetProcessValue ===>> 1468.0
response t=38.0263359547, out=85.0, setpoint=1500.0, response=1468.0
GetPercentOutput ===>> 85.0
GetSetpoint ===>> 1500.0
GetProcessValue ===>> 1456.0
response t=40.0264110565, out=85.0, setpoint=1500.0, response=1456.0
GetPercentOutput ===>> 19.4
GetSetpoint ===>> 1500.0
GetProcessValue ===>> 1494.0
response t=42.0255219936, out=19.4, setpoint=1500.0, response=1494.0
GetPercentOutput ===>> 85.0
GetSetpoint ===>> 1500.0
GetProcessValue ===>> 1445.0
response t=44.0270249844, out=85.0, setpoint=1500.0, response=1445.0
GetPercentOutput ===>> 85.0
GetSetpoint ===>> 1500.0
GetProcessValue ===>> 1411.0
response t=46.0290091038, out=85.0, setpoint=1500.0, response=1411.0
GetPercentOutput ===>> 85.0
GetSetpoint ===>> 1500.0
GetProcessValue ===>> 1395.0
response t=48.0310740471, out=85.0, setpoint=1500.0, response=1395.0
GetPercentOutput ===>> 85.0
GetSetpoint ===>> 1500.0
GetProcessValue ===>> 1421.0
response t=50.0343770981, out=85.0, setpoint=1500.0, response=1421.0
GetPercentOutput ===>> 39.0
GetSetpoint ===>> 1500.0
GetProcessValue ===>> 1464.0
response t=52.0360481739, out=39.0, setpoint=1500.0, response=1464.0
GetPercentOutput ===>> 27.9
GetSetpoint ===>> 1500.0
GetProcessValue ===>> 1499.0
response t=54.0371491909, out=27.9, setpoint=1500.0, response=1499.0
GetPercentOutput ===>> 53.4
GetSetpoint ===>> 1500.0
GetProcessValue ===>> 1506.0
response t=56.0391571522, out=53.4, setpoint=1500.0, response=1506.0
GetPercentOutput ===>> 49.0
GetSetpoint ===>> 1500.0
GetProcessValue ===>> 1511.0
response t=58.0411841869, out=49.0, setpoint=1500.0, response=1511.0
GetPercentOutput ===>> 37.5
GetSetpoint ===>> 1500.0
GetProcessValue ===>> 1519.0
response t=60.0408980846, out=37.5, setpoint=1500.0, response=1519.0
GetPercentOutput ===>> 38.6
GetSetpoint ===>> 1500.0
GetProcessValue ===>> 1522.0
response t=62.044907093, out=38.6, setpoint=1500.0, response=1522.0
GetPercentOutput ===>> 42.4
GetSetpoint ===>> 1500.0
GetProcessValue ===>> 1520.0
response t=64.0440130234, out=42.4, setpoint=1500.0, response=1520.0
GetPercentOutput ===>> 41.0
GetSetpoint ===>> 1500.0
GetProcessValue ===>> 1519.0
response t=66.0470499992, out=41.0, setpoint=1500.0, response=1519.0
GetPercentOutput ===>> 39.0
GetSetpoint ===>> 1500.0
GetProcessValue ===>> 1518.0
response t=68.0461699963, out=39.0, setpoint=1500.0, response=1518.0
GetPercentOutput ===>> 39.0
GetSetpoint ===>> 1500.0
GetProcessValue ===>> 1517.0
response t=70.0467171669, out=39.0, setpoint=1500.0, response=1517.0
GetPercentOutput ===>> 40.1
GetSetpoint ===>> 1500.0
GetProcessValue ===>> 1515.0
response t=72.0487921238, out=40.1, setpoint=1500.0, response=1515.0
GetPercentOutput ===>> 39.8
GetSetpoint ===>> 1500.0
GetProcessValue ===>> 1513.0
response t=74.0527951717, out=39.8, setpoint=1500.0, response=1513.0
set states for children of U. state=False
handle state [('U', False)]
update switch state U False args=() kw={'refresh': False} ncanvase=3
GetPercentOutput ===>> 39.0
GetSetpoint ===>> 1500.0
refresh_canvas_needed fired
GetProcessValue ===>> 1511.0
response t=76.0528540611, out=39.0, setpoint=1500.0, response=1511.0
GetPercentOutput ===>> 39.8
GetSetpoint ===>> 1500.0
GetProcessValue ===>> 1509.0
response t=78.0558831692, out=39.8, setpoint=1500.0, response=1509.0
GetPercentOutput ===>> 40.0
GetSetpoint ===>> 1500.0
GetProcessValue ===>> 1508.0
response t=80.0567691326, out=40.0, setpoint=1500.0, response=1508.0
GetPercentOutput ===>> 40.0
GetSetpoint ===>> 1500.0
GetProcessValue ===>> 1507.0
response t=82.0589799881, out=40.0, setpoint=1500.0, response=1507.0
GetPercentOutput ===>> 40.0
GetSetpoint ===>> 1500.0
GetProcessValue ===>> 1506.0
response t=84.0582420826, out=40.0, setpoint=1500.0, response=1506.0
GetPercentOutput ===>> 39.9
GetSetpoint ===>> 1500.0
GetProcessValue ===>> 1505.0
response t=86.0587689877, out=39.9, setpoint=1500.0, response=1505.0
GetPercentOutput ===>> 40.2
GetSetpoint ===>> 1500.0
GetProcessValue ===>> 1504.0
response t=88.0627541542, out=40.2, setpoint=1500.0, response=1504.0
GetPercentOutput ===>> 40.4
GetSetpoint ===>> 1500.0
GetProcessValue ===>> 1503.0
response t=90.0648260117, out=40.4, setpoint=1500.0, response=1503.0
GetPercentOutput ===>> 39.9
GetSetpoint ===>> 1500.0
GetProcessValue ===>> 1502.0
response t=92.0647881031, out=39.9, setpoint=1500.0, response=1502.0
GetPercentOutput ===>> 40.2
GetSetpoint ===>> 1500.0
GetProcessValue ===>> 1502.0
response t=94.0647120476, out=40.2, setpoint=1500.0, response=1502.0
GetPercentOutput ===>> 40.4
GetSetpoint ===>> 1500.0
GetProcessValue ===>> 1502.0
response t=96.0656671524, out=40.4, setpoint=1500.0, response=1502.0
GetPercentOutput ===>> 40.4
GetSetpoint ===>> 1500.0
GetProcessValue ===>> 1501.0
response t=98.0656530857, out=40.4, setpoint=1500.0, response=1501.0
GetPercentOutput ===>> 40.3
GetSetpoint ===>> 1500.0
GetProcessValue ===>> 1501.0
response t=100.065534115, out=40.3, setpoint=1500.0, response=1501.0
GetPercentOutput ===>> 40.4
GetSetpoint ===>> 1500.0
GetProcessValue ===>> 1501.0
response t=102.069296122, out=40.4, setpoint=1500.0, response=1501.0
GetPercentOutput ===>> 40.1
GetSetpoint ===>> 1500.0
GetProcessValue ===>> 1501.0
response t=104.071277142, out=40.1, setpoint=1500.0, response=1501.0
GetPercentOutput ===>> 40.7
GetSetpoint ===>> 1500.0
GetProcessValue ===>> 1500.0
response t=106.073295116, out=40.7, setpoint=1500.0, response=1500.0
GetPercentOutput ===>> 40.3
GetSetpoint ===>> 1500.0
GetProcessValue ===>> 1500.0
response t=108.075332165, out=40.3, setpoint=1500.0, response=1500.0
GetPercentOutput ===>> 40.1
GetSetpoint ===>> 1500.0
GetProcessValue ===>> 1500.0
response t=110.075196028, out=40.1, setpoint=1500.0, response=1500.0
GetPercentOutput ===>> 40.2
GetSetpoint ===>> 1500.0
GetProcessValue ===>> 1500.0
response t=112.074381113, out=40.2, setpoint=1500.0, response=1500.0
GetPercentOutput ===>> 40.4
GetSetpoint ===>> 1500.0
GetProcessValue ===>> 1500.0
response t=114.078387022, out=40.4, setpoint=1500.0, response=1500.0
GetPercentOutput ===>> 40.2
GetSetpoint ===>> 1500.0
GetProcessValue ===>> 1500.0
response t=116.078413963, out=40.2, setpoint=1500.0, response=1500.0
GetPercentOutput ===>> 40.0
GetSetpoint ===>> 1500.0
GetProcessValue ===>> 1500.0
response t=118.078536034, out=40.0, setpoint=1500.0, response=1500.0
GetPercentOutput ===>> 40.5
GetSetpoint ===>> 1500.0
GetProcessValue ===>> 1500.0
response t=120.082106113, out=40.5, setpoint=1500.0, response=1500.0
GetPercentOutput ===>> 40.3
GetSetpoint ===>> 1500.0
GetProcessValue ===>> 1500.0
response t=122.086101055, out=40.3, setpoint=1500.0, response=1500.0
GetPercentOutput ===>> 40.0
GetSetpoint ===>> 1500.0
GetProcessValue ===>> 1500.0
response t=124.086909056, out=40.0, setpoint=1500.0, response=1500.0
GetPercentOutput ===>> 40.3
GetSetpoint ===>> 1500.0
GetProcessValue ===>> 1500.0
response t=126.08654809, out=40.3, setpoint=1500.0, response=1500.0
GetPercentOutput ===>> 40.6
GetSetpoint ===>> 1500.0
GetProcessValue ===>> 1500.0
response t=128.090200186, out=40.6, setpoint=1500.0, response=1500.0
GetPercentOutput ===>> 40.6
GetSetpoint ===>> 1500.0
GetProcessValue ===>> 1500.0
response t=130.091554165, out=40.6, setpoint=1500.0, response=1500.0
GetPercentOutput ===>> 40.1
GetSetpoint ===>> 1500.0
GetProcessValue ===>> 1500.0
response t=132.091516972, out=40.1, setpoint=1500.0, response=1500.0
GetPercentOutput ===>> 40.4
GetSetpoint ===>> 1500.0
GetProcessValue ===>> 1500.0
response t=134.095510006, out=40.4, setpoint=1500.0, response=1500.0
GetPercentOutput ===>> 40.5
GetSetpoint ===>> 1500.0
GetProcessValue ===>> 1500.0
response t=136.095005989, out=40.5, setpoint=1500.0, response=1500.0
GetPercentOutput ===>> 40.3
GetSetpoint ===>> 1500.0
GetProcessValue ===>> 1500.0
response t=138.095986128, out=40.3, setpoint=1500.0, response=1500.0
GetPercentOutput ===>> 40.1
GetSetpoint ===>> 1500.0
GetProcessValue ===>> 1500.0
response t=140.095523119, out=40.1, setpoint=1500.0, response=1500.0
GetPercentOutput ===>> 40.3
GetSetpoint ===>> 1500.0
GetProcessValue ===>> 1500.0
response t=142.094568014, out=40.3, setpoint=1500.0, response=1500.0
set states for children of O. state=False
set states for children of S. state=False
handle state [('O', False), ('S', False)]
update switch state O False args=() kw={'refresh': True} ncanvase=3
update switch state S False args=() kw={'refresh': False} ncanvase=3
refresh_canvas_needed fired
GetPercentOutput ===>> 40.2
GetSetpoint ===>> 1500.0
GetProcessValue ===>> 1500.0
response t=144.09615612, out=40.2, setpoint=1500.0, response=1500.0
set states for children of R. state=True
handle state [('R', True)]
update switch state R True args=() kw={'refresh': False} ncanvase=3
refresh_canvas_needed fired
GetPercentOutput ===>> 40.3
GetSetpoint ===>> 1500.0
GetProcessValue ===>> 1500.0
response t=146.097337008, out=40.3, setpoint=1500.0, response=1500.0
GetPercentOutput ===>> 40.0
GetSetpoint ===>> 1500.0
GetProcessValue ===>> 1500.0
response t=148.099339008, out=40.0, setpoint=1500.0, response=1500.0
GetPercentOutput ===>> 40.1
GetSetpoint ===>> 1500.0
GetProcessValue ===>> 1500.0
response t=150.099292994, out=40.1, setpoint=1500.0, response=1500.0
GetPercentOutput ===>> 40.5
GetSetpoint ===>> 1500.0
GetProcessValue ===>> 1500.0
response t=152.103312969, out=40.5, setpoint=1500.0, response=1500.0
GetPercentOutput ===>> 40.5
GetSetpoint ===>> 1500.0
GetProcessValue ===>> 1500.0
response t=154.10542798, out=40.5, setpoint=1500.0, response=1500.0
set states for children of S. state=True
handle state [('S', True)]
update switch state S True args=() kw={'refresh': False} ncanvase=3
refresh_canvas_needed fired
GetPercentOutput ===>> 40.0
GetSetpoint ===>> 1500.0
GetProcessValue ===>> 1500.0
response t=156.10493207, out=40.0, setpoint=1500.0, response=1500.0
GetPercentOutput ===>> 40.3
GetSetpoint ===>> 1500.0
GetProcessValue ===>> 1500.0
response t=158.10416913, out=40.3, setpoint=1500.0, response=1500.0
GetPercentOutput ===>> 40.4
GetSetpoint ===>> 1500.0
GetProcessValue ===>> 1500.0
response t=160.108169079, out=40.4, setpoint=1500.0, response=1500.0
GetPercentOutput ===>> 40.3
GetSetpoint ===>> 1500.0
GetProcessValue ===>> 1500.0
response t=162.11217308, out=40.3, setpoint=1500.0, response=1500.0
GetPercentOutput ===>> 40.5
GetSetpoint ===>> 1500.0
GetProcessValue ===>> 1500.0
response t=164.112195015, out=40.5, setpoint=1500.0, response=1500.0
GetPercentOutput ===>> 40.0
GetSetpoint ===>> 1500.0
GetProcessValue ===>> 1500.0
response t=166.116211176, out=40.0, setpoint=1500.0, response=1500.0
set states for children of R. state=False
handle state [('R', False)]
update switch state R False args=() kw={'refresh': False} ncanvase=3
refresh_canvas_needed fired
GetPercentOutput ===>> 40.4
GetSetpoint ===>> 1500.0
GetProcessValue ===>> 1500.0
response t=168.115453005, out=40.4, setpoint=1500.0, response=1500.0
GetPercentOutput ===>> 40.2
GetSetpoint ===>> 1500.0
GetProcessValue ===>> 1500.0
response t=170.117024183, out=40.2, setpoint=1500.0, response=1500.0
set states for children of U. state=True
handle state [('U', True)]
update switch state U True args=() kw={'refresh': False} ncanvase=3
refresh_canvas_needed fired
GetPercentOutput ===>> 40.0
GetSetpoint ===>> 1500.0
GetProcessValue ===>> 1500.0
response t=172.121046066, out=40.0, setpoint=1500.0, response=1500.0
GetPercentOutput ===>> 40.2
GetSetpoint ===>> 1500.0
GetProcessValue ===>> 1500.0
response t=174.124195099, out=40.2, setpoint=1500.0, response=1500.0
GetPercentOutput ===>> 40.4
GetSetpoint ===>> 1500.0
GetProcessValue ===>> 1500.0
response t=176.12541914, out=40.4, setpoint=1500.0, response=1500.0
GetPercentOutput ===>> 40.1
GetSetpoint ===>> 1500.0
GetProcessValue ===>> 1500.0
response t=178.126369953, out=40.1, setpoint=1500.0, response=1500.0
GetPercentOutput ===>> 40.2
GetSetpoint ===>> 1500.0
GetProcessValue ===>> 1500.0
response t=180.129947186, out=40.2, setpoint=1500.0, response=1500.0
GetPercentOutput ===>> 40.2
GetSetpoint ===>> 1500.0
GetProcessValue ===>> 1500.0
response t=182.132510185, out=40.2, setpoint=1500.0, response=1500.0
GetPercentOutput ===>> 40.3
GetSetpoint ===>> 1500.0
GetProcessValue ===>> 1500.0
response t=184.135931969, out=40.3, setpoint=1500.0, response=1500.0
GetPercentOutput ===>> 40.1
GetSetpoint ===>> 1500.0
GetProcessValue ===>> 1500.0
response t=186.137964964, out=40.1, setpoint=1500.0, response=1500.0
GetPercentOutput ===>> 40.1
GetSetpoint ===>> 1500.0
GetProcessValue ===>> 1500.0
response t=188.139997959, out=40.1, setpoint=1500.0, response=1500.0
GetPercentOutput ===>> 40.1
GetSetpoint ===>> 1500.0
GetProcessValue ===>> 1500.0
response t=190.140249014, out=40.1, setpoint=1500.0, response=1500.0
GetPercentOutput ===>> 40.4
GetSetpoint ===>> 1500.0
GetProcessValue ===>> 1500.0
response t=192.144081116, out=40.4, setpoint=1500.0, response=1500.0
GetPercentOutput ===>> 40.1
GetSetpoint ===>> 1500.0
GetProcessValue ===>> 1500.0
response t=194.145033121, out=40.1, setpoint=1500.0, response=1500.0
GetPercentOutput ===>> 40.1
GetSetpoint ===>> 1500.0
GetProcessValue ===>> 1500.0
response t=196.14499402, out=40.1, setpoint=1500.0, response=1500.0
GetPercentOutput ===>> 40.2
GetSetpoint ===>> 1500.0
GetProcessValue ===>> 1500.0
response t=198.144937992, out=40.2, setpoint=1500.0, response=1500.0
GetPercentOutput ===>> 40.1
GetSetpoint ===>> 1500.0
GetProcessValue ===>> 1500.0
response t=200.144873142, out=40.1, setpoint=1500.0, response=1500.0
GetPercentOutput ===>> 40.3
GetSetpoint ===>> 1500.0
GetProcessValue ===>> 1500.0
response t=202.144979954, out=40.3, setpoint=1500.0, response=1500.0
GetPercentOutput ===>> 40.2
GetSetpoint ===>> 1500.0
GetProcessValue ===>> 1500.0
response t=204.144471169, out=40.2, setpoint=1500.0, response=1500.0
GetPercentOutput ===>> 40.3
GetSetpoint ===>> 1500.0
GetProcessValue ===>> 1500.0
response t=206.144865036, out=40.3, setpoint=1500.0, response=1500.0
GetPercentOutput ===>> 40.2
GetSetpoint ===>> 1500.0
GetProcessValue ===>> 1500.0
response t=208.144077063, out=40.2, setpoint=1500.0, response=1500.0
GetPercentOutput ===>> 40.0
GetSetpoint ===>> 1500.0
GetProcessValue ===>> 1500.0
response t=210.143844128, out=40.0, setpoint=1500.0, response=1500.0
GetPercentOutput ===>> 40.2
GetSetpoint ===>> 1500.0
GetProcessValue ===>> 1500.0
response t=212.143553019, out=40.2, setpoint=1500.0, response=1500.0
GetPercentOutput ===>> 40.2
GetSetpoint ===>> 1500.0
GetProcessValue ===>> 1500.0
response t=214.145116091, out=40.2, setpoint=1500.0, response=1500.0
GetPercentOutput ===>> 40.1
GetSetpoint ===>> 1500.0
GetProcessValue ===>> 1500.0
response t=216.144668102, out=40.1, setpoint=1500.0, response=1500.0
GetPercentOutput ===>> 40.5
GetSetpoint ===>> 1500.0
GetProcessValue ===>> 1500.0
response t=218.144593, out=40.5, setpoint=1500.0, response=1500.0
GetPercentOutput ===>> 40.3
GetSetpoint ===>> 1500.0
GetProcessValue ===>> 1500.0
response t=220.144627094, out=40.3, setpoint=1500.0, response=1500.0
GetPercentOutput ===>> 40.0
GetSetpoint ===>> 1500.0
GetProcessValue ===>> 1500.0
response t=222.144531965, out=40.0, setpoint=1500.0, response=1500.0
GetPercentOutput ===>> 40.3
GetSetpoint ===>> 1500.0
GetProcessValue ===>> 1500.0
response t=224.148221016, out=40.3, setpoint=1500.0, response=1500.0
GetPercentOutput ===>> 40.2
GetSetpoint ===>> 1500.0
GetProcessValue ===>> 1500.0
response t=226.147366047, out=40.2, setpoint=1500.0, response=1500.0
GetPercentOutput ===>> 40.0
GetSetpoint ===>> 1500.0
GetProcessValue ===>> 1500.0
response t=228.147315979, out=40.0, setpoint=1500.0, response=1500.0
GetPercentOutput ===>> 40.3
GetSetpoint ===>> 1500.0
GetProcessValue ===>> 1500.0
response t=230.147603989, out=40.3, setpoint=1500.0, response=1500.0
GetPercentOutput ===>> 40.2
GetSetpoint ===>> 1500.0
GetProcessValue ===>> 1500.0
response t=232.151391029, out=40.2, setpoint=1500.0, response=1500.0
GetPercentOutput ===>> 40.2
GetSetpoint ===>> 1500.0
GetProcessValue ===>> 1500.0
response t=234.15341115, out=40.2, setpoint=1500.0, response=1500.0
GetPercentOutput ===>> 40.0
GetSetpoint ===>> 1500.0
GetProcessValue ===>> 1500.0
response t=236.15713501, out=40.0, setpoint=1500.0, response=1500.0
GetPercentOutput ===>> 40.2
GetSetpoint ===>> 1500.0
GetProcessValue ===>> 1500.0
response t=238.157417059, out=40.2, setpoint=1500.0, response=1500.0
GetPercentOutput ===>> 40.3
GetSetpoint ===>> 1500.0
GetProcessValue ===>> 1500.0
response t=240.156516075, out=40.3, setpoint=1500.0, response=1500.0
GetPercentOutput ===>> 40.2
GetSetpoint ===>> 1500.0
GetProcessValue ===>> 1500.0
response t=242.158080101, out=40.2, setpoint=1500.0, response=1500.0
GetPercentOutput ===>> 40.2
GetSetpoint ===>> 1500.0
GetProcessValue ===>> 1500.0
response t=244.162098169, out=40.2, setpoint=1500.0, response=1500.0
GetPercentOutput ===>> 40.1
GetSetpoint ===>> 1500.0
GetProcessValue ===>> 1500.0
response t=246.16565299, out=40.1, setpoint=1500.0, response=1500.0
GetPercentOutput ===>> 40.0
GetSetpoint ===>> 1500.0
GetProcessValue ===>> 1500.0
response t=248.167620182, out=40.0, setpoint=1500.0, response=1500.0
GetPercentOutput ===>> 40.1
GetSetpoint ===>> 1500.0
GetProcessValue ===>> 1500.0
response t=250.167953014, out=40.1, setpoint=1500.0, response=1500.0
GetPercentOutput ===>> 40.4
GetSetpoint ===>> 1500.0
GetProcessValue ===>> 1500.0
response t=252.171741962, out=40.4, setpoint=1500.0, response=1500.0
GetPercentOutput ===>> 40.1
GetSetpoint ===>> 1500.0
GetProcessValue ===>> 1500.0
response t=254.172914028, out=40.1, setpoint=1500.0, response=1500.0
GetPercentOutput ===>> 40.1
GetSetpoint ===>> 1500.0
GetProcessValue ===>> 1500.0
response t=256.175765991, out=40.1, setpoint=1500.0, response=1500.0
GetPercentOutput ===>> 40.4
GetSetpoint ===>> 1500.0
GetProcessValue ===>> 1500.0
response t=258.177761078, out=40.4, setpoint=1500.0, response=1500.0
GetPercentOutput ===>> 40.1
GetSetpoint ===>> 1500.0
GetProcessValue ===>> 1500.0
response t=260.177742958, out=40.1, setpoint=1500.0, response=1500.0
GetPercentOutput ===>> 40.3
GetSetpoint ===>> 1500.0
GetProcessValue ===>> 1500.0
response t=262.177272081, out=40.3, setpoint=1500.0, response=1500.0
GetPercentOutput ===>> 40.1
GetSetpoint ===>> 1500.0
GetProcessValue ===>> 1500.0
response t=264.176915169, out=40.1, setpoint=1500.0, response=1500.0
GetPercentOutput ===>> 40.2
GetSetpoint ===>> 1500.0
GetProcessValue ===>> 1500.0
response t=266.17693305, out=40.2, setpoint=1500.0, response=1500.0
GetPercentOutput ===>> 40.3
GetSetpoint ===>> 1500.0
GetProcessValue ===>> 1500.0
response t=268.178555965, out=40.3, setpoint=1500.0, response=1500.0
GetPercentOutput ===>> 40.2
GetSetpoint ===>> 1500.0
GetProcessValue ===>> 1500.0
response t=270.181203127, out=40.2, setpoint=1500.0, response=1500.0
GetPercentOutput ===>> 40.3
GetSetpoint ===>> 1500.0
GetProcessValue ===>> 1500.0
response t=272.185189962, out=40.3, setpoint=1500.0, response=1500.0
GetPercentOutput ===>> 40.1
GetSetpoint ===>> 1500.0
GetProcessValue ===>> 1500.0
response t=274.184444189, out=40.1, setpoint=1500.0, response=1500.0
GetPercentOutput ===>> 40.0
GetSetpoint ===>> 1500.0
GetProcessValue ===>> 1500.0
response t=276.187798023, out=40.0, setpoint=1500.0, response=1500.0
GetPercentOutput ===>> 40.1
GetSetpoint ===>> 1500.0
GetProcessValue ===>> 1500.0
response t=278.191054106, out=40.1, setpoint=1500.0, response=1500.0
GetPercentOutput ===>> 40.4
GetSetpoint ===>> 1500.0
GetProcessValue ===>> 1500.0
response t=280.19237113, out=40.4, setpoint=1500.0, response=1500.0
GetPercentOutput ===>> 40.1
GetSetpoint ===>> 1500.0
GetProcessValue ===>> 1500.0
response t=282.195791006, out=40.1, setpoint=1500.0, response=1500.0
GetPercentOutput ===>> 40.2
GetSetpoint ===>> 1500.0
GetProcessValue ===>> 1500.0
response t=284.196141958, out=40.2, setpoint=1500.0, response=1500.0
GetPercentOutput ===>> 40.5
GetSetpoint ===>> 1500.0
GetProcessValue ===>> 1500.0
response t=286.196196079, out=40.5, setpoint=1500.0, response=1500.0
GetPercentOutput ===>> 40.2
GetSetpoint ===>> 1500.0
GetProcessValue ===>> 1500.0
response t=288.200186014, out=40.2, setpoint=1500.0, response=1500.0
GetPercentOutput ===>> 40.0
GetSetpoint ===>> 1500.0
GetProcessValue ===>> 1500.0
response t=290.203631163, out=40.0, setpoint=1500.0, response=1500.0
GetPercentOutput ===>> 40.3
GetSetpoint ===>> 1500.0
GetProcessValue ===>> 1500.0
response t=292.207633018, out=40.3, setpoint=1500.0, response=1500.0
GetPercentOutput ===>> 40.1
GetSetpoint ===>> 1500.0
GetProcessValue ===>> 1500.0
response t=294.210102081, out=40.1, setpoint=1500.0, response=1500.0
GetPercentOutput ===>> 40.3
GetSetpoint ===>> 1500.0
GetProcessValue ===>> 1500.0
response t=296.209143162, out=40.3, setpoint=1500.0, response=1500.0
GetPercentOutput ===>> 40.2
GetSetpoint ===>> 1500.0
GetProcessValue ===>> 1500.0
response t=298.210005045, out=40.2, setpoint=1500.0, response=1500.0
GetPercentOutput ===>> 40.2
GetSetpoint ===>> 1500.0
GetProcessValue ===>> 1500.0
response t=300.210018158, out=40.2, setpoint=1500.0, response=1500.0
GetPercentOutput ===>> 40.1
GetSetpoint ===>> 1500.0
GetProcessValue ===>> 1500.0
response t=302.209676027, out=40.1, setpoint=1500.0, response=1500.0
GetPercentOutput ===>> 40.3
GetSetpoint ===>> 1500.0
GetProcessValue ===>> 1500.0
response t=304.212538004, out=40.3, setpoint=1500.0, response=1500.0
Join finished
block finished. duration 300.508551121
Interval 1 finished
disable () {}
%%%%%%%%%%%%%%%%%%%%%%%%%%%%%%%%%%% disable
set extraction state False (0.75, 'red', 1.5)
disable
set setpoint=0.0
setting pid parameters for 0.0
{"pid": "HO,10;XP,10;TI,48;TD,8", "command": "SetPID"} ===>> OK
{"setpoint": 0.0, "command": "SetSetpoint"} ===>> OK
Furnace disabled.
sleep (60,) {}
SLEEP 60.0
block started
WaitControl setup for 60.0  
GetPercentOutput ===>> 0.0
GetSetpoint ===>> 0.0
GetProcessValue ===>> 1500.0
response t=306.212144136, out=0, setpoint=0, response=1500.0
GetPercentOutput ===>> 0.0
GetSetpoint ===>> 0.0
GetProcessValue ===>> 1491.0
response t=308.211961031, out=0, setpoint=0, response=1491.0
GetPercentOutput ===>> 0.0
GetSetpoint ===>> 0.0
GetProcessValue ===>> 1474.0
response t=310.215393066, out=0, setpoint=0, response=1474.0
GetPercentOutput ===>> 0.0
GetSetpoint ===>> 0.0
GetProcessValue ===>> 1453.0
response t=312.216051102, out=0, setpoint=0, response=1453.0
GetPercentOutput ===>> 0.0
GetSetpoint ===>> 0.0
GetProcessValue ===>> 1430.0
response t=314.218091965, out=0, setpoint=0, response=1430.0
GetPercentOutput ===>> 0.0
GetSetpoint ===>> 0.0
GetProcessValue ===>> 1408.0
response t=316.220077991, out=0, setpoint=0, response=1408.0
GetPercentOutput ===>> 0.0
GetSetpoint ===>> 0.0
GetProcessValue ===>> 1386.0
response t=318.222153187, out=0, setpoint=0, response=1386.0
GetPercentOutput ===>> 0.0
GetSetpoint ===>> 0.0
GetProcessValue ===>> 1365.0
response t=320.221882105, out=0, setpoint=0, response=1365.0
GetPercentOutput ===>> 0.0
GetSetpoint ===>> 0.0
GetProcessValue ===>> 1342.0
response t=322.221884012, out=0, setpoint=0, response=1342.0
GetPercentOutput ===>> 0.0
GetSetpoint ===>> 0.0
GetProcessValue ===>> 1323.0
response t=324.22587204, out=0, setpoint=0, response=1323.0
GetPercentOutput ===>> 0.0
GetSetpoint ===>> 0.0
GetProcessValue ===>> 1304.0
response t=326.226613045, out=0, setpoint=0, response=1304.0
GetPercentOutput ===>> 0.0
GetSetpoint ===>> 0.0
GetProcessValue ===>> 1286.0
response t=328.227524996, out=0, setpoint=0, response=1286.0
GetPercentOutput ===>> 0.0
GetSetpoint ===>> 0.0
GetProcessValue ===>> 1269.0
response t=330.231526136, out=0, setpoint=0, response=1269.0
GetPercentOutput ===>> 0.0
GetSetpoint ===>> 0.0
GetProcessValue ===>> 1252.0
response t=332.235383034, out=0, setpoint=0, response=1252.0
GetPercentOutput ===>> 0.0
GetSetpoint ===>> 0.0
GetProcessValue ===>> 1236.0
response t=334.235352993, out=0, setpoint=0, response=1236.0
GetPercentOutput ===>> 0.0
GetSetpoint ===>> 0.0
GetProcessValue ===>> 1221.0
response t=336.235318184, out=0, setpoint=0, response=1221.0
GetPercentOutput ===>> 0.0
GetSetpoint ===>> 0.0
GetProcessValue ===>> 1206.0
response t=338.235295057, out=0, setpoint=0, response=1206.0
GetPercentOutput ===>> 0.0
GetSetpoint ===>> 0.0
GetProcessValue ===>> 1192.0
response t=340.235251188, out=0, setpoint=0, response=1192.0
GetPercentOutput ===>> 0.0
GetSetpoint ===>> 0.0
GetProcessValue ===>> 1179.0
response t=342.235185146, out=0, setpoint=0, response=1179.0
GetPercentOutput ===>> 0.0
GetSetpoint ===>> 0.0
GetProcessValue ===>> 1165.0
response t=344.237241983, out=0, setpoint=0, response=1165.0
GetPercentOutput ===>> 0.0
GetSetpoint ===>> 0.0
GetProcessValue ===>> 1153.0
response t=346.236795187, out=0, setpoint=0, response=1153.0
GetPercentOutput ===>> 0.0
GetSetpoint ===>> 0.0
GetProcessValue ===>> 1140.0
response t=348.235872984, out=0, setpoint=0, response=1140.0
GetPercentOutput ===>> 0.0
GetSetpoint ===>> 0.0
GetProcessValue ===>> 1129.0
response t=350.235139132, out=0, setpoint=0, response=1129.0
GetPercentOutput ===>> 0.0
GetSetpoint ===>> 0.0
GetProcessValue ===>> 1117.0
response t=352.234680176, out=0, setpoint=0, response=1117.0
GetPercentOutput ===>> 0.0
GetSetpoint ===>> 0.0
GetProcessValue ===>> 1106.0
response t=354.235041142, out=0, setpoint=0, response=1106.0
GetPercentOutput ===>> 0.0
GetSetpoint ===>> 0.0
GetProcessValue ===>> 1095.0
response t=356.235967159, out=0, setpoint=0, response=1095.0
GetPercentOutput ===>> 0.0
GetSetpoint ===>> 0.0
GetProcessValue ===>> 1085.0
response t=358.237946987, out=0, setpoint=0, response=1085.0
GetPercentOutput ===>> 0.0
GetSetpoint ===>> 0.0
GetProcessValue ===>> 1075.0
response t=360.23785305, out=0, setpoint=0, response=1075.0
GetPercentOutput ===>> 0.0
GetSetpoint ===>> 0.0
GetProcessValue ===>> 1065.0
response t=362.238873005, out=0, setpoint=0, response=1065.0
GetPercentOutput ===>> 0.0
GetSetpoint ===>> 0.0
GetProcessValue ===>> 1056.0
response t=364.242125034, out=0, setpoint=0, response=1056.0
Join finished
block finished. duration 60.0890891552
close ('B',) {}
close name=B desc=---
checking ownership. requestor=129.138.12.137
check software interlocks B
interlocks []
actuate state mode=None-script, software_lock=False
doing actuation None-script close_channel True
Close B ===>> OK
GetIndicatorState B ===>> False
change switch state (True, True)
update switch state B False args=() kw={} ncanvase=3
16:15:43 -- CLOSE  VALVE-B (Bone to Diode Laser)
-------------------------- close B () result=[(True, True)]
action=close, ok=True, locked=[False]
close ('E',) {}
close name=E desc=---
checking ownership. requestor=129.138.12.137
check software interlocks E
interlocks []
actuate state mode=None-script, software_lock=False
doing actuation None-script close_channel False
Close E ===>> OK
GetPercentOutput ===>> 0.0
GetSetpoint ===>> 0.0
GetIndicatorState E ===>> False
change switch state (True, True)
update switch state E False args=() kw={} ncanvase=3
GetProcessValue ===>> 1046.0
response t=366.242202044, out=0, setpoint=0, response=1046.0
16:15:43 -- CLOSE  VALVE-E (Bone to Minibone)
-------------------------- close E () result=[(True, True)]
action=close, ok=True, locked=[False]
close ('C',) {}
close name=C desc=---
checking ownership. requestor=129.138.12.137
check software interlocks C
interlocks []
actuate state mode=None-script, software_lock=False
doing actuation None-script close_channel True
Close C ===>> OK
GetIndicatorState C ===>> False
change switch state (True, True)
update switch state C False args=() kw={} ncanvase=3
16:15:44 -- CLOSE  VALVE-C (Bone to Turbo)
-------------------------- close C () result=[(True, True)]
action=close, ok=True, locked=[False]
sleep (2,) {}
SLEEP 2.0
block started
WaitControl setup for 2.0  
GetPercentOutput ===>> 0.0
GetSetpoint ===>> 0.0
GetProcessValue ===>> 1037.0
response t=368.242714167, out=0, setpoint=0, response=1037.0
Join finished
block finished. duration 2.01124310493
open ('J',) {}
open name=J desc=---
checking ownership. requestor=129.138.12.137
check software interlocks J
interlocks []
actuate state mode=None-script, software_lock=False
doing actuation None-script open_channel True
Open J ===>> OK
GetIndicatorState J ===>> OK
change switch state (True, True)
update switch state J True args=() kw={} ncanvase=3
16:15:46 -- OPEN   VALVE-J (Bone to APIS)
-------------------------- open J () result=[(True, True)]
action=open, ok=True, locked=[False]
sleep (30,) {}
SLEEP 30.0
block started
WaitControl setup for 30.0  
GetPercentOutput ===>> 0.0
GetSetpoint ===>> 0.0
GetProcessValue ===>> 1028.0
response t=370.242292166, out=0, setpoint=0, response=1028.0
GetPercentOutput ===>> 0.0
GetSetpoint ===>> 0.0
GetProcessValue ===>> 1020.0
response t=372.243134022, out=0, setpoint=0, response=1020.0
GetPercentOutput ===>> 0.0
GetSetpoint ===>> 0.0
GetProcessValue ===>> 1012.0
response t=374.245691061, out=0, setpoint=0, response=1012.0
GetPercentOutput ===>> 0.0
GetSetpoint ===>> 0.0
GetProcessValue ===>> 1004.0
response t=376.247728109, out=0, setpoint=0, response=1004.0
GetPercentOutput ===>> 0.0
GetSetpoint ===>> 0.0
GetProcessValue ===>> 996.0
response t=378.246968985, out=0, setpoint=0, response=996.0
GetPercentOutput ===>> 0.0
GetSetpoint ===>> 0.0
GetProcessValue ===>> 989.0
response t=380.250553131, out=0, setpoint=0, response=989.0
GetPercentOutput ===>> 0.0
GetSetpoint ===>> 0.0
GetProcessValue ===>> 982.0
response t=382.253857136, out=0, setpoint=0, response=982.0
GetPercentOutput ===>> 0.0
GetSetpoint ===>> 0.0
GetProcessValue ===>> 974.0
response t=384.255938053, out=0, setpoint=0, response=974.0
GetPercentOutput ===>> 0.0
GetSetpoint ===>> 0.0
GetProcessValue ===>> 967.0
response t=386.258820057, out=0, setpoint=0, response=967.0
GetPercentOutput ===>> 0.0
GetSetpoint ===>> 0.0
GetProcessValue ===>> 960.0
response t=388.259999037, out=0, setpoint=0, response=960.0
GetPercentOutput ===>> 0.0
GetSetpoint ===>> 0.0
GetProcessValue ===>> 953.0
response t=390.262041092, out=0, setpoint=0, response=953.0
GetPercentOutput ===>> 0.0
GetSetpoint ===>> 0.0
GetProcessValue ===>> 947.0
response t=392.263935089, out=0, setpoint=0, response=947.0
GetPercentOutput ===>> 0.0
GetSetpoint ===>> 0.0
GetProcessValue ===>> 940.0
response t=394.265998125, out=0, setpoint=0, response=940.0
GetPercentOutput ===>> 0.0
GetSetpoint ===>> 0.0
GetProcessValue ===>> 933.0
response t=396.268035173, out=0, setpoint=0, response=933.0
GetPercentOutput ===>> 0.0
GetSetpoint ===>> 0.0
GetProcessValue ===>> 927.0
response t=398.270078182, out=0, setpoint=0, response=927.0
Join finished
block finished. duration 30.0700941086
close ('J',) {}
close name=J desc=---
checking ownership. requestor=129.138.12.137
check software interlocks J
interlocks []
actuate state mode=None-script, software_lock=False
doing actuation None-script close_channel True
Close J ===>> OK
set states for children of J. state=False
handle state [('J', False)]
update switch state J False args=() kw={'refresh': False} ncanvase=3
GetIndicatorState J ===>> False
change switch state (True, True)
update switch state J False args=() kw={} ncanvase=3
refresh_canvas_needed fired
16:16:17 -- CLOSE  VALVE-J (Bone to APIS)
-------------------------- close J () result=[(True, True)]
action=close, ok=True, locked=[False]
open ('FC',) {}
open name=FC desc=---
checking ownership. requestor=129.138.12.137
check software interlocks FC
interlocks []
actuate state mode=None-script, software_lock=False
doing actuation None-script open_channel True
GetPercentOutput ===>> 0.0
GetSetpoint ===>> 0.0
GetProcessValue ===>> 921.0
response t=400.271085024, out=0, setpoint=0, response=921.0
Open FC ===>> OK
GetIndicatorState FC ===>> OK
change switch state (True, True)
update switch state FC True args=() kw={} ncanvase=3
16:16:18 -- OPEN   VALVE-FC (Furnace Turbo)
-------------------------- open FC () result=[(True, True)]
action=open, ok=True, locked=[False]
sleep (30.0,) {}
SLEEP 30.0
block started
WaitControl setup for 30.0  
GetPercentOutput ===>> 0.0
GetSetpoint ===>> 0.0
GetProcessValue ===>> 915.0
response t=402.274163961, out=0, setpoint=0, response=915.0
GetPercentOutput ===>> 0.0
GetSetpoint ===>> 0.0
GetProcessValue ===>> 909.0
response t=404.276184082, out=0, setpoint=0, response=909.0
GetPercentOutput ===>> 0.0
GetSetpoint ===>> 0.0
GetProcessValue ===>> 903.0
response t=406.278210163, out=0, setpoint=0, response=903.0
GetPercentOutput ===>> 0.0
GetSetpoint ===>> 0.0
GetProcessValue ===>> 898.0
response t=408.277834177, out=0, setpoint=0, response=898.0
GetPercentOutput ===>> 0.0
GetSetpoint ===>> 0.0
GetProcessValue ===>> 892.0
response t=410.280981064, out=0, setpoint=0, response=892.0
GetPercentOutput ===>> 0.0
GetSetpoint ===>> 0.0
GetProcessValue ===>> 887.0
response t=412.284357071, out=0, setpoint=0, response=887.0
GetPercentOutput ===>> 0.0
GetSetpoint ===>> 0.0
GetProcessValue ===>> 881.0
response t=414.286386013, out=0, setpoint=0, response=881.0
GetPercentOutput ===>> 0.0
GetSetpoint ===>> 0.0
GetProcessValue ===>> 876.0
response t=416.289299011, out=0, setpoint=0, response=876.0
GetPercentOutput ===>> 0.0
GetSetpoint ===>> 0.0
GetProcessValue ===>> 871.0
response t=418.290809155, out=0, setpoint=0, response=871.0
GetPercentOutput ===>> 0.0
GetSetpoint ===>> 0.0
GetProcessValue ===>> 866.0
response t=420.291321039, out=0, setpoint=0, response=866.0
GetPercentOutput ===>> 0.0
GetSetpoint ===>> 0.0
GetProcessValue ===>> 861.0
response t=422.294514179, out=0, setpoint=0, response=861.0
GetPercentOutput ===>> 0.0
GetSetpoint ===>> 0.0
GetProcessValue ===>> 856.0
response t=424.296543121, out=0, setpoint=0, response=856.0
GetPercentOutput ===>> 0.0
GetSetpoint ===>> 0.0
GetProcessValue ===>> 851.0
response t=426.298590183, out=0, setpoint=0, response=851.0
GetPercentOutput ===>> 0.0
GetSetpoint ===>> 0.0
GetProcessValue ===>> 846.0
response t=428.297861099, out=0, setpoint=0, response=846.0
GetPercentOutput ===>> 0.0
GetSetpoint ===>> 0.0
GetProcessValue ===>> 842.0
response t=430.296890974, out=0, setpoint=0, response=842.0
Join finished
block finished. duration 30.0756499767
stop_response_recorder () {}
stop response recorder
executed snippet estimated_duration=1267.5, duration=431.64814496
felix_furnace.py completed successfully
get achieved output
Requested Output= 0.000
Achieved Output=  0.000
get response blob
get output blob
active pid =HO,10;XP,10;TI,48;TD,8
persistence save...
persistence save - db
AutomatedRunPersister post_extraction_save deprecated
persistence save - dvc
no extraction position for 8
not connected to db mysql://felixexp@129.138.12.160/labspy
Enviromentals: {'lab_humiditys': [{'device': 'EnvironmentalMonitor',
                    'name': 'Lab Hum.',
                    'pub_date': '2017-08-31T16:15:24',
                    'title': 'iServer Hum.',
                    'value': 40.3}],
 'lab_pneumatics': [{'device': 'AirPressure',
                     'name': 'Pressure',
                     'pub_date': '2017-08-31T16:15:42',
                     'title': None,
                     'value': 118.8},
                    {'device': 'AirPressure2',
                     'name': 'Pressure2',
                     'pub_date': '2017-08-31T16:15:44',
                     'title': None,
                     'value': 122.14306}],
 'lab_temperatures': [{'device': 'EnvironmentalMonitor',
                       'name': 'Lab Temp.',
                       'pub_date': '2017-08-31T13:37:56',
                       'title': 'iServer Temp.',
                       'value': 73.2},
                      {'device': 'Chiller',
                       'name': 'Coolant Temp.',
                       'pub_date': '2017-08-31T16:02:38',
                       'title': None,
                       'value': 18.0}]}
Extraction Finished
16:16:51 -- ******* Extraction Finished *******
no overlap. not waiting for min ms pumptime
16:16:51 -- Sending spectrometer configuration
======== Sending configuration ========
SetZFocus 1.65 ===>> OK
SetHV 9900.0 ===>> OK
SetZSymmetry 3.35 ===>> OK
SetExtractionLens 63.57 ===>> OK
SetIonRepeller -5.15 ===>> OK
SetElectronEnergy 125.02 ===>> OK
SetYSymmetry 38.07 ===>> OK
send trap current 250.0
GetParameter Trap Current Readback ===>> 248.718732832815
SetParameter Trap Current Set,250.0 ===>> OK
updating mftable name argon
Using mftable located at /Users/obama/PychronDev/setupfiles/spectrometer/mftables/argon.csv
============ MFtable ===========
Isotope  H2     H1     AX     L1     L2     L2(CDD)
Ar40     3.7665 3.8417 3.9198 4.0013 4.1090 4.0945
Ar39     3.6921 3.7665 3.8429 3.9258 4.0283 4.0135
Ar36     3.4657 3.4182 3.6074 3.6832 3.7919 3.7664
================================
get initial guess parabolic
get initial guess parabolic
get initial guess parabolic
get initial guess parabolic
get initial guess parabolic
get initial guess parabolic
======== Configuration Finished ========
GetYSymmetry ===>> 38.07
GetZSymmetry ===>> 3.35
GetParameter Trap Current Readback ===>> 247.711774400293
GetHighVoltage ===>> 9900
start measurement
do measurement
L#=65809 analysis type=unknown
Measurement Started felix_analysis400_120_no_save_center.py
16:16:51 -- ******* Measurement Started felix_analysis400_120_no_save_center.py *******
state changed from extraction to measurement
setting trap, emission, spec, defl, and gains
GetExtractionLens ===>> 63.57
GetYSymmetry ===>> 38.07
GetZSymmetry ===>> 3.35
GetZFocus ===>> 1.65
GetDeflection H2 (CDD) ===>> 3250
GetDeflection H1 (CDD) ===>> 3250
GetDeflection AX (CDD) ===>> 3250
GetDeflection L1 (CDD) ===>> 3250
GetDeflection L2 (CDD) ===>> 0
GetGain H2 ===>> 0.9809305
GetGain H1 ===>> 0.9706
GetGain AX ===>> 0.96269
GetGain L1 ===>> 0.970094835296087
GetGain L2 ===>> 0.967359864778375
GetGain H2(CDD) ===>> 0
GetGain H1(CDD) ===>> 0
GetGain AX(CDD) ===>> 0
GetGain L1(CDD) ===>> 0
GetGain L2(CDD) ===>> 0
GetParameter Trap Current Readback ===>> 248.383080021974
GetParameter Source Current Readback ===>> 886.95373252762
pre measurement save
New frame /Users/obama/PychronDev/data/isotopes/a5/cfe04a-938d-4ae6-87a7-541a8c47d1f0.h5
flush and close file /Users/obama/PychronDev/data/isotopes/a5/cfe04a-938d-4ae6-87a7-541a8c47d1f0.h5
testing...
no interpolation path defined
executed snippet estimated_duration=590.4304, duration=0.000248193740845
unknown measurement script
activate_detectors ('H2', 'H1', 'AX', 'L1', 'L2(CDD)') {}
activate detectors
*************** Set Analysis View Ar/Ar
create graphs
clearing graphs
clear isotope group
setting isotope det=H2, iso=Ar40
setting isotope det=H1, iso=Ar39
setting isotope det=AX, iso=Ar38
setting isotope det=L1, iso=Ar37
setting isotope det=L2(CDD), iso=Ar36
setting previous blanks
 - setting Ar40 blank 6.500+/-0.020
 - setting Ar36 blank 0.02346+/-0.00035
 - setting Ar37 blank 0.001+/-0.011
 - setting Ar38 blank 0.001+/-0.014
 - setting Ar39 blank 0.086+/-0.025
load analysis view
position_magnet ('Ar40',) {'detector': 'H2'}
detector Detector(H2)
POSITION Ar40 H2
setting detector H2 to Ar40 (39.9624)
setting detector H1 to Ar39 (38.8624)
setting detector AX to Ar38 (37.9624)
setting detector L1 to Ar37 (36.9624)
setting detector L2 to Ar36 (35.8624)
setting detector H2(CDD) to Ar40 (39.8624)
setting detector H1(CDD) to Ar39 (38.8624)
setting detector AX(CDD) to Ar38 (37.8624)
setting detector L1(CDD) to Ar37 (36.8624)
setting detector L2(CDD) to Ar36 (35.9624)
Mapping mass to dac mass func: "parabolic"
H2 map mass coeffs = [ -2.56720193e-04   9.47812314e-02   3.88814975e-01]
H2 map mass to dac 39.9624 >> 3.76652
GetHighVoltage ===>> 9900
positioning Ar40 (3.76652) on H2
setting magnet DAC
current  : 3.768520
requested: 3.766520
Delta Dac: 0.002000
Checking detector protection. dv=0.00200
SetMagnetDAC 3.76652 ===>> OK
Magnet settling time: 0.500 0.500
Magnet settling complete
set_dac. change=True
equilibrate () {'delay': 3, 'inlet': 'H', 'outlet': 'V', 'eqtime': 30.0}
Equilibration Started
16:16:53 -- ******* Equilibration Started *******
checking ownership. requestor=129.138.12.137
check software interlocks V
interlocks []
actuate state mode=None-script, software_lock=False
doing actuation None-script close_channel True
update labels <pychron.experiment.plot_panel.PlotPanel object at 0x139a138f0>
update labels "<pychron.graph.stacked_regression_graph.StackedRegressionGraph object at 0x12e526f50>"
setting label 0 H2 Ar40
setting label 1 H1 Ar39
setting label 2 AX Ar38
setting label 3 L1 Ar37
setting label 4 L2(CDD) Ar36
update labels "<pychron.graph.stacked_graph.StackedGraph object at 0x12c1f46b0>"
setting label 0 H2 Ar40
setting label 1 H1 Ar39
setting label 2 AX Ar38
setting label 3 L1 Ar37
setting label 4 L2(CDD) Ar36
Close V ===>> OK
GetIndicatorState V ===>> False
change switch state (True, True)
update switch state V False args=() kw={} ncanvase=3
16:16:53 -- CLOSE  VALVE-V (Felix Ion Pump)
waiting 3s before opening inlet value ('H',)
checking ownership. requestor=129.138.12.137
check software interlocks H
interlocks []
actuate state mode=None-script, software_lock=False
doing actuation None-script open_channel True
Open H ===>> OK
set states for children of H. state=True
handle state [('H', True)]
update switch state H True args=() kw={'refresh': False} ncanvase=3
refresh_canvas_needed fired
GetIndicatorState H ===>> OK
change switch state (True, True)
update switch state H True args=() kw={} ncanvase=3
16:16:56 -- OPEN   VALVE-H (Felix Inlet)
set_time_zero () {}
equilibrating for 30.0sec
sniff (30.0,) {}
py_sniff
build tables- sniff [Detector(H2), Detector(H1), Detector(AX), Detector(L1), Detector(L2(CDD))]
add group /sniff/Ar40 (Group) u'' table H2
add group /sniff/Ar39 (Group) u'' table H1
add group /sniff/Ar38 (Group) u'' table AX
add group /sniff/Ar37 (Group) u'' table L1
add group /sniff/Ar36 (Group) u'' table L2(CDD)
flush and close file /Users/obama/PychronDev/data/isotopes/a5/cfe04a-938d-4ae6-87a7-541a8c47d1f0.h5
measuring sniff. ncounts=30.0
"sniff" increment series count="1" fit count="0" regressing="False"
starting measurement
16:17:22 -- collecting point 25
Equilibration Finished
16:17:26 -- ******* Equilibration Finished *******
checking ownership. requestor=129.138.12.137
check software interlocks H
interlocks []
actuate state mode=None-script, software_lock=False
doing actuation None-script close_channel True
Close H ===>> OK
set states for children of H. state=False
handle state [('H', False)]
update switch state H False args=() kw={'refresh': False} ncanvase=3
refresh_canvas_needed fired
GetIndicatorState H ===>> False
change switch state (True, True)
update switch state H False args=() kw={} ncanvase=3
16:17:26 -- CLOSE  VALVE-H (Felix Inlet)
Post Equilibration Started felix_pump_extraction_line.py
16:17:27 -- ******* Post Equilibration Started felix_pump_extraction_line.py *******
testing...
no interpolation path defined
calculate duration
testing...
no interpolation path defined
executed snippet estimated_duration=4.0, duration=0.000296831130981
executed snippet estimated_duration=4.0, duration=0.00210905075073
Pump after analysis
doing GOSUB
testing...
no interpolation path defined
executed snippet estimated_duration=4.0, duration=0.000243902206421
Pump Bone
close () {'description': 'Felix Inlet'}
close name=--- desc=Felix Inlet
checking ownership. requestor=129.138.12.137
check software interlocks H
interlocks []
actuate state mode=None-script, software_lock=False
doing actuation None-script close_channel False
Close H ===>> OK
GetIndicatorState H ===>> False
change switch state (True, True)
update switch state H False args=() kw={} ncanvase=3
16:17:27 -- CLOSE  VALVE-H (Felix Inlet)
-------------------------- close None (Felix Inlet) result=[(True, True)]
action=close, ok=True, locked=[False]
is_closed ('A',) {}
is A () closed?
is closed False
close () {'description': 'CO2 Laser to Bone'}
close name=--- desc=CO2 Laser to Bone
checking ownership. requestor=129.138.12.137
check software interlocks F
interlocks []
actuate state mode=None-script, software_lock=True
VALVE-F(CO2 Laser to Bone) software locked
change switch state (True, False)
-------------------------- close None (CO2 Laser to Bone) result=[(True, False)]
action=close, ok=True, locked=[True]
sleep (1,) {}
SLEEP 1.0
close () {'description': 'CO2 Laser to Roughing'}
close name=--- desc=CO2 Laser to Roughing
checking ownership. requestor=129.138.12.137
check software interlocks G
interlocks []
actuate state mode=None-script, software_lock=True
VALVE-G(CO2 Laser to Roughing) software locked
change switch state (True, False)
-------------------------- close None (CO2 Laser to Roughing) result=[(True, False)]
action=close, ok=True, locked=[True]
open () {'description': 'Bone to Turbo'}
open name=--- desc=Bone to Turbo
checking ownership. requestor=129.138.12.137
check software interlocks C
interlocks []
actuate state mode=None-script, software_lock=False
doing actuation None-script open_channel True
Open C ===>> OK
GetIndicatorState C ===>> OK
change switch state (True, True)
update switch state C True args=() kw={} ncanvase=3
16:17:28 -- OPEN   VALVE-C (Bone to Turbo)
-------------------------- open None (Bone to Turbo) result=[(True, True)]
waiting for write to finish
measurement finished
estimated time: 31.457 actual time: :31.626
flush and close file /Users/obama/PychronDev/data/isotopes/a5/cfe04a-938d-4ae6-87a7-541a8c47d1f0.h5
set_fits () {}
using default fits file=/Users/obama/PychronDev/scripts/measurement/fits/nominal.yaml
set "Ar40" to "('Parabolic', 'SEM')"
set "Ar36" to "('Parabolic', 'SEM')"
set "Ar37" to "('linear', 'SEM')"
set "Ar38" to "('linear', 'SEM')"
set "Ar39" to "('Parabolic', 'SEM')"
set_baseline_fits () {}
using default fits file=/Users/obama/PychronDev/scripts/measurement/fits/nominal.yaml
set "H2" to "('average', 'SEM')"
set "L2(CDD)" to "('average', 'SEM')"
set "L1" to "('average', 'SEM')"
set "AX" to "('average', 'SEM')"
set "H1" to "('average', 'SEM')"
multicollect () {'integration_time': 1.048576, 'ncounts': 400}
build tables- signal [Detector(H2), Detector(H1), Detector(AX), Detector(L1), Detector(L2(CDD))]
add group /signal/Ar40 (Group) u'' table H2
add group /signal/Ar39 (Group) u'' table H1
add group /signal/Ar38 (Group) u'' table AX
action=open, ok=True, locked=[False]
open () {'description': 'Bone to Getter GP-50'}
add group /signal/Ar37 (Group) u'' table L1
open name=--- desc=Bone to Getter GP-50
add group /signal/Ar36 (Group) u'' table L2(CDD)
flush and close file /Users/obama/PychronDev/data/isotopes/a5/cfe04a-938d-4ae6-87a7-541a8c47d1f0.h5
checking ownership. requestor=129.138.12.137
check software interlocks N
interlocks []
actuate state mode=None-script, software_lock=False
doing actuation None-script open_channel False
measuring signal. ncounts=400
Open N ===>> OK
GetIndicatorState N ===>> OK
change switch state (True, True)
update switch state N True args=() kw={} ncanvase=3
16:17:29 -- OPEN   VALVE-N (Bone to Getter GP-50)
-------------------------- open None (Bone to Getter GP-50) result=[(True, True)]
"signal" increment series count="2" fit count="1" regressing="True"
action=open, ok=True, locked=[False]
open () {'description': 'Bone to Diode Laser'}
open name=--- desc=Bone to Diode Laser
checking ownership. requestor=129.138.12.137
check software interlocks B
interlocks []
actuate state mode=None-script, software_lock=False
doing actuation None-script open_channel True
Open B ===>> OK
starting measurement
GetIndicatorState B ===>> OK
change switch state (True, True)
update switch state B True args=() kw={} ncanvase=3
16:17:29 -- OPEN   VALVE-B (Bone to Diode Laser)
-------------------------- open None (Bone to Diode Laser) result=[(True, True)]
action=open, ok=True, locked=[False]
open () {'description': 'Bone to CO2 Laser'}
open name=--- desc=Bone to CO2 Laser
checking ownership. requestor=129.138.12.137
check software interlocks D
interlocks []
actuate state mode=None-script, software_lock=False
doing actuation None-script open_channel False
Open D ===>> OK
GetIndicatorState D ===>> OK
change switch state (True, True)
update switch state D True args=() kw={} ncanvase=3
16:17:29 -- OPEN   VALVE-D (Bone to CO2 Laser)
-------------------------- open None (Bone to CO2 Laser) result=[(True, True)]
action=open, ok=True, locked=[False]
sleep (1,) {}
SLEEP 1.0
set_resource () {'name': 'CO2PumpTimeFlag', 'value': 30}
Set CO2PumpTimeFlag 30 ===>> OK
release ('FelixCO2Flag',) {}
release FelixCO2Flag
Set FelixCO2Flag 0 ===>> OK
executed snippet estimated_duration=6.0, duration=4.2524740696
PumpBone.py completed successfully
gosub finished
get_resource_value () {'name': 'FelixMiniboneFlag'}
Read FelixMiniboneFlag ===>> 0
Get Resource Value FelixMiniboneFlag=0.0
executed snippet estimated_duration=4.0, duration=4.2629570961
felix_pump_extraction_line.py completed successfully
Post Equilibration Finished
16:17:31 -- ******* Post Equilibration Finished *******
GetDeflection L2 (CDD) ===>> 0
testing L2_CDD_==3250
evaluate ot="L2(CDD).deflection==3250" t="L2_CDD_==3250", ctx="{'L2_CDD_': 0.0}"
GetDeflection L2 (CDD) ===>> 0
testing L2_CDD_==3250
evaluate ot="L2(CDD).deflection==3250" t="L2_CDD_==3250", ctx="{'L2_CDD_': 0.0}"
16:17:54 -- collecting point 25
GetDeflection L2 (CDD) ===>> 0
testing L2_CDD_==3250
evaluate ot="L2(CDD).deflection==3250" t="L2_CDD_==3250", ctx="{'L2_CDD_': 0.0}"
GetDeflection L2 (CDD) ===>> 0
testing L2_CDD_==3250
evaluate ot="L2(CDD).deflection==3250" t="L2_CDD_==3250", ctx="{'L2_CDD_': 0.0}"
16:18:20 -- collecting point 50
GetDeflection L2 (CDD) ===>> 0
testing L2_CDD_==3250
evaluate ot="L2(CDD).deflection==3250" t="L2_CDD_==3250", ctx="{'L2_CDD_': 0.0}"
GetDeflection L2 (CDD) ===>> 0
testing L2_CDD_==3250
evaluate ot="L2(CDD).deflection==3250" t="L2_CDD_==3250", ctx="{'L2_CDD_': 0.0}"
GetDeflection L2 (CDD) ===>> 0
testing L2_CDD_==3250
evaluate ot="L2(CDD).deflection==3250" t="L2_CDD_==3250", ctx="{'L2_CDD_': 0.0}"
16:18:47 -- collecting point 75
GetDeflection L2 (CDD) ===>> 0
testing L2_CDD_==3250
evaluate ot="L2(CDD).deflection==3250" t="L2_CDD_==3250", ctx="{'L2_CDD_': 0.0}"
GetDeflection L2 (CDD) ===>> 0
testing L2_CDD_==3250
evaluate ot="L2(CDD).deflection==3250" t="L2_CDD_==3250", ctx="{'L2_CDD_': 0.0}"
16:19:13 -- collecting point 100
GetDeflection L2 (CDD) ===>> 0
testing L2_CDD_==3250
evaluate ot="L2(CDD).deflection==3250" t="L2_CDD_==3250", ctx="{'L2_CDD_': 0.0}"
GetDeflection L2 (CDD) ===>> 0
testing L2_CDD_==3250
evaluate ot="L2(CDD).deflection==3250" t="L2_CDD_==3250", ctx="{'L2_CDD_': 0.0}"
GetDeflection L2 (CDD) ===>> 0
testing L2_CDD_==3250
evaluate ot="L2(CDD).deflection==3250" t="L2_CDD_==3250", ctx="{'L2_CDD_': 0.0}"
16:19:39 -- collecting point 125
GetDeflection L2 (CDD) ===>> 0
testing L2_CDD_==3250
evaluate ot="L2(CDD).deflection==3250" t="L2_CDD_==3250", ctx="{'L2_CDD_': 0.0}"
GetDeflection L2 (CDD) ===>> 0
testing L2_CDD_==3250
evaluate ot="L2(CDD).deflection==3250" t="L2_CDD_==3250", ctx="{'L2_CDD_': 0.0}"
16:20:06 -- collecting point 150
GetDeflection L2 (CDD) ===>> 0
testing L2_CDD_==3250
evaluate ot="L2(CDD).deflection==3250" t="L2_CDD_==3250", ctx="{'L2_CDD_': 0.0}"
GetDeflection L2 (CDD) ===>> 0
testing L2_CDD_==3250
evaluate ot="L2(CDD).deflection==3250" t="L2_CDD_==3250", ctx="{'L2_CDD_': 0.0}"
GetDeflection L2 (CDD) ===>> 0
testing L2_CDD_==3250
evaluate ot="L2(CDD).deflection==3250" t="L2_CDD_==3250", ctx="{'L2_CDD_': 0.0}"
16:20:32 -- collecting point 175
GetDeflection L2 (CDD) ===>> 0
testing L2_CDD_==3250
evaluate ot="L2(CDD).deflection==3250" t="L2_CDD_==3250", ctx="{'L2_CDD_': 0.0}"
GetDeflection L2 (CDD) ===>> 0
testing L2_CDD_==3250
evaluate ot="L2(CDD).deflection==3250" t="L2_CDD_==3250", ctx="{'L2_CDD_': 0.0}"
16:20:58 -- collecting point 200
GetDeflection L2 (CDD) ===>> 0
testing L2_CDD_==3250
evaluate ot="L2(CDD).deflection==3250" t="L2_CDD_==3250", ctx="{'L2_CDD_': 0.0}"
GetDeflection L2 (CDD) ===>> 0
testing L2_CDD_==3250
evaluate ot="L2(CDD).deflection==3250" t="L2_CDD_==3250", ctx="{'L2_CDD_': 0.0}"
GetDeflection L2 (CDD) ===>> 0
testing L2_CDD_==3250
evaluate ot="L2(CDD).deflection==3250" t="L2_CDD_==3250", ctx="{'L2_CDD_': 0.0}"
16:21:24 -- collecting point 225
GetDeflection L2 (CDD) ===>> 0
testing L2_CDD_==3250
evaluate ot="L2(CDD).deflection==3250" t="L2_CDD_==3250", ctx="{'L2_CDD_': 0.0}"
GetDeflection L2 (CDD) ===>> 0
testing L2_CDD_==3250
evaluate ot="L2(CDD).deflection==3250" t="L2_CDD_==3250", ctx="{'L2_CDD_': 0.0}"
16:21:51 -- collecting point 250
GetDeflection L2 (CDD) ===>> 0
testing L2_CDD_==3250
evaluate ot="L2(CDD).deflection==3250" t="L2_CDD_==3250", ctx="{'L2_CDD_': 0.0}"
GetDeflection L2 (CDD) ===>> 0
testing L2_CDD_==3250
evaluate ot="L2(CDD).deflection==3250" t="L2_CDD_==3250", ctx="{'L2_CDD_': 0.0}"
GetDeflection L2 (CDD) ===>> 0
testing L2_CDD_==3250
evaluate ot="L2(CDD).deflection==3250" t="L2_CDD_==3250", ctx="{'L2_CDD_': 0.0}"
16:22:17 -- collecting point 275
GetDeflection L2 (CDD) ===>> 0
testing L2_CDD_==3250
evaluate ot="L2(CDD).deflection==3250" t="L2_CDD_==3250", ctx="{'L2_CDD_': 0.0}"
GetDeflection L2 (CDD) ===>> 0
testing L2_CDD_==3250
evaluate ot="L2(CDD).deflection==3250" t="L2_CDD_==3250", ctx="{'L2_CDD_': 0.0}"
16:22:43 -- collecting point 300
GetDeflection L2 (CDD) ===>> 0
testing L2_CDD_==3250
evaluate ot="L2(CDD).deflection==3250" t="L2_CDD_==3250", ctx="{'L2_CDD_': 0.0}"
GetDeflection L2 (CDD) ===>> 0
testing L2_CDD_==3250
evaluate ot="L2(CDD).deflection==3250" t="L2_CDD_==3250", ctx="{'L2_CDD_': 0.0}"
set states for children of O. state=True
handle state [('O', True)]
update switch state O True args=() kw={'refresh': False} ncanvase=3
refresh_canvas_needed fired
GetDeflection L2 (CDD) ===>> 0
testing L2_CDD_==3250
evaluate ot="L2(CDD).deflection==3250" t="L2_CDD_==3250", ctx="{'L2_CDD_': 0.0}"
16:23:09 -- collecting point 325
GetDeflection L2 (CDD) ===>> 0
testing L2_CDD_==3250
evaluate ot="L2(CDD).deflection==3250" t="L2_CDD_==3250", ctx="{'L2_CDD_': 0.0}"
GetDeflection L2 (CDD) ===>> 0
testing L2_CDD_==3250
evaluate ot="L2(CDD).deflection==3250" t="L2_CDD_==3250", ctx="{'L2_CDD_': 0.0}"
16:23:36 -- collecting point 350
GetDeflection L2 (CDD) ===>> 0
testing L2_CDD_==3250
evaluate ot="L2(CDD).deflection==3250" t="L2_CDD_==3250", ctx="{'L2_CDD_': 0.0}"
GetDeflection L2 (CDD) ===>> 0
testing L2_CDD_==3250
evaluate ot="L2(CDD).deflection==3250" t="L2_CDD_==3250", ctx="{'L2_CDD_': 0.0}"
GetDeflection L2 (CDD) ===>> 0
testing L2_CDD_==3250
evaluate ot="L2(CDD).deflection==3250" t="L2_CDD_==3250", ctx="{'L2_CDD_': 0.0}"
16:24:02 -- collecting point 375
GetDeflection L2 (CDD) ===>> 0
testing L2_CDD_==3250
evaluate ot="L2(CDD).deflection==3250" t="L2_CDD_==3250", ctx="{'L2_CDD_': 0.0}"
set states for children of U. state=False
handle state [('U', False)]
update switch state U False args=() kw={'refresh': False} ncanvase=3
refresh_canvas_needed fired
GetDeflection L2 (CDD) ===>> 0
testing L2_CDD_==3250
evaluate ot="L2(CDD).deflection==3250" t="L2_CDD_==3250", ctx="{'L2_CDD_': 0.0}"
16:24:28 -- collecting point 400
waiting for write to finish
measurement finished
estimated time: 419.430 actual time: :420.509
flush and close file /Users/obama/PychronDev/data/isotopes/a5/cfe04a-938d-4ae6-87a7-541a8c47d1f0.h5
baselines () {'settling_time': 15.0, 'detector': 'H2', 'mass': 39.862, 'ncounts': 120}
%%%%%%%%%%%%%%%%%%%%%%%%%%%%%%%% Baseline
build tables- baseline [Detector(H2), Detector(H1), Detector(AX), Detector(L1), Detector(L2(CDD))]
add group baseline table H2
add group baseline table H1
add group baseline table AX
add group baseline table L1
add group baseline table L2(CDD)
flush and close file /Users/obama/PychronDev/data/isotopes/a5/cfe04a-938d-4ae6-87a7-541a8c47d1f0.h5
detector Detector(H2)
POSITION 39.862 H2
Mapping mass to dac mass func: "parabolic"
H2 map mass coeffs = [ -2.56720193e-04   9.47812314e-02   3.88814975e-01]
H2 map mass to dac 39.862 >> 3.75906141492
GetHighVoltage ===>> 9900
positioning 39.862 (3.75906141492) on H2
setting magnet DAC
current  : 3.766520
requested: 3.759061
Delta Dac: 0.007459
Checking detector protection. dv=0.00746
SetMagnetDAC 3.75906141492 ===>> OK
Magnet settling time: 0.500 0.500
Magnet settling complete
set_dac. change=True
Delaying 15.0s for detectors to settle
Join finished
measuring baseline. ncounts=120
"baseline" increment series count="2" fit count="1" regressing="True"
starting measurement
GetDeflection L2 (CDD) ===>> 0
testing L2_CDD_==3250
evaluate ot="L2(CDD).deflection==3250" t="L2_CDD_==3250", ctx="{'L2_CDD_': 0.0}"
GetDeflection L2 (CDD) ===>> 0
testing L2_CDD_==3250
evaluate ot="L2(CDD).deflection==3250" t="L2_CDD_==3250", ctx="{'L2_CDD_': 0.0}"
16:25:11 -- collecting point 25
GetDeflection L2 (CDD) ===>> 0
testing L2_CDD_==3250
evaluate ot="L2(CDD).deflection==3250" t="L2_CDD_==3250", ctx="{'L2_CDD_': 0.0}"
set states for children of O. state=False
set states for children of S. state=False
handle state [('O', False), ('S', False)]
update switch state O False args=() kw={'refresh': True} ncanvase=3
update switch state S False args=() kw={'refresh': False} ncanvase=3
refresh_canvas_needed fired
set states for children of R. state=True
handle state [('R', True)]
update switch state R True args=() kw={'refresh': False} ncanvase=3
refresh_canvas_needed fired
GetDeflection L2 (CDD) ===>> 0
testing L2_CDD_==3250
evaluate ot="L2(CDD).deflection==3250" t="L2_CDD_==3250", ctx="{'L2_CDD_': 0.0}"
set states for children of R. state=False
handle state [('R', False)]
update switch state R False args=() kw={'refresh': False} ncanvase=3
refresh_canvas_needed fired
16:25:37 -- collecting point 50
set states for children of S. state=True
set states for children of R. state=True
handle state [('S', True), ('R', True)]
update switch state S True args=() kw={'refresh': True} ncanvase=3
update switch state R True args=() kw={'refresh': False} ncanvase=3
refresh_canvas_needed fired
GetDeflection L2 (CDD) ===>> 0
testing L2_CDD_==3250
evaluate ot="L2(CDD).deflection==3250" t="L2_CDD_==3250", ctx="{'L2_CDD_': 0.0}"
set states for children of R. state=False
handle state [('R', False)]
update switch state R False args=() kw={'refresh': False} ncanvase=3
refresh_canvas_needed fired
GetDeflection L2 (CDD) ===>> 0
testing L2_CDD_==3250
evaluate ot="L2(CDD).deflection==3250" t="L2_CDD_==3250", ctx="{'L2_CDD_': 0.0}"
set states for children of U. state=True
handle state [('U', True)]
update switch state U True args=() kw={'refresh': False} ncanvase=3
refresh_canvas_needed fired
GetDeflection L2 (CDD) ===>> 0
testing L2_CDD_==3250
evaluate ot="L2(CDD).deflection==3250" t="L2_CDD_==3250", ctx="{'L2_CDD_': 0.0}"
16:26:03 -- collecting point 75
GetDeflection L2 (CDD) ===>> 0
testing L2_CDD_==3250
evaluate ot="L2(CDD).deflection==3250" t="L2_CDD_==3250", ctx="{'L2_CDD_': 0.0}"
GetDeflection L2 (CDD) ===>> 0
testing L2_CDD_==3250
evaluate ot="L2(CDD).deflection==3250" t="L2_CDD_==3250", ctx="{'L2_CDD_': 0.0}"
16:26:30 -- collecting point 100
GetDeflection L2 (CDD) ===>> 0
testing L2_CDD_==3250
evaluate ot="L2(CDD).deflection==3250" t="L2_CDD_==3250", ctx="{'L2_CDD_': 0.0}"
GetDeflection L2 (CDD) ===>> 0
testing L2_CDD_==3250
evaluate ot="L2(CDD).deflection==3250" t="L2_CDD_==3250", ctx="{'L2_CDD_': 0.0}"
waiting for write to finish
measurement finished
estimated time: 125.829 actual time: :126.219
flush and close file /Users/obama/PychronDev/data/isotopes/a5/cfe04a-938d-4ae6-87a7-541a8c47d1f0.h5
activate_detectors ('H1', 'L2(CDD)') {'peak_center': True}
peak_center () {'detector': 'H2', 'save': False, 'integration_time': 1.048576, 'isotope': 'Ar40'}
peak center: mean=32.3333367605 threshold=1.0
peak center started
setup peak center. detector=['H2', 'H1', 'L2(CDD)'], isotope=Ar40
VersionedUnpickler [<apptools.sweet_pickle.versioned_unpickler.VersionedUnpickler object at 0x14cce8290>] using Updater [<apptools.sweet_pickle.updater.Updater object at 0x11fa4ea70>]
VersionedUnpickler [<apptools.sweet_pickle.versioned_unpickler.VersionedUnpickler object at 0x14cce8290>] using Updater [<apptools.sweet_pickle.updater.Updater object at 0x11fa4ea70>]
VersionedUnpickler [<apptools.sweet_pickle.versioned_unpickler.VersionedUnpickler object at 0x14ce22650>] using Updater [<apptools.sweet_pickle.updater.Updater object at 0x11fa4ea70>]
setting integration time = 0.524288
SetIntegrationTime 0.524288 ===>> OK
Mapping mass to dac mass func: "parabolic"
H2 map mass coeffs = [ -2.56720193e-04   9.47812314e-02   3.88814975e-01]
H2 map mass to dac 39.9624 >> 3.76652
GetHighVoltage ===>> 9900
do peak center. <pychron.spectrometer.jobs.peak_center.PeakCenter object at 0x11fa4e890>
doing pc
starting peak center. center dac= 3.76652 step_width=0.0001
width = 0.0001
get scan parameters. half-width=0.002,window=0.002, i=0, scalar=1
Scan parameters center=3.76652 width=0.00400 (3.76452 - 3.76852)
Moving to starting dac 3.76452
setting magnet DAC
current  : 3.759061
requested: 3.764520
Delta Dac: 0.005459
Checking detector protection. dv=0.00546
SetMagnetDAC 3.76452 ===>> OK
Magnet settling time: 0.500 0.500
Magnet settling complete
set_dac. change=True
Wait until signal near baseline. tol= 0.119633893839. timeout= 10
Peak center baseline intensity achieved
_do_sweep sm= 3.76452, em= 3.76852, stm= 0.0001
calculated step values: start=3.76452, end=3.76852, width=0.0001, nsteps=41.0
setting magnet DAC
current  : 3.764520
requested: 3.764520
Delta Dac: 0.000000
Checking detector protection. dv=0.00000
set_dac. change=False
setting magnet DAC
current  : 3.764520
requested: 3.764623
Delta Dac: 0.000103
Checking detector protection. dv=0.00010
Magnet settling time: 1.049 0.500
Magnet settling complete
set_dac. change=True
setting magnet DAC
current  : 3.764623
requested: 3.764725
Delta Dac: 0.000103
Checking detector protection. dv=0.00010
Magnet settling time: 1.049 0.500
Magnet settling complete
set_dac. change=True
setting magnet DAC
current  : 3.764725
requested: 3.764828
Delta Dac: 0.000103
Checking detector protection. dv=0.00010
Magnet settling time: 1.049 0.500
Magnet settling complete
set_dac. change=True
setting magnet DAC
current  : 3.764828
requested: 3.764930
Delta Dac: 0.000103
Checking detector protection. dv=0.00010
Magnet settling time: 1.049 0.500
Magnet settling complete
set_dac. change=True
setting magnet DAC
current  : 3.764930
requested: 3.765033
Delta Dac: 0.000103
Checking detector protection. dv=0.00010
Magnet settling time: 1.049 0.500
Magnet settling complete
set_dac. change=True
setting magnet DAC
current  : 3.765033
requested: 3.765135
Delta Dac: 0.000103
Checking detector protection. dv=0.00010
Magnet settling time: 1.049 0.500
Magnet settling complete
set_dac. change=True
setting magnet DAC
current  : 3.765135
requested: 3.765238
Delta Dac: 0.000103
Checking detector protection. dv=0.00010
Magnet settling time: 1.049 0.500
Magnet settling complete
set_dac. change=True
setting magnet DAC
current  : 3.765238
requested: 3.765341
Delta Dac: 0.000103
Checking detector protection. dv=0.00010
Magnet settling time: 1.049 0.500
Magnet settling complete
set_dac. change=True
setting magnet DAC
current  : 3.765341
requested: 3.765443
Delta Dac: 0.000103
Checking detector protection. dv=0.00010
Magnet settling time: 1.049 0.500
Magnet settling complete
set_dac. change=True
setting magnet DAC
current  : 3.765443
requested: 3.765546
Delta Dac: 0.000103
Checking detector protection. dv=0.00010
Magnet settling time: 1.049 0.500
Magnet settling complete
set_dac. change=True
setting magnet DAC
current  : 3.765546
requested: 3.765648
Delta Dac: 0.000103
Checking detector protection. dv=0.00010
Magnet settling time: 1.049 0.500
Magnet settling complete
set_dac. change=True
setting magnet DAC
current  : 3.765648
requested: 3.765751
Delta Dac: 0.000103
Checking detector protection. dv=0.00010
Magnet settling time: 1.049 0.500
Magnet settling complete
set_dac. change=True
setting magnet DAC
current  : 3.765751
requested: 3.765853
Delta Dac: 0.000103
Checking detector protection. dv=0.00010
Magnet settling time: 1.049 0.500
Magnet settling complete
set_dac. change=True
setting magnet DAC
current  : 3.765853
requested: 3.765956
Delta Dac: 0.000103
Checking detector protection. dv=0.00010
Magnet settling time: 1.049 0.500
Magnet settling complete
set_dac. change=True
setting magnet DAC
current  : 3.765956
requested: 3.766058
Delta Dac: 0.000103
Checking detector protection. dv=0.00010
Magnet settling time: 1.049 0.500
Magnet settling complete
set_dac. change=True
setting magnet DAC
current  : 3.766058
requested: 3.766161
Delta Dac: 0.000103
Checking detector protection. dv=0.00010
Magnet settling time: 1.049 0.500
Magnet settling complete
set_dac. change=True
setting magnet DAC
current  : 3.766161
requested: 3.766264
Delta Dac: 0.000103
Checking detector protection. dv=0.00010
Magnet settling time: 1.049 0.500
Magnet settling complete
set_dac. change=True
setting magnet DAC
current  : 3.766264
requested: 3.766366
Delta Dac: 0.000103
Checking detector protection. dv=0.00010
Magnet settling time: 1.049 0.500
Magnet settling complete
set_dac. change=True
setting magnet DAC
current  : 3.766366
requested: 3.766469
Delta Dac: 0.000103
Checking detector protection. dv=0.00010
Magnet settling time: 1.049 0.500
Magnet settling complete
set_dac. change=True
setting magnet DAC
current  : 3.766469
requested: 3.766571
Delta Dac: 0.000103
Checking detector protection. dv=0.00010
Magnet settling time: 1.049 0.500
Magnet settling complete
set_dac. change=True
setting magnet DAC
current  : 3.766571
requested: 3.766674
Delta Dac: 0.000103
Checking detector protection. dv=0.00010
Magnet settling time: 1.049 0.500
Magnet settling complete
set_dac. change=True
setting magnet DAC
current  : 3.766674
requested: 3.766776
Delta Dac: 0.000103
Checking detector protection. dv=0.00010
Magnet settling time: 1.049 0.500
Magnet settling complete
set_dac. change=True
setting magnet DAC
current  : 3.766776
requested: 3.766879
Delta Dac: 0.000103
Checking detector protection. dv=0.00010
Magnet settling time: 1.049 0.500
Magnet settling complete
set_dac. change=True
setting magnet DAC
current  : 3.766879
requested: 3.766982
Delta Dac: 0.000103
Checking detector protection. dv=0.00010
Magnet settling time: 1.049 0.500
Magnet settling complete
set_dac. change=True
setting magnet DAC
current  : 3.766982
requested: 3.767084
Delta Dac: 0.000103
Checking detector protection. dv=0.00010
Magnet settling time: 1.049 0.500
Magnet settling complete
set_dac. change=True
setting magnet DAC
current  : 3.767084
requested: 3.767187
Delta Dac: 0.000103
Checking detector protection. dv=0.00010
Magnet settling time: 1.049 0.500
Magnet settling complete
set_dac. change=True
setting magnet DAC
current  : 3.767187
requested: 3.767289
Delta Dac: 0.000103
Checking detector protection. dv=0.00010
Magnet settling time: 1.049 0.500
Magnet settling complete
set_dac. change=True
setting magnet DAC
current  : 3.767289
requested: 3.767392
Delta Dac: 0.000103
Checking detector protection. dv=0.00010
Magnet settling time: 1.049 0.500
Magnet settling complete
set_dac. change=True
setting magnet DAC
current  : 3.767392
requested: 3.767494
Delta Dac: 0.000103
Checking detector protection. dv=0.00010
Magnet settling time: 1.049 0.500
Magnet settling complete
set_dac. change=True
setting magnet DAC
current  : 3.767494
requested: 3.767597
Delta Dac: 0.000103
Checking detector protection. dv=0.00010
Magnet settling time: 1.049 0.500
Magnet settling complete
set_dac. change=True
setting magnet DAC
current  : 3.767597
requested: 3.767699
Delta Dac: 0.000103
Checking detector protection. dv=0.00010
Magnet settling time: 1.049 0.500
Magnet settling complete
set_dac. change=True
setting magnet DAC
current  : 3.767699
requested: 3.767802
Delta Dac: 0.000103
Checking detector protection. dv=0.00010
Magnet settling time: 1.049 0.500
Magnet settling complete
set_dac. change=True
setting magnet DAC
current  : 3.767802
requested: 3.767905
Delta Dac: 0.000103
Checking detector protection. dv=0.00010
Magnet settling time: 1.049 0.500
Magnet settling complete
set_dac. change=True
setting magnet DAC
current  : 3.767905
requested: 3.768007
Delta Dac: 0.000103
Checking detector protection. dv=0.00010
Magnet settling time: 1.049 0.500
Magnet settling complete
set_dac. change=True
setting magnet DAC
current  : 3.768007
requested: 3.768110
Delta Dac: 0.000103
Checking detector protection. dv=0.00010
Magnet settling time: 1.049 0.500
Magnet settling complete
set_dac. change=True
setting magnet DAC
current  : 3.768110
requested: 3.768212
Delta Dac: 0.000103
Checking detector protection. dv=0.00010
Magnet settling time: 1.049 0.500
Magnet settling complete
set_dac. change=True
setting magnet DAC
current  : 3.768212
requested: 3.768315
Delta Dac: 0.000103
Checking detector protection. dv=0.00010
Magnet settling time: 1.049 0.500
Magnet settling complete
set_dac. change=True
setting magnet DAC
current  : 3.768315
requested: 3.768417
Delta Dac: 0.000103
Checking detector protection. dv=0.00010
Magnet settling time: 1.049 0.500
Magnet settling complete
set_dac. change=True
setting magnet DAC
current  : 3.768417
requested: 3.768520
Delta Dac: 0.000103
Checking detector protection. dv=0.00010
Magnet settling time: 1.049 0.500
Magnet settling complete
set_dac. change=True
result of _do_sweep=True
result of _calculate_peak_center=([3.7653576753507014, 3.7664999599198397, 3.7676422444889779], [24.106583078672244, 32.570469402701065, 24.04365660155311], 3.7664678957915831, 32.570469402701065)
Failed to find a valid peak. No peak greater than 1.0. max = 0.0696286160737
new center pos Detector(H2) (Ar40) @ 3.76649995992
GetHighVoltage ===>> 9900
dac uncorrected for HV and deflection 3.76649995992
setting integration time = 1.048576
SetIntegrationTime 1.048576 ===>> OK
Failed to find a valid peak. No peak greater than 1.0. max = 0.0696286160737
flush and close file /Users/obama/PychronDev/data/isotopes/a5/cfe04a-938d-4ae6-87a7-541a8c47d1f0.h5
sweep finished
finished measure script
executed snippet estimated_duration=590.4304, duration=644.508458853
felix_analysis400_120_no_save_center.py completed successfully
Measurement Finished
16:27:36 -- ******* Measurement Finished *******
Post Measurement Started felix_pump_ms.py
16:27:36 -- ******* Post Measurement Started felix_pump_ms.py *******
testing...
no interpolation path defined
executed snippet estimated_duration=0, duration=4.29153442383e-05
Pumping spectrometer
open () {'name': 'V'}
open name=V desc=---
checking ownership. requestor=129.138.12.137
check software interlocks V
interlocks []
actuate state mode=None-script, software_lock=False
doing actuation None-script open_channel True
Open V ===>> OK
GetIndicatorState V ===>> OK
change switch state (True, True)
update switch state V True args=() kw={} ncanvase=3
16:27:36 -- OPEN   VALVE-V (Felix Ion Pump)
-------------------------- open V () result=[(True, True)]
action=open, ok=True, locked=[False]
executed snippet estimated_duration=0, duration=0.353065013885
felix_pump_ms.py completed successfully
setting _ms_pumptime
Post Measurement Finished
16:27:36 -- ******* Post Measurement Finished *******
$$$$$$$$$$$$$$$$$$$$ state at run end measurement
state changed from measurement to success
post measurement save measured=True aborted=False
Set filtering
setting fod for Ar40= {'filter_outliers': True, 'std_devs': 2, 'iterations': 2}
setting fod for H2= {'filter_outliers': True, 'std_devs': 2, 'iterations': 1}
setting fod for Ar36= {'filter_outliers': True, 'std_devs': 2, 'iterations': 2}
setting fod for L2(CDD)= {'filter_outliers': True, 'std_devs': 2, 'iterations': 1}
setting fod for Ar37= {'filter_outliers': True, 'std_devs': 2, 'iterations': 2}
setting fod for L1= {'filter_outliers': True, 'std_devs': 2, 'iterations': 1}
setting fod for Ar38= {'filter_outliers': True, 'std_devs': 2, 'iterations': 2}
setting fod for AX= {'filter_outliers': True, 'std_devs': 2, 'iterations': 1}
setting fod for Ar39= {'filter_outliers': True, 'std_devs': 2, 'iterations': 2}
setting fod for H1= {'filter_outliers': True, 'std_devs': 2, 'iterations': 1}
not connected to db mysql://felixexp@129.138.12.160/labspy
Enviromentals: {'lab_humiditys': [{'device': 'EnvironmentalMonitor',
                    'name': 'Lab Hum.',
                    'pub_date': '2017-08-31T16:25:31',
                    'title': 'iServer Hum.',
                    'value': 40.0}],
 'lab_pneumatics': [{'device': 'AirPressure',
                     'name': 'Pressure',
                     'pub_date': '2017-08-31T16:25:44',
                     'title': None,
                     'value': 105.975},
                    {'device': 'AirPressure2',
                     'name': 'Pressure2',
                     'pub_date': '2017-08-31T16:25:46',
                     'title': None,
                     'value': 108.09604}],
 'lab_temperatures': [{'device': 'EnvironmentalMonitor',
                       'name': 'Lab Temp.',
                       'pub_date': '2017-08-31T13:37:56',
                       'title': 'iServer Temp.',
                       'value': 73.2},
                      {'device': 'Chiller',
                       'name': 'Coolant Temp.',
                       'pub_date': '2017-08-31T16:02:38',
                       'title': None,
                       'value': 18.0}]}
persistence save...
persistence save - db
post measurement save
5737999536 connecting to database sqlite://@/
connected to db sqlite://@/
create new session 5737999536
close session 5737999536
No database instance. Not saving post measurement to isotopedb database
$$$$$$$$$$$$$$$ auto_save_detector_ic=False
massspec enabled True
create new session 4823356432
MassSpec Database Version: 16.0
close session 4823356432
saving post measurement to secondary database
saving to massspec database 129.138.12.160/massspecdata
setting labnumber to 65809
setting aliquot to 1
setting step to Z
setting uuid to a5cfe04a-938d-4ae6-87a7-541a8c47d1f0
setting irradpos to 65809
setting extract_device to NMGRL Furnace
setting tray to 
setting position to 8
setting power_requested to 1500.0
setting extract_value to 1500.0
setting duration to 300.0
setting duration_at_request to 300.0
setting first_stage_delay to 300.0
setting cleanup to 30.0
setting comment to D:9&D11 muscovite 4.27 mg
setting irradiation to NM-291
setting level to D
setting irradiation_level to D
setting sample to 971
setting material to Muscovite
setting project to IR1013
setting mass_spectrometer to Felix
no attribute chron_dosages
no attribute production_ratios
no attribute interference_corrections
no attribute production_name
no attribute j
Reference Isotope=Ar40
Reference Detector=H2
%%%%%%%%%%%%%%%%%%%% Comment: D:9&D11 muscovite 4.27 mg %%%%%%%%%%%%%%%%%%%
adding isotope Ar40 H2
add baseline dbdet= Ar40. original det= H2
get baseline data Ar40 H2
Get data baseline <pychron.processing.isotope.Baseline object at 0x1592bd450> len t=120
baseline Ar40. v=0.0229779552235, e=0.0084673393831
get signal data Ar40 H2
Get data signal Ar40 32.444+/-0.023 len t=400
adding isotope Ar39 H1
add baseline dbdet= Ar39. original det= H1
get baseline data Ar39 H1
Get data baseline <pychron.processing.isotope.Baseline object at 0x1592bd550> len t=120
baseline Ar39. v=-0.0563602913162, e=0.0110048779643
get signal data Ar39 H1
Get data signal Ar39 1.622+/-0.024 len t=400
adding isotope Ar38 AX
add baseline dbdet= Ar38. original det= AX
get baseline data Ar38 AX
Get data baseline <pychron.processing.isotope.Baseline object at 0x1592bda90> len t=120
baseline Ar38. v=-0.103594833893, e=0.0118373124535
get signal data Ar38 AX
Get data signal Ar38 0.018+/-0.013 len t=400
adding isotope Ar37 L1
add baseline dbdet= Ar37. original det= L1
get baseline data Ar37 L1
Get data baseline <pychron.processing.isotope.Baseline object at 0x158aae8d0> len t=120
baseline Ar37. v=-0.618691329036, e=0.0100348893161
get signal data Ar37 L1
Get data signal Ar37 0.016+/-0.011 len t=400
adding isotope Ar36 L2(CDD)
add baseline dbdet= Ar36. original det= L2(CDD)
get baseline data Ar36 L2(CDD)
Get data baseline <pychron.processing.isotope.Baseline object at 0x158aaefd0> len t=120
baseline Ar36. v=0.0, e=0.0
get signal data Ar36 L2(CDD)
Get data signal Ar36 0.0631+/-0.0005 len t=400
65809-01Z added analysis time 0.557435035706s
analysis added to mass spec database
mass spec save time= 0.568
persistence save - dvc
================= post measurement started
create new session 4711712432
close session 4711712432
---------------- Experiment Queue saving disabled
DVC saving peakcenter
Failed to find a valid peak. No peak greater than 1.0. max = 0.0696286160737
Smart pull ahead: 0 behind: 0
Up-to-date with origin
add to repo msg=modified - 44c6f8761147de90179e8a3952e48831c78a9a46.json
add to repo msg=modified - 09-01Z.json
add to repo msg=modified - 09-01Z.dat.json
add to repo msg=modified - 09-01Z.blan.json
add to repo msg=modified - 09-01Z.inte.json
add to repo msg=modified - 09-01Z.icfa.json
add to repo msg=modified - 09-01Z.base.json
not at valid file /Users/obama/PychronDev/data/.dvc/repositories/IR1013/658/tags/09-01Z.tags.json
add to repo msg=modified - 09-01Z.peak.json
add to repo msg=modified - 09-01Z.extr.json
not at valid file /Users/obama/PychronDev/data/.dvc/repositories/IR1013/658/monitor/09-01Z.moni.json
commit message=<COLLECTION>
add to repo msg=modified - 09-01Z.inte.json
add to repo msg=modified - 09-01Z.base.json
commit message=<ISOEVO> default collection fits
add to repo msg=modified - 09-01Z.blan.json
commit message=<BLANKS> preceding bu-NF-F-199
add to repo msg=modified - 09-01Z.icfa.json
commit message=<ICFactor> default
push repository <pychron.git_archive.repo_manager.GitRepoManager object at 0x14c936b30>
pushing to remote=origin, url=https://github.com
no changes to meta repo
create new session 4711712432
add association IR1013
get identifier "65809"
setting analysis irradiation position=<pychron.dvc.dvc_orm.IrradiationPositionTbl object at 0x157d2bbd0>
close session 4711712432
================= post measurement finished
16:27:51 -- ******* Post Run Check *******
loading queue conditionals post_run_actions
queue conditionals path /Users/obama/PychronDev/queue_conditionals/normal.yaml
loading conditionals from /Users/obama/PychronDev/queue_conditionals/normal.yaml
loading system conditionals post_run_actions
loading conditionals from /Users/obama/PychronDev/setupfiles/spectrometer/default_conditionals.yaml
loading queue conditionals post_run_terminations
queue conditionals path /Users/obama/PychronDev/queue_conditionals/normal.yaml
loading conditionals from /Users/obama/PychronDev/queue_conditionals/normal.yaml
loading system conditionals post_run_terminations
loading conditionals from /Users/obama/PychronDev/setupfiles/spectrometer/default_conditionals.yaml
Checking default post run terminations n=1
GetDeflection L2 (CDD) ===>> 0
testing L2_CDD_==3250
evaluate ot="L2(CDD).deflection==3250" t="L2_CDD_==3250", ctx="{'L2_CDD_': 0.0}"
16:27:51 -- ******* Post Run Check Passed *******
16:27:51 -- Automated run 65809-01Z success duration: 1103.579 s
----------------- finish -----------------
----------------- stop -----------------
retroactive repository identifiers disabled
finish run. runs completed=28
update duration runid=65809-01Z, duration=1103.57859182, md5=3d7815bf
write rem/ex queues
/Users/obama/PychronDev/experiments/rem/CurrentExperiment.rem.txt
/Users/obama/PychronDev/experiments/rem/CurrentExperiment.ex.txt
doing event level: 3
add run
